[0.140s] Invoking command in '/home/kireiji/RoboticsDev_ws/build/turtle_bringup': CMAKE_PREFIX_PATH=${CMAKE_PREFIX_PATH}:/home/kireiji/RoboticsDev_ws/install/launch_testing_examples:/home/kireiji/RoboticsDev_ws/install/examples_rclpy_pointcloud_publisher:/home/kireiji/RoboticsDev_ws/install/examples_rclpy_minimal_subscriber:/home/kireiji/RoboticsDev_ws/install/examples_rclpy_minimal_service:/home/kireiji/RoboticsDev_ws/install/examples_rclpy_minimal_publisher:/home/kireiji/RoboticsDev_ws/install/examples_rclpy_minimal_client:/home/kireiji/RoboticsDev_ws/install/examples_rclpy_minimal_action_server:/home/kireiji/RoboticsDev_ws/install/examples_rclpy_minimal_action_client:/home/kireiji/RoboticsDev_ws/install/examples_rclpy_guard_conditions:/home/kireiji/RoboticsDev_ws/install/examples_rclpy_executors:/home/kireiji/ros2_ws/install/my_py_pkg:/opt/ros/humble /usr/bin/cmake /home/kireiji/RoboticsDev_ws/src/turtle_bringup -DCMAKE_INSTALL_PREFIX=/home/kireiji/RoboticsDev_ws/install/turtle_bringup
[1.088s] -- The C compiler identification is GNU 11.4.0
[1.088s] -- The CXX compiler identification is GNU 11.4.0
[1.088s] -- Detecting C compiler ABI info
[1.088s] -- Detecting C compiler ABI info - done
[1.088s] -- Check for working C compiler: /usr/bin/cc - skipped
[1.088s] -- Detecting C compile features
[1.088s] -- Detecting C compile features - done
[1.088s] -- Detecting CXX compiler ABI info
[1.420s] -- Detecting CXX compiler ABI info - done
[1.443s] -- Check for working CXX compiler: /usr/bin/c++ - skipped
[1.444s] -- Detecting CXX compile features
[1.446s] -- Detecting CXX compile features - done
[1.466s] -- Found ament_cmake: 1.3.10 (/opt/ros/humble/share/ament_cmake/cmake)
[3.511s] -- Found Python3: /usr/local/bin/python3 (found version "3.10.0") found components: Interpreter 
[3.804s] -- Found rclcpp: 16.0.10 (/opt/ros/humble/share/rclcpp/cmake)
[4.069s] -- Found rosidl_generator_c: 3.1.5 (/opt/ros/humble/share/rosidl_generator_c/cmake)
[4.099s] -- Found rosidl_adapter: 3.1.5 (/opt/ros/humble/share/rosidl_adapter/cmake)
[4.151s] -- Found rosidl_generator_cpp: 3.1.5 (/opt/ros/humble/share/rosidl_generator_cpp/cmake)
[4.223s] -- Using all available rosidl_typesupport_c: rosidl_typesupport_fastrtps_c;rosidl_typesupport_introspection_c
[4.324s] -- Using all available rosidl_typesupport_cpp: rosidl_typesupport_fastrtps_cpp;rosidl_typesupport_introspection_cpp
[4.526s] -- Found rmw_implementation_cmake: 6.1.2 (/opt/ros/humble/share/rmw_implementation_cmake/cmake)
[4.545s] -- Found rmw_fastrtps_cpp: 6.2.7 (/opt/ros/humble/share/rmw_fastrtps_cpp/cmake)
[4.814s] -- Found OpenSSL: /usr/lib/x86_64-linux-gnu/libcrypto.so (found version "3.0.2")  
[4.970s] -- Found FastRTPS: /opt/ros/humble/include  
[5.181s] -- Using RMW implementation 'rmw_fastrtps_cpp' as default
[5.211s] -- Looking for pthread.h
[5.547s] -- Looking for pthread.h - found
[5.550s] -- Performing Test CMAKE_HAVE_LIBC_PTHREAD
[5.937s] -- Performing Test CMAKE_HAVE_LIBC_PTHREAD - Success
[5.938s] -- Found Threads: TRUE  
[6.153s] -- Found rclpy: 3.3.14 (/opt/ros/humble/share/rclpy/cmake)
[6.855s] -- Configuring done
[6.878s] -- Generating done
[6.881s] -- Build files have been written to: /home/kireiji/RoboticsDev_ws/build/turtle_bringup
[6.995s] Invoked command in '/home/kireiji/RoboticsDev_ws/build/turtle_bringup' returned '0': CMAKE_PREFIX_PATH=${CMAKE_PREFIX_PATH}:/home/kireiji/RoboticsDev_ws/install/launch_testing_examples:/home/kireiji/RoboticsDev_ws/install/examples_rclpy_pointcloud_publisher:/home/kireiji/RoboticsDev_ws/install/examples_rclpy_minimal_subscriber:/home/kireiji/RoboticsDev_ws/install/examples_rclpy_minimal_service:/home/kireiji/RoboticsDev_ws/install/examples_rclpy_minimal_publisher:/home/kireiji/RoboticsDev_ws/install/examples_rclpy_minimal_client:/home/kireiji/RoboticsDev_ws/install/examples_rclpy_minimal_action_server:/home/kireiji/RoboticsDev_ws/install/examples_rclpy_minimal_action_client:/home/kireiji/RoboticsDev_ws/install/examples_rclpy_guard_conditions:/home/kireiji/RoboticsDev_ws/install/examples_rclpy_executors:/home/kireiji/ros2_ws/install/my_py_pkg:/opt/ros/humble /usr/bin/cmake /home/kireiji/RoboticsDev_ws/src/turtle_bringup -DCMAKE_INSTALL_PREFIX=/home/kireiji/RoboticsDev_ws/install/turtle_bringup
[6.997s] Invoking command in '/home/kireiji/RoboticsDev_ws/build/turtle_bringup': CMAKE_PREFIX_PATH=${CMAKE_PREFIX_PATH}:/home/kireiji/RoboticsDev_ws/install/launch_testing_examples:/home/kireiji/RoboticsDev_ws/install/examples_rclpy_pointcloud_publisher:/home/kireiji/RoboticsDev_ws/install/examples_rclpy_minimal_subscriber:/home/kireiji/RoboticsDev_ws/install/examples_rclpy_minimal_service:/home/kireiji/RoboticsDev_ws/install/examples_rclpy_minimal_publisher:/home/kireiji/RoboticsDev_ws/install/examples_rclpy_minimal_client:/home/kireiji/RoboticsDev_ws/install/examples_rclpy_minimal_action_server:/home/kireiji/RoboticsDev_ws/install/examples_rclpy_minimal_action_client:/home/kireiji/RoboticsDev_ws/install/examples_rclpy_guard_conditions:/home/kireiji/RoboticsDev_ws/install/examples_rclpy_executors:/home/kireiji/ros2_ws/install/my_py_pkg:/opt/ros/humble /usr/bin/cmake --build /home/kireiji/RoboticsDev_ws/build/turtle_bringup -- -j16 -l16
[7.291s] [  0%] Built target ament_cmake_python_copy_turtle_bringup
[7.319s] [ 50%] [32mBuilding CXX object CMakeFiles/cpp_node_test.dir/src/cpp_node.cpp.o[0m
[7.871s] [100%] [32m[1mLinking CXX executable cpp_node_test[0m
[8.752s] [100%] Built target cpp_node_test
[9.642s] running egg_info
[9.647s] creating turtle_bringup.egg-info
[9.648s] writing manifest file 'turtle_bringup.egg-info/SOURCES.txt'
[9.670s] writing manifest file 'turtle_bringup.egg-info/SOURCES.txt'
[9.951s] [100%] Built target ament_cmake_python_build_turtle_bringup_egg
[10.030s] Invoked command in '/home/kireiji/RoboticsDev_ws/build/turtle_bringup' returned '0': CMAKE_PREFIX_PATH=${CMAKE_PREFIX_PATH}:/home/kireiji/RoboticsDev_ws/install/launch_testing_examples:/home/kireiji/RoboticsDev_ws/install/examples_rclpy_pointcloud_publisher:/home/kireiji/RoboticsDev_ws/install/examples_rclpy_minimal_subscriber:/home/kireiji/RoboticsDev_ws/install/examples_rclpy_minimal_service:/home/kireiji/RoboticsDev_ws/install/examples_rclpy_minimal_publisher:/home/kireiji/RoboticsDev_ws/install/examples_rclpy_minimal_client:/home/kireiji/RoboticsDev_ws/install/examples_rclpy_minimal_action_server:/home/kireiji/RoboticsDev_ws/install/examples_rclpy_minimal_action_client:/home/kireiji/RoboticsDev_ws/install/examples_rclpy_guard_conditions:/home/kireiji/RoboticsDev_ws/install/examples_rclpy_executors:/home/kireiji/ros2_ws/install/my_py_pkg:/opt/ros/humble /usr/bin/cmake --build /home/kireiji/RoboticsDev_ws/build/turtle_bringup -- -j16 -l16
[10.149s] Invoking command in '/home/kireiji/RoboticsDev_ws/build/turtle_bringup': CMAKE_PREFIX_PATH=${CMAKE_PREFIX_PATH}:/home/kireiji/RoboticsDev_ws/install/launch_testing_examples:/home/kireiji/RoboticsDev_ws/install/examples_rclpy_pointcloud_publisher:/home/kireiji/RoboticsDev_ws/install/examples_rclpy_minimal_subscriber:/home/kireiji/RoboticsDev_ws/install/examples_rclpy_minimal_service:/home/kireiji/RoboticsDev_ws/install/examples_rclpy_minimal_publisher:/home/kireiji/RoboticsDev_ws/install/examples_rclpy_minimal_client:/home/kireiji/RoboticsDev_ws/install/examples_rclpy_minimal_action_server:/home/kireiji/RoboticsDev_ws/install/examples_rclpy_minimal_action_client:/home/kireiji/RoboticsDev_ws/install/examples_rclpy_guard_conditions:/home/kireiji/RoboticsDev_ws/install/examples_rclpy_executors:/home/kireiji/ros2_ws/install/my_py_pkg:/opt/ros/humble /usr/bin/cmake --install /home/kireiji/RoboticsDev_ws/build/turtle_bringup
[10.185s] -- Install configuration: ""
[10.186s] -- Installing: /home/kireiji/RoboticsDev_ws/install/turtle_bringup/share/turtle_bringup/environment/pythonpath.sh
[10.186s] -- Installing: /home/kireiji/RoboticsDev_ws/install/turtle_bringup/share/turtle_bringup/environment/pythonpath.dsv
[10.186s] -- Installing: /home/kireiji/RoboticsDev_ws/install/turtle_bringup/lib/python3.10/site-packages/turtle_bringup-0.0.0-py3.10.egg-info
[10.186s] -- Installing: /home/kireiji/RoboticsDev_ws/install/turtle_bringup/lib/python3.10/site-packages/turtle_bringup-0.0.0-py3.10.egg-info/PKG-INFO
[10.186s] -- Installing: /home/kireiji/RoboticsDev_ws/install/turtle_bringup/lib/python3.10/site-packages/turtle_bringup-0.0.0-py3.10.egg-info/dependency_links.txt
[10.186s] -- Installing: /home/kireiji/RoboticsDev_ws/install/turtle_bringup/lib/python3.10/site-packages/turtle_bringup-0.0.0-py3.10.egg-info/top_level.txt
[10.186s] -- Installing: /home/kireiji/RoboticsDev_ws/install/turtle_bringup/lib/python3.10/site-packages/turtle_bringup-0.0.0-py3.10.egg-info/SOURCES.txt
[10.190s] -- Installing: /home/kireiji/RoboticsDev_ws/install/turtle_bringup/lib/python3.10/site-packages/turtle_bringup
[10.194s] -- Installing: /home/kireiji/RoboticsDev_ws/install/turtle_bringup/lib/python3.10/site-packages/turtle_bringup/__init__.py
[10.194s] -- Installing: /home/kireiji/RoboticsDev_ws/install/turtle_bringup/lib/python3.10/site-packages/turtle_bringup/dummy_module.py
[10.299s] Listing '/home/kireiji/RoboticsDev_ws/install/turtle_bringup/lib/python3.10/site-packages/turtle_bringup'...
[10.299s] Compiling '/home/kireiji/RoboticsDev_ws/install/turtle_bringup/lib/python3.10/site-packages/turtle_bringup/__init__.py'...
[10.299s] Compiling '/home/kireiji/RoboticsDev_ws/install/turtle_bringup/lib/python3.10/site-packages/turtle_bringup/dummy_module.py'...
[10.309s] -- Installing: /home/kireiji/RoboticsDev_ws/install/turtle_bringup/lib/turtle_bringup/dummy_script.py
[10.310s] -- Installing: /home/kireiji/RoboticsDev_ws/install/turtle_bringup/lib/turtle_bringup/controller.py
[10.310s] -- Installing: /home/kireiji/RoboticsDev_ws/install/turtle_bringup/lib/turtle_bringup/crazy_turtle.py
[10.310s] -- Installing: /home/kireiji/RoboticsDev_ws/install/turtle_bringup/lib/turtle_bringup/crazy_pizza.py
[10.310s] -- Installing: /home/kireiji/RoboticsDev_ws/install/turtle_bringup/lib/turtle_bringup/odom_publisher.py
[10.310s] -- Installing: /home/kireiji/RoboticsDev_ws/install/turtle_bringup/lib/turtle_bringup/cpp_node_test
[10.310s] -- Set runtime path of "/home/kireiji/RoboticsDev_ws/install/turtle_bringup/lib/turtle_bringup/cpp_node_test" to ""
[10.310s] -- Installing: /home/kireiji/RoboticsDev_ws/install/turtle_bringup/share/turtle_bringup/launch
[10.310s] -- Installing: /home/kireiji/RoboticsDev_ws/install/turtle_bringup/share/turtle_bringup/launch/turtle_bringup.launch.py
[10.310s] -- Installing: /home/kireiji/RoboticsDev_ws/install/turtle_bringup/share/turtle_bringup/launch/lecture2.launch.py
[10.310s] -- Installing: /home/kireiji/RoboticsDev_ws/install/turtle_bringup/share/turtle_bringup/rviz
[10.310s] -- Installing: /home/kireiji/RoboticsDev_ws/install/turtle_bringup/share/turtle_bringup/rviz/fun2.rviz
[10.311s] -- Installing: /home/kireiji/RoboticsDev_ws/install/turtle_bringup/share/ament_index/resource_index/package_run_dependencies/turtle_bringup
[10.311s] -- Installing: /home/kireiji/RoboticsDev_ws/install/turtle_bringup/share/ament_index/resource_index/parent_prefix_path/turtle_bringup
[10.311s] -- Installing: /home/kireiji/RoboticsDev_ws/install/turtle_bringup/share/turtle_bringup/environment/ament_prefix_path.sh
[10.311s] -- Installing: /home/kireiji/RoboticsDev_ws/install/turtle_bringup/share/turtle_bringup/environment/ament_prefix_path.dsv
[10.312s] -- Installing: /home/kireiji/RoboticsDev_ws/install/turtle_bringup/share/turtle_bringup/environment/path.sh
[10.315s] -- Installing: /home/kireiji/RoboticsDev_ws/install/turtle_bringup/share/turtle_bringup/environment/path.dsv
[10.315s] -- Installing: /home/kireiji/RoboticsDev_ws/install/turtle_bringup/share/turtle_bringup/local_setup.bash
[10.315s] -- Installing: /home/kireiji/RoboticsDev_ws/install/turtle_bringup/share/turtle_bringup/local_setup.sh
[10.315s] -- Installing: /home/kireiji/RoboticsDev_ws/install/turtle_bringup/share/turtle_bringup/local_setup.zsh
[10.315s] -- Installing: /home/kireiji/RoboticsDev_ws/install/turtle_bringup/share/turtle_bringup/local_setup.dsv
[10.315s] -- Installing: /home/kireiji/RoboticsDev_ws/install/turtle_bringup/share/turtle_bringup/package.dsv
[10.315s] -- Installing: /home/kireiji/RoboticsDev_ws/install/turtle_bringup/share/ament_index/resource_index/packages/turtle_bringup
[10.315s] -- Installing: /home/kireiji/RoboticsDev_ws/install/turtle_bringup/share/turtle_bringup/cmake/turtle_bringupConfig.cmake
[10.315s] -- Installing: /home/kireiji/RoboticsDev_ws/install/turtle_bringup/share/turtle_bringup/cmake/turtle_bringupConfig-version.cmake
[10.315s] -- Installing: /home/kireiji/RoboticsDev_ws/install/turtle_bringup/share/turtle_bringup/package.xml
[10.321s] Invoked command in '/home/kireiji/RoboticsDev_ws/build/turtle_bringup' returned '0': CMAKE_PREFIX_PATH=${CMAKE_PREFIX_PATH}:/home/kireiji/RoboticsDev_ws/install/launch_testing_examples:/home/kireiji/RoboticsDev_ws/install/examples_rclpy_pointcloud_publisher:/home/kireiji/RoboticsDev_ws/install/examples_rclpy_minimal_subscriber:/home/kireiji/RoboticsDev_ws/install/examples_rclpy_minimal_service:/home/kireiji/RoboticsDev_ws/install/examples_rclpy_minimal_publisher:/home/kireiji/RoboticsDev_ws/install/examples_rclpy_minimal_client:/home/kireiji/RoboticsDev_ws/install/examples_rclpy_minimal_action_server:/home/kireiji/RoboticsDev_ws/install/examples_rclpy_minimal_action_client:/home/kireiji/RoboticsDev_ws/install/examples_rclpy_guard_conditions:/home/kireiji/RoboticsDev_ws/install/examples_rclpy_executors:/home/kireiji/ros2_ws/install/my_py_pkg:/opt/ros/humble /usr/bin/cmake --install /home/kireiji/RoboticsDev_ws/build/turtle_bringup
