[2.184s] Invoking command in '/home/kireiji/RoboticsDev_ws/src/examples/rclpy/guard_conditions': PYTHONPATH=/home/kireiji/RoboticsDev_ws/build/examples_rclpy_guard_conditions/prefix_override:/usr/lib/python3/dist-packages/colcon_core/task/python/colcon_distutils_commands:/home/kireiji/RoboticsDev_ws/install/examples_rclpy_guard_conditions/lib/python3.10/site-packages:${PYTHONPATH} /usr/bin/python3 -W ignore:setup.py install is deprecated setup.py egg_info --egg-base ../../../../build/examples_rclpy_guard_conditions build --build-base /home/kireiji/RoboticsDev_ws/build/examples_rclpy_guard_conditions/build install --record /home/kireiji/RoboticsDev_ws/build/examples_rclpy_guard_conditions/install.log --single-version-externally-managed install_data
[2.513s] running egg_info
[2.513s] writing ../../../../build/examples_rclpy_guard_conditions/examples_rclpy_guard_conditions.egg-info/PKG-INFO
[2.513s] writing dependency_links to ../../../../build/examples_rclpy_guard_conditions/examples_rclpy_guard_conditions.egg-info/dependency_links.txt
[2.514s] writing entry points to ../../../../build/examples_rclpy_guard_conditions/examples_rclpy_guard_conditions.egg-info/entry_points.txt
[2.515s] writing requirements to ../../../../build/examples_rclpy_guard_conditions/examples_rclpy_guard_conditions.egg-info/requires.txt
[2.515s] writing top-level names to ../../../../build/examples_rclpy_guard_conditions/examples_rclpy_guard_conditions.egg-info/top_level.txt
[2.518s] reading manifest file '../../../../build/examples_rclpy_guard_conditions/examples_rclpy_guard_conditions.egg-info/SOURCES.txt'
[2.518s] writing manifest file '../../../../build/examples_rclpy_guard_conditions/examples_rclpy_guard_conditions.egg-info/SOURCES.txt'
[2.518s] running build
[2.518s] running build_py
[2.521s] running install
[2.521s] running install_lib
[2.521s] running install_data
[2.522s] running install_egg_info
[2.524s] removing '/home/kireiji/RoboticsDev_ws/install/examples_rclpy_guard_conditions/lib/python3.10/site-packages/examples_rclpy_guard_conditions-0.15.2-py3.10.egg-info' (and everything under it)
[2.525s] Copying ../../../../build/examples_rclpy_guard_conditions/examples_rclpy_guard_conditions.egg-info to /home/kireiji/RoboticsDev_ws/install/examples_rclpy_guard_conditions/lib/python3.10/site-packages/examples_rclpy_guard_conditions-0.15.2-py3.10.egg-info
[2.527s] running install_scripts
[2.555s] Installing trigger_guard_condition script to /home/kireiji/RoboticsDev_ws/install/examples_rclpy_guard_conditions/lib/examples_rclpy_guard_conditions
[2.556s] writing list of installed files to '/home/kireiji/RoboticsDev_ws/build/examples_rclpy_guard_conditions/install.log'
[2.608s] Invoked command in '/home/kireiji/RoboticsDev_ws/src/examples/rclpy/guard_conditions' returned '0': PYTHONPATH=/home/kireiji/RoboticsDev_ws/build/examples_rclpy_guard_conditions/prefix_override:/usr/lib/python3/dist-packages/colcon_core/task/python/colcon_distutils_commands:/home/kireiji/RoboticsDev_ws/install/examples_rclpy_guard_conditions/lib/python3.10/site-packages:${PYTHONPATH} /usr/bin/python3 -W ignore:setup.py install is deprecated setup.py egg_info --egg-base ../../../../build/examples_rclpy_guard_conditions build --build-base /home/kireiji/RoboticsDev_ws/build/examples_rclpy_guard_conditions/build install --record /home/kireiji/RoboticsDev_ws/build/examples_rclpy_guard_conditions/install.log --single-version-externally-managed install_data
