[5.854s] Invoking command in '/home/kireiji/RoboticsDev_ws/src/examples/rclpy/topics/pointcloud_publisher': PYTHONPATH=/home/kireiji/RoboticsDev_ws/build/examples_rclpy_pointcloud_publisher/prefix_override:/usr/lib/python3/dist-packages/colcon_core/task/python/colcon_distutils_commands:/home/kireiji/RoboticsDev_ws/install/examples_rclpy_pointcloud_publisher/lib/python3.10/site-packages:${PYTHONPATH} /usr/bin/python3 -W ignore:setup.py install is deprecated setup.py egg_info --egg-base ../../../../../build/examples_rclpy_pointcloud_publisher build --build-base /home/kireiji/RoboticsDev_ws/build/examples_rclpy_pointcloud_publisher/build install --record /home/kireiji/RoboticsDev_ws/build/examples_rclpy_pointcloud_publisher/install.log --single-version-externally-managed install_data
[7.503s] running egg_info
[7.503s] creating ../../../../../build/examples_rclpy_pointcloud_publisher/examples_rclpy_pointcloud_publisher.egg-info
[7.503s] writing ../../../../../build/examples_rclpy_pointcloud_publisher/examples_rclpy_pointcloud_publisher.egg-info/PKG-INFO
[7.503s] writing dependency_links to ../../../../../build/examples_rclpy_pointcloud_publisher/examples_rclpy_pointcloud_publisher.egg-info/dependency_links.txt
[7.504s] writing entry points to ../../../../../build/examples_rclpy_pointcloud_publisher/examples_rclpy_pointcloud_publisher.egg-info/entry_points.txt
[7.504s] writing requirements to ../../../../../build/examples_rclpy_pointcloud_publisher/examples_rclpy_pointcloud_publisher.egg-info/requires.txt
[7.504s] writing top-level names to ../../../../../build/examples_rclpy_pointcloud_publisher/examples_rclpy_pointcloud_publisher.egg-info/top_level.txt
[7.504s] writing manifest file '../../../../../build/examples_rclpy_pointcloud_publisher/examples_rclpy_pointcloud_publisher.egg-info/SOURCES.txt'
[7.504s] reading manifest file '../../../../../build/examples_rclpy_pointcloud_publisher/examples_rclpy_pointcloud_publisher.egg-info/SOURCES.txt'
[7.504s] writing manifest file '../../../../../build/examples_rclpy_pointcloud_publisher/examples_rclpy_pointcloud_publisher.egg-info/SOURCES.txt'
[7.504s] running build
[7.504s] running build_py
[7.504s] creating /home/kireiji/RoboticsDev_ws/build/examples_rclpy_pointcloud_publisher/build
[7.504s] creating /home/kireiji/RoboticsDev_ws/build/examples_rclpy_pointcloud_publisher/build/lib
[7.504s] creating /home/kireiji/RoboticsDev_ws/build/examples_rclpy_pointcloud_publisher/build/lib/examples_rclpy_pointcloud_publisher
[7.504s] copying examples_rclpy_pointcloud_publisher/__init__.py -> /home/kireiji/RoboticsDev_ws/build/examples_rclpy_pointcloud_publisher/build/lib/examples_rclpy_pointcloud_publisher
[7.504s] copying examples_rclpy_pointcloud_publisher/pointcloud_publisher.py -> /home/kireiji/RoboticsDev_ws/build/examples_rclpy_pointcloud_publisher/build/lib/examples_rclpy_pointcloud_publisher
[7.504s] running install
[7.504s] running install_lib
[7.505s] creating /home/kireiji/RoboticsDev_ws/install/examples_rclpy_pointcloud_publisher/lib/python3.10/site-packages/examples_rclpy_pointcloud_publisher
[7.505s] copying /home/kireiji/RoboticsDev_ws/build/examples_rclpy_pointcloud_publisher/build/lib/examples_rclpy_pointcloud_publisher/__init__.py -> /home/kireiji/RoboticsDev_ws/install/examples_rclpy_pointcloud_publisher/lib/python3.10/site-packages/examples_rclpy_pointcloud_publisher
[7.505s] copying /home/kireiji/RoboticsDev_ws/build/examples_rclpy_pointcloud_publisher/build/lib/examples_rclpy_pointcloud_publisher/pointcloud_publisher.py -> /home/kireiji/RoboticsDev_ws/install/examples_rclpy_pointcloud_publisher/lib/python3.10/site-packages/examples_rclpy_pointcloud_publisher
[7.505s] byte-compiling /home/kireiji/RoboticsDev_ws/install/examples_rclpy_pointcloud_publisher/lib/python3.10/site-packages/examples_rclpy_pointcloud_publisher/__init__.py to __init__.cpython-310.pyc
[7.505s] byte-compiling /home/kireiji/RoboticsDev_ws/install/examples_rclpy_pointcloud_publisher/lib/python3.10/site-packages/examples_rclpy_pointcloud_publisher/pointcloud_publisher.py to pointcloud_publisher.cpython-310.pyc
[7.505s] running install_data
[7.505s] creating /home/kireiji/RoboticsDev_ws/install/examples_rclpy_pointcloud_publisher/share/ament_index
[7.505s] creating /home/kireiji/RoboticsDev_ws/install/examples_rclpy_pointcloud_publisher/share/ament_index/resource_index
[7.512s] creating /home/kireiji/RoboticsDev_ws/install/examples_rclpy_pointcloud_publisher/share/ament_index/resource_index/packages
[7.512s] copying resource/examples_rclpy_pointcloud_publisher -> /home/kireiji/RoboticsDev_ws/install/examples_rclpy_pointcloud_publisher/share/ament_index/resource_index/packages
[7.512s] copying package.xml -> /home/kireiji/RoboticsDev_ws/install/examples_rclpy_pointcloud_publisher/share/examples_rclpy_pointcloud_publisher
[7.512s] running install_egg_info
[7.522s] Copying ../../../../../build/examples_rclpy_pointcloud_publisher/examples_rclpy_pointcloud_publisher.egg-info to /home/kireiji/RoboticsDev_ws/install/examples_rclpy_pointcloud_publisher/lib/python3.10/site-packages/examples_rclpy_pointcloud_publisher-0.15.2-py3.10.egg-info
[7.522s] running install_scripts
[7.523s] Installing pointcloud_publisher script to /home/kireiji/RoboticsDev_ws/install/examples_rclpy_pointcloud_publisher/lib/examples_rclpy_pointcloud_publisher
[7.523s] writing list of installed files to '/home/kireiji/RoboticsDev_ws/build/examples_rclpy_pointcloud_publisher/install.log'
[7.656s] Invoked command in '/home/kireiji/RoboticsDev_ws/src/examples/rclpy/topics/pointcloud_publisher' returned '0': PYTHONPATH=/home/kireiji/RoboticsDev_ws/build/examples_rclpy_pointcloud_publisher/prefix_override:/usr/lib/python3/dist-packages/colcon_core/task/python/colcon_distutils_commands:/home/kireiji/RoboticsDev_ws/install/examples_rclpy_pointcloud_publisher/lib/python3.10/site-packages:${PYTHONPATH} /usr/bin/python3 -W ignore:setup.py install is deprecated setup.py egg_info --egg-base ../../../../../build/examples_rclpy_pointcloud_publisher build --build-base /home/kireiji/RoboticsDev_ws/build/examples_rclpy_pointcloud_publisher/build install --record /home/kireiji/RoboticsDev_ws/build/examples_rclpy_pointcloud_publisher/install.log --single-version-externally-managed install_data
