-- The C compiler identification is GNU 11.4.0
-- The CXX compiler identification is GNU 11.4.0
-- Detecting C compiler ABI info
-- Detecting C compiler ABI info - done
-- Check for working C compiler: /usr/bin/cc - skipped
-- Detecting C compile features
-- Detecting C compile features - done
-- Detecting CXX compiler ABI info
-- Detecting CXX compiler ABI info - done
-- Check for working CXX compiler: /usr/bin/c++ - skipped
-- Detecting CXX compile features
-- Detecting CXX compile features - done
-- Found ament_cmake: 1.3.10 (/opt/ros/humble/share/ament_cmake/cmake)
-- Found Python3: /usr/local/bin/python3 (found version "3.10.0") found components: Interpreter 
-- Found rosidl_default_generators: 1.2.0 (/opt/ros/humble/share/rosidl_default_generators/cmake)
-- Using all available rosidl_typesupport_c: rosidl_typesupport_fastrtps_c;rosidl_typesupport_introspection_c
-- Found rosidl_adapter: 3.1.5 (/opt/ros/humble/share/rosidl_adapter/cmake)
-- Using all available rosidl_typesupport_cpp: rosidl_typesupport_fastrtps_cpp;rosidl_typesupport_introspection_cpp
-- Found ament_cmake_ros: 0.10.0 (/opt/ros/humble/share/ament_cmake_ros/cmake)
-- Using all available rosidl_typesupport_c: rosidl_typesupport_fastrtps_c;rosidl_typesupport_introspection_c
-- Using all available rosidl_typesupport_cpp: rosidl_typesupport_fastrtps_cpp;rosidl_typesupport_introspection_cpp
-- Found PythonInterp: /usr/local/bin/python3 (found suitable version "3.10", minimum required is "3.6") 
-- Found python_cmake_module: 0.10.0 (/opt/ros/humble/share/python_cmake_module/cmake)
-- Found PythonLibs: /usr/local/lib/libpython3.10.a (found suitable version "3.10.0", minimum required is "3.5") 
-- Using PYTHON_EXECUTABLE: /usr/local/bin/python3
-- Using PYTHON_INCLUDE_DIRS: /usr/local/include/python3.10
-- Using PYTHON_LIBRARIES: /usr/local/lib/libpython3.10.a
-- Found PythonExtra: .so  
-- Using numpy include directory: /home/kireiji/.local/lib/python3.10/site-packages/numpy/_core/include
-- Found ament_lint_auto: 0.12.11 (/opt/ros/humble/share/ament_lint_auto/cmake)
-- Added test 'lint_cmake' to check CMake code style
-- Added test 'xmllint' to check XML markup files
-- Configuring done
-- Generating done
-- Build files have been written to: /home/kireiji/RoboticsDev_ws/build/motorsim_interfaces
[  3%] [34m[1mGenerating C code for ROS interfaces[0m
[  6%] [34m[1mGenerating C++ code for ROS interfaces[0m
[  6%] Built target ament_cmake_python_copy_motorsim_interfaces
running egg_info
creating motorsim_interfaces.egg-info
writing manifest file 'motorsim_interfaces.egg-info/SOURCES.txt'
writing manifest file 'motorsim_interfaces.egg-info/SOURCES.txt'
[  6%] Built target ament_cmake_python_build_motorsim_interfaces_egg
[  6%] Built target motorsim_interfaces__cpp
[ 16%] [34m[1mGenerating C++ introspection for ROS interfaces[0m
[ 16%] [34m[1mGenerating C++ type support for eProsima Fast-RTPS[0m
[ 16%] [34m[1mGenerating C++ type support dispatch for ROS interfaces[0m
[ 19%] [32mBuilding C object CMakeFiles/motorsim_interfaces__rosidl_generator_c.dir/rosidl_generator_c/motorsim_interfaces/srv/detail/motor_spawn__functions.c.o[0m
[ 22%] [32m[1mLinking C shared library libmotorsim_interfaces__rosidl_generator_c.so[0m
[ 22%] Built target motorsim_interfaces__rosidl_generator_c
[ 32%] [34m[1mGenerating C type support dispatch for ROS interfaces[0m
[ 32%] [34m[1mGenerating C introspection for ROS interfaces[0m
[ 32%] [34m[1mGenerating C type support for eProsima Fast-RTPS[0m
[ 35%] [32mBuilding CXX object CMakeFiles/motorsim_interfaces__rosidl_typesupport_cpp.dir/rosidl_typesupport_cpp/motorsim_interfaces/srv/motor_spawn__type_support.cpp.o[0m
[ 38%] [32mBuilding CXX object CMakeFiles/motorsim_interfaces__rosidl_typesupport_introspection_cpp.dir/rosidl_typesupport_introspection_cpp/motorsim_interfaces/srv/detail/motor_spawn__type_support.cpp.o[0m
[ 41%] [32mBuilding CXX object CMakeFiles/motorsim_interfaces__rosidl_typesupport_fastrtps_cpp.dir/rosidl_typesupport_fastrtps_cpp/motorsim_interfaces/srv/detail/dds_fastrtps/motor_spawn__type_support.cpp.o[0m
[ 45%] [32mBuilding CXX object CMakeFiles/motorsim_interfaces__rosidl_typesupport_c.dir/rosidl_typesupport_c/motorsim_interfaces/srv/motor_spawn__type_support.cpp.o[0m
[ 48%] [32m[1mLinking CXX shared library libmotorsim_interfaces__rosidl_typesupport_c.so[0m
[ 51%] [32mBuilding C object CMakeFiles/motorsim_interfaces__rosidl_typesupport_introspection_c.dir/rosidl_typesupport_introspection_c/motorsim_interfaces/srv/detail/motor_spawn__type_support.c.o[0m
[ 54%] [32mBuilding CXX object CMakeFiles/motorsim_interfaces__rosidl_typesupport_fastrtps_c.dir/rosidl_typesupport_fastrtps_c/motorsim_interfaces/srv/detail/motor_spawn__type_support_c.cpp.o[0m
[ 58%] [32m[1mLinking C shared library libmotorsim_interfaces__rosidl_typesupport_introspection_c.so[0m
[ 58%] Built target motorsim_interfaces__rosidl_typesupport_c
[ 58%] Built target motorsim_interfaces__rosidl_typesupport_introspection_c
[ 61%] [32m[1mLinking CXX shared library libmotorsim_interfaces__rosidl_typesupport_cpp.so[0m
[ 61%] Built target motorsim_interfaces__rosidl_typesupport_cpp
[ 64%] [32m[1mLinking CXX shared library libmotorsim_interfaces__rosidl_typesupport_introspection_cpp.so[0m
[ 67%] [32m[1mLinking CXX shared library libmotorsim_interfaces__rosidl_typesupport_fastrtps_cpp.so[0m
[ 67%] Built target motorsim_interfaces__rosidl_typesupport_introspection_cpp
[ 70%] [32m[1mLinking CXX shared library libmotorsim_interfaces__rosidl_typesupport_fastrtps_c.so[0m
[ 70%] Built target motorsim_interfaces__rosidl_typesupport_fastrtps_cpp
[ 70%] Built target motorsim_interfaces__rosidl_typesupport_fastrtps_c
[ 70%] Built target motorsim_interfaces
[ 74%] [34m[1mGenerating Python code for ROS interfaces[0m
[ 74%] Built target motorsim_interfaces__py
[ 77%] [32mBuilding C object CMakeFiles/motorsim_interfaces__rosidl_generator_py.dir/rosidl_generator_py/motorsim_interfaces/srv/_motor_spawn_s.c.o[0m
[ 80%] [32m[1mLinking C shared library rosidl_generator_py/motorsim_interfaces/libmotorsim_interfaces__rosidl_generator_py.so[0m
[ 80%] Built target motorsim_interfaces__rosidl_generator_py
[ 90%] [32mBuilding C object CMakeFiles/motorsim_interfaces__rosidl_typesupport_c__pyext.dir/rosidl_generator_py/motorsim_interfaces/_motorsim_interfaces_s.ep.rosidl_typesupport_c.c.o[0m
[ 90%] [32mBuilding C object CMakeFiles/motorsim_interfaces__rosidl_typesupport_fastrtps_c__pyext.dir/rosidl_generator_py/motorsim_interfaces/_motorsim_interfaces_s.ep.rosidl_typesupport_fastrtps_c.c.o[0m
[ 90%] [32mBuilding C object CMakeFiles/motorsim_interfaces__rosidl_typesupport_introspection_c__pyext.dir/rosidl_generator_py/motorsim_interfaces/_motorsim_interfaces_s.ep.rosidl_typesupport_introspection_c.c.o[0m
[100%] [32m[1mLinking C shared library rosidl_generator_py/motorsim_interfaces/motorsim_interfaces_s__rosidl_typesupport_c.cpython-310-x86_64-linux-gnu.so[0m
[100%] [32m[1mLinking C shared library rosidl_generator_py/motorsim_interfaces/motorsim_interfaces_s__rosidl_typesupport_introspection_c.cpython-310-x86_64-linux-gnu.so[0m
[100%] [32m[1mLinking C shared library rosidl_generator_py/motorsim_interfaces/motorsim_interfaces_s__rosidl_typesupport_fastrtps_c.cpython-310-x86_64-linux-gnu.so[0m
[100%] Built target motorsim_interfaces__rosidl_typesupport_c__pyext
[100%] Built target motorsim_interfaces__rosidl_typesupport_fastrtps_c__pyext
[100%] Built target motorsim_interfaces__rosidl_typesupport_introspection_c__pyext
-- Install configuration: ""
-- Installing: /home/kireiji/RoboticsDev_ws/install/motorsim_interfaces/share/ament_index/resource_index/rosidl_interfaces/motorsim_interfaces
-- Installing: /home/kireiji/RoboticsDev_ws/install/motorsim_interfaces/include/motorsim_interfaces/motorsim_interfaces
-- Installing: /home/kireiji/RoboticsDev_ws/install/motorsim_interfaces/include/motorsim_interfaces/motorsim_interfaces/msg
-- Installing: /home/kireiji/RoboticsDev_ws/install/motorsim_interfaces/include/motorsim_interfaces/motorsim_interfaces/msg/rosidl_generator_c__visibility_control.h
-- Installing: /home/kireiji/RoboticsDev_ws/install/motorsim_interfaces/include/motorsim_interfaces/motorsim_interfaces/srv
-- Installing: /home/kireiji/RoboticsDev_ws/install/motorsim_interfaces/include/motorsim_interfaces/motorsim_interfaces/srv/detail
-- Installing: /home/kireiji/RoboticsDev_ws/install/motorsim_interfaces/include/motorsim_interfaces/motorsim_interfaces/srv/detail/motor_spawn__functions.h
-- Installing: /home/kireiji/RoboticsDev_ws/install/motorsim_interfaces/include/motorsim_interfaces/motorsim_interfaces/srv/detail/motor_spawn__functions.c
-- Installing: /home/kireiji/RoboticsDev_ws/install/motorsim_interfaces/include/motorsim_interfaces/motorsim_interfaces/srv/detail/motor_spawn__struct.h
-- Installing: /home/kireiji/RoboticsDev_ws/install/motorsim_interfaces/include/motorsim_interfaces/motorsim_interfaces/srv/detail/motor_spawn__type_support.h
-- Installing: /home/kireiji/RoboticsDev_ws/install/motorsim_interfaces/include/motorsim_interfaces/motorsim_interfaces/srv/motor_spawn.h
-- Installing: /home/kireiji/RoboticsDev_ws/install/motorsim_interfaces/share/motorsim_interfaces/environment/library_path.sh
-- Installing: /home/kireiji/RoboticsDev_ws/install/motorsim_interfaces/share/motorsim_interfaces/environment/library_path.dsv
-- Installing: /home/kireiji/RoboticsDev_ws/install/motorsim_interfaces/lib/libmotorsim_interfaces__rosidl_generator_c.so
-- Set runtime path of "/home/kireiji/RoboticsDev_ws/install/motorsim_interfaces/lib/libmotorsim_interfaces__rosidl_generator_c.so" to ""
-- Up-to-date: /home/kireiji/RoboticsDev_ws/install/motorsim_interfaces/include/motorsim_interfaces/motorsim_interfaces
-- Up-to-date: /home/kireiji/RoboticsDev_ws/install/motorsim_interfaces/include/motorsim_interfaces/motorsim_interfaces/msg
-- Installing: /home/kireiji/RoboticsDev_ws/install/motorsim_interfaces/include/motorsim_interfaces/motorsim_interfaces/msg/rosidl_typesupport_fastrtps_c__visibility_control.h
-- Up-to-date: /home/kireiji/RoboticsDev_ws/install/motorsim_interfaces/include/motorsim_interfaces/motorsim_interfaces/srv
-- Up-to-date: /home/kireiji/RoboticsDev_ws/install/motorsim_interfaces/include/motorsim_interfaces/motorsim_interfaces/srv/detail
-- Installing: /home/kireiji/RoboticsDev_ws/install/motorsim_interfaces/include/motorsim_interfaces/motorsim_interfaces/srv/detail/motor_spawn__rosidl_typesupport_fastrtps_c.h
-- Installing: /home/kireiji/RoboticsDev_ws/install/motorsim_interfaces/lib/libmotorsim_interfaces__rosidl_typesupport_fastrtps_c.so
-- Set runtime path of "/home/kireiji/RoboticsDev_ws/install/motorsim_interfaces/lib/libmotorsim_interfaces__rosidl_typesupport_fastrtps_c.so" to ""
-- Up-to-date: /home/kireiji/RoboticsDev_ws/install/motorsim_interfaces/include/motorsim_interfaces/motorsim_interfaces
-- Up-to-date: /home/kireiji/RoboticsDev_ws/install/motorsim_interfaces/include/motorsim_interfaces/motorsim_interfaces/msg
-- Installing: /home/kireiji/RoboticsDev_ws/install/motorsim_interfaces/include/motorsim_interfaces/motorsim_interfaces/msg/rosidl_typesupport_introspection_c__visibility_control.h
-- Up-to-date: /home/kireiji/RoboticsDev_ws/install/motorsim_interfaces/include/motorsim_interfaces/motorsim_interfaces/srv
-- Up-to-date: /home/kireiji/RoboticsDev_ws/install/motorsim_interfaces/include/motorsim_interfaces/motorsim_interfaces/srv/detail
-- Installing: /home/kireiji/RoboticsDev_ws/install/motorsim_interfaces/include/motorsim_interfaces/motorsim_interfaces/srv/detail/motor_spawn__rosidl_typesupport_introspection_c.h
-- Installing: /home/kireiji/RoboticsDev_ws/install/motorsim_interfaces/include/motorsim_interfaces/motorsim_interfaces/srv/detail/motor_spawn__type_support.c
-- Installing: /home/kireiji/RoboticsDev_ws/install/motorsim_interfaces/lib/libmotorsim_interfaces__rosidl_typesupport_introspection_c.so
-- Set runtime path of "/home/kireiji/RoboticsDev_ws/install/motorsim_interfaces/lib/libmotorsim_interfaces__rosidl_typesupport_introspection_c.so" to ""
-- Installing: /home/kireiji/RoboticsDev_ws/install/motorsim_interfaces/lib/libmotorsim_interfaces__rosidl_typesupport_c.so
-- Set runtime path of "/home/kireiji/RoboticsDev_ws/install/motorsim_interfaces/lib/libmotorsim_interfaces__rosidl_typesupport_c.so" to ""
-- Up-to-date: /home/kireiji/RoboticsDev_ws/install/motorsim_interfaces/include/motorsim_interfaces/motorsim_interfaces
-- Up-to-date: /home/kireiji/RoboticsDev_ws/install/motorsim_interfaces/include/motorsim_interfaces/motorsim_interfaces/srv
-- Installing: /home/kireiji/RoboticsDev_ws/install/motorsim_interfaces/include/motorsim_interfaces/motorsim_interfaces/srv/motor_spawn.hpp
-- Up-to-date: /home/kireiji/RoboticsDev_ws/install/motorsim_interfaces/include/motorsim_interfaces/motorsim_interfaces/srv/detail
-- Installing: /home/kireiji/RoboticsDev_ws/install/motorsim_interfaces/include/motorsim_interfaces/motorsim_interfaces/srv/detail/motor_spawn__struct.hpp
-- Installing: /home/kireiji/RoboticsDev_ws/install/motorsim_interfaces/include/motorsim_interfaces/motorsim_interfaces/srv/detail/motor_spawn__builder.hpp
-- Installing: /home/kireiji/RoboticsDev_ws/install/motorsim_interfaces/include/motorsim_interfaces/motorsim_interfaces/srv/detail/motor_spawn__traits.hpp
-- Up-to-date: /home/kireiji/RoboticsDev_ws/install/motorsim_interfaces/include/motorsim_interfaces/motorsim_interfaces
-- Up-to-date: /home/kireiji/RoboticsDev_ws/install/motorsim_interfaces/include/motorsim_interfaces/motorsim_interfaces/msg
-- Installing: /home/kireiji/RoboticsDev_ws/install/motorsim_interfaces/include/motorsim_interfaces/motorsim_interfaces/msg/rosidl_typesupport_fastrtps_cpp__visibility_control.h
-- Up-to-date: /home/kireiji/RoboticsDev_ws/install/motorsim_interfaces/include/motorsim_interfaces/motorsim_interfaces/srv
-- Up-to-date: /home/kireiji/RoboticsDev_ws/install/motorsim_interfaces/include/motorsim_interfaces/motorsim_interfaces/srv/detail
-- Installing: /home/kireiji/RoboticsDev_ws/install/motorsim_interfaces/include/motorsim_interfaces/motorsim_interfaces/srv/detail/dds_fastrtps
-- Installing: /home/kireiji/RoboticsDev_ws/install/motorsim_interfaces/include/motorsim_interfaces/motorsim_interfaces/srv/detail/motor_spawn__rosidl_typesupport_fastrtps_cpp.hpp
-- Installing: /home/kireiji/RoboticsDev_ws/install/motorsim_interfaces/lib/libmotorsim_interfaces__rosidl_typesupport_fastrtps_cpp.so
-- Set runtime path of "/home/kireiji/RoboticsDev_ws/install/motorsim_interfaces/lib/libmotorsim_interfaces__rosidl_typesupport_fastrtps_cpp.so" to ""
-- Up-to-date: /home/kireiji/RoboticsDev_ws/install/motorsim_interfaces/include/motorsim_interfaces/motorsim_interfaces
-- Up-to-date: /home/kireiji/RoboticsDev_ws/install/motorsim_interfaces/include/motorsim_interfaces/motorsim_interfaces/srv
-- Up-to-date: /home/kireiji/RoboticsDev_ws/install/motorsim_interfaces/include/motorsim_interfaces/motorsim_interfaces/srv/detail
-- Installing: /home/kireiji/RoboticsDev_ws/install/motorsim_interfaces/include/motorsim_interfaces/motorsim_interfaces/srv/detail/motor_spawn__rosidl_typesupport_introspection_cpp.hpp
-- Installing: /home/kireiji/RoboticsDev_ws/install/motorsim_interfaces/include/motorsim_interfaces/motorsim_interfaces/srv/detail/motor_spawn__type_support.cpp
-- Installing: /home/kireiji/RoboticsDev_ws/install/motorsim_interfaces/lib/libmotorsim_interfaces__rosidl_typesupport_introspection_cpp.so
-- Set runtime path of "/home/kireiji/RoboticsDev_ws/install/motorsim_interfaces/lib/libmotorsim_interfaces__rosidl_typesupport_introspection_cpp.so" to ""
-- Installing: /home/kireiji/RoboticsDev_ws/install/motorsim_interfaces/lib/libmotorsim_interfaces__rosidl_typesupport_cpp.so
-- Set runtime path of "/home/kireiji/RoboticsDev_ws/install/motorsim_interfaces/lib/libmotorsim_interfaces__rosidl_typesupport_cpp.so" to ""
-- Installing: /home/kireiji/RoboticsDev_ws/install/motorsim_interfaces/share/motorsim_interfaces/environment/pythonpath.sh
-- Installing: /home/kireiji/RoboticsDev_ws/install/motorsim_interfaces/share/motorsim_interfaces/environment/pythonpath.dsv
-- Installing: /home/kireiji/RoboticsDev_ws/install/motorsim_interfaces/lib/python3.10/site-packages/motorsim_interfaces-0.0.0-py3.10.egg-info
-- Installing: /home/kireiji/RoboticsDev_ws/install/motorsim_interfaces/lib/python3.10/site-packages/motorsim_interfaces-0.0.0-py3.10.egg-info/PKG-INFO
-- Installing: /home/kireiji/RoboticsDev_ws/install/motorsim_interfaces/lib/python3.10/site-packages/motorsim_interfaces-0.0.0-py3.10.egg-info/dependency_links.txt
-- Installing: /home/kireiji/RoboticsDev_ws/install/motorsim_interfaces/lib/python3.10/site-packages/motorsim_interfaces-0.0.0-py3.10.egg-info/top_level.txt
-- Installing: /home/kireiji/RoboticsDev_ws/install/motorsim_interfaces/lib/python3.10/site-packages/motorsim_interfaces-0.0.0-py3.10.egg-info/SOURCES.txt
-- Installing: /home/kireiji/RoboticsDev_ws/install/motorsim_interfaces/lib/python3.10/site-packages/motorsim_interfaces
-- Installing: /home/kireiji/RoboticsDev_ws/install/motorsim_interfaces/lib/python3.10/site-packages/motorsim_interfaces/libmotorsim_interfaces__rosidl_generator_py.so
-- Installing: /home/kireiji/RoboticsDev_ws/install/motorsim_interfaces/lib/python3.10/site-packages/motorsim_interfaces/_motorsim_interfaces_s.ep.rosidl_typesupport_introspection_c.c
-- Installing: /home/kireiji/RoboticsDev_ws/install/motorsim_interfaces/lib/python3.10/site-packages/motorsim_interfaces/__init__.py
-- Installing: /home/kireiji/RoboticsDev_ws/install/motorsim_interfaces/lib/python3.10/site-packages/motorsim_interfaces/_motorsim_interfaces_s.ep.rosidl_typesupport_c.c
-- Installing: /home/kireiji/RoboticsDev_ws/install/motorsim_interfaces/lib/python3.10/site-packages/motorsim_interfaces/motorsim_interfaces_s__rosidl_typesupport_fastrtps_c.cpython-310-x86_64-linux-gnu.so
-- Installing: /home/kireiji/RoboticsDev_ws/install/motorsim_interfaces/lib/python3.10/site-packages/motorsim_interfaces/_motorsim_interfaces_s.ep.rosidl_typesupport_fastrtps_c.c
-- Installing: /home/kireiji/RoboticsDev_ws/install/motorsim_interfaces/lib/python3.10/site-packages/motorsim_interfaces/srv
-- Installing: /home/kireiji/RoboticsDev_ws/install/motorsim_interfaces/lib/python3.10/site-packages/motorsim_interfaces/srv/__init__.py
-- Installing: /home/kireiji/RoboticsDev_ws/install/motorsim_interfaces/lib/python3.10/site-packages/motorsim_interfaces/srv/_motor_spawn.py
-- Installing: /home/kireiji/RoboticsDev_ws/install/motorsim_interfaces/lib/python3.10/site-packages/motorsim_interfaces/srv/_motor_spawn_s.c
-- Installing: /home/kireiji/RoboticsDev_ws/install/motorsim_interfaces/lib/python3.10/site-packages/motorsim_interfaces/motorsim_interfaces_s__rosidl_typesupport_introspection_c.cpython-310-x86_64-linux-gnu.so
-- Installing: /home/kireiji/RoboticsDev_ws/install/motorsim_interfaces/lib/python3.10/site-packages/motorsim_interfaces/motorsim_interfaces_s__rosidl_typesupport_c.cpython-310-x86_64-linux-gnu.so
Listing '/home/kireiji/RoboticsDev_ws/install/motorsim_interfaces/lib/python3.10/site-packages/motorsim_interfaces'...
Compiling '/home/kireiji/RoboticsDev_ws/install/motorsim_interfaces/lib/python3.10/site-packages/motorsim_interfaces/__init__.py'...
Listing '/home/kireiji/RoboticsDev_ws/install/motorsim_interfaces/lib/python3.10/site-packages/motorsim_interfaces/srv'...
Compiling '/home/kireiji/RoboticsDev_ws/install/motorsim_interfaces/lib/python3.10/site-packages/motorsim_interfaces/srv/__init__.py'...
Compiling '/home/kireiji/RoboticsDev_ws/install/motorsim_interfaces/lib/python3.10/site-packages/motorsim_interfaces/srv/_motor_spawn.py'...
-- Installing: /home/kireiji/RoboticsDev_ws/install/motorsim_interfaces/lib/python3.10/site-packages/motorsim_interfaces/motorsim_interfaces_s__rosidl_typesupport_fastrtps_c.cpython-310-x86_64-linux-gnu.so
-- Set runtime path of "/home/kireiji/RoboticsDev_ws/install/motorsim_interfaces/lib/python3.10/site-packages/motorsim_interfaces/motorsim_interfaces_s__rosidl_typesupport_fastrtps_c.cpython-310-x86_64-linux-gnu.so" to ""
-- Installing: /home/kireiji/RoboticsDev_ws/install/motorsim_interfaces/lib/python3.10/site-packages/motorsim_interfaces/motorsim_interfaces_s__rosidl_typesupport_introspection_c.cpython-310-x86_64-linux-gnu.so
-- Set runtime path of "/home/kireiji/RoboticsDev_ws/install/motorsim_interfaces/lib/python3.10/site-packages/motorsim_interfaces/motorsim_interfaces_s__rosidl_typesupport_introspection_c.cpython-310-x86_64-linux-gnu.so" to ""
-- Installing: /home/kireiji/RoboticsDev_ws/install/motorsim_interfaces/lib/python3.10/site-packages/motorsim_interfaces/motorsim_interfaces_s__rosidl_typesupport_c.cpython-310-x86_64-linux-gnu.so
-- Set runtime path of "/home/kireiji/RoboticsDev_ws/install/motorsim_interfaces/lib/python3.10/site-packages/motorsim_interfaces/motorsim_interfaces_s__rosidl_typesupport_c.cpython-310-x86_64-linux-gnu.so" to ""
-- Installing: /home/kireiji/RoboticsDev_ws/install/motorsim_interfaces/lib/libmotorsim_interfaces__rosidl_generator_py.so
-- Set runtime path of "/home/kireiji/RoboticsDev_ws/install/motorsim_interfaces/lib/libmotorsim_interfaces__rosidl_generator_py.so" to ""
-- Installing: /home/kireiji/RoboticsDev_ws/install/motorsim_interfaces/share/motorsim_interfaces/srv/MotorSpawn.idl
-- Installing: /home/kireiji/RoboticsDev_ws/install/motorsim_interfaces/share/motorsim_interfaces/srv/MotorSpawn.srv
-- Installing: /home/kireiji/RoboticsDev_ws/install/motorsim_interfaces/share/motorsim_interfaces/srv/MotorSpawn_Request.msg
-- Installing: /home/kireiji/RoboticsDev_ws/install/motorsim_interfaces/share/motorsim_interfaces/srv/MotorSpawn_Response.msg
-- Installing: /home/kireiji/RoboticsDev_ws/install/motorsim_interfaces/share/ament_index/resource_index/package_run_dependencies/motorsim_interfaces
-- Installing: /home/kireiji/RoboticsDev_ws/install/motorsim_interfaces/share/ament_index/resource_index/parent_prefix_path/motorsim_interfaces
-- Installing: /home/kireiji/RoboticsDev_ws/install/motorsim_interfaces/share/motorsim_interfaces/environment/ament_prefix_path.sh
-- Installing: /home/kireiji/RoboticsDev_ws/install/motorsim_interfaces/share/motorsim_interfaces/environment/ament_prefix_path.dsv
-- Installing: /home/kireiji/RoboticsDev_ws/install/motorsim_interfaces/share/motorsim_interfaces/environment/path.sh
-- Installing: /home/kireiji/RoboticsDev_ws/install/motorsim_interfaces/share/motorsim_interfaces/environment/path.dsv
-- Installing: /home/kireiji/RoboticsDev_ws/install/motorsim_interfaces/share/motorsim_interfaces/local_setup.bash
-- Installing: /home/kireiji/RoboticsDev_ws/install/motorsim_interfaces/share/motorsim_interfaces/local_setup.sh
-- Installing: /home/kireiji/RoboticsDev_ws/install/motorsim_interfaces/share/motorsim_interfaces/local_setup.zsh
-- Installing: /home/kireiji/RoboticsDev_ws/install/motorsim_interfaces/share/motorsim_interfaces/local_setup.dsv
-- Installing: /home/kireiji/RoboticsDev_ws/install/motorsim_interfaces/share/motorsim_interfaces/package.dsv
-- Installing: /home/kireiji/RoboticsDev_ws/install/motorsim_interfaces/share/ament_index/resource_index/packages/motorsim_interfaces
-- Installing: /home/kireiji/RoboticsDev_ws/install/motorsim_interfaces/share/motorsim_interfaces/cmake/export_motorsim_interfaces__rosidl_generator_cExport.cmake
-- Installing: /home/kireiji/RoboticsDev_ws/install/motorsim_interfaces/share/motorsim_interfaces/cmake/export_motorsim_interfaces__rosidl_generator_cExport-noconfig.cmake
-- Installing: /home/kireiji/RoboticsDev_ws/install/motorsim_interfaces/share/motorsim_interfaces/cmake/export_motorsim_interfaces__rosidl_typesupport_fastrtps_cExport.cmake
-- Installing: /home/kireiji/RoboticsDev_ws/install/motorsim_interfaces/share/motorsim_interfaces/cmake/export_motorsim_interfaces__rosidl_typesupport_fastrtps_cExport-noconfig.cmake
-- Installing: /home/kireiji/RoboticsDev_ws/install/motorsim_interfaces/share/motorsim_interfaces/cmake/motorsim_interfaces__rosidl_typesupport_introspection_cExport.cmake
-- Installing: /home/kireiji/RoboticsDev_ws/install/motorsim_interfaces/share/motorsim_interfaces/cmake/motorsim_interfaces__rosidl_typesupport_introspection_cExport-noconfig.cmake
-- Installing: /home/kireiji/RoboticsDev_ws/install/motorsim_interfaces/share/motorsim_interfaces/cmake/motorsim_interfaces__rosidl_typesupport_cExport.cmake
-- Installing: /home/kireiji/RoboticsDev_ws/install/motorsim_interfaces/share/motorsim_interfaces/cmake/motorsim_interfaces__rosidl_typesupport_cExport-noconfig.cmake
-- Installing: /home/kireiji/RoboticsDev_ws/install/motorsim_interfaces/share/motorsim_interfaces/cmake/export_motorsim_interfaces__rosidl_generator_cppExport.cmake
-- Installing: /home/kireiji/RoboticsDev_ws/install/motorsim_interfaces/share/motorsim_interfaces/cmake/export_motorsim_interfaces__rosidl_typesupport_fastrtps_cppExport.cmake
-- Installing: /home/kireiji/RoboticsDev_ws/install/motorsim_interfaces/share/motorsim_interfaces/cmake/export_motorsim_interfaces__rosidl_typesupport_fastrtps_cppExport-noconfig.cmake
-- Installing: /home/kireiji/RoboticsDev_ws/install/motorsim_interfaces/share/motorsim_interfaces/cmake/motorsim_interfaces__rosidl_typesupport_introspection_cppExport.cmake
-- Installing: /home/kireiji/RoboticsDev_ws/install/motorsim_interfaces/share/motorsim_interfaces/cmake/motorsim_interfaces__rosidl_typesupport_introspection_cppExport-noconfig.cmake
-- Installing: /home/kireiji/RoboticsDev_ws/install/motorsim_interfaces/share/motorsim_interfaces/cmake/motorsim_interfaces__rosidl_typesupport_cppExport.cmake
-- Installing: /home/kireiji/RoboticsDev_ws/install/motorsim_interfaces/share/motorsim_interfaces/cmake/motorsim_interfaces__rosidl_typesupport_cppExport-noconfig.cmake
-- Installing: /home/kireiji/RoboticsDev_ws/install/motorsim_interfaces/share/motorsim_interfaces/cmake/export_motorsim_interfaces__rosidl_generator_pyExport.cmake
-- Installing: /home/kireiji/RoboticsDev_ws/install/motorsim_interfaces/share/motorsim_interfaces/cmake/export_motorsim_interfaces__rosidl_generator_pyExport-noconfig.cmake
-- Installing: /home/kireiji/RoboticsDev_ws/install/motorsim_interfaces/share/motorsim_interfaces/cmake/rosidl_cmake-extras.cmake
-- Installing: /home/kireiji/RoboticsDev_ws/install/motorsim_interfaces/share/motorsim_interfaces/cmake/ament_cmake_export_include_directories-extras.cmake
-- Installing: /home/kireiji/RoboticsDev_ws/install/motorsim_interfaces/share/motorsim_interfaces/cmake/ament_cmake_export_libraries-extras.cmake
-- Installing: /home/kireiji/RoboticsDev_ws/install/motorsim_interfaces/share/motorsim_interfaces/cmake/ament_cmake_export_targets-extras.cmake
-- Installing: /home/kireiji/RoboticsDev_ws/install/motorsim_interfaces/share/motorsim_interfaces/cmake/rosidl_cmake_export_typesupport_targets-extras.cmake
-- Installing: /home/kireiji/RoboticsDev_ws/install/motorsim_interfaces/share/motorsim_interfaces/cmake/ament_cmake_export_dependencies-extras.cmake
-- Installing: /home/kireiji/RoboticsDev_ws/install/motorsim_interfaces/share/motorsim_interfaces/cmake/rosidl_cmake_export_typesupport_libraries-extras.cmake
-- Installing: /home/kireiji/RoboticsDev_ws/install/motorsim_interfaces/share/motorsim_interfaces/cmake/motorsim_interfacesConfig.cmake
-- Installing: /home/kireiji/RoboticsDev_ws/install/motorsim_interfaces/share/motorsim_interfaces/cmake/motorsim_interfacesConfig-version.cmake
-- Installing: /home/kireiji/RoboticsDev_ws/install/motorsim_interfaces/share/motorsim_interfaces/package.xml
