[0.047s] Invoking command in '/home/kireiji/RoboticsDev_ws/build/examples_rclcpp_async_client': CMAKE_PREFIX_PATH=${CMAKE_PREFIX_PATH}:/home/kireiji/RoboticsDev_ws/install/launch_testing_examples:/home/kireiji/RoboticsDev_ws/install/examples_rclpy_pointcloud_publisher:/home/kireiji/RoboticsDev_ws/install/examples_rclpy_minimal_subscriber:/home/kireiji/RoboticsDev_ws/install/examples_rclpy_minimal_service:/home/kireiji/RoboticsDev_ws/install/examples_rclpy_minimal_publisher:/home/kireiji/RoboticsDev_ws/install/examples_rclpy_minimal_client:/home/kireiji/RoboticsDev_ws/install/examples_rclpy_minimal_action_server:/home/kireiji/RoboticsDev_ws/install/examples_rclpy_minimal_action_client:/home/kireiji/RoboticsDev_ws/install/examples_rclpy_guard_conditions:/home/kireiji/RoboticsDev_ws/install/examples_rclpy_executors:/home/kireiji/ros2_ws/install/my_py_pkg:/opt/ros/humble /usr/bin/cmake /home/kireiji/RoboticsDev_ws/src/examples/rclcpp/services/async_client -DCMAKE_INSTALL_PREFIX=/home/kireiji/RoboticsDev_ws/install/examples_rclcpp_async_client
[1.235s] -- The C compiler identification is GNU 11.4.0
[1.236s] -- The CXX compiler identification is GNU 11.4.0
[1.237s] -- Detecting C compiler ABI info
[1.238s] -- Detecting C compiler ABI info - done
[1.239s] -- Check for working C compiler: /usr/bin/cc - skipped
[1.239s] -- Detecting C compile features
[1.239s] -- Detecting C compile features - done
[1.239s] -- Detecting CXX compiler ABI info
[1.239s] -- Detecting CXX compiler ABI info - done
[1.239s] -- Check for working CXX compiler: /usr/bin/c++ - skipped
[1.239s] -- Detecting CXX compile features
[1.239s] -- Detecting CXX compile features - done
[1.239s] -- Found ament_cmake: 1.3.10 (/opt/ros/humble/share/ament_cmake/cmake)
[1.239s] -- Found Python3: /usr/local/bin/python3 (found version "3.10.0") found components: Interpreter 
[1.240s] -- Found example_interfaces: 0.9.3 (/opt/ros/humble/share/example_interfaces/cmake)
[1.265s] -- Found rosidl_generator_c: 3.1.5 (/opt/ros/humble/share/rosidl_generator_c/cmake)
[1.265s] -- Found rosidl_adapter: 3.1.5 (/opt/ros/humble/share/rosidl_adapter/cmake)
[1.266s] -- Found rosidl_generator_cpp: 3.1.5 (/opt/ros/humble/share/rosidl_generator_cpp/cmake)
[1.272s] -- Using all available rosidl_typesupport_c: rosidl_typesupport_fastrtps_c;rosidl_typesupport_introspection_c
[1.294s] -- Using all available rosidl_typesupport_cpp: rosidl_typesupport_fastrtps_cpp;rosidl_typesupport_introspection_cpp
[1.362s] -- Found rclcpp: 16.0.10 (/opt/ros/humble/share/rclcpp/cmake)
[1.406s] -- Found rmw_implementation_cmake: 6.1.2 (/opt/ros/humble/share/rmw_implementation_cmake/cmake)
[1.410s] -- Found rmw_fastrtps_cpp: 6.2.7 (/opt/ros/humble/share/rmw_fastrtps_cpp/cmake)
[1.513s] -- Found OpenSSL: /usr/lib/x86_64-linux-gnu/libcrypto.so (found version "3.0.2")  
[1.548s] -- Found FastRTPS: /opt/ros/humble/include  
[1.598s] -- Using RMW implementation 'rmw_fastrtps_cpp' as default
[1.608s] -- Looking for pthread.h
[1.712s] -- Looking for pthread.h - found
[1.713s] -- Performing Test CMAKE_HAVE_LIBC_PTHREAD
[1.839s] -- Performing Test CMAKE_HAVE_LIBC_PTHREAD - Success
[1.841s] -- Found Threads: TRUE  
[1.923s] -- Found ament_lint_auto: 0.12.11 (/opt/ros/humble/share/ament_lint_auto/cmake)
[2.086s] -- Added test 'copyright' to check source files copyright and LICENSE
[2.086s] -- Added test 'cppcheck' to perform static code analysis on C / C++ code
[2.087s] -- Configured cppcheck include dirs: 
[2.088s] -- Configured cppcheck exclude dirs and/or files: 
[2.088s] -- Added test 'cpplint' to check C / C++ code against the Google style
[2.089s] -- Configured cpplint exclude dirs and/or files: 
[2.095s] -- Added test 'lint_cmake' to check CMake code style
[2.098s] -- Added test 'uncrustify' to check C / C++ code style
[2.098s] -- Configured uncrustify additional arguments: 
[2.098s] -- Added test 'xmllint' to check XML markup files
[2.098s] -- Configuring done
[2.112s] -- Generating done
[2.114s] -- Build files have been written to: /home/kireiji/RoboticsDev_ws/build/examples_rclcpp_async_client
[2.154s] Invoked command in '/home/kireiji/RoboticsDev_ws/build/examples_rclcpp_async_client' returned '0': CMAKE_PREFIX_PATH=${CMAKE_PREFIX_PATH}:/home/kireiji/RoboticsDev_ws/install/launch_testing_examples:/home/kireiji/RoboticsDev_ws/install/examples_rclpy_pointcloud_publisher:/home/kireiji/RoboticsDev_ws/install/examples_rclpy_minimal_subscriber:/home/kireiji/RoboticsDev_ws/install/examples_rclpy_minimal_service:/home/kireiji/RoboticsDev_ws/install/examples_rclpy_minimal_publisher:/home/kireiji/RoboticsDev_ws/install/examples_rclpy_minimal_client:/home/kireiji/RoboticsDev_ws/install/examples_rclpy_minimal_action_server:/home/kireiji/RoboticsDev_ws/install/examples_rclpy_minimal_action_client:/home/kireiji/RoboticsDev_ws/install/examples_rclpy_guard_conditions:/home/kireiji/RoboticsDev_ws/install/examples_rclpy_executors:/home/kireiji/ros2_ws/install/my_py_pkg:/opt/ros/humble /usr/bin/cmake /home/kireiji/RoboticsDev_ws/src/examples/rclcpp/services/async_client -DCMAKE_INSTALL_PREFIX=/home/kireiji/RoboticsDev_ws/install/examples_rclcpp_async_client
[2.155s] Invoking command in '/home/kireiji/RoboticsDev_ws/build/examples_rclcpp_async_client': CMAKE_PREFIX_PATH=${CMAKE_PREFIX_PATH}:/home/kireiji/RoboticsDev_ws/install/launch_testing_examples:/home/kireiji/RoboticsDev_ws/install/examples_rclpy_pointcloud_publisher:/home/kireiji/RoboticsDev_ws/install/examples_rclpy_minimal_subscriber:/home/kireiji/RoboticsDev_ws/install/examples_rclpy_minimal_service:/home/kireiji/RoboticsDev_ws/install/examples_rclpy_minimal_publisher:/home/kireiji/RoboticsDev_ws/install/examples_rclpy_minimal_client:/home/kireiji/RoboticsDev_ws/install/examples_rclpy_minimal_action_server:/home/kireiji/RoboticsDev_ws/install/examples_rclpy_minimal_action_client:/home/kireiji/RoboticsDev_ws/install/examples_rclpy_guard_conditions:/home/kireiji/RoboticsDev_ws/install/examples_rclpy_executors:/home/kireiji/ros2_ws/install/my_py_pkg:/opt/ros/humble /usr/bin/cmake --build /home/kireiji/RoboticsDev_ws/build/examples_rclcpp_async_client -- -j16 -l16
[4.088s] [ 50%] [32mBuilding CXX object CMakeFiles/client_main.dir/main.cpp.o[0m
[25.334s] [100%] [32m[1mLinking CXX executable client_main[0m
[25.748s] [100%] Built target client_main
[25.815s] Invoked command in '/home/kireiji/RoboticsDev_ws/build/examples_rclcpp_async_client' returned '0': CMAKE_PREFIX_PATH=${CMAKE_PREFIX_PATH}:/home/kireiji/RoboticsDev_ws/install/launch_testing_examples:/home/kireiji/RoboticsDev_ws/install/examples_rclpy_pointcloud_publisher:/home/kireiji/RoboticsDev_ws/install/examples_rclpy_minimal_subscriber:/home/kireiji/RoboticsDev_ws/install/examples_rclpy_minimal_service:/home/kireiji/RoboticsDev_ws/install/examples_rclpy_minimal_publisher:/home/kireiji/RoboticsDev_ws/install/examples_rclpy_minimal_client:/home/kireiji/RoboticsDev_ws/install/examples_rclpy_minimal_action_server:/home/kireiji/RoboticsDev_ws/install/examples_rclpy_minimal_action_client:/home/kireiji/RoboticsDev_ws/install/examples_rclpy_guard_conditions:/home/kireiji/RoboticsDev_ws/install/examples_rclpy_executors:/home/kireiji/ros2_ws/install/my_py_pkg:/opt/ros/humble /usr/bin/cmake --build /home/kireiji/RoboticsDev_ws/build/examples_rclcpp_async_client -- -j16 -l16
[26.069s] Invoking command in '/home/kireiji/RoboticsDev_ws/build/examples_rclcpp_async_client': CMAKE_PREFIX_PATH=${CMAKE_PREFIX_PATH}:/home/kireiji/RoboticsDev_ws/install/launch_testing_examples:/home/kireiji/RoboticsDev_ws/install/examples_rclpy_pointcloud_publisher:/home/kireiji/RoboticsDev_ws/install/examples_rclpy_minimal_subscriber:/home/kireiji/RoboticsDev_ws/install/examples_rclpy_minimal_service:/home/kireiji/RoboticsDev_ws/install/examples_rclpy_minimal_publisher:/home/kireiji/RoboticsDev_ws/install/examples_rclpy_minimal_client:/home/kireiji/RoboticsDev_ws/install/examples_rclpy_minimal_action_server:/home/kireiji/RoboticsDev_ws/install/examples_rclpy_minimal_action_client:/home/kireiji/RoboticsDev_ws/install/examples_rclpy_guard_conditions:/home/kireiji/RoboticsDev_ws/install/examples_rclpy_executors:/home/kireiji/ros2_ws/install/my_py_pkg:/opt/ros/humble /usr/bin/cmake --install /home/kireiji/RoboticsDev_ws/build/examples_rclcpp_async_client
[27.181s] -- Install configuration: ""
[27.181s] -- Installing: /home/kireiji/RoboticsDev_ws/install/examples_rclcpp_async_client/lib/examples_rclcpp_async_client/client_main
[27.181s] -- Set runtime path of "/home/kireiji/RoboticsDev_ws/install/examples_rclcpp_async_client/lib/examples_rclcpp_async_client/client_main" to ""
[27.181s] -- Installing: /home/kireiji/RoboticsDev_ws/install/examples_rclcpp_async_client/share/ament_index/resource_index/package_run_dependencies/examples_rclcpp_async_client
[27.181s] -- Installing: /home/kireiji/RoboticsDev_ws/install/examples_rclcpp_async_client/share/ament_index/resource_index/parent_prefix_path/examples_rclcpp_async_client
[27.181s] -- Installing: /home/kireiji/RoboticsDev_ws/install/examples_rclcpp_async_client/share/examples_rclcpp_async_client/environment/ament_prefix_path.sh
[27.181s] -- Installing: /home/kireiji/RoboticsDev_ws/install/examples_rclcpp_async_client/share/examples_rclcpp_async_client/environment/ament_prefix_path.dsv
[27.181s] -- Installing: /home/kireiji/RoboticsDev_ws/install/examples_rclcpp_async_client/share/examples_rclcpp_async_client/environment/path.sh
[27.181s] -- Installing: /home/kireiji/RoboticsDev_ws/install/examples_rclcpp_async_client/share/examples_rclcpp_async_client/environment/path.dsv
[27.181s] -- Installing: /home/kireiji/RoboticsDev_ws/install/examples_rclcpp_async_client/share/examples_rclcpp_async_client/local_setup.bash
[27.181s] -- Installing: /home/kireiji/RoboticsDev_ws/install/examples_rclcpp_async_client/share/examples_rclcpp_async_client/local_setup.sh
[27.181s] -- Installing: /home/kireiji/RoboticsDev_ws/install/examples_rclcpp_async_client/share/examples_rclcpp_async_client/local_setup.zsh
[27.182s] -- Installing: /home/kireiji/RoboticsDev_ws/install/examples_rclcpp_async_client/share/examples_rclcpp_async_client/local_setup.dsv
[27.182s] -- Installing: /home/kireiji/RoboticsDev_ws/install/examples_rclcpp_async_client/share/examples_rclcpp_async_client/package.dsv
[27.182s] -- Installing: /home/kireiji/RoboticsDev_ws/install/examples_rclcpp_async_client/share/ament_index/resource_index/packages/examples_rclcpp_async_client
[27.182s] -- Installing: /home/kireiji/RoboticsDev_ws/install/examples_rclcpp_async_client/share/examples_rclcpp_async_client/cmake/examples_rclcpp_async_clientConfig.cmake
[27.182s] -- Installing: /home/kireiji/RoboticsDev_ws/install/examples_rclcpp_async_client/share/examples_rclcpp_async_client/cmake/examples_rclcpp_async_clientConfig-version.cmake
[27.182s] -- Installing: /home/kireiji/RoboticsDev_ws/install/examples_rclcpp_async_client/share/examples_rclcpp_async_client/package.xml
[27.282s] Invoked command in '/home/kireiji/RoboticsDev_ws/build/examples_rclcpp_async_client' returned '0': CMAKE_PREFIX_PATH=${CMAKE_PREFIX_PATH}:/home/kireiji/RoboticsDev_ws/install/launch_testing_examples:/home/kireiji/RoboticsDev_ws/install/examples_rclpy_pointcloud_publisher:/home/kireiji/RoboticsDev_ws/install/examples_rclpy_minimal_subscriber:/home/kireiji/RoboticsDev_ws/install/examples_rclpy_minimal_service:/home/kireiji/RoboticsDev_ws/install/examples_rclpy_minimal_publisher:/home/kireiji/RoboticsDev_ws/install/examples_rclpy_minimal_client:/home/kireiji/RoboticsDev_ws/install/examples_rclpy_minimal_action_server:/home/kireiji/RoboticsDev_ws/install/examples_rclpy_minimal_action_client:/home/kireiji/RoboticsDev_ws/install/examples_rclpy_guard_conditions:/home/kireiji/RoboticsDev_ws/install/examples_rclpy_executors:/home/kireiji/ros2_ws/install/my_py_pkg:/opt/ros/humble /usr/bin/cmake --install /home/kireiji/RoboticsDev_ws/build/examples_rclcpp_async_client
