[0.008s] Invoking command in '/home/kireiji/RoboticsDev_ws/build/controller_interfaces': CMAKE_PREFIX_PATH=${CMAKE_PREFIX_PATH}:/home/kireiji/RoboticsDev_ws/install/turtlesim_plus:/home/kireiji/RoboticsDev_ws/install/launch_testing_examples:/home/kireiji/RoboticsDev_ws/install/examples_rclpy_pointcloud_publisher:/home/kireiji/RoboticsDev_ws/install/examples_rclpy_minimal_subscriber:/home/kireiji/RoboticsDev_ws/install/examples_rclpy_minimal_service:/home/kireiji/RoboticsDev_ws/install/examples_rclpy_minimal_publisher:/home/kireiji/RoboticsDev_ws/install/examples_rclpy_minimal_client:/home/kireiji/RoboticsDev_ws/install/examples_rclpy_minimal_action_server:/home/kireiji/RoboticsDev_ws/install/examples_rclpy_minimal_action_client:/home/kireiji/RoboticsDev_ws/install/examples_rclpy_guard_conditions:/home/kireiji/RoboticsDev_ws/install/examples_rclpy_executors:/home/kireiji/ros2_ws/install/my_py_pkg:/opt/ros/humble /usr/bin/cmake /home/kireiji/RoboticsDev_ws/src/controller_interfaces -DCMAKE_INSTALL_PREFIX=/home/kireiji/RoboticsDev_ws/install/controller_interfaces
[0.016s] -- Found ament_cmake: 1.3.10 (/opt/ros/humble/share/ament_cmake/cmake)
[0.131s] -- Found std_msgs: 4.2.4 (/opt/ros/humble/share/std_msgs/cmake)
[0.145s] -- Found rosidl_generator_c: 3.1.5 (/opt/ros/humble/share/rosidl_generator_c/cmake)
[0.147s] -- Found rosidl_adapter: 3.1.5 (/opt/ros/humble/share/rosidl_adapter/cmake)
[0.150s] -- Found rosidl_generator_cpp: 3.1.5 (/opt/ros/humble/share/rosidl_generator_cpp/cmake)
[0.156s] -- Using all available rosidl_typesupport_c: rosidl_typesupport_fastrtps_c;rosidl_typesupport_introspection_c
[0.164s] -- Using all available rosidl_typesupport_cpp: rosidl_typesupport_fastrtps_cpp;rosidl_typesupport_introspection_cpp
[0.177s] -- Found geometry_msgs: 4.2.4 (/opt/ros/humble/share/geometry_msgs/cmake)
[0.184s] -- Found rosidl_default_generators: 1.2.0 (/opt/ros/humble/share/rosidl_default_generators/cmake)
[0.190s] -- Found ament_lint_auto: 0.12.11 (/opt/ros/humble/share/ament_lint_auto/cmake)
[0.428s] -- Found ament_cmake_ros: 0.10.0 (/opt/ros/humble/share/ament_cmake_ros/cmake)
[0.730s] -- Using all available rosidl_typesupport_c: rosidl_typesupport_fastrtps_c;rosidl_typesupport_introspection_c
[0.846s] -- Using all available rosidl_typesupport_cpp: rosidl_typesupport_fastrtps_cpp;rosidl_typesupport_introspection_cpp
[0.866s] -- Found PythonInterp: /usr/local/bin/python3 (found suitable version "3.10", minimum required is "3.6") 
[0.869s] -- Found python_cmake_module: 0.10.0 (/opt/ros/humble/share/python_cmake_module/cmake)
[0.891s] -- Found PythonLibs: /usr/local/lib/libpython3.10.a (found suitable version "3.10.0", minimum required is "3.5") 
[0.891s] -- Using PYTHON_EXECUTABLE: /usr/local/bin/python3
[0.891s] -- Using PYTHON_INCLUDE_DIRS: /usr/local/include/python3.10
[0.891s] -- Using PYTHON_LIBRARIES: /usr/local/lib/libpython3.10.a
[0.910s] -- Found PythonExtra: .so  
[1.038s] -- Using numpy include directory: /home/kireiji/.local/lib/python3.10/site-packages/numpy/_core/include
[1.058s] -- Added test 'lint_cmake' to check CMake code style
[1.059s] -- Added test 'xmllint' to check XML markup files
[1.064s] -- Configuring done
[1.083s] -- Generating done
[1.084s] -- Build files have been written to: /home/kireiji/RoboticsDev_ws/build/controller_interfaces
[1.090s] Invoked command in '/home/kireiji/RoboticsDev_ws/build/controller_interfaces' returned '0': CMAKE_PREFIX_PATH=${CMAKE_PREFIX_PATH}:/home/kireiji/RoboticsDev_ws/install/turtlesim_plus:/home/kireiji/RoboticsDev_ws/install/launch_testing_examples:/home/kireiji/RoboticsDev_ws/install/examples_rclpy_pointcloud_publisher:/home/kireiji/RoboticsDev_ws/install/examples_rclpy_minimal_subscriber:/home/kireiji/RoboticsDev_ws/install/examples_rclpy_minimal_service:/home/kireiji/RoboticsDev_ws/install/examples_rclpy_minimal_publisher:/home/kireiji/RoboticsDev_ws/install/examples_rclpy_minimal_client:/home/kireiji/RoboticsDev_ws/install/examples_rclpy_minimal_action_server:/home/kireiji/RoboticsDev_ws/install/examples_rclpy_minimal_action_client:/home/kireiji/RoboticsDev_ws/install/examples_rclpy_guard_conditions:/home/kireiji/RoboticsDev_ws/install/examples_rclpy_executors:/home/kireiji/ros2_ws/install/my_py_pkg:/opt/ros/humble /usr/bin/cmake /home/kireiji/RoboticsDev_ws/src/controller_interfaces -DCMAKE_INSTALL_PREFIX=/home/kireiji/RoboticsDev_ws/install/controller_interfaces
[1.090s] Invoking command in '/home/kireiji/RoboticsDev_ws/build/controller_interfaces': CMAKE_PREFIX_PATH=${CMAKE_PREFIX_PATH}:/home/kireiji/RoboticsDev_ws/install/turtlesim_plus:/home/kireiji/RoboticsDev_ws/install/launch_testing_examples:/home/kireiji/RoboticsDev_ws/install/examples_rclpy_pointcloud_publisher:/home/kireiji/RoboticsDev_ws/install/examples_rclpy_minimal_subscriber:/home/kireiji/RoboticsDev_ws/install/examples_rclpy_minimal_service:/home/kireiji/RoboticsDev_ws/install/examples_rclpy_minimal_publisher:/home/kireiji/RoboticsDev_ws/install/examples_rclpy_minimal_client:/home/kireiji/RoboticsDev_ws/install/examples_rclpy_minimal_action_server:/home/kireiji/RoboticsDev_ws/install/examples_rclpy_minimal_action_client:/home/kireiji/RoboticsDev_ws/install/examples_rclpy_guard_conditions:/home/kireiji/RoboticsDev_ws/install/examples_rclpy_executors:/home/kireiji/ros2_ws/install/my_py_pkg:/opt/ros/humble /usr/bin/cmake --build /home/kireiji/RoboticsDev_ws/build/controller_interfaces -- -j16 -l16
[1.115s] [  2%] [34m[1mGenerating C code for ROS interfaces[0m
[1.121s] [  5%] [34m[1mGenerating C++ code for ROS interfaces[0m
[1.126s] [  5%] Built target ament_cmake_python_copy_controller_interfaces
[1.291s] running egg_info
[1.292s] creating controller_interfaces.egg-info
[1.292s] writing manifest file 'controller_interfaces.egg-info/SOURCES.txt'
[1.293s] writing manifest file 'controller_interfaces.egg-info/SOURCES.txt'
[1.310s] [  5%] Built target ament_cmake_python_build_controller_interfaces_egg
[1.393s] [  5%] Built target controller_interfaces__cpp
[1.400s] [ 12%] [34m[1mGenerating C++ introspection for ROS interfaces[0m
[1.400s] [ 12%] [34m[1mGenerating C++ type support for eProsima Fast-RTPS[0m
[1.400s] [ 12%] [34m[1mGenerating C++ type support dispatch for ROS interfaces[0m
[1.408s] [ 15%] [32mBuilding C object CMakeFiles/controller_interfaces__rosidl_generator_c.dir/rosidl_generator_c/controller_interfaces/srv/detail/set_param__functions.c.o[0m
[1.408s] [ 17%] [32mBuilding C object CMakeFiles/controller_interfaces__rosidl_generator_c.dir/rosidl_generator_c/controller_interfaces/srv/detail/set_target__functions.c.o[0m
[1.458s] [ 20%] [32m[1mLinking C shared library libcontroller_interfaces__rosidl_generator_c.so[0m
[1.484s] [ 20%] Built target controller_interfaces__rosidl_generator_c
[1.490s] [ 28%] [34m[1mGenerating C type support for eProsima Fast-RTPS[0m
[1.490s] [ 28%] [34m[1mGenerating C type support dispatch for ROS interfaces[0m
[1.491s] [ 28%] [34m[1mGenerating C introspection for ROS interfaces[0m
[1.631s] [ 30%] [32mBuilding CXX object CMakeFiles/controller_interfaces__rosidl_typesupport_cpp.dir/rosidl_typesupport_cpp/controller_interfaces/srv/set_target__type_support.cpp.o[0m
[1.631s] [ 33%] [32mBuilding CXX object CMakeFiles/controller_interfaces__rosidl_typesupport_cpp.dir/rosidl_typesupport_cpp/controller_interfaces/srv/set_param__type_support.cpp.o[0m
[1.657s] [ 35%] [32mBuilding CXX object CMakeFiles/controller_interfaces__rosidl_typesupport_introspection_cpp.dir/rosidl_typesupport_introspection_cpp/controller_interfaces/srv/detail/set_target__type_support.cpp.o[0m
[1.657s] [ 38%] [32mBuilding CXX object CMakeFiles/controller_interfaces__rosidl_typesupport_introspection_cpp.dir/rosidl_typesupport_introspection_cpp/controller_interfaces/srv/detail/set_param__type_support.cpp.o[0m
[1.682s] [ 43%] [32mBuilding CXX object CMakeFiles/controller_interfaces__rosidl_typesupport_fastrtps_cpp.dir/rosidl_typesupport_fastrtps_cpp/controller_interfaces/srv/detail/dds_fastrtps/set_target__type_support.cpp.o[0m
[1.682s] [ 43%] [32mBuilding CXX object CMakeFiles/controller_interfaces__rosidl_typesupport_fastrtps_cpp.dir/rosidl_typesupport_fastrtps_cpp/controller_interfaces/srv/detail/dds_fastrtps/set_param__type_support.cpp.o[0m
[1.724s] [ 48%] [32mBuilding CXX object CMakeFiles/controller_interfaces__rosidl_typesupport_c.dir/rosidl_typesupport_c/controller_interfaces/srv/set_param__type_support.cpp.o[0m
[1.724s] [ 48%] [32mBuilding CXX object CMakeFiles/controller_interfaces__rosidl_typesupport_c.dir/rosidl_typesupport_c/controller_interfaces/srv/set_target__type_support.cpp.o[0m
[1.747s] [ 51%] [32m[1mLinking CXX shared library libcontroller_interfaces__rosidl_typesupport_c.so[0m
[1.776s] [ 51%] Built target controller_interfaces__rosidl_typesupport_c
[1.843s] [ 53%] [32mBuilding CXX object CMakeFiles/controller_interfaces__rosidl_typesupport_fastrtps_c.dir/rosidl_typesupport_fastrtps_c/controller_interfaces/srv/detail/set_param__type_support_c.cpp.o[0m
[1.844s] [ 56%] [32mBuilding CXX object CMakeFiles/controller_interfaces__rosidl_typesupport_fastrtps_c.dir/rosidl_typesupport_fastrtps_c/controller_interfaces/srv/detail/set_target__type_support_c.cpp.o[0m
[1.856s] [ 58%] [32mBuilding C object CMakeFiles/controller_interfaces__rosidl_typesupport_introspection_c.dir/rosidl_typesupport_introspection_c/controller_interfaces/srv/detail/set_param__type_support.c.o[0m
[1.859s] [ 61%] [32mBuilding C object CMakeFiles/controller_interfaces__rosidl_typesupport_introspection_c.dir/rosidl_typesupport_introspection_c/controller_interfaces/srv/detail/set_target__type_support.c.o[0m
[1.890s] [ 64%] [32m[1mLinking CXX shared library libcontroller_interfaces__rosidl_typesupport_cpp.so[0m
[1.893s] [ 66%] [32m[1mLinking C shared library libcontroller_interfaces__rosidl_typesupport_introspection_c.so[0m
[1.909s] [ 69%] [32m[1mLinking CXX shared library libcontroller_interfaces__rosidl_typesupport_introspection_cpp.so[0m
[1.915s] [ 69%] Built target controller_interfaces__rosidl_typesupport_introspection_c
[1.918s] [ 69%] Built target controller_interfaces__rosidl_typesupport_cpp
[1.952s] [ 69%] Built target controller_interfaces__rosidl_typesupport_introspection_cpp
[1.985s] [ 71%] [32m[1mLinking CXX shared library libcontroller_interfaces__rosidl_typesupport_fastrtps_cpp.so[0m
[2.032s] [ 71%] Built target controller_interfaces__rosidl_typesupport_fastrtps_cpp
[2.065s] [ 74%] [32m[1mLinking CXX shared library libcontroller_interfaces__rosidl_typesupport_fastrtps_c.so[0m
[2.110s] [ 74%] Built target controller_interfaces__rosidl_typesupport_fastrtps_c
[2.123s] [ 74%] Built target controller_interfaces
[2.135s] [ 76%] [34m[1mGenerating Python code for ROS interfaces[0m
[2.541s] [ 76%] Built target controller_interfaces__py
[2.553s] [ 79%] [32mBuilding C object CMakeFiles/controller_interfaces__rosidl_generator_py.dir/rosidl_generator_py/controller_interfaces/srv/_set_param_s.c.o[0m
[2.553s] [ 82%] [32mBuilding C object CMakeFiles/controller_interfaces__rosidl_generator_py.dir/rosidl_generator_py/controller_interfaces/srv/_set_target_s.c.o[0m
[2.641s] [ 84%] [32m[1mLinking C shared library rosidl_generator_py/controller_interfaces/libcontroller_interfaces__rosidl_generator_py.so[0m
[2.827s] [ 84%] Built target controller_interfaces__rosidl_generator_py
[2.841s] [ 92%] [32mBuilding C object CMakeFiles/controller_interfaces__rosidl_typesupport_fastrtps_c__pyext.dir/rosidl_generator_py/controller_interfaces/_controller_interfaces_s.ep.rosidl_typesupport_fastrtps_c.c.o[0m
[2.841s] [ 92%] [32mBuilding C object CMakeFiles/controller_interfaces__rosidl_typesupport_introspection_c__pyext.dir/rosidl_generator_py/controller_interfaces/_controller_interfaces_s.ep.rosidl_typesupport_introspection_c.c.o[0m
[2.841s] [ 92%] [32mBuilding C object CMakeFiles/controller_interfaces__rosidl_typesupport_c__pyext.dir/rosidl_generator_py/controller_interfaces/_controller_interfaces_s.ep.rosidl_typesupport_c.c.o[0m
[2.907s] [100%] [32m[1mLinking C shared library rosidl_generator_py/controller_interfaces/controller_interfaces_s__rosidl_typesupport_introspection_c.cpython-310-x86_64-linux-gnu.so[0m
[2.907s] [100%] [32m[1mLinking C shared library rosidl_generator_py/controller_interfaces/controller_interfaces_s__rosidl_typesupport_c.cpython-310-x86_64-linux-gnu.so[0m
[2.907s] [100%] [32m[1mLinking C shared library rosidl_generator_py/controller_interfaces/controller_interfaces_s__rosidl_typesupport_fastrtps_c.cpython-310-x86_64-linux-gnu.so[0m
[2.933s] [100%] Built target controller_interfaces__rosidl_typesupport_introspection_c__pyext
[2.933s] [100%] Built target controller_interfaces__rosidl_typesupport_fastrtps_c__pyext
[2.933s] [100%] Built target controller_interfaces__rosidl_typesupport_c__pyext
[2.941s] Invoked command in '/home/kireiji/RoboticsDev_ws/build/controller_interfaces' returned '0': CMAKE_PREFIX_PATH=${CMAKE_PREFIX_PATH}:/home/kireiji/RoboticsDev_ws/install/turtlesim_plus:/home/kireiji/RoboticsDev_ws/install/launch_testing_examples:/home/kireiji/RoboticsDev_ws/install/examples_rclpy_pointcloud_publisher:/home/kireiji/RoboticsDev_ws/install/examples_rclpy_minimal_subscriber:/home/kireiji/RoboticsDev_ws/install/examples_rclpy_minimal_service:/home/kireiji/RoboticsDev_ws/install/examples_rclpy_minimal_publisher:/home/kireiji/RoboticsDev_ws/install/examples_rclpy_minimal_client:/home/kireiji/RoboticsDev_ws/install/examples_rclpy_minimal_action_server:/home/kireiji/RoboticsDev_ws/install/examples_rclpy_minimal_action_client:/home/kireiji/RoboticsDev_ws/install/examples_rclpy_guard_conditions:/home/kireiji/RoboticsDev_ws/install/examples_rclpy_executors:/home/kireiji/ros2_ws/install/my_py_pkg:/opt/ros/humble /usr/bin/cmake --build /home/kireiji/RoboticsDev_ws/build/controller_interfaces -- -j16 -l16
[3.008s] Invoking command in '/home/kireiji/RoboticsDev_ws/build/controller_interfaces': CMAKE_PREFIX_PATH=${CMAKE_PREFIX_PATH}:/home/kireiji/RoboticsDev_ws/install/turtlesim_plus:/home/kireiji/RoboticsDev_ws/install/launch_testing_examples:/home/kireiji/RoboticsDev_ws/install/examples_rclpy_pointcloud_publisher:/home/kireiji/RoboticsDev_ws/install/examples_rclpy_minimal_subscriber:/home/kireiji/RoboticsDev_ws/install/examples_rclpy_minimal_service:/home/kireiji/RoboticsDev_ws/install/examples_rclpy_minimal_publisher:/home/kireiji/RoboticsDev_ws/install/examples_rclpy_minimal_client:/home/kireiji/RoboticsDev_ws/install/examples_rclpy_minimal_action_server:/home/kireiji/RoboticsDev_ws/install/examples_rclpy_minimal_action_client:/home/kireiji/RoboticsDev_ws/install/examples_rclpy_guard_conditions:/home/kireiji/RoboticsDev_ws/install/examples_rclpy_executors:/home/kireiji/ros2_ws/install/my_py_pkg:/opt/ros/humble /usr/bin/cmake --install /home/kireiji/RoboticsDev_ws/build/controller_interfaces
[3.012s] -- Install configuration: ""
[3.012s] -- Installing: /home/kireiji/RoboticsDev_ws/install/controller_interfaces/share/ament_index/resource_index/rosidl_interfaces/controller_interfaces
[3.013s] -- Installing: /home/kireiji/RoboticsDev_ws/install/controller_interfaces/include/controller_interfaces/controller_interfaces
[3.013s] -- Installing: /home/kireiji/RoboticsDev_ws/install/controller_interfaces/include/controller_interfaces/controller_interfaces/msg
[3.013s] -- Installing: /home/kireiji/RoboticsDev_ws/install/controller_interfaces/include/controller_interfaces/controller_interfaces/msg/rosidl_generator_c__visibility_control.h
[3.013s] -- Installing: /home/kireiji/RoboticsDev_ws/install/controller_interfaces/include/controller_interfaces/controller_interfaces/srv
[3.013s] -- Installing: /home/kireiji/RoboticsDev_ws/install/controller_interfaces/include/controller_interfaces/controller_interfaces/srv/set_param.h
[3.013s] -- Installing: /home/kireiji/RoboticsDev_ws/install/controller_interfaces/include/controller_interfaces/controller_interfaces/srv/detail
[3.013s] -- Installing: /home/kireiji/RoboticsDev_ws/install/controller_interfaces/include/controller_interfaces/controller_interfaces/srv/detail/set_param__functions.h
[3.013s] -- Installing: /home/kireiji/RoboticsDev_ws/install/controller_interfaces/include/controller_interfaces/controller_interfaces/srv/detail/set_param__struct.h
[3.013s] -- Installing: /home/kireiji/RoboticsDev_ws/install/controller_interfaces/include/controller_interfaces/controller_interfaces/srv/detail/set_param__functions.c
[3.013s] -- Installing: /home/kireiji/RoboticsDev_ws/install/controller_interfaces/include/controller_interfaces/controller_interfaces/srv/detail/set_target__type_support.h
[3.013s] -- Installing: /home/kireiji/RoboticsDev_ws/install/controller_interfaces/include/controller_interfaces/controller_interfaces/srv/detail/set_param__type_support.h
[3.013s] -- Installing: /home/kireiji/RoboticsDev_ws/install/controller_interfaces/include/controller_interfaces/controller_interfaces/srv/detail/set_target__struct.h
[3.013s] -- Installing: /home/kireiji/RoboticsDev_ws/install/controller_interfaces/include/controller_interfaces/controller_interfaces/srv/detail/set_target__functions.h
[3.013s] -- Installing: /home/kireiji/RoboticsDev_ws/install/controller_interfaces/include/controller_interfaces/controller_interfaces/srv/detail/set_target__functions.c
[3.013s] -- Installing: /home/kireiji/RoboticsDev_ws/install/controller_interfaces/include/controller_interfaces/controller_interfaces/srv/set_target.h
[3.013s] -- Installing: /home/kireiji/RoboticsDev_ws/install/controller_interfaces/share/controller_interfaces/environment/library_path.sh
[3.013s] -- Installing: /home/kireiji/RoboticsDev_ws/install/controller_interfaces/share/controller_interfaces/environment/library_path.dsv
[3.013s] -- Installing: /home/kireiji/RoboticsDev_ws/install/controller_interfaces/lib/libcontroller_interfaces__rosidl_generator_c.so
[3.014s] -- Set runtime path of "/home/kireiji/RoboticsDev_ws/install/controller_interfaces/lib/libcontroller_interfaces__rosidl_generator_c.so" to ""
[3.014s] -- Up-to-date: /home/kireiji/RoboticsDev_ws/install/controller_interfaces/include/controller_interfaces/controller_interfaces
[3.014s] -- Up-to-date: /home/kireiji/RoboticsDev_ws/install/controller_interfaces/include/controller_interfaces/controller_interfaces/msg
[3.014s] -- Installing: /home/kireiji/RoboticsDev_ws/install/controller_interfaces/include/controller_interfaces/controller_interfaces/msg/rosidl_typesupport_fastrtps_c__visibility_control.h
[3.014s] -- Up-to-date: /home/kireiji/RoboticsDev_ws/install/controller_interfaces/include/controller_interfaces/controller_interfaces/srv
[3.014s] -- Up-to-date: /home/kireiji/RoboticsDev_ws/install/controller_interfaces/include/controller_interfaces/controller_interfaces/srv/detail
[3.014s] -- Installing: /home/kireiji/RoboticsDev_ws/install/controller_interfaces/include/controller_interfaces/controller_interfaces/srv/detail/set_param__rosidl_typesupport_fastrtps_c.h
[3.014s] -- Installing: /home/kireiji/RoboticsDev_ws/install/controller_interfaces/include/controller_interfaces/controller_interfaces/srv/detail/set_target__rosidl_typesupport_fastrtps_c.h
[3.014s] -- Installing: /home/kireiji/RoboticsDev_ws/install/controller_interfaces/lib/libcontroller_interfaces__rosidl_typesupport_fastrtps_c.so
[3.014s] -- Set runtime path of "/home/kireiji/RoboticsDev_ws/install/controller_interfaces/lib/libcontroller_interfaces__rosidl_typesupport_fastrtps_c.so" to ""
[3.014s] -- Up-to-date: /home/kireiji/RoboticsDev_ws/install/controller_interfaces/include/controller_interfaces/controller_interfaces
[3.014s] -- Up-to-date: /home/kireiji/RoboticsDev_ws/install/controller_interfaces/include/controller_interfaces/controller_interfaces/srv
[3.014s] -- Installing: /home/kireiji/RoboticsDev_ws/install/controller_interfaces/include/controller_interfaces/controller_interfaces/srv/set_target.hpp
[3.014s] -- Up-to-date: /home/kireiji/RoboticsDev_ws/install/controller_interfaces/include/controller_interfaces/controller_interfaces/srv/detail
[3.014s] -- Installing: /home/kireiji/RoboticsDev_ws/install/controller_interfaces/include/controller_interfaces/controller_interfaces/srv/detail/set_target__traits.hpp
[3.014s] -- Installing: /home/kireiji/RoboticsDev_ws/install/controller_interfaces/include/controller_interfaces/controller_interfaces/srv/detail/set_param__builder.hpp
[3.014s] -- Installing: /home/kireiji/RoboticsDev_ws/install/controller_interfaces/include/controller_interfaces/controller_interfaces/srv/detail/set_target__struct.hpp
[3.014s] -- Installing: /home/kireiji/RoboticsDev_ws/install/controller_interfaces/include/controller_interfaces/controller_interfaces/srv/detail/set_target__builder.hpp
[3.014s] -- Installing: /home/kireiji/RoboticsDev_ws/install/controller_interfaces/include/controller_interfaces/controller_interfaces/srv/detail/set_param__traits.hpp
[3.014s] -- Installing: /home/kireiji/RoboticsDev_ws/install/controller_interfaces/include/controller_interfaces/controller_interfaces/srv/detail/set_param__struct.hpp
[3.014s] -- Installing: /home/kireiji/RoboticsDev_ws/install/controller_interfaces/include/controller_interfaces/controller_interfaces/srv/set_param.hpp
[3.014s] -- Up-to-date: /home/kireiji/RoboticsDev_ws/install/controller_interfaces/include/controller_interfaces/controller_interfaces
[3.015s] -- Up-to-date: /home/kireiji/RoboticsDev_ws/install/controller_interfaces/include/controller_interfaces/controller_interfaces/msg
[3.015s] -- Installing: /home/kireiji/RoboticsDev_ws/install/controller_interfaces/include/controller_interfaces/controller_interfaces/msg/rosidl_typesupport_fastrtps_cpp__visibility_control.h
[3.015s] -- Up-to-date: /home/kireiji/RoboticsDev_ws/install/controller_interfaces/include/controller_interfaces/controller_interfaces/srv
[3.015s] -- Up-to-date: /home/kireiji/RoboticsDev_ws/install/controller_interfaces/include/controller_interfaces/controller_interfaces/srv/detail
[3.015s] -- Installing: /home/kireiji/RoboticsDev_ws/install/controller_interfaces/include/controller_interfaces/controller_interfaces/srv/detail/set_target__rosidl_typesupport_fastrtps_cpp.hpp
[3.015s] -- Installing: /home/kireiji/RoboticsDev_ws/install/controller_interfaces/include/controller_interfaces/controller_interfaces/srv/detail/dds_fastrtps
[3.015s] -- Installing: /home/kireiji/RoboticsDev_ws/install/controller_interfaces/include/controller_interfaces/controller_interfaces/srv/detail/set_param__rosidl_typesupport_fastrtps_cpp.hpp
[3.015s] -- Installing: /home/kireiji/RoboticsDev_ws/install/controller_interfaces/lib/libcontroller_interfaces__rosidl_typesupport_fastrtps_cpp.so
[3.015s] -- Set runtime path of "/home/kireiji/RoboticsDev_ws/install/controller_interfaces/lib/libcontroller_interfaces__rosidl_typesupport_fastrtps_cpp.so" to ""
[3.015s] -- Up-to-date: /home/kireiji/RoboticsDev_ws/install/controller_interfaces/include/controller_interfaces/controller_interfaces
[3.015s] -- Up-to-date: /home/kireiji/RoboticsDev_ws/install/controller_interfaces/include/controller_interfaces/controller_interfaces/msg
[3.015s] -- Installing: /home/kireiji/RoboticsDev_ws/install/controller_interfaces/include/controller_interfaces/controller_interfaces/msg/rosidl_typesupport_introspection_c__visibility_control.h
[3.015s] -- Up-to-date: /home/kireiji/RoboticsDev_ws/install/controller_interfaces/include/controller_interfaces/controller_interfaces/srv
[3.015s] -- Up-to-date: /home/kireiji/RoboticsDev_ws/install/controller_interfaces/include/controller_interfaces/controller_interfaces/srv/detail
[3.015s] -- Installing: /home/kireiji/RoboticsDev_ws/install/controller_interfaces/include/controller_interfaces/controller_interfaces/srv/detail/set_param__type_support.c
[3.015s] -- Installing: /home/kireiji/RoboticsDev_ws/install/controller_interfaces/include/controller_interfaces/controller_interfaces/srv/detail/set_target__rosidl_typesupport_introspection_c.h
[3.015s] -- Installing: /home/kireiji/RoboticsDev_ws/install/controller_interfaces/include/controller_interfaces/controller_interfaces/srv/detail/set_target__type_support.c
[3.015s] -- Installing: /home/kireiji/RoboticsDev_ws/install/controller_interfaces/include/controller_interfaces/controller_interfaces/srv/detail/set_param__rosidl_typesupport_introspection_c.h
[3.015s] -- Installing: /home/kireiji/RoboticsDev_ws/install/controller_interfaces/lib/libcontroller_interfaces__rosidl_typesupport_introspection_c.so
[3.015s] -- Set runtime path of "/home/kireiji/RoboticsDev_ws/install/controller_interfaces/lib/libcontroller_interfaces__rosidl_typesupport_introspection_c.so" to ""
[3.015s] -- Installing: /home/kireiji/RoboticsDev_ws/install/controller_interfaces/lib/libcontroller_interfaces__rosidl_typesupport_c.so
[3.016s] -- Set runtime path of "/home/kireiji/RoboticsDev_ws/install/controller_interfaces/lib/libcontroller_interfaces__rosidl_typesupport_c.so" to ""
[3.016s] -- Up-to-date: /home/kireiji/RoboticsDev_ws/install/controller_interfaces/include/controller_interfaces/controller_interfaces
[3.016s] -- Up-to-date: /home/kireiji/RoboticsDev_ws/install/controller_interfaces/include/controller_interfaces/controller_interfaces/srv
[3.016s] -- Up-to-date: /home/kireiji/RoboticsDev_ws/install/controller_interfaces/include/controller_interfaces/controller_interfaces/srv/detail
[3.016s] -- Installing: /home/kireiji/RoboticsDev_ws/install/controller_interfaces/include/controller_interfaces/controller_interfaces/srv/detail/set_param__rosidl_typesupport_introspection_cpp.hpp
[3.016s] -- Installing: /home/kireiji/RoboticsDev_ws/install/controller_interfaces/include/controller_interfaces/controller_interfaces/srv/detail/set_target__rosidl_typesupport_introspection_cpp.hpp
[3.016s] -- Installing: /home/kireiji/RoboticsDev_ws/install/controller_interfaces/include/controller_interfaces/controller_interfaces/srv/detail/set_param__type_support.cpp
[3.016s] -- Installing: /home/kireiji/RoboticsDev_ws/install/controller_interfaces/include/controller_interfaces/controller_interfaces/srv/detail/set_target__type_support.cpp
[3.016s] -- Installing: /home/kireiji/RoboticsDev_ws/install/controller_interfaces/lib/libcontroller_interfaces__rosidl_typesupport_introspection_cpp.so
[3.016s] -- Set runtime path of "/home/kireiji/RoboticsDev_ws/install/controller_interfaces/lib/libcontroller_interfaces__rosidl_typesupport_introspection_cpp.so" to ""
[3.016s] -- Installing: /home/kireiji/RoboticsDev_ws/install/controller_interfaces/lib/libcontroller_interfaces__rosidl_typesupport_cpp.so
[3.016s] -- Set runtime path of "/home/kireiji/RoboticsDev_ws/install/controller_interfaces/lib/libcontroller_interfaces__rosidl_typesupport_cpp.so" to ""
[3.016s] -- Installing: /home/kireiji/RoboticsDev_ws/install/controller_interfaces/share/controller_interfaces/environment/pythonpath.sh
[3.016s] -- Installing: /home/kireiji/RoboticsDev_ws/install/controller_interfaces/share/controller_interfaces/environment/pythonpath.dsv
[3.016s] -- Installing: /home/kireiji/RoboticsDev_ws/install/controller_interfaces/lib/python3.10/site-packages/controller_interfaces-0.0.0-py3.10.egg-info
[3.016s] -- Installing: /home/kireiji/RoboticsDev_ws/install/controller_interfaces/lib/python3.10/site-packages/controller_interfaces-0.0.0-py3.10.egg-info/PKG-INFO
[3.017s] -- Installing: /home/kireiji/RoboticsDev_ws/install/controller_interfaces/lib/python3.10/site-packages/controller_interfaces-0.0.0-py3.10.egg-info/dependency_links.txt
[3.017s] -- Installing: /home/kireiji/RoboticsDev_ws/install/controller_interfaces/lib/python3.10/site-packages/controller_interfaces-0.0.0-py3.10.egg-info/top_level.txt
[3.017s] -- Installing: /home/kireiji/RoboticsDev_ws/install/controller_interfaces/lib/python3.10/site-packages/controller_interfaces-0.0.0-py3.10.egg-info/SOURCES.txt
[3.017s] -- Installing: /home/kireiji/RoboticsDev_ws/install/controller_interfaces/lib/python3.10/site-packages/controller_interfaces
[3.017s] -- Installing: /home/kireiji/RoboticsDev_ws/install/controller_interfaces/lib/python3.10/site-packages/controller_interfaces/__init__.py
[3.017s] -- Installing: /home/kireiji/RoboticsDev_ws/install/controller_interfaces/lib/python3.10/site-packages/controller_interfaces/_controller_interfaces_s.ep.rosidl_typesupport_introspection_c.c
[3.017s] -- Installing: /home/kireiji/RoboticsDev_ws/install/controller_interfaces/lib/python3.10/site-packages/controller_interfaces/_controller_interfaces_s.ep.rosidl_typesupport_fastrtps_c.c
[3.017s] -- Installing: /home/kireiji/RoboticsDev_ws/install/controller_interfaces/lib/python3.10/site-packages/controller_interfaces/controller_interfaces_s__rosidl_typesupport_introspection_c.cpython-310-x86_64-linux-gnu.so
[3.017s] -- Installing: /home/kireiji/RoboticsDev_ws/install/controller_interfaces/lib/python3.10/site-packages/controller_interfaces/libcontroller_interfaces__rosidl_generator_py.so
[3.024s] -- Installing: /home/kireiji/RoboticsDev_ws/install/controller_interfaces/lib/python3.10/site-packages/controller_interfaces/controller_interfaces_s__rosidl_typesupport_c.cpython-310-x86_64-linux-gnu.so
[3.024s] -- Installing: /home/kireiji/RoboticsDev_ws/install/controller_interfaces/lib/python3.10/site-packages/controller_interfaces/srv
[3.025s] -- Installing: /home/kireiji/RoboticsDev_ws/install/controller_interfaces/lib/python3.10/site-packages/controller_interfaces/srv/_set_target.py
[3.025s] -- Installing: /home/kireiji/RoboticsDev_ws/install/controller_interfaces/lib/python3.10/site-packages/controller_interfaces/srv/__init__.py
[3.025s] -- Installing: /home/kireiji/RoboticsDev_ws/install/controller_interfaces/lib/python3.10/site-packages/controller_interfaces/srv/_set_target_s.c
[3.025s] -- Installing: /home/kireiji/RoboticsDev_ws/install/controller_interfaces/lib/python3.10/site-packages/controller_interfaces/srv/_set_param.py
[3.025s] -- Installing: /home/kireiji/RoboticsDev_ws/install/controller_interfaces/lib/python3.10/site-packages/controller_interfaces/srv/_set_param_s.c
[3.025s] -- Installing: /home/kireiji/RoboticsDev_ws/install/controller_interfaces/lib/python3.10/site-packages/controller_interfaces/controller_interfaces_s__rosidl_typesupport_fastrtps_c.cpython-310-x86_64-linux-gnu.so
[3.025s] -- Installing: /home/kireiji/RoboticsDev_ws/install/controller_interfaces/lib/python3.10/site-packages/controller_interfaces/_controller_interfaces_s.ep.rosidl_typesupport_c.c
[3.057s] Listing '/home/kireiji/RoboticsDev_ws/install/controller_interfaces/lib/python3.10/site-packages/controller_interfaces'...
[3.057s] Compiling '/home/kireiji/RoboticsDev_ws/install/controller_interfaces/lib/python3.10/site-packages/controller_interfaces/__init__.py'...
[3.057s] Listing '/home/kireiji/RoboticsDev_ws/install/controller_interfaces/lib/python3.10/site-packages/controller_interfaces/srv'...
[3.057s] Compiling '/home/kireiji/RoboticsDev_ws/install/controller_interfaces/lib/python3.10/site-packages/controller_interfaces/srv/__init__.py'...
[3.058s] Compiling '/home/kireiji/RoboticsDev_ws/install/controller_interfaces/lib/python3.10/site-packages/controller_interfaces/srv/_set_param.py'...
[3.058s] Compiling '/home/kireiji/RoboticsDev_ws/install/controller_interfaces/lib/python3.10/site-packages/controller_interfaces/srv/_set_target.py'...
[3.060s] -- Installing: /home/kireiji/RoboticsDev_ws/install/controller_interfaces/lib/python3.10/site-packages/controller_interfaces/controller_interfaces_s__rosidl_typesupport_fastrtps_c.cpython-310-x86_64-linux-gnu.so
[3.060s] -- Set runtime path of "/home/kireiji/RoboticsDev_ws/install/controller_interfaces/lib/python3.10/site-packages/controller_interfaces/controller_interfaces_s__rosidl_typesupport_fastrtps_c.cpython-310-x86_64-linux-gnu.so" to ""
[3.061s] -- Installing: /home/kireiji/RoboticsDev_ws/install/controller_interfaces/lib/python3.10/site-packages/controller_interfaces/controller_interfaces_s__rosidl_typesupport_introspection_c.cpython-310-x86_64-linux-gnu.so
[3.061s] -- Set runtime path of "/home/kireiji/RoboticsDev_ws/install/controller_interfaces/lib/python3.10/site-packages/controller_interfaces/controller_interfaces_s__rosidl_typesupport_introspection_c.cpython-310-x86_64-linux-gnu.so" to ""
[3.061s] -- Installing: /home/kireiji/RoboticsDev_ws/install/controller_interfaces/lib/python3.10/site-packages/controller_interfaces/controller_interfaces_s__rosidl_typesupport_c.cpython-310-x86_64-linux-gnu.so
[3.061s] -- Set runtime path of "/home/kireiji/RoboticsDev_ws/install/controller_interfaces/lib/python3.10/site-packages/controller_interfaces/controller_interfaces_s__rosidl_typesupport_c.cpython-310-x86_64-linux-gnu.so" to ""
[3.061s] -- Installing: /home/kireiji/RoboticsDev_ws/install/controller_interfaces/lib/libcontroller_interfaces__rosidl_generator_py.so
[3.068s] -- Set runtime path of "/home/kireiji/RoboticsDev_ws/install/controller_interfaces/lib/libcontroller_interfaces__rosidl_generator_py.so" to ""
[3.068s] -- Installing: /home/kireiji/RoboticsDev_ws/install/controller_interfaces/share/controller_interfaces/srv/SetParam.idl
[3.068s] -- Installing: /home/kireiji/RoboticsDev_ws/install/controller_interfaces/share/controller_interfaces/srv/SetTarget.idl
[3.068s] -- Installing: /home/kireiji/RoboticsDev_ws/install/controller_interfaces/share/controller_interfaces/srv/SetParam.srv
[3.068s] -- Installing: /home/kireiji/RoboticsDev_ws/install/controller_interfaces/share/controller_interfaces/srv/SetParam_Request.msg
[3.068s] -- Installing: /home/kireiji/RoboticsDev_ws/install/controller_interfaces/share/controller_interfaces/srv/SetParam_Response.msg
[3.068s] -- Installing: /home/kireiji/RoboticsDev_ws/install/controller_interfaces/share/controller_interfaces/srv/SetTarget.srv
[3.068s] -- Installing: /home/kireiji/RoboticsDev_ws/install/controller_interfaces/share/controller_interfaces/srv/SetTarget_Request.msg
[3.068s] -- Installing: /home/kireiji/RoboticsDev_ws/install/controller_interfaces/share/controller_interfaces/srv/SetTarget_Response.msg
[3.068s] -- Installing: /home/kireiji/RoboticsDev_ws/install/controller_interfaces/share/ament_index/resource_index/package_run_dependencies/controller_interfaces
[3.069s] -- Installing: /home/kireiji/RoboticsDev_ws/install/controller_interfaces/share/ament_index/resource_index/parent_prefix_path/controller_interfaces
[3.069s] -- Installing: /home/kireiji/RoboticsDev_ws/install/controller_interfaces/share/controller_interfaces/environment/ament_prefix_path.sh
[3.069s] -- Installing: /home/kireiji/RoboticsDev_ws/install/controller_interfaces/share/controller_interfaces/environment/ament_prefix_path.dsv
[3.069s] -- Installing: /home/kireiji/RoboticsDev_ws/install/controller_interfaces/share/controller_interfaces/environment/path.sh
[3.069s] -- Installing: /home/kireiji/RoboticsDev_ws/install/controller_interfaces/share/controller_interfaces/environment/path.dsv
[3.069s] -- Installing: /home/kireiji/RoboticsDev_ws/install/controller_interfaces/share/controller_interfaces/local_setup.bash
[3.069s] -- Installing: /home/kireiji/RoboticsDev_ws/install/controller_interfaces/share/controller_interfaces/local_setup.sh
[3.069s] -- Installing: /home/kireiji/RoboticsDev_ws/install/controller_interfaces/share/controller_interfaces/local_setup.zsh
[3.069s] -- Installing: /home/kireiji/RoboticsDev_ws/install/controller_interfaces/share/controller_interfaces/local_setup.dsv
[3.069s] -- Installing: /home/kireiji/RoboticsDev_ws/install/controller_interfaces/share/controller_interfaces/package.dsv
[3.069s] -- Installing: /home/kireiji/RoboticsDev_ws/install/controller_interfaces/share/ament_index/resource_index/packages/controller_interfaces
[3.069s] -- Installing: /home/kireiji/RoboticsDev_ws/install/controller_interfaces/share/controller_interfaces/cmake/export_controller_interfaces__rosidl_generator_cExport.cmake
[3.069s] -- Installing: /home/kireiji/RoboticsDev_ws/install/controller_interfaces/share/controller_interfaces/cmake/export_controller_interfaces__rosidl_generator_cExport-noconfig.cmake
[3.069s] -- Installing: /home/kireiji/RoboticsDev_ws/install/controller_interfaces/share/controller_interfaces/cmake/export_controller_interfaces__rosidl_typesupport_fastrtps_cExport.cmake
[3.069s] -- Installing: /home/kireiji/RoboticsDev_ws/install/controller_interfaces/share/controller_interfaces/cmake/export_controller_interfaces__rosidl_typesupport_fastrtps_cExport-noconfig.cmake
[3.069s] -- Installing: /home/kireiji/RoboticsDev_ws/install/controller_interfaces/share/controller_interfaces/cmake/export_controller_interfaces__rosidl_generator_cppExport.cmake
[3.070s] -- Installing: /home/kireiji/RoboticsDev_ws/install/controller_interfaces/share/controller_interfaces/cmake/export_controller_interfaces__rosidl_typesupport_fastrtps_cppExport.cmake
[3.070s] -- Installing: /home/kireiji/RoboticsDev_ws/install/controller_interfaces/share/controller_interfaces/cmake/export_controller_interfaces__rosidl_typesupport_fastrtps_cppExport-noconfig.cmake
[3.070s] -- Installing: /home/kireiji/RoboticsDev_ws/install/controller_interfaces/share/controller_interfaces/cmake/controller_interfaces__rosidl_typesupport_introspection_cExport.cmake
[3.070s] -- Installing: /home/kireiji/RoboticsDev_ws/install/controller_interfaces/share/controller_interfaces/cmake/controller_interfaces__rosidl_typesupport_introspection_cExport-noconfig.cmake
[3.070s] -- Installing: /home/kireiji/RoboticsDev_ws/install/controller_interfaces/share/controller_interfaces/cmake/controller_interfaces__rosidl_typesupport_cExport.cmake
[3.070s] -- Installing: /home/kireiji/RoboticsDev_ws/install/controller_interfaces/share/controller_interfaces/cmake/controller_interfaces__rosidl_typesupport_cExport-noconfig.cmake
[3.070s] -- Installing: /home/kireiji/RoboticsDev_ws/install/controller_interfaces/share/controller_interfaces/cmake/controller_interfaces__rosidl_typesupport_introspection_cppExport.cmake
[3.070s] -- Installing: /home/kireiji/RoboticsDev_ws/install/controller_interfaces/share/controller_interfaces/cmake/controller_interfaces__rosidl_typesupport_introspection_cppExport-noconfig.cmake
[3.070s] -- Installing: /home/kireiji/RoboticsDev_ws/install/controller_interfaces/share/controller_interfaces/cmake/controller_interfaces__rosidl_typesupport_cppExport.cmake
[3.070s] -- Installing: /home/kireiji/RoboticsDev_ws/install/controller_interfaces/share/controller_interfaces/cmake/controller_interfaces__rosidl_typesupport_cppExport-noconfig.cmake
[3.070s] -- Installing: /home/kireiji/RoboticsDev_ws/install/controller_interfaces/share/controller_interfaces/cmake/export_controller_interfaces__rosidl_generator_pyExport.cmake
[3.070s] -- Installing: /home/kireiji/RoboticsDev_ws/install/controller_interfaces/share/controller_interfaces/cmake/export_controller_interfaces__rosidl_generator_pyExport-noconfig.cmake
[3.070s] -- Installing: /home/kireiji/RoboticsDev_ws/install/controller_interfaces/share/controller_interfaces/cmake/rosidl_cmake-extras.cmake
[3.070s] -- Installing: /home/kireiji/RoboticsDev_ws/install/controller_interfaces/share/controller_interfaces/cmake/ament_cmake_export_dependencies-extras.cmake
[3.070s] -- Installing: /home/kireiji/RoboticsDev_ws/install/controller_interfaces/share/controller_interfaces/cmake/ament_cmake_export_include_directories-extras.cmake
[3.070s] -- Installing: /home/kireiji/RoboticsDev_ws/install/controller_interfaces/share/controller_interfaces/cmake/ament_cmake_export_libraries-extras.cmake
[3.070s] -- Installing: /home/kireiji/RoboticsDev_ws/install/controller_interfaces/share/controller_interfaces/cmake/ament_cmake_export_targets-extras.cmake
[3.071s] -- Installing: /home/kireiji/RoboticsDev_ws/install/controller_interfaces/share/controller_interfaces/cmake/rosidl_cmake_export_typesupport_targets-extras.cmake
[3.081s] -- Installing: /home/kireiji/RoboticsDev_ws/install/controller_interfaces/share/controller_interfaces/cmake/rosidl_cmake_export_typesupport_libraries-extras.cmake
[3.081s] -- Installing: /home/kireiji/RoboticsDev_ws/install/controller_interfaces/share/controller_interfaces/cmake/controller_interfacesConfig.cmake
[3.081s] -- Installing: /home/kireiji/RoboticsDev_ws/install/controller_interfaces/share/controller_interfaces/cmake/controller_interfacesConfig-version.cmake
[3.081s] -- Installing: /home/kireiji/RoboticsDev_ws/install/controller_interfaces/share/controller_interfaces/package.xml
[3.083s] Invoked command in '/home/kireiji/RoboticsDev_ws/build/controller_interfaces' returned '0': CMAKE_PREFIX_PATH=${CMAKE_PREFIX_PATH}:/home/kireiji/RoboticsDev_ws/install/turtlesim_plus:/home/kireiji/RoboticsDev_ws/install/launch_testing_examples:/home/kireiji/RoboticsDev_ws/install/examples_rclpy_pointcloud_publisher:/home/kireiji/RoboticsDev_ws/install/examples_rclpy_minimal_subscriber:/home/kireiji/RoboticsDev_ws/install/examples_rclpy_minimal_service:/home/kireiji/RoboticsDev_ws/install/examples_rclpy_minimal_publisher:/home/kireiji/RoboticsDev_ws/install/examples_rclpy_minimal_client:/home/kireiji/RoboticsDev_ws/install/examples_rclpy_minimal_action_server:/home/kireiji/RoboticsDev_ws/install/examples_rclpy_minimal_action_client:/home/kireiji/RoboticsDev_ws/install/examples_rclpy_guard_conditions:/home/kireiji/RoboticsDev_ws/install/examples_rclpy_executors:/home/kireiji/ros2_ws/install/my_py_pkg:/opt/ros/humble /usr/bin/cmake --install /home/kireiji/RoboticsDev_ws/build/controller_interfaces
