-- The C compiler identification is GNU 11.4.0
-- The CXX compiler identification is GNU 11.4.0
-- Detecting C compiler ABI info
-- Detecting C compiler ABI info - done
-- Check for working C compiler: /usr/bin/cc - skipped
-- Detecting C compile features
-- Detecting C compile features - done
-- Detecting CXX compiler ABI info
-- Detecting CXX compiler ABI info - done
-- Check for working CXX compiler: /usr/bin/c++ - skipped
-- Detecting CXX compile features
-- Detecting CXX compile features - done
-- Found ament_cmake: 1.3.10 (/opt/ros/humble/share/ament_cmake/cmake)
-- Found Python3: /usr/local/bin/python3 (found version "3.10.0") found components: Interpreter 
-- Found std_msgs: 4.2.4 (/opt/ros/humble/share/std_msgs/cmake)
-- Found rosidl_generator_c: 3.1.5 (/opt/ros/humble/share/rosidl_generator_c/cmake)
-- Found rosidl_adapter: 3.1.5 (/opt/ros/humble/share/rosidl_adapter/cmake)
-- Found rosidl_generator_cpp: 3.1.5 (/opt/ros/humble/share/rosidl_generator_cpp/cmake)
-- Using all available rosidl_typesupport_c: rosidl_typesupport_fastrtps_c;rosidl_typesupport_introspection_c
-- Using all available rosidl_typesupport_cpp: rosidl_typesupport_fastrtps_cpp;rosidl_typesupport_introspection_cpp
-- Found rosidl_default_generators: 1.2.0 (/opt/ros/humble/share/rosidl_default_generators/cmake)
-- Found ament_lint_auto: 0.12.11 (/opt/ros/humble/share/ament_lint_auto/cmake)
-- Found ament_cmake_ros: 0.10.0 (/opt/ros/humble/share/ament_cmake_ros/cmake)
-- Using all available rosidl_typesupport_c: rosidl_typesupport_fastrtps_c;rosidl_typesupport_introspection_c
-- Using all available rosidl_typesupport_cpp: rosidl_typesupport_fastrtps_cpp;rosidl_typesupport_introspection_cpp
-- Found PythonInterp: /usr/local/bin/python3 (found suitable version "3.10", minimum required is "3.6") 
-- Found python_cmake_module: 0.10.0 (/opt/ros/humble/share/python_cmake_module/cmake)
-- Found PythonLibs: /usr/local/lib/libpython3.10.a (found suitable version "3.10.0", minimum required is "3.5") 
-- Using PYTHON_EXECUTABLE: /usr/local/bin/python3
-- Using PYTHON_INCLUDE_DIRS: /usr/local/include/python3.10
-- Using PYTHON_LIBRARIES: /usr/local/lib/libpython3.10.a
-- Found PythonExtra: .so  
-- Using numpy include directory: /home/kireiji/.local/lib/python3.10/site-packages/numpy/_core/include
-- Added test 'lint_cmake' to check CMake code style
-- Added test 'xmllint' to check XML markup files
-- Configuring done
-- Generating done
-- Build files have been written to: /home/kireiji/RoboticsDev_ws/build/lab1_interfaces
[  3%] [34m[1mGenerating C++ code for ROS interfaces[0m
[  3%] Built target lab1_interfaces__cpp
[  3%] Built target ament_cmake_python_copy_lab1_interfaces
[  6%] [34m[1mGenerating C++ introspection for ROS interfaces[0m
[  9%] [32mBuilding CXX object CMakeFiles/lab1_interfaces__rosidl_typesupport_introspection_cpp.dir/rosidl_typesupport_introspection_cpp/lab1_interfaces/srv/detail/set_noise__type_support.cpp.o[0m
[ 12%] [32m[1mLinking CXX shared library liblab1_interfaces__rosidl_typesupport_introspection_cpp.so[0m
[ 12%] Built target lab1_interfaces__rosidl_typesupport_introspection_cpp
running egg_info
creating lab1_interfaces.egg-info
writing manifest file 'lab1_interfaces.egg-info/SOURCES.txt'
writing manifest file 'lab1_interfaces.egg-info/SOURCES.txt'
[ 12%] Built target ament_cmake_python_build_lab1_interfaces_egg
[ 16%] [34m[1mGenerating C++ type support for eProsima Fast-RTPS[0m
[ 19%] [32mBuilding CXX object CMakeFiles/lab1_interfaces__rosidl_typesupport_fastrtps_cpp.dir/rosidl_typesupport_fastrtps_cpp/lab1_interfaces/srv/detail/dds_fastrtps/set_noise__type_support.cpp.o[0m
[ 22%] [32m[1mLinking CXX shared library liblab1_interfaces__rosidl_typesupport_fastrtps_cpp.so[0m
[ 22%] Built target lab1_interfaces__rosidl_typesupport_fastrtps_cpp
[ 25%] [34m[1mGenerating C++ type support dispatch for ROS interfaces[0m
[ 29%] [32mBuilding CXX object CMakeFiles/lab1_interfaces__rosidl_typesupport_cpp.dir/rosidl_typesupport_cpp/lab1_interfaces/srv/set_noise__type_support.cpp.o[0m
[ 32%] [32m[1mLinking CXX shared library liblab1_interfaces__rosidl_typesupport_cpp.so[0m
[ 32%] Built target lab1_interfaces__rosidl_typesupport_cpp
[ 35%] [34m[1mGenerating C code for ROS interfaces[0m
[ 38%] [32mBuilding C object CMakeFiles/lab1_interfaces__rosidl_generator_c.dir/rosidl_generator_c/lab1_interfaces/srv/detail/set_noise__functions.c.o[0m
[ 41%] [32m[1mLinking C shared library liblab1_interfaces__rosidl_generator_c.so[0m
[ 41%] Built target lab1_interfaces__rosidl_generator_c
[ 45%] [34m[1mGenerating C type support for eProsima Fast-RTPS[0m
[ 48%] [32mBuilding CXX object CMakeFiles/lab1_interfaces__rosidl_typesupport_fastrtps_c.dir/rosidl_typesupport_fastrtps_c/lab1_interfaces/srv/detail/set_noise__type_support_c.cpp.o[0m
[ 51%] [32m[1mLinking CXX shared library liblab1_interfaces__rosidl_typesupport_fastrtps_c.so[0m
[ 51%] Built target lab1_interfaces__rosidl_typesupport_fastrtps_c
[ 54%] [34m[1mGenerating C type support dispatch for ROS interfaces[0m
[ 58%] [32mBuilding CXX object CMakeFiles/lab1_interfaces__rosidl_typesupport_c.dir/rosidl_typesupport_c/lab1_interfaces/srv/set_noise__type_support.cpp.o[0m
[ 61%] [32m[1mLinking CXX shared library liblab1_interfaces__rosidl_typesupport_c.so[0m
[ 61%] Built target lab1_interfaces__rosidl_typesupport_c
[ 64%] [34m[1mGenerating C introspection for ROS interfaces[0m
[ 67%] [32mBuilding C object CMakeFiles/lab1_interfaces__rosidl_typesupport_introspection_c.dir/rosidl_typesupport_introspection_c/lab1_interfaces/srv/detail/set_noise__type_support.c.o[0m
[ 70%] [32m[1mLinking C shared library liblab1_interfaces__rosidl_typesupport_introspection_c.so[0m
[ 70%] Built target lab1_interfaces__rosidl_typesupport_introspection_c
[ 70%] Built target lab1_interfaces
[ 74%] [34m[1mGenerating Python code for ROS interfaces[0m
[ 74%] Built target lab1_interfaces__py
[ 77%] [32mBuilding C object CMakeFiles/lab1_interfaces__rosidl_generator_py.dir/rosidl_generator_py/lab1_interfaces/srv/_set_noise_s.c.o[0m
[ 80%] [32m[1mLinking C shared library rosidl_generator_py/lab1_interfaces/liblab1_interfaces__rosidl_generator_py.so[0m
[ 80%] Built target lab1_interfaces__rosidl_generator_py
[ 83%] [32mBuilding C object CMakeFiles/lab1_interfaces__rosidl_typesupport_fastrtps_c__pyext.dir/rosidl_generator_py/lab1_interfaces/_lab1_interfaces_s.ep.rosidl_typesupport_fastrtps_c.c.o[0m
[ 87%] [32m[1mLinking C shared library rosidl_generator_py/lab1_interfaces/lab1_interfaces_s__rosidl_typesupport_fastrtps_c.cpython-310-x86_64-linux-gnu.so[0m
[ 87%] Built target lab1_interfaces__rosidl_typesupport_fastrtps_c__pyext
[ 90%] [32mBuilding C object CMakeFiles/lab1_interfaces__rosidl_typesupport_c__pyext.dir/rosidl_generator_py/lab1_interfaces/_lab1_interfaces_s.ep.rosidl_typesupport_c.c.o[0m
[ 93%] [32m[1mLinking C shared library rosidl_generator_py/lab1_interfaces/lab1_interfaces_s__rosidl_typesupport_c.cpython-310-x86_64-linux-gnu.so[0m
[ 93%] Built target lab1_interfaces__rosidl_typesupport_c__pyext
[ 96%] [32mBuilding C object CMakeFiles/lab1_interfaces__rosidl_typesupport_introspection_c__pyext.dir/rosidl_generator_py/lab1_interfaces/_lab1_interfaces_s.ep.rosidl_typesupport_introspection_c.c.o[0m
[100%] [32m[1mLinking C shared library rosidl_generator_py/lab1_interfaces/lab1_interfaces_s__rosidl_typesupport_introspection_c.cpython-310-x86_64-linux-gnu.so[0m
[100%] Built target lab1_interfaces__rosidl_typesupport_introspection_c__pyext
-- Install configuration: ""
-- Installing: /home/kireiji/RoboticsDev_ws/install/lab1_interfaces/share/ament_index/resource_index/rosidl_interfaces/lab1_interfaces
-- Installing: /home/kireiji/RoboticsDev_ws/install/lab1_interfaces/include/lab1_interfaces/lab1_interfaces
-- Installing: /home/kireiji/RoboticsDev_ws/install/lab1_interfaces/include/lab1_interfaces/lab1_interfaces/msg
-- Installing: /home/kireiji/RoboticsDev_ws/install/lab1_interfaces/include/lab1_interfaces/lab1_interfaces/msg/rosidl_generator_c__visibility_control.h
-- Installing: /home/kireiji/RoboticsDev_ws/install/lab1_interfaces/include/lab1_interfaces/lab1_interfaces/srv
-- Installing: /home/kireiji/RoboticsDev_ws/install/lab1_interfaces/include/lab1_interfaces/lab1_interfaces/srv/set_noise.h
-- Installing: /home/kireiji/RoboticsDev_ws/install/lab1_interfaces/include/lab1_interfaces/lab1_interfaces/srv/detail
-- Installing: /home/kireiji/RoboticsDev_ws/install/lab1_interfaces/include/lab1_interfaces/lab1_interfaces/srv/detail/set_noise__struct.h
-- Installing: /home/kireiji/RoboticsDev_ws/install/lab1_interfaces/include/lab1_interfaces/lab1_interfaces/srv/detail/set_noise__type_support.h
-- Installing: /home/kireiji/RoboticsDev_ws/install/lab1_interfaces/include/lab1_interfaces/lab1_interfaces/srv/detail/set_noise__functions.h
-- Installing: /home/kireiji/RoboticsDev_ws/install/lab1_interfaces/include/lab1_interfaces/lab1_interfaces/srv/detail/set_noise__functions.c
-- Installing: /home/kireiji/RoboticsDev_ws/install/lab1_interfaces/share/lab1_interfaces/environment/library_path.sh
-- Installing: /home/kireiji/RoboticsDev_ws/install/lab1_interfaces/share/lab1_interfaces/environment/library_path.dsv
-- Installing: /home/kireiji/RoboticsDev_ws/install/lab1_interfaces/lib/liblab1_interfaces__rosidl_generator_c.so
-- Set runtime path of "/home/kireiji/RoboticsDev_ws/install/lab1_interfaces/lib/liblab1_interfaces__rosidl_generator_c.so" to ""
-- Up-to-date: /home/kireiji/RoboticsDev_ws/install/lab1_interfaces/include/lab1_interfaces/lab1_interfaces
-- Up-to-date: /home/kireiji/RoboticsDev_ws/install/lab1_interfaces/include/lab1_interfaces/lab1_interfaces/msg
-- Installing: /home/kireiji/RoboticsDev_ws/install/lab1_interfaces/include/lab1_interfaces/lab1_interfaces/msg/rosidl_typesupport_fastrtps_c__visibility_control.h
-- Up-to-date: /home/kireiji/RoboticsDev_ws/install/lab1_interfaces/include/lab1_interfaces/lab1_interfaces/srv
-- Up-to-date: /home/kireiji/RoboticsDev_ws/install/lab1_interfaces/include/lab1_interfaces/lab1_interfaces/srv/detail
-- Installing: /home/kireiji/RoboticsDev_ws/install/lab1_interfaces/include/lab1_interfaces/lab1_interfaces/srv/detail/set_noise__rosidl_typesupport_fastrtps_c.h
-- Installing: /home/kireiji/RoboticsDev_ws/install/lab1_interfaces/lib/liblab1_interfaces__rosidl_typesupport_fastrtps_c.so
-- Set runtime path of "/home/kireiji/RoboticsDev_ws/install/lab1_interfaces/lib/liblab1_interfaces__rosidl_typesupport_fastrtps_c.so" to ""
-- Up-to-date: /home/kireiji/RoboticsDev_ws/install/lab1_interfaces/include/lab1_interfaces/lab1_interfaces
-- Up-to-date: /home/kireiji/RoboticsDev_ws/install/lab1_interfaces/include/lab1_interfaces/lab1_interfaces/srv
-- Installing: /home/kireiji/RoboticsDev_ws/install/lab1_interfaces/include/lab1_interfaces/lab1_interfaces/srv/set_noise.hpp
-- Up-to-date: /home/kireiji/RoboticsDev_ws/install/lab1_interfaces/include/lab1_interfaces/lab1_interfaces/srv/detail
-- Installing: /home/kireiji/RoboticsDev_ws/install/lab1_interfaces/include/lab1_interfaces/lab1_interfaces/srv/detail/set_noise__traits.hpp
-- Installing: /home/kireiji/RoboticsDev_ws/install/lab1_interfaces/include/lab1_interfaces/lab1_interfaces/srv/detail/set_noise__struct.hpp
-- Installing: /home/kireiji/RoboticsDev_ws/install/lab1_interfaces/include/lab1_interfaces/lab1_interfaces/srv/detail/set_noise__builder.hpp
-- Up-to-date: /home/kireiji/RoboticsDev_ws/install/lab1_interfaces/include/lab1_interfaces/lab1_interfaces
-- Up-to-date: /home/kireiji/RoboticsDev_ws/install/lab1_interfaces/include/lab1_interfaces/lab1_interfaces/msg
-- Installing: /home/kireiji/RoboticsDev_ws/install/lab1_interfaces/include/lab1_interfaces/lab1_interfaces/msg/rosidl_typesupport_fastrtps_cpp__visibility_control.h
-- Up-to-date: /home/kireiji/RoboticsDev_ws/install/lab1_interfaces/include/lab1_interfaces/lab1_interfaces/srv
-- Up-to-date: /home/kireiji/RoboticsDev_ws/install/lab1_interfaces/include/lab1_interfaces/lab1_interfaces/srv/detail
-- Installing: /home/kireiji/RoboticsDev_ws/install/lab1_interfaces/include/lab1_interfaces/lab1_interfaces/srv/detail/dds_fastrtps
-- Installing: /home/kireiji/RoboticsDev_ws/install/lab1_interfaces/include/lab1_interfaces/lab1_interfaces/srv/detail/set_noise__rosidl_typesupport_fastrtps_cpp.hpp
-- Installing: /home/kireiji/RoboticsDev_ws/install/lab1_interfaces/lib/liblab1_interfaces__rosidl_typesupport_fastrtps_cpp.so
-- Set runtime path of "/home/kireiji/RoboticsDev_ws/install/lab1_interfaces/lib/liblab1_interfaces__rosidl_typesupport_fastrtps_cpp.so" to ""
-- Up-to-date: /home/kireiji/RoboticsDev_ws/install/lab1_interfaces/include/lab1_interfaces/lab1_interfaces
-- Up-to-date: /home/kireiji/RoboticsDev_ws/install/lab1_interfaces/include/lab1_interfaces/lab1_interfaces/msg
-- Installing: /home/kireiji/RoboticsDev_ws/install/lab1_interfaces/include/lab1_interfaces/lab1_interfaces/msg/rosidl_typesupport_introspection_c__visibility_control.h
-- Up-to-date: /home/kireiji/RoboticsDev_ws/install/lab1_interfaces/include/lab1_interfaces/lab1_interfaces/srv
-- Up-to-date: /home/kireiji/RoboticsDev_ws/install/lab1_interfaces/include/lab1_interfaces/lab1_interfaces/srv/detail
-- Installing: /home/kireiji/RoboticsDev_ws/install/lab1_interfaces/include/lab1_interfaces/lab1_interfaces/srv/detail/set_noise__type_support.c
-- Installing: /home/kireiji/RoboticsDev_ws/install/lab1_interfaces/include/lab1_interfaces/lab1_interfaces/srv/detail/set_noise__rosidl_typesupport_introspection_c.h
-- Installing: /home/kireiji/RoboticsDev_ws/install/lab1_interfaces/lib/liblab1_interfaces__rosidl_typesupport_introspection_c.so
-- Set runtime path of "/home/kireiji/RoboticsDev_ws/install/lab1_interfaces/lib/liblab1_interfaces__rosidl_typesupport_introspection_c.so" to ""
-- Installing: /home/kireiji/RoboticsDev_ws/install/lab1_interfaces/lib/liblab1_interfaces__rosidl_typesupport_c.so
-- Set runtime path of "/home/kireiji/RoboticsDev_ws/install/lab1_interfaces/lib/liblab1_interfaces__rosidl_typesupport_c.so" to ""
-- Up-to-date: /home/kireiji/RoboticsDev_ws/install/lab1_interfaces/include/lab1_interfaces/lab1_interfaces
-- Up-to-date: /home/kireiji/RoboticsDev_ws/install/lab1_interfaces/include/lab1_interfaces/lab1_interfaces/srv
-- Up-to-date: /home/kireiji/RoboticsDev_ws/install/lab1_interfaces/include/lab1_interfaces/lab1_interfaces/srv/detail
-- Installing: /home/kireiji/RoboticsDev_ws/install/lab1_interfaces/include/lab1_interfaces/lab1_interfaces/srv/detail/set_noise__type_support.cpp
-- Installing: /home/kireiji/RoboticsDev_ws/install/lab1_interfaces/include/lab1_interfaces/lab1_interfaces/srv/detail/set_noise__rosidl_typesupport_introspection_cpp.hpp
-- Installing: /home/kireiji/RoboticsDev_ws/install/lab1_interfaces/lib/liblab1_interfaces__rosidl_typesupport_introspection_cpp.so
-- Set runtime path of "/home/kireiji/RoboticsDev_ws/install/lab1_interfaces/lib/liblab1_interfaces__rosidl_typesupport_introspection_cpp.so" to ""
-- Installing: /home/kireiji/RoboticsDev_ws/install/lab1_interfaces/lib/liblab1_interfaces__rosidl_typesupport_cpp.so
-- Set runtime path of "/home/kireiji/RoboticsDev_ws/install/lab1_interfaces/lib/liblab1_interfaces__rosidl_typesupport_cpp.so" to ""
-- Installing: /home/kireiji/RoboticsDev_ws/install/lab1_interfaces/share/lab1_interfaces/environment/pythonpath.sh
-- Installing: /home/kireiji/RoboticsDev_ws/install/lab1_interfaces/share/lab1_interfaces/environment/pythonpath.dsv
-- Installing: /home/kireiji/RoboticsDev_ws/install/lab1_interfaces/lib/python3.10/site-packages/lab1_interfaces-0.0.0-py3.10.egg-info
-- Installing: /home/kireiji/RoboticsDev_ws/install/lab1_interfaces/lib/python3.10/site-packages/lab1_interfaces-0.0.0-py3.10.egg-info/PKG-INFO
-- Installing: /home/kireiji/RoboticsDev_ws/install/lab1_interfaces/lib/python3.10/site-packages/lab1_interfaces-0.0.0-py3.10.egg-info/dependency_links.txt
-- Installing: /home/kireiji/RoboticsDev_ws/install/lab1_interfaces/lib/python3.10/site-packages/lab1_interfaces-0.0.0-py3.10.egg-info/top_level.txt
-- Installing: /home/kireiji/RoboticsDev_ws/install/lab1_interfaces/lib/python3.10/site-packages/lab1_interfaces-0.0.0-py3.10.egg-info/SOURCES.txt
-- Installing: /home/kireiji/RoboticsDev_ws/install/lab1_interfaces/lib/python3.10/site-packages/lab1_interfaces
-- Installing: /home/kireiji/RoboticsDev_ws/install/lab1_interfaces/lib/python3.10/site-packages/lab1_interfaces/_lab1_interfaces_s.ep.rosidl_typesupport_introspection_c.c
-- Installing: /home/kireiji/RoboticsDev_ws/install/lab1_interfaces/lib/python3.10/site-packages/lab1_interfaces/__init__.py
-- Installing: /home/kireiji/RoboticsDev_ws/install/lab1_interfaces/lib/python3.10/site-packages/lab1_interfaces/_lab1_interfaces_s.ep.rosidl_typesupport_fastrtps_c.c
-- Installing: /home/kireiji/RoboticsDev_ws/install/lab1_interfaces/lib/python3.10/site-packages/lab1_interfaces/lab1_interfaces_s__rosidl_typesupport_c.cpython-310-x86_64-linux-gnu.so
-- Installing: /home/kireiji/RoboticsDev_ws/install/lab1_interfaces/lib/python3.10/site-packages/lab1_interfaces/liblab1_interfaces__rosidl_generator_py.so
-- Installing: /home/kireiji/RoboticsDev_ws/install/lab1_interfaces/lib/python3.10/site-packages/lab1_interfaces/srv
-- Installing: /home/kireiji/RoboticsDev_ws/install/lab1_interfaces/lib/python3.10/site-packages/lab1_interfaces/srv/__init__.py
-- Installing: /home/kireiji/RoboticsDev_ws/install/lab1_interfaces/lib/python3.10/site-packages/lab1_interfaces/srv/_set_noise.py
-- Installing: /home/kireiji/RoboticsDev_ws/install/lab1_interfaces/lib/python3.10/site-packages/lab1_interfaces/srv/_set_noise_s.c
-- Installing: /home/kireiji/RoboticsDev_ws/install/lab1_interfaces/lib/python3.10/site-packages/lab1_interfaces/_lab1_interfaces_s.ep.rosidl_typesupport_c.c
-- Installing: /home/kireiji/RoboticsDev_ws/install/lab1_interfaces/lib/python3.10/site-packages/lab1_interfaces/lab1_interfaces_s__rosidl_typesupport_introspection_c.cpython-310-x86_64-linux-gnu.so
-- Installing: /home/kireiji/RoboticsDev_ws/install/lab1_interfaces/lib/python3.10/site-packages/lab1_interfaces/lab1_interfaces_s__rosidl_typesupport_fastrtps_c.cpython-310-x86_64-linux-gnu.so
Listing '/home/kireiji/RoboticsDev_ws/install/lab1_interfaces/lib/python3.10/site-packages/lab1_interfaces'...
Compiling '/home/kireiji/RoboticsDev_ws/install/lab1_interfaces/lib/python3.10/site-packages/lab1_interfaces/__init__.py'...
Listing '/home/kireiji/RoboticsDev_ws/install/lab1_interfaces/lib/python3.10/site-packages/lab1_interfaces/srv'...
Compiling '/home/kireiji/RoboticsDev_ws/install/lab1_interfaces/lib/python3.10/site-packages/lab1_interfaces/srv/__init__.py'...
Compiling '/home/kireiji/RoboticsDev_ws/install/lab1_interfaces/lib/python3.10/site-packages/lab1_interfaces/srv/_set_noise.py'...
-- Installing: /home/kireiji/RoboticsDev_ws/install/lab1_interfaces/lib/python3.10/site-packages/lab1_interfaces/lab1_interfaces_s__rosidl_typesupport_fastrtps_c.cpython-310-x86_64-linux-gnu.so
-- Set runtime path of "/home/kireiji/RoboticsDev_ws/install/lab1_interfaces/lib/python3.10/site-packages/lab1_interfaces/lab1_interfaces_s__rosidl_typesupport_fastrtps_c.cpython-310-x86_64-linux-gnu.so" to ""
-- Installing: /home/kireiji/RoboticsDev_ws/install/lab1_interfaces/lib/python3.10/site-packages/lab1_interfaces/lab1_interfaces_s__rosidl_typesupport_introspection_c.cpython-310-x86_64-linux-gnu.so
-- Set runtime path of "/home/kireiji/RoboticsDev_ws/install/lab1_interfaces/lib/python3.10/site-packages/lab1_interfaces/lab1_interfaces_s__rosidl_typesupport_introspection_c.cpython-310-x86_64-linux-gnu.so" to ""
-- Installing: /home/kireiji/RoboticsDev_ws/install/lab1_interfaces/lib/python3.10/site-packages/lab1_interfaces/lab1_interfaces_s__rosidl_typesupport_c.cpython-310-x86_64-linux-gnu.so
-- Set runtime path of "/home/kireiji/RoboticsDev_ws/install/lab1_interfaces/lib/python3.10/site-packages/lab1_interfaces/lab1_interfaces_s__rosidl_typesupport_c.cpython-310-x86_64-linux-gnu.so" to ""
-- Installing: /home/kireiji/RoboticsDev_ws/install/lab1_interfaces/lib/liblab1_interfaces__rosidl_generator_py.so
-- Set runtime path of "/home/kireiji/RoboticsDev_ws/install/lab1_interfaces/lib/liblab1_interfaces__rosidl_generator_py.so" to ""
-- Installing: /home/kireiji/RoboticsDev_ws/install/lab1_interfaces/share/lab1_interfaces/srv/SetNoise.idl
-- Installing: /home/kireiji/RoboticsDev_ws/install/lab1_interfaces/share/lab1_interfaces/srv/SetNoise.srv
-- Installing: /home/kireiji/RoboticsDev_ws/install/lab1_interfaces/share/lab1_interfaces/srv/SetNoise_Request.msg
-- Installing: /home/kireiji/RoboticsDev_ws/install/lab1_interfaces/share/lab1_interfaces/srv/SetNoise_Response.msg
-- Installing: /home/kireiji/RoboticsDev_ws/install/lab1_interfaces/share/ament_index/resource_index/package_run_dependencies/lab1_interfaces
-- Installing: /home/kireiji/RoboticsDev_ws/install/lab1_interfaces/share/ament_index/resource_index/parent_prefix_path/lab1_interfaces
-- Installing: /home/kireiji/RoboticsDev_ws/install/lab1_interfaces/share/lab1_interfaces/environment/ament_prefix_path.sh
-- Installing: /home/kireiji/RoboticsDev_ws/install/lab1_interfaces/share/lab1_interfaces/environment/ament_prefix_path.dsv
-- Installing: /home/kireiji/RoboticsDev_ws/install/lab1_interfaces/share/lab1_interfaces/environment/path.sh
-- Installing: /home/kireiji/RoboticsDev_ws/install/lab1_interfaces/share/lab1_interfaces/environment/path.dsv
-- Installing: /home/kireiji/RoboticsDev_ws/install/lab1_interfaces/share/lab1_interfaces/local_setup.bash
-- Installing: /home/kireiji/RoboticsDev_ws/install/lab1_interfaces/share/lab1_interfaces/local_setup.sh
-- Installing: /home/kireiji/RoboticsDev_ws/install/lab1_interfaces/share/lab1_interfaces/local_setup.zsh
-- Installing: /home/kireiji/RoboticsDev_ws/install/lab1_interfaces/share/lab1_interfaces/local_setup.dsv
-- Installing: /home/kireiji/RoboticsDev_ws/install/lab1_interfaces/share/lab1_interfaces/package.dsv
-- Installing: /home/kireiji/RoboticsDev_ws/install/lab1_interfaces/share/ament_index/resource_index/packages/lab1_interfaces
-- Installing: /home/kireiji/RoboticsDev_ws/install/lab1_interfaces/share/lab1_interfaces/cmake/export_lab1_interfaces__rosidl_generator_cExport.cmake
-- Installing: /home/kireiji/RoboticsDev_ws/install/lab1_interfaces/share/lab1_interfaces/cmake/export_lab1_interfaces__rosidl_generator_cExport-noconfig.cmake
-- Installing: /home/kireiji/RoboticsDev_ws/install/lab1_interfaces/share/lab1_interfaces/cmake/export_lab1_interfaces__rosidl_typesupport_fastrtps_cExport.cmake
-- Installing: /home/kireiji/RoboticsDev_ws/install/lab1_interfaces/share/lab1_interfaces/cmake/export_lab1_interfaces__rosidl_typesupport_fastrtps_cExport-noconfig.cmake
-- Installing: /home/kireiji/RoboticsDev_ws/install/lab1_interfaces/share/lab1_interfaces/cmake/export_lab1_interfaces__rosidl_generator_cppExport.cmake
-- Installing: /home/kireiji/RoboticsDev_ws/install/lab1_interfaces/share/lab1_interfaces/cmake/export_lab1_interfaces__rosidl_typesupport_fastrtps_cppExport.cmake
-- Installing: /home/kireiji/RoboticsDev_ws/install/lab1_interfaces/share/lab1_interfaces/cmake/export_lab1_interfaces__rosidl_typesupport_fastrtps_cppExport-noconfig.cmake
-- Installing: /home/kireiji/RoboticsDev_ws/install/lab1_interfaces/share/lab1_interfaces/cmake/lab1_interfaces__rosidl_typesupport_introspection_cExport.cmake
-- Installing: /home/kireiji/RoboticsDev_ws/install/lab1_interfaces/share/lab1_interfaces/cmake/lab1_interfaces__rosidl_typesupport_introspection_cExport-noconfig.cmake
-- Installing: /home/kireiji/RoboticsDev_ws/install/lab1_interfaces/share/lab1_interfaces/cmake/lab1_interfaces__rosidl_typesupport_cExport.cmake
-- Installing: /home/kireiji/RoboticsDev_ws/install/lab1_interfaces/share/lab1_interfaces/cmake/lab1_interfaces__rosidl_typesupport_cExport-noconfig.cmake
-- Installing: /home/kireiji/RoboticsDev_ws/install/lab1_interfaces/share/lab1_interfaces/cmake/lab1_interfaces__rosidl_typesupport_introspection_cppExport.cmake
-- Installing: /home/kireiji/RoboticsDev_ws/install/lab1_interfaces/share/lab1_interfaces/cmake/lab1_interfaces__rosidl_typesupport_introspection_cppExport-noconfig.cmake
-- Installing: /home/kireiji/RoboticsDev_ws/install/lab1_interfaces/share/lab1_interfaces/cmake/lab1_interfaces__rosidl_typesupport_cppExport.cmake
-- Installing: /home/kireiji/RoboticsDev_ws/install/lab1_interfaces/share/lab1_interfaces/cmake/lab1_interfaces__rosidl_typesupport_cppExport-noconfig.cmake
-- Installing: /home/kireiji/RoboticsDev_ws/install/lab1_interfaces/share/lab1_interfaces/cmake/export_lab1_interfaces__rosidl_generator_pyExport.cmake
-- Installing: /home/kireiji/RoboticsDev_ws/install/lab1_interfaces/share/lab1_interfaces/cmake/export_lab1_interfaces__rosidl_generator_pyExport-noconfig.cmake
-- Installing: /home/kireiji/RoboticsDev_ws/install/lab1_interfaces/share/lab1_interfaces/cmake/rosidl_cmake-extras.cmake
-- Installing: /home/kireiji/RoboticsDev_ws/install/lab1_interfaces/share/lab1_interfaces/cmake/ament_cmake_export_dependencies-extras.cmake
-- Installing: /home/kireiji/RoboticsDev_ws/install/lab1_interfaces/share/lab1_interfaces/cmake/ament_cmake_export_include_directories-extras.cmake
-- Installing: /home/kireiji/RoboticsDev_ws/install/lab1_interfaces/share/lab1_interfaces/cmake/ament_cmake_export_libraries-extras.cmake
-- Installing: /home/kireiji/RoboticsDev_ws/install/lab1_interfaces/share/lab1_interfaces/cmake/ament_cmake_export_targets-extras.cmake
-- Installing: /home/kireiji/RoboticsDev_ws/install/lab1_interfaces/share/lab1_interfaces/cmake/rosidl_cmake_export_typesupport_targets-extras.cmake
-- Installing: /home/kireiji/RoboticsDev_ws/install/lab1_interfaces/share/lab1_interfaces/cmake/rosidl_cmake_export_typesupport_libraries-extras.cmake
-- Installing: /home/kireiji/RoboticsDev_ws/install/lab1_interfaces/share/lab1_interfaces/cmake/lab1_interfacesConfig.cmake
-- Installing: /home/kireiji/RoboticsDev_ws/install/lab1_interfaces/share/lab1_interfaces/cmake/lab1_interfacesConfig-version.cmake
-- Installing: /home/kireiji/RoboticsDev_ws/install/lab1_interfaces/share/lab1_interfaces/package.xml
