[0.162s] Invoking command in '/home/kireiji/RoboticsDev_ws/build/lab1_interfaces': CMAKE_PREFIX_PATH=${CMAKE_PREFIX_PATH}:/home/kireiji/RoboticsDev_ws/install/launch_testing_examples:/home/kireiji/RoboticsDev_ws/install/examples_rclpy_pointcloud_publisher:/home/kireiji/RoboticsDev_ws/install/examples_rclpy_minimal_subscriber:/home/kireiji/RoboticsDev_ws/install/examples_rclpy_minimal_service:/home/kireiji/RoboticsDev_ws/install/examples_rclpy_minimal_publisher:/home/kireiji/RoboticsDev_ws/install/examples_rclpy_minimal_client:/home/kireiji/RoboticsDev_ws/install/examples_rclpy_minimal_action_server:/home/kireiji/RoboticsDev_ws/install/examples_rclpy_minimal_action_client:/home/kireiji/RoboticsDev_ws/install/examples_rclpy_guard_conditions:/home/kireiji/RoboticsDev_ws/install/examples_rclpy_executors:/home/kireiji/ros2_ws/install/my_py_pkg:/opt/ros/humble /usr/bin/cmake /home/kireiji/RoboticsDev_ws/src/lab1_interfaces -DCMAKE_INSTALL_PREFIX=/home/kireiji/RoboticsDev_ws/install/lab1_interfaces
[2.269s] -- The C compiler identification is GNU 11.4.0
[2.269s] -- The CXX compiler identification is GNU 11.4.0
[2.269s] -- Detecting C compiler ABI info
[2.269s] -- Detecting C compiler ABI info - done
[2.270s] -- Check for working C compiler: /usr/bin/cc - skipped
[2.270s] -- Detecting C compile features
[2.270s] -- Detecting C compile features - done
[2.270s] -- Detecting CXX compiler ABI info
[2.270s] -- Detecting CXX compiler ABI info - done
[2.270s] -- Check for working CXX compiler: /usr/bin/c++ - skipped
[2.270s] -- Detecting CXX compile features
[2.270s] -- Detecting CXX compile features - done
[2.270s] -- Found ament_cmake: 1.3.10 (/opt/ros/humble/share/ament_cmake/cmake)
[3.909s] -- Found Python3: /usr/local/bin/python3 (found version "3.10.0") found components: Interpreter 
[4.255s] -- Found std_msgs: 4.2.4 (/opt/ros/humble/share/std_msgs/cmake)
[4.325s] -- Found rosidl_generator_c: 3.1.5 (/opt/ros/humble/share/rosidl_generator_c/cmake)
[4.347s] -- Found rosidl_adapter: 3.1.5 (/opt/ros/humble/share/rosidl_adapter/cmake)
[4.369s] -- Found rosidl_generator_cpp: 3.1.5 (/opt/ros/humble/share/rosidl_generator_cpp/cmake)
[4.396s] -- Using all available rosidl_typesupport_c: rosidl_typesupport_fastrtps_c;rosidl_typesupport_introspection_c
[4.427s] -- Using all available rosidl_typesupport_cpp: rosidl_typesupport_fastrtps_cpp;rosidl_typesupport_introspection_cpp
[4.510s] -- Found rosidl_default_generators: 1.2.0 (/opt/ros/humble/share/rosidl_default_generators/cmake)
[4.565s] -- Found ament_lint_auto: 0.12.11 (/opt/ros/humble/share/ament_lint_auto/cmake)
[5.846s] -- Found ament_cmake_ros: 0.10.0 (/opt/ros/humble/share/ament_cmake_ros/cmake)
[7.737s] -- Using all available rosidl_typesupport_c: rosidl_typesupport_fastrtps_c;rosidl_typesupport_introspection_c
[8.599s] -- Using all available rosidl_typesupport_cpp: rosidl_typesupport_fastrtps_cpp;rosidl_typesupport_introspection_cpp
[8.714s] -- Found PythonInterp: /usr/local/bin/python3 (found suitable version "3.10", minimum required is "3.6") 
[8.718s] -- Found python_cmake_module: 0.10.0 (/opt/ros/humble/share/python_cmake_module/cmake)
[8.793s] -- Found PythonLibs: /usr/local/lib/libpython3.10.a (found suitable version "3.10.0", minimum required is "3.5") 
[8.793s] -- Using PYTHON_EXECUTABLE: /usr/local/bin/python3
[8.793s] -- Using PYTHON_INCLUDE_DIRS: /usr/local/include/python3.10
[8.793s] -- Using PYTHON_LIBRARIES: /usr/local/lib/libpython3.10.a
[8.917s] -- Found PythonExtra: .so  
[9.477s] -- Using numpy include directory: /home/kireiji/.local/lib/python3.10/site-packages/numpy/_core/include
[9.580s] -- Added test 'lint_cmake' to check CMake code style
[9.582s] -- Added test 'xmllint' to check XML markup files
[9.588s] -- Configuring done
[9.644s] -- Generating done
[9.651s] -- Build files have been written to: /home/kireiji/RoboticsDev_ws/build/lab1_interfaces
[9.691s] Invoked command in '/home/kireiji/RoboticsDev_ws/build/lab1_interfaces' returned '0': CMAKE_PREFIX_PATH=${CMAKE_PREFIX_PATH}:/home/kireiji/RoboticsDev_ws/install/launch_testing_examples:/home/kireiji/RoboticsDev_ws/install/examples_rclpy_pointcloud_publisher:/home/kireiji/RoboticsDev_ws/install/examples_rclpy_minimal_subscriber:/home/kireiji/RoboticsDev_ws/install/examples_rclpy_minimal_service:/home/kireiji/RoboticsDev_ws/install/examples_rclpy_minimal_publisher:/home/kireiji/RoboticsDev_ws/install/examples_rclpy_minimal_client:/home/kireiji/RoboticsDev_ws/install/examples_rclpy_minimal_action_server:/home/kireiji/RoboticsDev_ws/install/examples_rclpy_minimal_action_client:/home/kireiji/RoboticsDev_ws/install/examples_rclpy_guard_conditions:/home/kireiji/RoboticsDev_ws/install/examples_rclpy_executors:/home/kireiji/ros2_ws/install/my_py_pkg:/opt/ros/humble /usr/bin/cmake /home/kireiji/RoboticsDev_ws/src/lab1_interfaces -DCMAKE_INSTALL_PREFIX=/home/kireiji/RoboticsDev_ws/install/lab1_interfaces
[9.701s] Invoking command in '/home/kireiji/RoboticsDev_ws/build/lab1_interfaces': CMAKE_PREFIX_PATH=${CMAKE_PREFIX_PATH}:/home/kireiji/RoboticsDev_ws/install/launch_testing_examples:/home/kireiji/RoboticsDev_ws/install/examples_rclpy_pointcloud_publisher:/home/kireiji/RoboticsDev_ws/install/examples_rclpy_minimal_subscriber:/home/kireiji/RoboticsDev_ws/install/examples_rclpy_minimal_service:/home/kireiji/RoboticsDev_ws/install/examples_rclpy_minimal_publisher:/home/kireiji/RoboticsDev_ws/install/examples_rclpy_minimal_client:/home/kireiji/RoboticsDev_ws/install/examples_rclpy_minimal_action_server:/home/kireiji/RoboticsDev_ws/install/examples_rclpy_minimal_action_client:/home/kireiji/RoboticsDev_ws/install/examples_rclpy_guard_conditions:/home/kireiji/RoboticsDev_ws/install/examples_rclpy_executors:/home/kireiji/ros2_ws/install/my_py_pkg:/opt/ros/humble /usr/bin/cmake --build /home/kireiji/RoboticsDev_ws/build/lab1_interfaces -- -j16 -l16
[11.396s] [  3%] [34m[1mGenerating C++ code for ROS interfaces[0m
[11.396s] [  3%] Built target lab1_interfaces__cpp
[11.396s] [  3%] Built target ament_cmake_python_copy_lab1_interfaces
[11.396s] [  6%] [34m[1mGenerating C++ introspection for ROS interfaces[0m
[12.198s] [  9%] [32mBuilding CXX object CMakeFiles/lab1_interfaces__rosidl_typesupport_introspection_cpp.dir/rosidl_typesupport_introspection_cpp/lab1_interfaces/srv/detail/set_noise__type_support.cpp.o[0m
[12.953s] [ 12%] [32m[1mLinking CXX shared library liblab1_interfaces__rosidl_typesupport_introspection_cpp.so[0m
[13.573s] [ 12%] Built target lab1_interfaces__rosidl_typesupport_introspection_cpp
[14.280s] running egg_info
[14.282s] creating lab1_interfaces.egg-info
[14.284s] writing manifest file 'lab1_interfaces.egg-info/SOURCES.txt'
[14.293s] writing manifest file 'lab1_interfaces.egg-info/SOURCES.txt'
[14.481s] [ 12%] Built target ament_cmake_python_build_lab1_interfaces_egg
[14.517s] [ 16%] [34m[1mGenerating C++ type support for eProsima Fast-RTPS[0m
[15.311s] [ 19%] [32mBuilding CXX object CMakeFiles/lab1_interfaces__rosidl_typesupport_fastrtps_cpp.dir/rosidl_typesupport_fastrtps_cpp/lab1_interfaces/srv/detail/dds_fastrtps/set_noise__type_support.cpp.o[0m
[16.489s] [ 22%] [32m[1mLinking CXX shared library liblab1_interfaces__rosidl_typesupport_fastrtps_cpp.so[0m
[16.973s] [ 22%] Built target lab1_interfaces__rosidl_typesupport_fastrtps_cpp
[17.007s] [ 25%] [34m[1mGenerating C++ type support dispatch for ROS interfaces[0m
[17.736s] [ 29%] [32mBuilding CXX object CMakeFiles/lab1_interfaces__rosidl_typesupport_cpp.dir/rosidl_typesupport_cpp/lab1_interfaces/srv/set_noise__type_support.cpp.o[0m
[18.388s] [ 32%] [32m[1mLinking CXX shared library liblab1_interfaces__rosidl_typesupport_cpp.so[0m
[18.465s] [ 32%] Built target lab1_interfaces__rosidl_typesupport_cpp
[18.488s] [ 35%] [34m[1mGenerating C code for ROS interfaces[0m
[19.155s] [ 38%] [32mBuilding C object CMakeFiles/lab1_interfaces__rosidl_generator_c.dir/rosidl_generator_c/lab1_interfaces/srv/detail/set_noise__functions.c.o[0m
[19.235s] [ 41%] [32m[1mLinking C shared library liblab1_interfaces__rosidl_generator_c.so[0m
[19.311s] [ 41%] Built target lab1_interfaces__rosidl_generator_c
[19.340s] [ 45%] [34m[1mGenerating C type support for eProsima Fast-RTPS[0m
[20.025s] [ 48%] [32mBuilding CXX object CMakeFiles/lab1_interfaces__rosidl_typesupport_fastrtps_c.dir/rosidl_typesupport_fastrtps_c/lab1_interfaces/srv/detail/set_noise__type_support_c.cpp.o[0m
[20.773s] [ 51%] [32m[1mLinking CXX shared library liblab1_interfaces__rosidl_typesupport_fastrtps_c.so[0m
[20.947s] [ 51%] Built target lab1_interfaces__rosidl_typesupport_fastrtps_c
[20.963s] [ 54%] [34m[1mGenerating C type support dispatch for ROS interfaces[0m
[21.484s] [ 58%] [32mBuilding CXX object CMakeFiles/lab1_interfaces__rosidl_typesupport_c.dir/rosidl_typesupport_c/lab1_interfaces/srv/set_noise__type_support.cpp.o[0m
[21.518s] [ 61%] [32m[1mLinking CXX shared library liblab1_interfaces__rosidl_typesupport_c.so[0m
[21.565s] [ 61%] Built target lab1_interfaces__rosidl_typesupport_c
[21.577s] [ 64%] [34m[1mGenerating C introspection for ROS interfaces[0m
[21.887s] [ 67%] [32mBuilding C object CMakeFiles/lab1_interfaces__rosidl_typesupport_introspection_c.dir/rosidl_typesupport_introspection_c/lab1_interfaces/srv/detail/set_noise__type_support.c.o[0m
[21.918s] [ 70%] [32m[1mLinking C shared library liblab1_interfaces__rosidl_typesupport_introspection_c.so[0m
[21.944s] [ 70%] Built target lab1_interfaces__rosidl_typesupport_introspection_c
[21.962s] [ 70%] Built target lab1_interfaces
[21.979s] [ 74%] [34m[1mGenerating Python code for ROS interfaces[0m
[22.339s] [ 74%] Built target lab1_interfaces__py
[22.355s] [ 77%] [32mBuilding C object CMakeFiles/lab1_interfaces__rosidl_generator_py.dir/rosidl_generator_py/lab1_interfaces/srv/_set_noise_s.c.o[0m
[22.438s] [ 80%] [32m[1mLinking C shared library rosidl_generator_py/lab1_interfaces/liblab1_interfaces__rosidl_generator_py.so[0m
[22.614s] [ 80%] Built target lab1_interfaces__rosidl_generator_py
[22.629s] [ 83%] [32mBuilding C object CMakeFiles/lab1_interfaces__rosidl_typesupport_fastrtps_c__pyext.dir/rosidl_generator_py/lab1_interfaces/_lab1_interfaces_s.ep.rosidl_typesupport_fastrtps_c.c.o[0m
[22.696s] [ 87%] [32m[1mLinking C shared library rosidl_generator_py/lab1_interfaces/lab1_interfaces_s__rosidl_typesupport_fastrtps_c.cpython-310-x86_64-linux-gnu.so[0m
[22.725s] [ 87%] Built target lab1_interfaces__rosidl_typesupport_fastrtps_c__pyext
[22.740s] [ 90%] [32mBuilding C object CMakeFiles/lab1_interfaces__rosidl_typesupport_c__pyext.dir/rosidl_generator_py/lab1_interfaces/_lab1_interfaces_s.ep.rosidl_typesupport_c.c.o[0m
[22.811s] [ 93%] [32m[1mLinking C shared library rosidl_generator_py/lab1_interfaces/lab1_interfaces_s__rosidl_typesupport_c.cpython-310-x86_64-linux-gnu.so[0m
[22.840s] [ 93%] Built target lab1_interfaces__rosidl_typesupport_c__pyext
[22.857s] [ 96%] [32mBuilding C object CMakeFiles/lab1_interfaces__rosidl_typesupport_introspection_c__pyext.dir/rosidl_generator_py/lab1_interfaces/_lab1_interfaces_s.ep.rosidl_typesupport_introspection_c.c.o[0m
[22.932s] [100%] [32m[1mLinking C shared library rosidl_generator_py/lab1_interfaces/lab1_interfaces_s__rosidl_typesupport_introspection_c.cpython-310-x86_64-linux-gnu.so[0m
[22.961s] [100%] Built target lab1_interfaces__rosidl_typesupport_introspection_c__pyext
[22.970s] Invoked command in '/home/kireiji/RoboticsDev_ws/build/lab1_interfaces' returned '0': CMAKE_PREFIX_PATH=${CMAKE_PREFIX_PATH}:/home/kireiji/RoboticsDev_ws/install/launch_testing_examples:/home/kireiji/RoboticsDev_ws/install/examples_rclpy_pointcloud_publisher:/home/kireiji/RoboticsDev_ws/install/examples_rclpy_minimal_subscriber:/home/kireiji/RoboticsDev_ws/install/examples_rclpy_minimal_service:/home/kireiji/RoboticsDev_ws/install/examples_rclpy_minimal_publisher:/home/kireiji/RoboticsDev_ws/install/examples_rclpy_minimal_client:/home/kireiji/RoboticsDev_ws/install/examples_rclpy_minimal_action_server:/home/kireiji/RoboticsDev_ws/install/examples_rclpy_minimal_action_client:/home/kireiji/RoboticsDev_ws/install/examples_rclpy_guard_conditions:/home/kireiji/RoboticsDev_ws/install/examples_rclpy_executors:/home/kireiji/ros2_ws/install/my_py_pkg:/opt/ros/humble /usr/bin/cmake --build /home/kireiji/RoboticsDev_ws/build/lab1_interfaces -- -j16 -l16
[23.023s] Invoking command in '/home/kireiji/RoboticsDev_ws/build/lab1_interfaces': CMAKE_PREFIX_PATH=${CMAKE_PREFIX_PATH}:/home/kireiji/RoboticsDev_ws/install/launch_testing_examples:/home/kireiji/RoboticsDev_ws/install/examples_rclpy_pointcloud_publisher:/home/kireiji/RoboticsDev_ws/install/examples_rclpy_minimal_subscriber:/home/kireiji/RoboticsDev_ws/install/examples_rclpy_minimal_service:/home/kireiji/RoboticsDev_ws/install/examples_rclpy_minimal_publisher:/home/kireiji/RoboticsDev_ws/install/examples_rclpy_minimal_client:/home/kireiji/RoboticsDev_ws/install/examples_rclpy_minimal_action_server:/home/kireiji/RoboticsDev_ws/install/examples_rclpy_minimal_action_client:/home/kireiji/RoboticsDev_ws/install/examples_rclpy_guard_conditions:/home/kireiji/RoboticsDev_ws/install/examples_rclpy_executors:/home/kireiji/ros2_ws/install/my_py_pkg:/opt/ros/humble /usr/bin/cmake --install /home/kireiji/RoboticsDev_ws/build/lab1_interfaces
[23.028s] -- Install configuration: ""
[23.028s] -- Installing: /home/kireiji/RoboticsDev_ws/install/lab1_interfaces/share/ament_index/resource_index/rosidl_interfaces/lab1_interfaces
[23.028s] -- Installing: /home/kireiji/RoboticsDev_ws/install/lab1_interfaces/include/lab1_interfaces/lab1_interfaces
[23.028s] -- Installing: /home/kireiji/RoboticsDev_ws/install/lab1_interfaces/include/lab1_interfaces/lab1_interfaces/msg
[23.029s] -- Installing: /home/kireiji/RoboticsDev_ws/install/lab1_interfaces/include/lab1_interfaces/lab1_interfaces/msg/rosidl_generator_c__visibility_control.h
[23.029s] -- Installing: /home/kireiji/RoboticsDev_ws/install/lab1_interfaces/include/lab1_interfaces/lab1_interfaces/srv
[23.029s] -- Installing: /home/kireiji/RoboticsDev_ws/install/lab1_interfaces/include/lab1_interfaces/lab1_interfaces/srv/set_noise.h
[23.029s] -- Installing: /home/kireiji/RoboticsDev_ws/install/lab1_interfaces/include/lab1_interfaces/lab1_interfaces/srv/detail
[23.029s] -- Installing: /home/kireiji/RoboticsDev_ws/install/lab1_interfaces/include/lab1_interfaces/lab1_interfaces/srv/detail/set_noise__struct.h
[23.029s] -- Installing: /home/kireiji/RoboticsDev_ws/install/lab1_interfaces/include/lab1_interfaces/lab1_interfaces/srv/detail/set_noise__type_support.h
[23.029s] -- Installing: /home/kireiji/RoboticsDev_ws/install/lab1_interfaces/include/lab1_interfaces/lab1_interfaces/srv/detail/set_noise__functions.h
[23.029s] -- Installing: /home/kireiji/RoboticsDev_ws/install/lab1_interfaces/include/lab1_interfaces/lab1_interfaces/srv/detail/set_noise__functions.c
[23.029s] -- Installing: /home/kireiji/RoboticsDev_ws/install/lab1_interfaces/share/lab1_interfaces/environment/library_path.sh
[23.029s] -- Installing: /home/kireiji/RoboticsDev_ws/install/lab1_interfaces/share/lab1_interfaces/environment/library_path.dsv
[23.029s] -- Installing: /home/kireiji/RoboticsDev_ws/install/lab1_interfaces/lib/liblab1_interfaces__rosidl_generator_c.so
[23.029s] -- Set runtime path of "/home/kireiji/RoboticsDev_ws/install/lab1_interfaces/lib/liblab1_interfaces__rosidl_generator_c.so" to ""
[23.029s] -- Up-to-date: /home/kireiji/RoboticsDev_ws/install/lab1_interfaces/include/lab1_interfaces/lab1_interfaces
[23.029s] -- Up-to-date: /home/kireiji/RoboticsDev_ws/install/lab1_interfaces/include/lab1_interfaces/lab1_interfaces/msg
[23.030s] -- Installing: /home/kireiji/RoboticsDev_ws/install/lab1_interfaces/include/lab1_interfaces/lab1_interfaces/msg/rosidl_typesupport_fastrtps_c__visibility_control.h
[23.030s] -- Up-to-date: /home/kireiji/RoboticsDev_ws/install/lab1_interfaces/include/lab1_interfaces/lab1_interfaces/srv
[23.030s] -- Up-to-date: /home/kireiji/RoboticsDev_ws/install/lab1_interfaces/include/lab1_interfaces/lab1_interfaces/srv/detail
[23.030s] -- Installing: /home/kireiji/RoboticsDev_ws/install/lab1_interfaces/include/lab1_interfaces/lab1_interfaces/srv/detail/set_noise__rosidl_typesupport_fastrtps_c.h
[23.030s] -- Installing: /home/kireiji/RoboticsDev_ws/install/lab1_interfaces/lib/liblab1_interfaces__rosidl_typesupport_fastrtps_c.so
[23.030s] -- Set runtime path of "/home/kireiji/RoboticsDev_ws/install/lab1_interfaces/lib/liblab1_interfaces__rosidl_typesupport_fastrtps_c.so" to ""
[23.030s] -- Up-to-date: /home/kireiji/RoboticsDev_ws/install/lab1_interfaces/include/lab1_interfaces/lab1_interfaces
[23.030s] -- Up-to-date: /home/kireiji/RoboticsDev_ws/install/lab1_interfaces/include/lab1_interfaces/lab1_interfaces/srv
[23.030s] -- Installing: /home/kireiji/RoboticsDev_ws/install/lab1_interfaces/include/lab1_interfaces/lab1_interfaces/srv/set_noise.hpp
[23.030s] -- Up-to-date: /home/kireiji/RoboticsDev_ws/install/lab1_interfaces/include/lab1_interfaces/lab1_interfaces/srv/detail
[23.030s] -- Installing: /home/kireiji/RoboticsDev_ws/install/lab1_interfaces/include/lab1_interfaces/lab1_interfaces/srv/detail/set_noise__traits.hpp
[23.031s] -- Installing: /home/kireiji/RoboticsDev_ws/install/lab1_interfaces/include/lab1_interfaces/lab1_interfaces/srv/detail/set_noise__struct.hpp
[23.031s] -- Installing: /home/kireiji/RoboticsDev_ws/install/lab1_interfaces/include/lab1_interfaces/lab1_interfaces/srv/detail/set_noise__builder.hpp
[23.031s] -- Up-to-date: /home/kireiji/RoboticsDev_ws/install/lab1_interfaces/include/lab1_interfaces/lab1_interfaces
[23.031s] -- Up-to-date: /home/kireiji/RoboticsDev_ws/install/lab1_interfaces/include/lab1_interfaces/lab1_interfaces/msg
[23.031s] -- Installing: /home/kireiji/RoboticsDev_ws/install/lab1_interfaces/include/lab1_interfaces/lab1_interfaces/msg/rosidl_typesupport_fastrtps_cpp__visibility_control.h
[23.031s] -- Up-to-date: /home/kireiji/RoboticsDev_ws/install/lab1_interfaces/include/lab1_interfaces/lab1_interfaces/srv
[23.031s] -- Up-to-date: /home/kireiji/RoboticsDev_ws/install/lab1_interfaces/include/lab1_interfaces/lab1_interfaces/srv/detail
[23.031s] -- Installing: /home/kireiji/RoboticsDev_ws/install/lab1_interfaces/include/lab1_interfaces/lab1_interfaces/srv/detail/dds_fastrtps
[23.031s] -- Installing: /home/kireiji/RoboticsDev_ws/install/lab1_interfaces/include/lab1_interfaces/lab1_interfaces/srv/detail/set_noise__rosidl_typesupport_fastrtps_cpp.hpp
[23.031s] -- Installing: /home/kireiji/RoboticsDev_ws/install/lab1_interfaces/lib/liblab1_interfaces__rosidl_typesupport_fastrtps_cpp.so
[23.031s] -- Set runtime path of "/home/kireiji/RoboticsDev_ws/install/lab1_interfaces/lib/liblab1_interfaces__rosidl_typesupport_fastrtps_cpp.so" to ""
[23.031s] -- Up-to-date: /home/kireiji/RoboticsDev_ws/install/lab1_interfaces/include/lab1_interfaces/lab1_interfaces
[23.031s] -- Up-to-date: /home/kireiji/RoboticsDev_ws/install/lab1_interfaces/include/lab1_interfaces/lab1_interfaces/msg
[23.031s] -- Installing: /home/kireiji/RoboticsDev_ws/install/lab1_interfaces/include/lab1_interfaces/lab1_interfaces/msg/rosidl_typesupport_introspection_c__visibility_control.h
[23.032s] -- Up-to-date: /home/kireiji/RoboticsDev_ws/install/lab1_interfaces/include/lab1_interfaces/lab1_interfaces/srv
[23.032s] -- Up-to-date: /home/kireiji/RoboticsDev_ws/install/lab1_interfaces/include/lab1_interfaces/lab1_interfaces/srv/detail
[23.032s] -- Installing: /home/kireiji/RoboticsDev_ws/install/lab1_interfaces/include/lab1_interfaces/lab1_interfaces/srv/detail/set_noise__type_support.c
[23.032s] -- Installing: /home/kireiji/RoboticsDev_ws/install/lab1_interfaces/include/lab1_interfaces/lab1_interfaces/srv/detail/set_noise__rosidl_typesupport_introspection_c.h
[23.032s] -- Installing: /home/kireiji/RoboticsDev_ws/install/lab1_interfaces/lib/liblab1_interfaces__rosidl_typesupport_introspection_c.so
[23.032s] -- Set runtime path of "/home/kireiji/RoboticsDev_ws/install/lab1_interfaces/lib/liblab1_interfaces__rosidl_typesupport_introspection_c.so" to ""
[23.032s] -- Installing: /home/kireiji/RoboticsDev_ws/install/lab1_interfaces/lib/liblab1_interfaces__rosidl_typesupport_c.so
[23.032s] -- Set runtime path of "/home/kireiji/RoboticsDev_ws/install/lab1_interfaces/lib/liblab1_interfaces__rosidl_typesupport_c.so" to ""
[23.032s] -- Up-to-date: /home/kireiji/RoboticsDev_ws/install/lab1_interfaces/include/lab1_interfaces/lab1_interfaces
[23.032s] -- Up-to-date: /home/kireiji/RoboticsDev_ws/install/lab1_interfaces/include/lab1_interfaces/lab1_interfaces/srv
[23.032s] -- Up-to-date: /home/kireiji/RoboticsDev_ws/install/lab1_interfaces/include/lab1_interfaces/lab1_interfaces/srv/detail
[23.032s] -- Installing: /home/kireiji/RoboticsDev_ws/install/lab1_interfaces/include/lab1_interfaces/lab1_interfaces/srv/detail/set_noise__type_support.cpp
[23.032s] -- Installing: /home/kireiji/RoboticsDev_ws/install/lab1_interfaces/include/lab1_interfaces/lab1_interfaces/srv/detail/set_noise__rosidl_typesupport_introspection_cpp.hpp
[23.032s] -- Installing: /home/kireiji/RoboticsDev_ws/install/lab1_interfaces/lib/liblab1_interfaces__rosidl_typesupport_introspection_cpp.so
[23.032s] -- Set runtime path of "/home/kireiji/RoboticsDev_ws/install/lab1_interfaces/lib/liblab1_interfaces__rosidl_typesupport_introspection_cpp.so" to ""
[23.033s] -- Installing: /home/kireiji/RoboticsDev_ws/install/lab1_interfaces/lib/liblab1_interfaces__rosidl_typesupport_cpp.so
[23.033s] -- Set runtime path of "/home/kireiji/RoboticsDev_ws/install/lab1_interfaces/lib/liblab1_interfaces__rosidl_typesupport_cpp.so" to ""
[23.033s] -- Installing: /home/kireiji/RoboticsDev_ws/install/lab1_interfaces/share/lab1_interfaces/environment/pythonpath.sh
[23.033s] -- Installing: /home/kireiji/RoboticsDev_ws/install/lab1_interfaces/share/lab1_interfaces/environment/pythonpath.dsv
[23.033s] -- Installing: /home/kireiji/RoboticsDev_ws/install/lab1_interfaces/lib/python3.10/site-packages/lab1_interfaces-0.0.0-py3.10.egg-info
[23.033s] -- Installing: /home/kireiji/RoboticsDev_ws/install/lab1_interfaces/lib/python3.10/site-packages/lab1_interfaces-0.0.0-py3.10.egg-info/PKG-INFO
[23.033s] -- Installing: /home/kireiji/RoboticsDev_ws/install/lab1_interfaces/lib/python3.10/site-packages/lab1_interfaces-0.0.0-py3.10.egg-info/dependency_links.txt
[23.033s] -- Installing: /home/kireiji/RoboticsDev_ws/install/lab1_interfaces/lib/python3.10/site-packages/lab1_interfaces-0.0.0-py3.10.egg-info/top_level.txt
[23.033s] -- Installing: /home/kireiji/RoboticsDev_ws/install/lab1_interfaces/lib/python3.10/site-packages/lab1_interfaces-0.0.0-py3.10.egg-info/SOURCES.txt
[23.033s] -- Installing: /home/kireiji/RoboticsDev_ws/install/lab1_interfaces/lib/python3.10/site-packages/lab1_interfaces
[23.033s] -- Installing: /home/kireiji/RoboticsDev_ws/install/lab1_interfaces/lib/python3.10/site-packages/lab1_interfaces/_lab1_interfaces_s.ep.rosidl_typesupport_introspection_c.c
[23.033s] -- Installing: /home/kireiji/RoboticsDev_ws/install/lab1_interfaces/lib/python3.10/site-packages/lab1_interfaces/__init__.py
[23.033s] -- Installing: /home/kireiji/RoboticsDev_ws/install/lab1_interfaces/lib/python3.10/site-packages/lab1_interfaces/_lab1_interfaces_s.ep.rosidl_typesupport_fastrtps_c.c
[23.033s] -- Installing: /home/kireiji/RoboticsDev_ws/install/lab1_interfaces/lib/python3.10/site-packages/lab1_interfaces/lab1_interfaces_s__rosidl_typesupport_c.cpython-310-x86_64-linux-gnu.so
[23.033s] -- Installing: /home/kireiji/RoboticsDev_ws/install/lab1_interfaces/lib/python3.10/site-packages/lab1_interfaces/liblab1_interfaces__rosidl_generator_py.so
[23.042s] -- Installing: /home/kireiji/RoboticsDev_ws/install/lab1_interfaces/lib/python3.10/site-packages/lab1_interfaces/srv
[23.042s] -- Installing: /home/kireiji/RoboticsDev_ws/install/lab1_interfaces/lib/python3.10/site-packages/lab1_interfaces/srv/__init__.py
[23.042s] -- Installing: /home/kireiji/RoboticsDev_ws/install/lab1_interfaces/lib/python3.10/site-packages/lab1_interfaces/srv/_set_noise.py
[23.042s] -- Installing: /home/kireiji/RoboticsDev_ws/install/lab1_interfaces/lib/python3.10/site-packages/lab1_interfaces/srv/_set_noise_s.c
[23.042s] -- Installing: /home/kireiji/RoboticsDev_ws/install/lab1_interfaces/lib/python3.10/site-packages/lab1_interfaces/_lab1_interfaces_s.ep.rosidl_typesupport_c.c
[23.042s] -- Installing: /home/kireiji/RoboticsDev_ws/install/lab1_interfaces/lib/python3.10/site-packages/lab1_interfaces/lab1_interfaces_s__rosidl_typesupport_introspection_c.cpython-310-x86_64-linux-gnu.so
[23.042s] -- Installing: /home/kireiji/RoboticsDev_ws/install/lab1_interfaces/lib/python3.10/site-packages/lab1_interfaces/lab1_interfaces_s__rosidl_typesupport_fastrtps_c.cpython-310-x86_64-linux-gnu.so
[23.077s] Listing '/home/kireiji/RoboticsDev_ws/install/lab1_interfaces/lib/python3.10/site-packages/lab1_interfaces'...
[23.078s] Compiling '/home/kireiji/RoboticsDev_ws/install/lab1_interfaces/lib/python3.10/site-packages/lab1_interfaces/__init__.py'...
[23.078s] Listing '/home/kireiji/RoboticsDev_ws/install/lab1_interfaces/lib/python3.10/site-packages/lab1_interfaces/srv'...
[23.078s] Compiling '/home/kireiji/RoboticsDev_ws/install/lab1_interfaces/lib/python3.10/site-packages/lab1_interfaces/srv/__init__.py'...
[23.078s] Compiling '/home/kireiji/RoboticsDev_ws/install/lab1_interfaces/lib/python3.10/site-packages/lab1_interfaces/srv/_set_noise.py'...
[23.082s] -- Installing: /home/kireiji/RoboticsDev_ws/install/lab1_interfaces/lib/python3.10/site-packages/lab1_interfaces/lab1_interfaces_s__rosidl_typesupport_fastrtps_c.cpython-310-x86_64-linux-gnu.so
[23.082s] -- Set runtime path of "/home/kireiji/RoboticsDev_ws/install/lab1_interfaces/lib/python3.10/site-packages/lab1_interfaces/lab1_interfaces_s__rosidl_typesupport_fastrtps_c.cpython-310-x86_64-linux-gnu.so" to ""
[23.082s] -- Installing: /home/kireiji/RoboticsDev_ws/install/lab1_interfaces/lib/python3.10/site-packages/lab1_interfaces/lab1_interfaces_s__rosidl_typesupport_introspection_c.cpython-310-x86_64-linux-gnu.so
[23.082s] -- Set runtime path of "/home/kireiji/RoboticsDev_ws/install/lab1_interfaces/lib/python3.10/site-packages/lab1_interfaces/lab1_interfaces_s__rosidl_typesupport_introspection_c.cpython-310-x86_64-linux-gnu.so" to ""
[23.082s] -- Installing: /home/kireiji/RoboticsDev_ws/install/lab1_interfaces/lib/python3.10/site-packages/lab1_interfaces/lab1_interfaces_s__rosidl_typesupport_c.cpython-310-x86_64-linux-gnu.so
[23.082s] -- Set runtime path of "/home/kireiji/RoboticsDev_ws/install/lab1_interfaces/lib/python3.10/site-packages/lab1_interfaces/lab1_interfaces_s__rosidl_typesupport_c.cpython-310-x86_64-linux-gnu.so" to ""
[23.083s] -- Installing: /home/kireiji/RoboticsDev_ws/install/lab1_interfaces/lib/liblab1_interfaces__rosidl_generator_py.so
[23.092s] -- Set runtime path of "/home/kireiji/RoboticsDev_ws/install/lab1_interfaces/lib/liblab1_interfaces__rosidl_generator_py.so" to ""
[23.092s] -- Installing: /home/kireiji/RoboticsDev_ws/install/lab1_interfaces/share/lab1_interfaces/srv/SetNoise.idl
[23.092s] -- Installing: /home/kireiji/RoboticsDev_ws/install/lab1_interfaces/share/lab1_interfaces/srv/SetNoise.srv
[23.092s] -- Installing: /home/kireiji/RoboticsDev_ws/install/lab1_interfaces/share/lab1_interfaces/srv/SetNoise_Request.msg
[23.092s] -- Installing: /home/kireiji/RoboticsDev_ws/install/lab1_interfaces/share/lab1_interfaces/srv/SetNoise_Response.msg
[23.092s] -- Installing: /home/kireiji/RoboticsDev_ws/install/lab1_interfaces/share/ament_index/resource_index/package_run_dependencies/lab1_interfaces
[23.092s] -- Installing: /home/kireiji/RoboticsDev_ws/install/lab1_interfaces/share/ament_index/resource_index/parent_prefix_path/lab1_interfaces
[23.092s] -- Installing: /home/kireiji/RoboticsDev_ws/install/lab1_interfaces/share/lab1_interfaces/environment/ament_prefix_path.sh
[23.092s] -- Installing: /home/kireiji/RoboticsDev_ws/install/lab1_interfaces/share/lab1_interfaces/environment/ament_prefix_path.dsv
[23.092s] -- Installing: /home/kireiji/RoboticsDev_ws/install/lab1_interfaces/share/lab1_interfaces/environment/path.sh
[23.092s] -- Installing: /home/kireiji/RoboticsDev_ws/install/lab1_interfaces/share/lab1_interfaces/environment/path.dsv
[23.092s] -- Installing: /home/kireiji/RoboticsDev_ws/install/lab1_interfaces/share/lab1_interfaces/local_setup.bash
[23.093s] -- Installing: /home/kireiji/RoboticsDev_ws/install/lab1_interfaces/share/lab1_interfaces/local_setup.sh
[23.093s] -- Installing: /home/kireiji/RoboticsDev_ws/install/lab1_interfaces/share/lab1_interfaces/local_setup.zsh
[23.093s] -- Installing: /home/kireiji/RoboticsDev_ws/install/lab1_interfaces/share/lab1_interfaces/local_setup.dsv
[23.093s] -- Installing: /home/kireiji/RoboticsDev_ws/install/lab1_interfaces/share/lab1_interfaces/package.dsv
[23.093s] -- Installing: /home/kireiji/RoboticsDev_ws/install/lab1_interfaces/share/ament_index/resource_index/packages/lab1_interfaces
[23.093s] -- Installing: /home/kireiji/RoboticsDev_ws/install/lab1_interfaces/share/lab1_interfaces/cmake/export_lab1_interfaces__rosidl_generator_cExport.cmake
[23.093s] -- Installing: /home/kireiji/RoboticsDev_ws/install/lab1_interfaces/share/lab1_interfaces/cmake/export_lab1_interfaces__rosidl_generator_cExport-noconfig.cmake
[23.093s] -- Installing: /home/kireiji/RoboticsDev_ws/install/lab1_interfaces/share/lab1_interfaces/cmake/export_lab1_interfaces__rosidl_typesupport_fastrtps_cExport.cmake
[23.093s] -- Installing: /home/kireiji/RoboticsDev_ws/install/lab1_interfaces/share/lab1_interfaces/cmake/export_lab1_interfaces__rosidl_typesupport_fastrtps_cExport-noconfig.cmake
[23.093s] -- Installing: /home/kireiji/RoboticsDev_ws/install/lab1_interfaces/share/lab1_interfaces/cmake/export_lab1_interfaces__rosidl_generator_cppExport.cmake
[23.093s] -- Installing: /home/kireiji/RoboticsDev_ws/install/lab1_interfaces/share/lab1_interfaces/cmake/export_lab1_interfaces__rosidl_typesupport_fastrtps_cppExport.cmake
[23.093s] -- Installing: /home/kireiji/RoboticsDev_ws/install/lab1_interfaces/share/lab1_interfaces/cmake/export_lab1_interfaces__rosidl_typesupport_fastrtps_cppExport-noconfig.cmake
[23.093s] -- Installing: /home/kireiji/RoboticsDev_ws/install/lab1_interfaces/share/lab1_interfaces/cmake/lab1_interfaces__rosidl_typesupport_introspection_cExport.cmake
[23.093s] -- Installing: /home/kireiji/RoboticsDev_ws/install/lab1_interfaces/share/lab1_interfaces/cmake/lab1_interfaces__rosidl_typesupport_introspection_cExport-noconfig.cmake
[23.094s] -- Installing: /home/kireiji/RoboticsDev_ws/install/lab1_interfaces/share/lab1_interfaces/cmake/lab1_interfaces__rosidl_typesupport_cExport.cmake
[23.094s] -- Installing: /home/kireiji/RoboticsDev_ws/install/lab1_interfaces/share/lab1_interfaces/cmake/lab1_interfaces__rosidl_typesupport_cExport-noconfig.cmake
[23.094s] -- Installing: /home/kireiji/RoboticsDev_ws/install/lab1_interfaces/share/lab1_interfaces/cmake/lab1_interfaces__rosidl_typesupport_introspection_cppExport.cmake
[23.094s] -- Installing: /home/kireiji/RoboticsDev_ws/install/lab1_interfaces/share/lab1_interfaces/cmake/lab1_interfaces__rosidl_typesupport_introspection_cppExport-noconfig.cmake
[23.094s] -- Installing: /home/kireiji/RoboticsDev_ws/install/lab1_interfaces/share/lab1_interfaces/cmake/lab1_interfaces__rosidl_typesupport_cppExport.cmake
[23.094s] -- Installing: /home/kireiji/RoboticsDev_ws/install/lab1_interfaces/share/lab1_interfaces/cmake/lab1_interfaces__rosidl_typesupport_cppExport-noconfig.cmake
[23.094s] -- Installing: /home/kireiji/RoboticsDev_ws/install/lab1_interfaces/share/lab1_interfaces/cmake/export_lab1_interfaces__rosidl_generator_pyExport.cmake
[23.094s] -- Installing: /home/kireiji/RoboticsDev_ws/install/lab1_interfaces/share/lab1_interfaces/cmake/export_lab1_interfaces__rosidl_generator_pyExport-noconfig.cmake
[23.094s] -- Installing: /home/kireiji/RoboticsDev_ws/install/lab1_interfaces/share/lab1_interfaces/cmake/rosidl_cmake-extras.cmake
[23.094s] -- Installing: /home/kireiji/RoboticsDev_ws/install/lab1_interfaces/share/lab1_interfaces/cmake/ament_cmake_export_dependencies-extras.cmake
[23.094s] -- Installing: /home/kireiji/RoboticsDev_ws/install/lab1_interfaces/share/lab1_interfaces/cmake/ament_cmake_export_include_directories-extras.cmake
[23.094s] -- Installing: /home/kireiji/RoboticsDev_ws/install/lab1_interfaces/share/lab1_interfaces/cmake/ament_cmake_export_libraries-extras.cmake
[23.094s] -- Installing: /home/kireiji/RoboticsDev_ws/install/lab1_interfaces/share/lab1_interfaces/cmake/ament_cmake_export_targets-extras.cmake
[23.094s] -- Installing: /home/kireiji/RoboticsDev_ws/install/lab1_interfaces/share/lab1_interfaces/cmake/rosidl_cmake_export_typesupport_targets-extras.cmake
[23.094s] -- Installing: /home/kireiji/RoboticsDev_ws/install/lab1_interfaces/share/lab1_interfaces/cmake/rosidl_cmake_export_typesupport_libraries-extras.cmake
[23.095s] -- Installing: /home/kireiji/RoboticsDev_ws/install/lab1_interfaces/share/lab1_interfaces/cmake/lab1_interfacesConfig.cmake
[23.095s] -- Installing: /home/kireiji/RoboticsDev_ws/install/lab1_interfaces/share/lab1_interfaces/cmake/lab1_interfacesConfig-version.cmake
[23.095s] -- Installing: /home/kireiji/RoboticsDev_ws/install/lab1_interfaces/share/lab1_interfaces/package.xml
[23.097s] Invoked command in '/home/kireiji/RoboticsDev_ws/build/lab1_interfaces' returned '0': CMAKE_PREFIX_PATH=${CMAKE_PREFIX_PATH}:/home/kireiji/RoboticsDev_ws/install/launch_testing_examples:/home/kireiji/RoboticsDev_ws/install/examples_rclpy_pointcloud_publisher:/home/kireiji/RoboticsDev_ws/install/examples_rclpy_minimal_subscriber:/home/kireiji/RoboticsDev_ws/install/examples_rclpy_minimal_service:/home/kireiji/RoboticsDev_ws/install/examples_rclpy_minimal_publisher:/home/kireiji/RoboticsDev_ws/install/examples_rclpy_minimal_client:/home/kireiji/RoboticsDev_ws/install/examples_rclpy_minimal_action_server:/home/kireiji/RoboticsDev_ws/install/examples_rclpy_minimal_action_client:/home/kireiji/RoboticsDev_ws/install/examples_rclpy_guard_conditions:/home/kireiji/RoboticsDev_ws/install/examples_rclpy_executors:/home/kireiji/ros2_ws/install/my_py_pkg:/opt/ros/humble /usr/bin/cmake --install /home/kireiji/RoboticsDev_ws/build/lab1_interfaces
