[1.176s] Invoking command in '/home/kireiji/RoboticsDev_ws/build/lecture2': CMAKE_PREFIX_PATH=${CMAKE_PREFIX_PATH}:/home/kireiji/RoboticsDev_ws/install/launch_testing_examples:/home/kireiji/RoboticsDev_ws/install/examples_rclpy_pointcloud_publisher:/home/kireiji/RoboticsDev_ws/install/examples_rclpy_minimal_subscriber:/home/kireiji/RoboticsDev_ws/install/examples_rclpy_minimal_service:/home/kireiji/RoboticsDev_ws/install/examples_rclpy_minimal_publisher:/home/kireiji/RoboticsDev_ws/install/examples_rclpy_minimal_client:/home/kireiji/RoboticsDev_ws/install/examples_rclpy_minimal_action_server:/home/kireiji/RoboticsDev_ws/install/examples_rclpy_minimal_action_client:/home/kireiji/RoboticsDev_ws/install/examples_rclpy_guard_conditions:/home/kireiji/RoboticsDev_ws/install/examples_rclpy_executors:/home/kireiji/ros2_ws/install/my_py_pkg:/opt/ros/humble /usr/bin/cmake /home/kireiji/RoboticsDev_ws/src/lecture2 -DCMAKE_INSTALL_PREFIX=/home/kireiji/RoboticsDev_ws/install/lecture2
[1.530s] -- The C compiler identification is GNU 11.4.0
[1.750s] -- The CXX compiler identification is GNU 11.4.0
[1.766s] -- Detecting C compiler ABI info
[2.062s] -- Detecting C compiler ABI info - done
[2.085s] -- Check for working C compiler: /usr/bin/cc - skipped
[2.095s] -- Detecting C compile features
[2.096s] -- Detecting C compile features - done
[2.101s] -- Detecting CXX compiler ABI info
[2.496s] -- Detecting CXX compiler ABI info - done
[2.510s] -- Check for working CXX compiler: /usr/bin/c++ - skipped
[2.514s] -- Detecting CXX compile features
[2.514s] -- Detecting CXX compile features - done
[2.526s] -- Found ament_cmake: 1.3.10 (/opt/ros/humble/share/ament_cmake/cmake)
[4.054s] -- Found Python3: /usr/local/bin/python3 (found version "3.10.0") found components: Interpreter 
[4.408s] -- Found rclcpp: 16.0.10 (/opt/ros/humble/share/rclcpp/cmake)
[4.497s] -- Found rosidl_generator_c: 3.1.5 (/opt/ros/humble/share/rosidl_generator_c/cmake)
[4.510s] -- Found rosidl_adapter: 3.1.5 (/opt/ros/humble/share/rosidl_adapter/cmake)
[4.521s] -- Found rosidl_generator_cpp: 3.1.5 (/opt/ros/humble/share/rosidl_generator_cpp/cmake)
[4.545s] -- Using all available rosidl_typesupport_c: rosidl_typesupport_fastrtps_c;rosidl_typesupport_introspection_c
[4.570s] -- Using all available rosidl_typesupport_cpp: rosidl_typesupport_fastrtps_cpp;rosidl_typesupport_introspection_cpp
[4.641s] -- Found rmw_implementation_cmake: 6.1.2 (/opt/ros/humble/share/rmw_implementation_cmake/cmake)
[4.648s] -- Found rmw_fastrtps_cpp: 6.2.7 (/opt/ros/humble/share/rmw_fastrtps_cpp/cmake)
[4.904s] -- Found OpenSSL: /usr/lib/x86_64-linux-gnu/libcrypto.so (found version "3.0.2")  
[4.994s] -- Found FastRTPS: /opt/ros/humble/include  
[5.081s] -- Using RMW implementation 'rmw_fastrtps_cpp' as default
[5.098s] -- Looking for pthread.h
[5.348s] -- Looking for pthread.h - found
[5.348s] -- Performing Test CMAKE_HAVE_LIBC_PTHREAD
[5.519s] -- Performing Test CMAKE_HAVE_LIBC_PTHREAD - Success
[5.521s] -- Found Threads: TRUE  
[5.621s] -- Found rclpy: 3.3.14 (/opt/ros/humble/share/rclpy/cmake)
[6.465s] -- Configuring done
[6.526s] -- Generating done
[6.531s] -- Build files have been written to: /home/kireiji/RoboticsDev_ws/build/lecture2
