[0.963s] Invoking command in '/home/kireiji/RoboticsDev_ws/build/lecture3': CMAKE_PREFIX_PATH=${CMAKE_PREFIX_PATH}:/home/kireiji/RoboticsDev_ws/install/launch_testing_examples:/home/kireiji/RoboticsDev_ws/install/examples_rclpy_pointcloud_publisher:/home/kireiji/RoboticsDev_ws/install/examples_rclpy_minimal_subscriber:/home/kireiji/RoboticsDev_ws/install/examples_rclpy_minimal_service:/home/kireiji/RoboticsDev_ws/install/examples_rclpy_minimal_publisher:/home/kireiji/RoboticsDev_ws/install/examples_rclpy_minimal_client:/home/kireiji/RoboticsDev_ws/install/examples_rclpy_minimal_action_server:/home/kireiji/RoboticsDev_ws/install/examples_rclpy_minimal_action_client:/home/kireiji/RoboticsDev_ws/install/examples_rclpy_guard_conditions:/home/kireiji/RoboticsDev_ws/install/examples_rclpy_executors:/home/kireiji/ros2_ws/install/my_py_pkg:/opt/ros/humble /usr/bin/cmake --build /home/kireiji/RoboticsDev_ws/build/lecture3 -- -j16 -l16
[1.019s] [100%] Built target cpp_node_test
[1.030s] [100%] Built target ament_cmake_python_copy_lecture3
[1.416s] running egg_info
[1.420s] writing manifest file 'lecture3.egg-info/SOURCES.txt'
[1.476s] [100%] Built target ament_cmake_python_build_lecture3_egg
[1.501s] Invoked command in '/home/kireiji/RoboticsDev_ws/build/lecture3' returned '0': CMAKE_PREFIX_PATH=${CMAKE_PREFIX_PATH}:/home/kireiji/RoboticsDev_ws/install/launch_testing_examples:/home/kireiji/RoboticsDev_ws/install/examples_rclpy_pointcloud_publisher:/home/kireiji/RoboticsDev_ws/install/examples_rclpy_minimal_subscriber:/home/kireiji/RoboticsDev_ws/install/examples_rclpy_minimal_service:/home/kireiji/RoboticsDev_ws/install/examples_rclpy_minimal_publisher:/home/kireiji/RoboticsDev_ws/install/examples_rclpy_minimal_client:/home/kireiji/RoboticsDev_ws/install/examples_rclpy_minimal_action_server:/home/kireiji/RoboticsDev_ws/install/examples_rclpy_minimal_action_client:/home/kireiji/RoboticsDev_ws/install/examples_rclpy_guard_conditions:/home/kireiji/RoboticsDev_ws/install/examples_rclpy_executors:/home/kireiji/ros2_ws/install/my_py_pkg:/opt/ros/humble /usr/bin/cmake --build /home/kireiji/RoboticsDev_ws/build/lecture3 -- -j16 -l16
[1.531s] Invoking command in '/home/kireiji/RoboticsDev_ws/build/lecture3': CMAKE_PREFIX_PATH=${CMAKE_PREFIX_PATH}:/home/kireiji/RoboticsDev_ws/install/launch_testing_examples:/home/kireiji/RoboticsDev_ws/install/examples_rclpy_pointcloud_publisher:/home/kireiji/RoboticsDev_ws/install/examples_rclpy_minimal_subscriber:/home/kireiji/RoboticsDev_ws/install/examples_rclpy_minimal_service:/home/kireiji/RoboticsDev_ws/install/examples_rclpy_minimal_publisher:/home/kireiji/RoboticsDev_ws/install/examples_rclpy_minimal_client:/home/kireiji/RoboticsDev_ws/install/examples_rclpy_minimal_action_server:/home/kireiji/RoboticsDev_ws/install/examples_rclpy_minimal_action_client:/home/kireiji/RoboticsDev_ws/install/examples_rclpy_guard_conditions:/home/kireiji/RoboticsDev_ws/install/examples_rclpy_executors:/home/kireiji/ros2_ws/install/my_py_pkg:/opt/ros/humble /usr/bin/cmake --install /home/kireiji/RoboticsDev_ws/build/lecture3
[1.542s] -- Install configuration: ""
[1.543s] -- Up-to-date: /home/kireiji/RoboticsDev_ws/install/lecture3/share/lecture3/environment/pythonpath.sh
[1.543s] -- Up-to-date: /home/kireiji/RoboticsDev_ws/install/lecture3/share/lecture3/environment/pythonpath.dsv
[1.543s] -- Up-to-date: /home/kireiji/RoboticsDev_ws/install/lecture3/lib/python3.10/site-packages/lecture3-0.0.0-py3.10.egg-info
[1.543s] -- Installing: /home/kireiji/RoboticsDev_ws/install/lecture3/lib/python3.10/site-packages/lecture3-0.0.0-py3.10.egg-info/PKG-INFO
[1.543s] -- Installing: /home/kireiji/RoboticsDev_ws/install/lecture3/lib/python3.10/site-packages/lecture3-0.0.0-py3.10.egg-info/dependency_links.txt
[1.543s] -- Installing: /home/kireiji/RoboticsDev_ws/install/lecture3/lib/python3.10/site-packages/lecture3-0.0.0-py3.10.egg-info/top_level.txt
[1.543s] -- Installing: /home/kireiji/RoboticsDev_ws/install/lecture3/lib/python3.10/site-packages/lecture3-0.0.0-py3.10.egg-info/SOURCES.txt
[1.543s] -- Up-to-date: /home/kireiji/RoboticsDev_ws/install/lecture3/lib/python3.10/site-packages/lecture3
[1.543s] -- Up-to-date: /home/kireiji/RoboticsDev_ws/install/lecture3/lib/python3.10/site-packages/lecture3/__init__.py
[1.543s] -- Up-to-date: /home/kireiji/RoboticsDev_ws/install/lecture3/lib/python3.10/site-packages/lecture3/dummy_module.py
[1.586s] Listing '/home/kireiji/RoboticsDev_ws/install/lecture3/lib/python3.10/site-packages/lecture3'...
[1.595s] -- Up-to-date: /home/kireiji/RoboticsDev_ws/install/lecture3/lib/lecture3/dummy_script.py
[1.595s] -- Up-to-date: /home/kireiji/RoboticsDev_ws/install/lecture3/lib/lecture3/cpp_node_test
[1.595s] -- Up-to-date: /home/kireiji/RoboticsDev_ws/install/lecture3/share/lecture3
[1.599s] -- Up-to-date: /home/kireiji/RoboticsDev_ws/install/lecture3/share/ament_index/resource_index/package_run_dependencies/lecture3
[1.599s] -- Up-to-date: /home/kireiji/RoboticsDev_ws/install/lecture3/share/ament_index/resource_index/parent_prefix_path/lecture3
[1.599s] -- Up-to-date: /home/kireiji/RoboticsDev_ws/install/lecture3/share/lecture3/environment/ament_prefix_path.sh
[1.599s] -- Up-to-date: /home/kireiji/RoboticsDev_ws/install/lecture3/share/lecture3/environment/ament_prefix_path.dsv
[1.599s] -- Up-to-date: /home/kireiji/RoboticsDev_ws/install/lecture3/share/lecture3/environment/path.sh
[1.599s] -- Up-to-date: /home/kireiji/RoboticsDev_ws/install/lecture3/share/lecture3/environment/path.dsv
[1.599s] -- Up-to-date: /home/kireiji/RoboticsDev_ws/install/lecture3/share/lecture3/local_setup.bash
[1.599s] -- Up-to-date: /home/kireiji/RoboticsDev_ws/install/lecture3/share/lecture3/local_setup.sh
[1.599s] -- Up-to-date: /home/kireiji/RoboticsDev_ws/install/lecture3/share/lecture3/local_setup.zsh
[1.600s] -- Up-to-date: /home/kireiji/RoboticsDev_ws/install/lecture3/share/lecture3/local_setup.dsv
[1.600s] -- Installing: /home/kireiji/RoboticsDev_ws/install/lecture3/share/lecture3/package.dsv
[1.600s] -- Up-to-date: /home/kireiji/RoboticsDev_ws/install/lecture3/share/ament_index/resource_index/packages/lecture3
[1.600s] -- Up-to-date: /home/kireiji/RoboticsDev_ws/install/lecture3/share/lecture3/cmake/lecture3Config.cmake
[1.600s] -- Up-to-date: /home/kireiji/RoboticsDev_ws/install/lecture3/share/lecture3/cmake/lecture3Config-version.cmake
[1.600s] -- Up-to-date: /home/kireiji/RoboticsDev_ws/install/lecture3/share/lecture3/package.xml
[1.601s] Invoked command in '/home/kireiji/RoboticsDev_ws/build/lecture3' returned '0': CMAKE_PREFIX_PATH=${CMAKE_PREFIX_PATH}:/home/kireiji/RoboticsDev_ws/install/launch_testing_examples:/home/kireiji/RoboticsDev_ws/install/examples_rclpy_pointcloud_publisher:/home/kireiji/RoboticsDev_ws/install/examples_rclpy_minimal_subscriber:/home/kireiji/RoboticsDev_ws/install/examples_rclpy_minimal_service:/home/kireiji/RoboticsDev_ws/install/examples_rclpy_minimal_publisher:/home/kireiji/RoboticsDev_ws/install/examples_rclpy_minimal_client:/home/kireiji/RoboticsDev_ws/install/examples_rclpy_minimal_action_server:/home/kireiji/RoboticsDev_ws/install/examples_rclpy_minimal_action_client:/home/kireiji/RoboticsDev_ws/install/examples_rclpy_guard_conditions:/home/kireiji/RoboticsDev_ws/install/examples_rclpy_executors:/home/kireiji/ros2_ws/install/my_py_pkg:/opt/ros/humble /usr/bin/cmake --install /home/kireiji/RoboticsDev_ws/build/lecture3
