[1.213s] Invoking command in '/home/kireiji/RoboticsDev_ws/build/turtlesim_plus': CMAKE_PREFIX_PATH=${CMAKE_PREFIX_PATH}:/home/kireiji/RoboticsDev_ws/install/launch_testing_examples:/home/kireiji/RoboticsDev_ws/install/examples_rclpy_pointcloud_publisher:/home/kireiji/RoboticsDev_ws/install/examples_rclpy_minimal_subscriber:/home/kireiji/RoboticsDev_ws/install/examples_rclpy_minimal_service:/home/kireiji/RoboticsDev_ws/install/examples_rclpy_minimal_publisher:/home/kireiji/RoboticsDev_ws/install/examples_rclpy_minimal_client:/home/kireiji/RoboticsDev_ws/install/examples_rclpy_minimal_action_server:/home/kireiji/RoboticsDev_ws/install/examples_rclpy_minimal_action_client:/home/kireiji/RoboticsDev_ws/install/examples_rclpy_guard_conditions:/home/kireiji/RoboticsDev_ws/install/examples_rclpy_executors:/home/kireiji/ros2_ws/install/my_py_pkg:/opt/ros/humble /usr/bin/cmake /home/kireiji/RoboticsDev_ws/src/turtlesim_plus/turtlesim_plus -DCMAKE_INSTALL_PREFIX=/home/kireiji/RoboticsDev_ws/install/turtlesim_plus
[2.829s] -- The C compiler identification is GNU 11.4.0
[2.829s] -- The CXX compiler identification is GNU 11.4.0
[2.829s] -- Detecting C compiler ABI info
[2.829s] -- Detecting C compiler ABI info - done
[2.829s] -- Check for working C compiler: /usr/bin/cc - skipped
[2.829s] -- Detecting C compile features
[2.829s] -- Detecting C compile features - done
[2.829s] -- Detecting CXX compiler ABI info
[2.829s] -- Detecting CXX compiler ABI info - done
[2.829s] -- Check for working CXX compiler: /usr/bin/c++ - skipped
[2.829s] -- Detecting CXX compile features
[2.829s] -- Detecting CXX compile features - done
[2.829s] -- Found ament_cmake: 1.3.10 (/opt/ros/humble/share/ament_cmake/cmake)
[5.040s] -- Found Python3: /usr/local/bin/python3 (found version "3.10.0") found components: Interpreter 
[5.385s] -- Found rclcpp: 16.0.10 (/opt/ros/humble/share/rclcpp/cmake)
[5.486s] -- Found rosidl_generator_c: 3.1.5 (/opt/ros/humble/share/rosidl_generator_c/cmake)
[5.497s] -- Found rosidl_adapter: 3.1.5 (/opt/ros/humble/share/rosidl_adapter/cmake)
[5.514s] -- Found rosidl_generator_cpp: 3.1.5 (/opt/ros/humble/share/rosidl_generator_cpp/cmake)
[5.533s] -- Using all available rosidl_typesupport_c: rosidl_typesupport_fastrtps_c;rosidl_typesupport_introspection_c
[5.563s] -- Using all available rosidl_typesupport_cpp: rosidl_typesupport_fastrtps_cpp;rosidl_typesupport_introspection_cpp
[5.653s] -- Found rmw_implementation_cmake: 6.1.2 (/opt/ros/humble/share/rmw_implementation_cmake/cmake)
[5.661s] -- Found rmw_fastrtps_cpp: 6.2.7 (/opt/ros/humble/share/rmw_fastrtps_cpp/cmake)
[5.865s] -- Found OpenSSL: /usr/lib/x86_64-linux-gnu/libcrypto.so (found version "3.0.2")  
[6.034s] -- Found FastRTPS: /opt/ros/humble/include  
[6.265s] -- Using RMW implementation 'rmw_fastrtps_cpp' as default
[6.313s] -- Looking for pthread.h
[6.585s] -- Looking for pthread.h - found
[6.585s] -- Performing Test CMAKE_HAVE_LIBC_PTHREAD
[6.862s] -- Performing Test CMAKE_HAVE_LIBC_PTHREAD - Success
[6.866s] -- Found Threads: TRUE  
[7.070s] -- Found rclpy: 3.3.14 (/opt/ros/humble/share/rclpy/cmake)
[8.182s] -- Configuring done
[8.210s] -- Generating done
[8.219s] -- Build files have been written to: /home/kireiji/RoboticsDev_ws/build/turtlesim_plus
