[6.750s] Invoking command in '/home/kireiji/RoboticsDev_ws/src/examples/rclpy/services/minimal_service': PYTHONPATH=/home/kireiji/RoboticsDev_ws/build/examples_rclpy_minimal_service/prefix_override:/usr/lib/python3/dist-packages/colcon_core/task/python/colcon_distutils_commands:/home/kireiji/RoboticsDev_ws/install/examples_rclpy_minimal_service/lib/python3.10/site-packages:${PYTHONPATH} /usr/bin/python3 -W ignore:setup.py install is deprecated setup.py egg_info --egg-base ../../../../../build/examples_rclpy_minimal_service build --build-base /home/kireiji/RoboticsDev_ws/build/examples_rclpy_minimal_service/build install --record /home/kireiji/RoboticsDev_ws/build/examples_rclpy_minimal_service/install.log --single-version-externally-managed install_data
[8.301s] running egg_info
[8.305s] creating ../../../../../build/examples_rclpy_minimal_service/examples_rclpy_minimal_service.egg-info
[8.307s] writing ../../../../../build/examples_rclpy_minimal_service/examples_rclpy_minimal_service.egg-info/PKG-INFO
[8.307s] writing dependency_links to ../../../../../build/examples_rclpy_minimal_service/examples_rclpy_minimal_service.egg-info/dependency_links.txt
[8.311s] writing entry points to ../../../../../build/examples_rclpy_minimal_service/examples_rclpy_minimal_service.egg-info/entry_points.txt
[8.312s] writing requirements to ../../../../../build/examples_rclpy_minimal_service/examples_rclpy_minimal_service.egg-info/requires.txt
[8.312s] writing top-level names to ../../../../../build/examples_rclpy_minimal_service/examples_rclpy_minimal_service.egg-info/top_level.txt
[8.312s] writing manifest file '../../../../../build/examples_rclpy_minimal_service/examples_rclpy_minimal_service.egg-info/SOURCES.txt'
[8.325s] reading manifest file '../../../../../build/examples_rclpy_minimal_service/examples_rclpy_minimal_service.egg-info/SOURCES.txt'
[8.326s] writing manifest file '../../../../../build/examples_rclpy_minimal_service/examples_rclpy_minimal_service.egg-info/SOURCES.txt'
[8.327s] running build
[8.328s] running build_py
[8.328s] creating /home/kireiji/RoboticsDev_ws/build/examples_rclpy_minimal_service/build
[8.328s] creating /home/kireiji/RoboticsDev_ws/build/examples_rclpy_minimal_service/build/lib
[8.328s] creating /home/kireiji/RoboticsDev_ws/build/examples_rclpy_minimal_service/build/lib/examples_rclpy_minimal_service
[8.328s] copying examples_rclpy_minimal_service/service.py -> /home/kireiji/RoboticsDev_ws/build/examples_rclpy_minimal_service/build/lib/examples_rclpy_minimal_service
[8.328s] copying examples_rclpy_minimal_service/__init__.py -> /home/kireiji/RoboticsDev_ws/build/examples_rclpy_minimal_service/build/lib/examples_rclpy_minimal_service
[8.328s] copying examples_rclpy_minimal_service/service_member_function.py -> /home/kireiji/RoboticsDev_ws/build/examples_rclpy_minimal_service/build/lib/examples_rclpy_minimal_service
[8.329s] running install
[8.333s] running install_lib
[8.339s] creating /home/kireiji/RoboticsDev_ws/install/examples_rclpy_minimal_service/lib/python3.10/site-packages/examples_rclpy_minimal_service
[8.340s] copying /home/kireiji/RoboticsDev_ws/build/examples_rclpy_minimal_service/build/lib/examples_rclpy_minimal_service/service.py -> /home/kireiji/RoboticsDev_ws/install/examples_rclpy_minimal_service/lib/python3.10/site-packages/examples_rclpy_minimal_service
[8.340s] copying /home/kireiji/RoboticsDev_ws/build/examples_rclpy_minimal_service/build/lib/examples_rclpy_minimal_service/__init__.py -> /home/kireiji/RoboticsDev_ws/install/examples_rclpy_minimal_service/lib/python3.10/site-packages/examples_rclpy_minimal_service
[8.340s] copying /home/kireiji/RoboticsDev_ws/build/examples_rclpy_minimal_service/build/lib/examples_rclpy_minimal_service/service_member_function.py -> /home/kireiji/RoboticsDev_ws/install/examples_rclpy_minimal_service/lib/python3.10/site-packages/examples_rclpy_minimal_service
[8.345s] byte-compiling /home/kireiji/RoboticsDev_ws/install/examples_rclpy_minimal_service/lib/python3.10/site-packages/examples_rclpy_minimal_service/service.py to service.cpython-310.pyc
[8.347s] byte-compiling /home/kireiji/RoboticsDev_ws/install/examples_rclpy_minimal_service/lib/python3.10/site-packages/examples_rclpy_minimal_service/__init__.py to __init__.cpython-310.pyc
[8.347s] byte-compiling /home/kireiji/RoboticsDev_ws/install/examples_rclpy_minimal_service/lib/python3.10/site-packages/examples_rclpy_minimal_service/service_member_function.py to service_member_function.cpython-310.pyc
[8.348s] running install_data
[8.355s] creating /home/kireiji/RoboticsDev_ws/install/examples_rclpy_minimal_service/share/ament_index
[8.356s] creating /home/kireiji/RoboticsDev_ws/install/examples_rclpy_minimal_service/share/ament_index/resource_index
[8.356s] creating /home/kireiji/RoboticsDev_ws/install/examples_rclpy_minimal_service/share/ament_index/resource_index/packages
[8.356s] copying resource/examples_rclpy_minimal_service -> /home/kireiji/RoboticsDev_ws/install/examples_rclpy_minimal_service/share/ament_index/resource_index/packages
[8.356s] copying package.xml -> /home/kireiji/RoboticsDev_ws/install/examples_rclpy_minimal_service/share/examples_rclpy_minimal_service
[8.356s] running install_egg_info
[8.364s] Copying ../../../../../build/examples_rclpy_minimal_service/examples_rclpy_minimal_service.egg-info to /home/kireiji/RoboticsDev_ws/install/examples_rclpy_minimal_service/lib/python3.10/site-packages/examples_rclpy_minimal_service-0.15.2-py3.10.egg-info
[8.365s] running install_scripts
[8.492s] Installing service script to /home/kireiji/RoboticsDev_ws/install/examples_rclpy_minimal_service/lib/examples_rclpy_minimal_service
[8.493s] Installing service_member_function script to /home/kireiji/RoboticsDev_ws/install/examples_rclpy_minimal_service/lib/examples_rclpy_minimal_service
[8.493s] writing list of installed files to '/home/kireiji/RoboticsDev_ws/build/examples_rclpy_minimal_service/install.log'
[9.032s] Invoked command in '/home/kireiji/RoboticsDev_ws/src/examples/rclpy/services/minimal_service' returned '0': PYTHONPATH=/home/kireiji/RoboticsDev_ws/build/examples_rclpy_minimal_service/prefix_override:/usr/lib/python3/dist-packages/colcon_core/task/python/colcon_distutils_commands:/home/kireiji/RoboticsDev_ws/install/examples_rclpy_minimal_service/lib/python3.10/site-packages:${PYTHONPATH} /usr/bin/python3 -W ignore:setup.py install is deprecated setup.py egg_info --egg-base ../../../../../build/examples_rclpy_minimal_service build --build-base /home/kireiji/RoboticsDev_ws/build/examples_rclpy_minimal_service/build install --record /home/kireiji/RoboticsDev_ws/build/examples_rclpy_minimal_service/install.log --single-version-externally-managed install_data
