[0.098s] Invoking command in '/home/kireiji/RoboticsDev_ws/build/turtlesim_plus_interfaces': CMAKE_PREFIX_PATH=${CMAKE_PREFIX_PATH}:/home/kireiji/RoboticsDev_ws/install/launch_testing_examples:/home/kireiji/RoboticsDev_ws/install/examples_rclpy_pointcloud_publisher:/home/kireiji/RoboticsDev_ws/install/examples_rclpy_minimal_subscriber:/home/kireiji/RoboticsDev_ws/install/examples_rclpy_minimal_service:/home/kireiji/RoboticsDev_ws/install/examples_rclpy_minimal_publisher:/home/kireiji/RoboticsDev_ws/install/examples_rclpy_minimal_client:/home/kireiji/RoboticsDev_ws/install/examples_rclpy_minimal_action_server:/home/kireiji/RoboticsDev_ws/install/examples_rclpy_minimal_action_client:/home/kireiji/RoboticsDev_ws/install/examples_rclpy_guard_conditions:/home/kireiji/RoboticsDev_ws/install/examples_rclpy_executors:/home/kireiji/ros2_ws/install/my_py_pkg:/opt/ros/humble /usr/bin/cmake --build /home/kireiji/RoboticsDev_ws/build/turtlesim_plus_interfaces -- -j16 -l16
[0.197s] [35m[1mConsolidate compiler generated dependencies of target turtlesim_plus_interfaces__rosidl_generator_c[0m
[0.223s] [  1%] Built target turtlesim_plus_interfaces__cpp
[0.223s] [ 12%] Built target turtlesim_plus_interfaces__rosidl_generator_c
[0.256s] [35m[1mConsolidate compiler generated dependencies of target turtlesim_plus_interfaces__rosidl_typesupport_cpp[0m
[0.260s] [35m[1mConsolidate compiler generated dependencies of target turtlesim_plus_interfaces__rosidl_typesupport_introspection_c[0m
[0.260s] [35m[1mConsolidate compiler generated dependencies of target turtlesim_plus_interfaces__rosidl_typesupport_fastrtps_c[0m
[0.269s] [35m[1mConsolidate compiler generated dependencies of target turtlesim_plus_interfaces__rosidl_typesupport_c[0m
[0.269s] [35m[1mConsolidate compiler generated dependencies of target turtlesim_plus_interfaces__rosidl_typesupport_introspection_cpp[0m
[0.270s] [35m[1mConsolidate compiler generated dependencies of target turtlesim_plus_interfaces__rosidl_typesupport_fastrtps_cpp[0m
[0.293s] [ 23%] Built target turtlesim_plus_interfaces__rosidl_typesupport_introspection_c
[0.307s] [ 23%] Built target ament_cmake_python_copy_turtlesim_plus_interfaces
[0.307s] [ 34%] Built target turtlesim_plus_interfaces__rosidl_typesupport_introspection_cpp
[0.307s] [ 45%] Built target turtlesim_plus_interfaces__rosidl_typesupport_fastrtps_c
[0.307s] [ 56%] Built target turtlesim_plus_interfaces__rosidl_typesupport_cpp
[0.310s] [ 67%] Built target turtlesim_plus_interfaces__rosidl_typesupport_c
[0.312s] [ 78%] Built target turtlesim_plus_interfaces__rosidl_typesupport_fastrtps_cpp
[0.354s] [ 78%] Built target turtlesim_plus_interfaces
[0.418s] [ 80%] Built target turtlesim_plus_interfaces__py
[0.464s] [35m[1mConsolidate compiler generated dependencies of target turtlesim_plus_interfaces__rosidl_generator_py[0m
[0.529s] [ 89%] Built target turtlesim_plus_interfaces__rosidl_generator_py
[0.578s] [35m[1mConsolidate compiler generated dependencies of target turtlesim_plus_interfaces__rosidl_typesupport_fastrtps_c__pyext[0m
[0.583s] [35m[1mConsolidate compiler generated dependencies of target turtlesim_plus_interfaces__rosidl_typesupport_c__pyext[0m
[0.591s] [35m[1mConsolidate compiler generated dependencies of target turtlesim_plus_interfaces__rosidl_typesupport_introspection_c__pyext[0m
[0.620s] [ 92%] Built target turtlesim_plus_interfaces__rosidl_typesupport_c__pyext
[0.620s] [ 96%] Built target turtlesim_plus_interfaces__rosidl_typesupport_fastrtps_c__pyext
[0.644s] [100%] Built target turtlesim_plus_interfaces__rosidl_typesupport_introspection_c__pyext
[1.028s] running egg_info
[1.047s] writing manifest file 'turtlesim_plus_interfaces.egg-info/SOURCES.txt'
[1.124s] [100%] Built target ament_cmake_python_build_turtlesim_plus_interfaces_egg
[1.153s] Invoked command in '/home/kireiji/RoboticsDev_ws/build/turtlesim_plus_interfaces' returned '0': CMAKE_PREFIX_PATH=${CMAKE_PREFIX_PATH}:/home/kireiji/RoboticsDev_ws/install/launch_testing_examples:/home/kireiji/RoboticsDev_ws/install/examples_rclpy_pointcloud_publisher:/home/kireiji/RoboticsDev_ws/install/examples_rclpy_minimal_subscriber:/home/kireiji/RoboticsDev_ws/install/examples_rclpy_minimal_service:/home/kireiji/RoboticsDev_ws/install/examples_rclpy_minimal_publisher:/home/kireiji/RoboticsDev_ws/install/examples_rclpy_minimal_client:/home/kireiji/RoboticsDev_ws/install/examples_rclpy_minimal_action_server:/home/kireiji/RoboticsDev_ws/install/examples_rclpy_minimal_action_client:/home/kireiji/RoboticsDev_ws/install/examples_rclpy_guard_conditions:/home/kireiji/RoboticsDev_ws/install/examples_rclpy_executors:/home/kireiji/ros2_ws/install/my_py_pkg:/opt/ros/humble /usr/bin/cmake --build /home/kireiji/RoboticsDev_ws/build/turtlesim_plus_interfaces -- -j16 -l16
[1.336s] Invoking command in '/home/kireiji/RoboticsDev_ws/build/turtlesim_plus_interfaces': CMAKE_PREFIX_PATH=${CMAKE_PREFIX_PATH}:/home/kireiji/RoboticsDev_ws/install/launch_testing_examples:/home/kireiji/RoboticsDev_ws/install/examples_rclpy_pointcloud_publisher:/home/kireiji/RoboticsDev_ws/install/examples_rclpy_minimal_subscriber:/home/kireiji/RoboticsDev_ws/install/examples_rclpy_minimal_service:/home/kireiji/RoboticsDev_ws/install/examples_rclpy_minimal_publisher:/home/kireiji/RoboticsDev_ws/install/examples_rclpy_minimal_client:/home/kireiji/RoboticsDev_ws/install/examples_rclpy_minimal_action_server:/home/kireiji/RoboticsDev_ws/install/examples_rclpy_minimal_action_client:/home/kireiji/RoboticsDev_ws/install/examples_rclpy_guard_conditions:/home/kireiji/RoboticsDev_ws/install/examples_rclpy_executors:/home/kireiji/ros2_ws/install/my_py_pkg:/opt/ros/humble /usr/bin/cmake --install /home/kireiji/RoboticsDev_ws/build/turtlesim_plus_interfaces
[1.344s] -- Install configuration: ""
[1.344s] -- Up-to-date: /home/kireiji/RoboticsDev_ws/install/turtlesim_plus_interfaces/share/ament_index/resource_index/rosidl_interfaces/turtlesim_plus_interfaces
[1.344s] -- Up-to-date: /home/kireiji/RoboticsDev_ws/install/turtlesim_plus_interfaces/include/turtlesim_plus_interfaces/turtlesim_plus_interfaces
[1.344s] -- Up-to-date: /home/kireiji/RoboticsDev_ws/install/turtlesim_plus_interfaces/include/turtlesim_plus_interfaces/turtlesim_plus_interfaces/msg
[1.344s] -- Up-to-date: /home/kireiji/RoboticsDev_ws/install/turtlesim_plus_interfaces/include/turtlesim_plus_interfaces/turtlesim_plus_interfaces/msg/rosidl_generator_c__visibility_control.h
[1.344s] -- Up-to-date: /home/kireiji/RoboticsDev_ws/install/turtlesim_plus_interfaces/include/turtlesim_plus_interfaces/turtlesim_plus_interfaces/msg/scanner_data.h
[1.344s] -- Up-to-date: /home/kireiji/RoboticsDev_ws/install/turtlesim_plus_interfaces/include/turtlesim_plus_interfaces/turtlesim_plus_interfaces/msg/scanner_data_array.h
[1.345s] -- Up-to-date: /home/kireiji/RoboticsDev_ws/install/turtlesim_plus_interfaces/include/turtlesim_plus_interfaces/turtlesim_plus_interfaces/msg/detail
[1.345s] -- Up-to-date: /home/kireiji/RoboticsDev_ws/install/turtlesim_plus_interfaces/include/turtlesim_plus_interfaces/turtlesim_plus_interfaces/msg/detail/scanner_data_array__functions.h
[1.345s] -- Up-to-date: /home/kireiji/RoboticsDev_ws/install/turtlesim_plus_interfaces/include/turtlesim_plus_interfaces/turtlesim_plus_interfaces/msg/detail/scanner_data_array__struct.h
[1.345s] -- Up-to-date: /home/kireiji/RoboticsDev_ws/install/turtlesim_plus_interfaces/include/turtlesim_plus_interfaces/turtlesim_plus_interfaces/msg/detail/scanner_data__functions.h
[1.345s] -- Up-to-date: /home/kireiji/RoboticsDev_ws/install/turtlesim_plus_interfaces/include/turtlesim_plus_interfaces/turtlesim_plus_interfaces/msg/detail/scanner_data__struct.h
[1.345s] -- Up-to-date: /home/kireiji/RoboticsDev_ws/install/turtlesim_plus_interfaces/include/turtlesim_plus_interfaces/turtlesim_plus_interfaces/msg/detail/scanner_data_array__type_support.h
[1.345s] -- Up-to-date: /home/kireiji/RoboticsDev_ws/install/turtlesim_plus_interfaces/include/turtlesim_plus_interfaces/turtlesim_plus_interfaces/msg/detail/scanner_data_array__functions.c
[1.346s] -- Up-to-date: /home/kireiji/RoboticsDev_ws/install/turtlesim_plus_interfaces/include/turtlesim_plus_interfaces/turtlesim_plus_interfaces/msg/detail/scanner_data__functions.c
[1.346s] -- Up-to-date: /home/kireiji/RoboticsDev_ws/install/turtlesim_plus_interfaces/include/turtlesim_plus_interfaces/turtlesim_plus_interfaces/msg/detail/scanner_data__type_support.h
[1.346s] -- Up-to-date: /home/kireiji/RoboticsDev_ws/install/turtlesim_plus_interfaces/include/turtlesim_plus_interfaces/turtlesim_plus_interfaces/srv
[1.346s] -- Up-to-date: /home/kireiji/RoboticsDev_ws/install/turtlesim_plus_interfaces/include/turtlesim_plus_interfaces/turtlesim_plus_interfaces/srv/give_position.h
[1.346s] -- Up-to-date: /home/kireiji/RoboticsDev_ws/install/turtlesim_plus_interfaces/include/turtlesim_plus_interfaces/turtlesim_plus_interfaces/srv/detail
[1.346s] -- Up-to-date: /home/kireiji/RoboticsDev_ws/install/turtlesim_plus_interfaces/include/turtlesim_plus_interfaces/turtlesim_plus_interfaces/srv/detail/give_position__functions.c
[1.346s] -- Up-to-date: /home/kireiji/RoboticsDev_ws/install/turtlesim_plus_interfaces/include/turtlesim_plus_interfaces/turtlesim_plus_interfaces/srv/detail/give_position__type_support.h
[1.346s] -- Up-to-date: /home/kireiji/RoboticsDev_ws/install/turtlesim_plus_interfaces/include/turtlesim_plus_interfaces/turtlesim_plus_interfaces/srv/detail/give_position__struct.h
[1.347s] -- Up-to-date: /home/kireiji/RoboticsDev_ws/install/turtlesim_plus_interfaces/include/turtlesim_plus_interfaces/turtlesim_plus_interfaces/srv/detail/give_position__functions.h
[1.347s] -- Up-to-date: /home/kireiji/RoboticsDev_ws/install/turtlesim_plus_interfaces/include/turtlesim_plus_interfaces/turtlesim_plus_interfaces/action
[1.347s] -- Up-to-date: /home/kireiji/RoboticsDev_ws/install/turtlesim_plus_interfaces/include/turtlesim_plus_interfaces/turtlesim_plus_interfaces/action/get_data.h
[1.347s] -- Up-to-date: /home/kireiji/RoboticsDev_ws/install/turtlesim_plus_interfaces/include/turtlesim_plus_interfaces/turtlesim_plus_interfaces/action/detail
[1.347s] -- Up-to-date: /home/kireiji/RoboticsDev_ws/install/turtlesim_plus_interfaces/include/turtlesim_plus_interfaces/turtlesim_plus_interfaces/action/detail/get_data__type_support.h
[1.347s] -- Up-to-date: /home/kireiji/RoboticsDev_ws/install/turtlesim_plus_interfaces/include/turtlesim_plus_interfaces/turtlesim_plus_interfaces/action/detail/get_data__functions.c
[1.347s] -- Up-to-date: /home/kireiji/RoboticsDev_ws/install/turtlesim_plus_interfaces/include/turtlesim_plus_interfaces/turtlesim_plus_interfaces/action/detail/get_data__functions.h
[1.347s] -- Up-to-date: /home/kireiji/RoboticsDev_ws/install/turtlesim_plus_interfaces/include/turtlesim_plus_interfaces/turtlesim_plus_interfaces/action/detail/get_data__struct.h
[1.347s] -- Up-to-date: /home/kireiji/RoboticsDev_ws/install/turtlesim_plus_interfaces/share/turtlesim_plus_interfaces/environment/library_path.sh
[1.348s] -- Up-to-date: /home/kireiji/RoboticsDev_ws/install/turtlesim_plus_interfaces/share/turtlesim_plus_interfaces/environment/library_path.dsv
[1.348s] -- Up-to-date: /home/kireiji/RoboticsDev_ws/install/turtlesim_plus_interfaces/lib/libturtlesim_plus_interfaces__rosidl_generator_c.so
[1.348s] -- Up-to-date: /home/kireiji/RoboticsDev_ws/install/turtlesim_plus_interfaces/include/turtlesim_plus_interfaces/turtlesim_plus_interfaces
[1.348s] -- Up-to-date: /home/kireiji/RoboticsDev_ws/install/turtlesim_plus_interfaces/include/turtlesim_plus_interfaces/turtlesim_plus_interfaces/msg
[1.348s] -- Up-to-date: /home/kireiji/RoboticsDev_ws/install/turtlesim_plus_interfaces/include/turtlesim_plus_interfaces/turtlesim_plus_interfaces/msg/rosidl_typesupport_fastrtps_c__visibility_control.h
[1.348s] -- Up-to-date: /home/kireiji/RoboticsDev_ws/install/turtlesim_plus_interfaces/include/turtlesim_plus_interfaces/turtlesim_plus_interfaces/msg/detail
[1.348s] -- Up-to-date: /home/kireiji/RoboticsDev_ws/install/turtlesim_plus_interfaces/include/turtlesim_plus_interfaces/turtlesim_plus_interfaces/msg/detail/scanner_data_array__rosidl_typesupport_fastrtps_c.h
[1.348s] -- Up-to-date: /home/kireiji/RoboticsDev_ws/install/turtlesim_plus_interfaces/include/turtlesim_plus_interfaces/turtlesim_plus_interfaces/msg/detail/scanner_data__rosidl_typesupport_fastrtps_c.h
[1.348s] -- Up-to-date: /home/kireiji/RoboticsDev_ws/install/turtlesim_plus_interfaces/include/turtlesim_plus_interfaces/turtlesim_plus_interfaces/srv
[1.348s] -- Up-to-date: /home/kireiji/RoboticsDev_ws/install/turtlesim_plus_interfaces/include/turtlesim_plus_interfaces/turtlesim_plus_interfaces/srv/detail
[1.348s] -- Up-to-date: /home/kireiji/RoboticsDev_ws/install/turtlesim_plus_interfaces/include/turtlesim_plus_interfaces/turtlesim_plus_interfaces/srv/detail/give_position__rosidl_typesupport_fastrtps_c.h
[1.349s] -- Up-to-date: /home/kireiji/RoboticsDev_ws/install/turtlesim_plus_interfaces/include/turtlesim_plus_interfaces/turtlesim_plus_interfaces/action
[1.349s] -- Up-to-date: /home/kireiji/RoboticsDev_ws/install/turtlesim_plus_interfaces/include/turtlesim_plus_interfaces/turtlesim_plus_interfaces/action/detail
[1.349s] -- Up-to-date: /home/kireiji/RoboticsDev_ws/install/turtlesim_plus_interfaces/include/turtlesim_plus_interfaces/turtlesim_plus_interfaces/action/detail/get_data__rosidl_typesupport_fastrtps_c.h
[1.349s] -- Up-to-date: /home/kireiji/RoboticsDev_ws/install/turtlesim_plus_interfaces/lib/libturtlesim_plus_interfaces__rosidl_typesupport_fastrtps_c.so
[1.349s] -- Up-to-date: /home/kireiji/RoboticsDev_ws/install/turtlesim_plus_interfaces/include/turtlesim_plus_interfaces/turtlesim_plus_interfaces
[1.349s] -- Up-to-date: /home/kireiji/RoboticsDev_ws/install/turtlesim_plus_interfaces/include/turtlesim_plus_interfaces/turtlesim_plus_interfaces/msg
[1.349s] -- Up-to-date: /home/kireiji/RoboticsDev_ws/install/turtlesim_plus_interfaces/include/turtlesim_plus_interfaces/turtlesim_plus_interfaces/msg/detail
[1.349s] -- Up-to-date: /home/kireiji/RoboticsDev_ws/install/turtlesim_plus_interfaces/include/turtlesim_plus_interfaces/turtlesim_plus_interfaces/msg/detail/scanner_data_array__type_support.c
[1.349s] -- Up-to-date: /home/kireiji/RoboticsDev_ws/install/turtlesim_plus_interfaces/include/turtlesim_plus_interfaces/turtlesim_plus_interfaces/msg/detail/scanner_data__rosidl_typesupport_introspection_c.h
[1.349s] -- Up-to-date: /home/kireiji/RoboticsDev_ws/install/turtlesim_plus_interfaces/include/turtlesim_plus_interfaces/turtlesim_plus_interfaces/msg/detail/scanner_data__type_support.c
[1.350s] -- Up-to-date: /home/kireiji/RoboticsDev_ws/install/turtlesim_plus_interfaces/include/turtlesim_plus_interfaces/turtlesim_plus_interfaces/msg/detail/scanner_data_array__rosidl_typesupport_introspection_c.h
[1.350s] -- Up-to-date: /home/kireiji/RoboticsDev_ws/install/turtlesim_plus_interfaces/include/turtlesim_plus_interfaces/turtlesim_plus_interfaces/msg/rosidl_typesupport_introspection_c__visibility_control.h
[1.350s] -- Up-to-date: /home/kireiji/RoboticsDev_ws/install/turtlesim_plus_interfaces/include/turtlesim_plus_interfaces/turtlesim_plus_interfaces/srv
[1.350s] -- Up-to-date: /home/kireiji/RoboticsDev_ws/install/turtlesim_plus_interfaces/include/turtlesim_plus_interfaces/turtlesim_plus_interfaces/srv/detail
[1.350s] -- Up-to-date: /home/kireiji/RoboticsDev_ws/install/turtlesim_plus_interfaces/include/turtlesim_plus_interfaces/turtlesim_plus_interfaces/srv/detail/give_position__rosidl_typesupport_introspection_c.h
[1.350s] -- Up-to-date: /home/kireiji/RoboticsDev_ws/install/turtlesim_plus_interfaces/include/turtlesim_plus_interfaces/turtlesim_plus_interfaces/srv/detail/give_position__type_support.c
[1.350s] -- Up-to-date: /home/kireiji/RoboticsDev_ws/install/turtlesim_plus_interfaces/include/turtlesim_plus_interfaces/turtlesim_plus_interfaces/action
[1.350s] -- Up-to-date: /home/kireiji/RoboticsDev_ws/install/turtlesim_plus_interfaces/include/turtlesim_plus_interfaces/turtlesim_plus_interfaces/action/detail
[1.350s] -- Up-to-date: /home/kireiji/RoboticsDev_ws/install/turtlesim_plus_interfaces/include/turtlesim_plus_interfaces/turtlesim_plus_interfaces/action/detail/get_data__rosidl_typesupport_introspection_c.h
[1.350s] -- Up-to-date: /home/kireiji/RoboticsDev_ws/install/turtlesim_plus_interfaces/include/turtlesim_plus_interfaces/turtlesim_plus_interfaces/action/detail/get_data__type_support.c
[1.351s] -- Up-to-date: /home/kireiji/RoboticsDev_ws/install/turtlesim_plus_interfaces/lib/libturtlesim_plus_interfaces__rosidl_typesupport_introspection_c.so
[1.351s] -- Up-to-date: /home/kireiji/RoboticsDev_ws/install/turtlesim_plus_interfaces/lib/libturtlesim_plus_interfaces__rosidl_typesupport_c.so
[1.351s] -- Up-to-date: /home/kireiji/RoboticsDev_ws/install/turtlesim_plus_interfaces/include/turtlesim_plus_interfaces/turtlesim_plus_interfaces
[1.351s] -- Up-to-date: /home/kireiji/RoboticsDev_ws/install/turtlesim_plus_interfaces/include/turtlesim_plus_interfaces/turtlesim_plus_interfaces/msg
[1.351s] -- Up-to-date: /home/kireiji/RoboticsDev_ws/install/turtlesim_plus_interfaces/include/turtlesim_plus_interfaces/turtlesim_plus_interfaces/msg/scanner_data.hpp
[1.351s] -- Up-to-date: /home/kireiji/RoboticsDev_ws/install/turtlesim_plus_interfaces/include/turtlesim_plus_interfaces/turtlesim_plus_interfaces/msg/scanner_data_array.hpp
[1.351s] -- Up-to-date: /home/kireiji/RoboticsDev_ws/install/turtlesim_plus_interfaces/include/turtlesim_plus_interfaces/turtlesim_plus_interfaces/msg/detail
[1.351s] -- Up-to-date: /home/kireiji/RoboticsDev_ws/install/turtlesim_plus_interfaces/include/turtlesim_plus_interfaces/turtlesim_plus_interfaces/msg/detail/scanner_data__builder.hpp
[1.351s] -- Up-to-date: /home/kireiji/RoboticsDev_ws/install/turtlesim_plus_interfaces/include/turtlesim_plus_interfaces/turtlesim_plus_interfaces/msg/detail/scanner_data__traits.hpp
[1.351s] -- Up-to-date: /home/kireiji/RoboticsDev_ws/install/turtlesim_plus_interfaces/include/turtlesim_plus_interfaces/turtlesim_plus_interfaces/msg/detail/scanner_data_array__builder.hpp
[1.351s] -- Up-to-date: /home/kireiji/RoboticsDev_ws/install/turtlesim_plus_interfaces/include/turtlesim_plus_interfaces/turtlesim_plus_interfaces/msg/detail/scanner_data_array__traits.hpp
[1.351s] -- Up-to-date: /home/kireiji/RoboticsDev_ws/install/turtlesim_plus_interfaces/include/turtlesim_plus_interfaces/turtlesim_plus_interfaces/msg/detail/scanner_data__struct.hpp
[1.351s] -- Up-to-date: /home/kireiji/RoboticsDev_ws/install/turtlesim_plus_interfaces/include/turtlesim_plus_interfaces/turtlesim_plus_interfaces/msg/detail/scanner_data_array__struct.hpp
[1.352s] -- Up-to-date: /home/kireiji/RoboticsDev_ws/install/turtlesim_plus_interfaces/include/turtlesim_plus_interfaces/turtlesim_plus_interfaces/srv
[1.352s] -- Up-to-date: /home/kireiji/RoboticsDev_ws/install/turtlesim_plus_interfaces/include/turtlesim_plus_interfaces/turtlesim_plus_interfaces/srv/give_position.hpp
[1.352s] -- Up-to-date: /home/kireiji/RoboticsDev_ws/install/turtlesim_plus_interfaces/include/turtlesim_plus_interfaces/turtlesim_plus_interfaces/srv/detail
[1.352s] -- Up-to-date: /home/kireiji/RoboticsDev_ws/install/turtlesim_plus_interfaces/include/turtlesim_plus_interfaces/turtlesim_plus_interfaces/srv/detail/give_position__traits.hpp
[1.352s] -- Up-to-date: /home/kireiji/RoboticsDev_ws/install/turtlesim_plus_interfaces/include/turtlesim_plus_interfaces/turtlesim_plus_interfaces/srv/detail/give_position__struct.hpp
[1.352s] -- Up-to-date: /home/kireiji/RoboticsDev_ws/install/turtlesim_plus_interfaces/include/turtlesim_plus_interfaces/turtlesim_plus_interfaces/srv/detail/give_position__builder.hpp
[1.352s] -- Up-to-date: /home/kireiji/RoboticsDev_ws/install/turtlesim_plus_interfaces/include/turtlesim_plus_interfaces/turtlesim_plus_interfaces/action
[1.352s] -- Up-to-date: /home/kireiji/RoboticsDev_ws/install/turtlesim_plus_interfaces/include/turtlesim_plus_interfaces/turtlesim_plus_interfaces/action/get_data.hpp
[1.352s] -- Up-to-date: /home/kireiji/RoboticsDev_ws/install/turtlesim_plus_interfaces/include/turtlesim_plus_interfaces/turtlesim_plus_interfaces/action/detail
[1.352s] -- Up-to-date: /home/kireiji/RoboticsDev_ws/install/turtlesim_plus_interfaces/include/turtlesim_plus_interfaces/turtlesim_plus_interfaces/action/detail/get_data__struct.hpp
[1.353s] -- Up-to-date: /home/kireiji/RoboticsDev_ws/install/turtlesim_plus_interfaces/include/turtlesim_plus_interfaces/turtlesim_plus_interfaces/action/detail/get_data__builder.hpp
[1.353s] -- Up-to-date: /home/kireiji/RoboticsDev_ws/install/turtlesim_plus_interfaces/include/turtlesim_plus_interfaces/turtlesim_plus_interfaces/action/detail/get_data__traits.hpp
[1.353s] -- Up-to-date: /home/kireiji/RoboticsDev_ws/install/turtlesim_plus_interfaces/include/turtlesim_plus_interfaces/turtlesim_plus_interfaces
[1.353s] -- Up-to-date: /home/kireiji/RoboticsDev_ws/install/turtlesim_plus_interfaces/include/turtlesim_plus_interfaces/turtlesim_plus_interfaces/msg
[1.353s] -- Up-to-date: /home/kireiji/RoboticsDev_ws/install/turtlesim_plus_interfaces/include/turtlesim_plus_interfaces/turtlesim_plus_interfaces/msg/rosidl_typesupport_fastrtps_cpp__visibility_control.h
[1.353s] -- Up-to-date: /home/kireiji/RoboticsDev_ws/install/turtlesim_plus_interfaces/include/turtlesim_plus_interfaces/turtlesim_plus_interfaces/msg/detail
[1.353s] -- Up-to-date: /home/kireiji/RoboticsDev_ws/install/turtlesim_plus_interfaces/include/turtlesim_plus_interfaces/turtlesim_plus_interfaces/msg/detail/scanner_data__rosidl_typesupport_fastrtps_cpp.hpp
[1.353s] -- Up-to-date: /home/kireiji/RoboticsDev_ws/install/turtlesim_plus_interfaces/include/turtlesim_plus_interfaces/turtlesim_plus_interfaces/msg/detail/dds_fastrtps
[1.353s] -- Up-to-date: /home/kireiji/RoboticsDev_ws/install/turtlesim_plus_interfaces/include/turtlesim_plus_interfaces/turtlesim_plus_interfaces/msg/detail/scanner_data_array__rosidl_typesupport_fastrtps_cpp.hpp
[1.354s] -- Up-to-date: /home/kireiji/RoboticsDev_ws/install/turtlesim_plus_interfaces/include/turtlesim_plus_interfaces/turtlesim_plus_interfaces/srv
[1.354s] -- Up-to-date: /home/kireiji/RoboticsDev_ws/install/turtlesim_plus_interfaces/include/turtlesim_plus_interfaces/turtlesim_plus_interfaces/srv/detail
[1.354s] -- Up-to-date: /home/kireiji/RoboticsDev_ws/install/turtlesim_plus_interfaces/include/turtlesim_plus_interfaces/turtlesim_plus_interfaces/srv/detail/give_position__rosidl_typesupport_fastrtps_cpp.hpp
[1.354s] -- Up-to-date: /home/kireiji/RoboticsDev_ws/install/turtlesim_plus_interfaces/include/turtlesim_plus_interfaces/turtlesim_plus_interfaces/srv/detail/dds_fastrtps
[1.354s] -- Up-to-date: /home/kireiji/RoboticsDev_ws/install/turtlesim_plus_interfaces/include/turtlesim_plus_interfaces/turtlesim_plus_interfaces/action
[1.354s] -- Up-to-date: /home/kireiji/RoboticsDev_ws/install/turtlesim_plus_interfaces/include/turtlesim_plus_interfaces/turtlesim_plus_interfaces/action/detail
[1.354s] -- Up-to-date: /home/kireiji/RoboticsDev_ws/install/turtlesim_plus_interfaces/include/turtlesim_plus_interfaces/turtlesim_plus_interfaces/action/detail/dds_fastrtps
[1.354s] -- Up-to-date: /home/kireiji/RoboticsDev_ws/install/turtlesim_plus_interfaces/include/turtlesim_plus_interfaces/turtlesim_plus_interfaces/action/detail/get_data__rosidl_typesupport_fastrtps_cpp.hpp
[1.354s] -- Up-to-date: /home/kireiji/RoboticsDev_ws/install/turtlesim_plus_interfaces/lib/libturtlesim_plus_interfaces__rosidl_typesupport_fastrtps_cpp.so
[1.354s] -- Up-to-date: /home/kireiji/RoboticsDev_ws/install/turtlesim_plus_interfaces/include/turtlesim_plus_interfaces/turtlesim_plus_interfaces
[1.354s] -- Up-to-date: /home/kireiji/RoboticsDev_ws/install/turtlesim_plus_interfaces/include/turtlesim_plus_interfaces/turtlesim_plus_interfaces/msg
[1.354s] -- Up-to-date: /home/kireiji/RoboticsDev_ws/install/turtlesim_plus_interfaces/include/turtlesim_plus_interfaces/turtlesim_plus_interfaces/msg/detail
[1.355s] -- Up-to-date: /home/kireiji/RoboticsDev_ws/install/turtlesim_plus_interfaces/include/turtlesim_plus_interfaces/turtlesim_plus_interfaces/msg/detail/scanner_data__type_support.cpp
[1.355s] -- Up-to-date: /home/kireiji/RoboticsDev_ws/install/turtlesim_plus_interfaces/include/turtlesim_plus_interfaces/turtlesim_plus_interfaces/msg/detail/scanner_data_array__rosidl_typesupport_introspection_cpp.hpp
[1.355s] -- Up-to-date: /home/kireiji/RoboticsDev_ws/install/turtlesim_plus_interfaces/include/turtlesim_plus_interfaces/turtlesim_plus_interfaces/msg/detail/scanner_data_array__type_support.cpp
[1.355s] -- Up-to-date: /home/kireiji/RoboticsDev_ws/install/turtlesim_plus_interfaces/include/turtlesim_plus_interfaces/turtlesim_plus_interfaces/msg/detail/scanner_data__rosidl_typesupport_introspection_cpp.hpp
[1.355s] -- Up-to-date: /home/kireiji/RoboticsDev_ws/install/turtlesim_plus_interfaces/include/turtlesim_plus_interfaces/turtlesim_plus_interfaces/srv
[1.355s] -- Up-to-date: /home/kireiji/RoboticsDev_ws/install/turtlesim_plus_interfaces/include/turtlesim_plus_interfaces/turtlesim_plus_interfaces/srv/detail
[1.355s] -- Up-to-date: /home/kireiji/RoboticsDev_ws/install/turtlesim_plus_interfaces/include/turtlesim_plus_interfaces/turtlesim_plus_interfaces/srv/detail/give_position__rosidl_typesupport_introspection_cpp.hpp
[1.355s] -- Up-to-date: /home/kireiji/RoboticsDev_ws/install/turtlesim_plus_interfaces/include/turtlesim_plus_interfaces/turtlesim_plus_interfaces/srv/detail/give_position__type_support.cpp
[1.355s] -- Up-to-date: /home/kireiji/RoboticsDev_ws/install/turtlesim_plus_interfaces/include/turtlesim_plus_interfaces/turtlesim_plus_interfaces/action
[1.355s] -- Up-to-date: /home/kireiji/RoboticsDev_ws/install/turtlesim_plus_interfaces/include/turtlesim_plus_interfaces/turtlesim_plus_interfaces/action/detail
[1.355s] -- Up-to-date: /home/kireiji/RoboticsDev_ws/install/turtlesim_plus_interfaces/include/turtlesim_plus_interfaces/turtlesim_plus_interfaces/action/detail/get_data__rosidl_typesupport_introspection_cpp.hpp
[1.356s] -- Up-to-date: /home/kireiji/RoboticsDev_ws/install/turtlesim_plus_interfaces/include/turtlesim_plus_interfaces/turtlesim_plus_interfaces/action/detail/get_data__type_support.cpp
[1.356s] -- Up-to-date: /home/kireiji/RoboticsDev_ws/install/turtlesim_plus_interfaces/lib/libturtlesim_plus_interfaces__rosidl_typesupport_introspection_cpp.so
[1.356s] -- Up-to-date: /home/kireiji/RoboticsDev_ws/install/turtlesim_plus_interfaces/lib/libturtlesim_plus_interfaces__rosidl_typesupport_cpp.so
[1.356s] -- Up-to-date: /home/kireiji/RoboticsDev_ws/install/turtlesim_plus_interfaces/share/turtlesim_plus_interfaces/environment/pythonpath.sh
[1.356s] -- Up-to-date: /home/kireiji/RoboticsDev_ws/install/turtlesim_plus_interfaces/share/turtlesim_plus_interfaces/environment/pythonpath.dsv
[1.356s] -- Up-to-date: /home/kireiji/RoboticsDev_ws/install/turtlesim_plus_interfaces/lib/python3.10/site-packages/turtlesim_plus_interfaces-0.0.0-py3.10.egg-info
[1.356s] -- Installing: /home/kireiji/RoboticsDev_ws/install/turtlesim_plus_interfaces/lib/python3.10/site-packages/turtlesim_plus_interfaces-0.0.0-py3.10.egg-info/PKG-INFO
[1.356s] -- Installing: /home/kireiji/RoboticsDev_ws/install/turtlesim_plus_interfaces/lib/python3.10/site-packages/turtlesim_plus_interfaces-0.0.0-py3.10.egg-info/dependency_links.txt
[1.357s] -- Installing: /home/kireiji/RoboticsDev_ws/install/turtlesim_plus_interfaces/lib/python3.10/site-packages/turtlesim_plus_interfaces-0.0.0-py3.10.egg-info/top_level.txt
[1.357s] -- Installing: /home/kireiji/RoboticsDev_ws/install/turtlesim_plus_interfaces/lib/python3.10/site-packages/turtlesim_plus_interfaces-0.0.0-py3.10.egg-info/SOURCES.txt
[1.357s] -- Up-to-date: /home/kireiji/RoboticsDev_ws/install/turtlesim_plus_interfaces/lib/python3.10/site-packages/turtlesim_plus_interfaces
[1.357s] -- Up-to-date: /home/kireiji/RoboticsDev_ws/install/turtlesim_plus_interfaces/lib/python3.10/site-packages/turtlesim_plus_interfaces/__init__.py
[1.357s] -- Up-to-date: /home/kireiji/RoboticsDev_ws/install/turtlesim_plus_interfaces/lib/python3.10/site-packages/turtlesim_plus_interfaces/turtlesim_plus_interfaces_s__rosidl_typesupport_introspection_c.cpython-310-x86_64-linux-gnu.so
[1.357s] -- Up-to-date: /home/kireiji/RoboticsDev_ws/install/turtlesim_plus_interfaces/lib/python3.10/site-packages/turtlesim_plus_interfaces/_turtlesim_plus_interfaces_s.ep.rosidl_typesupport_fastrtps_c.c
[1.357s] -- Up-to-date: /home/kireiji/RoboticsDev_ws/install/turtlesim_plus_interfaces/lib/python3.10/site-packages/turtlesim_plus_interfaces/msg
[1.357s] -- Up-to-date: /home/kireiji/RoboticsDev_ws/install/turtlesim_plus_interfaces/lib/python3.10/site-packages/turtlesim_plus_interfaces/msg/_scanner_data_array.py
[1.357s] -- Up-to-date: /home/kireiji/RoboticsDev_ws/install/turtlesim_plus_interfaces/lib/python3.10/site-packages/turtlesim_plus_interfaces/msg/__init__.py
[1.357s] -- Up-to-date: /home/kireiji/RoboticsDev_ws/install/turtlesim_plus_interfaces/lib/python3.10/site-packages/turtlesim_plus_interfaces/msg/_scanner_data_array_s.c
[1.357s] -- Up-to-date: /home/kireiji/RoboticsDev_ws/install/turtlesim_plus_interfaces/lib/python3.10/site-packages/turtlesim_plus_interfaces/msg/_scanner_data.py
[1.358s] -- Up-to-date: /home/kireiji/RoboticsDev_ws/install/turtlesim_plus_interfaces/lib/python3.10/site-packages/turtlesim_plus_interfaces/msg/_scanner_data_s.c
[1.358s] -- Up-to-date: /home/kireiji/RoboticsDev_ws/install/turtlesim_plus_interfaces/lib/python3.10/site-packages/turtlesim_plus_interfaces/_turtlesim_plus_interfaces_s.ep.rosidl_typesupport_c.c
[1.358s] -- Up-to-date: /home/kireiji/RoboticsDev_ws/install/turtlesim_plus_interfaces/lib/python3.10/site-packages/turtlesim_plus_interfaces/_turtlesim_plus_interfaces_s.ep.rosidl_typesupport_introspection_c.c
[1.358s] -- Up-to-date: /home/kireiji/RoboticsDev_ws/install/turtlesim_plus_interfaces/lib/python3.10/site-packages/turtlesim_plus_interfaces/libturtlesim_plus_interfaces__rosidl_generator_py.so
[1.358s] -- Up-to-date: /home/kireiji/RoboticsDev_ws/install/turtlesim_plus_interfaces/lib/python3.10/site-packages/turtlesim_plus_interfaces/srv
[1.358s] -- Up-to-date: /home/kireiji/RoboticsDev_ws/install/turtlesim_plus_interfaces/lib/python3.10/site-packages/turtlesim_plus_interfaces/srv/_give_position.py
[1.358s] -- Up-to-date: /home/kireiji/RoboticsDev_ws/install/turtlesim_plus_interfaces/lib/python3.10/site-packages/turtlesim_plus_interfaces/srv/__init__.py
[1.358s] -- Up-to-date: /home/kireiji/RoboticsDev_ws/install/turtlesim_plus_interfaces/lib/python3.10/site-packages/turtlesim_plus_interfaces/srv/_give_position_s.c
[1.358s] -- Up-to-date: /home/kireiji/RoboticsDev_ws/install/turtlesim_plus_interfaces/lib/python3.10/site-packages/turtlesim_plus_interfaces/action
[1.358s] -- Up-to-date: /home/kireiji/RoboticsDev_ws/install/turtlesim_plus_interfaces/lib/python3.10/site-packages/turtlesim_plus_interfaces/action/__init__.py
[1.358s] -- Up-to-date: /home/kireiji/RoboticsDev_ws/install/turtlesim_plus_interfaces/lib/python3.10/site-packages/turtlesim_plus_interfaces/action/_get_data_s.c
[1.358s] -- Up-to-date: /home/kireiji/RoboticsDev_ws/install/turtlesim_plus_interfaces/lib/python3.10/site-packages/turtlesim_plus_interfaces/action/_get_data.py
[1.358s] -- Up-to-date: /home/kireiji/RoboticsDev_ws/install/turtlesim_plus_interfaces/lib/python3.10/site-packages/turtlesim_plus_interfaces/turtlesim_plus_interfaces_s__rosidl_typesupport_c.cpython-310-x86_64-linux-gnu.so
[1.359s] -- Up-to-date: /home/kireiji/RoboticsDev_ws/install/turtlesim_plus_interfaces/lib/python3.10/site-packages/turtlesim_plus_interfaces/turtlesim_plus_interfaces_s__rosidl_typesupport_fastrtps_c.cpython-310-x86_64-linux-gnu.so
[1.393s] Listing '/home/kireiji/RoboticsDev_ws/install/turtlesim_plus_interfaces/lib/python3.10/site-packages/turtlesim_plus_interfaces'...
[1.393s] Listing '/home/kireiji/RoboticsDev_ws/install/turtlesim_plus_interfaces/lib/python3.10/site-packages/turtlesim_plus_interfaces/action'...
[1.393s] Listing '/home/kireiji/RoboticsDev_ws/install/turtlesim_plus_interfaces/lib/python3.10/site-packages/turtlesim_plus_interfaces/msg'...
[1.393s] Listing '/home/kireiji/RoboticsDev_ws/install/turtlesim_plus_interfaces/lib/python3.10/site-packages/turtlesim_plus_interfaces/srv'...
[1.399s] -- Up-to-date: /home/kireiji/RoboticsDev_ws/install/turtlesim_plus_interfaces/lib/python3.10/site-packages/turtlesim_plus_interfaces/turtlesim_plus_interfaces_s__rosidl_typesupport_fastrtps_c.cpython-310-x86_64-linux-gnu.so
[1.399s] -- Up-to-date: /home/kireiji/RoboticsDev_ws/install/turtlesim_plus_interfaces/lib/python3.10/site-packages/turtlesim_plus_interfaces/turtlesim_plus_interfaces_s__rosidl_typesupport_introspection_c.cpython-310-x86_64-linux-gnu.so
[1.400s] -- Up-to-date: /home/kireiji/RoboticsDev_ws/install/turtlesim_plus_interfaces/lib/python3.10/site-packages/turtlesim_plus_interfaces/turtlesim_plus_interfaces_s__rosidl_typesupport_c.cpython-310-x86_64-linux-gnu.so
[1.401s] -- Up-to-date: /home/kireiji/RoboticsDev_ws/install/turtlesim_plus_interfaces/lib/libturtlesim_plus_interfaces__rosidl_generator_py.so
[1.401s] -- Up-to-date: /home/kireiji/RoboticsDev_ws/install/turtlesim_plus_interfaces/share/turtlesim_plus_interfaces/msg/ScannerData.idl
[1.402s] -- Up-to-date: /home/kireiji/RoboticsDev_ws/install/turtlesim_plus_interfaces/share/turtlesim_plus_interfaces/msg/ScannerDataArray.idl
[1.402s] -- Up-to-date: /home/kireiji/RoboticsDev_ws/install/turtlesim_plus_interfaces/share/turtlesim_plus_interfaces/srv/GivePosition.idl
[1.402s] -- Up-to-date: /home/kireiji/RoboticsDev_ws/install/turtlesim_plus_interfaces/share/turtlesim_plus_interfaces/action/GetData.idl
[1.402s] -- Up-to-date: /home/kireiji/RoboticsDev_ws/install/turtlesim_plus_interfaces/share/turtlesim_plus_interfaces/msg/ScannerData.msg
[1.402s] -- Up-to-date: /home/kireiji/RoboticsDev_ws/install/turtlesim_plus_interfaces/share/turtlesim_plus_interfaces/msg/ScannerDataArray.msg
[1.402s] -- Up-to-date: /home/kireiji/RoboticsDev_ws/install/turtlesim_plus_interfaces/share/turtlesim_plus_interfaces/srv/GivePosition.srv
[1.402s] -- Up-to-date: /home/kireiji/RoboticsDev_ws/install/turtlesim_plus_interfaces/share/turtlesim_plus_interfaces/srv/GivePosition_Request.msg
[1.402s] -- Up-to-date: /home/kireiji/RoboticsDev_ws/install/turtlesim_plus_interfaces/share/turtlesim_plus_interfaces/srv/GivePosition_Response.msg
[1.402s] -- Up-to-date: /home/kireiji/RoboticsDev_ws/install/turtlesim_plus_interfaces/share/turtlesim_plus_interfaces/action/GetData.action
[1.402s] -- Up-to-date: /home/kireiji/RoboticsDev_ws/install/turtlesim_plus_interfaces/share/ament_index/resource_index/package_run_dependencies/turtlesim_plus_interfaces
[1.402s] -- Up-to-date: /home/kireiji/RoboticsDev_ws/install/turtlesim_plus_interfaces/share/ament_index/resource_index/parent_prefix_path/turtlesim_plus_interfaces
[1.402s] -- Up-to-date: /home/kireiji/RoboticsDev_ws/install/turtlesim_plus_interfaces/share/turtlesim_plus_interfaces/environment/ament_prefix_path.sh
[1.402s] -- Up-to-date: /home/kireiji/RoboticsDev_ws/install/turtlesim_plus_interfaces/share/turtlesim_plus_interfaces/environment/ament_prefix_path.dsv
[1.403s] -- Up-to-date: /home/kireiji/RoboticsDev_ws/install/turtlesim_plus_interfaces/share/turtlesim_plus_interfaces/environment/path.sh
[1.403s] -- Up-to-date: /home/kireiji/RoboticsDev_ws/install/turtlesim_plus_interfaces/share/turtlesim_plus_interfaces/environment/path.dsv
[1.403s] -- Up-to-date: /home/kireiji/RoboticsDev_ws/install/turtlesim_plus_interfaces/share/turtlesim_plus_interfaces/local_setup.bash
[1.403s] -- Up-to-date: /home/kireiji/RoboticsDev_ws/install/turtlesim_plus_interfaces/share/turtlesim_plus_interfaces/local_setup.sh
[1.403s] -- Up-to-date: /home/kireiji/RoboticsDev_ws/install/turtlesim_plus_interfaces/share/turtlesim_plus_interfaces/local_setup.zsh
[1.403s] -- Up-to-date: /home/kireiji/RoboticsDev_ws/install/turtlesim_plus_interfaces/share/turtlesim_plus_interfaces/local_setup.dsv
[1.403s] -- Installing: /home/kireiji/RoboticsDev_ws/install/turtlesim_plus_interfaces/share/turtlesim_plus_interfaces/package.dsv
[1.403s] -- Up-to-date: /home/kireiji/RoboticsDev_ws/install/turtlesim_plus_interfaces/share/ament_index/resource_index/packages/turtlesim_plus_interfaces
[1.403s] -- Up-to-date: /home/kireiji/RoboticsDev_ws/install/turtlesim_plus_interfaces/share/turtlesim_plus_interfaces/cmake/export_turtlesim_plus_interfaces__rosidl_generator_cExport.cmake
[1.403s] -- Up-to-date: /home/kireiji/RoboticsDev_ws/install/turtlesim_plus_interfaces/share/turtlesim_plus_interfaces/cmake/export_turtlesim_plus_interfaces__rosidl_generator_cExport-noconfig.cmake
[1.403s] -- Up-to-date: /home/kireiji/RoboticsDev_ws/install/turtlesim_plus_interfaces/share/turtlesim_plus_interfaces/cmake/export_turtlesim_plus_interfaces__rosidl_typesupport_fastrtps_cExport.cmake
[1.403s] -- Up-to-date: /home/kireiji/RoboticsDev_ws/install/turtlesim_plus_interfaces/share/turtlesim_plus_interfaces/cmake/export_turtlesim_plus_interfaces__rosidl_typesupport_fastrtps_cExport-noconfig.cmake
[1.403s] -- Up-to-date: /home/kireiji/RoboticsDev_ws/install/turtlesim_plus_interfaces/share/turtlesim_plus_interfaces/cmake/turtlesim_plus_interfaces__rosidl_typesupport_introspection_cExport.cmake
[1.404s] -- Up-to-date: /home/kireiji/RoboticsDev_ws/install/turtlesim_plus_interfaces/share/turtlesim_plus_interfaces/cmake/turtlesim_plus_interfaces__rosidl_typesupport_introspection_cExport-noconfig.cmake
[1.404s] -- Up-to-date: /home/kireiji/RoboticsDev_ws/install/turtlesim_plus_interfaces/share/turtlesim_plus_interfaces/cmake/turtlesim_plus_interfaces__rosidl_typesupport_cExport.cmake
[1.404s] -- Up-to-date: /home/kireiji/RoboticsDev_ws/install/turtlesim_plus_interfaces/share/turtlesim_plus_interfaces/cmake/turtlesim_plus_interfaces__rosidl_typesupport_cExport-noconfig.cmake
[1.404s] -- Up-to-date: /home/kireiji/RoboticsDev_ws/install/turtlesim_plus_interfaces/share/turtlesim_plus_interfaces/cmake/export_turtlesim_plus_interfaces__rosidl_generator_cppExport.cmake
[1.404s] -- Up-to-date: /home/kireiji/RoboticsDev_ws/install/turtlesim_plus_interfaces/share/turtlesim_plus_interfaces/cmake/export_turtlesim_plus_interfaces__rosidl_typesupport_fastrtps_cppExport.cmake
[1.404s] -- Up-to-date: /home/kireiji/RoboticsDev_ws/install/turtlesim_plus_interfaces/share/turtlesim_plus_interfaces/cmake/export_turtlesim_plus_interfaces__rosidl_typesupport_fastrtps_cppExport-noconfig.cmake
[1.404s] -- Up-to-date: /home/kireiji/RoboticsDev_ws/install/turtlesim_plus_interfaces/share/turtlesim_plus_interfaces/cmake/turtlesim_plus_interfaces__rosidl_typesupport_introspection_cppExport.cmake
[1.404s] -- Up-to-date: /home/kireiji/RoboticsDev_ws/install/turtlesim_plus_interfaces/share/turtlesim_plus_interfaces/cmake/turtlesim_plus_interfaces__rosidl_typesupport_introspection_cppExport-noconfig.cmake
[1.404s] -- Up-to-date: /home/kireiji/RoboticsDev_ws/install/turtlesim_plus_interfaces/share/turtlesim_plus_interfaces/cmake/turtlesim_plus_interfaces__rosidl_typesupport_cppExport.cmake
[1.404s] -- Up-to-date: /home/kireiji/RoboticsDev_ws/install/turtlesim_plus_interfaces/share/turtlesim_plus_interfaces/cmake/turtlesim_plus_interfaces__rosidl_typesupport_cppExport-noconfig.cmake
[1.404s] -- Up-to-date: /home/kireiji/RoboticsDev_ws/install/turtlesim_plus_interfaces/share/turtlesim_plus_interfaces/cmake/export_turtlesim_plus_interfaces__rosidl_generator_pyExport.cmake
[1.404s] -- Up-to-date: /home/kireiji/RoboticsDev_ws/install/turtlesim_plus_interfaces/share/turtlesim_plus_interfaces/cmake/export_turtlesim_plus_interfaces__rosidl_generator_pyExport-noconfig.cmake
[1.404s] -- Up-to-date: /home/kireiji/RoboticsDev_ws/install/turtlesim_plus_interfaces/share/turtlesim_plus_interfaces/cmake/rosidl_cmake-extras.cmake
[1.404s] -- Up-to-date: /home/kireiji/RoboticsDev_ws/install/turtlesim_plus_interfaces/share/turtlesim_plus_interfaces/cmake/ament_cmake_export_dependencies-extras.cmake
[1.404s] -- Up-to-date: /home/kireiji/RoboticsDev_ws/install/turtlesim_plus_interfaces/share/turtlesim_plus_interfaces/cmake/ament_cmake_export_include_directories-extras.cmake
[1.404s] -- Up-to-date: /home/kireiji/RoboticsDev_ws/install/turtlesim_plus_interfaces/share/turtlesim_plus_interfaces/cmake/ament_cmake_export_libraries-extras.cmake
[1.404s] -- Up-to-date: /home/kireiji/RoboticsDev_ws/install/turtlesim_plus_interfaces/share/turtlesim_plus_interfaces/cmake/ament_cmake_export_targets-extras.cmake
[1.405s] -- Up-to-date: /home/kireiji/RoboticsDev_ws/install/turtlesim_plus_interfaces/share/turtlesim_plus_interfaces/cmake/rosidl_cmake_export_typesupport_targets-extras.cmake
[1.405s] -- Up-to-date: /home/kireiji/RoboticsDev_ws/install/turtlesim_plus_interfaces/share/turtlesim_plus_interfaces/cmake/rosidl_cmake_export_typesupport_libraries-extras.cmake
[1.405s] -- Up-to-date: /home/kireiji/RoboticsDev_ws/install/turtlesim_plus_interfaces/share/turtlesim_plus_interfaces/cmake/turtlesim_plus_interfacesConfig.cmake
[1.405s] -- Up-to-date: /home/kireiji/RoboticsDev_ws/install/turtlesim_plus_interfaces/share/turtlesim_plus_interfaces/cmake/turtlesim_plus_interfacesConfig-version.cmake
[1.405s] -- Up-to-date: /home/kireiji/RoboticsDev_ws/install/turtlesim_plus_interfaces/share/turtlesim_plus_interfaces/package.xml
[1.420s] Invoked command in '/home/kireiji/RoboticsDev_ws/build/turtlesim_plus_interfaces' returned '0': CMAKE_PREFIX_PATH=${CMAKE_PREFIX_PATH}:/home/kireiji/RoboticsDev_ws/install/launch_testing_examples:/home/kireiji/RoboticsDev_ws/install/examples_rclpy_pointcloud_publisher:/home/kireiji/RoboticsDev_ws/install/examples_rclpy_minimal_subscriber:/home/kireiji/RoboticsDev_ws/install/examples_rclpy_minimal_service:/home/kireiji/RoboticsDev_ws/install/examples_rclpy_minimal_publisher:/home/kireiji/RoboticsDev_ws/install/examples_rclpy_minimal_client:/home/kireiji/RoboticsDev_ws/install/examples_rclpy_minimal_action_server:/home/kireiji/RoboticsDev_ws/install/examples_rclpy_minimal_action_client:/home/kireiji/RoboticsDev_ws/install/examples_rclpy_guard_conditions:/home/kireiji/RoboticsDev_ws/install/examples_rclpy_executors:/home/kireiji/ros2_ws/install/my_py_pkg:/opt/ros/humble /usr/bin/cmake --install /home/kireiji/RoboticsDev_ws/build/turtlesim_plus_interfaces
