[9.592s] Invoking command in '/home/kireiji/RoboticsDev_ws/src/examples/rclpy/actions/minimal_action_server': PYTHONPATH=/home/kireiji/RoboticsDev_ws/build/examples_rclpy_minimal_action_server/prefix_override:/usr/lib/python3/dist-packages/colcon_core/task/python/colcon_distutils_commands:/home/kireiji/RoboticsDev_ws/install/examples_rclpy_minimal_action_server/lib/python3.10/site-packages:${PYTHONPATH} /usr/bin/python3 -W ignore:setup.py install is deprecated setup.py egg_info --egg-base ../../../../../build/examples_rclpy_minimal_action_server build --build-base /home/kireiji/RoboticsDev_ws/build/examples_rclpy_minimal_action_server/build install --record /home/kireiji/RoboticsDev_ws/build/examples_rclpy_minimal_action_server/install.log --single-version-externally-managed install_data
[32.130s] running egg_info
[32.130s] creating ../../../../../build/examples_rclpy_minimal_action_server/examples_rclpy_minimal_action_server.egg-info
[32.130s] writing ../../../../../build/examples_rclpy_minimal_action_server/examples_rclpy_minimal_action_server.egg-info/PKG-INFO
[32.131s] writing dependency_links to ../../../../../build/examples_rclpy_minimal_action_server/examples_rclpy_minimal_action_server.egg-info/dependency_links.txt
[32.131s] writing entry points to ../../../../../build/examples_rclpy_minimal_action_server/examples_rclpy_minimal_action_server.egg-info/entry_points.txt
[32.131s] writing requirements to ../../../../../build/examples_rclpy_minimal_action_server/examples_rclpy_minimal_action_server.egg-info/requires.txt
[32.131s] writing top-level names to ../../../../../build/examples_rclpy_minimal_action_server/examples_rclpy_minimal_action_server.egg-info/top_level.txt
[32.131s] writing manifest file '../../../../../build/examples_rclpy_minimal_action_server/examples_rclpy_minimal_action_server.egg-info/SOURCES.txt'
[32.131s] reading manifest file '../../../../../build/examples_rclpy_minimal_action_server/examples_rclpy_minimal_action_server.egg-info/SOURCES.txt'
[32.131s] writing manifest file '../../../../../build/examples_rclpy_minimal_action_server/examples_rclpy_minimal_action_server.egg-info/SOURCES.txt'
[32.131s] running build
[32.131s] running build_py
[32.131s] creating /home/kireiji/RoboticsDev_ws/build/examples_rclpy_minimal_action_server/build
[32.131s] creating /home/kireiji/RoboticsDev_ws/build/examples_rclpy_minimal_action_server/build/lib
[32.131s] creating /home/kireiji/RoboticsDev_ws/build/examples_rclpy_minimal_action_server/build/lib/examples_rclpy_minimal_action_server
[32.131s] copying examples_rclpy_minimal_action_server/server_defer.py -> /home/kireiji/RoboticsDev_ws/build/examples_rclpy_minimal_action_server/build/lib/examples_rclpy_minimal_action_server
[32.131s] copying examples_rclpy_minimal_action_server/__init__.py -> /home/kireiji/RoboticsDev_ws/build/examples_rclpy_minimal_action_server/build/lib/examples_rclpy_minimal_action_server
[32.131s] copying examples_rclpy_minimal_action_server/server_single_goal.py -> /home/kireiji/RoboticsDev_ws/build/examples_rclpy_minimal_action_server/build/lib/examples_rclpy_minimal_action_server
[32.131s] copying examples_rclpy_minimal_action_server/server_not_composable.py -> /home/kireiji/RoboticsDev_ws/build/examples_rclpy_minimal_action_server/build/lib/examples_rclpy_minimal_action_server
[32.132s] copying examples_rclpy_minimal_action_server/server_queue_goals.py -> /home/kireiji/RoboticsDev_ws/build/examples_rclpy_minimal_action_server/build/lib/examples_rclpy_minimal_action_server
[32.132s] copying examples_rclpy_minimal_action_server/server.py -> /home/kireiji/RoboticsDev_ws/build/examples_rclpy_minimal_action_server/build/lib/examples_rclpy_minimal_action_server
[32.132s] running install
[32.132s] running install_lib
[32.132s] creating /home/kireiji/RoboticsDev_ws/install/examples_rclpy_minimal_action_server/lib/python3.10/site-packages/examples_rclpy_minimal_action_server
[32.132s] copying /home/kireiji/RoboticsDev_ws/build/examples_rclpy_minimal_action_server/build/lib/examples_rclpy_minimal_action_server/server_defer.py -> /home/kireiji/RoboticsDev_ws/install/examples_rclpy_minimal_action_server/lib/python3.10/site-packages/examples_rclpy_minimal_action_server
[32.132s] copying /home/kireiji/RoboticsDev_ws/build/examples_rclpy_minimal_action_server/build/lib/examples_rclpy_minimal_action_server/__init__.py -> /home/kireiji/RoboticsDev_ws/install/examples_rclpy_minimal_action_server/lib/python3.10/site-packages/examples_rclpy_minimal_action_server
[32.132s] copying /home/kireiji/RoboticsDev_ws/build/examples_rclpy_minimal_action_server/build/lib/examples_rclpy_minimal_action_server/server_single_goal.py -> /home/kireiji/RoboticsDev_ws/install/examples_rclpy_minimal_action_server/lib/python3.10/site-packages/examples_rclpy_minimal_action_server
[32.132s] copying /home/kireiji/RoboticsDev_ws/build/examples_rclpy_minimal_action_server/build/lib/examples_rclpy_minimal_action_server/server_not_composable.py -> /home/kireiji/RoboticsDev_ws/install/examples_rclpy_minimal_action_server/lib/python3.10/site-packages/examples_rclpy_minimal_action_server
[32.132s] copying /home/kireiji/RoboticsDev_ws/build/examples_rclpy_minimal_action_server/build/lib/examples_rclpy_minimal_action_server/server_queue_goals.py -> /home/kireiji/RoboticsDev_ws/install/examples_rclpy_minimal_action_server/lib/python3.10/site-packages/examples_rclpy_minimal_action_server
[32.132s] copying /home/kireiji/RoboticsDev_ws/build/examples_rclpy_minimal_action_server/build/lib/examples_rclpy_minimal_action_server/server.py -> /home/kireiji/RoboticsDev_ws/install/examples_rclpy_minimal_action_server/lib/python3.10/site-packages/examples_rclpy_minimal_action_server
[32.132s] byte-compiling /home/kireiji/RoboticsDev_ws/install/examples_rclpy_minimal_action_server/lib/python3.10/site-packages/examples_rclpy_minimal_action_server/server_defer.py to server_defer.cpython-310.pyc
[32.137s] byte-compiling /home/kireiji/RoboticsDev_ws/install/examples_rclpy_minimal_action_server/lib/python3.10/site-packages/examples_rclpy_minimal_action_server/__init__.py to __init__.cpython-310.pyc
[32.137s] byte-compiling /home/kireiji/RoboticsDev_ws/install/examples_rclpy_minimal_action_server/lib/python3.10/site-packages/examples_rclpy_minimal_action_server/server_single_goal.py to server_single_goal.cpython-310.pyc
[32.137s] byte-compiling /home/kireiji/RoboticsDev_ws/install/examples_rclpy_minimal_action_server/lib/python3.10/site-packages/examples_rclpy_minimal_action_server/server_not_composable.py to server_not_composable.cpython-310.pyc
[32.137s] byte-compiling /home/kireiji/RoboticsDev_ws/install/examples_rclpy_minimal_action_server/lib/python3.10/site-packages/examples_rclpy_minimal_action_server/server_queue_goals.py to server_queue_goals.cpython-310.pyc
[32.137s] byte-compiling /home/kireiji/RoboticsDev_ws/install/examples_rclpy_minimal_action_server/lib/python3.10/site-packages/examples_rclpy_minimal_action_server/server.py to server.cpython-310.pyc
[32.137s] running install_data
[32.138s] creating /home/kireiji/RoboticsDev_ws/install/examples_rclpy_minimal_action_server/share/ament_index
[32.138s] creating /home/kireiji/RoboticsDev_ws/install/examples_rclpy_minimal_action_server/share/ament_index/resource_index
[32.138s] creating /home/kireiji/RoboticsDev_ws/install/examples_rclpy_minimal_action_server/share/ament_index/resource_index/packages
[32.138s] copying resource/examples_rclpy_minimal_action_server -> /home/kireiji/RoboticsDev_ws/install/examples_rclpy_minimal_action_server/share/ament_index/resource_index/packages
[32.138s] copying package.xml -> /home/kireiji/RoboticsDev_ws/install/examples_rclpy_minimal_action_server/share/examples_rclpy_minimal_action_server
[32.138s] running install_egg_info
[32.138s] Copying ../../../../../build/examples_rclpy_minimal_action_server/examples_rclpy_minimal_action_server.egg-info to /home/kireiji/RoboticsDev_ws/install/examples_rclpy_minimal_action_server/lib/python3.10/site-packages/examples_rclpy_minimal_action_server-0.15.2-py3.10.egg-info
[32.138s] running install_scripts
[32.138s] Installing server script to /home/kireiji/RoboticsDev_ws/install/examples_rclpy_minimal_action_server/lib/examples_rclpy_minimal_action_server
[32.138s] Installing server_defer script to /home/kireiji/RoboticsDev_ws/install/examples_rclpy_minimal_action_server/lib/examples_rclpy_minimal_action_server
[32.138s] Installing server_not_composable script to /home/kireiji/RoboticsDev_ws/install/examples_rclpy_minimal_action_server/lib/examples_rclpy_minimal_action_server
[32.138s] Installing server_queue_goals script to /home/kireiji/RoboticsDev_ws/install/examples_rclpy_minimal_action_server/lib/examples_rclpy_minimal_action_server
[32.138s] Installing server_single_goal script to /home/kireiji/RoboticsDev_ws/install/examples_rclpy_minimal_action_server/lib/examples_rclpy_minimal_action_server
[32.138s] writing list of installed files to '/home/kireiji/RoboticsDev_ws/build/examples_rclpy_minimal_action_server/install.log'
[32.166s] Invoked command in '/home/kireiji/RoboticsDev_ws/src/examples/rclpy/actions/minimal_action_server' returned '0': PYTHONPATH=/home/kireiji/RoboticsDev_ws/build/examples_rclpy_minimal_action_server/prefix_override:/usr/lib/python3/dist-packages/colcon_core/task/python/colcon_distutils_commands:/home/kireiji/RoboticsDev_ws/install/examples_rclpy_minimal_action_server/lib/python3.10/site-packages:${PYTHONPATH} /usr/bin/python3 -W ignore:setup.py install is deprecated setup.py egg_info --egg-base ../../../../../build/examples_rclpy_minimal_action_server build --build-base /home/kireiji/RoboticsDev_ws/build/examples_rclpy_minimal_action_server/build install --record /home/kireiji/RoboticsDev_ws/build/examples_rclpy_minimal_action_server/install.log --single-version-externally-managed install_data
