[0.043s] Invoking command in '/home/kireiji/RoboticsDev_ws/build/controller_interfaces': CMAKE_PREFIX_PATH=${CMAKE_PREFIX_PATH}:/home/kireiji/RoboticsDev_ws/install/launch_testing_examples:/home/kireiji/RoboticsDev_ws/install/examples_rclpy_pointcloud_publisher:/home/kireiji/RoboticsDev_ws/install/examples_rclpy_minimal_subscriber:/home/kireiji/RoboticsDev_ws/install/examples_rclpy_minimal_service:/home/kireiji/RoboticsDev_ws/install/examples_rclpy_minimal_publisher:/home/kireiji/RoboticsDev_ws/install/examples_rclpy_minimal_client:/home/kireiji/RoboticsDev_ws/install/examples_rclpy_minimal_action_server:/home/kireiji/RoboticsDev_ws/install/examples_rclpy_minimal_action_client:/home/kireiji/RoboticsDev_ws/install/examples_rclpy_guard_conditions:/home/kireiji/RoboticsDev_ws/install/examples_rclpy_executors:/home/kireiji/ros2_ws/install/my_py_pkg:/opt/ros/humble /usr/bin/cmake /home/kireiji/RoboticsDev_ws/src/controller_interfaces -DCMAKE_INSTALL_PREFIX=/home/kireiji/RoboticsDev_ws/install/controller_interfaces
[0.926s] -- The C compiler identification is GNU 11.4.0
[0.927s] -- The CXX compiler identification is GNU 11.4.0
[0.927s] -- Detecting C compiler ABI info
[0.927s] -- Detecting C compiler ABI info - done
[0.927s] -- Check for working C compiler: /usr/bin/cc - skipped
[0.927s] -- Detecting C compile features
[0.927s] -- Detecting C compile features - done
[0.927s] -- Detecting CXX compiler ABI info
[0.927s] -- Detecting CXX compiler ABI info - done
[0.927s] -- Check for working CXX compiler: /usr/bin/c++ - skipped
[0.927s] -- Detecting CXX compile features
[0.927s] -- Detecting CXX compile features - done
[0.927s] -- Found ament_cmake: 1.3.10 (/opt/ros/humble/share/ament_cmake/cmake)
[1.466s] -- Found Python3: /usr/local/bin/python3 (found version "3.10.0") found components: Interpreter 
[1.655s] -- Found std_msgs: 4.2.4 (/opt/ros/humble/share/std_msgs/cmake)
[1.696s] -- Found rosidl_generator_c: 3.1.5 (/opt/ros/humble/share/rosidl_generator_c/cmake)
[1.702s] -- Found rosidl_adapter: 3.1.5 (/opt/ros/humble/share/rosidl_adapter/cmake)
[1.713s] -- Found rosidl_generator_cpp: 3.1.5 (/opt/ros/humble/share/rosidl_generator_cpp/cmake)
[1.728s] -- Using all available rosidl_typesupport_c: rosidl_typesupport_fastrtps_c;rosidl_typesupport_introspection_c
[1.749s] -- Using all available rosidl_typesupport_cpp: rosidl_typesupport_fastrtps_cpp;rosidl_typesupport_introspection_cpp
[1.797s] -- Found geometry_msgs: 4.2.4 (/opt/ros/humble/share/geometry_msgs/cmake)
[1.823s] -- Found rosidl_default_generators: 1.2.0 (/opt/ros/humble/share/rosidl_default_generators/cmake)
[1.840s] -- Found ament_lint_auto: 0.12.11 (/opt/ros/humble/share/ament_lint_auto/cmake)
[2.356s] -- Found ament_cmake_ros: 0.10.0 (/opt/ros/humble/share/ament_cmake_ros/cmake)
[3.622s] -- Using all available rosidl_typesupport_c: rosidl_typesupport_fastrtps_c;rosidl_typesupport_introspection_c
[4.217s] -- Using all available rosidl_typesupport_cpp: rosidl_typesupport_fastrtps_cpp;rosidl_typesupport_introspection_cpp
[4.383s] -- Found PythonInterp: /usr/local/bin/python3 (found suitable version "3.10", minimum required is "3.6") 
[4.395s] -- Found python_cmake_module: 0.10.0 (/opt/ros/humble/share/python_cmake_module/cmake)
[4.740s] -- Found PythonLibs: /usr/local/lib/libpython3.10.a (found suitable version "3.10.0", minimum required is "3.5") 
[4.740s] -- Using PYTHON_EXECUTABLE: /usr/local/bin/python3
[4.740s] -- Using PYTHON_INCLUDE_DIRS: /usr/local/include/python3.10
[4.740s] -- Using PYTHON_LIBRARIES: /usr/local/lib/libpython3.10.a
[4.865s] -- Found PythonExtra: .so  
[5.456s] -- Using numpy include directory: /home/kireiji/.local/lib/python3.10/site-packages/numpy/_core/include
[5.580s] -- Added test 'lint_cmake' to check CMake code style
[5.584s] -- Added test 'xmllint' to check XML markup files
[5.599s] -- Configuring done
[5.744s] -- Generating done
[5.763s] -- Build files have been written to: /home/kireiji/RoboticsDev_ws/build/controller_interfaces
[8.424s] Invoked command in '/home/kireiji/RoboticsDev_ws/build/controller_interfaces' returned '0': CMAKE_PREFIX_PATH=${CMAKE_PREFIX_PATH}:/home/kireiji/RoboticsDev_ws/install/launch_testing_examples:/home/kireiji/RoboticsDev_ws/install/examples_rclpy_pointcloud_publisher:/home/kireiji/RoboticsDev_ws/install/examples_rclpy_minimal_subscriber:/home/kireiji/RoboticsDev_ws/install/examples_rclpy_minimal_service:/home/kireiji/RoboticsDev_ws/install/examples_rclpy_minimal_publisher:/home/kireiji/RoboticsDev_ws/install/examples_rclpy_minimal_client:/home/kireiji/RoboticsDev_ws/install/examples_rclpy_minimal_action_server:/home/kireiji/RoboticsDev_ws/install/examples_rclpy_minimal_action_client:/home/kireiji/RoboticsDev_ws/install/examples_rclpy_guard_conditions:/home/kireiji/RoboticsDev_ws/install/examples_rclpy_executors:/home/kireiji/ros2_ws/install/my_py_pkg:/opt/ros/humble /usr/bin/cmake /home/kireiji/RoboticsDev_ws/src/controller_interfaces -DCMAKE_INSTALL_PREFIX=/home/kireiji/RoboticsDev_ws/install/controller_interfaces
[8.425s] Invoking command in '/home/kireiji/RoboticsDev_ws/build/controller_interfaces': CMAKE_PREFIX_PATH=${CMAKE_PREFIX_PATH}:/home/kireiji/RoboticsDev_ws/install/launch_testing_examples:/home/kireiji/RoboticsDev_ws/install/examples_rclpy_pointcloud_publisher:/home/kireiji/RoboticsDev_ws/install/examples_rclpy_minimal_subscriber:/home/kireiji/RoboticsDev_ws/install/examples_rclpy_minimal_service:/home/kireiji/RoboticsDev_ws/install/examples_rclpy_minimal_publisher:/home/kireiji/RoboticsDev_ws/install/examples_rclpy_minimal_client:/home/kireiji/RoboticsDev_ws/install/examples_rclpy_minimal_action_server:/home/kireiji/RoboticsDev_ws/install/examples_rclpy_minimal_action_client:/home/kireiji/RoboticsDev_ws/install/examples_rclpy_guard_conditions:/home/kireiji/RoboticsDev_ws/install/examples_rclpy_executors:/home/kireiji/ros2_ws/install/my_py_pkg:/opt/ros/humble /usr/bin/cmake --build /home/kireiji/RoboticsDev_ws/build/controller_interfaces -- -j16 -l16
[34.768s] [  2%] [34m[1mGenerating C code for ROS interfaces[0m
[34.768s] [  5%] [34m[1mGenerating C++ code for ROS interfaces[0m
[34.768s] [  5%] Built target ament_cmake_python_copy_controller_interfaces
[34.768s] running egg_info
[34.768s] [  7%] [32mBuilding C object CMakeFiles/controller_interfaces__rosidl_generator_c.dir/rosidl_generator_c/controller_interfaces/srv/detail/set_param__functions.c.o[0m
[34.768s] creating controller_interfaces.egg-info
[34.768s] [ 10%] [32mBuilding C object CMakeFiles/controller_interfaces__rosidl_generator_c.dir/rosidl_generator_c/controller_interfaces/srv/detail/set_target__functions.c.o[0m
[34.768s] writing manifest file 'controller_interfaces.egg-info/SOURCES.txt'
[34.768s] writing manifest file 'controller_interfaces.egg-info/SOURCES.txt'
[34.768s] [ 12%] [32m[1mLinking C shared library libcontroller_interfaces__rosidl_generator_c.so[0m
[34.768s] [ 12%] Built target controller_interfaces__rosidl_generator_c
[34.769s] [ 15%] [34m[1mGenerating C type support dispatch for ROS interfaces[0m
[34.769s] [ 17%] [34m[1mGenerating C type support for eProsima Fast-RTPS[0m
[34.769s] [ 20%] [34m[1mGenerating C introspection for ROS interfaces[0m
[34.769s] [ 20%] Built target ament_cmake_python_build_controller_interfaces_egg
[34.769s] [ 20%] Built target controller_interfaces__cpp
[34.769s] [ 23%] [34m[1mGenerating C++ type support dispatch for ROS interfaces[0m
[34.769s] [ 25%] [34m[1mGenerating C++ introspection for ROS interfaces[0m
[34.769s] [ 28%] [34m[1mGenerating C++ type support for eProsima Fast-RTPS[0m
[34.769s] [ 30%] [32mBuilding CXX object CMakeFiles/controller_interfaces__rosidl_typesupport_fastrtps_cpp.dir/rosidl_typesupport_fastrtps_cpp/controller_interfaces/srv/detail/dds_fastrtps/set_param__type_support.cpp.o[0m
[34.769s] [ 33%] [32mBuilding CXX object CMakeFiles/controller_interfaces__rosidl_typesupport_fastrtps_cpp.dir/rosidl_typesupport_fastrtps_cpp/controller_interfaces/srv/detail/dds_fastrtps/set_target__type_support.cpp.o[0m
[34.769s] [ 35%] [32mBuilding CXX object CMakeFiles/controller_interfaces__rosidl_typesupport_introspection_cpp.dir/rosidl_typesupport_introspection_cpp/controller_interfaces/srv/detail/set_param__type_support.cpp.o[0m
[34.769s] [ 38%] [32mBuilding CXX object CMakeFiles/controller_interfaces__rosidl_typesupport_introspection_cpp.dir/rosidl_typesupport_introspection_cpp/controller_interfaces/srv/detail/set_target__type_support.cpp.o[0m
[34.769s] [ 41%] [32mBuilding CXX object CMakeFiles/controller_interfaces__rosidl_typesupport_fastrtps_c.dir/rosidl_typesupport_fastrtps_c/controller_interfaces/srv/detail/set_param__type_support_c.cpp.o[0m
[34.769s] [ 43%] [32mBuilding CXX object CMakeFiles/controller_interfaces__rosidl_typesupport_fastrtps_c.dir/rosidl_typesupport_fastrtps_c/controller_interfaces/srv/detail/set_target__type_support_c.cpp.o[0m
[34.769s] [ 46%] [32mBuilding C object CMakeFiles/controller_interfaces__rosidl_typesupport_introspection_c.dir/rosidl_typesupport_introspection_c/controller_interfaces/srv/detail/set_param__type_support.c.o[0m
[34.769s] [ 48%] [32mBuilding C object CMakeFiles/controller_interfaces__rosidl_typesupport_introspection_c.dir/rosidl_typesupport_introspection_c/controller_interfaces/srv/detail/set_target__type_support.c.o[0m
[34.770s] [ 51%] [32mBuilding CXX object CMakeFiles/controller_interfaces__rosidl_typesupport_c.dir/rosidl_typesupport_c/controller_interfaces/srv/set_param__type_support.cpp.o[0m
[34.770s] [ 53%] [32mBuilding CXX object CMakeFiles/controller_interfaces__rosidl_typesupport_c.dir/rosidl_typesupport_c/controller_interfaces/srv/set_target__type_support.cpp.o[0m
[34.770s] [ 56%] [32mBuilding CXX object CMakeFiles/controller_interfaces__rosidl_typesupport_cpp.dir/rosidl_typesupport_cpp/controller_interfaces/srv/set_param__type_support.cpp.o[0m
[34.770s] [ 58%] [32mBuilding CXX object CMakeFiles/controller_interfaces__rosidl_typesupport_cpp.dir/rosidl_typesupport_cpp/controller_interfaces/srv/set_target__type_support.cpp.o[0m
[34.770s] [ 61%] [32m[1mLinking C shared library libcontroller_interfaces__rosidl_typesupport_introspection_c.so[0m
[34.770s] [ 64%] [32m[1mLinking CXX shared library libcontroller_interfaces__rosidl_typesupport_c.so[0m
[34.770s] [ 64%] Built target controller_interfaces__rosidl_typesupport_introspection_c
[34.770s] [ 64%] Built target controller_interfaces__rosidl_typesupport_c
[34.770s] [ 66%] [32m[1mLinking CXX shared library libcontroller_interfaces__rosidl_typesupport_introspection_cpp.so[0m
[34.770s] [ 66%] Built target controller_interfaces__rosidl_typesupport_introspection_cpp
[34.770s] [ 69%] [32m[1mLinking CXX shared library libcontroller_interfaces__rosidl_typesupport_fastrtps_cpp.so[0m
[34.770s] [ 71%] [32m[1mLinking CXX shared library libcontroller_interfaces__rosidl_typesupport_fastrtps_c.so[0m
[34.770s] [ 71%] Built target controller_interfaces__rosidl_typesupport_fastrtps_c
[34.770s] [ 74%] [32m[1mLinking CXX shared library libcontroller_interfaces__rosidl_typesupport_cpp.so[0m
[34.770s] [ 74%] Built target controller_interfaces__rosidl_typesupport_fastrtps_cpp
[34.771s] [ 74%] Built target controller_interfaces__rosidl_typesupport_cpp
[34.771s] [ 74%] Built target controller_interfaces
[34.771s] [ 76%] [34m[1mGenerating Python code for ROS interfaces[0m
[34.771s] [ 76%] Built target controller_interfaces__py
[34.771s] [ 79%] [32mBuilding C object CMakeFiles/controller_interfaces__rosidl_generator_py.dir/rosidl_generator_py/controller_interfaces/srv/_set_param_s.c.o[0m
[34.771s] [ 82%] [32mBuilding C object CMakeFiles/controller_interfaces__rosidl_generator_py.dir/rosidl_generator_py/controller_interfaces/srv/_set_target_s.c.o[0m
[34.771s] [ 84%] [32m[1mLinking C shared library rosidl_generator_py/controller_interfaces/libcontroller_interfaces__rosidl_generator_py.so[0m
[34.771s] [ 84%] Built target controller_interfaces__rosidl_generator_py
[34.771s] [ 87%] [32mBuilding C object CMakeFiles/controller_interfaces__rosidl_typesupport_fastrtps_c__pyext.dir/rosidl_generator_py/controller_interfaces/_controller_interfaces_s.ep.rosidl_typesupport_fastrtps_c.c.o[0m
[34.771s] [ 89%] [32m[1mLinking C shared library rosidl_generator_py/controller_interfaces/controller_interfaces_s__rosidl_typesupport_fastrtps_c.cpython-310-x86_64-linux-gnu.so[0m
[34.771s] [ 89%] Built target controller_interfaces__rosidl_typesupport_fastrtps_c__pyext
[34.771s] [ 92%] [32mBuilding C object CMakeFiles/controller_interfaces__rosidl_typesupport_c__pyext.dir/rosidl_generator_py/controller_interfaces/_controller_interfaces_s.ep.rosidl_typesupport_c.c.o[0m
[34.771s] [ 94%] [32m[1mLinking C shared library rosidl_generator_py/controller_interfaces/controller_interfaces_s__rosidl_typesupport_c.cpython-310-x86_64-linux-gnu.so[0m
[34.771s] [ 94%] Built target controller_interfaces__rosidl_typesupport_c__pyext
[34.771s] [ 97%] [32mBuilding C object CMakeFiles/controller_interfaces__rosidl_typesupport_introspection_c__pyext.dir/rosidl_generator_py/controller_interfaces/_controller_interfaces_s.ep.rosidl_typesupport_introspection_c.c.o[0m
[34.771s] [100%] [32m[1mLinking C shared library rosidl_generator_py/controller_interfaces/controller_interfaces_s__rosidl_typesupport_introspection_c.cpython-310-x86_64-linux-gnu.so[0m
[34.772s] [100%] Built target controller_interfaces__rosidl_typesupport_introspection_c__pyext
[34.819s] Invoked command in '/home/kireiji/RoboticsDev_ws/build/controller_interfaces' returned '0': CMAKE_PREFIX_PATH=${CMAKE_PREFIX_PATH}:/home/kireiji/RoboticsDev_ws/install/launch_testing_examples:/home/kireiji/RoboticsDev_ws/install/examples_rclpy_pointcloud_publisher:/home/kireiji/RoboticsDev_ws/install/examples_rclpy_minimal_subscriber:/home/kireiji/RoboticsDev_ws/install/examples_rclpy_minimal_service:/home/kireiji/RoboticsDev_ws/install/examples_rclpy_minimal_publisher:/home/kireiji/RoboticsDev_ws/install/examples_rclpy_minimal_client:/home/kireiji/RoboticsDev_ws/install/examples_rclpy_minimal_action_server:/home/kireiji/RoboticsDev_ws/install/examples_rclpy_minimal_action_client:/home/kireiji/RoboticsDev_ws/install/examples_rclpy_guard_conditions:/home/kireiji/RoboticsDev_ws/install/examples_rclpy_executors:/home/kireiji/ros2_ws/install/my_py_pkg:/opt/ros/humble /usr/bin/cmake --build /home/kireiji/RoboticsDev_ws/build/controller_interfaces -- -j16 -l16
[38.247s] Invoking command in '/home/kireiji/RoboticsDev_ws/build/controller_interfaces': CMAKE_PREFIX_PATH=${CMAKE_PREFIX_PATH}:/home/kireiji/RoboticsDev_ws/install/launch_testing_examples:/home/kireiji/RoboticsDev_ws/install/examples_rclpy_pointcloud_publisher:/home/kireiji/RoboticsDev_ws/install/examples_rclpy_minimal_subscriber:/home/kireiji/RoboticsDev_ws/install/examples_rclpy_minimal_service:/home/kireiji/RoboticsDev_ws/install/examples_rclpy_minimal_publisher:/home/kireiji/RoboticsDev_ws/install/examples_rclpy_minimal_client:/home/kireiji/RoboticsDev_ws/install/examples_rclpy_minimal_action_server:/home/kireiji/RoboticsDev_ws/install/examples_rclpy_minimal_action_client:/home/kireiji/RoboticsDev_ws/install/examples_rclpy_guard_conditions:/home/kireiji/RoboticsDev_ws/install/examples_rclpy_executors:/home/kireiji/ros2_ws/install/my_py_pkg:/opt/ros/humble /usr/bin/cmake --install /home/kireiji/RoboticsDev_ws/build/controller_interfaces
[38.360s] -- Install configuration: ""
[38.360s] -- Installing: /home/kireiji/RoboticsDev_ws/install/controller_interfaces/share/ament_index/resource_index/rosidl_interfaces/controller_interfaces
[38.360s] -- Installing: /home/kireiji/RoboticsDev_ws/install/controller_interfaces/include/controller_interfaces/controller_interfaces
[38.360s] -- Installing: /home/kireiji/RoboticsDev_ws/install/controller_interfaces/include/controller_interfaces/controller_interfaces/msg
[38.360s] -- Installing: /home/kireiji/RoboticsDev_ws/install/controller_interfaces/include/controller_interfaces/controller_interfaces/msg/rosidl_generator_c__visibility_control.h
[38.360s] -- Installing: /home/kireiji/RoboticsDev_ws/install/controller_interfaces/include/controller_interfaces/controller_interfaces/srv
[38.360s] -- Installing: /home/kireiji/RoboticsDev_ws/install/controller_interfaces/include/controller_interfaces/controller_interfaces/srv/set_param.h
[38.360s] -- Installing: /home/kireiji/RoboticsDev_ws/install/controller_interfaces/include/controller_interfaces/controller_interfaces/srv/detail
[38.360s] -- Installing: /home/kireiji/RoboticsDev_ws/install/controller_interfaces/include/controller_interfaces/controller_interfaces/srv/detail/set_param__functions.h
[38.361s] -- Installing: /home/kireiji/RoboticsDev_ws/install/controller_interfaces/include/controller_interfaces/controller_interfaces/srv/detail/set_param__struct.h
[38.361s] -- Installing: /home/kireiji/RoboticsDev_ws/install/controller_interfaces/include/controller_interfaces/controller_interfaces/srv/detail/set_param__functions.c
[38.361s] -- Installing: /home/kireiji/RoboticsDev_ws/install/controller_interfaces/include/controller_interfaces/controller_interfaces/srv/detail/set_target__type_support.h
[38.361s] -- Installing: /home/kireiji/RoboticsDev_ws/install/controller_interfaces/include/controller_interfaces/controller_interfaces/srv/detail/set_param__type_support.h
[38.361s] -- Installing: /home/kireiji/RoboticsDev_ws/install/controller_interfaces/include/controller_interfaces/controller_interfaces/srv/detail/set_target__struct.h
[38.361s] -- Installing: /home/kireiji/RoboticsDev_ws/install/controller_interfaces/include/controller_interfaces/controller_interfaces/srv/detail/set_target__functions.h
[38.361s] -- Installing: /home/kireiji/RoboticsDev_ws/install/controller_interfaces/include/controller_interfaces/controller_interfaces/srv/detail/set_target__functions.c
[38.361s] -- Installing: /home/kireiji/RoboticsDev_ws/install/controller_interfaces/include/controller_interfaces/controller_interfaces/srv/set_target.h
[38.361s] -- Installing: /home/kireiji/RoboticsDev_ws/install/controller_interfaces/share/controller_interfaces/environment/library_path.sh
[38.361s] -- Installing: /home/kireiji/RoboticsDev_ws/install/controller_interfaces/share/controller_interfaces/environment/library_path.dsv
[38.361s] -- Installing: /home/kireiji/RoboticsDev_ws/install/controller_interfaces/lib/libcontroller_interfaces__rosidl_generator_c.so
[38.361s] -- Set runtime path of "/home/kireiji/RoboticsDev_ws/install/controller_interfaces/lib/libcontroller_interfaces__rosidl_generator_c.so" to ""
[38.361s] -- Up-to-date: /home/kireiji/RoboticsDev_ws/install/controller_interfaces/include/controller_interfaces/controller_interfaces
[38.361s] -- Up-to-date: /home/kireiji/RoboticsDev_ws/install/controller_interfaces/include/controller_interfaces/controller_interfaces/msg
[38.361s] -- Installing: /home/kireiji/RoboticsDev_ws/install/controller_interfaces/include/controller_interfaces/controller_interfaces/msg/rosidl_typesupport_fastrtps_c__visibility_control.h
[38.361s] -- Up-to-date: /home/kireiji/RoboticsDev_ws/install/controller_interfaces/include/controller_interfaces/controller_interfaces/srv
[38.361s] -- Up-to-date: /home/kireiji/RoboticsDev_ws/install/controller_interfaces/include/controller_interfaces/controller_interfaces/srv/detail
[38.361s] -- Installing: /home/kireiji/RoboticsDev_ws/install/controller_interfaces/include/controller_interfaces/controller_interfaces/srv/detail/set_param__rosidl_typesupport_fastrtps_c.h
[38.361s] -- Installing: /home/kireiji/RoboticsDev_ws/install/controller_interfaces/include/controller_interfaces/controller_interfaces/srv/detail/set_target__rosidl_typesupport_fastrtps_c.h
[38.361s] -- Installing: /home/kireiji/RoboticsDev_ws/install/controller_interfaces/lib/libcontroller_interfaces__rosidl_typesupport_fastrtps_c.so
[38.361s] -- Set runtime path of "/home/kireiji/RoboticsDev_ws/install/controller_interfaces/lib/libcontroller_interfaces__rosidl_typesupport_fastrtps_c.so" to ""
[38.362s] -- Up-to-date: /home/kireiji/RoboticsDev_ws/install/controller_interfaces/include/controller_interfaces/controller_interfaces
[38.362s] -- Up-to-date: /home/kireiji/RoboticsDev_ws/install/controller_interfaces/include/controller_interfaces/controller_interfaces/srv
[38.362s] -- Installing: /home/kireiji/RoboticsDev_ws/install/controller_interfaces/include/controller_interfaces/controller_interfaces/srv/set_target.hpp
[38.362s] -- Up-to-date: /home/kireiji/RoboticsDev_ws/install/controller_interfaces/include/controller_interfaces/controller_interfaces/srv/detail
[38.362s] -- Installing: /home/kireiji/RoboticsDev_ws/install/controller_interfaces/include/controller_interfaces/controller_interfaces/srv/detail/set_target__traits.hpp
[38.362s] -- Installing: /home/kireiji/RoboticsDev_ws/install/controller_interfaces/include/controller_interfaces/controller_interfaces/srv/detail/set_param__builder.hpp
[38.362s] -- Installing: /home/kireiji/RoboticsDev_ws/install/controller_interfaces/include/controller_interfaces/controller_interfaces/srv/detail/set_target__struct.hpp
[38.362s] -- Installing: /home/kireiji/RoboticsDev_ws/install/controller_interfaces/include/controller_interfaces/controller_interfaces/srv/detail/set_target__builder.hpp
[38.362s] -- Installing: /home/kireiji/RoboticsDev_ws/install/controller_interfaces/include/controller_interfaces/controller_interfaces/srv/detail/set_param__traits.hpp
[38.362s] -- Installing: /home/kireiji/RoboticsDev_ws/install/controller_interfaces/include/controller_interfaces/controller_interfaces/srv/detail/set_param__struct.hpp
[38.362s] -- Installing: /home/kireiji/RoboticsDev_ws/install/controller_interfaces/include/controller_interfaces/controller_interfaces/srv/set_param.hpp
[38.362s] -- Up-to-date: /home/kireiji/RoboticsDev_ws/install/controller_interfaces/include/controller_interfaces/controller_interfaces
[38.362s] -- Up-to-date: /home/kireiji/RoboticsDev_ws/install/controller_interfaces/include/controller_interfaces/controller_interfaces/msg
[38.362s] -- Installing: /home/kireiji/RoboticsDev_ws/install/controller_interfaces/include/controller_interfaces/controller_interfaces/msg/rosidl_typesupport_fastrtps_cpp__visibility_control.h
[38.362s] -- Up-to-date: /home/kireiji/RoboticsDev_ws/install/controller_interfaces/include/controller_interfaces/controller_interfaces/srv
[38.362s] -- Up-to-date: /home/kireiji/RoboticsDev_ws/install/controller_interfaces/include/controller_interfaces/controller_interfaces/srv/detail
[38.362s] -- Installing: /home/kireiji/RoboticsDev_ws/install/controller_interfaces/include/controller_interfaces/controller_interfaces/srv/detail/set_target__rosidl_typesupport_fastrtps_cpp.hpp
[38.363s] -- Installing: /home/kireiji/RoboticsDev_ws/install/controller_interfaces/include/controller_interfaces/controller_interfaces/srv/detail/dds_fastrtps
[38.363s] -- Installing: /home/kireiji/RoboticsDev_ws/install/controller_interfaces/include/controller_interfaces/controller_interfaces/srv/detail/set_param__rosidl_typesupport_fastrtps_cpp.hpp
[38.363s] -- Installing: /home/kireiji/RoboticsDev_ws/install/controller_interfaces/lib/libcontroller_interfaces__rosidl_typesupport_fastrtps_cpp.so
[38.367s] -- Set runtime path of "/home/kireiji/RoboticsDev_ws/install/controller_interfaces/lib/libcontroller_interfaces__rosidl_typesupport_fastrtps_cpp.so" to ""
[38.368s] -- Up-to-date: /home/kireiji/RoboticsDev_ws/install/controller_interfaces/include/controller_interfaces/controller_interfaces
[38.368s] -- Up-to-date: /home/kireiji/RoboticsDev_ws/install/controller_interfaces/include/controller_interfaces/controller_interfaces/msg
[38.368s] -- Installing: /home/kireiji/RoboticsDev_ws/install/controller_interfaces/include/controller_interfaces/controller_interfaces/msg/rosidl_typesupport_introspection_c__visibility_control.h
[38.368s] -- Up-to-date: /home/kireiji/RoboticsDev_ws/install/controller_interfaces/include/controller_interfaces/controller_interfaces/srv
[38.368s] -- Up-to-date: /home/kireiji/RoboticsDev_ws/install/controller_interfaces/include/controller_interfaces/controller_interfaces/srv/detail
[38.368s] -- Installing: /home/kireiji/RoboticsDev_ws/install/controller_interfaces/include/controller_interfaces/controller_interfaces/srv/detail/set_param__type_support.c
[38.368s] -- Installing: /home/kireiji/RoboticsDev_ws/install/controller_interfaces/include/controller_interfaces/controller_interfaces/srv/detail/set_target__rosidl_typesupport_introspection_c.h
[38.368s] -- Installing: /home/kireiji/RoboticsDev_ws/install/controller_interfaces/include/controller_interfaces/controller_interfaces/srv/detail/set_target__type_support.c
[38.368s] -- Installing: /home/kireiji/RoboticsDev_ws/install/controller_interfaces/include/controller_interfaces/controller_interfaces/srv/detail/set_param__rosidl_typesupport_introspection_c.h
[38.368s] -- Installing: /home/kireiji/RoboticsDev_ws/install/controller_interfaces/lib/libcontroller_interfaces__rosidl_typesupport_introspection_c.so
[38.368s] -- Set runtime path of "/home/kireiji/RoboticsDev_ws/install/controller_interfaces/lib/libcontroller_interfaces__rosidl_typesupport_introspection_c.so" to ""
[38.368s] -- Installing: /home/kireiji/RoboticsDev_ws/install/controller_interfaces/lib/libcontroller_interfaces__rosidl_typesupport_c.so
[38.368s] -- Set runtime path of "/home/kireiji/RoboticsDev_ws/install/controller_interfaces/lib/libcontroller_interfaces__rosidl_typesupport_c.so" to ""
[38.369s] -- Up-to-date: /home/kireiji/RoboticsDev_ws/install/controller_interfaces/include/controller_interfaces/controller_interfaces
[38.369s] -- Up-to-date: /home/kireiji/RoboticsDev_ws/install/controller_interfaces/include/controller_interfaces/controller_interfaces/srv
[38.369s] -- Up-to-date: /home/kireiji/RoboticsDev_ws/install/controller_interfaces/include/controller_interfaces/controller_interfaces/srv/detail
[38.369s] -- Installing: /home/kireiji/RoboticsDev_ws/install/controller_interfaces/include/controller_interfaces/controller_interfaces/srv/detail/set_param__rosidl_typesupport_introspection_cpp.hpp
[38.369s] -- Installing: /home/kireiji/RoboticsDev_ws/install/controller_interfaces/include/controller_interfaces/controller_interfaces/srv/detail/set_target__rosidl_typesupport_introspection_cpp.hpp
[38.369s] -- Installing: /home/kireiji/RoboticsDev_ws/install/controller_interfaces/include/controller_interfaces/controller_interfaces/srv/detail/set_param__type_support.cpp
[38.369s] -- Installing: /home/kireiji/RoboticsDev_ws/install/controller_interfaces/include/controller_interfaces/controller_interfaces/srv/detail/set_target__type_support.cpp
[38.369s] -- Installing: /home/kireiji/RoboticsDev_ws/install/controller_interfaces/lib/libcontroller_interfaces__rosidl_typesupport_introspection_cpp.so
[38.373s] -- Set runtime path of "/home/kireiji/RoboticsDev_ws/install/controller_interfaces/lib/libcontroller_interfaces__rosidl_typesupport_introspection_cpp.so" to ""
[38.373s] -- Installing: /home/kireiji/RoboticsDev_ws/install/controller_interfaces/lib/libcontroller_interfaces__rosidl_typesupport_cpp.so
[38.373s] -- Set runtime path of "/home/kireiji/RoboticsDev_ws/install/controller_interfaces/lib/libcontroller_interfaces__rosidl_typesupport_cpp.so" to ""
[38.373s] -- Installing: /home/kireiji/RoboticsDev_ws/install/controller_interfaces/share/controller_interfaces/environment/pythonpath.sh
[38.373s] -- Installing: /home/kireiji/RoboticsDev_ws/install/controller_interfaces/share/controller_interfaces/environment/pythonpath.dsv
[38.374s] -- Installing: /home/kireiji/RoboticsDev_ws/install/controller_interfaces/lib/python3.10/site-packages/controller_interfaces-0.0.0-py3.10.egg-info
[38.374s] -- Installing: /home/kireiji/RoboticsDev_ws/install/controller_interfaces/lib/python3.10/site-packages/controller_interfaces-0.0.0-py3.10.egg-info/PKG-INFO
[38.374s] -- Installing: /home/kireiji/RoboticsDev_ws/install/controller_interfaces/lib/python3.10/site-packages/controller_interfaces-0.0.0-py3.10.egg-info/dependency_links.txt
[38.374s] -- Installing: /home/kireiji/RoboticsDev_ws/install/controller_interfaces/lib/python3.10/site-packages/controller_interfaces-0.0.0-py3.10.egg-info/top_level.txt
[38.385s] -- Installing: /home/kireiji/RoboticsDev_ws/install/controller_interfaces/lib/python3.10/site-packages/controller_interfaces-0.0.0-py3.10.egg-info/SOURCES.txt
[38.386s] -- Installing: /home/kireiji/RoboticsDev_ws/install/controller_interfaces/lib/python3.10/site-packages/controller_interfaces
[38.386s] -- Installing: /home/kireiji/RoboticsDev_ws/install/controller_interfaces/lib/python3.10/site-packages/controller_interfaces/__init__.py
[38.386s] -- Installing: /home/kireiji/RoboticsDev_ws/install/controller_interfaces/lib/python3.10/site-packages/controller_interfaces/_controller_interfaces_s.ep.rosidl_typesupport_introspection_c.c
[38.386s] -- Installing: /home/kireiji/RoboticsDev_ws/install/controller_interfaces/lib/python3.10/site-packages/controller_interfaces/_controller_interfaces_s.ep.rosidl_typesupport_fastrtps_c.c
[38.386s] -- Installing: /home/kireiji/RoboticsDev_ws/install/controller_interfaces/lib/python3.10/site-packages/controller_interfaces/controller_interfaces_s__rosidl_typesupport_introspection_c.cpython-310-x86_64-linux-gnu.so
[38.386s] -- Installing: /home/kireiji/RoboticsDev_ws/install/controller_interfaces/lib/python3.10/site-packages/controller_interfaces/libcontroller_interfaces__rosidl_generator_py.so
[38.436s] -- Installing: /home/kireiji/RoboticsDev_ws/install/controller_interfaces/lib/python3.10/site-packages/controller_interfaces/controller_interfaces_s__rosidl_typesupport_c.cpython-310-x86_64-linux-gnu.so
[38.436s] -- Installing: /home/kireiji/RoboticsDev_ws/install/controller_interfaces/lib/python3.10/site-packages/controller_interfaces/srv
[38.436s] -- Installing: /home/kireiji/RoboticsDev_ws/install/controller_interfaces/lib/python3.10/site-packages/controller_interfaces/srv/_set_target.py
[38.436s] -- Installing: /home/kireiji/RoboticsDev_ws/install/controller_interfaces/lib/python3.10/site-packages/controller_interfaces/srv/__init__.py
[38.436s] -- Installing: /home/kireiji/RoboticsDev_ws/install/controller_interfaces/lib/python3.10/site-packages/controller_interfaces/srv/_set_target_s.c
[38.436s] -- Installing: /home/kireiji/RoboticsDev_ws/install/controller_interfaces/lib/python3.10/site-packages/controller_interfaces/srv/_set_param.py
[38.436s] -- Installing: /home/kireiji/RoboticsDev_ws/install/controller_interfaces/lib/python3.10/site-packages/controller_interfaces/srv/_set_param_s.c
[38.437s] -- Installing: /home/kireiji/RoboticsDev_ws/install/controller_interfaces/lib/python3.10/site-packages/controller_interfaces/controller_interfaces_s__rosidl_typesupport_fastrtps_c.cpython-310-x86_64-linux-gnu.so
[38.437s] -- Installing: /home/kireiji/RoboticsDev_ws/install/controller_interfaces/lib/python3.10/site-packages/controller_interfaces/_controller_interfaces_s.ep.rosidl_typesupport_c.c
[38.641s] Listing '/home/kireiji/RoboticsDev_ws/install/controller_interfaces/lib/python3.10/site-packages/controller_interfaces'...
[38.642s] Compiling '/home/kireiji/RoboticsDev_ws/install/controller_interfaces/lib/python3.10/site-packages/controller_interfaces/__init__.py'...
[38.642s] Listing '/home/kireiji/RoboticsDev_ws/install/controller_interfaces/lib/python3.10/site-packages/controller_interfaces/srv'...
[38.642s] Compiling '/home/kireiji/RoboticsDev_ws/install/controller_interfaces/lib/python3.10/site-packages/controller_interfaces/srv/__init__.py'...
[38.642s] Compiling '/home/kireiji/RoboticsDev_ws/install/controller_interfaces/lib/python3.10/site-packages/controller_interfaces/srv/_set_param.py'...
[38.642s] Compiling '/home/kireiji/RoboticsDev_ws/install/controller_interfaces/lib/python3.10/site-packages/controller_interfaces/srv/_set_target.py'...
[38.698s] -- Installing: /home/kireiji/RoboticsDev_ws/install/controller_interfaces/lib/python3.10/site-packages/controller_interfaces/controller_interfaces_s__rosidl_typesupport_fastrtps_c.cpython-310-x86_64-linux-gnu.so
[38.702s] -- Set runtime path of "/home/kireiji/RoboticsDev_ws/install/controller_interfaces/lib/python3.10/site-packages/controller_interfaces/controller_interfaces_s__rosidl_typesupport_fastrtps_c.cpython-310-x86_64-linux-gnu.so" to ""
[38.702s] -- Installing: /home/kireiji/RoboticsDev_ws/install/controller_interfaces/lib/python3.10/site-packages/controller_interfaces/controller_interfaces_s__rosidl_typesupport_introspection_c.cpython-310-x86_64-linux-gnu.so
[38.702s] -- Set runtime path of "/home/kireiji/RoboticsDev_ws/install/controller_interfaces/lib/python3.10/site-packages/controller_interfaces/controller_interfaces_s__rosidl_typesupport_introspection_c.cpython-310-x86_64-linux-gnu.so" to ""
[38.703s] -- Installing: /home/kireiji/RoboticsDev_ws/install/controller_interfaces/lib/python3.10/site-packages/controller_interfaces/controller_interfaces_s__rosidl_typesupport_c.cpython-310-x86_64-linux-gnu.so
[38.707s] -- Set runtime path of "/home/kireiji/RoboticsDev_ws/install/controller_interfaces/lib/python3.10/site-packages/controller_interfaces/controller_interfaces_s__rosidl_typesupport_c.cpython-310-x86_64-linux-gnu.so" to ""
[38.707s] -- Installing: /home/kireiji/RoboticsDev_ws/install/controller_interfaces/lib/libcontroller_interfaces__rosidl_generator_py.so
[38.787s] -- Set runtime path of "/home/kireiji/RoboticsDev_ws/install/controller_interfaces/lib/libcontroller_interfaces__rosidl_generator_py.so" to ""
[38.787s] -- Installing: /home/kireiji/RoboticsDev_ws/install/controller_interfaces/share/controller_interfaces/srv/SetParam.idl
[38.789s] -- Installing: /home/kireiji/RoboticsDev_ws/install/controller_interfaces/share/controller_interfaces/srv/SetTarget.idl
[38.789s] -- Installing: /home/kireiji/RoboticsDev_ws/install/controller_interfaces/share/controller_interfaces/srv/SetParam.srv
[38.789s] -- Installing: /home/kireiji/RoboticsDev_ws/install/controller_interfaces/share/controller_interfaces/srv/SetParam_Request.msg
[38.789s] -- Installing: /home/kireiji/RoboticsDev_ws/install/controller_interfaces/share/controller_interfaces/srv/SetParam_Response.msg
[38.789s] -- Installing: /home/kireiji/RoboticsDev_ws/install/controller_interfaces/share/controller_interfaces/srv/SetTarget.srv
[38.789s] -- Installing: /home/kireiji/RoboticsDev_ws/install/controller_interfaces/share/controller_interfaces/srv/SetTarget_Request.msg
[38.789s] -- Installing: /home/kireiji/RoboticsDev_ws/install/controller_interfaces/share/controller_interfaces/srv/SetTarget_Response.msg
[38.795s] -- Installing: /home/kireiji/RoboticsDev_ws/install/controller_interfaces/share/ament_index/resource_index/package_run_dependencies/controller_interfaces
[38.795s] -- Installing: /home/kireiji/RoboticsDev_ws/install/controller_interfaces/share/ament_index/resource_index/parent_prefix_path/controller_interfaces
[38.796s] -- Installing: /home/kireiji/RoboticsDev_ws/install/controller_interfaces/share/controller_interfaces/environment/ament_prefix_path.sh
[38.796s] -- Installing: /home/kireiji/RoboticsDev_ws/install/controller_interfaces/share/controller_interfaces/environment/ament_prefix_path.dsv
[38.796s] -- Installing: /home/kireiji/RoboticsDev_ws/install/controller_interfaces/share/controller_interfaces/environment/path.sh
[38.796s] -- Installing: /home/kireiji/RoboticsDev_ws/install/controller_interfaces/share/controller_interfaces/environment/path.dsv
[38.796s] -- Installing: /home/kireiji/RoboticsDev_ws/install/controller_interfaces/share/controller_interfaces/local_setup.bash
[38.801s] -- Installing: /home/kireiji/RoboticsDev_ws/install/controller_interfaces/share/controller_interfaces/local_setup.sh
[38.801s] -- Installing: /home/kireiji/RoboticsDev_ws/install/controller_interfaces/share/controller_interfaces/local_setup.zsh
[38.801s] -- Installing: /home/kireiji/RoboticsDev_ws/install/controller_interfaces/share/controller_interfaces/local_setup.dsv
[38.801s] -- Installing: /home/kireiji/RoboticsDev_ws/install/controller_interfaces/share/controller_interfaces/package.dsv
[38.801s] -- Installing: /home/kireiji/RoboticsDev_ws/install/controller_interfaces/share/ament_index/resource_index/packages/controller_interfaces
[38.802s] -- Installing: /home/kireiji/RoboticsDev_ws/install/controller_interfaces/share/controller_interfaces/cmake/export_controller_interfaces__rosidl_generator_cExport.cmake
[38.802s] -- Installing: /home/kireiji/RoboticsDev_ws/install/controller_interfaces/share/controller_interfaces/cmake/export_controller_interfaces__rosidl_generator_cExport-noconfig.cmake
[38.809s] -- Installing: /home/kireiji/RoboticsDev_ws/install/controller_interfaces/share/controller_interfaces/cmake/export_controller_interfaces__rosidl_typesupport_fastrtps_cExport.cmake
[38.809s] -- Installing: /home/kireiji/RoboticsDev_ws/install/controller_interfaces/share/controller_interfaces/cmake/export_controller_interfaces__rosidl_typesupport_fastrtps_cExport-noconfig.cmake
[38.809s] -- Installing: /home/kireiji/RoboticsDev_ws/install/controller_interfaces/share/controller_interfaces/cmake/export_controller_interfaces__rosidl_generator_cppExport.cmake
[38.809s] -- Installing: /home/kireiji/RoboticsDev_ws/install/controller_interfaces/share/controller_interfaces/cmake/export_controller_interfaces__rosidl_typesupport_fastrtps_cppExport.cmake
[38.810s] -- Installing: /home/kireiji/RoboticsDev_ws/install/controller_interfaces/share/controller_interfaces/cmake/export_controller_interfaces__rosidl_typesupport_fastrtps_cppExport-noconfig.cmake
[38.810s] -- Installing: /home/kireiji/RoboticsDev_ws/install/controller_interfaces/share/controller_interfaces/cmake/controller_interfaces__rosidl_typesupport_introspection_cExport.cmake
[38.813s] -- Installing: /home/kireiji/RoboticsDev_ws/install/controller_interfaces/share/controller_interfaces/cmake/controller_interfaces__rosidl_typesupport_introspection_cExport-noconfig.cmake
[38.813s] -- Installing: /home/kireiji/RoboticsDev_ws/install/controller_interfaces/share/controller_interfaces/cmake/controller_interfaces__rosidl_typesupport_cExport.cmake
[38.813s] -- Installing: /home/kireiji/RoboticsDev_ws/install/controller_interfaces/share/controller_interfaces/cmake/controller_interfaces__rosidl_typesupport_cExport-noconfig.cmake
[38.813s] -- Installing: /home/kireiji/RoboticsDev_ws/install/controller_interfaces/share/controller_interfaces/cmake/controller_interfaces__rosidl_typesupport_introspection_cppExport.cmake
[38.813s] -- Installing: /home/kireiji/RoboticsDev_ws/install/controller_interfaces/share/controller_interfaces/cmake/controller_interfaces__rosidl_typesupport_introspection_cppExport-noconfig.cmake
[38.813s] -- Installing: /home/kireiji/RoboticsDev_ws/install/controller_interfaces/share/controller_interfaces/cmake/controller_interfaces__rosidl_typesupport_cppExport.cmake
[38.814s] -- Installing: /home/kireiji/RoboticsDev_ws/install/controller_interfaces/share/controller_interfaces/cmake/controller_interfaces__rosidl_typesupport_cppExport-noconfig.cmake
[38.814s] -- Installing: /home/kireiji/RoboticsDev_ws/install/controller_interfaces/share/controller_interfaces/cmake/export_controller_interfaces__rosidl_generator_pyExport.cmake
[38.814s] -- Installing: /home/kireiji/RoboticsDev_ws/install/controller_interfaces/share/controller_interfaces/cmake/export_controller_interfaces__rosidl_generator_pyExport-noconfig.cmake
[38.814s] -- Installing: /home/kireiji/RoboticsDev_ws/install/controller_interfaces/share/controller_interfaces/cmake/rosidl_cmake-extras.cmake
[38.815s] -- Installing: /home/kireiji/RoboticsDev_ws/install/controller_interfaces/share/controller_interfaces/cmake/ament_cmake_export_dependencies-extras.cmake
[38.815s] -- Installing: /home/kireiji/RoboticsDev_ws/install/controller_interfaces/share/controller_interfaces/cmake/ament_cmake_export_include_directories-extras.cmake
[38.815s] -- Installing: /home/kireiji/RoboticsDev_ws/install/controller_interfaces/share/controller_interfaces/cmake/ament_cmake_export_libraries-extras.cmake
[38.818s] -- Installing: /home/kireiji/RoboticsDev_ws/install/controller_interfaces/share/controller_interfaces/cmake/ament_cmake_export_targets-extras.cmake
[38.818s] -- Installing: /home/kireiji/RoboticsDev_ws/install/controller_interfaces/share/controller_interfaces/cmake/rosidl_cmake_export_typesupport_targets-extras.cmake
[38.818s] -- Installing: /home/kireiji/RoboticsDev_ws/install/controller_interfaces/share/controller_interfaces/cmake/rosidl_cmake_export_typesupport_libraries-extras.cmake
[38.823s] -- Installing: /home/kireiji/RoboticsDev_ws/install/controller_interfaces/share/controller_interfaces/cmake/controller_interfacesConfig.cmake
[38.823s] -- Installing: /home/kireiji/RoboticsDev_ws/install/controller_interfaces/share/controller_interfaces/cmake/controller_interfacesConfig-version.cmake
[38.824s] -- Installing: /home/kireiji/RoboticsDev_ws/install/controller_interfaces/share/controller_interfaces/package.xml
[40.965s] Invoked command in '/home/kireiji/RoboticsDev_ws/build/controller_interfaces' returned '0': CMAKE_PREFIX_PATH=${CMAKE_PREFIX_PATH}:/home/kireiji/RoboticsDev_ws/install/launch_testing_examples:/home/kireiji/RoboticsDev_ws/install/examples_rclpy_pointcloud_publisher:/home/kireiji/RoboticsDev_ws/install/examples_rclpy_minimal_subscriber:/home/kireiji/RoboticsDev_ws/install/examples_rclpy_minimal_service:/home/kireiji/RoboticsDev_ws/install/examples_rclpy_minimal_publisher:/home/kireiji/RoboticsDev_ws/install/examples_rclpy_minimal_client:/home/kireiji/RoboticsDev_ws/install/examples_rclpy_minimal_action_server:/home/kireiji/RoboticsDev_ws/install/examples_rclpy_minimal_action_client:/home/kireiji/RoboticsDev_ws/install/examples_rclpy_guard_conditions:/home/kireiji/RoboticsDev_ws/install/examples_rclpy_executors:/home/kireiji/ros2_ws/install/my_py_pkg:/opt/ros/humble /usr/bin/cmake --install /home/kireiji/RoboticsDev_ws/build/controller_interfaces
