[0.126s] Invoking command in '/home/kireiji/RoboticsDev_ws/build/motorsim_interfaces': CMAKE_PREFIX_PATH=${CMAKE_PREFIX_PATH}:/home/kireiji/RoboticsDev_ws/install/launch_testing_examples:/home/kireiji/RoboticsDev_ws/install/examples_rclpy_pointcloud_publisher:/home/kireiji/RoboticsDev_ws/install/examples_rclpy_minimal_subscriber:/home/kireiji/RoboticsDev_ws/install/examples_rclpy_minimal_service:/home/kireiji/RoboticsDev_ws/install/examples_rclpy_minimal_publisher:/home/kireiji/RoboticsDev_ws/install/examples_rclpy_minimal_client:/home/kireiji/RoboticsDev_ws/install/examples_rclpy_minimal_action_server:/home/kireiji/RoboticsDev_ws/install/examples_rclpy_minimal_action_client:/home/kireiji/RoboticsDev_ws/install/examples_rclpy_guard_conditions:/home/kireiji/RoboticsDev_ws/install/examples_rclpy_executors:/home/kireiji/ros2_ws/install/my_py_pkg:/opt/ros/humble /usr/bin/cmake --build /home/kireiji/RoboticsDev_ws/build/motorsim_interfaces -- -j16 -l16
[0.204s] [35m[1mConsolidate compiler generated dependencies of target motorsim_interfaces__rosidl_generator_c[0m
[0.232s] [  3%] Built target motorsim_interfaces__cpp
[0.240s] [ 12%] Built target motorsim_interfaces__rosidl_generator_c
[0.258s] [35m[1mConsolidate compiler generated dependencies of target motorsim_interfaces__rosidl_typesupport_cpp[0m
[0.262s] [35m[1mConsolidate compiler generated dependencies of target motorsim_interfaces__rosidl_typesupport_fastrtps_cpp[0m
[0.269s] [35m[1mConsolidate compiler generated dependencies of target motorsim_interfaces__rosidl_typesupport_introspection_cpp[0m
[0.269s] [ 12%] Built target ament_cmake_python_copy_motorsim_interfaces
[0.296s] [ 22%] Built target motorsim_interfaces__rosidl_typesupport_introspection_cpp
[0.296s] [ 32%] Built target motorsim_interfaces__rosidl_typesupport_cpp
[0.299s] [35m[1mConsolidate compiler generated dependencies of target motorsim_interfaces__rosidl_typesupport_fastrtps_c[0m
[0.308s] [ 41%] Built target motorsim_interfaces__rosidl_typesupport_fastrtps_cpp
[0.308s] [35m[1mConsolidate compiler generated dependencies of target motorsim_interfaces__rosidl_typesupport_c[0m
[0.308s] [35m[1mConsolidate compiler generated dependencies of target motorsim_interfaces__rosidl_typesupport_introspection_c[0m
[0.331s] [ 51%] Built target motorsim_interfaces__rosidl_typesupport_fastrtps_c
[0.345s] [ 61%] Built target motorsim_interfaces__rosidl_typesupport_introspection_c
[0.345s] [ 70%] Built target motorsim_interfaces__rosidl_typesupport_c
[0.401s] [ 70%] Built target motorsim_interfaces
[0.439s] [ 74%] Built target motorsim_interfaces__py
[0.467s] [35m[1mConsolidate compiler generated dependencies of target motorsim_interfaces__rosidl_generator_py[0m
[0.519s] [ 80%] Built target motorsim_interfaces__rosidl_generator_py
[0.539s] [35m[1mConsolidate compiler generated dependencies of target motorsim_interfaces__rosidl_typesupport_fastrtps_c__pyext[0m
[0.567s] [35m[1mConsolidate compiler generated dependencies of target motorsim_interfaces__rosidl_typesupport_introspection_c__pyext[0m
[0.567s] [35m[1mConsolidate compiler generated dependencies of target motorsim_interfaces__rosidl_typesupport_c__pyext[0m
[0.584s] [ 87%] Built target motorsim_interfaces__rosidl_typesupport_fastrtps_c__pyext
[0.609s] [ 96%] Built target motorsim_interfaces__rosidl_typesupport_c__pyext
[0.609s] [100%] Built target motorsim_interfaces__rosidl_typesupport_introspection_c__pyext
[0.904s] running egg_info
[0.917s] writing manifest file 'motorsim_interfaces.egg-info/SOURCES.txt'
[1.088s] [100%] Built target ament_cmake_python_build_motorsim_interfaces_egg
[1.128s] Invoked command in '/home/kireiji/RoboticsDev_ws/build/motorsim_interfaces' returned '0': CMAKE_PREFIX_PATH=${CMAKE_PREFIX_PATH}:/home/kireiji/RoboticsDev_ws/install/launch_testing_examples:/home/kireiji/RoboticsDev_ws/install/examples_rclpy_pointcloud_publisher:/home/kireiji/RoboticsDev_ws/install/examples_rclpy_minimal_subscriber:/home/kireiji/RoboticsDev_ws/install/examples_rclpy_minimal_service:/home/kireiji/RoboticsDev_ws/install/examples_rclpy_minimal_publisher:/home/kireiji/RoboticsDev_ws/install/examples_rclpy_minimal_client:/home/kireiji/RoboticsDev_ws/install/examples_rclpy_minimal_action_server:/home/kireiji/RoboticsDev_ws/install/examples_rclpy_minimal_action_client:/home/kireiji/RoboticsDev_ws/install/examples_rclpy_guard_conditions:/home/kireiji/RoboticsDev_ws/install/examples_rclpy_executors:/home/kireiji/ros2_ws/install/my_py_pkg:/opt/ros/humble /usr/bin/cmake --build /home/kireiji/RoboticsDev_ws/build/motorsim_interfaces -- -j16 -l16
[1.251s] Invoking command in '/home/kireiji/RoboticsDev_ws/build/motorsim_interfaces': CMAKE_PREFIX_PATH=${CMAKE_PREFIX_PATH}:/home/kireiji/RoboticsDev_ws/install/launch_testing_examples:/home/kireiji/RoboticsDev_ws/install/examples_rclpy_pointcloud_publisher:/home/kireiji/RoboticsDev_ws/install/examples_rclpy_minimal_subscriber:/home/kireiji/RoboticsDev_ws/install/examples_rclpy_minimal_service:/home/kireiji/RoboticsDev_ws/install/examples_rclpy_minimal_publisher:/home/kireiji/RoboticsDev_ws/install/examples_rclpy_minimal_client:/home/kireiji/RoboticsDev_ws/install/examples_rclpy_minimal_action_server:/home/kireiji/RoboticsDev_ws/install/examples_rclpy_minimal_action_client:/home/kireiji/RoboticsDev_ws/install/examples_rclpy_guard_conditions:/home/kireiji/RoboticsDev_ws/install/examples_rclpy_executors:/home/kireiji/ros2_ws/install/my_py_pkg:/opt/ros/humble /usr/bin/cmake --install /home/kireiji/RoboticsDev_ws/build/motorsim_interfaces
[1.345s] -- Install configuration: ""
[1.345s] -- Up-to-date: /home/kireiji/RoboticsDev_ws/install/motorsim_interfaces/share/ament_index/resource_index/rosidl_interfaces/motorsim_interfaces
[1.345s] -- Up-to-date: /home/kireiji/RoboticsDev_ws/install/motorsim_interfaces/include/motorsim_interfaces/motorsim_interfaces
[1.345s] -- Up-to-date: /home/kireiji/RoboticsDev_ws/install/motorsim_interfaces/include/motorsim_interfaces/motorsim_interfaces/msg
[1.345s] -- Up-to-date: /home/kireiji/RoboticsDev_ws/install/motorsim_interfaces/include/motorsim_interfaces/motorsim_interfaces/msg/rosidl_generator_c__visibility_control.h
[1.345s] -- Up-to-date: /home/kireiji/RoboticsDev_ws/install/motorsim_interfaces/include/motorsim_interfaces/motorsim_interfaces/srv
[1.345s] -- Up-to-date: /home/kireiji/RoboticsDev_ws/install/motorsim_interfaces/include/motorsim_interfaces/motorsim_interfaces/srv/detail
[1.345s] -- Up-to-date: /home/kireiji/RoboticsDev_ws/install/motorsim_interfaces/include/motorsim_interfaces/motorsim_interfaces/srv/detail/motor_spawn__functions.h
[1.345s] -- Up-to-date: /home/kireiji/RoboticsDev_ws/install/motorsim_interfaces/include/motorsim_interfaces/motorsim_interfaces/srv/detail/motor_spawn__functions.c
[1.345s] -- Up-to-date: /home/kireiji/RoboticsDev_ws/install/motorsim_interfaces/include/motorsim_interfaces/motorsim_interfaces/srv/detail/motor_spawn__struct.h
[1.346s] -- Up-to-date: /home/kireiji/RoboticsDev_ws/install/motorsim_interfaces/include/motorsim_interfaces/motorsim_interfaces/srv/detail/motor_spawn__type_support.h
[1.346s] -- Up-to-date: /home/kireiji/RoboticsDev_ws/install/motorsim_interfaces/include/motorsim_interfaces/motorsim_interfaces/srv/motor_spawn.h
[1.346s] -- Up-to-date: /home/kireiji/RoboticsDev_ws/install/motorsim_interfaces/share/motorsim_interfaces/environment/library_path.sh
[1.346s] -- Up-to-date: /home/kireiji/RoboticsDev_ws/install/motorsim_interfaces/share/motorsim_interfaces/environment/library_path.dsv
[1.346s] -- Up-to-date: /home/kireiji/RoboticsDev_ws/install/motorsim_interfaces/lib/libmotorsim_interfaces__rosidl_generator_c.so
[1.346s] -- Up-to-date: /home/kireiji/RoboticsDev_ws/install/motorsim_interfaces/include/motorsim_interfaces/motorsim_interfaces
[1.346s] -- Up-to-date: /home/kireiji/RoboticsDev_ws/install/motorsim_interfaces/include/motorsim_interfaces/motorsim_interfaces/msg
[1.346s] -- Up-to-date: /home/kireiji/RoboticsDev_ws/install/motorsim_interfaces/include/motorsim_interfaces/motorsim_interfaces/msg/rosidl_typesupport_fastrtps_c__visibility_control.h
[1.346s] -- Up-to-date: /home/kireiji/RoboticsDev_ws/install/motorsim_interfaces/include/motorsim_interfaces/motorsim_interfaces/srv
[1.346s] -- Up-to-date: /home/kireiji/RoboticsDev_ws/install/motorsim_interfaces/include/motorsim_interfaces/motorsim_interfaces/srv/detail
[1.346s] -- Up-to-date: /home/kireiji/RoboticsDev_ws/install/motorsim_interfaces/include/motorsim_interfaces/motorsim_interfaces/srv/detail/motor_spawn__rosidl_typesupport_fastrtps_c.h
[1.347s] -- Up-to-date: /home/kireiji/RoboticsDev_ws/install/motorsim_interfaces/lib/libmotorsim_interfaces__rosidl_typesupport_fastrtps_c.so
[1.347s] -- Up-to-date: /home/kireiji/RoboticsDev_ws/install/motorsim_interfaces/include/motorsim_interfaces/motorsim_interfaces
[1.347s] -- Up-to-date: /home/kireiji/RoboticsDev_ws/install/motorsim_interfaces/include/motorsim_interfaces/motorsim_interfaces/msg
[1.347s] -- Up-to-date: /home/kireiji/RoboticsDev_ws/install/motorsim_interfaces/include/motorsim_interfaces/motorsim_interfaces/msg/rosidl_typesupport_introspection_c__visibility_control.h
[1.347s] -- Up-to-date: /home/kireiji/RoboticsDev_ws/install/motorsim_interfaces/include/motorsim_interfaces/motorsim_interfaces/srv
[1.347s] -- Up-to-date: /home/kireiji/RoboticsDev_ws/install/motorsim_interfaces/include/motorsim_interfaces/motorsim_interfaces/srv/detail
[1.347s] -- Up-to-date: /home/kireiji/RoboticsDev_ws/install/motorsim_interfaces/include/motorsim_interfaces/motorsim_interfaces/srv/detail/motor_spawn__rosidl_typesupport_introspection_c.h
[1.347s] -- Up-to-date: /home/kireiji/RoboticsDev_ws/install/motorsim_interfaces/include/motorsim_interfaces/motorsim_interfaces/srv/detail/motor_spawn__type_support.c
[1.347s] -- Up-to-date: /home/kireiji/RoboticsDev_ws/install/motorsim_interfaces/lib/libmotorsim_interfaces__rosidl_typesupport_introspection_c.so
[1.347s] -- Up-to-date: /home/kireiji/RoboticsDev_ws/install/motorsim_interfaces/lib/libmotorsim_interfaces__rosidl_typesupport_c.so
[1.347s] -- Up-to-date: /home/kireiji/RoboticsDev_ws/install/motorsim_interfaces/include/motorsim_interfaces/motorsim_interfaces
[1.347s] -- Up-to-date: /home/kireiji/RoboticsDev_ws/install/motorsim_interfaces/include/motorsim_interfaces/motorsim_interfaces/srv
[1.347s] -- Up-to-date: /home/kireiji/RoboticsDev_ws/install/motorsim_interfaces/include/motorsim_interfaces/motorsim_interfaces/srv/motor_spawn.hpp
[1.350s] -- Up-to-date: /home/kireiji/RoboticsDev_ws/install/motorsim_interfaces/include/motorsim_interfaces/motorsim_interfaces/srv/detail
[1.350s] -- Up-to-date: /home/kireiji/RoboticsDev_ws/install/motorsim_interfaces/include/motorsim_interfaces/motorsim_interfaces/srv/detail/motor_spawn__struct.hpp
[1.350s] -- Up-to-date: /home/kireiji/RoboticsDev_ws/install/motorsim_interfaces/include/motorsim_interfaces/motorsim_interfaces/srv/detail/motor_spawn__builder.hpp
[1.350s] -- Up-to-date: /home/kireiji/RoboticsDev_ws/install/motorsim_interfaces/include/motorsim_interfaces/motorsim_interfaces/srv/detail/motor_spawn__traits.hpp
[1.350s] -- Up-to-date: /home/kireiji/RoboticsDev_ws/install/motorsim_interfaces/include/motorsim_interfaces/motorsim_interfaces
[1.350s] -- Up-to-date: /home/kireiji/RoboticsDev_ws/install/motorsim_interfaces/include/motorsim_interfaces/motorsim_interfaces/msg
[1.350s] -- Up-to-date: /home/kireiji/RoboticsDev_ws/install/motorsim_interfaces/include/motorsim_interfaces/motorsim_interfaces/msg/rosidl_typesupport_fastrtps_cpp__visibility_control.h
[1.350s] -- Up-to-date: /home/kireiji/RoboticsDev_ws/install/motorsim_interfaces/include/motorsim_interfaces/motorsim_interfaces/srv
[1.350s] -- Up-to-date: /home/kireiji/RoboticsDev_ws/install/motorsim_interfaces/include/motorsim_interfaces/motorsim_interfaces/srv/detail
[1.350s] -- Up-to-date: /home/kireiji/RoboticsDev_ws/install/motorsim_interfaces/include/motorsim_interfaces/motorsim_interfaces/srv/detail/dds_fastrtps
[1.350s] -- Up-to-date: /home/kireiji/RoboticsDev_ws/install/motorsim_interfaces/include/motorsim_interfaces/motorsim_interfaces/srv/detail/motor_spawn__rosidl_typesupport_fastrtps_cpp.hpp
[1.350s] -- Up-to-date: /home/kireiji/RoboticsDev_ws/install/motorsim_interfaces/lib/libmotorsim_interfaces__rosidl_typesupport_fastrtps_cpp.so
[1.351s] -- Up-to-date: /home/kireiji/RoboticsDev_ws/install/motorsim_interfaces/include/motorsim_interfaces/motorsim_interfaces
[1.351s] -- Up-to-date: /home/kireiji/RoboticsDev_ws/install/motorsim_interfaces/include/motorsim_interfaces/motorsim_interfaces/srv
[1.351s] -- Up-to-date: /home/kireiji/RoboticsDev_ws/install/motorsim_interfaces/include/motorsim_interfaces/motorsim_interfaces/srv/detail
[1.352s] -- Up-to-date: /home/kireiji/RoboticsDev_ws/install/motorsim_interfaces/include/motorsim_interfaces/motorsim_interfaces/srv/detail/motor_spawn__rosidl_typesupport_introspection_cpp.hpp
[1.352s] -- Up-to-date: /home/kireiji/RoboticsDev_ws/install/motorsim_interfaces/include/motorsim_interfaces/motorsim_interfaces/srv/detail/motor_spawn__type_support.cpp
[1.352s] -- Up-to-date: /home/kireiji/RoboticsDev_ws/install/motorsim_interfaces/lib/libmotorsim_interfaces__rosidl_typesupport_introspection_cpp.so
[1.352s] -- Up-to-date: /home/kireiji/RoboticsDev_ws/install/motorsim_interfaces/lib/libmotorsim_interfaces__rosidl_typesupport_cpp.so
[1.352s] -- Up-to-date: /home/kireiji/RoboticsDev_ws/install/motorsim_interfaces/share/motorsim_interfaces/environment/pythonpath.sh
[1.352s] -- Up-to-date: /home/kireiji/RoboticsDev_ws/install/motorsim_interfaces/share/motorsim_interfaces/environment/pythonpath.dsv
[1.352s] -- Up-to-date: /home/kireiji/RoboticsDev_ws/install/motorsim_interfaces/lib/python3.10/site-packages/motorsim_interfaces-0.0.0-py3.10.egg-info
[1.352s] -- Installing: /home/kireiji/RoboticsDev_ws/install/motorsim_interfaces/lib/python3.10/site-packages/motorsim_interfaces-0.0.0-py3.10.egg-info/PKG-INFO
[1.356s] -- Installing: /home/kireiji/RoboticsDev_ws/install/motorsim_interfaces/lib/python3.10/site-packages/motorsim_interfaces-0.0.0-py3.10.egg-info/dependency_links.txt
[1.356s] -- Installing: /home/kireiji/RoboticsDev_ws/install/motorsim_interfaces/lib/python3.10/site-packages/motorsim_interfaces-0.0.0-py3.10.egg-info/top_level.txt
[1.356s] -- Installing: /home/kireiji/RoboticsDev_ws/install/motorsim_interfaces/lib/python3.10/site-packages/motorsim_interfaces-0.0.0-py3.10.egg-info/SOURCES.txt
[1.356s] -- Up-to-date: /home/kireiji/RoboticsDev_ws/install/motorsim_interfaces/lib/python3.10/site-packages/motorsim_interfaces
[1.357s] -- Up-to-date: /home/kireiji/RoboticsDev_ws/install/motorsim_interfaces/lib/python3.10/site-packages/motorsim_interfaces/libmotorsim_interfaces__rosidl_generator_py.so
[1.357s] -- Up-to-date: /home/kireiji/RoboticsDev_ws/install/motorsim_interfaces/lib/python3.10/site-packages/motorsim_interfaces/_motorsim_interfaces_s.ep.rosidl_typesupport_introspection_c.c
[1.357s] -- Up-to-date: /home/kireiji/RoboticsDev_ws/install/motorsim_interfaces/lib/python3.10/site-packages/motorsim_interfaces/__init__.py
[1.357s] -- Up-to-date: /home/kireiji/RoboticsDev_ws/install/motorsim_interfaces/lib/python3.10/site-packages/motorsim_interfaces/_motorsim_interfaces_s.ep.rosidl_typesupport_c.c
[1.357s] -- Up-to-date: /home/kireiji/RoboticsDev_ws/install/motorsim_interfaces/lib/python3.10/site-packages/motorsim_interfaces/motorsim_interfaces_s__rosidl_typesupport_fastrtps_c.cpython-310-x86_64-linux-gnu.so
[1.357s] -- Up-to-date: /home/kireiji/RoboticsDev_ws/install/motorsim_interfaces/lib/python3.10/site-packages/motorsim_interfaces/_motorsim_interfaces_s.ep.rosidl_typesupport_fastrtps_c.c
[1.357s] -- Up-to-date: /home/kireiji/RoboticsDev_ws/install/motorsim_interfaces/lib/python3.10/site-packages/motorsim_interfaces/srv
[1.357s] -- Up-to-date: /home/kireiji/RoboticsDev_ws/install/motorsim_interfaces/lib/python3.10/site-packages/motorsim_interfaces/srv/__init__.py
[1.358s] -- Up-to-date: /home/kireiji/RoboticsDev_ws/install/motorsim_interfaces/lib/python3.10/site-packages/motorsim_interfaces/srv/_motor_spawn.py
[1.358s] -- Up-to-date: /home/kireiji/RoboticsDev_ws/install/motorsim_interfaces/lib/python3.10/site-packages/motorsim_interfaces/srv/_motor_spawn_s.c
[1.358s] -- Up-to-date: /home/kireiji/RoboticsDev_ws/install/motorsim_interfaces/lib/python3.10/site-packages/motorsim_interfaces/motorsim_interfaces_s__rosidl_typesupport_introspection_c.cpython-310-x86_64-linux-gnu.so
[1.358s] -- Up-to-date: /home/kireiji/RoboticsDev_ws/install/motorsim_interfaces/lib/python3.10/site-packages/motorsim_interfaces/motorsim_interfaces_s__rosidl_typesupport_c.cpython-310-x86_64-linux-gnu.so
[1.360s] Listing '/home/kireiji/RoboticsDev_ws/install/motorsim_interfaces/lib/python3.10/site-packages/motorsim_interfaces'...
[1.360s] Listing '/home/kireiji/RoboticsDev_ws/install/motorsim_interfaces/lib/python3.10/site-packages/motorsim_interfaces/srv'...
[1.361s] -- Up-to-date: /home/kireiji/RoboticsDev_ws/install/motorsim_interfaces/lib/python3.10/site-packages/motorsim_interfaces/motorsim_interfaces_s__rosidl_typesupport_fastrtps_c.cpython-310-x86_64-linux-gnu.so
[1.361s] -- Up-to-date: /home/kireiji/RoboticsDev_ws/install/motorsim_interfaces/lib/python3.10/site-packages/motorsim_interfaces/motorsim_interfaces_s__rosidl_typesupport_introspection_c.cpython-310-x86_64-linux-gnu.so
[1.361s] -- Up-to-date: /home/kireiji/RoboticsDev_ws/install/motorsim_interfaces/lib/python3.10/site-packages/motorsim_interfaces/motorsim_interfaces_s__rosidl_typesupport_c.cpython-310-x86_64-linux-gnu.so
[1.361s] -- Up-to-date: /home/kireiji/RoboticsDev_ws/install/motorsim_interfaces/lib/libmotorsim_interfaces__rosidl_generator_py.so
[1.361s] -- Up-to-date: /home/kireiji/RoboticsDev_ws/install/motorsim_interfaces/share/motorsim_interfaces/srv/MotorSpawn.idl
[1.361s] -- Up-to-date: /home/kireiji/RoboticsDev_ws/install/motorsim_interfaces/share/motorsim_interfaces/srv/MotorSpawn.srv
[1.361s] -- Up-to-date: /home/kireiji/RoboticsDev_ws/install/motorsim_interfaces/share/motorsim_interfaces/srv/MotorSpawn_Request.msg
[1.361s] -- Up-to-date: /home/kireiji/RoboticsDev_ws/install/motorsim_interfaces/share/motorsim_interfaces/srv/MotorSpawn_Response.msg
[1.361s] -- Up-to-date: /home/kireiji/RoboticsDev_ws/install/motorsim_interfaces/share/ament_index/resource_index/package_run_dependencies/motorsim_interfaces
[1.362s] -- Up-to-date: /home/kireiji/RoboticsDev_ws/install/motorsim_interfaces/share/ament_index/resource_index/parent_prefix_path/motorsim_interfaces
[1.362s] -- Up-to-date: /home/kireiji/RoboticsDev_ws/install/motorsim_interfaces/share/motorsim_interfaces/environment/ament_prefix_path.sh
[1.362s] -- Up-to-date: /home/kireiji/RoboticsDev_ws/install/motorsim_interfaces/share/motorsim_interfaces/environment/ament_prefix_path.dsv
[1.362s] -- Up-to-date: /home/kireiji/RoboticsDev_ws/install/motorsim_interfaces/share/motorsim_interfaces/environment/path.sh
[1.362s] -- Up-to-date: /home/kireiji/RoboticsDev_ws/install/motorsim_interfaces/share/motorsim_interfaces/environment/path.dsv
[1.362s] -- Up-to-date: /home/kireiji/RoboticsDev_ws/install/motorsim_interfaces/share/motorsim_interfaces/local_setup.bash
[1.362s] -- Up-to-date: /home/kireiji/RoboticsDev_ws/install/motorsim_interfaces/share/motorsim_interfaces/local_setup.sh
[1.362s] -- Up-to-date: /home/kireiji/RoboticsDev_ws/install/motorsim_interfaces/share/motorsim_interfaces/local_setup.zsh
[1.362s] -- Up-to-date: /home/kireiji/RoboticsDev_ws/install/motorsim_interfaces/share/motorsim_interfaces/local_setup.dsv
[1.362s] -- Installing: /home/kireiji/RoboticsDev_ws/install/motorsim_interfaces/share/motorsim_interfaces/package.dsv
[1.362s] -- Up-to-date: /home/kireiji/RoboticsDev_ws/install/motorsim_interfaces/share/ament_index/resource_index/packages/motorsim_interfaces
[1.362s] -- Up-to-date: /home/kireiji/RoboticsDev_ws/install/motorsim_interfaces/share/motorsim_interfaces/cmake/export_motorsim_interfaces__rosidl_generator_cExport.cmake
[1.362s] -- Up-to-date: /home/kireiji/RoboticsDev_ws/install/motorsim_interfaces/share/motorsim_interfaces/cmake/export_motorsim_interfaces__rosidl_generator_cExport-noconfig.cmake
[1.362s] -- Up-to-date: /home/kireiji/RoboticsDev_ws/install/motorsim_interfaces/share/motorsim_interfaces/cmake/export_motorsim_interfaces__rosidl_typesupport_fastrtps_cExport.cmake
[1.363s] -- Up-to-date: /home/kireiji/RoboticsDev_ws/install/motorsim_interfaces/share/motorsim_interfaces/cmake/export_motorsim_interfaces__rosidl_typesupport_fastrtps_cExport-noconfig.cmake
[1.363s] -- Up-to-date: /home/kireiji/RoboticsDev_ws/install/motorsim_interfaces/share/motorsim_interfaces/cmake/motorsim_interfaces__rosidl_typesupport_introspection_cExport.cmake
[1.363s] -- Up-to-date: /home/kireiji/RoboticsDev_ws/install/motorsim_interfaces/share/motorsim_interfaces/cmake/motorsim_interfaces__rosidl_typesupport_introspection_cExport-noconfig.cmake
[1.363s] -- Up-to-date: /home/kireiji/RoboticsDev_ws/install/motorsim_interfaces/share/motorsim_interfaces/cmake/motorsim_interfaces__rosidl_typesupport_cExport.cmake
[1.363s] -- Up-to-date: /home/kireiji/RoboticsDev_ws/install/motorsim_interfaces/share/motorsim_interfaces/cmake/motorsim_interfaces__rosidl_typesupport_cExport-noconfig.cmake
[1.363s] -- Up-to-date: /home/kireiji/RoboticsDev_ws/install/motorsim_interfaces/share/motorsim_interfaces/cmake/export_motorsim_interfaces__rosidl_generator_cppExport.cmake
[1.363s] -- Up-to-date: /home/kireiji/RoboticsDev_ws/install/motorsim_interfaces/share/motorsim_interfaces/cmake/export_motorsim_interfaces__rosidl_typesupport_fastrtps_cppExport.cmake
[1.363s] -- Up-to-date: /home/kireiji/RoboticsDev_ws/install/motorsim_interfaces/share/motorsim_interfaces/cmake/export_motorsim_interfaces__rosidl_typesupport_fastrtps_cppExport-noconfig.cmake
[1.364s] -- Up-to-date: /home/kireiji/RoboticsDev_ws/install/motorsim_interfaces/share/motorsim_interfaces/cmake/motorsim_interfaces__rosidl_typesupport_introspection_cppExport.cmake
[1.364s] -- Up-to-date: /home/kireiji/RoboticsDev_ws/install/motorsim_interfaces/share/motorsim_interfaces/cmake/motorsim_interfaces__rosidl_typesupport_introspection_cppExport-noconfig.cmake
[1.364s] -- Up-to-date: /home/kireiji/RoboticsDev_ws/install/motorsim_interfaces/share/motorsim_interfaces/cmake/motorsim_interfaces__rosidl_typesupport_cppExport.cmake
[1.364s] -- Up-to-date: /home/kireiji/RoboticsDev_ws/install/motorsim_interfaces/share/motorsim_interfaces/cmake/motorsim_interfaces__rosidl_typesupport_cppExport-noconfig.cmake
[1.364s] -- Up-to-date: /home/kireiji/RoboticsDev_ws/install/motorsim_interfaces/share/motorsim_interfaces/cmake/export_motorsim_interfaces__rosidl_generator_pyExport.cmake
[1.364s] -- Up-to-date: /home/kireiji/RoboticsDev_ws/install/motorsim_interfaces/share/motorsim_interfaces/cmake/export_motorsim_interfaces__rosidl_generator_pyExport-noconfig.cmake
[1.364s] -- Up-to-date: /home/kireiji/RoboticsDev_ws/install/motorsim_interfaces/share/motorsim_interfaces/cmake/rosidl_cmake-extras.cmake
[1.364s] -- Up-to-date: /home/kireiji/RoboticsDev_ws/install/motorsim_interfaces/share/motorsim_interfaces/cmake/ament_cmake_export_include_directories-extras.cmake
[1.364s] -- Up-to-date: /home/kireiji/RoboticsDev_ws/install/motorsim_interfaces/share/motorsim_interfaces/cmake/ament_cmake_export_libraries-extras.cmake
[1.364s] -- Up-to-date: /home/kireiji/RoboticsDev_ws/install/motorsim_interfaces/share/motorsim_interfaces/cmake/ament_cmake_export_targets-extras.cmake
[1.365s] -- Up-to-date: /home/kireiji/RoboticsDev_ws/install/motorsim_interfaces/share/motorsim_interfaces/cmake/rosidl_cmake_export_typesupport_targets-extras.cmake
[1.365s] -- Up-to-date: /home/kireiji/RoboticsDev_ws/install/motorsim_interfaces/share/motorsim_interfaces/cmake/ament_cmake_export_dependencies-extras.cmake
[1.365s] -- Up-to-date: /home/kireiji/RoboticsDev_ws/install/motorsim_interfaces/share/motorsim_interfaces/cmake/rosidl_cmake_export_typesupport_libraries-extras.cmake
[1.365s] -- Up-to-date: /home/kireiji/RoboticsDev_ws/install/motorsim_interfaces/share/motorsim_interfaces/cmake/motorsim_interfacesConfig.cmake
[1.365s] -- Up-to-date: /home/kireiji/RoboticsDev_ws/install/motorsim_interfaces/share/motorsim_interfaces/cmake/motorsim_interfacesConfig-version.cmake
[1.365s] -- Up-to-date: /home/kireiji/RoboticsDev_ws/install/motorsim_interfaces/share/motorsim_interfaces/package.xml
[1.390s] Invoked command in '/home/kireiji/RoboticsDev_ws/build/motorsim_interfaces' returned '0': CMAKE_PREFIX_PATH=${CMAKE_PREFIX_PATH}:/home/kireiji/RoboticsDev_ws/install/launch_testing_examples:/home/kireiji/RoboticsDev_ws/install/examples_rclpy_pointcloud_publisher:/home/kireiji/RoboticsDev_ws/install/examples_rclpy_minimal_subscriber:/home/kireiji/RoboticsDev_ws/install/examples_rclpy_minimal_service:/home/kireiji/RoboticsDev_ws/install/examples_rclpy_minimal_publisher:/home/kireiji/RoboticsDev_ws/install/examples_rclpy_minimal_client:/home/kireiji/RoboticsDev_ws/install/examples_rclpy_minimal_action_server:/home/kireiji/RoboticsDev_ws/install/examples_rclpy_minimal_action_client:/home/kireiji/RoboticsDev_ws/install/examples_rclpy_guard_conditions:/home/kireiji/RoboticsDev_ws/install/examples_rclpy_executors:/home/kireiji/ros2_ws/install/my_py_pkg:/opt/ros/humble /usr/bin/cmake --install /home/kireiji/RoboticsDev_ws/build/motorsim_interfaces
