[0.939s] Invoking command in '/home/kireiji/RoboticsDev_ws/build/lab1_interfaces': CMAKE_PREFIX_PATH=${CMAKE_PREFIX_PATH}:/home/kireiji/RoboticsDev_ws/install/launch_testing_examples:/home/kireiji/RoboticsDev_ws/install/examples_rclpy_pointcloud_publisher:/home/kireiji/RoboticsDev_ws/install/examples_rclpy_minimal_subscriber:/home/kireiji/RoboticsDev_ws/install/examples_rclpy_minimal_service:/home/kireiji/RoboticsDev_ws/install/examples_rclpy_minimal_publisher:/home/kireiji/RoboticsDev_ws/install/examples_rclpy_minimal_client:/home/kireiji/RoboticsDev_ws/install/examples_rclpy_minimal_action_server:/home/kireiji/RoboticsDev_ws/install/examples_rclpy_minimal_action_client:/home/kireiji/RoboticsDev_ws/install/examples_rclpy_guard_conditions:/home/kireiji/RoboticsDev_ws/install/examples_rclpy_executors:/home/kireiji/ros2_ws/install/my_py_pkg:/opt/ros/humble /usr/bin/cmake --build /home/kireiji/RoboticsDev_ws/build/lab1_interfaces -- -j16 -l16
[1.156s] [35m[1mConsolidate compiler generated dependencies of target lab1_interfaces__rosidl_generator_c[0m
[1.156s] [  3%] Built target lab1_interfaces__cpp
[1.156s] [ 12%] Built target lab1_interfaces__rosidl_generator_c
[1.156s] [35m[1mConsolidate compiler generated dependencies of target lab1_interfaces__rosidl_typesupport_cpp[0m
[1.156s] [35m[1mConsolidate compiler generated dependencies of target lab1_interfaces__rosidl_typesupport_fastrtps_cpp[0m
[1.156s] [35m[1mConsolidate compiler generated dependencies of target lab1_interfaces__rosidl_typesupport_fastrtps_c[0m
[1.156s] [35m[1mConsolidate compiler generated dependencies of target lab1_interfaces__rosidl_typesupport_introspection_cpp[0m
[1.156s] [35m[1mConsolidate compiler generated dependencies of target lab1_interfaces__rosidl_typesupport_c[0m
[1.157s] [35m[1mConsolidate compiler generated dependencies of target lab1_interfaces__rosidl_typesupport_introspection_c[0m
[1.157s] [ 22%] Built target lab1_interfaces__rosidl_typesupport_cpp
[1.157s] [ 41%] Built target lab1_interfaces__rosidl_typesupport_introspection_c
[1.157s] [ 41%] Built target lab1_interfaces__rosidl_typesupport_c
[1.157s] [ 51%] Built target lab1_interfaces__rosidl_typesupport_introspection_cpp
[1.157s] [ 61%] Built target lab1_interfaces__rosidl_typesupport_fastrtps_c
[1.157s] [ 70%] Built target lab1_interfaces__rosidl_typesupport_fastrtps_cpp
[1.157s] [ 70%] Built target ament_cmake_python_copy_lab1_interfaces
[1.157s] [ 70%] Built target lab1_interfaces
[1.157s] [ 74%] Built target lab1_interfaces__py
[1.157s] [35m[1mConsolidate compiler generated dependencies of target lab1_interfaces__rosidl_generator_py[0m
[1.157s] [ 80%] Built target lab1_interfaces__rosidl_generator_py
[1.158s] [35m[1mConsolidate compiler generated dependencies of target lab1_interfaces__rosidl_typesupport_c__pyext[0m
[1.158s] [35m[1mConsolidate compiler generated dependencies of target lab1_interfaces__rosidl_typesupport_fastrtps_c__pyext[0m
[1.158s] [35m[1mConsolidate compiler generated dependencies of target lab1_interfaces__rosidl_typesupport_introspection_c__pyext[0m
[1.158s] [100%] Built target lab1_interfaces__rosidl_typesupport_c__pyext
[1.158s] [100%] Built target lab1_interfaces__rosidl_typesupport_introspection_c__pyext
[1.158s] [100%] Built target lab1_interfaces__rosidl_typesupport_fastrtps_c__pyext
[1.186s] running egg_info
[1.190s] writing manifest file 'lab1_interfaces.egg-info/SOURCES.txt'
[1.238s] [100%] Built target ament_cmake_python_build_lab1_interfaces_egg
[1.255s] Invoked command in '/home/kireiji/RoboticsDev_ws/build/lab1_interfaces' returned '0': CMAKE_PREFIX_PATH=${CMAKE_PREFIX_PATH}:/home/kireiji/RoboticsDev_ws/install/launch_testing_examples:/home/kireiji/RoboticsDev_ws/install/examples_rclpy_pointcloud_publisher:/home/kireiji/RoboticsDev_ws/install/examples_rclpy_minimal_subscriber:/home/kireiji/RoboticsDev_ws/install/examples_rclpy_minimal_service:/home/kireiji/RoboticsDev_ws/install/examples_rclpy_minimal_publisher:/home/kireiji/RoboticsDev_ws/install/examples_rclpy_minimal_client:/home/kireiji/RoboticsDev_ws/install/examples_rclpy_minimal_action_server:/home/kireiji/RoboticsDev_ws/install/examples_rclpy_minimal_action_client:/home/kireiji/RoboticsDev_ws/install/examples_rclpy_guard_conditions:/home/kireiji/RoboticsDev_ws/install/examples_rclpy_executors:/home/kireiji/ros2_ws/install/my_py_pkg:/opt/ros/humble /usr/bin/cmake --build /home/kireiji/RoboticsDev_ws/build/lab1_interfaces -- -j16 -l16
[1.335s] Invoking command in '/home/kireiji/RoboticsDev_ws/build/lab1_interfaces': CMAKE_PREFIX_PATH=${CMAKE_PREFIX_PATH}:/home/kireiji/RoboticsDev_ws/install/launch_testing_examples:/home/kireiji/RoboticsDev_ws/install/examples_rclpy_pointcloud_publisher:/home/kireiji/RoboticsDev_ws/install/examples_rclpy_minimal_subscriber:/home/kireiji/RoboticsDev_ws/install/examples_rclpy_minimal_service:/home/kireiji/RoboticsDev_ws/install/examples_rclpy_minimal_publisher:/home/kireiji/RoboticsDev_ws/install/examples_rclpy_minimal_client:/home/kireiji/RoboticsDev_ws/install/examples_rclpy_minimal_action_server:/home/kireiji/RoboticsDev_ws/install/examples_rclpy_minimal_action_client:/home/kireiji/RoboticsDev_ws/install/examples_rclpy_guard_conditions:/home/kireiji/RoboticsDev_ws/install/examples_rclpy_executors:/home/kireiji/ros2_ws/install/my_py_pkg:/opt/ros/humble /usr/bin/cmake --install /home/kireiji/RoboticsDev_ws/build/lab1_interfaces
[1.344s] -- Install configuration: ""
[1.344s] -- Up-to-date: /home/kireiji/RoboticsDev_ws/install/lab1_interfaces/share/ament_index/resource_index/rosidl_interfaces/lab1_interfaces
[1.350s] -- Up-to-date: /home/kireiji/RoboticsDev_ws/install/lab1_interfaces/include/lab1_interfaces/lab1_interfaces
[1.350s] -- Up-to-date: /home/kireiji/RoboticsDev_ws/install/lab1_interfaces/include/lab1_interfaces/lab1_interfaces/msg
[1.350s] -- Up-to-date: /home/kireiji/RoboticsDev_ws/install/lab1_interfaces/include/lab1_interfaces/lab1_interfaces/msg/rosidl_generator_c__visibility_control.h
[1.350s] -- Up-to-date: /home/kireiji/RoboticsDev_ws/install/lab1_interfaces/include/lab1_interfaces/lab1_interfaces/srv
[1.350s] -- Up-to-date: /home/kireiji/RoboticsDev_ws/install/lab1_interfaces/include/lab1_interfaces/lab1_interfaces/srv/set_noise.h
[1.350s] -- Up-to-date: /home/kireiji/RoboticsDev_ws/install/lab1_interfaces/include/lab1_interfaces/lab1_interfaces/srv/detail
[1.350s] -- Up-to-date: /home/kireiji/RoboticsDev_ws/install/lab1_interfaces/include/lab1_interfaces/lab1_interfaces/srv/detail/set_noise__struct.h
[1.350s] -- Up-to-date: /home/kireiji/RoboticsDev_ws/install/lab1_interfaces/include/lab1_interfaces/lab1_interfaces/srv/detail/set_noise__type_support.h
[1.350s] -- Up-to-date: /home/kireiji/RoboticsDev_ws/install/lab1_interfaces/include/lab1_interfaces/lab1_interfaces/srv/detail/set_noise__functions.h
[1.351s] -- Up-to-date: /home/kireiji/RoboticsDev_ws/install/lab1_interfaces/include/lab1_interfaces/lab1_interfaces/srv/detail/set_noise__functions.c
[1.351s] -- Up-to-date: /home/kireiji/RoboticsDev_ws/install/lab1_interfaces/share/lab1_interfaces/environment/library_path.sh
[1.351s] -- Up-to-date: /home/kireiji/RoboticsDev_ws/install/lab1_interfaces/share/lab1_interfaces/environment/library_path.dsv
[1.351s] -- Up-to-date: /home/kireiji/RoboticsDev_ws/install/lab1_interfaces/lib/liblab1_interfaces__rosidl_generator_c.so
[1.351s] -- Up-to-date: /home/kireiji/RoboticsDev_ws/install/lab1_interfaces/include/lab1_interfaces/lab1_interfaces
[1.351s] -- Up-to-date: /home/kireiji/RoboticsDev_ws/install/lab1_interfaces/include/lab1_interfaces/lab1_interfaces/msg
[1.351s] -- Up-to-date: /home/kireiji/RoboticsDev_ws/install/lab1_interfaces/include/lab1_interfaces/lab1_interfaces/msg/rosidl_typesupport_fastrtps_c__visibility_control.h
[1.351s] -- Up-to-date: /home/kireiji/RoboticsDev_ws/install/lab1_interfaces/include/lab1_interfaces/lab1_interfaces/srv
[1.351s] -- Up-to-date: /home/kireiji/RoboticsDev_ws/install/lab1_interfaces/include/lab1_interfaces/lab1_interfaces/srv/detail
[1.351s] -- Up-to-date: /home/kireiji/RoboticsDev_ws/install/lab1_interfaces/include/lab1_interfaces/lab1_interfaces/srv/detail/set_noise__rosidl_typesupport_fastrtps_c.h
[1.351s] -- Up-to-date: /home/kireiji/RoboticsDev_ws/install/lab1_interfaces/lib/liblab1_interfaces__rosidl_typesupport_fastrtps_c.so
[1.351s] -- Up-to-date: /home/kireiji/RoboticsDev_ws/install/lab1_interfaces/include/lab1_interfaces/lab1_interfaces
[1.351s] -- Up-to-date: /home/kireiji/RoboticsDev_ws/install/lab1_interfaces/include/lab1_interfaces/lab1_interfaces/srv
[1.351s] -- Up-to-date: /home/kireiji/RoboticsDev_ws/install/lab1_interfaces/include/lab1_interfaces/lab1_interfaces/srv/set_noise.hpp
[1.351s] -- Up-to-date: /home/kireiji/RoboticsDev_ws/install/lab1_interfaces/include/lab1_interfaces/lab1_interfaces/srv/detail
[1.351s] -- Up-to-date: /home/kireiji/RoboticsDev_ws/install/lab1_interfaces/include/lab1_interfaces/lab1_interfaces/srv/detail/set_noise__traits.hpp
[1.352s] -- Up-to-date: /home/kireiji/RoboticsDev_ws/install/lab1_interfaces/include/lab1_interfaces/lab1_interfaces/srv/detail/set_noise__struct.hpp
[1.352s] -- Up-to-date: /home/kireiji/RoboticsDev_ws/install/lab1_interfaces/include/lab1_interfaces/lab1_interfaces/srv/detail/set_noise__builder.hpp
[1.352s] -- Up-to-date: /home/kireiji/RoboticsDev_ws/install/lab1_interfaces/include/lab1_interfaces/lab1_interfaces
[1.352s] -- Up-to-date: /home/kireiji/RoboticsDev_ws/install/lab1_interfaces/include/lab1_interfaces/lab1_interfaces/msg
[1.352s] -- Up-to-date: /home/kireiji/RoboticsDev_ws/install/lab1_interfaces/include/lab1_interfaces/lab1_interfaces/msg/rosidl_typesupport_fastrtps_cpp__visibility_control.h
[1.352s] -- Up-to-date: /home/kireiji/RoboticsDev_ws/install/lab1_interfaces/include/lab1_interfaces/lab1_interfaces/srv
[1.352s] -- Up-to-date: /home/kireiji/RoboticsDev_ws/install/lab1_interfaces/include/lab1_interfaces/lab1_interfaces/srv/detail
[1.352s] -- Up-to-date: /home/kireiji/RoboticsDev_ws/install/lab1_interfaces/include/lab1_interfaces/lab1_interfaces/srv/detail/dds_fastrtps
[1.352s] -- Up-to-date: /home/kireiji/RoboticsDev_ws/install/lab1_interfaces/include/lab1_interfaces/lab1_interfaces/srv/detail/set_noise__rosidl_typesupport_fastrtps_cpp.hpp
[1.354s] -- Up-to-date: /home/kireiji/RoboticsDev_ws/install/lab1_interfaces/lib/liblab1_interfaces__rosidl_typesupport_fastrtps_cpp.so
[1.355s] -- Up-to-date: /home/kireiji/RoboticsDev_ws/install/lab1_interfaces/include/lab1_interfaces/lab1_interfaces
[1.355s] -- Up-to-date: /home/kireiji/RoboticsDev_ws/install/lab1_interfaces/include/lab1_interfaces/lab1_interfaces/msg
[1.355s] -- Up-to-date: /home/kireiji/RoboticsDev_ws/install/lab1_interfaces/include/lab1_interfaces/lab1_interfaces/msg/rosidl_typesupport_introspection_c__visibility_control.h
[1.356s] -- Up-to-date: /home/kireiji/RoboticsDev_ws/install/lab1_interfaces/include/lab1_interfaces/lab1_interfaces/srv
[1.356s] -- Up-to-date: /home/kireiji/RoboticsDev_ws/install/lab1_interfaces/include/lab1_interfaces/lab1_interfaces/srv/detail
[1.356s] -- Up-to-date: /home/kireiji/RoboticsDev_ws/install/lab1_interfaces/include/lab1_interfaces/lab1_interfaces/srv/detail/set_noise__type_support.c
[1.356s] -- Up-to-date: /home/kireiji/RoboticsDev_ws/install/lab1_interfaces/include/lab1_interfaces/lab1_interfaces/srv/detail/set_noise__rosidl_typesupport_introspection_c.h
[1.356s] -- Up-to-date: /home/kireiji/RoboticsDev_ws/install/lab1_interfaces/lib/liblab1_interfaces__rosidl_typesupport_introspection_c.so
[1.356s] -- Up-to-date: /home/kireiji/RoboticsDev_ws/install/lab1_interfaces/lib/liblab1_interfaces__rosidl_typesupport_c.so
[1.356s] -- Up-to-date: /home/kireiji/RoboticsDev_ws/install/lab1_interfaces/include/lab1_interfaces/lab1_interfaces
[1.357s] -- Up-to-date: /home/kireiji/RoboticsDev_ws/install/lab1_interfaces/include/lab1_interfaces/lab1_interfaces/srv
[1.357s] -- Up-to-date: /home/kireiji/RoboticsDev_ws/install/lab1_interfaces/include/lab1_interfaces/lab1_interfaces/srv/detail
[1.357s] -- Up-to-date: /home/kireiji/RoboticsDev_ws/install/lab1_interfaces/include/lab1_interfaces/lab1_interfaces/srv/detail/set_noise__type_support.cpp
[1.357s] -- Up-to-date: /home/kireiji/RoboticsDev_ws/install/lab1_interfaces/include/lab1_interfaces/lab1_interfaces/srv/detail/set_noise__rosidl_typesupport_introspection_cpp.hpp
[1.357s] -- Up-to-date: /home/kireiji/RoboticsDev_ws/install/lab1_interfaces/lib/liblab1_interfaces__rosidl_typesupport_introspection_cpp.so
[1.357s] -- Up-to-date: /home/kireiji/RoboticsDev_ws/install/lab1_interfaces/lib/liblab1_interfaces__rosidl_typesupport_cpp.so
[1.357s] -- Up-to-date: /home/kireiji/RoboticsDev_ws/install/lab1_interfaces/share/lab1_interfaces/environment/pythonpath.sh
[1.357s] -- Up-to-date: /home/kireiji/RoboticsDev_ws/install/lab1_interfaces/share/lab1_interfaces/environment/pythonpath.dsv
[1.357s] -- Up-to-date: /home/kireiji/RoboticsDev_ws/install/lab1_interfaces/lib/python3.10/site-packages/lab1_interfaces-0.0.0-py3.10.egg-info
[1.357s] -- Installing: /home/kireiji/RoboticsDev_ws/install/lab1_interfaces/lib/python3.10/site-packages/lab1_interfaces-0.0.0-py3.10.egg-info/PKG-INFO
[1.357s] -- Installing: /home/kireiji/RoboticsDev_ws/install/lab1_interfaces/lib/python3.10/site-packages/lab1_interfaces-0.0.0-py3.10.egg-info/dependency_links.txt
[1.357s] -- Installing: /home/kireiji/RoboticsDev_ws/install/lab1_interfaces/lib/python3.10/site-packages/lab1_interfaces-0.0.0-py3.10.egg-info/top_level.txt
[1.357s] -- Installing: /home/kireiji/RoboticsDev_ws/install/lab1_interfaces/lib/python3.10/site-packages/lab1_interfaces-0.0.0-py3.10.egg-info/SOURCES.txt
[1.357s] -- Up-to-date: /home/kireiji/RoboticsDev_ws/install/lab1_interfaces/lib/python3.10/site-packages/lab1_interfaces
[1.358s] -- Up-to-date: /home/kireiji/RoboticsDev_ws/install/lab1_interfaces/lib/python3.10/site-packages/lab1_interfaces/_lab1_interfaces_s.ep.rosidl_typesupport_introspection_c.c
[1.358s] -- Up-to-date: /home/kireiji/RoboticsDev_ws/install/lab1_interfaces/lib/python3.10/site-packages/lab1_interfaces/__init__.py
[1.359s] -- Up-to-date: /home/kireiji/RoboticsDev_ws/install/lab1_interfaces/lib/python3.10/site-packages/lab1_interfaces/_lab1_interfaces_s.ep.rosidl_typesupport_fastrtps_c.c
[1.359s] -- Up-to-date: /home/kireiji/RoboticsDev_ws/install/lab1_interfaces/lib/python3.10/site-packages/lab1_interfaces/lab1_interfaces_s__rosidl_typesupport_c.cpython-310-x86_64-linux-gnu.so
[1.359s] -- Up-to-date: /home/kireiji/RoboticsDev_ws/install/lab1_interfaces/lib/python3.10/site-packages/lab1_interfaces/liblab1_interfaces__rosidl_generator_py.so
[1.359s] -- Up-to-date: /home/kireiji/RoboticsDev_ws/install/lab1_interfaces/lib/python3.10/site-packages/lab1_interfaces/srv
[1.359s] -- Up-to-date: /home/kireiji/RoboticsDev_ws/install/lab1_interfaces/lib/python3.10/site-packages/lab1_interfaces/srv/__init__.py
[1.360s] -- Up-to-date: /home/kireiji/RoboticsDev_ws/install/lab1_interfaces/lib/python3.10/site-packages/lab1_interfaces/srv/_set_noise.py
[1.360s] -- Up-to-date: /home/kireiji/RoboticsDev_ws/install/lab1_interfaces/lib/python3.10/site-packages/lab1_interfaces/srv/_set_noise_s.c
[1.360s] -- Up-to-date: /home/kireiji/RoboticsDev_ws/install/lab1_interfaces/lib/python3.10/site-packages/lab1_interfaces/_lab1_interfaces_s.ep.rosidl_typesupport_c.c
[1.360s] -- Up-to-date: /home/kireiji/RoboticsDev_ws/install/lab1_interfaces/lib/python3.10/site-packages/lab1_interfaces/lab1_interfaces_s__rosidl_typesupport_introspection_c.cpython-310-x86_64-linux-gnu.so
[1.360s] -- Up-to-date: /home/kireiji/RoboticsDev_ws/install/lab1_interfaces/lib/python3.10/site-packages/lab1_interfaces/lab1_interfaces_s__rosidl_typesupport_fastrtps_c.cpython-310-x86_64-linux-gnu.so
[1.414s] Listing '/home/kireiji/RoboticsDev_ws/install/lab1_interfaces/lib/python3.10/site-packages/lab1_interfaces'...
[1.414s] Listing '/home/kireiji/RoboticsDev_ws/install/lab1_interfaces/lib/python3.10/site-packages/lab1_interfaces/srv'...
[1.422s] -- Up-to-date: /home/kireiji/RoboticsDev_ws/install/lab1_interfaces/lib/python3.10/site-packages/lab1_interfaces/lab1_interfaces_s__rosidl_typesupport_fastrtps_c.cpython-310-x86_64-linux-gnu.so
[1.423s] -- Up-to-date: /home/kireiji/RoboticsDev_ws/install/lab1_interfaces/lib/python3.10/site-packages/lab1_interfaces/lab1_interfaces_s__rosidl_typesupport_introspection_c.cpython-310-x86_64-linux-gnu.so
[1.423s] -- Up-to-date: /home/kireiji/RoboticsDev_ws/install/lab1_interfaces/lib/python3.10/site-packages/lab1_interfaces/lab1_interfaces_s__rosidl_typesupport_c.cpython-310-x86_64-linux-gnu.so
[1.424s] -- Up-to-date: /home/kireiji/RoboticsDev_ws/install/lab1_interfaces/lib/liblab1_interfaces__rosidl_generator_py.so
[1.424s] -- Up-to-date: /home/kireiji/RoboticsDev_ws/install/lab1_interfaces/share/lab1_interfaces/srv/SetNoise.idl
[1.424s] -- Up-to-date: /home/kireiji/RoboticsDev_ws/install/lab1_interfaces/share/lab1_interfaces/srv/SetNoise.srv
[1.424s] -- Up-to-date: /home/kireiji/RoboticsDev_ws/install/lab1_interfaces/share/lab1_interfaces/srv/SetNoise_Request.msg
[1.424s] -- Up-to-date: /home/kireiji/RoboticsDev_ws/install/lab1_interfaces/share/lab1_interfaces/srv/SetNoise_Response.msg
[1.424s] -- Up-to-date: /home/kireiji/RoboticsDev_ws/install/lab1_interfaces/share/ament_index/resource_index/package_run_dependencies/lab1_interfaces
[1.424s] -- Up-to-date: /home/kireiji/RoboticsDev_ws/install/lab1_interfaces/share/ament_index/resource_index/parent_prefix_path/lab1_interfaces
[1.424s] -- Up-to-date: /home/kireiji/RoboticsDev_ws/install/lab1_interfaces/share/lab1_interfaces/environment/ament_prefix_path.sh
[1.424s] -- Up-to-date: /home/kireiji/RoboticsDev_ws/install/lab1_interfaces/share/lab1_interfaces/environment/ament_prefix_path.dsv
[1.424s] -- Up-to-date: /home/kireiji/RoboticsDev_ws/install/lab1_interfaces/share/lab1_interfaces/environment/path.sh
[1.425s] -- Up-to-date: /home/kireiji/RoboticsDev_ws/install/lab1_interfaces/share/lab1_interfaces/environment/path.dsv
[1.425s] -- Up-to-date: /home/kireiji/RoboticsDev_ws/install/lab1_interfaces/share/lab1_interfaces/local_setup.bash
[1.425s] -- Up-to-date: /home/kireiji/RoboticsDev_ws/install/lab1_interfaces/share/lab1_interfaces/local_setup.sh
[1.425s] -- Up-to-date: /home/kireiji/RoboticsDev_ws/install/lab1_interfaces/share/lab1_interfaces/local_setup.zsh
[1.425s] -- Up-to-date: /home/kireiji/RoboticsDev_ws/install/lab1_interfaces/share/lab1_interfaces/local_setup.dsv
[1.425s] -- Installing: /home/kireiji/RoboticsDev_ws/install/lab1_interfaces/share/lab1_interfaces/package.dsv
[1.425s] -- Up-to-date: /home/kireiji/RoboticsDev_ws/install/lab1_interfaces/share/ament_index/resource_index/packages/lab1_interfaces
[1.430s] -- Up-to-date: /home/kireiji/RoboticsDev_ws/install/lab1_interfaces/share/lab1_interfaces/cmake/export_lab1_interfaces__rosidl_generator_cExport.cmake
[1.430s] -- Up-to-date: /home/kireiji/RoboticsDev_ws/install/lab1_interfaces/share/lab1_interfaces/cmake/export_lab1_interfaces__rosidl_generator_cExport-noconfig.cmake
[1.430s] -- Up-to-date: /home/kireiji/RoboticsDev_ws/install/lab1_interfaces/share/lab1_interfaces/cmake/export_lab1_interfaces__rosidl_typesupport_fastrtps_cExport.cmake
[1.430s] -- Up-to-date: /home/kireiji/RoboticsDev_ws/install/lab1_interfaces/share/lab1_interfaces/cmake/export_lab1_interfaces__rosidl_typesupport_fastrtps_cExport-noconfig.cmake
[1.431s] -- Up-to-date: /home/kireiji/RoboticsDev_ws/install/lab1_interfaces/share/lab1_interfaces/cmake/export_lab1_interfaces__rosidl_generator_cppExport.cmake
[1.431s] -- Up-to-date: /home/kireiji/RoboticsDev_ws/install/lab1_interfaces/share/lab1_interfaces/cmake/export_lab1_interfaces__rosidl_typesupport_fastrtps_cppExport.cmake
[1.431s] -- Up-to-date: /home/kireiji/RoboticsDev_ws/install/lab1_interfaces/share/lab1_interfaces/cmake/export_lab1_interfaces__rosidl_typesupport_fastrtps_cppExport-noconfig.cmake
[1.431s] -- Up-to-date: /home/kireiji/RoboticsDev_ws/install/lab1_interfaces/share/lab1_interfaces/cmake/lab1_interfaces__rosidl_typesupport_introspection_cExport.cmake
[1.431s] -- Up-to-date: /home/kireiji/RoboticsDev_ws/install/lab1_interfaces/share/lab1_interfaces/cmake/lab1_interfaces__rosidl_typesupport_introspection_cExport-noconfig.cmake
[1.431s] -- Up-to-date: /home/kireiji/RoboticsDev_ws/install/lab1_interfaces/share/lab1_interfaces/cmake/lab1_interfaces__rosidl_typesupport_cExport.cmake
[1.431s] -- Up-to-date: /home/kireiji/RoboticsDev_ws/install/lab1_interfaces/share/lab1_interfaces/cmake/lab1_interfaces__rosidl_typesupport_cExport-noconfig.cmake
[1.431s] -- Up-to-date: /home/kireiji/RoboticsDev_ws/install/lab1_interfaces/share/lab1_interfaces/cmake/lab1_interfaces__rosidl_typesupport_introspection_cppExport.cmake
[1.431s] -- Up-to-date: /home/kireiji/RoboticsDev_ws/install/lab1_interfaces/share/lab1_interfaces/cmake/lab1_interfaces__rosidl_typesupport_introspection_cppExport-noconfig.cmake
[1.431s] -- Up-to-date: /home/kireiji/RoboticsDev_ws/install/lab1_interfaces/share/lab1_interfaces/cmake/lab1_interfaces__rosidl_typesupport_cppExport.cmake
[1.431s] -- Up-to-date: /home/kireiji/RoboticsDev_ws/install/lab1_interfaces/share/lab1_interfaces/cmake/lab1_interfaces__rosidl_typesupport_cppExport-noconfig.cmake
[1.431s] -- Up-to-date: /home/kireiji/RoboticsDev_ws/install/lab1_interfaces/share/lab1_interfaces/cmake/export_lab1_interfaces__rosidl_generator_pyExport.cmake
[1.432s] -- Up-to-date: /home/kireiji/RoboticsDev_ws/install/lab1_interfaces/share/lab1_interfaces/cmake/export_lab1_interfaces__rosidl_generator_pyExport-noconfig.cmake
[1.432s] -- Up-to-date: /home/kireiji/RoboticsDev_ws/install/lab1_interfaces/share/lab1_interfaces/cmake/rosidl_cmake-extras.cmake
[1.432s] -- Up-to-date: /home/kireiji/RoboticsDev_ws/install/lab1_interfaces/share/lab1_interfaces/cmake/ament_cmake_export_dependencies-extras.cmake
[1.432s] -- Up-to-date: /home/kireiji/RoboticsDev_ws/install/lab1_interfaces/share/lab1_interfaces/cmake/ament_cmake_export_include_directories-extras.cmake
[1.432s] -- Up-to-date: /home/kireiji/RoboticsDev_ws/install/lab1_interfaces/share/lab1_interfaces/cmake/ament_cmake_export_libraries-extras.cmake
[1.432s] -- Up-to-date: /home/kireiji/RoboticsDev_ws/install/lab1_interfaces/share/lab1_interfaces/cmake/ament_cmake_export_targets-extras.cmake
[1.432s] -- Up-to-date: /home/kireiji/RoboticsDev_ws/install/lab1_interfaces/share/lab1_interfaces/cmake/rosidl_cmake_export_typesupport_targets-extras.cmake
[1.432s] -- Up-to-date: /home/kireiji/RoboticsDev_ws/install/lab1_interfaces/share/lab1_interfaces/cmake/rosidl_cmake_export_typesupport_libraries-extras.cmake
[1.432s] -- Up-to-date: /home/kireiji/RoboticsDev_ws/install/lab1_interfaces/share/lab1_interfaces/cmake/lab1_interfacesConfig.cmake
[1.432s] -- Up-to-date: /home/kireiji/RoboticsDev_ws/install/lab1_interfaces/share/lab1_interfaces/cmake/lab1_interfacesConfig-version.cmake
[1.432s] -- Up-to-date: /home/kireiji/RoboticsDev_ws/install/lab1_interfaces/share/lab1_interfaces/package.xml
[1.435s] Invoked command in '/home/kireiji/RoboticsDev_ws/build/lab1_interfaces' returned '0': CMAKE_PREFIX_PATH=${CMAKE_PREFIX_PATH}:/home/kireiji/RoboticsDev_ws/install/launch_testing_examples:/home/kireiji/RoboticsDev_ws/install/examples_rclpy_pointcloud_publisher:/home/kireiji/RoboticsDev_ws/install/examples_rclpy_minimal_subscriber:/home/kireiji/RoboticsDev_ws/install/examples_rclpy_minimal_service:/home/kireiji/RoboticsDev_ws/install/examples_rclpy_minimal_publisher:/home/kireiji/RoboticsDev_ws/install/examples_rclpy_minimal_client:/home/kireiji/RoboticsDev_ws/install/examples_rclpy_minimal_action_server:/home/kireiji/RoboticsDev_ws/install/examples_rclpy_minimal_action_client:/home/kireiji/RoboticsDev_ws/install/examples_rclpy_guard_conditions:/home/kireiji/RoboticsDev_ws/install/examples_rclpy_executors:/home/kireiji/ros2_ws/install/my_py_pkg:/opt/ros/humble /usr/bin/cmake --install /home/kireiji/RoboticsDev_ws/build/lab1_interfaces
