[1.202s] Invoking command in '/home/kireiji/RoboticsDev_ws/build/lab1_interfaces': CMAKE_PREFIX_PATH=${CMAKE_PREFIX_PATH}:/home/kireiji/RoboticsDev_ws/install/launch_testing_examples:/home/kireiji/RoboticsDev_ws/install/examples_rclpy_pointcloud_publisher:/home/kireiji/RoboticsDev_ws/install/examples_rclpy_minimal_subscriber:/home/kireiji/RoboticsDev_ws/install/examples_rclpy_minimal_service:/home/kireiji/RoboticsDev_ws/install/examples_rclpy_minimal_publisher:/home/kireiji/RoboticsDev_ws/install/examples_rclpy_minimal_client:/home/kireiji/RoboticsDev_ws/install/examples_rclpy_minimal_action_server:/home/kireiji/RoboticsDev_ws/install/examples_rclpy_minimal_action_client:/home/kireiji/RoboticsDev_ws/install/examples_rclpy_guard_conditions:/home/kireiji/RoboticsDev_ws/install/examples_rclpy_executors:/home/kireiji/ros2_ws/install/my_py_pkg:/opt/ros/humble /usr/bin/cmake --build /home/kireiji/RoboticsDev_ws/build/lab1_interfaces -- -j16 -l16
[1.443s] [ 12%] Built target lab1_interfaces__rosidl_generator_c
[1.444s] [  9%] Built target lab1_interfaces__cpp
[1.444s] [ 32%] Built target lab1_interfaces__rosidl_typesupport_c
[1.444s] [ 41%] Built target lab1_interfaces__rosidl_typesupport_introspection_c
[1.444s] [ 41%] Built target lab1_interfaces__rosidl_typesupport_fastrtps_c
[1.444s] [ 41%] Built target ament_cmake_python_copy_lab1_interfaces
[1.444s] [ 51%] Built target lab1_interfaces__rosidl_typesupport_introspection_cpp
[1.444s] [ 67%] Built target lab1_interfaces__rosidl_typesupport_cpp
[1.444s] [ 70%] Built target lab1_interfaces__rosidl_typesupport_fastrtps_cpp
[1.444s] [ 70%] Built target lab1_interfaces
[1.444s] [ 74%] Built target lab1_interfaces__py
[1.444s] [ 80%] Built target lab1_interfaces__rosidl_generator_py
[1.445s] [100%] Built target lab1_interfaces__rosidl_typesupport_c__pyext
[1.445s] [100%] Built target lab1_interfaces__rosidl_typesupport_introspection_c__pyext
[1.445s] [100%] Built target lab1_interfaces__rosidl_typesupport_fastrtps_c__pyext
[1.485s] running egg_info
[1.495s] writing manifest file 'lab1_interfaces.egg-info/SOURCES.txt'
[1.605s] [100%] Built target ament_cmake_python_build_lab1_interfaces_egg
[1.636s] Invoked command in '/home/kireiji/RoboticsDev_ws/build/lab1_interfaces' returned '0': CMAKE_PREFIX_PATH=${CMAKE_PREFIX_PATH}:/home/kireiji/RoboticsDev_ws/install/launch_testing_examples:/home/kireiji/RoboticsDev_ws/install/examples_rclpy_pointcloud_publisher:/home/kireiji/RoboticsDev_ws/install/examples_rclpy_minimal_subscriber:/home/kireiji/RoboticsDev_ws/install/examples_rclpy_minimal_service:/home/kireiji/RoboticsDev_ws/install/examples_rclpy_minimal_publisher:/home/kireiji/RoboticsDev_ws/install/examples_rclpy_minimal_client:/home/kireiji/RoboticsDev_ws/install/examples_rclpy_minimal_action_server:/home/kireiji/RoboticsDev_ws/install/examples_rclpy_minimal_action_client:/home/kireiji/RoboticsDev_ws/install/examples_rclpy_guard_conditions:/home/kireiji/RoboticsDev_ws/install/examples_rclpy_executors:/home/kireiji/ros2_ws/install/my_py_pkg:/opt/ros/humble /usr/bin/cmake --build /home/kireiji/RoboticsDev_ws/build/lab1_interfaces -- -j16 -l16
[1.905s] Invoking command in '/home/kireiji/RoboticsDev_ws/build/lab1_interfaces': CMAKE_PREFIX_PATH=${CMAKE_PREFIX_PATH}:/home/kireiji/RoboticsDev_ws/install/launch_testing_examples:/home/kireiji/RoboticsDev_ws/install/examples_rclpy_pointcloud_publisher:/home/kireiji/RoboticsDev_ws/install/examples_rclpy_minimal_subscriber:/home/kireiji/RoboticsDev_ws/install/examples_rclpy_minimal_service:/home/kireiji/RoboticsDev_ws/install/examples_rclpy_minimal_publisher:/home/kireiji/RoboticsDev_ws/install/examples_rclpy_minimal_client:/home/kireiji/RoboticsDev_ws/install/examples_rclpy_minimal_action_server:/home/kireiji/RoboticsDev_ws/install/examples_rclpy_minimal_action_client:/home/kireiji/RoboticsDev_ws/install/examples_rclpy_guard_conditions:/home/kireiji/RoboticsDev_ws/install/examples_rclpy_executors:/home/kireiji/ros2_ws/install/my_py_pkg:/opt/ros/humble /usr/bin/cmake --install /home/kireiji/RoboticsDev_ws/build/lab1_interfaces
[1.915s] -- Install configuration: ""
[1.917s] -- Up-to-date: /home/kireiji/RoboticsDev_ws/install/lab1_interfaces/share/ament_index/resource_index/rosidl_interfaces/lab1_interfaces
[1.917s] -- Up-to-date: /home/kireiji/RoboticsDev_ws/install/lab1_interfaces/include/lab1_interfaces/lab1_interfaces
[1.917s] -- Up-to-date: /home/kireiji/RoboticsDev_ws/install/lab1_interfaces/include/lab1_interfaces/lab1_interfaces/msg
[1.918s] -- Up-to-date: /home/kireiji/RoboticsDev_ws/install/lab1_interfaces/include/lab1_interfaces/lab1_interfaces/msg/rosidl_generator_c__visibility_control.h
[1.918s] -- Up-to-date: /home/kireiji/RoboticsDev_ws/install/lab1_interfaces/include/lab1_interfaces/lab1_interfaces/srv
[1.918s] -- Up-to-date: /home/kireiji/RoboticsDev_ws/install/lab1_interfaces/include/lab1_interfaces/lab1_interfaces/srv/set_noise.h
[1.918s] -- Up-to-date: /home/kireiji/RoboticsDev_ws/install/lab1_interfaces/include/lab1_interfaces/lab1_interfaces/srv/detail
[1.918s] -- Up-to-date: /home/kireiji/RoboticsDev_ws/install/lab1_interfaces/include/lab1_interfaces/lab1_interfaces/srv/detail/set_noise__struct.h
[1.918s] -- Up-to-date: /home/kireiji/RoboticsDev_ws/install/lab1_interfaces/include/lab1_interfaces/lab1_interfaces/srv/detail/set_noise__type_support.h
[1.918s] -- Up-to-date: /home/kireiji/RoboticsDev_ws/install/lab1_interfaces/include/lab1_interfaces/lab1_interfaces/srv/detail/set_noise__functions.h
[1.918s] -- Up-to-date: /home/kireiji/RoboticsDev_ws/install/lab1_interfaces/include/lab1_interfaces/lab1_interfaces/srv/detail/set_noise__functions.c
[1.918s] -- Up-to-date: /home/kireiji/RoboticsDev_ws/install/lab1_interfaces/share/lab1_interfaces/environment/library_path.sh
[1.918s] -- Up-to-date: /home/kireiji/RoboticsDev_ws/install/lab1_interfaces/share/lab1_interfaces/environment/library_path.dsv
[1.918s] -- Up-to-date: /home/kireiji/RoboticsDev_ws/install/lab1_interfaces/lib/liblab1_interfaces__rosidl_generator_c.so
[1.918s] -- Up-to-date: /home/kireiji/RoboticsDev_ws/install/lab1_interfaces/include/lab1_interfaces/lab1_interfaces
[1.918s] -- Up-to-date: /home/kireiji/RoboticsDev_ws/install/lab1_interfaces/include/lab1_interfaces/lab1_interfaces/msg
[1.918s] -- Up-to-date: /home/kireiji/RoboticsDev_ws/install/lab1_interfaces/include/lab1_interfaces/lab1_interfaces/msg/rosidl_typesupport_fastrtps_c__visibility_control.h
[1.918s] -- Up-to-date: /home/kireiji/RoboticsDev_ws/install/lab1_interfaces/include/lab1_interfaces/lab1_interfaces/srv
[1.919s] -- Up-to-date: /home/kireiji/RoboticsDev_ws/install/lab1_interfaces/include/lab1_interfaces/lab1_interfaces/srv/detail
[1.919s] -- Up-to-date: /home/kireiji/RoboticsDev_ws/install/lab1_interfaces/include/lab1_interfaces/lab1_interfaces/srv/detail/set_noise__rosidl_typesupport_fastrtps_c.h
[1.919s] -- Up-to-date: /home/kireiji/RoboticsDev_ws/install/lab1_interfaces/lib/liblab1_interfaces__rosidl_typesupport_fastrtps_c.so
[1.919s] -- Up-to-date: /home/kireiji/RoboticsDev_ws/install/lab1_interfaces/include/lab1_interfaces/lab1_interfaces
[1.919s] -- Up-to-date: /home/kireiji/RoboticsDev_ws/install/lab1_interfaces/include/lab1_interfaces/lab1_interfaces/srv
[1.919s] -- Up-to-date: /home/kireiji/RoboticsDev_ws/install/lab1_interfaces/include/lab1_interfaces/lab1_interfaces/srv/set_noise.hpp
[1.919s] -- Up-to-date: /home/kireiji/RoboticsDev_ws/install/lab1_interfaces/include/lab1_interfaces/lab1_interfaces/srv/detail
[1.919s] -- Up-to-date: /home/kireiji/RoboticsDev_ws/install/lab1_interfaces/include/lab1_interfaces/lab1_interfaces/srv/detail/set_noise__traits.hpp
[1.919s] -- Up-to-date: /home/kireiji/RoboticsDev_ws/install/lab1_interfaces/include/lab1_interfaces/lab1_interfaces/srv/detail/set_noise__struct.hpp
[1.919s] -- Up-to-date: /home/kireiji/RoboticsDev_ws/install/lab1_interfaces/include/lab1_interfaces/lab1_interfaces/srv/detail/set_noise__builder.hpp
[1.919s] -- Up-to-date: /home/kireiji/RoboticsDev_ws/install/lab1_interfaces/include/lab1_interfaces/lab1_interfaces
[1.919s] -- Up-to-date: /home/kireiji/RoboticsDev_ws/install/lab1_interfaces/include/lab1_interfaces/lab1_interfaces/msg
[1.919s] -- Up-to-date: /home/kireiji/RoboticsDev_ws/install/lab1_interfaces/include/lab1_interfaces/lab1_interfaces/msg/rosidl_typesupport_fastrtps_cpp__visibility_control.h
[1.919s] -- Up-to-date: /home/kireiji/RoboticsDev_ws/install/lab1_interfaces/include/lab1_interfaces/lab1_interfaces/srv
[1.919s] -- Up-to-date: /home/kireiji/RoboticsDev_ws/install/lab1_interfaces/include/lab1_interfaces/lab1_interfaces/srv/detail
[1.920s] -- Up-to-date: /home/kireiji/RoboticsDev_ws/install/lab1_interfaces/include/lab1_interfaces/lab1_interfaces/srv/detail/dds_fastrtps
[1.920s] -- Up-to-date: /home/kireiji/RoboticsDev_ws/install/lab1_interfaces/include/lab1_interfaces/lab1_interfaces/srv/detail/set_noise__rosidl_typesupport_fastrtps_cpp.hpp
[1.920s] -- Up-to-date: /home/kireiji/RoboticsDev_ws/install/lab1_interfaces/lib/liblab1_interfaces__rosidl_typesupport_fastrtps_cpp.so
[1.922s] -- Up-to-date: /home/kireiji/RoboticsDev_ws/install/lab1_interfaces/include/lab1_interfaces/lab1_interfaces
[1.922s] -- Up-to-date: /home/kireiji/RoboticsDev_ws/install/lab1_interfaces/include/lab1_interfaces/lab1_interfaces/msg
[1.922s] -- Up-to-date: /home/kireiji/RoboticsDev_ws/install/lab1_interfaces/include/lab1_interfaces/lab1_interfaces/msg/rosidl_typesupport_introspection_c__visibility_control.h
[1.922s] -- Up-to-date: /home/kireiji/RoboticsDev_ws/install/lab1_interfaces/include/lab1_interfaces/lab1_interfaces/srv
[1.922s] -- Up-to-date: /home/kireiji/RoboticsDev_ws/install/lab1_interfaces/include/lab1_interfaces/lab1_interfaces/srv/detail
[1.922s] -- Up-to-date: /home/kireiji/RoboticsDev_ws/install/lab1_interfaces/include/lab1_interfaces/lab1_interfaces/srv/detail/set_noise__type_support.c
[1.922s] -- Up-to-date: /home/kireiji/RoboticsDev_ws/install/lab1_interfaces/include/lab1_interfaces/lab1_interfaces/srv/detail/set_noise__rosidl_typesupport_introspection_c.h
[1.922s] -- Up-to-date: /home/kireiji/RoboticsDev_ws/install/lab1_interfaces/lib/liblab1_interfaces__rosidl_typesupport_introspection_c.so
[1.922s] -- Up-to-date: /home/kireiji/RoboticsDev_ws/install/lab1_interfaces/lib/liblab1_interfaces__rosidl_typesupport_c.so
[1.922s] -- Up-to-date: /home/kireiji/RoboticsDev_ws/install/lab1_interfaces/include/lab1_interfaces/lab1_interfaces
[1.922s] -- Up-to-date: /home/kireiji/RoboticsDev_ws/install/lab1_interfaces/include/lab1_interfaces/lab1_interfaces/srv
[1.922s] -- Up-to-date: /home/kireiji/RoboticsDev_ws/install/lab1_interfaces/include/lab1_interfaces/lab1_interfaces/srv/detail
[1.923s] -- Up-to-date: /home/kireiji/RoboticsDev_ws/install/lab1_interfaces/include/lab1_interfaces/lab1_interfaces/srv/detail/set_noise__type_support.cpp
[1.923s] -- Up-to-date: /home/kireiji/RoboticsDev_ws/install/lab1_interfaces/include/lab1_interfaces/lab1_interfaces/srv/detail/set_noise__rosidl_typesupport_introspection_cpp.hpp
[1.923s] -- Up-to-date: /home/kireiji/RoboticsDev_ws/install/lab1_interfaces/lib/liblab1_interfaces__rosidl_typesupport_introspection_cpp.so
[1.923s] -- Up-to-date: /home/kireiji/RoboticsDev_ws/install/lab1_interfaces/lib/liblab1_interfaces__rosidl_typesupport_cpp.so
[1.923s] -- Up-to-date: /home/kireiji/RoboticsDev_ws/install/lab1_interfaces/share/lab1_interfaces/environment/pythonpath.sh
[1.924s] -- Up-to-date: /home/kireiji/RoboticsDev_ws/install/lab1_interfaces/share/lab1_interfaces/environment/pythonpath.dsv
[1.924s] -- Up-to-date: /home/kireiji/RoboticsDev_ws/install/lab1_interfaces/lib/python3.10/site-packages/lab1_interfaces-0.0.0-py3.10.egg-info
[1.924s] -- Installing: /home/kireiji/RoboticsDev_ws/install/lab1_interfaces/lib/python3.10/site-packages/lab1_interfaces-0.0.0-py3.10.egg-info/PKG-INFO
[1.924s] -- Installing: /home/kireiji/RoboticsDev_ws/install/lab1_interfaces/lib/python3.10/site-packages/lab1_interfaces-0.0.0-py3.10.egg-info/dependency_links.txt
[1.925s] -- Installing: /home/kireiji/RoboticsDev_ws/install/lab1_interfaces/lib/python3.10/site-packages/lab1_interfaces-0.0.0-py3.10.egg-info/top_level.txt
[1.925s] -- Installing: /home/kireiji/RoboticsDev_ws/install/lab1_interfaces/lib/python3.10/site-packages/lab1_interfaces-0.0.0-py3.10.egg-info/SOURCES.txt
[1.926s] -- Up-to-date: /home/kireiji/RoboticsDev_ws/install/lab1_interfaces/lib/python3.10/site-packages/lab1_interfaces
[1.926s] -- Up-to-date: /home/kireiji/RoboticsDev_ws/install/lab1_interfaces/lib/python3.10/site-packages/lab1_interfaces/_lab1_interfaces_s.ep.rosidl_typesupport_introspection_c.c
[1.926s] -- Up-to-date: /home/kireiji/RoboticsDev_ws/install/lab1_interfaces/lib/python3.10/site-packages/lab1_interfaces/__init__.py
[1.926s] -- Up-to-date: /home/kireiji/RoboticsDev_ws/install/lab1_interfaces/lib/python3.10/site-packages/lab1_interfaces/_lab1_interfaces_s.ep.rosidl_typesupport_fastrtps_c.c
[1.927s] -- Up-to-date: /home/kireiji/RoboticsDev_ws/install/lab1_interfaces/lib/python3.10/site-packages/lab1_interfaces/lab1_interfaces_s__rosidl_typesupport_c.cpython-310-x86_64-linux-gnu.so
[1.927s] -- Up-to-date: /home/kireiji/RoboticsDev_ws/install/lab1_interfaces/lib/python3.10/site-packages/lab1_interfaces/liblab1_interfaces__rosidl_generator_py.so
[1.927s] -- Up-to-date: /home/kireiji/RoboticsDev_ws/install/lab1_interfaces/lib/python3.10/site-packages/lab1_interfaces/srv
[1.927s] -- Up-to-date: /home/kireiji/RoboticsDev_ws/install/lab1_interfaces/lib/python3.10/site-packages/lab1_interfaces/srv/__init__.py
[1.927s] -- Up-to-date: /home/kireiji/RoboticsDev_ws/install/lab1_interfaces/lib/python3.10/site-packages/lab1_interfaces/srv/_set_noise.py
[1.927s] -- Up-to-date: /home/kireiji/RoboticsDev_ws/install/lab1_interfaces/lib/python3.10/site-packages/lab1_interfaces/srv/_set_noise_s.c
[1.927s] -- Up-to-date: /home/kireiji/RoboticsDev_ws/install/lab1_interfaces/lib/python3.10/site-packages/lab1_interfaces/_lab1_interfaces_s.ep.rosidl_typesupport_c.c
[1.927s] -- Up-to-date: /home/kireiji/RoboticsDev_ws/install/lab1_interfaces/lib/python3.10/site-packages/lab1_interfaces/lab1_interfaces_s__rosidl_typesupport_introspection_c.cpython-310-x86_64-linux-gnu.so
[1.928s] -- Up-to-date: /home/kireiji/RoboticsDev_ws/install/lab1_interfaces/lib/python3.10/site-packages/lab1_interfaces/lab1_interfaces_s__rosidl_typesupport_fastrtps_c.cpython-310-x86_64-linux-gnu.so
[1.994s] Listing '/home/kireiji/RoboticsDev_ws/install/lab1_interfaces/lib/python3.10/site-packages/lab1_interfaces'...
[1.994s] Listing '/home/kireiji/RoboticsDev_ws/install/lab1_interfaces/lib/python3.10/site-packages/lab1_interfaces/srv'...
[2.001s] -- Up-to-date: /home/kireiji/RoboticsDev_ws/install/lab1_interfaces/lib/python3.10/site-packages/lab1_interfaces/lab1_interfaces_s__rosidl_typesupport_fastrtps_c.cpython-310-x86_64-linux-gnu.so
[2.001s] -- Up-to-date: /home/kireiji/RoboticsDev_ws/install/lab1_interfaces/lib/python3.10/site-packages/lab1_interfaces/lab1_interfaces_s__rosidl_typesupport_introspection_c.cpython-310-x86_64-linux-gnu.so
[2.002s] -- Up-to-date: /home/kireiji/RoboticsDev_ws/install/lab1_interfaces/lib/python3.10/site-packages/lab1_interfaces/lab1_interfaces_s__rosidl_typesupport_c.cpython-310-x86_64-linux-gnu.so
[2.002s] -- Up-to-date: /home/kireiji/RoboticsDev_ws/install/lab1_interfaces/lib/liblab1_interfaces__rosidl_generator_py.so
[2.002s] -- Up-to-date: /home/kireiji/RoboticsDev_ws/install/lab1_interfaces/share/lab1_interfaces/srv/SetNoise.idl
[2.002s] -- Up-to-date: /home/kireiji/RoboticsDev_ws/install/lab1_interfaces/share/lab1_interfaces/srv/SetNoise.srv
[2.002s] -- Up-to-date: /home/kireiji/RoboticsDev_ws/install/lab1_interfaces/share/lab1_interfaces/srv/SetNoise_Request.msg
[2.002s] -- Up-to-date: /home/kireiji/RoboticsDev_ws/install/lab1_interfaces/share/lab1_interfaces/srv/SetNoise_Response.msg
[2.002s] -- Up-to-date: /home/kireiji/RoboticsDev_ws/install/lab1_interfaces/share/ament_index/resource_index/package_run_dependencies/lab1_interfaces
[2.003s] -- Up-to-date: /home/kireiji/RoboticsDev_ws/install/lab1_interfaces/share/ament_index/resource_index/parent_prefix_path/lab1_interfaces
[2.003s] -- Up-to-date: /home/kireiji/RoboticsDev_ws/install/lab1_interfaces/share/lab1_interfaces/environment/ament_prefix_path.sh
[2.003s] -- Up-to-date: /home/kireiji/RoboticsDev_ws/install/lab1_interfaces/share/lab1_interfaces/environment/ament_prefix_path.dsv
[2.003s] -- Up-to-date: /home/kireiji/RoboticsDev_ws/install/lab1_interfaces/share/lab1_interfaces/environment/path.sh
[2.003s] -- Up-to-date: /home/kireiji/RoboticsDev_ws/install/lab1_interfaces/share/lab1_interfaces/environment/path.dsv
[2.003s] -- Up-to-date: /home/kireiji/RoboticsDev_ws/install/lab1_interfaces/share/lab1_interfaces/local_setup.bash
[2.003s] -- Up-to-date: /home/kireiji/RoboticsDev_ws/install/lab1_interfaces/share/lab1_interfaces/local_setup.sh
[2.003s] -- Up-to-date: /home/kireiji/RoboticsDev_ws/install/lab1_interfaces/share/lab1_interfaces/local_setup.zsh
[2.013s] -- Up-to-date: /home/kireiji/RoboticsDev_ws/install/lab1_interfaces/share/lab1_interfaces/local_setup.dsv
[2.013s] -- Installing: /home/kireiji/RoboticsDev_ws/install/lab1_interfaces/share/lab1_interfaces/package.dsv
[2.014s] -- Up-to-date: /home/kireiji/RoboticsDev_ws/install/lab1_interfaces/share/ament_index/resource_index/packages/lab1_interfaces
[2.014s] -- Up-to-date: /home/kireiji/RoboticsDev_ws/install/lab1_interfaces/share/lab1_interfaces/cmake/export_lab1_interfaces__rosidl_generator_cExport.cmake
[2.014s] -- Up-to-date: /home/kireiji/RoboticsDev_ws/install/lab1_interfaces/share/lab1_interfaces/cmake/export_lab1_interfaces__rosidl_generator_cExport-noconfig.cmake
[2.014s] -- Up-to-date: /home/kireiji/RoboticsDev_ws/install/lab1_interfaces/share/lab1_interfaces/cmake/export_lab1_interfaces__rosidl_typesupport_fastrtps_cExport.cmake
[2.014s] -- Up-to-date: /home/kireiji/RoboticsDev_ws/install/lab1_interfaces/share/lab1_interfaces/cmake/export_lab1_interfaces__rosidl_typesupport_fastrtps_cExport-noconfig.cmake
[2.014s] -- Up-to-date: /home/kireiji/RoboticsDev_ws/install/lab1_interfaces/share/lab1_interfaces/cmake/export_lab1_interfaces__rosidl_generator_cppExport.cmake
[2.014s] -- Up-to-date: /home/kireiji/RoboticsDev_ws/install/lab1_interfaces/share/lab1_interfaces/cmake/export_lab1_interfaces__rosidl_typesupport_fastrtps_cppExport.cmake
[2.014s] -- Up-to-date: /home/kireiji/RoboticsDev_ws/install/lab1_interfaces/share/lab1_interfaces/cmake/export_lab1_interfaces__rosidl_typesupport_fastrtps_cppExport-noconfig.cmake
[2.014s] -- Up-to-date: /home/kireiji/RoboticsDev_ws/install/lab1_interfaces/share/lab1_interfaces/cmake/lab1_interfaces__rosidl_typesupport_introspection_cExport.cmake
[2.014s] -- Up-to-date: /home/kireiji/RoboticsDev_ws/install/lab1_interfaces/share/lab1_interfaces/cmake/lab1_interfaces__rosidl_typesupport_introspection_cExport-noconfig.cmake
[2.014s] -- Up-to-date: /home/kireiji/RoboticsDev_ws/install/lab1_interfaces/share/lab1_interfaces/cmake/lab1_interfaces__rosidl_typesupport_cExport.cmake
[2.019s] -- Up-to-date: /home/kireiji/RoboticsDev_ws/install/lab1_interfaces/share/lab1_interfaces/cmake/lab1_interfaces__rosidl_typesupport_cExport-noconfig.cmake
[2.019s] -- Up-to-date: /home/kireiji/RoboticsDev_ws/install/lab1_interfaces/share/lab1_interfaces/cmake/lab1_interfaces__rosidl_typesupport_introspection_cppExport.cmake
[2.019s] -- Up-to-date: /home/kireiji/RoboticsDev_ws/install/lab1_interfaces/share/lab1_interfaces/cmake/lab1_interfaces__rosidl_typesupport_introspection_cppExport-noconfig.cmake
[2.019s] -- Up-to-date: /home/kireiji/RoboticsDev_ws/install/lab1_interfaces/share/lab1_interfaces/cmake/lab1_interfaces__rosidl_typesupport_cppExport.cmake
[2.019s] -- Up-to-date: /home/kireiji/RoboticsDev_ws/install/lab1_interfaces/share/lab1_interfaces/cmake/lab1_interfaces__rosidl_typesupport_cppExport-noconfig.cmake
[2.020s] -- Up-to-date: /home/kireiji/RoboticsDev_ws/install/lab1_interfaces/share/lab1_interfaces/cmake/export_lab1_interfaces__rosidl_generator_pyExport.cmake
[2.020s] -- Up-to-date: /home/kireiji/RoboticsDev_ws/install/lab1_interfaces/share/lab1_interfaces/cmake/export_lab1_interfaces__rosidl_generator_pyExport-noconfig.cmake
[2.020s] -- Up-to-date: /home/kireiji/RoboticsDev_ws/install/lab1_interfaces/share/lab1_interfaces/cmake/rosidl_cmake-extras.cmake
[2.020s] -- Up-to-date: /home/kireiji/RoboticsDev_ws/install/lab1_interfaces/share/lab1_interfaces/cmake/ament_cmake_export_dependencies-extras.cmake
[2.020s] -- Up-to-date: /home/kireiji/RoboticsDev_ws/install/lab1_interfaces/share/lab1_interfaces/cmake/ament_cmake_export_include_directories-extras.cmake
[2.020s] -- Up-to-date: /home/kireiji/RoboticsDev_ws/install/lab1_interfaces/share/lab1_interfaces/cmake/ament_cmake_export_libraries-extras.cmake
[2.020s] -- Up-to-date: /home/kireiji/RoboticsDev_ws/install/lab1_interfaces/share/lab1_interfaces/cmake/ament_cmake_export_targets-extras.cmake
[2.020s] -- Up-to-date: /home/kireiji/RoboticsDev_ws/install/lab1_interfaces/share/lab1_interfaces/cmake/rosidl_cmake_export_typesupport_targets-extras.cmake
[2.020s] -- Up-to-date: /home/kireiji/RoboticsDev_ws/install/lab1_interfaces/share/lab1_interfaces/cmake/rosidl_cmake_export_typesupport_libraries-extras.cmake
[2.020s] -- Up-to-date: /home/kireiji/RoboticsDev_ws/install/lab1_interfaces/share/lab1_interfaces/cmake/lab1_interfacesConfig.cmake
[2.020s] -- Up-to-date: /home/kireiji/RoboticsDev_ws/install/lab1_interfaces/share/lab1_interfaces/cmake/lab1_interfacesConfig-version.cmake
[2.020s] -- Up-to-date: /home/kireiji/RoboticsDev_ws/install/lab1_interfaces/share/lab1_interfaces/package.xml
[2.045s] Invoked command in '/home/kireiji/RoboticsDev_ws/build/lab1_interfaces' returned '0': CMAKE_PREFIX_PATH=${CMAKE_PREFIX_PATH}:/home/kireiji/RoboticsDev_ws/install/launch_testing_examples:/home/kireiji/RoboticsDev_ws/install/examples_rclpy_pointcloud_publisher:/home/kireiji/RoboticsDev_ws/install/examples_rclpy_minimal_subscriber:/home/kireiji/RoboticsDev_ws/install/examples_rclpy_minimal_service:/home/kireiji/RoboticsDev_ws/install/examples_rclpy_minimal_publisher:/home/kireiji/RoboticsDev_ws/install/examples_rclpy_minimal_client:/home/kireiji/RoboticsDev_ws/install/examples_rclpy_minimal_action_server:/home/kireiji/RoboticsDev_ws/install/examples_rclpy_minimal_action_client:/home/kireiji/RoboticsDev_ws/install/examples_rclpy_guard_conditions:/home/kireiji/RoboticsDev_ws/install/examples_rclpy_executors:/home/kireiji/ros2_ws/install/my_py_pkg:/opt/ros/humble /usr/bin/cmake --install /home/kireiji/RoboticsDev_ws/build/lab1_interfaces
