[  1%] [34m[1mGenerating C code for ROS interfaces[0m
[  3%] [34m[1mGenerating C++ code for ROS interfaces[0m
[  3%] Built target ament_cmake_python_copy_turtlesim_plus_interfaces
running egg_info
writing manifest file 'turtlesim_plus_interfaces.egg-info/SOURCES.txt'
[  3%] Built target ament_cmake_python_build_turtlesim_plus_interfaces_egg
[  3%] Built target turtlesim_plus_interfaces__cpp
[  5%] [34m[1mGenerating C++ introspection for ROS interfaces[0m
[  7%] [34m[1mGenerating C++ type support for eProsima Fast-RTPS[0m
[  9%] [34m[1mGenerating C++ type support dispatch for ROS interfaces[0m
[ 14%] [32mBuilding C object CMakeFiles/turtlesim_plus_interfaces__rosidl_generator_c.dir/rosidl_generator_c/turtlesim_plus_interfaces/srv/detail/give_position__functions.c.o[0m
[ 14%] [32mBuilding C object CMakeFiles/turtlesim_plus_interfaces__rosidl_generator_c.dir/rosidl_generator_c/turtlesim_plus_interfaces/action/detail/get_data__functions.c.o[0m
[ 16%] [32mBuilding C object CMakeFiles/turtlesim_plus_interfaces__rosidl_generator_c.dir/rosidl_generator_c/turtlesim_plus_interfaces/msg/detail/scanner_data_array__functions.c.o[0m
[ 16%] [32mBuilding C object CMakeFiles/turtlesim_plus_interfaces__rosidl_generator_c.dir/rosidl_generator_c/turtlesim_plus_interfaces/msg/detail/scanner_data__functions.c.o[0m
[ 18%] [32m[1mLinking C shared library libturtlesim_plus_interfaces__rosidl_generator_c.so[0m
[ 18%] Built target turtlesim_plus_interfaces__rosidl_generator_c
[ 23%] [34m[1mGenerating C introspection for ROS interfaces[0m
[ 23%] [34m[1mGenerating C type support dispatch for ROS interfaces[0m
[ 23%] [34m[1mGenerating C type support for eProsima Fast-RTPS[0m
[ 25%] [32mBuilding CXX object CMakeFiles/turtlesim_plus_interfaces__rosidl_typesupport_cpp.dir/rosidl_typesupport_cpp/turtlesim_plus_interfaces/msg/scanner_data__type_support.cpp.o[0m
[ 27%] [32mBuilding CXX object CMakeFiles/turtlesim_plus_interfaces__rosidl_typesupport_cpp.dir/rosidl_typesupport_cpp/turtlesim_plus_interfaces/srv/give_position__type_support.cpp.o[0m
[ 29%] [32mBuilding CXX object CMakeFiles/turtlesim_plus_interfaces__rosidl_typesupport_cpp.dir/rosidl_typesupport_cpp/turtlesim_plus_interfaces/action/get_data__type_support.cpp.o[0m
[ 30%] [32mBuilding CXX object CMakeFiles/turtlesim_plus_interfaces__rosidl_typesupport_cpp.dir/rosidl_typesupport_cpp/turtlesim_plus_interfaces/msg/scanner_data_array__type_support.cpp.o[0m
[ 32%] [32mBuilding CXX object CMakeFiles/turtlesim_plus_interfaces__rosidl_typesupport_introspection_cpp.dir/rosidl_typesupport_introspection_cpp/turtlesim_plus_interfaces/msg/detail/scanner_data__type_support.cpp.o[0m
[ 34%] [32mBuilding CXX object CMakeFiles/turtlesim_plus_interfaces__rosidl_typesupport_introspection_cpp.dir/rosidl_typesupport_introspection_cpp/turtlesim_plus_interfaces/action/detail/get_data__type_support.cpp.o[0m
[ 38%] [32mBuilding CXX object CMakeFiles/turtlesim_plus_interfaces__rosidl_typesupport_introspection_cpp.dir/rosidl_typesupport_introspection_cpp/turtlesim_plus_interfaces/srv/detail/give_position__type_support.cpp.o[0m
[ 38%] [32mBuilding CXX object CMakeFiles/turtlesim_plus_interfaces__rosidl_typesupport_introspection_cpp.dir/rosidl_typesupport_introspection_cpp/turtlesim_plus_interfaces/msg/detail/scanner_data_array__type_support.cpp.o[0m
[ 40%] [32mBuilding CXX object CMakeFiles/turtlesim_plus_interfaces__rosidl_typesupport_c.dir/rosidl_typesupport_c/turtlesim_plus_interfaces/msg/scanner_data__type_support.cpp.o[0m
[ 41%] [32mBuilding CXX object CMakeFiles/turtlesim_plus_interfaces__rosidl_typesupport_c.dir/rosidl_typesupport_c/turtlesim_plus_interfaces/srv/give_position__type_support.cpp.o[0m
[ 43%] [32mBuilding CXX object CMakeFiles/turtlesim_plus_interfaces__rosidl_typesupport_c.dir/rosidl_typesupport_c/turtlesim_plus_interfaces/msg/scanner_data_array__type_support.cpp.o[0m
[ 45%] [32mBuilding CXX object CMakeFiles/turtlesim_plus_interfaces__rosidl_typesupport_c.dir/rosidl_typesupport_c/turtlesim_plus_interfaces/action/get_data__type_support.cpp.o[0m
[ 49%] [32mBuilding CXX object CMakeFiles/turtlesim_plus_interfaces__rosidl_typesupport_fastrtps_cpp.dir/rosidl_typesupport_fastrtps_cpp/turtlesim_plus_interfaces/msg/detail/dds_fastrtps/scanner_data_array__type_support.cpp.o[0m
[ 49%] [32mBuilding CXX object CMakeFiles/turtlesim_plus_interfaces__rosidl_typesupport_fastrtps_cpp.dir/rosidl_typesupport_fastrtps_cpp/turtlesim_plus_interfaces/msg/detail/dds_fastrtps/scanner_data__type_support.cpp.o[0m
[ 50%] [32mBuilding CXX object CMakeFiles/turtlesim_plus_interfaces__rosidl_typesupport_fastrtps_cpp.dir/rosidl_typesupport_fastrtps_cpp/turtlesim_plus_interfaces/action/detail/dds_fastrtps/get_data__type_support.cpp.o[0m
[ 52%] [32mBuilding CXX object CMakeFiles/turtlesim_plus_interfaces__rosidl_typesupport_fastrtps_cpp.dir/rosidl_typesupport_fastrtps_cpp/turtlesim_plus_interfaces/srv/detail/dds_fastrtps/give_position__type_support.cpp.o[0m
[ 54%] [32m[1mLinking CXX shared library libturtlesim_plus_interfaces__rosidl_typesupport_c.so[0m
[ 54%] Built target turtlesim_plus_interfaces__rosidl_typesupport_c
[ 58%] [32mBuilding C object CMakeFiles/turtlesim_plus_interfaces__rosidl_typesupport_introspection_c.dir/rosidl_typesupport_introspection_c/turtlesim_plus_interfaces/srv/detail/give_position__type_support.c.o[0m
[ 58%] [32mBuilding C object CMakeFiles/turtlesim_plus_interfaces__rosidl_typesupport_introspection_c.dir/rosidl_typesupport_introspection_c/turtlesim_plus_interfaces/msg/detail/scanner_data_array__type_support.c.o[0m
[ 60%] [32mBuilding C object CMakeFiles/turtlesim_plus_interfaces__rosidl_typesupport_introspection_c.dir/rosidl_typesupport_introspection_c/turtlesim_plus_interfaces/msg/detail/scanner_data__type_support.c.o[0m
[ 61%] [32mBuilding C object CMakeFiles/turtlesim_plus_interfaces__rosidl_typesupport_introspection_c.dir/rosidl_typesupport_introspection_c/turtlesim_plus_interfaces/action/detail/get_data__type_support.c.o[0m
[ 63%] [32mBuilding CXX object CMakeFiles/turtlesim_plus_interfaces__rosidl_typesupport_fastrtps_c.dir/rosidl_typesupport_fastrtps_c/turtlesim_plus_interfaces/msg/detail/scanner_data__type_support_c.cpp.o[0m
[ 65%] [32mBuilding CXX object CMakeFiles/turtlesim_plus_interfaces__rosidl_typesupport_fastrtps_c.dir/rosidl_typesupport_fastrtps_c/turtlesim_plus_interfaces/msg/detail/scanner_data_array__type_support_c.cpp.o[0m
[ 67%] [32mBuilding CXX object CMakeFiles/turtlesim_plus_interfaces__rosidl_typesupport_fastrtps_c.dir/rosidl_typesupport_fastrtps_c/turtlesim_plus_interfaces/srv/detail/give_position__type_support_c.cpp.o[0m
[ 69%] [32mBuilding CXX object CMakeFiles/turtlesim_plus_interfaces__rosidl_typesupport_fastrtps_c.dir/rosidl_typesupport_fastrtps_c/turtlesim_plus_interfaces/action/detail/get_data__type_support_c.cpp.o[0m
[ 70%] [32m[1mLinking CXX shared library libturtlesim_plus_interfaces__rosidl_typesupport_cpp.so[0m
[ 72%] [32m[1mLinking C shared library libturtlesim_plus_interfaces__rosidl_typesupport_introspection_c.so[0m
[ 72%] Built target turtlesim_plus_interfaces__rosidl_typesupport_cpp
[ 72%] Built target turtlesim_plus_interfaces__rosidl_typesupport_introspection_c
[ 74%] [32m[1mLinking CXX shared library libturtlesim_plus_interfaces__rosidl_typesupport_introspection_cpp.so[0m
[ 76%] [32m[1mLinking CXX shared library libturtlesim_plus_interfaces__rosidl_typesupport_fastrtps_cpp.so[0m
[ 76%] Built target turtlesim_plus_interfaces__rosidl_typesupport_introspection_cpp
[ 78%] [32m[1mLinking CXX shared library libturtlesim_plus_interfaces__rosidl_typesupport_fastrtps_c.so[0m
[ 78%] Built target turtlesim_plus_interfaces__rosidl_typesupport_fastrtps_cpp
[ 78%] Built target turtlesim_plus_interfaces__rosidl_typesupport_fastrtps_c
[ 78%] Built target turtlesim_plus_interfaces
[ 80%] [34m[1mGenerating Python code for ROS interfaces[0m
[ 80%] Built target turtlesim_plus_interfaces__py
[ 81%] [32mBuilding C object CMakeFiles/turtlesim_plus_interfaces__rosidl_generator_py.dir/rosidl_generator_py/turtlesim_plus_interfaces/msg/_scanner_data_s.c.o[0m
[ 83%] [32mBuilding C object CMakeFiles/turtlesim_plus_interfaces__rosidl_generator_py.dir/rosidl_generator_py/turtlesim_plus_interfaces/msg/_scanner_data_array_s.c.o[0m
[ 87%] [32mBuilding C object CMakeFiles/turtlesim_plus_interfaces__rosidl_generator_py.dir/rosidl_generator_py/turtlesim_plus_interfaces/srv/_give_position_s.c.o[0m
[ 87%] [32mBuilding C object CMakeFiles/turtlesim_plus_interfaces__rosidl_generator_py.dir/rosidl_generator_py/turtlesim_plus_interfaces/action/_get_data_s.c.o[0m
[ 89%] [32m[1mLinking C shared library rosidl_generator_py/turtlesim_plus_interfaces/libturtlesim_plus_interfaces__rosidl_generator_py.so[0m
[ 89%] Built target turtlesim_plus_interfaces__rosidl_generator_py
[ 90%] [32mBuilding C object CMakeFiles/turtlesim_plus_interfaces__rosidl_typesupport_fastrtps_c__pyext.dir/rosidl_generator_py/turtlesim_plus_interfaces/_turtlesim_plus_interfaces_s.ep.rosidl_typesupport_fastrtps_c.c.o[0m
[ 92%] [32mBuilding C object CMakeFiles/turtlesim_plus_interfaces__rosidl_typesupport_introspection_c__pyext.dir/rosidl_generator_py/turtlesim_plus_interfaces/_turtlesim_plus_interfaces_s.ep.rosidl_typesupport_introspection_c.c.o[0m
[ 94%] [32mBuilding C object CMakeFiles/turtlesim_plus_interfaces__rosidl_typesupport_c__pyext.dir/rosidl_generator_py/turtlesim_plus_interfaces/_turtlesim_plus_interfaces_s.ep.rosidl_typesupport_c.c.o[0m
[100%] [32m[1mLinking C shared library rosidl_generator_py/turtlesim_plus_interfaces/turtlesim_plus_interfaces_s__rosidl_typesupport_c.cpython-310-x86_64-linux-gnu.so[0m
[100%] [32m[1mLinking C shared library rosidl_generator_py/turtlesim_plus_interfaces/turtlesim_plus_interfaces_s__rosidl_typesupport_fastrtps_c.cpython-310-x86_64-linux-gnu.so[0m
[100%] [32m[1mLinking C shared library rosidl_generator_py/turtlesim_plus_interfaces/turtlesim_plus_interfaces_s__rosidl_typesupport_introspection_c.cpython-310-x86_64-linux-gnu.so[0m
[100%] Built target turtlesim_plus_interfaces__rosidl_typesupport_c__pyext
[100%] Built target turtlesim_plus_interfaces__rosidl_typesupport_introspection_c__pyext
[100%] Built target turtlesim_plus_interfaces__rosidl_typesupport_fastrtps_c__pyext
-- Install configuration: ""
-- Installing: /home/kireiji/RoboticsDev_ws/install/turtlesim_plus_interfaces/share/ament_index/resource_index/rosidl_interfaces/turtlesim_plus_interfaces
-- Installing: /home/kireiji/RoboticsDev_ws/install/turtlesim_plus_interfaces/include/turtlesim_plus_interfaces/turtlesim_plus_interfaces
-- Installing: /home/kireiji/RoboticsDev_ws/install/turtlesim_plus_interfaces/include/turtlesim_plus_interfaces/turtlesim_plus_interfaces/msg
-- Installing: /home/kireiji/RoboticsDev_ws/install/turtlesim_plus_interfaces/include/turtlesim_plus_interfaces/turtlesim_plus_interfaces/msg/rosidl_generator_c__visibility_control.h
-- Installing: /home/kireiji/RoboticsDev_ws/install/turtlesim_plus_interfaces/include/turtlesim_plus_interfaces/turtlesim_plus_interfaces/msg/scanner_data.h
-- Installing: /home/kireiji/RoboticsDev_ws/install/turtlesim_plus_interfaces/include/turtlesim_plus_interfaces/turtlesim_plus_interfaces/msg/scanner_data_array.h
-- Installing: /home/kireiji/RoboticsDev_ws/install/turtlesim_plus_interfaces/include/turtlesim_plus_interfaces/turtlesim_plus_interfaces/msg/detail
-- Installing: /home/kireiji/RoboticsDev_ws/install/turtlesim_plus_interfaces/include/turtlesim_plus_interfaces/turtlesim_plus_interfaces/msg/detail/scanner_data_array__functions.h
-- Installing: /home/kireiji/RoboticsDev_ws/install/turtlesim_plus_interfaces/include/turtlesim_plus_interfaces/turtlesim_plus_interfaces/msg/detail/scanner_data_array__struct.h
-- Installing: /home/kireiji/RoboticsDev_ws/install/turtlesim_plus_interfaces/include/turtlesim_plus_interfaces/turtlesim_plus_interfaces/msg/detail/scanner_data__functions.h
-- Installing: /home/kireiji/RoboticsDev_ws/install/turtlesim_plus_interfaces/include/turtlesim_plus_interfaces/turtlesim_plus_interfaces/msg/detail/scanner_data__struct.h
-- Installing: /home/kireiji/RoboticsDev_ws/install/turtlesim_plus_interfaces/include/turtlesim_plus_interfaces/turtlesim_plus_interfaces/msg/detail/scanner_data_array__type_support.h
-- Installing: /home/kireiji/RoboticsDev_ws/install/turtlesim_plus_interfaces/include/turtlesim_plus_interfaces/turtlesim_plus_interfaces/msg/detail/scanner_data_array__functions.c
-- Installing: /home/kireiji/RoboticsDev_ws/install/turtlesim_plus_interfaces/include/turtlesim_plus_interfaces/turtlesim_plus_interfaces/msg/detail/scanner_data__functions.c
-- Installing: /home/kireiji/RoboticsDev_ws/install/turtlesim_plus_interfaces/include/turtlesim_plus_interfaces/turtlesim_plus_interfaces/msg/detail/scanner_data__type_support.h
-- Installing: /home/kireiji/RoboticsDev_ws/install/turtlesim_plus_interfaces/include/turtlesim_plus_interfaces/turtlesim_plus_interfaces/srv
-- Installing: /home/kireiji/RoboticsDev_ws/install/turtlesim_plus_interfaces/include/turtlesim_plus_interfaces/turtlesim_plus_interfaces/srv/give_position.h
-- Installing: /home/kireiji/RoboticsDev_ws/install/turtlesim_plus_interfaces/include/turtlesim_plus_interfaces/turtlesim_plus_interfaces/srv/detail
-- Installing: /home/kireiji/RoboticsDev_ws/install/turtlesim_plus_interfaces/include/turtlesim_plus_interfaces/turtlesim_plus_interfaces/srv/detail/give_position__functions.c
-- Installing: /home/kireiji/RoboticsDev_ws/install/turtlesim_plus_interfaces/include/turtlesim_plus_interfaces/turtlesim_plus_interfaces/srv/detail/give_position__type_support.h
-- Installing: /home/kireiji/RoboticsDev_ws/install/turtlesim_plus_interfaces/include/turtlesim_plus_interfaces/turtlesim_plus_interfaces/srv/detail/give_position__struct.h
-- Installing: /home/kireiji/RoboticsDev_ws/install/turtlesim_plus_interfaces/include/turtlesim_plus_interfaces/turtlesim_plus_interfaces/srv/detail/give_position__functions.h
-- Installing: /home/kireiji/RoboticsDev_ws/install/turtlesim_plus_interfaces/include/turtlesim_plus_interfaces/turtlesim_plus_interfaces/action
-- Installing: /home/kireiji/RoboticsDev_ws/install/turtlesim_plus_interfaces/include/turtlesim_plus_interfaces/turtlesim_plus_interfaces/action/get_data.h
-- Installing: /home/kireiji/RoboticsDev_ws/install/turtlesim_plus_interfaces/include/turtlesim_plus_interfaces/turtlesim_plus_interfaces/action/detail
-- Installing: /home/kireiji/RoboticsDev_ws/install/turtlesim_plus_interfaces/include/turtlesim_plus_interfaces/turtlesim_plus_interfaces/action/detail/get_data__type_support.h
-- Installing: /home/kireiji/RoboticsDev_ws/install/turtlesim_plus_interfaces/include/turtlesim_plus_interfaces/turtlesim_plus_interfaces/action/detail/get_data__functions.c
-- Installing: /home/kireiji/RoboticsDev_ws/install/turtlesim_plus_interfaces/include/turtlesim_plus_interfaces/turtlesim_plus_interfaces/action/detail/get_data__functions.h
-- Installing: /home/kireiji/RoboticsDev_ws/install/turtlesim_plus_interfaces/include/turtlesim_plus_interfaces/turtlesim_plus_interfaces/action/detail/get_data__struct.h
-- Installing: /home/kireiji/RoboticsDev_ws/install/turtlesim_plus_interfaces/share/turtlesim_plus_interfaces/environment/library_path.sh
-- Installing: /home/kireiji/RoboticsDev_ws/install/turtlesim_plus_interfaces/share/turtlesim_plus_interfaces/environment/library_path.dsv
-- Installing: /home/kireiji/RoboticsDev_ws/install/turtlesim_plus_interfaces/lib/libturtlesim_plus_interfaces__rosidl_generator_c.so
-- Set runtime path of "/home/kireiji/RoboticsDev_ws/install/turtlesim_plus_interfaces/lib/libturtlesim_plus_interfaces__rosidl_generator_c.so" to ""
-- Up-to-date: /home/kireiji/RoboticsDev_ws/install/turtlesim_plus_interfaces/include/turtlesim_plus_interfaces/turtlesim_plus_interfaces
-- Up-to-date: /home/kireiji/RoboticsDev_ws/install/turtlesim_plus_interfaces/include/turtlesim_plus_interfaces/turtlesim_plus_interfaces/msg
-- Installing: /home/kireiji/RoboticsDev_ws/install/turtlesim_plus_interfaces/include/turtlesim_plus_interfaces/turtlesim_plus_interfaces/msg/rosidl_typesupport_fastrtps_c__visibility_control.h
-- Up-to-date: /home/kireiji/RoboticsDev_ws/install/turtlesim_plus_interfaces/include/turtlesim_plus_interfaces/turtlesim_plus_interfaces/msg/detail
-- Installing: /home/kireiji/RoboticsDev_ws/install/turtlesim_plus_interfaces/include/turtlesim_plus_interfaces/turtlesim_plus_interfaces/msg/detail/scanner_data_array__rosidl_typesupport_fastrtps_c.h
-- Installing: /home/kireiji/RoboticsDev_ws/install/turtlesim_plus_interfaces/include/turtlesim_plus_interfaces/turtlesim_plus_interfaces/msg/detail/scanner_data__rosidl_typesupport_fastrtps_c.h
-- Up-to-date: /home/kireiji/RoboticsDev_ws/install/turtlesim_plus_interfaces/include/turtlesim_plus_interfaces/turtlesim_plus_interfaces/srv
-- Up-to-date: /home/kireiji/RoboticsDev_ws/install/turtlesim_plus_interfaces/include/turtlesim_plus_interfaces/turtlesim_plus_interfaces/srv/detail
-- Installing: /home/kireiji/RoboticsDev_ws/install/turtlesim_plus_interfaces/include/turtlesim_plus_interfaces/turtlesim_plus_interfaces/srv/detail/give_position__rosidl_typesupport_fastrtps_c.h
-- Up-to-date: /home/kireiji/RoboticsDev_ws/install/turtlesim_plus_interfaces/include/turtlesim_plus_interfaces/turtlesim_plus_interfaces/action
-- Up-to-date: /home/kireiji/RoboticsDev_ws/install/turtlesim_plus_interfaces/include/turtlesim_plus_interfaces/turtlesim_plus_interfaces/action/detail
-- Installing: /home/kireiji/RoboticsDev_ws/install/turtlesim_plus_interfaces/include/turtlesim_plus_interfaces/turtlesim_plus_interfaces/action/detail/get_data__rosidl_typesupport_fastrtps_c.h
-- Installing: /home/kireiji/RoboticsDev_ws/install/turtlesim_plus_interfaces/lib/libturtlesim_plus_interfaces__rosidl_typesupport_fastrtps_c.so
-- Set runtime path of "/home/kireiji/RoboticsDev_ws/install/turtlesim_plus_interfaces/lib/libturtlesim_plus_interfaces__rosidl_typesupport_fastrtps_c.so" to ""
-- Up-to-date: /home/kireiji/RoboticsDev_ws/install/turtlesim_plus_interfaces/include/turtlesim_plus_interfaces/turtlesim_plus_interfaces
-- Up-to-date: /home/kireiji/RoboticsDev_ws/install/turtlesim_plus_interfaces/include/turtlesim_plus_interfaces/turtlesim_plus_interfaces/msg
-- Up-to-date: /home/kireiji/RoboticsDev_ws/install/turtlesim_plus_interfaces/include/turtlesim_plus_interfaces/turtlesim_plus_interfaces/msg/detail
-- Installing: /home/kireiji/RoboticsDev_ws/install/turtlesim_plus_interfaces/include/turtlesim_plus_interfaces/turtlesim_plus_interfaces/msg/detail/scanner_data_array__type_support.c
-- Installing: /home/kireiji/RoboticsDev_ws/install/turtlesim_plus_interfaces/include/turtlesim_plus_interfaces/turtlesim_plus_interfaces/msg/detail/scanner_data__rosidl_typesupport_introspection_c.h
-- Installing: /home/kireiji/RoboticsDev_ws/install/turtlesim_plus_interfaces/include/turtlesim_plus_interfaces/turtlesim_plus_interfaces/msg/detail/scanner_data__type_support.c
-- Installing: /home/kireiji/RoboticsDev_ws/install/turtlesim_plus_interfaces/include/turtlesim_plus_interfaces/turtlesim_plus_interfaces/msg/detail/scanner_data_array__rosidl_typesupport_introspection_c.h
-- Installing: /home/kireiji/RoboticsDev_ws/install/turtlesim_plus_interfaces/include/turtlesim_plus_interfaces/turtlesim_plus_interfaces/msg/rosidl_typesupport_introspection_c__visibility_control.h
-- Up-to-date: /home/kireiji/RoboticsDev_ws/install/turtlesim_plus_interfaces/include/turtlesim_plus_interfaces/turtlesim_plus_interfaces/srv
-- Up-to-date: /home/kireiji/RoboticsDev_ws/install/turtlesim_plus_interfaces/include/turtlesim_plus_interfaces/turtlesim_plus_interfaces/srv/detail
-- Installing: /home/kireiji/RoboticsDev_ws/install/turtlesim_plus_interfaces/include/turtlesim_plus_interfaces/turtlesim_plus_interfaces/srv/detail/give_position__rosidl_typesupport_introspection_c.h
-- Installing: /home/kireiji/RoboticsDev_ws/install/turtlesim_plus_interfaces/include/turtlesim_plus_interfaces/turtlesim_plus_interfaces/srv/detail/give_position__type_support.c
-- Up-to-date: /home/kireiji/RoboticsDev_ws/install/turtlesim_plus_interfaces/include/turtlesim_plus_interfaces/turtlesim_plus_interfaces/action
-- Up-to-date: /home/kireiji/RoboticsDev_ws/install/turtlesim_plus_interfaces/include/turtlesim_plus_interfaces/turtlesim_plus_interfaces/action/detail
-- Installing: /home/kireiji/RoboticsDev_ws/install/turtlesim_plus_interfaces/include/turtlesim_plus_interfaces/turtlesim_plus_interfaces/action/detail/get_data__rosidl_typesupport_introspection_c.h
-- Installing: /home/kireiji/RoboticsDev_ws/install/turtlesim_plus_interfaces/include/turtlesim_plus_interfaces/turtlesim_plus_interfaces/action/detail/get_data__type_support.c
-- Installing: /home/kireiji/RoboticsDev_ws/install/turtlesim_plus_interfaces/lib/libturtlesim_plus_interfaces__rosidl_typesupport_introspection_c.so
-- Set runtime path of "/home/kireiji/RoboticsDev_ws/install/turtlesim_plus_interfaces/lib/libturtlesim_plus_interfaces__rosidl_typesupport_introspection_c.so" to ""
-- Installing: /home/kireiji/RoboticsDev_ws/install/turtlesim_plus_interfaces/lib/libturtlesim_plus_interfaces__rosidl_typesupport_c.so
-- Set runtime path of "/home/kireiji/RoboticsDev_ws/install/turtlesim_plus_interfaces/lib/libturtlesim_plus_interfaces__rosidl_typesupport_c.so" to ""
-- Up-to-date: /home/kireiji/RoboticsDev_ws/install/turtlesim_plus_interfaces/include/turtlesim_plus_interfaces/turtlesim_plus_interfaces
-- Up-to-date: /home/kireiji/RoboticsDev_ws/install/turtlesim_plus_interfaces/include/turtlesim_plus_interfaces/turtlesim_plus_interfaces/msg
-- Installing: /home/kireiji/RoboticsDev_ws/install/turtlesim_plus_interfaces/include/turtlesim_plus_interfaces/turtlesim_plus_interfaces/msg/scanner_data.hpp
-- Installing: /home/kireiji/RoboticsDev_ws/install/turtlesim_plus_interfaces/include/turtlesim_plus_interfaces/turtlesim_plus_interfaces/msg/scanner_data_array.hpp
-- Up-to-date: /home/kireiji/RoboticsDev_ws/install/turtlesim_plus_interfaces/include/turtlesim_plus_interfaces/turtlesim_plus_interfaces/msg/detail
-- Installing: /home/kireiji/RoboticsDev_ws/install/turtlesim_plus_interfaces/include/turtlesim_plus_interfaces/turtlesim_plus_interfaces/msg/detail/scanner_data__builder.hpp
-- Installing: /home/kireiji/RoboticsDev_ws/install/turtlesim_plus_interfaces/include/turtlesim_plus_interfaces/turtlesim_plus_interfaces/msg/detail/scanner_data__traits.hpp
-- Installing: /home/kireiji/RoboticsDev_ws/install/turtlesim_plus_interfaces/include/turtlesim_plus_interfaces/turtlesim_plus_interfaces/msg/detail/scanner_data_array__builder.hpp
-- Installing: /home/kireiji/RoboticsDev_ws/install/turtlesim_plus_interfaces/include/turtlesim_plus_interfaces/turtlesim_plus_interfaces/msg/detail/scanner_data_array__traits.hpp
-- Installing: /home/kireiji/RoboticsDev_ws/install/turtlesim_plus_interfaces/include/turtlesim_plus_interfaces/turtlesim_plus_interfaces/msg/detail/scanner_data__struct.hpp
-- Installing: /home/kireiji/RoboticsDev_ws/install/turtlesim_plus_interfaces/include/turtlesim_plus_interfaces/turtlesim_plus_interfaces/msg/detail/scanner_data_array__struct.hpp
-- Up-to-date: /home/kireiji/RoboticsDev_ws/install/turtlesim_plus_interfaces/include/turtlesim_plus_interfaces/turtlesim_plus_interfaces/srv
-- Installing: /home/kireiji/RoboticsDev_ws/install/turtlesim_plus_interfaces/include/turtlesim_plus_interfaces/turtlesim_plus_interfaces/srv/give_position.hpp
-- Up-to-date: /home/kireiji/RoboticsDev_ws/install/turtlesim_plus_interfaces/include/turtlesim_plus_interfaces/turtlesim_plus_interfaces/srv/detail
-- Installing: /home/kireiji/RoboticsDev_ws/install/turtlesim_plus_interfaces/include/turtlesim_plus_interfaces/turtlesim_plus_interfaces/srv/detail/give_position__traits.hpp
-- Installing: /home/kireiji/RoboticsDev_ws/install/turtlesim_plus_interfaces/include/turtlesim_plus_interfaces/turtlesim_plus_interfaces/srv/detail/give_position__struct.hpp
-- Installing: /home/kireiji/RoboticsDev_ws/install/turtlesim_plus_interfaces/include/turtlesim_plus_interfaces/turtlesim_plus_interfaces/srv/detail/give_position__builder.hpp
-- Up-to-date: /home/kireiji/RoboticsDev_ws/install/turtlesim_plus_interfaces/include/turtlesim_plus_interfaces/turtlesim_plus_interfaces/action
-- Installing: /home/kireiji/RoboticsDev_ws/install/turtlesim_plus_interfaces/include/turtlesim_plus_interfaces/turtlesim_plus_interfaces/action/get_data.hpp
-- Up-to-date: /home/kireiji/RoboticsDev_ws/install/turtlesim_plus_interfaces/include/turtlesim_plus_interfaces/turtlesim_plus_interfaces/action/detail
-- Installing: /home/kireiji/RoboticsDev_ws/install/turtlesim_plus_interfaces/include/turtlesim_plus_interfaces/turtlesim_plus_interfaces/action/detail/get_data__struct.hpp
-- Installing: /home/kireiji/RoboticsDev_ws/install/turtlesim_plus_interfaces/include/turtlesim_plus_interfaces/turtlesim_plus_interfaces/action/detail/get_data__builder.hpp
-- Installing: /home/kireiji/RoboticsDev_ws/install/turtlesim_plus_interfaces/include/turtlesim_plus_interfaces/turtlesim_plus_interfaces/action/detail/get_data__traits.hpp
-- Up-to-date: /home/kireiji/RoboticsDev_ws/install/turtlesim_plus_interfaces/include/turtlesim_plus_interfaces/turtlesim_plus_interfaces
-- Up-to-date: /home/kireiji/RoboticsDev_ws/install/turtlesim_plus_interfaces/include/turtlesim_plus_interfaces/turtlesim_plus_interfaces/msg
-- Installing: /home/kireiji/RoboticsDev_ws/install/turtlesim_plus_interfaces/include/turtlesim_plus_interfaces/turtlesim_plus_interfaces/msg/rosidl_typesupport_fastrtps_cpp__visibility_control.h
-- Up-to-date: /home/kireiji/RoboticsDev_ws/install/turtlesim_plus_interfaces/include/turtlesim_plus_interfaces/turtlesim_plus_interfaces/msg/detail
-- Installing: /home/kireiji/RoboticsDev_ws/install/turtlesim_plus_interfaces/include/turtlesim_plus_interfaces/turtlesim_plus_interfaces/msg/detail/scanner_data__rosidl_typesupport_fastrtps_cpp.hpp
-- Installing: /home/kireiji/RoboticsDev_ws/install/turtlesim_plus_interfaces/include/turtlesim_plus_interfaces/turtlesim_plus_interfaces/msg/detail/dds_fastrtps
-- Installing: /home/kireiji/RoboticsDev_ws/install/turtlesim_plus_interfaces/include/turtlesim_plus_interfaces/turtlesim_plus_interfaces/msg/detail/scanner_data_array__rosidl_typesupport_fastrtps_cpp.hpp
-- Up-to-date: /home/kireiji/RoboticsDev_ws/install/turtlesim_plus_interfaces/include/turtlesim_plus_interfaces/turtlesim_plus_interfaces/srv
-- Up-to-date: /home/kireiji/RoboticsDev_ws/install/turtlesim_plus_interfaces/include/turtlesim_plus_interfaces/turtlesim_plus_interfaces/srv/detail
-- Installing: /home/kireiji/RoboticsDev_ws/install/turtlesim_plus_interfaces/include/turtlesim_plus_interfaces/turtlesim_plus_interfaces/srv/detail/give_position__rosidl_typesupport_fastrtps_cpp.hpp
-- Installing: /home/kireiji/RoboticsDev_ws/install/turtlesim_plus_interfaces/include/turtlesim_plus_interfaces/turtlesim_plus_interfaces/srv/detail/dds_fastrtps
-- Up-to-date: /home/kireiji/RoboticsDev_ws/install/turtlesim_plus_interfaces/include/turtlesim_plus_interfaces/turtlesim_plus_interfaces/action
-- Up-to-date: /home/kireiji/RoboticsDev_ws/install/turtlesim_plus_interfaces/include/turtlesim_plus_interfaces/turtlesim_plus_interfaces/action/detail
-- Installing: /home/kireiji/RoboticsDev_ws/install/turtlesim_plus_interfaces/include/turtlesim_plus_interfaces/turtlesim_plus_interfaces/action/detail/dds_fastrtps
-- Installing: /home/kireiji/RoboticsDev_ws/install/turtlesim_plus_interfaces/include/turtlesim_plus_interfaces/turtlesim_plus_interfaces/action/detail/get_data__rosidl_typesupport_fastrtps_cpp.hpp
-- Installing: /home/kireiji/RoboticsDev_ws/install/turtlesim_plus_interfaces/lib/libturtlesim_plus_interfaces__rosidl_typesupport_fastrtps_cpp.so
-- Set runtime path of "/home/kireiji/RoboticsDev_ws/install/turtlesim_plus_interfaces/lib/libturtlesim_plus_interfaces__rosidl_typesupport_fastrtps_cpp.so" to ""
-- Up-to-date: /home/kireiji/RoboticsDev_ws/install/turtlesim_plus_interfaces/include/turtlesim_plus_interfaces/turtlesim_plus_interfaces
-- Up-to-date: /home/kireiji/RoboticsDev_ws/install/turtlesim_plus_interfaces/include/turtlesim_plus_interfaces/turtlesim_plus_interfaces/msg
-- Up-to-date: /home/kireiji/RoboticsDev_ws/install/turtlesim_plus_interfaces/include/turtlesim_plus_interfaces/turtlesim_plus_interfaces/msg/detail
-- Installing: /home/kireiji/RoboticsDev_ws/install/turtlesim_plus_interfaces/include/turtlesim_plus_interfaces/turtlesim_plus_interfaces/msg/detail/scanner_data__type_support.cpp
-- Installing: /home/kireiji/RoboticsDev_ws/install/turtlesim_plus_interfaces/include/turtlesim_plus_interfaces/turtlesim_plus_interfaces/msg/detail/scanner_data_array__rosidl_typesupport_introspection_cpp.hpp
-- Installing: /home/kireiji/RoboticsDev_ws/install/turtlesim_plus_interfaces/include/turtlesim_plus_interfaces/turtlesim_plus_interfaces/msg/detail/scanner_data_array__type_support.cpp
-- Installing: /home/kireiji/RoboticsDev_ws/install/turtlesim_plus_interfaces/include/turtlesim_plus_interfaces/turtlesim_plus_interfaces/msg/detail/scanner_data__rosidl_typesupport_introspection_cpp.hpp
-- Up-to-date: /home/kireiji/RoboticsDev_ws/install/turtlesim_plus_interfaces/include/turtlesim_plus_interfaces/turtlesim_plus_interfaces/srv
-- Up-to-date: /home/kireiji/RoboticsDev_ws/install/turtlesim_plus_interfaces/include/turtlesim_plus_interfaces/turtlesim_plus_interfaces/srv/detail
-- Installing: /home/kireiji/RoboticsDev_ws/install/turtlesim_plus_interfaces/include/turtlesim_plus_interfaces/turtlesim_plus_interfaces/srv/detail/give_position__rosidl_typesupport_introspection_cpp.hpp
-- Installing: /home/kireiji/RoboticsDev_ws/install/turtlesim_plus_interfaces/include/turtlesim_plus_interfaces/turtlesim_plus_interfaces/srv/detail/give_position__type_support.cpp
-- Up-to-date: /home/kireiji/RoboticsDev_ws/install/turtlesim_plus_interfaces/include/turtlesim_plus_interfaces/turtlesim_plus_interfaces/action
-- Up-to-date: /home/kireiji/RoboticsDev_ws/install/turtlesim_plus_interfaces/include/turtlesim_plus_interfaces/turtlesim_plus_interfaces/action/detail
-- Installing: /home/kireiji/RoboticsDev_ws/install/turtlesim_plus_interfaces/include/turtlesim_plus_interfaces/turtlesim_plus_interfaces/action/detail/get_data__rosidl_typesupport_introspection_cpp.hpp
-- Installing: /home/kireiji/RoboticsDev_ws/install/turtlesim_plus_interfaces/include/turtlesim_plus_interfaces/turtlesim_plus_interfaces/action/detail/get_data__type_support.cpp
-- Installing: /home/kireiji/RoboticsDev_ws/install/turtlesim_plus_interfaces/lib/libturtlesim_plus_interfaces__rosidl_typesupport_introspection_cpp.so
-- Set runtime path of "/home/kireiji/RoboticsDev_ws/install/turtlesim_plus_interfaces/lib/libturtlesim_plus_interfaces__rosidl_typesupport_introspection_cpp.so" to ""
-- Installing: /home/kireiji/RoboticsDev_ws/install/turtlesim_plus_interfaces/lib/libturtlesim_plus_interfaces__rosidl_typesupport_cpp.so
-- Set runtime path of "/home/kireiji/RoboticsDev_ws/install/turtlesim_plus_interfaces/lib/libturtlesim_plus_interfaces__rosidl_typesupport_cpp.so" to ""
-- Installing: /home/kireiji/RoboticsDev_ws/install/turtlesim_plus_interfaces/share/turtlesim_plus_interfaces/environment/pythonpath.sh
-- Installing: /home/kireiji/RoboticsDev_ws/install/turtlesim_plus_interfaces/share/turtlesim_plus_interfaces/environment/pythonpath.dsv
-- Installing: /home/kireiji/RoboticsDev_ws/install/turtlesim_plus_interfaces/lib/python3.10/site-packages/turtlesim_plus_interfaces-0.0.0-py3.10.egg-info
-- Installing: /home/kireiji/RoboticsDev_ws/install/turtlesim_plus_interfaces/lib/python3.10/site-packages/turtlesim_plus_interfaces-0.0.0-py3.10.egg-info/PKG-INFO
-- Installing: /home/kireiji/RoboticsDev_ws/install/turtlesim_plus_interfaces/lib/python3.10/site-packages/turtlesim_plus_interfaces-0.0.0-py3.10.egg-info/dependency_links.txt
-- Installing: /home/kireiji/RoboticsDev_ws/install/turtlesim_plus_interfaces/lib/python3.10/site-packages/turtlesim_plus_interfaces-0.0.0-py3.10.egg-info/top_level.txt
-- Installing: /home/kireiji/RoboticsDev_ws/install/turtlesim_plus_interfaces/lib/python3.10/site-packages/turtlesim_plus_interfaces-0.0.0-py3.10.egg-info/SOURCES.txt
-- Installing: /home/kireiji/RoboticsDev_ws/install/turtlesim_plus_interfaces/lib/python3.10/site-packages/turtlesim_plus_interfaces
-- Installing: /home/kireiji/RoboticsDev_ws/install/turtlesim_plus_interfaces/lib/python3.10/site-packages/turtlesim_plus_interfaces/__init__.py
-- Installing: /home/kireiji/RoboticsDev_ws/install/turtlesim_plus_interfaces/lib/python3.10/site-packages/turtlesim_plus_interfaces/turtlesim_plus_interfaces_s__rosidl_typesupport_introspection_c.cpython-310-x86_64-linux-gnu.so
-- Installing: /home/kireiji/RoboticsDev_ws/install/turtlesim_plus_interfaces/lib/python3.10/site-packages/turtlesim_plus_interfaces/_turtlesim_plus_interfaces_s.ep.rosidl_typesupport_fastrtps_c.c
-- Installing: /home/kireiji/RoboticsDev_ws/install/turtlesim_plus_interfaces/lib/python3.10/site-packages/turtlesim_plus_interfaces/msg
-- Installing: /home/kireiji/RoboticsDev_ws/install/turtlesim_plus_interfaces/lib/python3.10/site-packages/turtlesim_plus_interfaces/msg/_scanner_data_array.py
-- Installing: /home/kireiji/RoboticsDev_ws/install/turtlesim_plus_interfaces/lib/python3.10/site-packages/turtlesim_plus_interfaces/msg/__init__.py
-- Installing: /home/kireiji/RoboticsDev_ws/install/turtlesim_plus_interfaces/lib/python3.10/site-packages/turtlesim_plus_interfaces/msg/_scanner_data_array_s.c
-- Installing: /home/kireiji/RoboticsDev_ws/install/turtlesim_plus_interfaces/lib/python3.10/site-packages/turtlesim_plus_interfaces/msg/_scanner_data.py
-- Installing: /home/kireiji/RoboticsDev_ws/install/turtlesim_plus_interfaces/lib/python3.10/site-packages/turtlesim_plus_interfaces/msg/_scanner_data_s.c
-- Installing: /home/kireiji/RoboticsDev_ws/install/turtlesim_plus_interfaces/lib/python3.10/site-packages/turtlesim_plus_interfaces/_turtlesim_plus_interfaces_s.ep.rosidl_typesupport_c.c
-- Installing: /home/kireiji/RoboticsDev_ws/install/turtlesim_plus_interfaces/lib/python3.10/site-packages/turtlesim_plus_interfaces/_turtlesim_plus_interfaces_s.ep.rosidl_typesupport_introspection_c.c
-- Installing: /home/kireiji/RoboticsDev_ws/install/turtlesim_plus_interfaces/lib/python3.10/site-packages/turtlesim_plus_interfaces/libturtlesim_plus_interfaces__rosidl_generator_py.so
-- Installing: /home/kireiji/RoboticsDev_ws/install/turtlesim_plus_interfaces/lib/python3.10/site-packages/turtlesim_plus_interfaces/srv
-- Installing: /home/kireiji/RoboticsDev_ws/install/turtlesim_plus_interfaces/lib/python3.10/site-packages/turtlesim_plus_interfaces/srv/_give_position.py
-- Installing: /home/kireiji/RoboticsDev_ws/install/turtlesim_plus_interfaces/lib/python3.10/site-packages/turtlesim_plus_interfaces/srv/__init__.py
-- Installing: /home/kireiji/RoboticsDev_ws/install/turtlesim_plus_interfaces/lib/python3.10/site-packages/turtlesim_plus_interfaces/srv/_give_position_s.c
-- Installing: /home/kireiji/RoboticsDev_ws/install/turtlesim_plus_interfaces/lib/python3.10/site-packages/turtlesim_plus_interfaces/action
-- Installing: /home/kireiji/RoboticsDev_ws/install/turtlesim_plus_interfaces/lib/python3.10/site-packages/turtlesim_plus_interfaces/action/__init__.py
-- Installing: /home/kireiji/RoboticsDev_ws/install/turtlesim_plus_interfaces/lib/python3.10/site-packages/turtlesim_plus_interfaces/action/_get_data_s.c
-- Installing: /home/kireiji/RoboticsDev_ws/install/turtlesim_plus_interfaces/lib/python3.10/site-packages/turtlesim_plus_interfaces/action/_get_data.py
-- Installing: /home/kireiji/RoboticsDev_ws/install/turtlesim_plus_interfaces/lib/python3.10/site-packages/turtlesim_plus_interfaces/turtlesim_plus_interfaces_s__rosidl_typesupport_c.cpython-310-x86_64-linux-gnu.so
-- Installing: /home/kireiji/RoboticsDev_ws/install/turtlesim_plus_interfaces/lib/python3.10/site-packages/turtlesim_plus_interfaces/turtlesim_plus_interfaces_s__rosidl_typesupport_fastrtps_c.cpython-310-x86_64-linux-gnu.so
Listing '/home/kireiji/RoboticsDev_ws/install/turtlesim_plus_interfaces/lib/python3.10/site-packages/turtlesim_plus_interfaces'...
Compiling '/home/kireiji/RoboticsDev_ws/install/turtlesim_plus_interfaces/lib/python3.10/site-packages/turtlesim_plus_interfaces/__init__.py'...
Listing '/home/kireiji/RoboticsDev_ws/install/turtlesim_plus_interfaces/lib/python3.10/site-packages/turtlesim_plus_interfaces/action'...
Compiling '/home/kireiji/RoboticsDev_ws/install/turtlesim_plus_interfaces/lib/python3.10/site-packages/turtlesim_plus_interfaces/action/__init__.py'...
Compiling '/home/kireiji/RoboticsDev_ws/install/turtlesim_plus_interfaces/lib/python3.10/site-packages/turtlesim_plus_interfaces/action/_get_data.py'...
Listing '/home/kireiji/RoboticsDev_ws/install/turtlesim_plus_interfaces/lib/python3.10/site-packages/turtlesim_plus_interfaces/msg'...
Compiling '/home/kireiji/RoboticsDev_ws/install/turtlesim_plus_interfaces/lib/python3.10/site-packages/turtlesim_plus_interfaces/msg/__init__.py'...
Compiling '/home/kireiji/RoboticsDev_ws/install/turtlesim_plus_interfaces/lib/python3.10/site-packages/turtlesim_plus_interfaces/msg/_scanner_data.py'...
Compiling '/home/kireiji/RoboticsDev_ws/install/turtlesim_plus_interfaces/lib/python3.10/site-packages/turtlesim_plus_interfaces/msg/_scanner_data_array.py'...
Listing '/home/kireiji/RoboticsDev_ws/install/turtlesim_plus_interfaces/lib/python3.10/site-packages/turtlesim_plus_interfaces/srv'...
Compiling '/home/kireiji/RoboticsDev_ws/install/turtlesim_plus_interfaces/lib/python3.10/site-packages/turtlesim_plus_interfaces/srv/__init__.py'...
Compiling '/home/kireiji/RoboticsDev_ws/install/turtlesim_plus_interfaces/lib/python3.10/site-packages/turtlesim_plus_interfaces/srv/_give_position.py'...
-- Installing: /home/kireiji/RoboticsDev_ws/install/turtlesim_plus_interfaces/lib/python3.10/site-packages/turtlesim_plus_interfaces/turtlesim_plus_interfaces_s__rosidl_typesupport_fastrtps_c.cpython-310-x86_64-linux-gnu.so
-- Set runtime path of "/home/kireiji/RoboticsDev_ws/install/turtlesim_plus_interfaces/lib/python3.10/site-packages/turtlesim_plus_interfaces/turtlesim_plus_interfaces_s__rosidl_typesupport_fastrtps_c.cpython-310-x86_64-linux-gnu.so" to ""
-- Installing: /home/kireiji/RoboticsDev_ws/install/turtlesim_plus_interfaces/lib/python3.10/site-packages/turtlesim_plus_interfaces/turtlesim_plus_interfaces_s__rosidl_typesupport_introspection_c.cpython-310-x86_64-linux-gnu.so
-- Set runtime path of "/home/kireiji/RoboticsDev_ws/install/turtlesim_plus_interfaces/lib/python3.10/site-packages/turtlesim_plus_interfaces/turtlesim_plus_interfaces_s__rosidl_typesupport_introspection_c.cpython-310-x86_64-linux-gnu.so" to ""
-- Installing: /home/kireiji/RoboticsDev_ws/install/turtlesim_plus_interfaces/lib/python3.10/site-packages/turtlesim_plus_interfaces/turtlesim_plus_interfaces_s__rosidl_typesupport_c.cpython-310-x86_64-linux-gnu.so
-- Set runtime path of "/home/kireiji/RoboticsDev_ws/install/turtlesim_plus_interfaces/lib/python3.10/site-packages/turtlesim_plus_interfaces/turtlesim_plus_interfaces_s__rosidl_typesupport_c.cpython-310-x86_64-linux-gnu.so" to ""
-- Installing: /home/kireiji/RoboticsDev_ws/install/turtlesim_plus_interfaces/lib/libturtlesim_plus_interfaces__rosidl_generator_py.so
-- Set runtime path of "/home/kireiji/RoboticsDev_ws/install/turtlesim_plus_interfaces/lib/libturtlesim_plus_interfaces__rosidl_generator_py.so" to ""
-- Installing: /home/kireiji/RoboticsDev_ws/install/turtlesim_plus_interfaces/share/turtlesim_plus_interfaces/msg/ScannerData.idl
-- Installing: /home/kireiji/RoboticsDev_ws/install/turtlesim_plus_interfaces/share/turtlesim_plus_interfaces/msg/ScannerDataArray.idl
-- Installing: /home/kireiji/RoboticsDev_ws/install/turtlesim_plus_interfaces/share/turtlesim_plus_interfaces/srv/GivePosition.idl
-- Installing: /home/kireiji/RoboticsDev_ws/install/turtlesim_plus_interfaces/share/turtlesim_plus_interfaces/action/GetData.idl
-- Installing: /home/kireiji/RoboticsDev_ws/install/turtlesim_plus_interfaces/share/turtlesim_plus_interfaces/msg/ScannerData.msg
-- Installing: /home/kireiji/RoboticsDev_ws/install/turtlesim_plus_interfaces/share/turtlesim_plus_interfaces/msg/ScannerDataArray.msg
-- Installing: /home/kireiji/RoboticsDev_ws/install/turtlesim_plus_interfaces/share/turtlesim_plus_interfaces/srv/GivePosition.srv
-- Installing: /home/kireiji/RoboticsDev_ws/install/turtlesim_plus_interfaces/share/turtlesim_plus_interfaces/srv/GivePosition_Request.msg
-- Installing: /home/kireiji/RoboticsDev_ws/install/turtlesim_plus_interfaces/share/turtlesim_plus_interfaces/srv/GivePosition_Response.msg
-- Installing: /home/kireiji/RoboticsDev_ws/install/turtlesim_plus_interfaces/share/turtlesim_plus_interfaces/action/GetData.action
-- Installing: /home/kireiji/RoboticsDev_ws/install/turtlesim_plus_interfaces/share/ament_index/resource_index/package_run_dependencies/turtlesim_plus_interfaces
-- Installing: /home/kireiji/RoboticsDev_ws/install/turtlesim_plus_interfaces/share/ament_index/resource_index/parent_prefix_path/turtlesim_plus_interfaces
-- Installing: /home/kireiji/RoboticsDev_ws/install/turtlesim_plus_interfaces/share/turtlesim_plus_interfaces/environment/ament_prefix_path.sh
-- Installing: /home/kireiji/RoboticsDev_ws/install/turtlesim_plus_interfaces/share/turtlesim_plus_interfaces/environment/ament_prefix_path.dsv
-- Installing: /home/kireiji/RoboticsDev_ws/install/turtlesim_plus_interfaces/share/turtlesim_plus_interfaces/environment/path.sh
-- Installing: /home/kireiji/RoboticsDev_ws/install/turtlesim_plus_interfaces/share/turtlesim_plus_interfaces/environment/path.dsv
-- Installing: /home/kireiji/RoboticsDev_ws/install/turtlesim_plus_interfaces/share/turtlesim_plus_interfaces/local_setup.bash
-- Installing: /home/kireiji/RoboticsDev_ws/install/turtlesim_plus_interfaces/share/turtlesim_plus_interfaces/local_setup.sh
-- Installing: /home/kireiji/RoboticsDev_ws/install/turtlesim_plus_interfaces/share/turtlesim_plus_interfaces/local_setup.zsh
-- Installing: /home/kireiji/RoboticsDev_ws/install/turtlesim_plus_interfaces/share/turtlesim_plus_interfaces/local_setup.dsv
-- Installing: /home/kireiji/RoboticsDev_ws/install/turtlesim_plus_interfaces/share/turtlesim_plus_interfaces/package.dsv
-- Installing: /home/kireiji/RoboticsDev_ws/install/turtlesim_plus_interfaces/share/ament_index/resource_index/packages/turtlesim_plus_interfaces
-- Installing: /home/kireiji/RoboticsDev_ws/install/turtlesim_plus_interfaces/share/turtlesim_plus_interfaces/cmake/export_turtlesim_plus_interfaces__rosidl_generator_cExport.cmake
-- Installing: /home/kireiji/RoboticsDev_ws/install/turtlesim_plus_interfaces/share/turtlesim_plus_interfaces/cmake/export_turtlesim_plus_interfaces__rosidl_generator_cExport-noconfig.cmake
-- Installing: /home/kireiji/RoboticsDev_ws/install/turtlesim_plus_interfaces/share/turtlesim_plus_interfaces/cmake/export_turtlesim_plus_interfaces__rosidl_typesupport_fastrtps_cExport.cmake
-- Installing: /home/kireiji/RoboticsDev_ws/install/turtlesim_plus_interfaces/share/turtlesim_plus_interfaces/cmake/export_turtlesim_plus_interfaces__rosidl_typesupport_fastrtps_cExport-noconfig.cmake
-- Installing: /home/kireiji/RoboticsDev_ws/install/turtlesim_plus_interfaces/share/turtlesim_plus_interfaces/cmake/turtlesim_plus_interfaces__rosidl_typesupport_introspection_cExport.cmake
-- Installing: /home/kireiji/RoboticsDev_ws/install/turtlesim_plus_interfaces/share/turtlesim_plus_interfaces/cmake/turtlesim_plus_interfaces__rosidl_typesupport_introspection_cExport-noconfig.cmake
-- Installing: /home/kireiji/RoboticsDev_ws/install/turtlesim_plus_interfaces/share/turtlesim_plus_interfaces/cmake/turtlesim_plus_interfaces__rosidl_typesupport_cExport.cmake
-- Installing: /home/kireiji/RoboticsDev_ws/install/turtlesim_plus_interfaces/share/turtlesim_plus_interfaces/cmake/turtlesim_plus_interfaces__rosidl_typesupport_cExport-noconfig.cmake
-- Installing: /home/kireiji/RoboticsDev_ws/install/turtlesim_plus_interfaces/share/turtlesim_plus_interfaces/cmake/export_turtlesim_plus_interfaces__rosidl_generator_cppExport.cmake
-- Installing: /home/kireiji/RoboticsDev_ws/install/turtlesim_plus_interfaces/share/turtlesim_plus_interfaces/cmake/export_turtlesim_plus_interfaces__rosidl_typesupport_fastrtps_cppExport.cmake
-- Installing: /home/kireiji/RoboticsDev_ws/install/turtlesim_plus_interfaces/share/turtlesim_plus_interfaces/cmake/export_turtlesim_plus_interfaces__rosidl_typesupport_fastrtps_cppExport-noconfig.cmake
-- Installing: /home/kireiji/RoboticsDev_ws/install/turtlesim_plus_interfaces/share/turtlesim_plus_interfaces/cmake/turtlesim_plus_interfaces__rosidl_typesupport_introspection_cppExport.cmake
-- Installing: /home/kireiji/RoboticsDev_ws/install/turtlesim_plus_interfaces/share/turtlesim_plus_interfaces/cmake/turtlesim_plus_interfaces__rosidl_typesupport_introspection_cppExport-noconfig.cmake
-- Installing: /home/kireiji/RoboticsDev_ws/install/turtlesim_plus_interfaces/share/turtlesim_plus_interfaces/cmake/turtlesim_plus_interfaces__rosidl_typesupport_cppExport.cmake
-- Installing: /home/kireiji/RoboticsDev_ws/install/turtlesim_plus_interfaces/share/turtlesim_plus_interfaces/cmake/turtlesim_plus_interfaces__rosidl_typesupport_cppExport-noconfig.cmake
-- Installing: /home/kireiji/RoboticsDev_ws/install/turtlesim_plus_interfaces/share/turtlesim_plus_interfaces/cmake/export_turtlesim_plus_interfaces__rosidl_generator_pyExport.cmake
-- Installing: /home/kireiji/RoboticsDev_ws/install/turtlesim_plus_interfaces/share/turtlesim_plus_interfaces/cmake/export_turtlesim_plus_interfaces__rosidl_generator_pyExport-noconfig.cmake
-- Installing: /home/kireiji/RoboticsDev_ws/install/turtlesim_plus_interfaces/share/turtlesim_plus_interfaces/cmake/rosidl_cmake-extras.cmake
-- Installing: /home/kireiji/RoboticsDev_ws/install/turtlesim_plus_interfaces/share/turtlesim_plus_interfaces/cmake/ament_cmake_export_dependencies-extras.cmake
-- Installing: /home/kireiji/RoboticsDev_ws/install/turtlesim_plus_interfaces/share/turtlesim_plus_interfaces/cmake/ament_cmake_export_include_directories-extras.cmake
-- Installing: /home/kireiji/RoboticsDev_ws/install/turtlesim_plus_interfaces/share/turtlesim_plus_interfaces/cmake/ament_cmake_export_libraries-extras.cmake
-- Installing: /home/kireiji/RoboticsDev_ws/install/turtlesim_plus_interfaces/share/turtlesim_plus_interfaces/cmake/ament_cmake_export_targets-extras.cmake
-- Installing: /home/kireiji/RoboticsDev_ws/install/turtlesim_plus_interfaces/share/turtlesim_plus_interfaces/cmake/rosidl_cmake_export_typesupport_targets-extras.cmake
-- Installing: /home/kireiji/RoboticsDev_ws/install/turtlesim_plus_interfaces/share/turtlesim_plus_interfaces/cmake/rosidl_cmake_export_typesupport_libraries-extras.cmake
-- Installing: /home/kireiji/RoboticsDev_ws/install/turtlesim_plus_interfaces/share/turtlesim_plus_interfaces/cmake/turtlesim_plus_interfacesConfig.cmake
-- Installing: /home/kireiji/RoboticsDev_ws/install/turtlesim_plus_interfaces/share/turtlesim_plus_interfaces/cmake/turtlesim_plus_interfacesConfig-version.cmake
-- Installing: /home/kireiji/RoboticsDev_ws/install/turtlesim_plus_interfaces/share/turtlesim_plus_interfaces/package.xml
