[4.513s] Invoking command in '/home/kireiji/RoboticsDev_ws/src/examples/rclpy/services/minimal_service': PYTHONPATH=/home/kireiji/RoboticsDev_ws/build/examples_rclpy_minimal_service/prefix_override:/usr/lib/python3/dist-packages/colcon_core/task/python/colcon_distutils_commands:/home/kireiji/RoboticsDev_ws/install/examples_rclpy_minimal_service/lib/python3.10/site-packages:${PYTHONPATH} /usr/bin/python3 -W ignore:setup.py install is deprecated setup.py egg_info --egg-base ../../../../../build/examples_rclpy_minimal_service build --build-base /home/kireiji/RoboticsDev_ws/build/examples_rclpy_minimal_service/build install --record /home/kireiji/RoboticsDev_ws/build/examples_rclpy_minimal_service/install.log --single-version-externally-managed install_data
[21.631s] running egg_info
[21.631s] creating ../../../../../build/examples_rclpy_minimal_service/examples_rclpy_minimal_service.egg-info
[21.631s] writing ../../../../../build/examples_rclpy_minimal_service/examples_rclpy_minimal_service.egg-info/PKG-INFO
[21.631s] writing dependency_links to ../../../../../build/examples_rclpy_minimal_service/examples_rclpy_minimal_service.egg-info/dependency_links.txt
[21.631s] writing entry points to ../../../../../build/examples_rclpy_minimal_service/examples_rclpy_minimal_service.egg-info/entry_points.txt
[21.631s] writing requirements to ../../../../../build/examples_rclpy_minimal_service/examples_rclpy_minimal_service.egg-info/requires.txt
[21.631s] writing top-level names to ../../../../../build/examples_rclpy_minimal_service/examples_rclpy_minimal_service.egg-info/top_level.txt
[21.631s] writing manifest file '../../../../../build/examples_rclpy_minimal_service/examples_rclpy_minimal_service.egg-info/SOURCES.txt'
[21.636s] reading manifest file '../../../../../build/examples_rclpy_minimal_service/examples_rclpy_minimal_service.egg-info/SOURCES.txt'
[21.636s] writing manifest file '../../../../../build/examples_rclpy_minimal_service/examples_rclpy_minimal_service.egg-info/SOURCES.txt'
[21.636s] running build
[21.636s] running build_py
[21.636s] creating /home/kireiji/RoboticsDev_ws/build/examples_rclpy_minimal_service/build
[21.637s] creating /home/kireiji/RoboticsDev_ws/build/examples_rclpy_minimal_service/build/lib
[21.637s] creating /home/kireiji/RoboticsDev_ws/build/examples_rclpy_minimal_service/build/lib/examples_rclpy_minimal_service
[21.637s] copying examples_rclpy_minimal_service/service.py -> /home/kireiji/RoboticsDev_ws/build/examples_rclpy_minimal_service/build/lib/examples_rclpy_minimal_service
[21.637s] copying examples_rclpy_minimal_service/__init__.py -> /home/kireiji/RoboticsDev_ws/build/examples_rclpy_minimal_service/build/lib/examples_rclpy_minimal_service
[21.637s] copying examples_rclpy_minimal_service/service_member_function.py -> /home/kireiji/RoboticsDev_ws/build/examples_rclpy_minimal_service/build/lib/examples_rclpy_minimal_service
[21.637s] running install
[21.637s] running install_lib
[21.637s] creating /home/kireiji/RoboticsDev_ws/install/examples_rclpy_minimal_service/lib/python3.10/site-packages/examples_rclpy_minimal_service
[21.637s] copying /home/kireiji/RoboticsDev_ws/build/examples_rclpy_minimal_service/build/lib/examples_rclpy_minimal_service/service.py -> /home/kireiji/RoboticsDev_ws/install/examples_rclpy_minimal_service/lib/python3.10/site-packages/examples_rclpy_minimal_service
[21.637s] copying /home/kireiji/RoboticsDev_ws/build/examples_rclpy_minimal_service/build/lib/examples_rclpy_minimal_service/__init__.py -> /home/kireiji/RoboticsDev_ws/install/examples_rclpy_minimal_service/lib/python3.10/site-packages/examples_rclpy_minimal_service
[21.637s] copying /home/kireiji/RoboticsDev_ws/build/examples_rclpy_minimal_service/build/lib/examples_rclpy_minimal_service/service_member_function.py -> /home/kireiji/RoboticsDev_ws/install/examples_rclpy_minimal_service/lib/python3.10/site-packages/examples_rclpy_minimal_service
[21.637s] byte-compiling /home/kireiji/RoboticsDev_ws/install/examples_rclpy_minimal_service/lib/python3.10/site-packages/examples_rclpy_minimal_service/service.py to service.cpython-310.pyc
[21.637s] byte-compiling /home/kireiji/RoboticsDev_ws/install/examples_rclpy_minimal_service/lib/python3.10/site-packages/examples_rclpy_minimal_service/__init__.py to __init__.cpython-310.pyc
[21.638s] byte-compiling /home/kireiji/RoboticsDev_ws/install/examples_rclpy_minimal_service/lib/python3.10/site-packages/examples_rclpy_minimal_service/service_member_function.py to service_member_function.cpython-310.pyc
[21.638s] running install_data
[21.638s] creating /home/kireiji/RoboticsDev_ws/install/examples_rclpy_minimal_service/share/ament_index
[21.638s] creating /home/kireiji/RoboticsDev_ws/install/examples_rclpy_minimal_service/share/ament_index/resource_index
[21.638s] creating /home/kireiji/RoboticsDev_ws/install/examples_rclpy_minimal_service/share/ament_index/resource_index/packages
[21.638s] copying resource/examples_rclpy_minimal_service -> /home/kireiji/RoboticsDev_ws/install/examples_rclpy_minimal_service/share/ament_index/resource_index/packages
[21.645s] copying package.xml -> /home/kireiji/RoboticsDev_ws/install/examples_rclpy_minimal_service/share/examples_rclpy_minimal_service
[21.645s] running install_egg_info
[21.645s] Copying ../../../../../build/examples_rclpy_minimal_service/examples_rclpy_minimal_service.egg-info to /home/kireiji/RoboticsDev_ws/install/examples_rclpy_minimal_service/lib/python3.10/site-packages/examples_rclpy_minimal_service-0.15.2-py3.10.egg-info
[21.646s] running install_scripts
[21.646s] Installing service script to /home/kireiji/RoboticsDev_ws/install/examples_rclpy_minimal_service/lib/examples_rclpy_minimal_service
[21.646s] Installing service_member_function script to /home/kireiji/RoboticsDev_ws/install/examples_rclpy_minimal_service/lib/examples_rclpy_minimal_service
[21.646s] writing list of installed files to '/home/kireiji/RoboticsDev_ws/build/examples_rclpy_minimal_service/install.log'
[21.675s] Invoked command in '/home/kireiji/RoboticsDev_ws/src/examples/rclpy/services/minimal_service' returned '0': PYTHONPATH=/home/kireiji/RoboticsDev_ws/build/examples_rclpy_minimal_service/prefix_override:/usr/lib/python3/dist-packages/colcon_core/task/python/colcon_distutils_commands:/home/kireiji/RoboticsDev_ws/install/examples_rclpy_minimal_service/lib/python3.10/site-packages:${PYTHONPATH} /usr/bin/python3 -W ignore:setup.py install is deprecated setup.py egg_info --egg-base ../../../../../build/examples_rclpy_minimal_service build --build-base /home/kireiji/RoboticsDev_ws/build/examples_rclpy_minimal_service/build install --record /home/kireiji/RoboticsDev_ws/build/examples_rclpy_minimal_service/install.log --single-version-externally-managed install_data
