-- Found ament_cmake: 1.3.10 (/opt/ros/humble/share/ament_cmake/cmake)
-- Found rosidl_default_generators: 1.2.0 (/opt/ros/humble/share/rosidl_default_generators/cmake)
-- Using all available rosidl_typesupport_c: rosidl_typesupport_fastrtps_c;rosidl_typesupport_introspection_c
-- Found rosidl_adapter: 3.1.5 (/opt/ros/humble/share/rosidl_adapter/cmake)
-- Using all available rosidl_typesupport_cpp: rosidl_typesupport_fastrtps_cpp;rosidl_typesupport_introspection_cpp
-- Found ament_lint_auto: 0.12.11 (/opt/ros/humble/share/ament_lint_auto/cmake)
-- Found ament_cmake_ros: 0.10.0 (/opt/ros/humble/share/ament_cmake_ros/cmake)
-- Using all available rosidl_typesupport_c: rosidl_typesupport_fastrtps_c;rosidl_typesupport_introspection_c
-- Using all available rosidl_typesupport_cpp: rosidl_typesupport_fastrtps_cpp;rosidl_typesupport_introspection_cpp
-- Found PythonInterp: /usr/local/bin/python3 (found suitable version "3.10", minimum required is "3.6") 
-- Found python_cmake_module: 0.10.0 (/opt/ros/humble/share/python_cmake_module/cmake)
-- Found PythonLibs: /usr/local/lib/libpython3.10.a (found suitable version "3.10.0", minimum required is "3.5") 
-- Using PYTHON_EXECUTABLE: /usr/local/bin/python3
-- Using PYTHON_INCLUDE_DIRS: /usr/local/include/python3.10
-- Using PYTHON_LIBRARIES: /usr/local/lib/libpython3.10.a
-- Found PythonExtra: .so  
-- Using numpy include directory: /home/kireiji/.local/lib/python3.10/site-packages/numpy/_core/include
-- Added test 'lint_cmake' to check CMake code style
-- Added test 'xmllint' to check XML markup files
-- Configuring done
-- Generating done
-- Build files have been written to: /home/kireiji/RoboticsDev_ws/build/temp
[  2%] [34m[1mGenerating C code for ROS interfaces[0m
[  5%] [34m[1mGenerating C++ code for ROS interfaces[0m
[  5%] Built target ament_cmake_python_copy_temp
running egg_info
creating temp.egg-info
writing manifest file 'temp.egg-info/SOURCES.txt'
writing manifest file 'temp.egg-info/SOURCES.txt'
[  5%] Built target ament_cmake_python_build_temp_egg
[  5%] Built target temp__cpp
[ 10%] [34m[1mGenerating C++ type support dispatch for ROS interfaces[0m
[ 10%] [34m[1mGenerating C++ introspection for ROS interfaces[0m
[ 12%] [34m[1mGenerating C++ type support for eProsima Fast-RTPS[0m
[ 15%] [32mBuilding C object CMakeFiles/temp__rosidl_generator_c.dir/rosidl_generator_c/temp/msg/detail/test__functions.c.o[0m
[ 17%] [32mBuilding C object CMakeFiles/temp__rosidl_generator_c.dir/rosidl_generator_c/temp/srv/detail/test__functions.c.o[0m
[ 20%] [32m[1mLinking C shared library libtemp__rosidl_generator_c.so[0m
[ 20%] Built target temp__rosidl_generator_c
[ 25%] [34m[1mGenerating C introspection for ROS interfaces[0m
[ 28%] [34m[1mGenerating C type support for eProsima Fast-RTPS[0m
[ 28%] [34m[1mGenerating C type support dispatch for ROS interfaces[0m
[ 33%] [32mBuilding CXX object CMakeFiles/temp__rosidl_typesupport_cpp.dir/rosidl_typesupport_cpp/temp/msg/test__type_support.cpp.o[0m
[ 33%] [32mBuilding CXX object CMakeFiles/temp__rosidl_typesupport_cpp.dir/rosidl_typesupport_cpp/temp/srv/test__type_support.cpp.o[0m
[ 35%] [32mBuilding CXX object CMakeFiles/temp__rosidl_typesupport_introspection_cpp.dir/rosidl_typesupport_introspection_cpp/temp/msg/detail/test__type_support.cpp.o[0m
[ 38%] [32mBuilding CXX object CMakeFiles/temp__rosidl_typesupport_introspection_cpp.dir/rosidl_typesupport_introspection_cpp/temp/srv/detail/test__type_support.cpp.o[0m
[ 41%] [32mBuilding CXX object CMakeFiles/temp__rosidl_typesupport_fastrtps_cpp.dir/rosidl_typesupport_fastrtps_cpp/temp/msg/detail/dds_fastrtps/test__type_support.cpp.o[0m
[ 43%] [32mBuilding CXX object CMakeFiles/temp__rosidl_typesupport_fastrtps_cpp.dir/rosidl_typesupport_fastrtps_cpp/temp/srv/detail/dds_fastrtps/test__type_support.cpp.o[0m
[ 46%] [32mBuilding CXX object CMakeFiles/temp__rosidl_typesupport_c.dir/rosidl_typesupport_c/temp/msg/test__type_support.cpp.o[0m
[ 48%] [32mBuilding CXX object CMakeFiles/temp__rosidl_typesupport_c.dir/rosidl_typesupport_c/temp/srv/test__type_support.cpp.o[0m
[ 51%] [32m[1mLinking CXX shared library libtemp__rosidl_typesupport_c.so[0m
[ 53%] [32mBuilding C object CMakeFiles/temp__rosidl_typesupport_introspection_c.dir/rosidl_typesupport_introspection_c/temp/msg/detail/test__type_support.c.o[0m
[ 56%] [32mBuilding C object CMakeFiles/temp__rosidl_typesupport_introspection_c.dir/rosidl_typesupport_introspection_c/temp/srv/detail/test__type_support.c.o[0m
[ 58%] [32mBuilding CXX object CMakeFiles/temp__rosidl_typesupport_fastrtps_c.dir/rosidl_typesupport_fastrtps_c/temp/msg/detail/test__type_support_c.cpp.o[0m
[ 61%] [32mBuilding CXX object CMakeFiles/temp__rosidl_typesupport_fastrtps_c.dir/rosidl_typesupport_fastrtps_c/temp/srv/detail/test__type_support_c.cpp.o[0m
[ 61%] Built target temp__rosidl_typesupport_c
[ 64%] [32m[1mLinking C shared library libtemp__rosidl_typesupport_introspection_c.so[0m
[ 64%] Built target temp__rosidl_typesupport_introspection_c
[ 66%] [32m[1mLinking CXX shared library libtemp__rosidl_typesupport_cpp.so[0m
[ 66%] Built target temp__rosidl_typesupport_cpp
[ 69%] [32m[1mLinking CXX shared library libtemp__rosidl_typesupport_introspection_cpp.so[0m
[ 69%] Built target temp__rosidl_typesupport_introspection_cpp
[ 71%] [32m[1mLinking CXX shared library libtemp__rosidl_typesupport_fastrtps_cpp.so[0m
[ 74%] [32m[1mLinking CXX shared library libtemp__rosidl_typesupport_fastrtps_c.so[0m
[ 74%] Built target temp__rosidl_typesupport_fastrtps_cpp
[ 74%] Built target temp__rosidl_typesupport_fastrtps_c
[ 74%] Built target temp
[ 76%] [34m[1mGenerating Python code for ROS interfaces[0m
[ 76%] Built target temp__py
[ 79%] [32mBuilding C object CMakeFiles/temp__rosidl_generator_py.dir/rosidl_generator_py/temp/msg/_test_s.c.o[0m
[ 82%] [32mBuilding C object CMakeFiles/temp__rosidl_generator_py.dir/rosidl_generator_py/temp/srv/_test_s.c.o[0m
[ 84%] [32m[1mLinking C shared library rosidl_generator_py/temp/libtemp__rosidl_generator_py.so[0m
[ 84%] Built target temp__rosidl_generator_py
[ 87%] [32mBuilding C object CMakeFiles/temp__rosidl_typesupport_fastrtps_c__pyext.dir/rosidl_generator_py/temp/_temp_s.ep.rosidl_typesupport_fastrtps_c.c.o[0m
[ 92%] [32mBuilding C object CMakeFiles/temp__rosidl_typesupport_introspection_c__pyext.dir/rosidl_generator_py/temp/_temp_s.ep.rosidl_typesupport_introspection_c.c.o[0m
[ 92%] [32mBuilding C object CMakeFiles/temp__rosidl_typesupport_c__pyext.dir/rosidl_generator_py/temp/_temp_s.ep.rosidl_typesupport_c.c.o[0m
[100%] [32m[1mLinking C shared library rosidl_generator_py/temp/temp_s__rosidl_typesupport_fastrtps_c.cpython-310-x86_64-linux-gnu.so[0m
[100%] [32m[1mLinking C shared library rosidl_generator_py/temp/temp_s__rosidl_typesupport_c.cpython-310-x86_64-linux-gnu.so[0m
[100%] [32m[1mLinking C shared library rosidl_generator_py/temp/temp_s__rosidl_typesupport_introspection_c.cpython-310-x86_64-linux-gnu.so[0m
[100%] Built target temp__rosidl_typesupport_introspection_c__pyext
[100%] Built target temp__rosidl_typesupport_c__pyext
[100%] Built target temp__rosidl_typesupport_fastrtps_c__pyext
-- Install configuration: ""
-- Installing: /home/kireiji/RoboticsDev_ws/install/temp/share/ament_index/resource_index/rosidl_interfaces/temp
-- Installing: /home/kireiji/RoboticsDev_ws/install/temp/include/temp/temp
-- Installing: /home/kireiji/RoboticsDev_ws/install/temp/include/temp/temp/msg
-- Installing: /home/kireiji/RoboticsDev_ws/install/temp/include/temp/temp/msg/rosidl_generator_c__visibility_control.h
-- Installing: /home/kireiji/RoboticsDev_ws/install/temp/include/temp/temp/msg/test.h
-- Installing: /home/kireiji/RoboticsDev_ws/install/temp/include/temp/temp/msg/detail
-- Installing: /home/kireiji/RoboticsDev_ws/install/temp/include/temp/temp/msg/detail/test__struct.h
-- Installing: /home/kireiji/RoboticsDev_ws/install/temp/include/temp/temp/msg/detail/test__functions.c
-- Installing: /home/kireiji/RoboticsDev_ws/install/temp/include/temp/temp/msg/detail/test__type_support.h
-- Installing: /home/kireiji/RoboticsDev_ws/install/temp/include/temp/temp/msg/detail/test__functions.h
-- Installing: /home/kireiji/RoboticsDev_ws/install/temp/include/temp/temp/srv
-- Installing: /home/kireiji/RoboticsDev_ws/install/temp/include/temp/temp/srv/test.h
-- Installing: /home/kireiji/RoboticsDev_ws/install/temp/include/temp/temp/srv/detail
-- Installing: /home/kireiji/RoboticsDev_ws/install/temp/include/temp/temp/srv/detail/test__struct.h
-- Installing: /home/kireiji/RoboticsDev_ws/install/temp/include/temp/temp/srv/detail/test__functions.c
-- Installing: /home/kireiji/RoboticsDev_ws/install/temp/include/temp/temp/srv/detail/test__type_support.h
-- Installing: /home/kireiji/RoboticsDev_ws/install/temp/include/temp/temp/srv/detail/test__functions.h
-- Installing: /home/kireiji/RoboticsDev_ws/install/temp/share/temp/environment/library_path.sh
-- Installing: /home/kireiji/RoboticsDev_ws/install/temp/share/temp/environment/library_path.dsv
-- Installing: /home/kireiji/RoboticsDev_ws/install/temp/lib/libtemp__rosidl_generator_c.so
-- Set runtime path of "/home/kireiji/RoboticsDev_ws/install/temp/lib/libtemp__rosidl_generator_c.so" to ""
-- Up-to-date: /home/kireiji/RoboticsDev_ws/install/temp/include/temp/temp
-- Up-to-date: /home/kireiji/RoboticsDev_ws/install/temp/include/temp/temp/msg
-- Installing: /home/kireiji/RoboticsDev_ws/install/temp/include/temp/temp/msg/rosidl_typesupport_fastrtps_c__visibility_control.h
-- Up-to-date: /home/kireiji/RoboticsDev_ws/install/temp/include/temp/temp/msg/detail
-- Installing: /home/kireiji/RoboticsDev_ws/install/temp/include/temp/temp/msg/detail/test__rosidl_typesupport_fastrtps_c.h
-- Up-to-date: /home/kireiji/RoboticsDev_ws/install/temp/include/temp/temp/srv
-- Up-to-date: /home/kireiji/RoboticsDev_ws/install/temp/include/temp/temp/srv/detail
-- Installing: /home/kireiji/RoboticsDev_ws/install/temp/include/temp/temp/srv/detail/test__rosidl_typesupport_fastrtps_c.h
-- Installing: /home/kireiji/RoboticsDev_ws/install/temp/lib/libtemp__rosidl_typesupport_fastrtps_c.so
-- Set runtime path of "/home/kireiji/RoboticsDev_ws/install/temp/lib/libtemp__rosidl_typesupport_fastrtps_c.so" to ""
-- Up-to-date: /home/kireiji/RoboticsDev_ws/install/temp/include/temp/temp
-- Up-to-date: /home/kireiji/RoboticsDev_ws/install/temp/include/temp/temp/msg
-- Up-to-date: /home/kireiji/RoboticsDev_ws/install/temp/include/temp/temp/msg/detail
-- Installing: /home/kireiji/RoboticsDev_ws/install/temp/include/temp/temp/msg/detail/test__rosidl_typesupport_introspection_c.h
-- Installing: /home/kireiji/RoboticsDev_ws/install/temp/include/temp/temp/msg/detail/test__type_support.c
-- Installing: /home/kireiji/RoboticsDev_ws/install/temp/include/temp/temp/msg/rosidl_typesupport_introspection_c__visibility_control.h
-- Up-to-date: /home/kireiji/RoboticsDev_ws/install/temp/include/temp/temp/srv
-- Up-to-date: /home/kireiji/RoboticsDev_ws/install/temp/include/temp/temp/srv/detail
-- Installing: /home/kireiji/RoboticsDev_ws/install/temp/include/temp/temp/srv/detail/test__rosidl_typesupport_introspection_c.h
-- Installing: /home/kireiji/RoboticsDev_ws/install/temp/include/temp/temp/srv/detail/test__type_support.c
-- Installing: /home/kireiji/RoboticsDev_ws/install/temp/lib/libtemp__rosidl_typesupport_introspection_c.so
-- Set runtime path of "/home/kireiji/RoboticsDev_ws/install/temp/lib/libtemp__rosidl_typesupport_introspection_c.so" to ""
-- Installing: /home/kireiji/RoboticsDev_ws/install/temp/lib/libtemp__rosidl_typesupport_c.so
-- Set runtime path of "/home/kireiji/RoboticsDev_ws/install/temp/lib/libtemp__rosidl_typesupport_c.so" to ""
-- Up-to-date: /home/kireiji/RoboticsDev_ws/install/temp/include/temp/temp
-- Up-to-date: /home/kireiji/RoboticsDev_ws/install/temp/include/temp/temp/msg
-- Installing: /home/kireiji/RoboticsDev_ws/install/temp/include/temp/temp/msg/test.hpp
-- Up-to-date: /home/kireiji/RoboticsDev_ws/install/temp/include/temp/temp/msg/detail
-- Installing: /home/kireiji/RoboticsDev_ws/install/temp/include/temp/temp/msg/detail/test__builder.hpp
-- Installing: /home/kireiji/RoboticsDev_ws/install/temp/include/temp/temp/msg/detail/test__struct.hpp
-- Installing: /home/kireiji/RoboticsDev_ws/install/temp/include/temp/temp/msg/detail/test__traits.hpp
-- Up-to-date: /home/kireiji/RoboticsDev_ws/install/temp/include/temp/temp/srv
-- Installing: /home/kireiji/RoboticsDev_ws/install/temp/include/temp/temp/srv/test.hpp
-- Up-to-date: /home/kireiji/RoboticsDev_ws/install/temp/include/temp/temp/srv/detail
-- Installing: /home/kireiji/RoboticsDev_ws/install/temp/include/temp/temp/srv/detail/test__builder.hpp
-- Installing: /home/kireiji/RoboticsDev_ws/install/temp/include/temp/temp/srv/detail/test__struct.hpp
-- Installing: /home/kireiji/RoboticsDev_ws/install/temp/include/temp/temp/srv/detail/test__traits.hpp
-- Up-to-date: /home/kireiji/RoboticsDev_ws/install/temp/include/temp/temp
-- Up-to-date: /home/kireiji/RoboticsDev_ws/install/temp/include/temp/temp/msg
-- Installing: /home/kireiji/RoboticsDev_ws/install/temp/include/temp/temp/msg/rosidl_typesupport_fastrtps_cpp__visibility_control.h
-- Up-to-date: /home/kireiji/RoboticsDev_ws/install/temp/include/temp/temp/msg/detail
-- Installing: /home/kireiji/RoboticsDev_ws/install/temp/include/temp/temp/msg/detail/test__rosidl_typesupport_fastrtps_cpp.hpp
-- Installing: /home/kireiji/RoboticsDev_ws/install/temp/include/temp/temp/msg/detail/dds_fastrtps
-- Up-to-date: /home/kireiji/RoboticsDev_ws/install/temp/include/temp/temp/srv
-- Up-to-date: /home/kireiji/RoboticsDev_ws/install/temp/include/temp/temp/srv/detail
-- Installing: /home/kireiji/RoboticsDev_ws/install/temp/include/temp/temp/srv/detail/test__rosidl_typesupport_fastrtps_cpp.hpp
-- Installing: /home/kireiji/RoboticsDev_ws/install/temp/include/temp/temp/srv/detail/dds_fastrtps
-- Installing: /home/kireiji/RoboticsDev_ws/install/temp/lib/libtemp__rosidl_typesupport_fastrtps_cpp.so
-- Set runtime path of "/home/kireiji/RoboticsDev_ws/install/temp/lib/libtemp__rosidl_typesupport_fastrtps_cpp.so" to ""
-- Up-to-date: /home/kireiji/RoboticsDev_ws/install/temp/include/temp/temp
-- Up-to-date: /home/kireiji/RoboticsDev_ws/install/temp/include/temp/temp/msg
-- Up-to-date: /home/kireiji/RoboticsDev_ws/install/temp/include/temp/temp/msg/detail
-- Installing: /home/kireiji/RoboticsDev_ws/install/temp/include/temp/temp/msg/detail/test__type_support.cpp
-- Installing: /home/kireiji/RoboticsDev_ws/install/temp/include/temp/temp/msg/detail/test__rosidl_typesupport_introspection_cpp.hpp
-- Up-to-date: /home/kireiji/RoboticsDev_ws/install/temp/include/temp/temp/srv
-- Up-to-date: /home/kireiji/RoboticsDev_ws/install/temp/include/temp/temp/srv/detail
-- Installing: /home/kireiji/RoboticsDev_ws/install/temp/include/temp/temp/srv/detail/test__type_support.cpp
-- Installing: /home/kireiji/RoboticsDev_ws/install/temp/include/temp/temp/srv/detail/test__rosidl_typesupport_introspection_cpp.hpp
-- Installing: /home/kireiji/RoboticsDev_ws/install/temp/lib/libtemp__rosidl_typesupport_introspection_cpp.so
-- Set runtime path of "/home/kireiji/RoboticsDev_ws/install/temp/lib/libtemp__rosidl_typesupport_introspection_cpp.so" to ""
-- Installing: /home/kireiji/RoboticsDev_ws/install/temp/lib/libtemp__rosidl_typesupport_cpp.so
-- Set runtime path of "/home/kireiji/RoboticsDev_ws/install/temp/lib/libtemp__rosidl_typesupport_cpp.so" to ""
-- Installing: /home/kireiji/RoboticsDev_ws/install/temp/share/temp/environment/pythonpath.sh
-- Installing: /home/kireiji/RoboticsDev_ws/install/temp/share/temp/environment/pythonpath.dsv
-- Installing: /home/kireiji/RoboticsDev_ws/install/temp/lib/python3.10/site-packages/temp-0.0.0-py3.10.egg-info
-- Installing: /home/kireiji/RoboticsDev_ws/install/temp/lib/python3.10/site-packages/temp-0.0.0-py3.10.egg-info/PKG-INFO
-- Installing: /home/kireiji/RoboticsDev_ws/install/temp/lib/python3.10/site-packages/temp-0.0.0-py3.10.egg-info/dependency_links.txt
-- Installing: /home/kireiji/RoboticsDev_ws/install/temp/lib/python3.10/site-packages/temp-0.0.0-py3.10.egg-info/top_level.txt
-- Installing: /home/kireiji/RoboticsDev_ws/install/temp/lib/python3.10/site-packages/temp-0.0.0-py3.10.egg-info/SOURCES.txt
-- Installing: /home/kireiji/RoboticsDev_ws/install/temp/lib/python3.10/site-packages/temp
-- Installing: /home/kireiji/RoboticsDev_ws/install/temp/lib/python3.10/site-packages/temp/temp_s__rosidl_typesupport_fastrtps_c.cpython-310-x86_64-linux-gnu.so
-- Installing: /home/kireiji/RoboticsDev_ws/install/temp/lib/python3.10/site-packages/temp/libtemp__rosidl_generator_py.so
-- Installing: /home/kireiji/RoboticsDev_ws/install/temp/lib/python3.10/site-packages/temp/__init__.py
-- Installing: /home/kireiji/RoboticsDev_ws/install/temp/lib/python3.10/site-packages/temp/_temp_s.ep.rosidl_typesupport_introspection_c.c
-- Installing: /home/kireiji/RoboticsDev_ws/install/temp/lib/python3.10/site-packages/temp/temp_s__rosidl_typesupport_c.cpython-310-x86_64-linux-gnu.so
-- Installing: /home/kireiji/RoboticsDev_ws/install/temp/lib/python3.10/site-packages/temp/msg
-- Installing: /home/kireiji/RoboticsDev_ws/install/temp/lib/python3.10/site-packages/temp/msg/_test_s.c
-- Installing: /home/kireiji/RoboticsDev_ws/install/temp/lib/python3.10/site-packages/temp/msg/__init__.py
-- Installing: /home/kireiji/RoboticsDev_ws/install/temp/lib/python3.10/site-packages/temp/msg/_test.py
-- Installing: /home/kireiji/RoboticsDev_ws/install/temp/lib/python3.10/site-packages/temp/srv
-- Installing: /home/kireiji/RoboticsDev_ws/install/temp/lib/python3.10/site-packages/temp/srv/_test_s.c
-- Installing: /home/kireiji/RoboticsDev_ws/install/temp/lib/python3.10/site-packages/temp/srv/__init__.py
-- Installing: /home/kireiji/RoboticsDev_ws/install/temp/lib/python3.10/site-packages/temp/srv/_test.py
-- Installing: /home/kireiji/RoboticsDev_ws/install/temp/lib/python3.10/site-packages/temp/temp_s__rosidl_typesupport_introspection_c.cpython-310-x86_64-linux-gnu.so
-- Installing: /home/kireiji/RoboticsDev_ws/install/temp/lib/python3.10/site-packages/temp/_temp_s.ep.rosidl_typesupport_c.c
-- Installing: /home/kireiji/RoboticsDev_ws/install/temp/lib/python3.10/site-packages/temp/_temp_s.ep.rosidl_typesupport_fastrtps_c.c
Listing '/home/kireiji/RoboticsDev_ws/install/temp/lib/python3.10/site-packages/temp'...
Compiling '/home/kireiji/RoboticsDev_ws/install/temp/lib/python3.10/site-packages/temp/__init__.py'...
Listing '/home/kireiji/RoboticsDev_ws/install/temp/lib/python3.10/site-packages/temp/msg'...
Compiling '/home/kireiji/RoboticsDev_ws/install/temp/lib/python3.10/site-packages/temp/msg/__init__.py'...
Compiling '/home/kireiji/RoboticsDev_ws/install/temp/lib/python3.10/site-packages/temp/msg/_test.py'...
Listing '/home/kireiji/RoboticsDev_ws/install/temp/lib/python3.10/site-packages/temp/srv'...
Compiling '/home/kireiji/RoboticsDev_ws/install/temp/lib/python3.10/site-packages/temp/srv/__init__.py'...
Compiling '/home/kireiji/RoboticsDev_ws/install/temp/lib/python3.10/site-packages/temp/srv/_test.py'...
-- Installing: /home/kireiji/RoboticsDev_ws/install/temp/lib/python3.10/site-packages/temp/temp_s__rosidl_typesupport_fastrtps_c.cpython-310-x86_64-linux-gnu.so
-- Set runtime path of "/home/kireiji/RoboticsDev_ws/install/temp/lib/python3.10/site-packages/temp/temp_s__rosidl_typesupport_fastrtps_c.cpython-310-x86_64-linux-gnu.so" to ""
-- Installing: /home/kireiji/RoboticsDev_ws/install/temp/lib/python3.10/site-packages/temp/temp_s__rosidl_typesupport_introspection_c.cpython-310-x86_64-linux-gnu.so
-- Set runtime path of "/home/kireiji/RoboticsDev_ws/install/temp/lib/python3.10/site-packages/temp/temp_s__rosidl_typesupport_introspection_c.cpython-310-x86_64-linux-gnu.so" to ""
-- Installing: /home/kireiji/RoboticsDev_ws/install/temp/lib/python3.10/site-packages/temp/temp_s__rosidl_typesupport_c.cpython-310-x86_64-linux-gnu.so
-- Set runtime path of "/home/kireiji/RoboticsDev_ws/install/temp/lib/python3.10/site-packages/temp/temp_s__rosidl_typesupport_c.cpython-310-x86_64-linux-gnu.so" to ""
-- Installing: /home/kireiji/RoboticsDev_ws/install/temp/lib/libtemp__rosidl_generator_py.so
-- Set runtime path of "/home/kireiji/RoboticsDev_ws/install/temp/lib/libtemp__rosidl_generator_py.so" to ""
-- Installing: /home/kireiji/RoboticsDev_ws/install/temp/share/temp/msg/Test.idl
-- Installing: /home/kireiji/RoboticsDev_ws/install/temp/share/temp/srv/Test.idl
-- Installing: /home/kireiji/RoboticsDev_ws/install/temp/share/temp/msg/Test.msg
-- Installing: /home/kireiji/RoboticsDev_ws/install/temp/share/temp/srv/Test.srv
-- Installing: /home/kireiji/RoboticsDev_ws/install/temp/share/temp/srv/Test_Request.msg
-- Installing: /home/kireiji/RoboticsDev_ws/install/temp/share/temp/srv/Test_Response.msg
-- Installing: /home/kireiji/RoboticsDev_ws/install/temp/share/ament_index/resource_index/package_run_dependencies/temp
-- Installing: /home/kireiji/RoboticsDev_ws/install/temp/share/ament_index/resource_index/parent_prefix_path/temp
-- Installing: /home/kireiji/RoboticsDev_ws/install/temp/share/temp/environment/ament_prefix_path.sh
-- Installing: /home/kireiji/RoboticsDev_ws/install/temp/share/temp/environment/ament_prefix_path.dsv
-- Installing: /home/kireiji/RoboticsDev_ws/install/temp/share/temp/environment/path.sh
-- Installing: /home/kireiji/RoboticsDev_ws/install/temp/share/temp/environment/path.dsv
-- Installing: /home/kireiji/RoboticsDev_ws/install/temp/share/temp/local_setup.bash
-- Installing: /home/kireiji/RoboticsDev_ws/install/temp/share/temp/local_setup.sh
-- Installing: /home/kireiji/RoboticsDev_ws/install/temp/share/temp/local_setup.zsh
-- Installing: /home/kireiji/RoboticsDev_ws/install/temp/share/temp/local_setup.dsv
-- Installing: /home/kireiji/RoboticsDev_ws/install/temp/share/temp/package.dsv
-- Installing: /home/kireiji/RoboticsDev_ws/install/temp/share/ament_index/resource_index/packages/temp
-- Installing: /home/kireiji/RoboticsDev_ws/install/temp/share/temp/cmake/export_temp__rosidl_generator_cExport.cmake
-- Installing: /home/kireiji/RoboticsDev_ws/install/temp/share/temp/cmake/export_temp__rosidl_generator_cExport-noconfig.cmake
-- Installing: /home/kireiji/RoboticsDev_ws/install/temp/share/temp/cmake/export_temp__rosidl_typesupport_fastrtps_cExport.cmake
-- Installing: /home/kireiji/RoboticsDev_ws/install/temp/share/temp/cmake/export_temp__rosidl_typesupport_fastrtps_cExport-noconfig.cmake
-- Installing: /home/kireiji/RoboticsDev_ws/install/temp/share/temp/cmake/temp__rosidl_typesupport_introspection_cExport.cmake
-- Installing: /home/kireiji/RoboticsDev_ws/install/temp/share/temp/cmake/temp__rosidl_typesupport_introspection_cExport-noconfig.cmake
-- Installing: /home/kireiji/RoboticsDev_ws/install/temp/share/temp/cmake/temp__rosidl_typesupport_cExport.cmake
-- Installing: /home/kireiji/RoboticsDev_ws/install/temp/share/temp/cmake/temp__rosidl_typesupport_cExport-noconfig.cmake
-- Installing: /home/kireiji/RoboticsDev_ws/install/temp/share/temp/cmake/export_temp__rosidl_generator_cppExport.cmake
-- Installing: /home/kireiji/RoboticsDev_ws/install/temp/share/temp/cmake/export_temp__rosidl_typesupport_fastrtps_cppExport.cmake
-- Installing: /home/kireiji/RoboticsDev_ws/install/temp/share/temp/cmake/export_temp__rosidl_typesupport_fastrtps_cppExport-noconfig.cmake
-- Installing: /home/kireiji/RoboticsDev_ws/install/temp/share/temp/cmake/temp__rosidl_typesupport_introspection_cppExport.cmake
-- Installing: /home/kireiji/RoboticsDev_ws/install/temp/share/temp/cmake/temp__rosidl_typesupport_introspection_cppExport-noconfig.cmake
-- Installing: /home/kireiji/RoboticsDev_ws/install/temp/share/temp/cmake/temp__rosidl_typesupport_cppExport.cmake
-- Installing: /home/kireiji/RoboticsDev_ws/install/temp/share/temp/cmake/temp__rosidl_typesupport_cppExport-noconfig.cmake
-- Installing: /home/kireiji/RoboticsDev_ws/install/temp/share/temp/cmake/export_temp__rosidl_generator_pyExport.cmake
-- Installing: /home/kireiji/RoboticsDev_ws/install/temp/share/temp/cmake/export_temp__rosidl_generator_pyExport-noconfig.cmake
-- Installing: /home/kireiji/RoboticsDev_ws/install/temp/share/temp/cmake/rosidl_cmake-extras.cmake
-- Installing: /home/kireiji/RoboticsDev_ws/install/temp/share/temp/cmake/ament_cmake_export_include_directories-extras.cmake
-- Installing: /home/kireiji/RoboticsDev_ws/install/temp/share/temp/cmake/ament_cmake_export_libraries-extras.cmake
-- Installing: /home/kireiji/RoboticsDev_ws/install/temp/share/temp/cmake/ament_cmake_export_targets-extras.cmake
-- Installing: /home/kireiji/RoboticsDev_ws/install/temp/share/temp/cmake/rosidl_cmake_export_typesupport_targets-extras.cmake
-- Installing: /home/kireiji/RoboticsDev_ws/install/temp/share/temp/cmake/ament_cmake_export_dependencies-extras.cmake
-- Installing: /home/kireiji/RoboticsDev_ws/install/temp/share/temp/cmake/rosidl_cmake_export_typesupport_libraries-extras.cmake
-- Installing: /home/kireiji/RoboticsDev_ws/install/temp/share/temp/cmake/tempConfig.cmake
-- Installing: /home/kireiji/RoboticsDev_ws/install/temp/share/temp/cmake/tempConfig-version.cmake
-- Installing: /home/kireiji/RoboticsDev_ws/install/temp/share/temp/package.xml
