[0.008s] Invoking command in '/home/kireiji/RoboticsDev_ws/build/temp': CMAKE_PREFIX_PATH=${CMAKE_PREFIX_PATH}:/home/kireiji/RoboticsDev_ws/install/launch_testing_examples:/home/kireiji/RoboticsDev_ws/install/examples_rclpy_pointcloud_publisher:/home/kireiji/RoboticsDev_ws/install/examples_rclpy_minimal_subscriber:/home/kireiji/RoboticsDev_ws/install/examples_rclpy_minimal_service:/home/kireiji/RoboticsDev_ws/install/examples_rclpy_minimal_publisher:/home/kireiji/RoboticsDev_ws/install/examples_rclpy_minimal_client:/home/kireiji/RoboticsDev_ws/install/examples_rclpy_minimal_action_server:/home/kireiji/RoboticsDev_ws/install/examples_rclpy_minimal_action_client:/home/kireiji/RoboticsDev_ws/install/examples_rclpy_guard_conditions:/home/kireiji/RoboticsDev_ws/install/examples_rclpy_executors:/home/kireiji/ros2_ws/install/my_py_pkg:/opt/ros/humble /usr/bin/cmake /home/kireiji/RoboticsDev_ws/src/temp -DCMAKE_INSTALL_PREFIX=/home/kireiji/RoboticsDev_ws/install/temp
[0.016s] -- Found ament_cmake: 1.3.10 (/opt/ros/humble/share/ament_cmake/cmake)
[0.115s] -- Found rosidl_default_generators: 1.2.0 (/opt/ros/humble/share/rosidl_default_generators/cmake)
[0.119s] -- Using all available rosidl_typesupport_c: rosidl_typesupport_fastrtps_c;rosidl_typesupport_introspection_c
[0.120s] -- Found rosidl_adapter: 3.1.5 (/opt/ros/humble/share/rosidl_adapter/cmake)
[0.139s] -- Using all available rosidl_typesupport_cpp: rosidl_typesupport_fastrtps_cpp;rosidl_typesupport_introspection_cpp
[0.153s] -- Found ament_lint_auto: 0.12.11 (/opt/ros/humble/share/ament_lint_auto/cmake)
[0.362s] -- Found ament_cmake_ros: 0.10.0 (/opt/ros/humble/share/ament_cmake_ros/cmake)
[0.503s] -- Using all available rosidl_typesupport_c: rosidl_typesupport_fastrtps_c;rosidl_typesupport_introspection_c
[0.683s] -- Using all available rosidl_typesupport_cpp: rosidl_typesupport_fastrtps_cpp;rosidl_typesupport_introspection_cpp
[0.702s] -- Found PythonInterp: /usr/local/bin/python3 (found suitable version "3.10", minimum required is "3.6") 
[0.704s] -- Found python_cmake_module: 0.10.0 (/opt/ros/humble/share/python_cmake_module/cmake)
[0.725s] -- Found PythonLibs: /usr/local/lib/libpython3.10.a (found suitable version "3.10.0", minimum required is "3.5") 
[0.725s] -- Using PYTHON_EXECUTABLE: /usr/local/bin/python3
[0.725s] -- Using PYTHON_INCLUDE_DIRS: /usr/local/include/python3.10
[0.725s] -- Using PYTHON_LIBRARIES: /usr/local/lib/libpython3.10.a
[0.744s] -- Found PythonExtra: .so  
[0.856s] -- Using numpy include directory: /home/kireiji/.local/lib/python3.10/site-packages/numpy/_core/include
[0.867s] -- Added test 'lint_cmake' to check CMake code style
[0.868s] -- Added test 'xmllint' to check XML markup files
[0.870s] -- Configuring done
[0.884s] -- Generating done
[0.885s] -- Build files have been written to: /home/kireiji/RoboticsDev_ws/build/temp
[0.891s] Invoked command in '/home/kireiji/RoboticsDev_ws/build/temp' returned '0': CMAKE_PREFIX_PATH=${CMAKE_PREFIX_PATH}:/home/kireiji/RoboticsDev_ws/install/launch_testing_examples:/home/kireiji/RoboticsDev_ws/install/examples_rclpy_pointcloud_publisher:/home/kireiji/RoboticsDev_ws/install/examples_rclpy_minimal_subscriber:/home/kireiji/RoboticsDev_ws/install/examples_rclpy_minimal_service:/home/kireiji/RoboticsDev_ws/install/examples_rclpy_minimal_publisher:/home/kireiji/RoboticsDev_ws/install/examples_rclpy_minimal_client:/home/kireiji/RoboticsDev_ws/install/examples_rclpy_minimal_action_server:/home/kireiji/RoboticsDev_ws/install/examples_rclpy_minimal_action_client:/home/kireiji/RoboticsDev_ws/install/examples_rclpy_guard_conditions:/home/kireiji/RoboticsDev_ws/install/examples_rclpy_executors:/home/kireiji/ros2_ws/install/my_py_pkg:/opt/ros/humble /usr/bin/cmake /home/kireiji/RoboticsDev_ws/src/temp -DCMAKE_INSTALL_PREFIX=/home/kireiji/RoboticsDev_ws/install/temp
[0.891s] Invoking command in '/home/kireiji/RoboticsDev_ws/build/temp': CMAKE_PREFIX_PATH=${CMAKE_PREFIX_PATH}:/home/kireiji/RoboticsDev_ws/install/launch_testing_examples:/home/kireiji/RoboticsDev_ws/install/examples_rclpy_pointcloud_publisher:/home/kireiji/RoboticsDev_ws/install/examples_rclpy_minimal_subscriber:/home/kireiji/RoboticsDev_ws/install/examples_rclpy_minimal_service:/home/kireiji/RoboticsDev_ws/install/examples_rclpy_minimal_publisher:/home/kireiji/RoboticsDev_ws/install/examples_rclpy_minimal_client:/home/kireiji/RoboticsDev_ws/install/examples_rclpy_minimal_action_server:/home/kireiji/RoboticsDev_ws/install/examples_rclpy_minimal_action_client:/home/kireiji/RoboticsDev_ws/install/examples_rclpy_guard_conditions:/home/kireiji/RoboticsDev_ws/install/examples_rclpy_executors:/home/kireiji/ros2_ws/install/my_py_pkg:/opt/ros/humble /usr/bin/cmake --build /home/kireiji/RoboticsDev_ws/build/temp -- -j16 -l16
[0.916s] [  2%] [34m[1mGenerating C code for ROS interfaces[0m
[0.922s] [  5%] [34m[1mGenerating C++ code for ROS interfaces[0m
[0.927s] [  5%] Built target ament_cmake_python_copy_temp
[1.095s] running egg_info
[1.095s] creating temp.egg-info
[1.095s] writing manifest file 'temp.egg-info/SOURCES.txt'
[1.097s] writing manifest file 'temp.egg-info/SOURCES.txt'
[1.114s] [  5%] Built target ament_cmake_python_build_temp_egg
[1.170s] [  5%] Built target temp__cpp
[1.177s] [ 10%] [34m[1mGenerating C++ type support dispatch for ROS interfaces[0m
[1.177s] [ 10%] [34m[1mGenerating C++ introspection for ROS interfaces[0m
[1.177s] [ 12%] [34m[1mGenerating C++ type support for eProsima Fast-RTPS[0m
[1.179s] [ 15%] [32mBuilding C object CMakeFiles/temp__rosidl_generator_c.dir/rosidl_generator_c/temp/msg/detail/test__functions.c.o[0m
[1.179s] [ 17%] [32mBuilding C object CMakeFiles/temp__rosidl_generator_c.dir/rosidl_generator_c/temp/srv/detail/test__functions.c.o[0m
[1.215s] [ 20%] [32m[1mLinking C shared library libtemp__rosidl_generator_c.so[0m
[1.240s] [ 20%] Built target temp__rosidl_generator_c
[1.247s] [ 25%] [34m[1mGenerating C introspection for ROS interfaces[0m
[1.247s] [ 28%] [34m[1mGenerating C type support for eProsima Fast-RTPS[0m
[1.247s] [ 28%] [34m[1mGenerating C type support dispatch for ROS interfaces[0m
[1.388s] [ 33%] [32mBuilding CXX object CMakeFiles/temp__rosidl_typesupport_cpp.dir/rosidl_typesupport_cpp/temp/msg/test__type_support.cpp.o[0m
[1.388s] [ 33%] [32mBuilding CXX object CMakeFiles/temp__rosidl_typesupport_cpp.dir/rosidl_typesupport_cpp/temp/srv/test__type_support.cpp.o[0m
[1.413s] [ 35%] [32mBuilding CXX object CMakeFiles/temp__rosidl_typesupport_introspection_cpp.dir/rosidl_typesupport_introspection_cpp/temp/msg/detail/test__type_support.cpp.o[0m
[1.415s] [ 38%] [32mBuilding CXX object CMakeFiles/temp__rosidl_typesupport_introspection_cpp.dir/rosidl_typesupport_introspection_cpp/temp/srv/detail/test__type_support.cpp.o[0m
[1.426s] [ 41%] [32mBuilding CXX object CMakeFiles/temp__rosidl_typesupport_fastrtps_cpp.dir/rosidl_typesupport_fastrtps_cpp/temp/msg/detail/dds_fastrtps/test__type_support.cpp.o[0m
[1.429s] [ 43%] [32mBuilding CXX object CMakeFiles/temp__rosidl_typesupport_fastrtps_cpp.dir/rosidl_typesupport_fastrtps_cpp/temp/srv/detail/dds_fastrtps/test__type_support.cpp.o[0m
[1.461s] [ 46%] [32mBuilding CXX object CMakeFiles/temp__rosidl_typesupport_c.dir/rosidl_typesupport_c/temp/msg/test__type_support.cpp.o[0m
[1.464s] [ 48%] [32mBuilding CXX object CMakeFiles/temp__rosidl_typesupport_c.dir/rosidl_typesupport_c/temp/srv/test__type_support.cpp.o[0m
[1.495s] [ 51%] [32m[1mLinking CXX shared library libtemp__rosidl_typesupport_c.so[0m
[1.499s] [ 53%] [32mBuilding C object CMakeFiles/temp__rosidl_typesupport_introspection_c.dir/rosidl_typesupport_introspection_c/temp/msg/detail/test__type_support.c.o[0m
[1.499s] [ 56%] [32mBuilding C object CMakeFiles/temp__rosidl_typesupport_introspection_c.dir/rosidl_typesupport_introspection_c/temp/srv/detail/test__type_support.c.o[0m
[1.507s] [ 58%] [32mBuilding CXX object CMakeFiles/temp__rosidl_typesupport_fastrtps_c.dir/rosidl_typesupport_fastrtps_c/temp/msg/detail/test__type_support_c.cpp.o[0m
[1.509s] [ 61%] [32mBuilding CXX object CMakeFiles/temp__rosidl_typesupport_fastrtps_c.dir/rosidl_typesupport_fastrtps_c/temp/srv/detail/test__type_support_c.cpp.o[0m
[1.528s] [ 61%] Built target temp__rosidl_typesupport_c
[1.530s] [ 64%] [32m[1mLinking C shared library libtemp__rosidl_typesupport_introspection_c.so[0m
[1.553s] [ 64%] Built target temp__rosidl_typesupport_introspection_c
[1.625s] [ 66%] [32m[1mLinking CXX shared library libtemp__rosidl_typesupport_cpp.so[0m
[1.653s] [ 66%] Built target temp__rosidl_typesupport_cpp
[1.663s] [ 69%] [32m[1mLinking CXX shared library libtemp__rosidl_typesupport_introspection_cpp.so[0m
[1.690s] [ 69%] Built target temp__rosidl_typesupport_introspection_cpp
[1.750s] [ 71%] [32m[1mLinking CXX shared library libtemp__rosidl_typesupport_fastrtps_cpp.so[0m
[1.752s] [ 74%] [32m[1mLinking CXX shared library libtemp__rosidl_typesupport_fastrtps_c.so[0m
[1.797s] [ 74%] Built target temp__rosidl_typesupport_fastrtps_cpp
[1.797s] [ 74%] Built target temp__rosidl_typesupport_fastrtps_c
[1.810s] [ 74%] Built target temp
[1.822s] [ 76%] [34m[1mGenerating Python code for ROS interfaces[0m
[2.153s] [ 76%] Built target temp__py
[2.165s] [ 79%] [32mBuilding C object CMakeFiles/temp__rosidl_generator_py.dir/rosidl_generator_py/temp/msg/_test_s.c.o[0m
[2.165s] [ 82%] [32mBuilding C object CMakeFiles/temp__rosidl_generator_py.dir/rosidl_generator_py/temp/srv/_test_s.c.o[0m
[2.229s] [ 84%] [32m[1mLinking C shared library rosidl_generator_py/temp/libtemp__rosidl_generator_py.so[0m
[2.354s] [ 84%] Built target temp__rosidl_generator_py
[2.368s] [ 87%] [32mBuilding C object CMakeFiles/temp__rosidl_typesupport_fastrtps_c__pyext.dir/rosidl_generator_py/temp/_temp_s.ep.rosidl_typesupport_fastrtps_c.c.o[0m
[2.368s] [ 92%] [32mBuilding C object CMakeFiles/temp__rosidl_typesupport_introspection_c__pyext.dir/rosidl_generator_py/temp/_temp_s.ep.rosidl_typesupport_introspection_c.c.o[0m
[2.368s] [ 92%] [32mBuilding C object CMakeFiles/temp__rosidl_typesupport_c__pyext.dir/rosidl_generator_py/temp/_temp_s.ep.rosidl_typesupport_c.c.o[0m
[2.427s] [100%] [32m[1mLinking C shared library rosidl_generator_py/temp/temp_s__rosidl_typesupport_fastrtps_c.cpython-310-x86_64-linux-gnu.so[0m
[2.427s] [100%] [32m[1mLinking C shared library rosidl_generator_py/temp/temp_s__rosidl_typesupport_c.cpython-310-x86_64-linux-gnu.so[0m
[2.427s] [100%] [32m[1mLinking C shared library rosidl_generator_py/temp/temp_s__rosidl_typesupport_introspection_c.cpython-310-x86_64-linux-gnu.so[0m
[2.449s] [100%] Built target temp__rosidl_typesupport_introspection_c__pyext
[2.449s] [100%] Built target temp__rosidl_typesupport_c__pyext
[2.449s] [100%] Built target temp__rosidl_typesupport_fastrtps_c__pyext
[2.456s] Invoked command in '/home/kireiji/RoboticsDev_ws/build/temp' returned '0': CMAKE_PREFIX_PATH=${CMAKE_PREFIX_PATH}:/home/kireiji/RoboticsDev_ws/install/launch_testing_examples:/home/kireiji/RoboticsDev_ws/install/examples_rclpy_pointcloud_publisher:/home/kireiji/RoboticsDev_ws/install/examples_rclpy_minimal_subscriber:/home/kireiji/RoboticsDev_ws/install/examples_rclpy_minimal_service:/home/kireiji/RoboticsDev_ws/install/examples_rclpy_minimal_publisher:/home/kireiji/RoboticsDev_ws/install/examples_rclpy_minimal_client:/home/kireiji/RoboticsDev_ws/install/examples_rclpy_minimal_action_server:/home/kireiji/RoboticsDev_ws/install/examples_rclpy_minimal_action_client:/home/kireiji/RoboticsDev_ws/install/examples_rclpy_guard_conditions:/home/kireiji/RoboticsDev_ws/install/examples_rclpy_executors:/home/kireiji/ros2_ws/install/my_py_pkg:/opt/ros/humble /usr/bin/cmake --build /home/kireiji/RoboticsDev_ws/build/temp -- -j16 -l16
[2.520s] Invoking command in '/home/kireiji/RoboticsDev_ws/build/temp': CMAKE_PREFIX_PATH=${CMAKE_PREFIX_PATH}:/home/kireiji/RoboticsDev_ws/install/launch_testing_examples:/home/kireiji/RoboticsDev_ws/install/examples_rclpy_pointcloud_publisher:/home/kireiji/RoboticsDev_ws/install/examples_rclpy_minimal_subscriber:/home/kireiji/RoboticsDev_ws/install/examples_rclpy_minimal_service:/home/kireiji/RoboticsDev_ws/install/examples_rclpy_minimal_publisher:/home/kireiji/RoboticsDev_ws/install/examples_rclpy_minimal_client:/home/kireiji/RoboticsDev_ws/install/examples_rclpy_minimal_action_server:/home/kireiji/RoboticsDev_ws/install/examples_rclpy_minimal_action_client:/home/kireiji/RoboticsDev_ws/install/examples_rclpy_guard_conditions:/home/kireiji/RoboticsDev_ws/install/examples_rclpy_executors:/home/kireiji/ros2_ws/install/my_py_pkg:/opt/ros/humble /usr/bin/cmake --install /home/kireiji/RoboticsDev_ws/build/temp
[2.524s] -- Install configuration: ""
[2.524s] -- Installing: /home/kireiji/RoboticsDev_ws/install/temp/share/ament_index/resource_index/rosidl_interfaces/temp
[2.524s] -- Installing: /home/kireiji/RoboticsDev_ws/install/temp/include/temp/temp
[2.524s] -- Installing: /home/kireiji/RoboticsDev_ws/install/temp/include/temp/temp/msg
[2.525s] -- Installing: /home/kireiji/RoboticsDev_ws/install/temp/include/temp/temp/msg/rosidl_generator_c__visibility_control.h
[2.525s] -- Installing: /home/kireiji/RoboticsDev_ws/install/temp/include/temp/temp/msg/test.h
[2.525s] -- Installing: /home/kireiji/RoboticsDev_ws/install/temp/include/temp/temp/msg/detail
[2.525s] -- Installing: /home/kireiji/RoboticsDev_ws/install/temp/include/temp/temp/msg/detail/test__struct.h
[2.525s] -- Installing: /home/kireiji/RoboticsDev_ws/install/temp/include/temp/temp/msg/detail/test__functions.c
[2.525s] -- Installing: /home/kireiji/RoboticsDev_ws/install/temp/include/temp/temp/msg/detail/test__type_support.h
[2.525s] -- Installing: /home/kireiji/RoboticsDev_ws/install/temp/include/temp/temp/msg/detail/test__functions.h
[2.525s] -- Installing: /home/kireiji/RoboticsDev_ws/install/temp/include/temp/temp/srv
[2.525s] -- Installing: /home/kireiji/RoboticsDev_ws/install/temp/include/temp/temp/srv/test.h
[2.525s] -- Installing: /home/kireiji/RoboticsDev_ws/install/temp/include/temp/temp/srv/detail
[2.525s] -- Installing: /home/kireiji/RoboticsDev_ws/install/temp/include/temp/temp/srv/detail/test__struct.h
[2.525s] -- Installing: /home/kireiji/RoboticsDev_ws/install/temp/include/temp/temp/srv/detail/test__functions.c
[2.525s] -- Installing: /home/kireiji/RoboticsDev_ws/install/temp/include/temp/temp/srv/detail/test__type_support.h
[2.525s] -- Installing: /home/kireiji/RoboticsDev_ws/install/temp/include/temp/temp/srv/detail/test__functions.h
[2.525s] -- Installing: /home/kireiji/RoboticsDev_ws/install/temp/share/temp/environment/library_path.sh
[2.525s] -- Installing: /home/kireiji/RoboticsDev_ws/install/temp/share/temp/environment/library_path.dsv
[2.525s] -- Installing: /home/kireiji/RoboticsDev_ws/install/temp/lib/libtemp__rosidl_generator_c.so
[2.525s] -- Set runtime path of "/home/kireiji/RoboticsDev_ws/install/temp/lib/libtemp__rosidl_generator_c.so" to ""
[2.526s] -- Up-to-date: /home/kireiji/RoboticsDev_ws/install/temp/include/temp/temp
[2.526s] -- Up-to-date: /home/kireiji/RoboticsDev_ws/install/temp/include/temp/temp/msg
[2.526s] -- Installing: /home/kireiji/RoboticsDev_ws/install/temp/include/temp/temp/msg/rosidl_typesupport_fastrtps_c__visibility_control.h
[2.526s] -- Up-to-date: /home/kireiji/RoboticsDev_ws/install/temp/include/temp/temp/msg/detail
[2.526s] -- Installing: /home/kireiji/RoboticsDev_ws/install/temp/include/temp/temp/msg/detail/test__rosidl_typesupport_fastrtps_c.h
[2.526s] -- Up-to-date: /home/kireiji/RoboticsDev_ws/install/temp/include/temp/temp/srv
[2.526s] -- Up-to-date: /home/kireiji/RoboticsDev_ws/install/temp/include/temp/temp/srv/detail
[2.526s] -- Installing: /home/kireiji/RoboticsDev_ws/install/temp/include/temp/temp/srv/detail/test__rosidl_typesupport_fastrtps_c.h
[2.526s] -- Installing: /home/kireiji/RoboticsDev_ws/install/temp/lib/libtemp__rosidl_typesupport_fastrtps_c.so
[2.526s] -- Set runtime path of "/home/kireiji/RoboticsDev_ws/install/temp/lib/libtemp__rosidl_typesupport_fastrtps_c.so" to ""
[2.526s] -- Up-to-date: /home/kireiji/RoboticsDev_ws/install/temp/include/temp/temp
[2.526s] -- Up-to-date: /home/kireiji/RoboticsDev_ws/install/temp/include/temp/temp/msg
[2.526s] -- Up-to-date: /home/kireiji/RoboticsDev_ws/install/temp/include/temp/temp/msg/detail
[2.526s] -- Installing: /home/kireiji/RoboticsDev_ws/install/temp/include/temp/temp/msg/detail/test__rosidl_typesupport_introspection_c.h
[2.526s] -- Installing: /home/kireiji/RoboticsDev_ws/install/temp/include/temp/temp/msg/detail/test__type_support.c
[2.526s] -- Installing: /home/kireiji/RoboticsDev_ws/install/temp/include/temp/temp/msg/rosidl_typesupport_introspection_c__visibility_control.h
[2.526s] -- Up-to-date: /home/kireiji/RoboticsDev_ws/install/temp/include/temp/temp/srv
[2.526s] -- Up-to-date: /home/kireiji/RoboticsDev_ws/install/temp/include/temp/temp/srv/detail
[2.526s] -- Installing: /home/kireiji/RoboticsDev_ws/install/temp/include/temp/temp/srv/detail/test__rosidl_typesupport_introspection_c.h
[2.526s] -- Installing: /home/kireiji/RoboticsDev_ws/install/temp/include/temp/temp/srv/detail/test__type_support.c
[2.526s] -- Installing: /home/kireiji/RoboticsDev_ws/install/temp/lib/libtemp__rosidl_typesupport_introspection_c.so
[2.526s] -- Set runtime path of "/home/kireiji/RoboticsDev_ws/install/temp/lib/libtemp__rosidl_typesupport_introspection_c.so" to ""
[2.526s] -- Installing: /home/kireiji/RoboticsDev_ws/install/temp/lib/libtemp__rosidl_typesupport_c.so
[2.527s] -- Set runtime path of "/home/kireiji/RoboticsDev_ws/install/temp/lib/libtemp__rosidl_typesupport_c.so" to ""
[2.527s] -- Up-to-date: /home/kireiji/RoboticsDev_ws/install/temp/include/temp/temp
[2.527s] -- Up-to-date: /home/kireiji/RoboticsDev_ws/install/temp/include/temp/temp/msg
[2.527s] -- Installing: /home/kireiji/RoboticsDev_ws/install/temp/include/temp/temp/msg/test.hpp
[2.527s] -- Up-to-date: /home/kireiji/RoboticsDev_ws/install/temp/include/temp/temp/msg/detail
[2.527s] -- Installing: /home/kireiji/RoboticsDev_ws/install/temp/include/temp/temp/msg/detail/test__builder.hpp
[2.527s] -- Installing: /home/kireiji/RoboticsDev_ws/install/temp/include/temp/temp/msg/detail/test__struct.hpp
[2.527s] -- Installing: /home/kireiji/RoboticsDev_ws/install/temp/include/temp/temp/msg/detail/test__traits.hpp
[2.527s] -- Up-to-date: /home/kireiji/RoboticsDev_ws/install/temp/include/temp/temp/srv
[2.527s] -- Installing: /home/kireiji/RoboticsDev_ws/install/temp/include/temp/temp/srv/test.hpp
[2.527s] -- Up-to-date: /home/kireiji/RoboticsDev_ws/install/temp/include/temp/temp/srv/detail
[2.527s] -- Installing: /home/kireiji/RoboticsDev_ws/install/temp/include/temp/temp/srv/detail/test__builder.hpp
[2.527s] -- Installing: /home/kireiji/RoboticsDev_ws/install/temp/include/temp/temp/srv/detail/test__struct.hpp
[2.527s] -- Installing: /home/kireiji/RoboticsDev_ws/install/temp/include/temp/temp/srv/detail/test__traits.hpp
[2.527s] -- Up-to-date: /home/kireiji/RoboticsDev_ws/install/temp/include/temp/temp
[2.527s] -- Up-to-date: /home/kireiji/RoboticsDev_ws/install/temp/include/temp/temp/msg
[2.527s] -- Installing: /home/kireiji/RoboticsDev_ws/install/temp/include/temp/temp/msg/rosidl_typesupport_fastrtps_cpp__visibility_control.h
[2.527s] -- Up-to-date: /home/kireiji/RoboticsDev_ws/install/temp/include/temp/temp/msg/detail
[2.527s] -- Installing: /home/kireiji/RoboticsDev_ws/install/temp/include/temp/temp/msg/detail/test__rosidl_typesupport_fastrtps_cpp.hpp
[2.527s] -- Installing: /home/kireiji/RoboticsDev_ws/install/temp/include/temp/temp/msg/detail/dds_fastrtps
[2.527s] -- Up-to-date: /home/kireiji/RoboticsDev_ws/install/temp/include/temp/temp/srv
[2.527s] -- Up-to-date: /home/kireiji/RoboticsDev_ws/install/temp/include/temp/temp/srv/detail
[2.527s] -- Installing: /home/kireiji/RoboticsDev_ws/install/temp/include/temp/temp/srv/detail/test__rosidl_typesupport_fastrtps_cpp.hpp
[2.527s] -- Installing: /home/kireiji/RoboticsDev_ws/install/temp/include/temp/temp/srv/detail/dds_fastrtps
[2.528s] -- Installing: /home/kireiji/RoboticsDev_ws/install/temp/lib/libtemp__rosidl_typesupport_fastrtps_cpp.so
[2.528s] -- Set runtime path of "/home/kireiji/RoboticsDev_ws/install/temp/lib/libtemp__rosidl_typesupport_fastrtps_cpp.so" to ""
[2.528s] -- Up-to-date: /home/kireiji/RoboticsDev_ws/install/temp/include/temp/temp
[2.528s] -- Up-to-date: /home/kireiji/RoboticsDev_ws/install/temp/include/temp/temp/msg
[2.528s] -- Up-to-date: /home/kireiji/RoboticsDev_ws/install/temp/include/temp/temp/msg/detail
[2.528s] -- Installing: /home/kireiji/RoboticsDev_ws/install/temp/include/temp/temp/msg/detail/test__type_support.cpp
[2.528s] -- Installing: /home/kireiji/RoboticsDev_ws/install/temp/include/temp/temp/msg/detail/test__rosidl_typesupport_introspection_cpp.hpp
[2.528s] -- Up-to-date: /home/kireiji/RoboticsDev_ws/install/temp/include/temp/temp/srv
[2.528s] -- Up-to-date: /home/kireiji/RoboticsDev_ws/install/temp/include/temp/temp/srv/detail
[2.528s] -- Installing: /home/kireiji/RoboticsDev_ws/install/temp/include/temp/temp/srv/detail/test__type_support.cpp
[2.528s] -- Installing: /home/kireiji/RoboticsDev_ws/install/temp/include/temp/temp/srv/detail/test__rosidl_typesupport_introspection_cpp.hpp
[2.528s] -- Installing: /home/kireiji/RoboticsDev_ws/install/temp/lib/libtemp__rosidl_typesupport_introspection_cpp.so
[2.528s] -- Set runtime path of "/home/kireiji/RoboticsDev_ws/install/temp/lib/libtemp__rosidl_typesupport_introspection_cpp.so" to ""
[2.528s] -- Installing: /home/kireiji/RoboticsDev_ws/install/temp/lib/libtemp__rosidl_typesupport_cpp.so
[2.528s] -- Set runtime path of "/home/kireiji/RoboticsDev_ws/install/temp/lib/libtemp__rosidl_typesupport_cpp.so" to ""
[2.528s] -- Installing: /home/kireiji/RoboticsDev_ws/install/temp/share/temp/environment/pythonpath.sh
[2.528s] -- Installing: /home/kireiji/RoboticsDev_ws/install/temp/share/temp/environment/pythonpath.dsv
[2.528s] -- Installing: /home/kireiji/RoboticsDev_ws/install/temp/lib/python3.10/site-packages/temp-0.0.0-py3.10.egg-info
[2.528s] -- Installing: /home/kireiji/RoboticsDev_ws/install/temp/lib/python3.10/site-packages/temp-0.0.0-py3.10.egg-info/PKG-INFO
[2.528s] -- Installing: /home/kireiji/RoboticsDev_ws/install/temp/lib/python3.10/site-packages/temp-0.0.0-py3.10.egg-info/dependency_links.txt
[2.528s] -- Installing: /home/kireiji/RoboticsDev_ws/install/temp/lib/python3.10/site-packages/temp-0.0.0-py3.10.egg-info/top_level.txt
[2.528s] -- Installing: /home/kireiji/RoboticsDev_ws/install/temp/lib/python3.10/site-packages/temp-0.0.0-py3.10.egg-info/SOURCES.txt
[2.528s] -- Installing: /home/kireiji/RoboticsDev_ws/install/temp/lib/python3.10/site-packages/temp
[2.528s] -- Installing: /home/kireiji/RoboticsDev_ws/install/temp/lib/python3.10/site-packages/temp/temp_s__rosidl_typesupport_fastrtps_c.cpython-310-x86_64-linux-gnu.so
[2.529s] -- Installing: /home/kireiji/RoboticsDev_ws/install/temp/lib/python3.10/site-packages/temp/libtemp__rosidl_generator_py.so
[2.536s] -- Installing: /home/kireiji/RoboticsDev_ws/install/temp/lib/python3.10/site-packages/temp/__init__.py
[2.536s] -- Installing: /home/kireiji/RoboticsDev_ws/install/temp/lib/python3.10/site-packages/temp/_temp_s.ep.rosidl_typesupport_introspection_c.c
[2.536s] -- Installing: /home/kireiji/RoboticsDev_ws/install/temp/lib/python3.10/site-packages/temp/temp_s__rosidl_typesupport_c.cpython-310-x86_64-linux-gnu.so
[2.536s] -- Installing: /home/kireiji/RoboticsDev_ws/install/temp/lib/python3.10/site-packages/temp/msg
[2.536s] -- Installing: /home/kireiji/RoboticsDev_ws/install/temp/lib/python3.10/site-packages/temp/msg/_test_s.c
[2.536s] -- Installing: /home/kireiji/RoboticsDev_ws/install/temp/lib/python3.10/site-packages/temp/msg/__init__.py
[2.536s] -- Installing: /home/kireiji/RoboticsDev_ws/install/temp/lib/python3.10/site-packages/temp/msg/_test.py
[2.536s] -- Installing: /home/kireiji/RoboticsDev_ws/install/temp/lib/python3.10/site-packages/temp/srv
[2.536s] -- Installing: /home/kireiji/RoboticsDev_ws/install/temp/lib/python3.10/site-packages/temp/srv/_test_s.c
[2.536s] -- Installing: /home/kireiji/RoboticsDev_ws/install/temp/lib/python3.10/site-packages/temp/srv/__init__.py
[2.536s] -- Installing: /home/kireiji/RoboticsDev_ws/install/temp/lib/python3.10/site-packages/temp/srv/_test.py
[2.536s] -- Installing: /home/kireiji/RoboticsDev_ws/install/temp/lib/python3.10/site-packages/temp/temp_s__rosidl_typesupport_introspection_c.cpython-310-x86_64-linux-gnu.so
[2.536s] -- Installing: /home/kireiji/RoboticsDev_ws/install/temp/lib/python3.10/site-packages/temp/_temp_s.ep.rosidl_typesupport_c.c
[2.537s] -- Installing: /home/kireiji/RoboticsDev_ws/install/temp/lib/python3.10/site-packages/temp/_temp_s.ep.rosidl_typesupport_fastrtps_c.c
[2.568s] Listing '/home/kireiji/RoboticsDev_ws/install/temp/lib/python3.10/site-packages/temp'...
[2.568s] Compiling '/home/kireiji/RoboticsDev_ws/install/temp/lib/python3.10/site-packages/temp/__init__.py'...
[2.568s] Listing '/home/kireiji/RoboticsDev_ws/install/temp/lib/python3.10/site-packages/temp/msg'...
[2.568s] Compiling '/home/kireiji/RoboticsDev_ws/install/temp/lib/python3.10/site-packages/temp/msg/__init__.py'...
[2.568s] Compiling '/home/kireiji/RoboticsDev_ws/install/temp/lib/python3.10/site-packages/temp/msg/_test.py'...
[2.568s] Listing '/home/kireiji/RoboticsDev_ws/install/temp/lib/python3.10/site-packages/temp/srv'...
[2.568s] Compiling '/home/kireiji/RoboticsDev_ws/install/temp/lib/python3.10/site-packages/temp/srv/__init__.py'...
[2.568s] Compiling '/home/kireiji/RoboticsDev_ws/install/temp/lib/python3.10/site-packages/temp/srv/_test.py'...
[2.570s] -- Installing: /home/kireiji/RoboticsDev_ws/install/temp/lib/python3.10/site-packages/temp/temp_s__rosidl_typesupport_fastrtps_c.cpython-310-x86_64-linux-gnu.so
[2.571s] -- Set runtime path of "/home/kireiji/RoboticsDev_ws/install/temp/lib/python3.10/site-packages/temp/temp_s__rosidl_typesupport_fastrtps_c.cpython-310-x86_64-linux-gnu.so" to ""
[2.571s] -- Installing: /home/kireiji/RoboticsDev_ws/install/temp/lib/python3.10/site-packages/temp/temp_s__rosidl_typesupport_introspection_c.cpython-310-x86_64-linux-gnu.so
[2.571s] -- Set runtime path of "/home/kireiji/RoboticsDev_ws/install/temp/lib/python3.10/site-packages/temp/temp_s__rosidl_typesupport_introspection_c.cpython-310-x86_64-linux-gnu.so" to ""
[2.571s] -- Installing: /home/kireiji/RoboticsDev_ws/install/temp/lib/python3.10/site-packages/temp/temp_s__rosidl_typesupport_c.cpython-310-x86_64-linux-gnu.so
[2.571s] -- Set runtime path of "/home/kireiji/RoboticsDev_ws/install/temp/lib/python3.10/site-packages/temp/temp_s__rosidl_typesupport_c.cpython-310-x86_64-linux-gnu.so" to ""
[2.571s] -- Installing: /home/kireiji/RoboticsDev_ws/install/temp/lib/libtemp__rosidl_generator_py.so
[2.578s] -- Set runtime path of "/home/kireiji/RoboticsDev_ws/install/temp/lib/libtemp__rosidl_generator_py.so" to ""
[2.578s] -- Installing: /home/kireiji/RoboticsDev_ws/install/temp/share/temp/msg/Test.idl
[2.578s] -- Installing: /home/kireiji/RoboticsDev_ws/install/temp/share/temp/srv/Test.idl
[2.579s] -- Installing: /home/kireiji/RoboticsDev_ws/install/temp/share/temp/msg/Test.msg
[2.579s] -- Installing: /home/kireiji/RoboticsDev_ws/install/temp/share/temp/srv/Test.srv
[2.579s] -- Installing: /home/kireiji/RoboticsDev_ws/install/temp/share/temp/srv/Test_Request.msg
[2.579s] -- Installing: /home/kireiji/RoboticsDev_ws/install/temp/share/temp/srv/Test_Response.msg
[2.579s] -- Installing: /home/kireiji/RoboticsDev_ws/install/temp/share/ament_index/resource_index/package_run_dependencies/temp
[2.579s] -- Installing: /home/kireiji/RoboticsDev_ws/install/temp/share/ament_index/resource_index/parent_prefix_path/temp
[2.579s] -- Installing: /home/kireiji/RoboticsDev_ws/install/temp/share/temp/environment/ament_prefix_path.sh
[2.579s] -- Installing: /home/kireiji/RoboticsDev_ws/install/temp/share/temp/environment/ament_prefix_path.dsv
[2.579s] -- Installing: /home/kireiji/RoboticsDev_ws/install/temp/share/temp/environment/path.sh
[2.579s] -- Installing: /home/kireiji/RoboticsDev_ws/install/temp/share/temp/environment/path.dsv
[2.579s] -- Installing: /home/kireiji/RoboticsDev_ws/install/temp/share/temp/local_setup.bash
[2.579s] -- Installing: /home/kireiji/RoboticsDev_ws/install/temp/share/temp/local_setup.sh
[2.579s] -- Installing: /home/kireiji/RoboticsDev_ws/install/temp/share/temp/local_setup.zsh
[2.579s] -- Installing: /home/kireiji/RoboticsDev_ws/install/temp/share/temp/local_setup.dsv
[2.579s] -- Installing: /home/kireiji/RoboticsDev_ws/install/temp/share/temp/package.dsv
[2.579s] -- Installing: /home/kireiji/RoboticsDev_ws/install/temp/share/ament_index/resource_index/packages/temp
[2.579s] -- Installing: /home/kireiji/RoboticsDev_ws/install/temp/share/temp/cmake/export_temp__rosidl_generator_cExport.cmake
[2.580s] -- Installing: /home/kireiji/RoboticsDev_ws/install/temp/share/temp/cmake/export_temp__rosidl_generator_cExport-noconfig.cmake
[2.580s] -- Installing: /home/kireiji/RoboticsDev_ws/install/temp/share/temp/cmake/export_temp__rosidl_typesupport_fastrtps_cExport.cmake
[2.580s] -- Installing: /home/kireiji/RoboticsDev_ws/install/temp/share/temp/cmake/export_temp__rosidl_typesupport_fastrtps_cExport-noconfig.cmake
[2.580s] -- Installing: /home/kireiji/RoboticsDev_ws/install/temp/share/temp/cmake/temp__rosidl_typesupport_introspection_cExport.cmake
[2.580s] -- Installing: /home/kireiji/RoboticsDev_ws/install/temp/share/temp/cmake/temp__rosidl_typesupport_introspection_cExport-noconfig.cmake
[2.580s] -- Installing: /home/kireiji/RoboticsDev_ws/install/temp/share/temp/cmake/temp__rosidl_typesupport_cExport.cmake
[2.580s] -- Installing: /home/kireiji/RoboticsDev_ws/install/temp/share/temp/cmake/temp__rosidl_typesupport_cExport-noconfig.cmake
[2.580s] -- Installing: /home/kireiji/RoboticsDev_ws/install/temp/share/temp/cmake/export_temp__rosidl_generator_cppExport.cmake
[2.580s] -- Installing: /home/kireiji/RoboticsDev_ws/install/temp/share/temp/cmake/export_temp__rosidl_typesupport_fastrtps_cppExport.cmake
[2.580s] -- Installing: /home/kireiji/RoboticsDev_ws/install/temp/share/temp/cmake/export_temp__rosidl_typesupport_fastrtps_cppExport-noconfig.cmake
[2.580s] -- Installing: /home/kireiji/RoboticsDev_ws/install/temp/share/temp/cmake/temp__rosidl_typesupport_introspection_cppExport.cmake
[2.580s] -- Installing: /home/kireiji/RoboticsDev_ws/install/temp/share/temp/cmake/temp__rosidl_typesupport_introspection_cppExport-noconfig.cmake
[2.580s] -- Installing: /home/kireiji/RoboticsDev_ws/install/temp/share/temp/cmake/temp__rosidl_typesupport_cppExport.cmake
[2.580s] -- Installing: /home/kireiji/RoboticsDev_ws/install/temp/share/temp/cmake/temp__rosidl_typesupport_cppExport-noconfig.cmake
[2.580s] -- Installing: /home/kireiji/RoboticsDev_ws/install/temp/share/temp/cmake/export_temp__rosidl_generator_pyExport.cmake
[2.580s] -- Installing: /home/kireiji/RoboticsDev_ws/install/temp/share/temp/cmake/export_temp__rosidl_generator_pyExport-noconfig.cmake
[2.581s] -- Installing: /home/kireiji/RoboticsDev_ws/install/temp/share/temp/cmake/rosidl_cmake-extras.cmake
[2.581s] -- Installing: /home/kireiji/RoboticsDev_ws/install/temp/share/temp/cmake/ament_cmake_export_include_directories-extras.cmake
[2.581s] -- Installing: /home/kireiji/RoboticsDev_ws/install/temp/share/temp/cmake/ament_cmake_export_libraries-extras.cmake
[2.581s] -- Installing: /home/kireiji/RoboticsDev_ws/install/temp/share/temp/cmake/ament_cmake_export_targets-extras.cmake
[2.581s] -- Installing: /home/kireiji/RoboticsDev_ws/install/temp/share/temp/cmake/rosidl_cmake_export_typesupport_targets-extras.cmake
[2.581s] -- Installing: /home/kireiji/RoboticsDev_ws/install/temp/share/temp/cmake/ament_cmake_export_dependencies-extras.cmake
[2.581s] -- Installing: /home/kireiji/RoboticsDev_ws/install/temp/share/temp/cmake/rosidl_cmake_export_typesupport_libraries-extras.cmake
[2.581s] -- Installing: /home/kireiji/RoboticsDev_ws/install/temp/share/temp/cmake/tempConfig.cmake
[2.581s] -- Installing: /home/kireiji/RoboticsDev_ws/install/temp/share/temp/cmake/tempConfig-version.cmake
[2.581s] -- Installing: /home/kireiji/RoboticsDev_ws/install/temp/share/temp/package.xml
[2.583s] Invoked command in '/home/kireiji/RoboticsDev_ws/build/temp' returned '0': CMAKE_PREFIX_PATH=${CMAKE_PREFIX_PATH}:/home/kireiji/RoboticsDev_ws/install/launch_testing_examples:/home/kireiji/RoboticsDev_ws/install/examples_rclpy_pointcloud_publisher:/home/kireiji/RoboticsDev_ws/install/examples_rclpy_minimal_subscriber:/home/kireiji/RoboticsDev_ws/install/examples_rclpy_minimal_service:/home/kireiji/RoboticsDev_ws/install/examples_rclpy_minimal_publisher:/home/kireiji/RoboticsDev_ws/install/examples_rclpy_minimal_client:/home/kireiji/RoboticsDev_ws/install/examples_rclpy_minimal_action_server:/home/kireiji/RoboticsDev_ws/install/examples_rclpy_minimal_action_client:/home/kireiji/RoboticsDev_ws/install/examples_rclpy_guard_conditions:/home/kireiji/RoboticsDev_ws/install/examples_rclpy_executors:/home/kireiji/ros2_ws/install/my_py_pkg:/opt/ros/humble /usr/bin/cmake --install /home/kireiji/RoboticsDev_ws/build/temp
