[0.067s] Invoking command in '/home/kireiji/RoboticsDev_ws/build/examples_rclcpp_wait_set': CMAKE_PREFIX_PATH=${CMAKE_PREFIX_PATH}:/home/kireiji/RoboticsDev_ws/install/launch_testing_examples:/home/kireiji/RoboticsDev_ws/install/examples_rclpy_pointcloud_publisher:/home/kireiji/RoboticsDev_ws/install/examples_rclpy_minimal_subscriber:/home/kireiji/RoboticsDev_ws/install/examples_rclpy_minimal_service:/home/kireiji/RoboticsDev_ws/install/examples_rclpy_minimal_publisher:/home/kireiji/RoboticsDev_ws/install/examples_rclpy_minimal_client:/home/kireiji/RoboticsDev_ws/install/examples_rclpy_minimal_action_server:/home/kireiji/RoboticsDev_ws/install/examples_rclpy_minimal_action_client:/home/kireiji/RoboticsDev_ws/install/examples_rclpy_guard_conditions:/home/kireiji/RoboticsDev_ws/install/examples_rclpy_executors:/home/kireiji/ros2_ws/install/my_py_pkg:/opt/ros/humble /usr/bin/cmake --build /home/kireiji/RoboticsDev_ws/build/examples_rclcpp_wait_set -- -j16 -l16
[0.754s] [35m[1mConsolidate compiler generated dependencies of target talker[0m
[0.754s] [35m[1mConsolidate compiler generated dependencies of target wait_set_talker[0m
[0.754s] [35m[1mConsolidate compiler generated dependencies of target listener[0m
[0.754s] [35m[1mConsolidate compiler generated dependencies of target wait_set[0m
[0.754s] [35m[1mConsolidate compiler generated dependencies of target wait_set_listener[0m
[0.754s] [35m[1mConsolidate compiler generated dependencies of target wait_set_topics_with_different_rates[0m
[0.754s] [35m[1mConsolidate compiler generated dependencies of target static_wait_set[0m
[0.754s] [  8%] Built target wait_set_talker
[0.754s] [ 16%] Built target talker
[0.754s] [ 25%] Built target wait_set
[0.754s] [35m[1mConsolidate compiler generated dependencies of target thread_safe_wait_set[0m
[0.754s] [35m[1mConsolidate compiler generated dependencies of target wait_set_topics_and_timer[0m
[0.755s] [35m[1mConsolidate compiler generated dependencies of target executor_random_order[0m
[0.755s] [35m[1mConsolidate compiler generated dependencies of target wait_set_random_order[0m
[0.755s] [ 33%] Built target wait_set_listener
[0.755s] [ 41%] Built target listener
[0.755s] [ 50%] Built target wait_set_topics_with_different_rates
[0.755s] [ 58%] Built target static_wait_set
[0.755s] [ 66%] Built target executor_random_order
[0.755s] [ 75%] Built target wait_set_topics_and_timer
[0.755s] [35m[1mConsolidate compiler generated dependencies of target wait_set_composed[0m
[0.755s] [ 83%] Built target wait_set_random_order
[0.755s] [ 91%] Built target thread_safe_wait_set
[0.755s] [100%] Built target wait_set_composed
[0.768s] Invoked command in '/home/kireiji/RoboticsDev_ws/build/examples_rclcpp_wait_set' returned '0': CMAKE_PREFIX_PATH=${CMAKE_PREFIX_PATH}:/home/kireiji/RoboticsDev_ws/install/launch_testing_examples:/home/kireiji/RoboticsDev_ws/install/examples_rclpy_pointcloud_publisher:/home/kireiji/RoboticsDev_ws/install/examples_rclpy_minimal_subscriber:/home/kireiji/RoboticsDev_ws/install/examples_rclpy_minimal_service:/home/kireiji/RoboticsDev_ws/install/examples_rclpy_minimal_publisher:/home/kireiji/RoboticsDev_ws/install/examples_rclpy_minimal_client:/home/kireiji/RoboticsDev_ws/install/examples_rclpy_minimal_action_server:/home/kireiji/RoboticsDev_ws/install/examples_rclpy_minimal_action_client:/home/kireiji/RoboticsDev_ws/install/examples_rclpy_guard_conditions:/home/kireiji/RoboticsDev_ws/install/examples_rclpy_executors:/home/kireiji/ros2_ws/install/my_py_pkg:/opt/ros/humble /usr/bin/cmake --build /home/kireiji/RoboticsDev_ws/build/examples_rclcpp_wait_set -- -j16 -l16
[0.877s] Invoking command in '/home/kireiji/RoboticsDev_ws/build/examples_rclcpp_wait_set': CMAKE_PREFIX_PATH=${CMAKE_PREFIX_PATH}:/home/kireiji/RoboticsDev_ws/install/launch_testing_examples:/home/kireiji/RoboticsDev_ws/install/examples_rclpy_pointcloud_publisher:/home/kireiji/RoboticsDev_ws/install/examples_rclpy_minimal_subscriber:/home/kireiji/RoboticsDev_ws/install/examples_rclpy_minimal_service:/home/kireiji/RoboticsDev_ws/install/examples_rclpy_minimal_publisher:/home/kireiji/RoboticsDev_ws/install/examples_rclpy_minimal_client:/home/kireiji/RoboticsDev_ws/install/examples_rclpy_minimal_action_server:/home/kireiji/RoboticsDev_ws/install/examples_rclpy_minimal_action_client:/home/kireiji/RoboticsDev_ws/install/examples_rclpy_guard_conditions:/home/kireiji/RoboticsDev_ws/install/examples_rclpy_executors:/home/kireiji/ros2_ws/install/my_py_pkg:/opt/ros/humble /usr/bin/cmake --install /home/kireiji/RoboticsDev_ws/build/examples_rclcpp_wait_set
[0.904s] -- Install configuration: ""
[0.904s] -- Up-to-date: /home/kireiji/RoboticsDev_ws/install/examples_rclcpp_wait_set/lib/examples_rclcpp_wait_set/wait_set_talker
[0.904s] -- Up-to-date: /home/kireiji/RoboticsDev_ws/install/examples_rclcpp_wait_set/lib/examples_rclcpp_wait_set/wait_set_listener
[0.904s] -- Up-to-date: /home/kireiji/RoboticsDev_ws/install/examples_rclcpp_wait_set/lib/libtalker.so
[0.904s] -- Up-to-date: /home/kireiji/RoboticsDev_ws/install/examples_rclcpp_wait_set/lib/liblistener.so
[0.904s] -- Up-to-date: /home/kireiji/RoboticsDev_ws/install/examples_rclcpp_wait_set/lib/examples_rclcpp_wait_set/wait_set
[0.904s] -- Up-to-date: /home/kireiji/RoboticsDev_ws/install/examples_rclcpp_wait_set/lib/examples_rclcpp_wait_set/static_wait_set
[0.904s] -- Up-to-date: /home/kireiji/RoboticsDev_ws/install/examples_rclcpp_wait_set/lib/examples_rclcpp_wait_set/thread_safe_wait_set
[0.904s] -- Up-to-date: /home/kireiji/RoboticsDev_ws/install/examples_rclcpp_wait_set/lib/examples_rclcpp_wait_set/wait_set_topics_and_timer
[0.904s] -- Up-to-date: /home/kireiji/RoboticsDev_ws/install/examples_rclcpp_wait_set/lib/examples_rclcpp_wait_set/wait_set_random_order
[0.904s] -- Up-to-date: /home/kireiji/RoboticsDev_ws/install/examples_rclcpp_wait_set/lib/examples_rclcpp_wait_set/executor_random_order
[0.905s] -- Up-to-date: /home/kireiji/RoboticsDev_ws/install/examples_rclcpp_wait_set/lib/examples_rclcpp_wait_set/wait_set_topics_with_different_rates
[0.905s] -- Up-to-date: /home/kireiji/RoboticsDev_ws/install/examples_rclcpp_wait_set/lib/examples_rclcpp_wait_set/wait_set_composed
[0.905s] -- Up-to-date: /home/kireiji/RoboticsDev_ws/install/examples_rclcpp_wait_set/share/ament_index/resource_index/package_run_dependencies/examples_rclcpp_wait_set
[0.905s] -- Up-to-date: /home/kireiji/RoboticsDev_ws/install/examples_rclcpp_wait_set/share/ament_index/resource_index/parent_prefix_path/examples_rclcpp_wait_set
[0.905s] -- Up-to-date: /home/kireiji/RoboticsDev_ws/install/examples_rclcpp_wait_set/share/examples_rclcpp_wait_set/environment/ament_prefix_path.sh
[0.905s] -- Up-to-date: /home/kireiji/RoboticsDev_ws/install/examples_rclcpp_wait_set/share/examples_rclcpp_wait_set/environment/ament_prefix_path.dsv
[0.905s] -- Up-to-date: /home/kireiji/RoboticsDev_ws/install/examples_rclcpp_wait_set/share/examples_rclcpp_wait_set/environment/path.sh
[0.905s] -- Up-to-date: /home/kireiji/RoboticsDev_ws/install/examples_rclcpp_wait_set/share/examples_rclcpp_wait_set/environment/path.dsv
[0.905s] -- Up-to-date: /home/kireiji/RoboticsDev_ws/install/examples_rclcpp_wait_set/share/examples_rclcpp_wait_set/local_setup.bash
[0.905s] -- Up-to-date: /home/kireiji/RoboticsDev_ws/install/examples_rclcpp_wait_set/share/examples_rclcpp_wait_set/local_setup.sh
[0.905s] -- Up-to-date: /home/kireiji/RoboticsDev_ws/install/examples_rclcpp_wait_set/share/examples_rclcpp_wait_set/local_setup.zsh
[0.905s] -- Up-to-date: /home/kireiji/RoboticsDev_ws/install/examples_rclcpp_wait_set/share/examples_rclcpp_wait_set/local_setup.dsv
[0.905s] -- Installing: /home/kireiji/RoboticsDev_ws/install/examples_rclcpp_wait_set/share/examples_rclcpp_wait_set/package.dsv
[0.905s] -- Up-to-date: /home/kireiji/RoboticsDev_ws/install/examples_rclcpp_wait_set/share/ament_index/resource_index/packages/examples_rclcpp_wait_set
[0.906s] -- Up-to-date: /home/kireiji/RoboticsDev_ws/install/examples_rclcpp_wait_set/share/ament_index/resource_index/rclcpp_components/examples_rclcpp_wait_set
[0.906s] -- Up-to-date: /home/kireiji/RoboticsDev_ws/install/examples_rclcpp_wait_set/share/examples_rclcpp_wait_set/cmake/examples_rclcpp_wait_setConfig.cmake
[0.906s] -- Up-to-date: /home/kireiji/RoboticsDev_ws/install/examples_rclcpp_wait_set/share/examples_rclcpp_wait_set/cmake/examples_rclcpp_wait_setConfig-version.cmake
[0.906s] -- Up-to-date: /home/kireiji/RoboticsDev_ws/install/examples_rclcpp_wait_set/share/examples_rclcpp_wait_set/package.xml
[0.955s] Invoked command in '/home/kireiji/RoboticsDev_ws/build/examples_rclcpp_wait_set' returned '0': CMAKE_PREFIX_PATH=${CMAKE_PREFIX_PATH}:/home/kireiji/RoboticsDev_ws/install/launch_testing_examples:/home/kireiji/RoboticsDev_ws/install/examples_rclpy_pointcloud_publisher:/home/kireiji/RoboticsDev_ws/install/examples_rclpy_minimal_subscriber:/home/kireiji/RoboticsDev_ws/install/examples_rclpy_minimal_service:/home/kireiji/RoboticsDev_ws/install/examples_rclpy_minimal_publisher:/home/kireiji/RoboticsDev_ws/install/examples_rclpy_minimal_client:/home/kireiji/RoboticsDev_ws/install/examples_rclpy_minimal_action_server:/home/kireiji/RoboticsDev_ws/install/examples_rclpy_minimal_action_client:/home/kireiji/RoboticsDev_ws/install/examples_rclpy_guard_conditions:/home/kireiji/RoboticsDev_ws/install/examples_rclpy_executors:/home/kireiji/ros2_ws/install/my_py_pkg:/opt/ros/humble /usr/bin/cmake --install /home/kireiji/RoboticsDev_ws/build/examples_rclcpp_wait_set
