[2.529s] Invoking command in '/home/kireiji/RoboticsDev_ws/src/examples/rclpy/services/minimal_service': PYTHONPATH=/home/kireiji/RoboticsDev_ws/build/examples_rclpy_minimal_service/prefix_override:/usr/lib/python3/dist-packages/colcon_core/task/python/colcon_distutils_commands:/home/kireiji/RoboticsDev_ws/install/examples_rclpy_minimal_service/lib/python3.10/site-packages:${PYTHONPATH} /usr/bin/python3 -W ignore:setup.py install is deprecated setup.py egg_info --egg-base ../../../../../build/examples_rclpy_minimal_service build --build-base /home/kireiji/RoboticsDev_ws/build/examples_rclpy_minimal_service/build install --record /home/kireiji/RoboticsDev_ws/build/examples_rclpy_minimal_service/install.log --single-version-externally-managed install_data
[2.922s] running egg_info
[2.923s] writing ../../../../../build/examples_rclpy_minimal_service/examples_rclpy_minimal_service.egg-info/PKG-INFO
[2.923s] writing dependency_links to ../../../../../build/examples_rclpy_minimal_service/examples_rclpy_minimal_service.egg-info/dependency_links.txt
[2.923s] writing entry points to ../../../../../build/examples_rclpy_minimal_service/examples_rclpy_minimal_service.egg-info/entry_points.txt
[2.923s] writing requirements to ../../../../../build/examples_rclpy_minimal_service/examples_rclpy_minimal_service.egg-info/requires.txt
[2.923s] writing top-level names to ../../../../../build/examples_rclpy_minimal_service/examples_rclpy_minimal_service.egg-info/top_level.txt
[2.925s] reading manifest file '../../../../../build/examples_rclpy_minimal_service/examples_rclpy_minimal_service.egg-info/SOURCES.txt'
[2.925s] writing manifest file '../../../../../build/examples_rclpy_minimal_service/examples_rclpy_minimal_service.egg-info/SOURCES.txt'
[2.926s] running build
[2.926s] running build_py
[2.926s] running install
[2.926s] running install_lib
[2.927s] running install_data
[2.927s] running install_egg_info
[2.930s] removing '/home/kireiji/RoboticsDev_ws/install/examples_rclpy_minimal_service/lib/python3.10/site-packages/examples_rclpy_minimal_service-0.15.2-py3.10.egg-info' (and everything under it)
[2.930s] Copying ../../../../../build/examples_rclpy_minimal_service/examples_rclpy_minimal_service.egg-info to /home/kireiji/RoboticsDev_ws/install/examples_rclpy_minimal_service/lib/python3.10/site-packages/examples_rclpy_minimal_service-0.15.2-py3.10.egg-info
[2.931s] running install_scripts
[2.956s] Installing service script to /home/kireiji/RoboticsDev_ws/install/examples_rclpy_minimal_service/lib/examples_rclpy_minimal_service
[2.956s] Installing service_member_function script to /home/kireiji/RoboticsDev_ws/install/examples_rclpy_minimal_service/lib/examples_rclpy_minimal_service
[2.957s] writing list of installed files to '/home/kireiji/RoboticsDev_ws/build/examples_rclpy_minimal_service/install.log'
[3.014s] Invoked command in '/home/kireiji/RoboticsDev_ws/src/examples/rclpy/services/minimal_service' returned '0': PYTHONPATH=/home/kireiji/RoboticsDev_ws/build/examples_rclpy_minimal_service/prefix_override:/usr/lib/python3/dist-packages/colcon_core/task/python/colcon_distutils_commands:/home/kireiji/RoboticsDev_ws/install/examples_rclpy_minimal_service/lib/python3.10/site-packages:${PYTHONPATH} /usr/bin/python3 -W ignore:setup.py install is deprecated setup.py egg_info --egg-base ../../../../../build/examples_rclpy_minimal_service build --build-base /home/kireiji/RoboticsDev_ws/build/examples_rclpy_minimal_service/build install --record /home/kireiji/RoboticsDev_ws/build/examples_rclpy_minimal_service/install.log --single-version-externally-managed install_data
