[0.008s] Invoking command in '/home/kireiji/RoboticsDev_ws/build/lecture3': CMAKE_PREFIX_PATH=${CMAKE_PREFIX_PATH}:/home/kireiji/RoboticsDev_ws/install/launch_testing_examples:/home/kireiji/RoboticsDev_ws/install/examples_rclpy_pointcloud_publisher:/home/kireiji/RoboticsDev_ws/install/examples_rclpy_minimal_subscriber:/home/kireiji/RoboticsDev_ws/install/examples_rclpy_minimal_service:/home/kireiji/RoboticsDev_ws/install/examples_rclpy_minimal_publisher:/home/kireiji/RoboticsDev_ws/install/examples_rclpy_minimal_client:/home/kireiji/RoboticsDev_ws/install/examples_rclpy_minimal_action_server:/home/kireiji/RoboticsDev_ws/install/examples_rclpy_minimal_action_client:/home/kireiji/RoboticsDev_ws/install/examples_rclpy_guard_conditions:/home/kireiji/RoboticsDev_ws/install/examples_rclpy_executors:/home/kireiji/ros2_ws/install/my_py_pkg:/opt/ros/humble /usr/bin/cmake --build /home/kireiji/RoboticsDev_ws/build/lecture3 -- -j16 -l16
[0.033s] [35m[1mConsolidate compiler generated dependencies of target cpp_node_test[0m
[0.040s] [100%] Built target cpp_node_test
[0.043s] [100%] Built target ament_cmake_python_copy_lecture3
[0.201s] running egg_info
[0.203s] writing manifest file 'lecture3.egg-info/SOURCES.txt'
[0.219s] [100%] Built target ament_cmake_python_build_lecture3_egg
[0.226s] Invoked command in '/home/kireiji/RoboticsDev_ws/build/lecture3' returned '0': CMAKE_PREFIX_PATH=${CMAKE_PREFIX_PATH}:/home/kireiji/RoboticsDev_ws/install/launch_testing_examples:/home/kireiji/RoboticsDev_ws/install/examples_rclpy_pointcloud_publisher:/home/kireiji/RoboticsDev_ws/install/examples_rclpy_minimal_subscriber:/home/kireiji/RoboticsDev_ws/install/examples_rclpy_minimal_service:/home/kireiji/RoboticsDev_ws/install/examples_rclpy_minimal_publisher:/home/kireiji/RoboticsDev_ws/install/examples_rclpy_minimal_client:/home/kireiji/RoboticsDev_ws/install/examples_rclpy_minimal_action_server:/home/kireiji/RoboticsDev_ws/install/examples_rclpy_minimal_action_client:/home/kireiji/RoboticsDev_ws/install/examples_rclpy_guard_conditions:/home/kireiji/RoboticsDev_ws/install/examples_rclpy_executors:/home/kireiji/ros2_ws/install/my_py_pkg:/opt/ros/humble /usr/bin/cmake --build /home/kireiji/RoboticsDev_ws/build/lecture3 -- -j16 -l16
[0.250s] Invoking command in '/home/kireiji/RoboticsDev_ws/build/lecture3': CMAKE_PREFIX_PATH=${CMAKE_PREFIX_PATH}:/home/kireiji/RoboticsDev_ws/install/launch_testing_examples:/home/kireiji/RoboticsDev_ws/install/examples_rclpy_pointcloud_publisher:/home/kireiji/RoboticsDev_ws/install/examples_rclpy_minimal_subscriber:/home/kireiji/RoboticsDev_ws/install/examples_rclpy_minimal_service:/home/kireiji/RoboticsDev_ws/install/examples_rclpy_minimal_publisher:/home/kireiji/RoboticsDev_ws/install/examples_rclpy_minimal_client:/home/kireiji/RoboticsDev_ws/install/examples_rclpy_minimal_action_server:/home/kireiji/RoboticsDev_ws/install/examples_rclpy_minimal_action_client:/home/kireiji/RoboticsDev_ws/install/examples_rclpy_guard_conditions:/home/kireiji/RoboticsDev_ws/install/examples_rclpy_executors:/home/kireiji/ros2_ws/install/my_py_pkg:/opt/ros/humble /usr/bin/cmake --install /home/kireiji/RoboticsDev_ws/build/lecture3
[0.254s] -- Install configuration: ""
[0.254s] -- Up-to-date: /home/kireiji/RoboticsDev_ws/install/lecture3/share/lecture3/environment/pythonpath.sh
[0.254s] -- Up-to-date: /home/kireiji/RoboticsDev_ws/install/lecture3/share/lecture3/environment/pythonpath.dsv
[0.254s] -- Up-to-date: /home/kireiji/RoboticsDev_ws/install/lecture3/lib/python3.10/site-packages/lecture3-0.0.0-py3.10.egg-info
[0.255s] -- Installing: /home/kireiji/RoboticsDev_ws/install/lecture3/lib/python3.10/site-packages/lecture3-0.0.0-py3.10.egg-info/PKG-INFO
[0.255s] -- Installing: /home/kireiji/RoboticsDev_ws/install/lecture3/lib/python3.10/site-packages/lecture3-0.0.0-py3.10.egg-info/dependency_links.txt
[0.255s] -- Installing: /home/kireiji/RoboticsDev_ws/install/lecture3/lib/python3.10/site-packages/lecture3-0.0.0-py3.10.egg-info/top_level.txt
[0.255s] -- Installing: /home/kireiji/RoboticsDev_ws/install/lecture3/lib/python3.10/site-packages/lecture3-0.0.0-py3.10.egg-info/SOURCES.txt
[0.255s] -- Up-to-date: /home/kireiji/RoboticsDev_ws/install/lecture3/lib/python3.10/site-packages/lecture3
[0.255s] -- Up-to-date: /home/kireiji/RoboticsDev_ws/install/lecture3/lib/python3.10/site-packages/lecture3/__init__.py
[0.255s] -- Up-to-date: /home/kireiji/RoboticsDev_ws/install/lecture3/lib/python3.10/site-packages/lecture3/dummy_module.py
[0.282s] Listing '/home/kireiji/RoboticsDev_ws/install/lecture3/lib/python3.10/site-packages/lecture3'...
[0.285s] -- Up-to-date: /home/kireiji/RoboticsDev_ws/install/lecture3/lib/lecture3/dummy_script.py
[0.285s] -- Up-to-date: /home/kireiji/RoboticsDev_ws/install/lecture3/lib/lecture3/cpp_node_test
[0.285s] -- Up-to-date: /home/kireiji/RoboticsDev_ws/install/lecture3/share/lecture3
[0.285s] -- Up-to-date: /home/kireiji/RoboticsDev_ws/install/lecture3/share/ament_index/resource_index/package_run_dependencies/lecture3
[0.285s] -- Up-to-date: /home/kireiji/RoboticsDev_ws/install/lecture3/share/ament_index/resource_index/parent_prefix_path/lecture3
[0.285s] -- Up-to-date: /home/kireiji/RoboticsDev_ws/install/lecture3/share/lecture3/environment/ament_prefix_path.sh
[0.285s] -- Up-to-date: /home/kireiji/RoboticsDev_ws/install/lecture3/share/lecture3/environment/ament_prefix_path.dsv
[0.285s] -- Up-to-date: /home/kireiji/RoboticsDev_ws/install/lecture3/share/lecture3/environment/path.sh
[0.285s] -- Up-to-date: /home/kireiji/RoboticsDev_ws/install/lecture3/share/lecture3/environment/path.dsv
[0.285s] -- Up-to-date: /home/kireiji/RoboticsDev_ws/install/lecture3/share/lecture3/local_setup.bash
[0.285s] -- Up-to-date: /home/kireiji/RoboticsDev_ws/install/lecture3/share/lecture3/local_setup.sh
[0.285s] -- Up-to-date: /home/kireiji/RoboticsDev_ws/install/lecture3/share/lecture3/local_setup.zsh
[0.285s] -- Up-to-date: /home/kireiji/RoboticsDev_ws/install/lecture3/share/lecture3/local_setup.dsv
[0.285s] -- Up-to-date: /home/kireiji/RoboticsDev_ws/install/lecture3/share/lecture3/package.dsv
[0.285s] -- Up-to-date: /home/kireiji/RoboticsDev_ws/install/lecture3/share/ament_index/resource_index/packages/lecture3
[0.285s] -- Up-to-date: /home/kireiji/RoboticsDev_ws/install/lecture3/share/lecture3/cmake/lecture3Config.cmake
[0.285s] -- Up-to-date: /home/kireiji/RoboticsDev_ws/install/lecture3/share/lecture3/cmake/lecture3Config-version.cmake
[0.285s] -- Up-to-date: /home/kireiji/RoboticsDev_ws/install/lecture3/share/lecture3/package.xml
[0.286s] Invoked command in '/home/kireiji/RoboticsDev_ws/build/lecture3' returned '0': CMAKE_PREFIX_PATH=${CMAKE_PREFIX_PATH}:/home/kireiji/RoboticsDev_ws/install/launch_testing_examples:/home/kireiji/RoboticsDev_ws/install/examples_rclpy_pointcloud_publisher:/home/kireiji/RoboticsDev_ws/install/examples_rclpy_minimal_subscriber:/home/kireiji/RoboticsDev_ws/install/examples_rclpy_minimal_service:/home/kireiji/RoboticsDev_ws/install/examples_rclpy_minimal_publisher:/home/kireiji/RoboticsDev_ws/install/examples_rclpy_minimal_client:/home/kireiji/RoboticsDev_ws/install/examples_rclpy_minimal_action_server:/home/kireiji/RoboticsDev_ws/install/examples_rclpy_minimal_action_client:/home/kireiji/RoboticsDev_ws/install/examples_rclpy_guard_conditions:/home/kireiji/RoboticsDev_ws/install/examples_rclpy_executors:/home/kireiji/ros2_ws/install/my_py_pkg:/opt/ros/humble /usr/bin/cmake --install /home/kireiji/RoboticsDev_ws/build/lecture3
