[1.774s] Invoking command in '/home/kireiji/RoboticsDev_ws/src/examples/rclpy/services/minimal_service': PYTHONPATH=/home/kireiji/RoboticsDev_ws/build/examples_rclpy_minimal_service/prefix_override:/usr/lib/python3/dist-packages/colcon_core/task/python/colcon_distutils_commands:/home/kireiji/RoboticsDev_ws/install/examples_rclpy_minimal_service/lib/python3.10/site-packages:${PYTHONPATH} /usr/bin/python3 -W ignore:setup.py install is deprecated setup.py egg_info --egg-base ../../../../../build/examples_rclpy_minimal_service build --build-base /home/kireiji/RoboticsDev_ws/build/examples_rclpy_minimal_service/build install --record /home/kireiji/RoboticsDev_ws/build/examples_rclpy_minimal_service/install.log --single-version-externally-managed install_data
[1.961s] running egg_info
[1.962s] writing ../../../../../build/examples_rclpy_minimal_service/examples_rclpy_minimal_service.egg-info/PKG-INFO
[1.962s] writing dependency_links to ../../../../../build/examples_rclpy_minimal_service/examples_rclpy_minimal_service.egg-info/dependency_links.txt
[1.962s] writing entry points to ../../../../../build/examples_rclpy_minimal_service/examples_rclpy_minimal_service.egg-info/entry_points.txt
[1.962s] writing requirements to ../../../../../build/examples_rclpy_minimal_service/examples_rclpy_minimal_service.egg-info/requires.txt
[1.962s] writing top-level names to ../../../../../build/examples_rclpy_minimal_service/examples_rclpy_minimal_service.egg-info/top_level.txt
[1.964s] reading manifest file '../../../../../build/examples_rclpy_minimal_service/examples_rclpy_minimal_service.egg-info/SOURCES.txt'
[1.964s] writing manifest file '../../../../../build/examples_rclpy_minimal_service/examples_rclpy_minimal_service.egg-info/SOURCES.txt'
[1.964s] running build
[1.964s] running build_py
[1.965s] running install
[1.965s] running install_lib
[1.966s] running install_data
[1.966s] running install_egg_info
[1.967s] removing '/home/kireiji/RoboticsDev_ws/install/examples_rclpy_minimal_service/lib/python3.10/site-packages/examples_rclpy_minimal_service-0.15.2-py3.10.egg-info' (and everything under it)
[1.967s] Copying ../../../../../build/examples_rclpy_minimal_service/examples_rclpy_minimal_service.egg-info to /home/kireiji/RoboticsDev_ws/install/examples_rclpy_minimal_service/lib/python3.10/site-packages/examples_rclpy_minimal_service-0.15.2-py3.10.egg-info
[1.968s] running install_scripts
[1.986s] Installing service script to /home/kireiji/RoboticsDev_ws/install/examples_rclpy_minimal_service/lib/examples_rclpy_minimal_service
[1.987s] Installing service_member_function script to /home/kireiji/RoboticsDev_ws/install/examples_rclpy_minimal_service/lib/examples_rclpy_minimal_service
[1.987s] writing list of installed files to '/home/kireiji/RoboticsDev_ws/build/examples_rclpy_minimal_service/install.log'
[2.017s] Invoked command in '/home/kireiji/RoboticsDev_ws/src/examples/rclpy/services/minimal_service' returned '0': PYTHONPATH=/home/kireiji/RoboticsDev_ws/build/examples_rclpy_minimal_service/prefix_override:/usr/lib/python3/dist-packages/colcon_core/task/python/colcon_distutils_commands:/home/kireiji/RoboticsDev_ws/install/examples_rclpy_minimal_service/lib/python3.10/site-packages:${PYTHONPATH} /usr/bin/python3 -W ignore:setup.py install is deprecated setup.py egg_info --egg-base ../../../../../build/examples_rclpy_minimal_service build --build-base /home/kireiji/RoboticsDev_ws/build/examples_rclpy_minimal_service/build install --record /home/kireiji/RoboticsDev_ws/build/examples_rclpy_minimal_service/install.log --single-version-externally-managed install_data
