[0.009s] Invoking command in '/home/kireiji/RoboticsDev_ws/build/lecture2': CMAKE_PREFIX_PATH=${CMAKE_PREFIX_PATH}:/home/kireiji/RoboticsDev_ws/install/launch_testing_examples:/home/kireiji/RoboticsDev_ws/install/examples_rclpy_pointcloud_publisher:/home/kireiji/RoboticsDev_ws/install/examples_rclpy_minimal_subscriber:/home/kireiji/RoboticsDev_ws/install/examples_rclpy_minimal_service:/home/kireiji/RoboticsDev_ws/install/examples_rclpy_minimal_publisher:/home/kireiji/RoboticsDev_ws/install/examples_rclpy_minimal_client:/home/kireiji/RoboticsDev_ws/install/examples_rclpy_minimal_action_server:/home/kireiji/RoboticsDev_ws/install/examples_rclpy_minimal_action_client:/home/kireiji/RoboticsDev_ws/install/examples_rclpy_guard_conditions:/home/kireiji/RoboticsDev_ws/install/examples_rclpy_executors:/home/kireiji/ros2_ws/install/my_py_pkg:/opt/ros/humble /usr/bin/cmake --build /home/kireiji/RoboticsDev_ws/build/lecture2 -- -j16 -l16
[0.025s] -- Found ament_cmake: 1.3.10 (/opt/ros/humble/share/ament_cmake/cmake)
[0.131s] -- Found rclcpp: 16.0.10 (/opt/ros/humble/share/rclcpp/cmake)
[0.149s] -- Found rosidl_generator_c: 3.1.5 (/opt/ros/humble/share/rosidl_generator_c/cmake)
[0.151s] -- Found rosidl_adapter: 3.1.5 (/opt/ros/humble/share/rosidl_adapter/cmake)
[0.154s] -- Found rosidl_generator_cpp: 3.1.5 (/opt/ros/humble/share/rosidl_generator_cpp/cmake)
[0.161s] -- Using all available rosidl_typesupport_c: rosidl_typesupport_fastrtps_c;rosidl_typesupport_introspection_c
[0.169s] -- Using all available rosidl_typesupport_cpp: rosidl_typesupport_fastrtps_cpp;rosidl_typesupport_introspection_cpp
[0.188s] -- Found rmw_implementation_cmake: 6.1.2 (/opt/ros/humble/share/rmw_implementation_cmake/cmake)
[0.190s] -- Found rmw_fastrtps_cpp: 6.2.7 (/opt/ros/humble/share/rmw_fastrtps_cpp/cmake)
[0.255s] -- Using RMW implementation 'rmw_fastrtps_cpp' as default
[0.284s] -- Found rclpy: 3.3.14 (/opt/ros/humble/share/rclpy/cmake)
[0.416s] -- Configuring done
[0.421s] -- Generating done
[0.422s] -- Build files have been written to: /home/kireiji/RoboticsDev_ws/build/lecture2
[0.441s] [35m[1mConsolidate compiler generated dependencies of target cpp_node_test[0m
[0.449s] [100%] Built target cpp_node_test
[0.452s] [100%] Built target ament_cmake_python_copy_lecture2
[0.608s] running egg_info
[0.610s] writing manifest file 'lecture2.egg-info/SOURCES.txt'
[0.627s] [100%] Built target ament_cmake_python_build_lecture2_egg
[0.635s] Invoked command in '/home/kireiji/RoboticsDev_ws/build/lecture2' returned '0': CMAKE_PREFIX_PATH=${CMAKE_PREFIX_PATH}:/home/kireiji/RoboticsDev_ws/install/launch_testing_examples:/home/kireiji/RoboticsDev_ws/install/examples_rclpy_pointcloud_publisher:/home/kireiji/RoboticsDev_ws/install/examples_rclpy_minimal_subscriber:/home/kireiji/RoboticsDev_ws/install/examples_rclpy_minimal_service:/home/kireiji/RoboticsDev_ws/install/examples_rclpy_minimal_publisher:/home/kireiji/RoboticsDev_ws/install/examples_rclpy_minimal_client:/home/kireiji/RoboticsDev_ws/install/examples_rclpy_minimal_action_server:/home/kireiji/RoboticsDev_ws/install/examples_rclpy_minimal_action_client:/home/kireiji/RoboticsDev_ws/install/examples_rclpy_guard_conditions:/home/kireiji/RoboticsDev_ws/install/examples_rclpy_executors:/home/kireiji/ros2_ws/install/my_py_pkg:/opt/ros/humble /usr/bin/cmake --build /home/kireiji/RoboticsDev_ws/build/lecture2 -- -j16 -l16
[0.662s] Invoking command in '/home/kireiji/RoboticsDev_ws/build/lecture2': CMAKE_PREFIX_PATH=${CMAKE_PREFIX_PATH}:/home/kireiji/RoboticsDev_ws/install/launch_testing_examples:/home/kireiji/RoboticsDev_ws/install/examples_rclpy_pointcloud_publisher:/home/kireiji/RoboticsDev_ws/install/examples_rclpy_minimal_subscriber:/home/kireiji/RoboticsDev_ws/install/examples_rclpy_minimal_service:/home/kireiji/RoboticsDev_ws/install/examples_rclpy_minimal_publisher:/home/kireiji/RoboticsDev_ws/install/examples_rclpy_minimal_client:/home/kireiji/RoboticsDev_ws/install/examples_rclpy_minimal_action_server:/home/kireiji/RoboticsDev_ws/install/examples_rclpy_minimal_action_client:/home/kireiji/RoboticsDev_ws/install/examples_rclpy_guard_conditions:/home/kireiji/RoboticsDev_ws/install/examples_rclpy_executors:/home/kireiji/ros2_ws/install/my_py_pkg:/opt/ros/humble /usr/bin/cmake --install /home/kireiji/RoboticsDev_ws/build/lecture2
[0.667s] -- Install configuration: ""
[0.667s] -- Up-to-date: /home/kireiji/RoboticsDev_ws/install/lecture2/share/lecture2/environment/pythonpath.sh
[0.667s] -- Installing: /home/kireiji/RoboticsDev_ws/install/lecture2/share/lecture2/environment/pythonpath.dsv
[0.667s] -- Up-to-date: /home/kireiji/RoboticsDev_ws/install/lecture2/lib/python3.10/site-packages/lecture2-0.0.0-py3.10.egg-info
[0.667s] -- Installing: /home/kireiji/RoboticsDev_ws/install/lecture2/lib/python3.10/site-packages/lecture2-0.0.0-py3.10.egg-info/PKG-INFO
[0.667s] -- Installing: /home/kireiji/RoboticsDev_ws/install/lecture2/lib/python3.10/site-packages/lecture2-0.0.0-py3.10.egg-info/dependency_links.txt
[0.667s] -- Installing: /home/kireiji/RoboticsDev_ws/install/lecture2/lib/python3.10/site-packages/lecture2-0.0.0-py3.10.egg-info/top_level.txt
[0.667s] -- Installing: /home/kireiji/RoboticsDev_ws/install/lecture2/lib/python3.10/site-packages/lecture2-0.0.0-py3.10.egg-info/SOURCES.txt
[0.667s] -- Up-to-date: /home/kireiji/RoboticsDev_ws/install/lecture2/lib/python3.10/site-packages/lecture2
[0.668s] -- Up-to-date: /home/kireiji/RoboticsDev_ws/install/lecture2/lib/python3.10/site-packages/lecture2/__init__.py
[0.668s] -- Up-to-date: /home/kireiji/RoboticsDev_ws/install/lecture2/lib/python3.10/site-packages/lecture2/dummy_module.py
[0.695s] Listing '/home/kireiji/RoboticsDev_ws/install/lecture2/lib/python3.10/site-packages/lecture2'...
[0.698s] -- Up-to-date: /home/kireiji/RoboticsDev_ws/install/lecture2/lib/lecture2/dummy_script.py
[0.698s] -- Installing: /home/kireiji/RoboticsDev_ws/install/lecture2/lib/lecture2/manual_teleop.py
[0.698s] -- Up-to-date: /home/kireiji/RoboticsDev_ws/install/lecture2/lib/lecture2/cpp_node_test
[0.698s] -- Up-to-date: /home/kireiji/RoboticsDev_ws/install/lecture2/share/lecture2
[0.698s] -- Up-to-date: /home/kireiji/RoboticsDev_ws/install/lecture2/share/ament_index/resource_index/package_run_dependencies/lecture2
[0.698s] -- Installing: /home/kireiji/RoboticsDev_ws/install/lecture2/share/ament_index/resource_index/parent_prefix_path/lecture2
[0.698s] -- Up-to-date: /home/kireiji/RoboticsDev_ws/install/lecture2/share/lecture2/environment/ament_prefix_path.sh
[0.698s] -- Installing: /home/kireiji/RoboticsDev_ws/install/lecture2/share/lecture2/environment/ament_prefix_path.dsv
[0.698s] -- Up-to-date: /home/kireiji/RoboticsDev_ws/install/lecture2/share/lecture2/environment/path.sh
[0.698s] -- Installing: /home/kireiji/RoboticsDev_ws/install/lecture2/share/lecture2/environment/path.dsv
[0.698s] -- Up-to-date: /home/kireiji/RoboticsDev_ws/install/lecture2/share/lecture2/local_setup.bash
[0.698s] -- Up-to-date: /home/kireiji/RoboticsDev_ws/install/lecture2/share/lecture2/local_setup.sh
[0.698s] -- Up-to-date: /home/kireiji/RoboticsDev_ws/install/lecture2/share/lecture2/local_setup.zsh
[0.699s] -- Installing: /home/kireiji/RoboticsDev_ws/install/lecture2/share/lecture2/local_setup.dsv
[0.699s] -- Installing: /home/kireiji/RoboticsDev_ws/install/lecture2/share/lecture2/package.dsv
[0.699s] -- Up-to-date: /home/kireiji/RoboticsDev_ws/install/lecture2/share/ament_index/resource_index/packages/lecture2
[0.699s] -- Up-to-date: /home/kireiji/RoboticsDev_ws/install/lecture2/share/lecture2/cmake/lecture2Config.cmake
[0.699s] -- Up-to-date: /home/kireiji/RoboticsDev_ws/install/lecture2/share/lecture2/cmake/lecture2Config-version.cmake
[0.699s] -- Up-to-date: /home/kireiji/RoboticsDev_ws/install/lecture2/share/lecture2/package.xml
[0.700s] Invoked command in '/home/kireiji/RoboticsDev_ws/build/lecture2' returned '0': CMAKE_PREFIX_PATH=${CMAKE_PREFIX_PATH}:/home/kireiji/RoboticsDev_ws/install/launch_testing_examples:/home/kireiji/RoboticsDev_ws/install/examples_rclpy_pointcloud_publisher:/home/kireiji/RoboticsDev_ws/install/examples_rclpy_minimal_subscriber:/home/kireiji/RoboticsDev_ws/install/examples_rclpy_minimal_service:/home/kireiji/RoboticsDev_ws/install/examples_rclpy_minimal_publisher:/home/kireiji/RoboticsDev_ws/install/examples_rclpy_minimal_client:/home/kireiji/RoboticsDev_ws/install/examples_rclpy_minimal_action_server:/home/kireiji/RoboticsDev_ws/install/examples_rclpy_minimal_action_client:/home/kireiji/RoboticsDev_ws/install/examples_rclpy_guard_conditions:/home/kireiji/RoboticsDev_ws/install/examples_rclpy_executors:/home/kireiji/ros2_ws/install/my_py_pkg:/opt/ros/humble /usr/bin/cmake --install /home/kireiji/RoboticsDev_ws/build/lecture2
