[0.008s] Invoking command in '/home/kireiji/RoboticsDev_ws/build/lab1': CMAKE_PREFIX_PATH=${CMAKE_PREFIX_PATH}:/home/kireiji/RoboticsDev_ws/install/launch_testing_examples:/home/kireiji/RoboticsDev_ws/install/examples_rclpy_pointcloud_publisher:/home/kireiji/RoboticsDev_ws/install/examples_rclpy_minimal_subscriber:/home/kireiji/RoboticsDev_ws/install/examples_rclpy_minimal_service:/home/kireiji/RoboticsDev_ws/install/examples_rclpy_minimal_publisher:/home/kireiji/RoboticsDev_ws/install/examples_rclpy_minimal_client:/home/kireiji/RoboticsDev_ws/install/examples_rclpy_minimal_action_server:/home/kireiji/RoboticsDev_ws/install/examples_rclpy_minimal_action_client:/home/kireiji/RoboticsDev_ws/install/examples_rclpy_guard_conditions:/home/kireiji/RoboticsDev_ws/install/examples_rclpy_executors:/home/kireiji/ros2_ws/install/my_py_pkg:/opt/ros/humble /usr/bin/cmake /home/kireiji/RoboticsDev_ws/src/lab1 -DCMAKE_INSTALL_PREFIX=/home/kireiji/RoboticsDev_ws/install/lab1
[0.043s] -- The C compiler identification is GNU 11.4.0
[0.077s] -- The CXX compiler identification is GNU 11.4.0
[0.082s] -- Detecting C compiler ABI info
[0.129s] -- Detecting C compiler ABI info - done
[0.137s] -- Check for working C compiler: /usr/bin/cc - skipped
[0.137s] -- Detecting C compile features
[0.138s] -- Detecting C compile features - done
[0.141s] -- Detecting CXX compiler ABI info
[0.196s] -- Detecting CXX compiler ABI info - done
[0.201s] -- Check for working CXX compiler: /usr/bin/c++ - skipped
[0.201s] -- Detecting CXX compile features
[0.202s] -- Detecting CXX compile features - done
[0.204s] -- Found ament_cmake: 1.3.10 (/opt/ros/humble/share/ament_cmake/cmake)
[0.576s] -- Found Python3: /usr/local/bin/python3 (found version "3.10.0") found components: Interpreter 
[0.666s] -- Found rclcpp: 16.0.10 (/opt/ros/humble/share/rclcpp/cmake)
[0.705s] -- Found rosidl_generator_c: 3.1.5 (/opt/ros/humble/share/rosidl_generator_c/cmake)
[0.710s] -- Found rosidl_adapter: 3.1.5 (/opt/ros/humble/share/rosidl_adapter/cmake)
[0.716s] -- Found rosidl_generator_cpp: 3.1.5 (/opt/ros/humble/share/rosidl_generator_cpp/cmake)
[0.726s] -- Using all available rosidl_typesupport_c: rosidl_typesupport_fastrtps_c;rosidl_typesupport_introspection_c
[0.739s] -- Using all available rosidl_typesupport_cpp: rosidl_typesupport_fastrtps_cpp;rosidl_typesupport_introspection_cpp
[0.783s] -- Found rmw_implementation_cmake: 6.1.2 (/opt/ros/humble/share/rmw_implementation_cmake/cmake)
[0.787s] -- Found rmw_fastrtps_cpp: 6.2.7 (/opt/ros/humble/share/rmw_fastrtps_cpp/cmake)
[0.854s] -- Found OpenSSL: /usr/lib/x86_64-linux-gnu/libcrypto.so (found version "3.0.2")  
[0.872s] -- Found FastRTPS: /opt/ros/humble/include  
[0.898s] -- Using RMW implementation 'rmw_fastrtps_cpp' as default
[0.908s] -- Looking for pthread.h
[0.954s] -- Looking for pthread.h - found
[0.954s] -- Performing Test CMAKE_HAVE_LIBC_PTHREAD
[0.999s] -- Performing Test CMAKE_HAVE_LIBC_PTHREAD - Success
[0.999s] -- Found Threads: TRUE  
[1.043s] -- Found rclpy: 3.3.14 (/opt/ros/humble/share/rclpy/cmake)
[1.187s] -- Configuring done
[1.192s] -- Generating done
[1.193s] -- Build files have been written to: /home/kireiji/RoboticsDev_ws/build/lab1
[1.199s] Invoked command in '/home/kireiji/RoboticsDev_ws/build/lab1' returned '0': CMAKE_PREFIX_PATH=${CMAKE_PREFIX_PATH}:/home/kireiji/RoboticsDev_ws/install/launch_testing_examples:/home/kireiji/RoboticsDev_ws/install/examples_rclpy_pointcloud_publisher:/home/kireiji/RoboticsDev_ws/install/examples_rclpy_minimal_subscriber:/home/kireiji/RoboticsDev_ws/install/examples_rclpy_minimal_service:/home/kireiji/RoboticsDev_ws/install/examples_rclpy_minimal_publisher:/home/kireiji/RoboticsDev_ws/install/examples_rclpy_minimal_client:/home/kireiji/RoboticsDev_ws/install/examples_rclpy_minimal_action_server:/home/kireiji/RoboticsDev_ws/install/examples_rclpy_minimal_action_client:/home/kireiji/RoboticsDev_ws/install/examples_rclpy_guard_conditions:/home/kireiji/RoboticsDev_ws/install/examples_rclpy_executors:/home/kireiji/ros2_ws/install/my_py_pkg:/opt/ros/humble /usr/bin/cmake /home/kireiji/RoboticsDev_ws/src/lab1 -DCMAKE_INSTALL_PREFIX=/home/kireiji/RoboticsDev_ws/install/lab1
[1.201s] Invoking command in '/home/kireiji/RoboticsDev_ws/build/lab1': CMAKE_PREFIX_PATH=${CMAKE_PREFIX_PATH}:/home/kireiji/RoboticsDev_ws/install/launch_testing_examples:/home/kireiji/RoboticsDev_ws/install/examples_rclpy_pointcloud_publisher:/home/kireiji/RoboticsDev_ws/install/examples_rclpy_minimal_subscriber:/home/kireiji/RoboticsDev_ws/install/examples_rclpy_minimal_service:/home/kireiji/RoboticsDev_ws/install/examples_rclpy_minimal_publisher:/home/kireiji/RoboticsDev_ws/install/examples_rclpy_minimal_client:/home/kireiji/RoboticsDev_ws/install/examples_rclpy_minimal_action_server:/home/kireiji/RoboticsDev_ws/install/examples_rclpy_minimal_action_client:/home/kireiji/RoboticsDev_ws/install/examples_rclpy_guard_conditions:/home/kireiji/RoboticsDev_ws/install/examples_rclpy_executors:/home/kireiji/ros2_ws/install/my_py_pkg:/opt/ros/humble /usr/bin/cmake --build /home/kireiji/RoboticsDev_ws/build/lab1 -- -j16 -l16
[1.231s] [ 50%] [32mBuilding CXX object CMakeFiles/cpp_node_test.dir/src/cpp_node.cpp.o[0m
[1.235s] [ 50%] Built target ament_cmake_python_copy_lab1
[1.396s] [100%] [32m[1mLinking CXX executable cpp_node_test[0m
[1.399s] running egg_info
[1.400s] creating lab1.egg-info
[1.400s] writing manifest file 'lab1.egg-info/SOURCES.txt'
[1.402s] writing manifest file 'lab1.egg-info/SOURCES.txt'
[1.419s] [100%] Built target ament_cmake_python_build_lab1_egg
[1.457s] [100%] Built target cpp_node_test
[1.464s] Invoked command in '/home/kireiji/RoboticsDev_ws/build/lab1' returned '0': CMAKE_PREFIX_PATH=${CMAKE_PREFIX_PATH}:/home/kireiji/RoboticsDev_ws/install/launch_testing_examples:/home/kireiji/RoboticsDev_ws/install/examples_rclpy_pointcloud_publisher:/home/kireiji/RoboticsDev_ws/install/examples_rclpy_minimal_subscriber:/home/kireiji/RoboticsDev_ws/install/examples_rclpy_minimal_service:/home/kireiji/RoboticsDev_ws/install/examples_rclpy_minimal_publisher:/home/kireiji/RoboticsDev_ws/install/examples_rclpy_minimal_client:/home/kireiji/RoboticsDev_ws/install/examples_rclpy_minimal_action_server:/home/kireiji/RoboticsDev_ws/install/examples_rclpy_minimal_action_client:/home/kireiji/RoboticsDev_ws/install/examples_rclpy_guard_conditions:/home/kireiji/RoboticsDev_ws/install/examples_rclpy_executors:/home/kireiji/ros2_ws/install/my_py_pkg:/opt/ros/humble /usr/bin/cmake --build /home/kireiji/RoboticsDev_ws/build/lab1 -- -j16 -l16
[1.486s] Invoking command in '/home/kireiji/RoboticsDev_ws/build/lab1': CMAKE_PREFIX_PATH=${CMAKE_PREFIX_PATH}:/home/kireiji/RoboticsDev_ws/install/launch_testing_examples:/home/kireiji/RoboticsDev_ws/install/examples_rclpy_pointcloud_publisher:/home/kireiji/RoboticsDev_ws/install/examples_rclpy_minimal_subscriber:/home/kireiji/RoboticsDev_ws/install/examples_rclpy_minimal_service:/home/kireiji/RoboticsDev_ws/install/examples_rclpy_minimal_publisher:/home/kireiji/RoboticsDev_ws/install/examples_rclpy_minimal_client:/home/kireiji/RoboticsDev_ws/install/examples_rclpy_minimal_action_server:/home/kireiji/RoboticsDev_ws/install/examples_rclpy_minimal_action_client:/home/kireiji/RoboticsDev_ws/install/examples_rclpy_guard_conditions:/home/kireiji/RoboticsDev_ws/install/examples_rclpy_executors:/home/kireiji/ros2_ws/install/my_py_pkg:/opt/ros/humble /usr/bin/cmake --install /home/kireiji/RoboticsDev_ws/build/lab1
[1.490s] -- Install configuration: ""
[1.490s] -- Installing: /home/kireiji/RoboticsDev_ws/install/lab1/share/lab1/environment/pythonpath.sh
[1.490s] -- Installing: /home/kireiji/RoboticsDev_ws/install/lab1/share/lab1/environment/pythonpath.dsv
[1.491s] -- Installing: /home/kireiji/RoboticsDev_ws/install/lab1/lib/python3.10/site-packages/lab1-0.0.0-py3.10.egg-info
[1.491s] -- Installing: /home/kireiji/RoboticsDev_ws/install/lab1/lib/python3.10/site-packages/lab1-0.0.0-py3.10.egg-info/PKG-INFO
[1.491s] -- Installing: /home/kireiji/RoboticsDev_ws/install/lab1/lib/python3.10/site-packages/lab1-0.0.0-py3.10.egg-info/dependency_links.txt
[1.491s] -- Installing: /home/kireiji/RoboticsDev_ws/install/lab1/lib/python3.10/site-packages/lab1-0.0.0-py3.10.egg-info/top_level.txt
[1.491s] -- Installing: /home/kireiji/RoboticsDev_ws/install/lab1/lib/python3.10/site-packages/lab1-0.0.0-py3.10.egg-info/SOURCES.txt
[1.491s] -- Installing: /home/kireiji/RoboticsDev_ws/install/lab1/lib/python3.10/site-packages/lab1
[1.491s] -- Installing: /home/kireiji/RoboticsDev_ws/install/lab1/lib/python3.10/site-packages/lab1/__init__.py
[1.491s] -- Installing: /home/kireiji/RoboticsDev_ws/install/lab1/lib/python3.10/site-packages/lab1/dummy_module.py
[1.519s] Listing '/home/kireiji/RoboticsDev_ws/install/lab1/lib/python3.10/site-packages/lab1'...
[1.519s] Compiling '/home/kireiji/RoboticsDev_ws/install/lab1/lib/python3.10/site-packages/lab1/__init__.py'...
[1.519s] Compiling '/home/kireiji/RoboticsDev_ws/install/lab1/lib/python3.10/site-packages/lab1/dummy_module.py'...
[1.522s] -- Installing: /home/kireiji/RoboticsDev_ws/install/lab1/lib/lab1/dummy_script.py
[1.522s] -- Installing: /home/kireiji/RoboticsDev_ws/install/lab1/lib/lab1/cpp_node_test
[1.522s] -- Set runtime path of "/home/kireiji/RoboticsDev_ws/install/lab1/lib/lab1/cpp_node_test" to ""
[1.522s] -- Up-to-date: /home/kireiji/RoboticsDev_ws/install/lab1/share/lab1
[1.522s] -- Installing: /home/kireiji/RoboticsDev_ws/install/lab1/share/ament_index/resource_index/package_run_dependencies/lab1
[1.522s] -- Installing: /home/kireiji/RoboticsDev_ws/install/lab1/share/ament_index/resource_index/parent_prefix_path/lab1
[1.522s] -- Installing: /home/kireiji/RoboticsDev_ws/install/lab1/share/lab1/environment/ament_prefix_path.sh
[1.522s] -- Installing: /home/kireiji/RoboticsDev_ws/install/lab1/share/lab1/environment/ament_prefix_path.dsv
[1.522s] -- Installing: /home/kireiji/RoboticsDev_ws/install/lab1/share/lab1/environment/path.sh
[1.522s] -- Installing: /home/kireiji/RoboticsDev_ws/install/lab1/share/lab1/environment/path.dsv
[1.523s] -- Installing: /home/kireiji/RoboticsDev_ws/install/lab1/share/lab1/local_setup.bash
[1.523s] -- Installing: /home/kireiji/RoboticsDev_ws/install/lab1/share/lab1/local_setup.sh
[1.523s] -- Installing: /home/kireiji/RoboticsDev_ws/install/lab1/share/lab1/local_setup.zsh
[1.523s] -- Installing: /home/kireiji/RoboticsDev_ws/install/lab1/share/lab1/local_setup.dsv
[1.523s] -- Installing: /home/kireiji/RoboticsDev_ws/install/lab1/share/lab1/package.dsv
[1.523s] -- Installing: /home/kireiji/RoboticsDev_ws/install/lab1/share/ament_index/resource_index/packages/lab1
[1.523s] -- Installing: /home/kireiji/RoboticsDev_ws/install/lab1/share/lab1/cmake/lab1Config.cmake
[1.523s] -- Installing: /home/kireiji/RoboticsDev_ws/install/lab1/share/lab1/cmake/lab1Config-version.cmake
[1.523s] -- Installing: /home/kireiji/RoboticsDev_ws/install/lab1/share/lab1/package.xml
[1.524s] Invoked command in '/home/kireiji/RoboticsDev_ws/build/lab1' returned '0': CMAKE_PREFIX_PATH=${CMAKE_PREFIX_PATH}:/home/kireiji/RoboticsDev_ws/install/launch_testing_examples:/home/kireiji/RoboticsDev_ws/install/examples_rclpy_pointcloud_publisher:/home/kireiji/RoboticsDev_ws/install/examples_rclpy_minimal_subscriber:/home/kireiji/RoboticsDev_ws/install/examples_rclpy_minimal_service:/home/kireiji/RoboticsDev_ws/install/examples_rclpy_minimal_publisher:/home/kireiji/RoboticsDev_ws/install/examples_rclpy_minimal_client:/home/kireiji/RoboticsDev_ws/install/examples_rclpy_minimal_action_server:/home/kireiji/RoboticsDev_ws/install/examples_rclpy_minimal_action_client:/home/kireiji/RoboticsDev_ws/install/examples_rclpy_guard_conditions:/home/kireiji/RoboticsDev_ws/install/examples_rclpy_executors:/home/kireiji/ros2_ws/install/my_py_pkg:/opt/ros/humble /usr/bin/cmake --install /home/kireiji/RoboticsDev_ws/build/lab1
