[1.746s] Invoking command in '/home/kireiji/RoboticsDev_ws/src/examples/rclpy/topics/pointcloud_publisher': PYTHONPATH=/home/kireiji/RoboticsDev_ws/build/examples_rclpy_pointcloud_publisher/prefix_override:/usr/lib/python3/dist-packages/colcon_core/task/python/colcon_distutils_commands:/home/kireiji/RoboticsDev_ws/install/examples_rclpy_pointcloud_publisher/lib/python3.10/site-packages:${PYTHONPATH} /usr/bin/python3 -W ignore:setup.py install is deprecated setup.py egg_info --egg-base ../../../../../build/examples_rclpy_pointcloud_publisher build --build-base /home/kireiji/RoboticsDev_ws/build/examples_rclpy_pointcloud_publisher/build install --record /home/kireiji/RoboticsDev_ws/build/examples_rclpy_pointcloud_publisher/install.log --single-version-externally-managed install_data
[1.925s] running egg_info
[1.926s] writing ../../../../../build/examples_rclpy_pointcloud_publisher/examples_rclpy_pointcloud_publisher.egg-info/PKG-INFO
[1.926s] writing dependency_links to ../../../../../build/examples_rclpy_pointcloud_publisher/examples_rclpy_pointcloud_publisher.egg-info/dependency_links.txt
[1.926s] writing entry points to ../../../../../build/examples_rclpy_pointcloud_publisher/examples_rclpy_pointcloud_publisher.egg-info/entry_points.txt
[1.926s] writing requirements to ../../../../../build/examples_rclpy_pointcloud_publisher/examples_rclpy_pointcloud_publisher.egg-info/requires.txt
[1.927s] writing top-level names to ../../../../../build/examples_rclpy_pointcloud_publisher/examples_rclpy_pointcloud_publisher.egg-info/top_level.txt
[1.927s] reading manifest file '../../../../../build/examples_rclpy_pointcloud_publisher/examples_rclpy_pointcloud_publisher.egg-info/SOURCES.txt'
[1.928s] writing manifest file '../../../../../build/examples_rclpy_pointcloud_publisher/examples_rclpy_pointcloud_publisher.egg-info/SOURCES.txt'
[1.928s] running build
[1.928s] running build_py
[1.928s] running install
[1.928s] running install_lib
[1.929s] running install_data
[1.929s] running install_egg_info
[1.931s] removing '/home/kireiji/RoboticsDev_ws/install/examples_rclpy_pointcloud_publisher/lib/python3.10/site-packages/examples_rclpy_pointcloud_publisher-0.15.2-py3.10.egg-info' (and everything under it)
[1.931s] Copying ../../../../../build/examples_rclpy_pointcloud_publisher/examples_rclpy_pointcloud_publisher.egg-info to /home/kireiji/RoboticsDev_ws/install/examples_rclpy_pointcloud_publisher/lib/python3.10/site-packages/examples_rclpy_pointcloud_publisher-0.15.2-py3.10.egg-info
[1.931s] running install_scripts
[1.948s] Installing pointcloud_publisher script to /home/kireiji/RoboticsDev_ws/install/examples_rclpy_pointcloud_publisher/lib/examples_rclpy_pointcloud_publisher
[1.948s] writing list of installed files to '/home/kireiji/RoboticsDev_ws/build/examples_rclpy_pointcloud_publisher/install.log'
[1.986s] Invoked command in '/home/kireiji/RoboticsDev_ws/src/examples/rclpy/topics/pointcloud_publisher' returned '0': PYTHONPATH=/home/kireiji/RoboticsDev_ws/build/examples_rclpy_pointcloud_publisher/prefix_override:/usr/lib/python3/dist-packages/colcon_core/task/python/colcon_distutils_commands:/home/kireiji/RoboticsDev_ws/install/examples_rclpy_pointcloud_publisher/lib/python3.10/site-packages:${PYTHONPATH} /usr/bin/python3 -W ignore:setup.py install is deprecated setup.py egg_info --egg-base ../../../../../build/examples_rclpy_pointcloud_publisher build --build-base /home/kireiji/RoboticsDev_ws/build/examples_rclpy_pointcloud_publisher/build install --record /home/kireiji/RoboticsDev_ws/build/examples_rclpy_pointcloud_publisher/install.log --single-version-externally-managed install_data
