[0.008s] Invoking command in '/home/kireiji/RoboticsDev_ws/build/example_description': CMAKE_PREFIX_PATH=${CMAKE_PREFIX_PATH}:/home/kireiji/RoboticsDev_ws/install/examples_rclpy_minimal_action_server:/home/kireiji/RoboticsDev_ws/install/examples_rclpy_minimal_action_client:/home/kireiji/RoboticsDev_ws/install/examples_rclpy_guard_conditions:/home/kireiji/RoboticsDev_ws/install/examples_rclpy_executors:/home/kireiji/ros2_ws/install/my_py_pkg:/opt/ros/humble /usr/bin/cmake --build /home/kireiji/RoboticsDev_ws/build/example_description -- -j16 -l16
[0.038s] [100%] Built target cpp_node_test
[0.041s] [100%] Built target ament_cmake_python_copy_example_description
[0.193s] running egg_info
[0.195s] writing manifest file 'example_description.egg-info/SOURCES.txt'
[0.210s] [100%] Built target ament_cmake_python_build_example_description_egg
[0.218s] Invoked command in '/home/kireiji/RoboticsDev_ws/build/example_description' returned '0': CMAKE_PREFIX_PATH=${CMAKE_PREFIX_PATH}:/home/kireiji/RoboticsDev_ws/install/examples_rclpy_minimal_action_server:/home/kireiji/RoboticsDev_ws/install/examples_rclpy_minimal_action_client:/home/kireiji/RoboticsDev_ws/install/examples_rclpy_guard_conditions:/home/kireiji/RoboticsDev_ws/install/examples_rclpy_executors:/home/kireiji/ros2_ws/install/my_py_pkg:/opt/ros/humble /usr/bin/cmake --build /home/kireiji/RoboticsDev_ws/build/example_description -- -j16 -l16
[0.239s] Invoking command in '/home/kireiji/RoboticsDev_ws/build/example_description': CMAKE_PREFIX_PATH=${CMAKE_PREFIX_PATH}:/home/kireiji/RoboticsDev_ws/install/examples_rclpy_minimal_action_server:/home/kireiji/RoboticsDev_ws/install/examples_rclpy_minimal_action_client:/home/kireiji/RoboticsDev_ws/install/examples_rclpy_guard_conditions:/home/kireiji/RoboticsDev_ws/install/examples_rclpy_executors:/home/kireiji/ros2_ws/install/my_py_pkg:/opt/ros/humble /usr/bin/cmake --install /home/kireiji/RoboticsDev_ws/build/example_description
[0.243s] -- Install configuration: ""
[0.244s] -- Up-to-date: /home/kireiji/RoboticsDev_ws/install/example_description/share/example_description/environment/pythonpath.sh
[0.244s] -- Up-to-date: /home/kireiji/RoboticsDev_ws/install/example_description/share/example_description/environment/pythonpath.dsv
[0.244s] -- Up-to-date: /home/kireiji/RoboticsDev_ws/install/example_description/lib/python3.10/site-packages/example_description-0.0.0-py3.10.egg-info
[0.244s] -- Installing: /home/kireiji/RoboticsDev_ws/install/example_description/lib/python3.10/site-packages/example_description-0.0.0-py3.10.egg-info/PKG-INFO
[0.244s] -- Installing: /home/kireiji/RoboticsDev_ws/install/example_description/lib/python3.10/site-packages/example_description-0.0.0-py3.10.egg-info/dependency_links.txt
[0.244s] -- Installing: /home/kireiji/RoboticsDev_ws/install/example_description/lib/python3.10/site-packages/example_description-0.0.0-py3.10.egg-info/top_level.txt
[0.244s] -- Installing: /home/kireiji/RoboticsDev_ws/install/example_description/lib/python3.10/site-packages/example_description-0.0.0-py3.10.egg-info/SOURCES.txt
[0.244s] -- Up-to-date: /home/kireiji/RoboticsDev_ws/install/example_description/lib/python3.10/site-packages/example_description
[0.244s] -- Up-to-date: /home/kireiji/RoboticsDev_ws/install/example_description/lib/python3.10/site-packages/example_description/__init__.py
[0.244s] -- Up-to-date: /home/kireiji/RoboticsDev_ws/install/example_description/lib/python3.10/site-packages/example_description/dummy_module.py
[0.267s] Listing '/home/kireiji/RoboticsDev_ws/install/example_description/lib/python3.10/site-packages/example_description'...
[0.270s] -- Up-to-date: /home/kireiji/RoboticsDev_ws/install/example_description/lib/example_description/dummy_script.py
[0.270s] -- Up-to-date: /home/kireiji/RoboticsDev_ws/install/example_description/lib/example_description/cpp_node_test
[0.270s] -- Up-to-date: /home/kireiji/RoboticsDev_ws/install/example_description/share/example_description/config
[0.270s] -- Up-to-date: /home/kireiji/RoboticsDev_ws/install/example_description/share/example_description/config/display.rviz
[0.270s] -- Up-to-date: /home/kireiji/RoboticsDev_ws/install/example_description/share/example_description/launch
[0.270s] -- Up-to-date: /home/kireiji/RoboticsDev_ws/install/example_description/share/example_description/launch/simple_display.launch.py
[0.270s] -- Up-to-date: /home/kireiji/RoboticsDev_ws/install/example_description/share/example_description/meshes
[0.270s] -- Up-to-date: /home/kireiji/RoboticsDev_ws/install/example_description/share/example_description/meshes/link_3.stl
[0.270s] -- Up-to-date: /home/kireiji/RoboticsDev_ws/install/example_description/share/example_description/meshes/link_2.stl
[0.270s] -- Up-to-date: /home/kireiji/RoboticsDev_ws/install/example_description/share/example_description/meshes/end_effector.stl
[0.270s] -- Up-to-date: /home/kireiji/RoboticsDev_ws/install/example_description/share/example_description/meshes/link_0.stl
[0.270s] -- Up-to-date: /home/kireiji/RoboticsDev_ws/install/example_description/share/example_description/meshes/link_1.stl
[0.270s] -- Up-to-date: /home/kireiji/RoboticsDev_ws/install/example_description/share/example_description/robot
[0.270s] -- Up-to-date: /home/kireiji/RoboticsDev_ws/install/example_description/share/example_description/robot/visual
[0.270s] -- Installing: /home/kireiji/RoboticsDev_ws/install/example_description/share/example_description/robot/visual/my-robot.xacro
[0.270s] -- Up-to-date: /home/kireiji/RoboticsDev_ws/install/example_description/share/example_description/robot/visual/01-myfirst.urdf
[0.270s] -- Up-to-date: /home/kireiji/RoboticsDev_ws/install/example_description/share/ament_index/resource_index/package_run_dependencies/example_description
[0.270s] -- Up-to-date: /home/kireiji/RoboticsDev_ws/install/example_description/share/ament_index/resource_index/parent_prefix_path/example_description
[0.271s] -- Up-to-date: /home/kireiji/RoboticsDev_ws/install/example_description/share/example_description/environment/ament_prefix_path.sh
[0.271s] -- Up-to-date: /home/kireiji/RoboticsDev_ws/install/example_description/share/example_description/environment/ament_prefix_path.dsv
[0.271s] -- Up-to-date: /home/kireiji/RoboticsDev_ws/install/example_description/share/example_description/environment/path.sh
[0.271s] -- Up-to-date: /home/kireiji/RoboticsDev_ws/install/example_description/share/example_description/environment/path.dsv
[0.271s] -- Up-to-date: /home/kireiji/RoboticsDev_ws/install/example_description/share/example_description/local_setup.bash
[0.271s] -- Up-to-date: /home/kireiji/RoboticsDev_ws/install/example_description/share/example_description/local_setup.sh
[0.271s] -- Up-to-date: /home/kireiji/RoboticsDev_ws/install/example_description/share/example_description/local_setup.zsh
[0.271s] -- Up-to-date: /home/kireiji/RoboticsDev_ws/install/example_description/share/example_description/local_setup.dsv
[0.271s] -- Installing: /home/kireiji/RoboticsDev_ws/install/example_description/share/example_description/package.dsv
[0.271s] -- Up-to-date: /home/kireiji/RoboticsDev_ws/install/example_description/share/ament_index/resource_index/packages/example_description
[0.271s] -- Up-to-date: /home/kireiji/RoboticsDev_ws/install/example_description/share/example_description/cmake/example_descriptionConfig.cmake
[0.271s] -- Up-to-date: /home/kireiji/RoboticsDev_ws/install/example_description/share/example_description/cmake/example_descriptionConfig-version.cmake
[0.271s] -- Up-to-date: /home/kireiji/RoboticsDev_ws/install/example_description/share/example_description/package.xml
[0.272s] Invoked command in '/home/kireiji/RoboticsDev_ws/build/example_description' returned '0': CMAKE_PREFIX_PATH=${CMAKE_PREFIX_PATH}:/home/kireiji/RoboticsDev_ws/install/examples_rclpy_minimal_action_server:/home/kireiji/RoboticsDev_ws/install/examples_rclpy_minimal_action_client:/home/kireiji/RoboticsDev_ws/install/examples_rclpy_guard_conditions:/home/kireiji/RoboticsDev_ws/install/examples_rclpy_executors:/home/kireiji/ros2_ws/install/my_py_pkg:/opt/ros/humble /usr/bin/cmake --install /home/kireiji/RoboticsDev_ws/build/example_description
