[100%] Built target cpp_node_test
[100%] Built target ament_cmake_python_copy_lecture3
running egg_info
writing manifest file 'lecture3.egg-info/SOURCES.txt'
[100%] Built target ament_cmake_python_build_lecture3_egg
-- Install configuration: ""
-- Up-to-date: /home/kireiji/RoboticsDev_ws/install/lecture3/share/lecture3/environment/pythonpath.sh
-- Up-to-date: /home/kireiji/RoboticsDev_ws/install/lecture3/share/lecture3/environment/pythonpath.dsv
-- Up-to-date: /home/kireiji/RoboticsDev_ws/install/lecture3/lib/python3.10/site-packages/lecture3-0.0.0-py3.10.egg-info
-- Installing: /home/kireiji/RoboticsDev_ws/install/lecture3/lib/python3.10/site-packages/lecture3-0.0.0-py3.10.egg-info/PKG-INFO
-- Installing: /home/kireiji/RoboticsDev_ws/install/lecture3/lib/python3.10/site-packages/lecture3-0.0.0-py3.10.egg-info/dependency_links.txt
-- Installing: /home/kireiji/RoboticsDev_ws/install/lecture3/lib/python3.10/site-packages/lecture3-0.0.0-py3.10.egg-info/top_level.txt
-- Installing: /home/kireiji/RoboticsDev_ws/install/lecture3/lib/python3.10/site-packages/lecture3-0.0.0-py3.10.egg-info/SOURCES.txt
-- Up-to-date: /home/kireiji/RoboticsDev_ws/install/lecture3/lib/python3.10/site-packages/lecture3
-- Up-to-date: /home/kireiji/RoboticsDev_ws/install/lecture3/lib/python3.10/site-packages/lecture3/__init__.py
-- Up-to-date: /home/kireiji/RoboticsDev_ws/install/lecture3/lib/python3.10/site-packages/lecture3/dummy_module.py
Listing '/home/kireiji/RoboticsDev_ws/install/lecture3/lib/python3.10/site-packages/lecture3'...
-- Up-to-date: /home/kireiji/RoboticsDev_ws/install/lecture3/lib/lecture3/dummy_script.py
-- Up-to-date: /home/kireiji/RoboticsDev_ws/install/lecture3/lib/lecture3/server_node.py
-- Installing: /home/kireiji/RoboticsDev_ws/install/lecture3/lib/lecture3/client_node.py
-- Up-to-date: /home/kireiji/RoboticsDev_ws/install/lecture3/lib/lecture3/cpp_node_test
-- Up-to-date: /home/kireiji/RoboticsDev_ws/install/lecture3/share/lecture3
-- Up-to-date: /home/kireiji/RoboticsDev_ws/install/lecture3/share/ament_index/resource_index/package_run_dependencies/lecture3
-- Up-to-date: /home/kireiji/RoboticsDev_ws/install/lecture3/share/ament_index/resource_index/parent_prefix_path/lecture3
-- Up-to-date: /home/kireiji/RoboticsDev_ws/install/lecture3/share/lecture3/environment/ament_prefix_path.sh
-- Up-to-date: /home/kireiji/RoboticsDev_ws/install/lecture3/share/lecture3/environment/ament_prefix_path.dsv
-- Up-to-date: /home/kireiji/RoboticsDev_ws/install/lecture3/share/lecture3/environment/path.sh
-- Up-to-date: /home/kireiji/RoboticsDev_ws/install/lecture3/share/lecture3/environment/path.dsv
-- Up-to-date: /home/kireiji/RoboticsDev_ws/install/lecture3/share/lecture3/local_setup.bash
-- Up-to-date: /home/kireiji/RoboticsDev_ws/install/lecture3/share/lecture3/local_setup.sh
-- Up-to-date: /home/kireiji/RoboticsDev_ws/install/lecture3/share/lecture3/local_setup.zsh
-- Up-to-date: /home/kireiji/RoboticsDev_ws/install/lecture3/share/lecture3/local_setup.dsv
-- Up-to-date: /home/kireiji/RoboticsDev_ws/install/lecture3/share/lecture3/package.dsv
-- Up-to-date: /home/kireiji/RoboticsDev_ws/install/lecture3/share/ament_index/resource_index/packages/lecture3
-- Up-to-date: /home/kireiji/RoboticsDev_ws/install/lecture3/share/lecture3/cmake/lecture3Config.cmake
-- Up-to-date: /home/kireiji/RoboticsDev_ws/install/lecture3/share/lecture3/cmake/lecture3Config-version.cmake
-- Up-to-date: /home/kireiji/RoboticsDev_ws/install/lecture3/share/lecture3/package.xml
