[1.885s] Invoking command in '/home/kireiji/RoboticsDev_ws/src/examples/rclpy/actions/minimal_action_client': PYTHONPATH=/home/kireiji/RoboticsDev_ws/build/examples_rclpy_minimal_action_client/prefix_override:/usr/lib/python3/dist-packages/colcon_core/task/python/colcon_distutils_commands:/home/kireiji/RoboticsDev_ws/install/examples_rclpy_minimal_action_client/lib/python3.10/site-packages:${PYTHONPATH} /usr/bin/python3 -W ignore:setup.py install is deprecated setup.py egg_info --egg-base ../../../../../build/examples_rclpy_minimal_action_client build --build-base /home/kireiji/RoboticsDev_ws/build/examples_rclpy_minimal_action_client/build install --record /home/kireiji/RoboticsDev_ws/build/examples_rclpy_minimal_action_client/install.log --single-version-externally-managed install_data
[2.329s] running egg_info
[2.329s] creating ../../../../../build/examples_rclpy_minimal_action_client/examples_rclpy_minimal_action_client.egg-info
[2.329s] writing ../../../../../build/examples_rclpy_minimal_action_client/examples_rclpy_minimal_action_client.egg-info/PKG-INFO
[2.329s] writing dependency_links to ../../../../../build/examples_rclpy_minimal_action_client/examples_rclpy_minimal_action_client.egg-info/dependency_links.txt
[2.329s] writing entry points to ../../../../../build/examples_rclpy_minimal_action_client/examples_rclpy_minimal_action_client.egg-info/entry_points.txt
[2.329s] writing requirements to ../../../../../build/examples_rclpy_minimal_action_client/examples_rclpy_minimal_action_client.egg-info/requires.txt
[2.329s] writing top-level names to ../../../../../build/examples_rclpy_minimal_action_client/examples_rclpy_minimal_action_client.egg-info/top_level.txt
[2.329s] writing manifest file '../../../../../build/examples_rclpy_minimal_action_client/examples_rclpy_minimal_action_client.egg-info/SOURCES.txt'
[2.329s] reading manifest file '../../../../../build/examples_rclpy_minimal_action_client/examples_rclpy_minimal_action_client.egg-info/SOURCES.txt'
[2.329s] writing manifest file '../../../../../build/examples_rclpy_minimal_action_client/examples_rclpy_minimal_action_client.egg-info/SOURCES.txt'
[2.329s] running build
[2.329s] running build_py
[2.329s] creating /home/kireiji/RoboticsDev_ws/build/examples_rclpy_minimal_action_client/build
[2.329s] creating /home/kireiji/RoboticsDev_ws/build/examples_rclpy_minimal_action_client/build/lib
[2.330s] creating /home/kireiji/RoboticsDev_ws/build/examples_rclpy_minimal_action_client/build/lib/examples_rclpy_minimal_action_client
[2.330s] copying examples_rclpy_minimal_action_client/__init__.py -> /home/kireiji/RoboticsDev_ws/build/examples_rclpy_minimal_action_client/build/lib/examples_rclpy_minimal_action_client
[2.330s] copying examples_rclpy_minimal_action_client/client_cancel.py -> /home/kireiji/RoboticsDev_ws/build/examples_rclpy_minimal_action_client/build/lib/examples_rclpy_minimal_action_client
[2.330s] copying examples_rclpy_minimal_action_client/client_not_composable.py -> /home/kireiji/RoboticsDev_ws/build/examples_rclpy_minimal_action_client/build/lib/examples_rclpy_minimal_action_client
[2.330s] copying examples_rclpy_minimal_action_client/client.py -> /home/kireiji/RoboticsDev_ws/build/examples_rclpy_minimal_action_client/build/lib/examples_rclpy_minimal_action_client
[2.330s] copying examples_rclpy_minimal_action_client/client_asyncio.py -> /home/kireiji/RoboticsDev_ws/build/examples_rclpy_minimal_action_client/build/lib/examples_rclpy_minimal_action_client
[2.330s] running install
[2.330s] running install_lib
[2.330s] creating /home/kireiji/RoboticsDev_ws/install/examples_rclpy_minimal_action_client/lib/python3.10/site-packages/examples_rclpy_minimal_action_client
[2.330s] copying /home/kireiji/RoboticsDev_ws/build/examples_rclpy_minimal_action_client/build/lib/examples_rclpy_minimal_action_client/__init__.py -> /home/kireiji/RoboticsDev_ws/install/examples_rclpy_minimal_action_client/lib/python3.10/site-packages/examples_rclpy_minimal_action_client
[2.330s] copying /home/kireiji/RoboticsDev_ws/build/examples_rclpy_minimal_action_client/build/lib/examples_rclpy_minimal_action_client/client_cancel.py -> /home/kireiji/RoboticsDev_ws/install/examples_rclpy_minimal_action_client/lib/python3.10/site-packages/examples_rclpy_minimal_action_client
[2.330s] copying /home/kireiji/RoboticsDev_ws/build/examples_rclpy_minimal_action_client/build/lib/examples_rclpy_minimal_action_client/client_not_composable.py -> /home/kireiji/RoboticsDev_ws/install/examples_rclpy_minimal_action_client/lib/python3.10/site-packages/examples_rclpy_minimal_action_client
[2.330s] copying /home/kireiji/RoboticsDev_ws/build/examples_rclpy_minimal_action_client/build/lib/examples_rclpy_minimal_action_client/client.py -> /home/kireiji/RoboticsDev_ws/install/examples_rclpy_minimal_action_client/lib/python3.10/site-packages/examples_rclpy_minimal_action_client
[2.330s] copying /home/kireiji/RoboticsDev_ws/build/examples_rclpy_minimal_action_client/build/lib/examples_rclpy_minimal_action_client/client_asyncio.py -> /home/kireiji/RoboticsDev_ws/install/examples_rclpy_minimal_action_client/lib/python3.10/site-packages/examples_rclpy_minimal_action_client
[2.331s] byte-compiling /home/kireiji/RoboticsDev_ws/install/examples_rclpy_minimal_action_client/lib/python3.10/site-packages/examples_rclpy_minimal_action_client/__init__.py to __init__.cpython-310.pyc
[2.331s] byte-compiling /home/kireiji/RoboticsDev_ws/install/examples_rclpy_minimal_action_client/lib/python3.10/site-packages/examples_rclpy_minimal_action_client/client_cancel.py to client_cancel.cpython-310.pyc
[2.331s] byte-compiling /home/kireiji/RoboticsDev_ws/install/examples_rclpy_minimal_action_client/lib/python3.10/site-packages/examples_rclpy_minimal_action_client/client_not_composable.py to client_not_composable.cpython-310.pyc
[2.331s] byte-compiling /home/kireiji/RoboticsDev_ws/install/examples_rclpy_minimal_action_client/lib/python3.10/site-packages/examples_rclpy_minimal_action_client/client.py to client.cpython-310.pyc
[2.331s] byte-compiling /home/kireiji/RoboticsDev_ws/install/examples_rclpy_minimal_action_client/lib/python3.10/site-packages/examples_rclpy_minimal_action_client/client_asyncio.py to client_asyncio.cpython-310.pyc
[2.332s] running install_data
[2.332s] creating /home/kireiji/RoboticsDev_ws/install/examples_rclpy_minimal_action_client/share/ament_index
[2.332s] creating /home/kireiji/RoboticsDev_ws/install/examples_rclpy_minimal_action_client/share/ament_index/resource_index
[2.332s] creating /home/kireiji/RoboticsDev_ws/install/examples_rclpy_minimal_action_client/share/ament_index/resource_index/packages
[2.333s] copying resource/examples_rclpy_minimal_action_client -> /home/kireiji/RoboticsDev_ws/install/examples_rclpy_minimal_action_client/share/ament_index/resource_index/packages
[2.333s] copying package.xml -> /home/kireiji/RoboticsDev_ws/install/examples_rclpy_minimal_action_client/share/examples_rclpy_minimal_action_client
[2.333s] running install_egg_info
[2.334s] Copying ../../../../../build/examples_rclpy_minimal_action_client/examples_rclpy_minimal_action_client.egg-info to /home/kireiji/RoboticsDev_ws/install/examples_rclpy_minimal_action_client/lib/python3.10/site-packages/examples_rclpy_minimal_action_client-0.15.2-py3.10.egg-info
[2.335s] running install_scripts
[2.383s] Installing client script to /home/kireiji/RoboticsDev_ws/install/examples_rclpy_minimal_action_client/lib/examples_rclpy_minimal_action_client
[2.383s] Installing client_asyncio script to /home/kireiji/RoboticsDev_ws/install/examples_rclpy_minimal_action_client/lib/examples_rclpy_minimal_action_client
[2.383s] Installing client_cancel script to /home/kireiji/RoboticsDev_ws/install/examples_rclpy_minimal_action_client/lib/examples_rclpy_minimal_action_client
[2.383s] Installing client_not_composable script to /home/kireiji/RoboticsDev_ws/install/examples_rclpy_minimal_action_client/lib/examples_rclpy_minimal_action_client
[2.383s] writing list of installed files to '/home/kireiji/RoboticsDev_ws/build/examples_rclpy_minimal_action_client/install.log'
[2.502s] Invoked command in '/home/kireiji/RoboticsDev_ws/src/examples/rclpy/actions/minimal_action_client' returned '0': PYTHONPATH=/home/kireiji/RoboticsDev_ws/build/examples_rclpy_minimal_action_client/prefix_override:/usr/lib/python3/dist-packages/colcon_core/task/python/colcon_distutils_commands:/home/kireiji/RoboticsDev_ws/install/examples_rclpy_minimal_action_client/lib/python3.10/site-packages:${PYTHONPATH} /usr/bin/python3 -W ignore:setup.py install is deprecated setup.py egg_info --egg-base ../../../../../build/examples_rclpy_minimal_action_client build --build-base /home/kireiji/RoboticsDev_ws/build/examples_rclpy_minimal_action_client/build install --record /home/kireiji/RoboticsDev_ws/build/examples_rclpy_minimal_action_client/install.log --single-version-externally-managed install_data
