[1.886s] Invoking command in '/home/kireiji/RoboticsDev_ws/src/examples/rclpy/guard_conditions': PYTHONPATH=/home/kireiji/RoboticsDev_ws/build/examples_rclpy_guard_conditions/prefix_override:/usr/lib/python3/dist-packages/colcon_core/task/python/colcon_distutils_commands:/home/kireiji/RoboticsDev_ws/install/examples_rclpy_guard_conditions/lib/python3.10/site-packages:${PYTHONPATH} /usr/bin/python3 -W ignore:setup.py install is deprecated setup.py egg_info --egg-base ../../../../build/examples_rclpy_guard_conditions build --build-base /home/kireiji/RoboticsDev_ws/build/examples_rclpy_guard_conditions/build install --record /home/kireiji/RoboticsDev_ws/build/examples_rclpy_guard_conditions/install.log --single-version-externally-managed install_data
[2.347s] running egg_info
[2.347s] creating ../../../../build/examples_rclpy_guard_conditions/examples_rclpy_guard_conditions.egg-info
[2.347s] writing ../../../../build/examples_rclpy_guard_conditions/examples_rclpy_guard_conditions.egg-info/PKG-INFO
[2.347s] writing dependency_links to ../../../../build/examples_rclpy_guard_conditions/examples_rclpy_guard_conditions.egg-info/dependency_links.txt
[2.347s] writing entry points to ../../../../build/examples_rclpy_guard_conditions/examples_rclpy_guard_conditions.egg-info/entry_points.txt
[2.347s] writing requirements to ../../../../build/examples_rclpy_guard_conditions/examples_rclpy_guard_conditions.egg-info/requires.txt
[2.348s] writing top-level names to ../../../../build/examples_rclpy_guard_conditions/examples_rclpy_guard_conditions.egg-info/top_level.txt
[2.352s] writing manifest file '../../../../build/examples_rclpy_guard_conditions/examples_rclpy_guard_conditions.egg-info/SOURCES.txt'
[2.354s] reading manifest file '../../../../build/examples_rclpy_guard_conditions/examples_rclpy_guard_conditions.egg-info/SOURCES.txt'
[2.355s] writing manifest file '../../../../build/examples_rclpy_guard_conditions/examples_rclpy_guard_conditions.egg-info/SOURCES.txt'
[2.355s] running build
[2.355s] running build_py
[2.355s] creating /home/kireiji/RoboticsDev_ws/build/examples_rclpy_guard_conditions/build
[2.355s] creating /home/kireiji/RoboticsDev_ws/build/examples_rclpy_guard_conditions/build/lib
[2.355s] creating /home/kireiji/RoboticsDev_ws/build/examples_rclpy_guard_conditions/build/lib/examples_rclpy_guard_conditions
[2.359s] copying examples_rclpy_guard_conditions/__init__.py -> /home/kireiji/RoboticsDev_ws/build/examples_rclpy_guard_conditions/build/lib/examples_rclpy_guard_conditions
[2.359s] copying examples_rclpy_guard_conditions/trigger_guard_condition.py -> /home/kireiji/RoboticsDev_ws/build/examples_rclpy_guard_conditions/build/lib/examples_rclpy_guard_conditions
[2.359s] running install
[2.359s] running install_lib
[2.362s] creating /home/kireiji/RoboticsDev_ws/install/examples_rclpy_guard_conditions/lib/python3.10/site-packages/examples_rclpy_guard_conditions
[2.362s] copying /home/kireiji/RoboticsDev_ws/build/examples_rclpy_guard_conditions/build/lib/examples_rclpy_guard_conditions/__init__.py -> /home/kireiji/RoboticsDev_ws/install/examples_rclpy_guard_conditions/lib/python3.10/site-packages/examples_rclpy_guard_conditions
[2.363s] copying /home/kireiji/RoboticsDev_ws/build/examples_rclpy_guard_conditions/build/lib/examples_rclpy_guard_conditions/trigger_guard_condition.py -> /home/kireiji/RoboticsDev_ws/install/examples_rclpy_guard_conditions/lib/python3.10/site-packages/examples_rclpy_guard_conditions
[2.363s] byte-compiling /home/kireiji/RoboticsDev_ws/install/examples_rclpy_guard_conditions/lib/python3.10/site-packages/examples_rclpy_guard_conditions/__init__.py to __init__.cpython-310.pyc
[2.363s] byte-compiling /home/kireiji/RoboticsDev_ws/install/examples_rclpy_guard_conditions/lib/python3.10/site-packages/examples_rclpy_guard_conditions/trigger_guard_condition.py to trigger_guard_condition.cpython-310.pyc
[2.363s] running install_data
[2.366s] creating /home/kireiji/RoboticsDev_ws/install/examples_rclpy_guard_conditions/share/ament_index
[2.366s] creating /home/kireiji/RoboticsDev_ws/install/examples_rclpy_guard_conditions/share/ament_index/resource_index
[2.366s] creating /home/kireiji/RoboticsDev_ws/install/examples_rclpy_guard_conditions/share/ament_index/resource_index/packages
[2.366s] copying resource/examples_rclpy_guard_conditions -> /home/kireiji/RoboticsDev_ws/install/examples_rclpy_guard_conditions/share/ament_index/resource_index/packages
[2.366s] copying package.xml -> /home/kireiji/RoboticsDev_ws/install/examples_rclpy_guard_conditions/share/examples_rclpy_guard_conditions
[2.366s] running install_egg_info
[2.369s] Copying ../../../../build/examples_rclpy_guard_conditions/examples_rclpy_guard_conditions.egg-info to /home/kireiji/RoboticsDev_ws/install/examples_rclpy_guard_conditions/lib/python3.10/site-packages/examples_rclpy_guard_conditions-0.15.2-py3.10.egg-info
[2.373s] running install_scripts
[2.438s] Installing trigger_guard_condition script to /home/kireiji/RoboticsDev_ws/install/examples_rclpy_guard_conditions/lib/examples_rclpy_guard_conditions
[2.438s] writing list of installed files to '/home/kireiji/RoboticsDev_ws/build/examples_rclpy_guard_conditions/install.log'
[4.058s] Invoked command in '/home/kireiji/RoboticsDev_ws/src/examples/rclpy/guard_conditions' returned '0': PYTHONPATH=/home/kireiji/RoboticsDev_ws/build/examples_rclpy_guard_conditions/prefix_override:/usr/lib/python3/dist-packages/colcon_core/task/python/colcon_distutils_commands:/home/kireiji/RoboticsDev_ws/install/examples_rclpy_guard_conditions/lib/python3.10/site-packages:${PYTHONPATH} /usr/bin/python3 -W ignore:setup.py install is deprecated setup.py egg_info --egg-base ../../../../build/examples_rclpy_guard_conditions build --build-base /home/kireiji/RoboticsDev_ws/build/examples_rclpy_guard_conditions/build install --record /home/kireiji/RoboticsDev_ws/build/examples_rclpy_guard_conditions/install.log --single-version-externally-managed install_data
