[0.089s] DEBUG:colcon:Command line arguments: ['/usr/bin/colcon', 'build']
[0.089s] DEBUG:colcon:Parsed command line arguments: Namespace(log_base=None, log_level=None, verb_name='build', build_base='build', install_base='install', merge_install=False, symlink_install=False, test_result_base=None, continue_on_error=False, executor='parallel', parallel_workers=16, event_handlers=None, ignore_user_meta=False, metas=['./colcon.meta'], base_paths=['.'], packages_ignore=None, packages_ignore_regex=None, paths=None, packages_up_to=None, packages_up_to_regex=None, packages_above=None, packages_above_and_dependencies=None, packages_above_depth=None, packages_select_by_dep=None, packages_skip_by_dep=None, packages_skip_up_to=None, packages_select_build_failed=False, packages_skip_build_finished=False, packages_select_test_failures=False, packages_skip_test_passed=False, packages_select=None, packages_skip=None, packages_select_regex=None, packages_skip_regex=None, packages_start=None, packages_end=None, allow_overriding=[], cmake_args=None, cmake_target=None, cmake_target_skip_unavailable=False, cmake_clean_cache=False, cmake_clean_first=False, cmake_force_configure=False, ament_cmake_args=None, catkin_cmake_args=None, catkin_skip_building_tests=False, verb_parser=<colcon_defaults.argument_parser.defaults.DefaultArgumentsDecorator object at 0x794c7810ff40>, verb_extension=<colcon_core.verb.build.BuildVerb object at 0x794c7810fa30>, main=<bound method BuildVerb.main of <colcon_core.verb.build.BuildVerb object at 0x794c7810fa30>>)
[0.230s] Level 1:colcon.colcon_core.package_discovery:discover_packages(colcon_meta) check parameters
[0.230s] Level 1:colcon.colcon_core.package_discovery:discover_packages(recursive) check parameters
[0.230s] Level 1:colcon.colcon_core.package_discovery:discover_packages(ignore) check parameters
[0.230s] Level 1:colcon.colcon_core.package_discovery:discover_packages(path) check parameters
[0.230s] Level 1:colcon.colcon_core.package_discovery:discover_packages(colcon_meta) discover
[0.230s] Level 1:colcon.colcon_core.package_discovery:discover_packages(recursive) discover
[0.230s] INFO:colcon.colcon_core.package_discovery:Crawling recursively for packages in '/home/tim/RoboticsDev_ws'
[0.230s] Level 1:colcon.colcon_core.package_identification:_identify(.) by extensions ['ignore', 'ignore_ament_install']
[0.230s] Level 1:colcon.colcon_core.package_identification:_identify(.) by extension 'ignore'
[0.230s] Level 1:colcon.colcon_core.package_identification:_identify(.) by extension 'ignore_ament_install'
[0.230s] Level 1:colcon.colcon_core.package_identification:_identify(.) by extensions ['colcon_pkg']
[0.230s] Level 1:colcon.colcon_core.package_identification:_identify(.) by extension 'colcon_pkg'
[0.230s] Level 1:colcon.colcon_core.package_identification:_identify(.) by extensions ['colcon_meta']
[0.230s] Level 1:colcon.colcon_core.package_identification:_identify(.) by extension 'colcon_meta'
[0.230s] Level 1:colcon.colcon_core.package_identification:_identify(.) by extensions ['ros']
[0.230s] Level 1:colcon.colcon_core.package_identification:_identify(.) by extension 'ros'
[0.239s] Level 1:colcon.colcon_core.package_identification:_identify(.) by extensions ['cmake', 'python']
[0.239s] Level 1:colcon.colcon_core.package_identification:_identify(.) by extension 'cmake'
[0.239s] Level 1:colcon.colcon_core.package_identification:_identify(.) by extension 'python'
[0.239s] Level 1:colcon.colcon_core.package_identification:_identify(.) by extensions ['python_setup_py']
[0.239s] Level 1:colcon.colcon_core.package_identification:_identify(.) by extension 'python_setup_py'
[0.239s] Level 1:colcon.colcon_core.package_identification:_identify(build) by extensions ['ignore', 'ignore_ament_install']
[0.239s] Level 1:colcon.colcon_core.package_identification:_identify(build) by extension 'ignore'
[0.239s] Level 1:colcon.colcon_core.package_identification:_identify(build) ignored
[0.239s] Level 1:colcon.colcon_core.package_identification:_identify(install) by extensions ['ignore', 'ignore_ament_install']
[0.239s] Level 1:colcon.colcon_core.package_identification:_identify(install) by extension 'ignore'
[0.239s] Level 1:colcon.colcon_core.package_identification:_identify(install) ignored
[0.240s] Level 1:colcon.colcon_core.package_identification:_identify(log) by extensions ['ignore', 'ignore_ament_install']
[0.240s] Level 1:colcon.colcon_core.package_identification:_identify(log) by extension 'ignore'
[0.240s] Level 1:colcon.colcon_core.package_identification:_identify(log) ignored
[0.240s] Level 1:colcon.colcon_core.package_identification:_identify(src) by extensions ['ignore', 'ignore_ament_install']
[0.240s] Level 1:colcon.colcon_core.package_identification:_identify(src) by extension 'ignore'
[0.240s] Level 1:colcon.colcon_core.package_identification:_identify(src) by extension 'ignore_ament_install'
[0.240s] Level 1:colcon.colcon_core.package_identification:_identify(src) by extensions ['colcon_pkg']
[0.240s] Level 1:colcon.colcon_core.package_identification:_identify(src) by extension 'colcon_pkg'
[0.240s] Level 1:colcon.colcon_core.package_identification:_identify(src) by extensions ['colcon_meta']
[0.240s] Level 1:colcon.colcon_core.package_identification:_identify(src) by extension 'colcon_meta'
[0.240s] Level 1:colcon.colcon_core.package_identification:_identify(src) by extensions ['ros']
[0.240s] Level 1:colcon.colcon_core.package_identification:_identify(src) by extension 'ros'
[0.240s] Level 1:colcon.colcon_core.package_identification:_identify(src) by extensions ['cmake', 'python']
[0.240s] Level 1:colcon.colcon_core.package_identification:_identify(src) by extension 'cmake'
[0.240s] Level 1:colcon.colcon_core.package_identification:_identify(src) by extension 'python'
[0.240s] Level 1:colcon.colcon_core.package_identification:_identify(src) by extensions ['python_setup_py']
[0.240s] Level 1:colcon.colcon_core.package_identification:_identify(src) by extension 'python_setup_py'
[0.240s] Level 1:colcon.colcon_core.package_identification:_identify(src/controller_interfaces) by extensions ['ignore', 'ignore_ament_install']
[0.240s] Level 1:colcon.colcon_core.package_identification:_identify(src/controller_interfaces) by extension 'ignore'
[0.240s] Level 1:colcon.colcon_core.package_identification:_identify(src/controller_interfaces) by extension 'ignore_ament_install'
[0.240s] Level 1:colcon.colcon_core.package_identification:_identify(src/controller_interfaces) by extensions ['colcon_pkg']
[0.240s] Level 1:colcon.colcon_core.package_identification:_identify(src/controller_interfaces) by extension 'colcon_pkg'
[0.241s] Level 1:colcon.colcon_core.package_identification:_identify(src/controller_interfaces) by extensions ['colcon_meta']
[0.241s] Level 1:colcon.colcon_core.package_identification:_identify(src/controller_interfaces) by extension 'colcon_meta'
[0.241s] Level 1:colcon.colcon_core.package_identification:_identify(src/controller_interfaces) by extensions ['ros']
[0.241s] Level 1:colcon.colcon_core.package_identification:_identify(src/controller_interfaces) by extension 'ros'
[0.243s] DEBUG:colcon.colcon_core.package_identification:Package 'src/controller_interfaces' with type 'ros.ament_cmake' and name 'controller_interfaces'
[0.243s] Level 1:colcon.colcon_core.package_identification:_identify(src/lab1) by extensions ['ignore', 'ignore_ament_install']
[0.243s] Level 1:colcon.colcon_core.package_identification:_identify(src/lab1) by extension 'ignore'
[0.243s] Level 1:colcon.colcon_core.package_identification:_identify(src/lab1) by extension 'ignore_ament_install'
[0.243s] Level 1:colcon.colcon_core.package_identification:_identify(src/lab1) by extensions ['colcon_pkg']
[0.243s] Level 1:colcon.colcon_core.package_identification:_identify(src/lab1) by extension 'colcon_pkg'
[0.243s] Level 1:colcon.colcon_core.package_identification:_identify(src/lab1) by extensions ['colcon_meta']
[0.243s] Level 1:colcon.colcon_core.package_identification:_identify(src/lab1) by extension 'colcon_meta'
[0.243s] Level 1:colcon.colcon_core.package_identification:_identify(src/lab1) by extensions ['ros']
[0.243s] Level 1:colcon.colcon_core.package_identification:_identify(src/lab1) by extension 'ros'
[0.244s] DEBUG:colcon.colcon_core.package_identification:Package 'src/lab1' with type 'ros.ament_cmake' and name 'lab1'
[0.244s] Level 1:colcon.colcon_core.package_identification:_identify(src/lab1_interfaces) by extensions ['ignore', 'ignore_ament_install']
[0.244s] Level 1:colcon.colcon_core.package_identification:_identify(src/lab1_interfaces) by extension 'ignore'
[0.244s] Level 1:colcon.colcon_core.package_identification:_identify(src/lab1_interfaces) by extension 'ignore_ament_install'
[0.244s] Level 1:colcon.colcon_core.package_identification:_identify(src/lab1_interfaces) by extensions ['colcon_pkg']
[0.244s] Level 1:colcon.colcon_core.package_identification:_identify(src/lab1_interfaces) by extension 'colcon_pkg'
[0.244s] Level 1:colcon.colcon_core.package_identification:_identify(src/lab1_interfaces) by extensions ['colcon_meta']
[0.244s] Level 1:colcon.colcon_core.package_identification:_identify(src/lab1_interfaces) by extension 'colcon_meta'
[0.244s] Level 1:colcon.colcon_core.package_identification:_identify(src/lab1_interfaces) by extensions ['ros']
[0.244s] Level 1:colcon.colcon_core.package_identification:_identify(src/lab1_interfaces) by extension 'ros'
[0.244s] DEBUG:colcon.colcon_core.package_identification:Package 'src/lab1_interfaces' with type 'ros.ament_cmake' and name 'lab1_interfaces'
[0.244s] Level 1:colcon.colcon_core.package_identification:_identify(src/lecture2) by extensions ['ignore', 'ignore_ament_install']
[0.245s] Level 1:colcon.colcon_core.package_identification:_identify(src/lecture2) by extension 'ignore'
[0.245s] Level 1:colcon.colcon_core.package_identification:_identify(src/lecture2) by extension 'ignore_ament_install'
[0.245s] Level 1:colcon.colcon_core.package_identification:_identify(src/lecture2) by extensions ['colcon_pkg']
[0.245s] Level 1:colcon.colcon_core.package_identification:_identify(src/lecture2) by extension 'colcon_pkg'
[0.245s] Level 1:colcon.colcon_core.package_identification:_identify(src/lecture2) by extensions ['colcon_meta']
[0.245s] Level 1:colcon.colcon_core.package_identification:_identify(src/lecture2) by extension 'colcon_meta'
[0.245s] Level 1:colcon.colcon_core.package_identification:_identify(src/lecture2) by extensions ['ros']
[0.245s] Level 1:colcon.colcon_core.package_identification:_identify(src/lecture2) by extension 'ros'
[0.245s] DEBUG:colcon.colcon_core.package_identification:Package 'src/lecture2' with type 'ros.ament_cmake' and name 'lecture2'
[0.246s] Level 1:colcon.colcon_core.package_identification:_identify(src/lecture3) by extensions ['ignore', 'ignore_ament_install']
[0.246s] Level 1:colcon.colcon_core.package_identification:_identify(src/lecture3) by extension 'ignore'
[0.246s] Level 1:colcon.colcon_core.package_identification:_identify(src/lecture3) by extension 'ignore_ament_install'
[0.246s] Level 1:colcon.colcon_core.package_identification:_identify(src/lecture3) by extensions ['colcon_pkg']
[0.246s] Level 1:colcon.colcon_core.package_identification:_identify(src/lecture3) by extension 'colcon_pkg'
[0.246s] Level 1:colcon.colcon_core.package_identification:_identify(src/lecture3) by extensions ['colcon_meta']
[0.246s] Level 1:colcon.colcon_core.package_identification:_identify(src/lecture3) by extension 'colcon_meta'
[0.246s] Level 1:colcon.colcon_core.package_identification:_identify(src/lecture3) by extensions ['ros']
[0.246s] Level 1:colcon.colcon_core.package_identification:_identify(src/lecture3) by extension 'ros'
[0.246s] DEBUG:colcon.colcon_core.package_identification:Package 'src/lecture3' with type 'ros.ament_cmake' and name 'lecture3'
[0.246s] Level 1:colcon.colcon_core.package_identification:_identify(src/lecture3_interfaces) by extensions ['ignore', 'ignore_ament_install']
[0.246s] Level 1:colcon.colcon_core.package_identification:_identify(src/lecture3_interfaces) by extension 'ignore'
[0.246s] Level 1:colcon.colcon_core.package_identification:_identify(src/lecture3_interfaces) by extension 'ignore_ament_install'
[0.247s] Level 1:colcon.colcon_core.package_identification:_identify(src/lecture3_interfaces) by extensions ['colcon_pkg']
[0.247s] Level 1:colcon.colcon_core.package_identification:_identify(src/lecture3_interfaces) by extension 'colcon_pkg'
[0.247s] Level 1:colcon.colcon_core.package_identification:_identify(src/lecture3_interfaces) by extensions ['colcon_meta']
[0.247s] Level 1:colcon.colcon_core.package_identification:_identify(src/lecture3_interfaces) by extension 'colcon_meta'
[0.247s] Level 1:colcon.colcon_core.package_identification:_identify(src/lecture3_interfaces) by extensions ['ros']
[0.247s] Level 1:colcon.colcon_core.package_identification:_identify(src/lecture3_interfaces) by extension 'ros'
[0.247s] DEBUG:colcon.colcon_core.package_identification:Package 'src/lecture3_interfaces' with type 'ros.ament_cmake' and name 'lecture3_interfaces'
[0.247s] Level 1:colcon.colcon_core.package_identification:_identify(src/motorsim) by extensions ['ignore', 'ignore_ament_install']
[0.247s] Level 1:colcon.colcon_core.package_identification:_identify(src/motorsim) by extension 'ignore'
[0.247s] Level 1:colcon.colcon_core.package_identification:_identify(src/motorsim) by extension 'ignore_ament_install'
[0.247s] Level 1:colcon.colcon_core.package_identification:_identify(src/motorsim) by extensions ['colcon_pkg']
[0.247s] Level 1:colcon.colcon_core.package_identification:_identify(src/motorsim) by extension 'colcon_pkg'
[0.247s] Level 1:colcon.colcon_core.package_identification:_identify(src/motorsim) by extensions ['colcon_meta']
[0.247s] Level 1:colcon.colcon_core.package_identification:_identify(src/motorsim) by extension 'colcon_meta'
[0.247s] Level 1:colcon.colcon_core.package_identification:_identify(src/motorsim) by extensions ['ros']
[0.247s] Level 1:colcon.colcon_core.package_identification:_identify(src/motorsim) by extension 'ros'
[0.248s] DEBUG:colcon.colcon_core.package_identification:Package 'src/motorsim' with type 'ros.ament_cmake' and name 'motorsim'
[0.248s] Level 1:colcon.colcon_core.package_identification:_identify(src/motorsim_interfaces) by extensions ['ignore', 'ignore_ament_install']
[0.248s] Level 1:colcon.colcon_core.package_identification:_identify(src/motorsim_interfaces) by extension 'ignore'
[0.248s] Level 1:colcon.colcon_core.package_identification:_identify(src/motorsim_interfaces) by extension 'ignore_ament_install'
[0.248s] Level 1:colcon.colcon_core.package_identification:_identify(src/motorsim_interfaces) by extensions ['colcon_pkg']
[0.248s] Level 1:colcon.colcon_core.package_identification:_identify(src/motorsim_interfaces) by extension 'colcon_pkg'
[0.248s] Level 1:colcon.colcon_core.package_identification:_identify(src/motorsim_interfaces) by extensions ['colcon_meta']
[0.248s] Level 1:colcon.colcon_core.package_identification:_identify(src/motorsim_interfaces) by extension 'colcon_meta'
[0.248s] Level 1:colcon.colcon_core.package_identification:_identify(src/motorsim_interfaces) by extensions ['ros']
[0.248s] Level 1:colcon.colcon_core.package_identification:_identify(src/motorsim_interfaces) by extension 'ros'
[0.249s] DEBUG:colcon.colcon_core.package_identification:Package 'src/motorsim_interfaces' with type 'ros.ament_cmake' and name 'motorsim_interfaces'
[0.249s] Level 1:colcon.colcon_core.package_identification:_identify(src/turtle_bringup) by extensions ['ignore', 'ignore_ament_install']
[0.249s] Level 1:colcon.colcon_core.package_identification:_identify(src/turtle_bringup) by extension 'ignore'
[0.249s] Level 1:colcon.colcon_core.package_identification:_identify(src/turtle_bringup) by extension 'ignore_ament_install'
[0.249s] Level 1:colcon.colcon_core.package_identification:_identify(src/turtle_bringup) by extensions ['colcon_pkg']
[0.249s] Level 1:colcon.colcon_core.package_identification:_identify(src/turtle_bringup) by extension 'colcon_pkg'
[0.249s] Level 1:colcon.colcon_core.package_identification:_identify(src/turtle_bringup) by extensions ['colcon_meta']
[0.249s] Level 1:colcon.colcon_core.package_identification:_identify(src/turtle_bringup) by extension 'colcon_meta'
[0.249s] Level 1:colcon.colcon_core.package_identification:_identify(src/turtle_bringup) by extensions ['ros']
[0.249s] Level 1:colcon.colcon_core.package_identification:_identify(src/turtle_bringup) by extension 'ros'
[0.249s] DEBUG:colcon.colcon_core.package_identification:Package 'src/turtle_bringup' with type 'ros.ament_cmake' and name 'turtle_bringup'
[0.249s] Level 1:colcon.colcon_core.package_discovery:discover_packages(recursive) using defaults
[0.250s] Level 1:colcon.colcon_core.package_discovery:discover_packages(ignore) discover
[0.250s] Level 1:colcon.colcon_core.package_discovery:discover_packages(ignore) using defaults
[0.250s] Level 1:colcon.colcon_core.package_discovery:discover_packages(path) discover
[0.250s] Level 1:colcon.colcon_core.package_discovery:discover_packages(path) using defaults
[0.269s] Level 1:colcon.colcon_core.package_discovery:discover_packages(prefix_path) check parameters
[0.269s] Level 1:colcon.colcon_core.package_discovery:discover_packages(prefix_path) discover
[0.271s] DEBUG:colcon.colcon_installed_package_information.package_discovery:Found 4 installed packages in /home/tim/RoboticsDev2024-fun2/install
[0.272s] DEBUG:colcon.colcon_installed_package_information.package_discovery:Found 29 installed packages in /home/tim/robotdev/install
[0.272s] DEBUG:colcon.colcon_installed_package_information.package_discovery:Found 2 installed packages in /home/tim/RoboticsDev2024/install
[0.273s] DEBUG:colcon.colcon_installed_package_information.package_discovery:Found 1 installed packages in /home/tim/ldlidar_ros2_ws/install
[0.273s] DEBUG:colcon.colcon_installed_package_information.package_discovery:Found 3 installed packages in /home/tim/wrg_turtlebot3_ws/install
[0.273s] DEBUG:colcon.colcon_installed_package_information.package_discovery:Found 4 installed packages in /home/tim/ros2_ws2/install
[0.274s] DEBUG:colcon.colcon_installed_package_information.package_discovery:Found 5 installed packages in /home/tim/ros2_ws/install
[0.274s] DEBUG:colcon.colcon_installed_package_information.package_discovery:Found 3 installed packages in /home/tim/turtlebot3_ws/install
[0.274s] DEBUG:colcon.colcon_installed_package_information.package_discovery:Found 2 installed packages in /home/tim/lidar_ws/install
[0.276s] DEBUG:colcon.colcon_installed_package_information.package_discovery:Found 385 installed packages in /opt/ros/humble
[0.278s] Level 1:colcon.colcon_core.package_discovery:discover_packages(prefix_path) using defaults
[0.324s] Level 5:colcon.colcon_core.verb:set package 'controller_interfaces' build argument 'cmake_args' from command line to 'None'
[0.324s] Level 5:colcon.colcon_core.verb:set package 'controller_interfaces' build argument 'cmake_target' from command line to 'None'
[0.324s] Level 5:colcon.colcon_core.verb:set package 'controller_interfaces' build argument 'cmake_target_skip_unavailable' from command line to 'False'
[0.324s] Level 5:colcon.colcon_core.verb:set package 'controller_interfaces' build argument 'cmake_clean_cache' from command line to 'False'
[0.325s] Level 5:colcon.colcon_core.verb:set package 'controller_interfaces' build argument 'cmake_clean_first' from command line to 'False'
[0.325s] Level 5:colcon.colcon_core.verb:set package 'controller_interfaces' build argument 'cmake_force_configure' from command line to 'False'
[0.325s] Level 5:colcon.colcon_core.verb:set package 'controller_interfaces' build argument 'ament_cmake_args' from command line to 'None'
[0.325s] Level 5:colcon.colcon_core.verb:set package 'controller_interfaces' build argument 'catkin_cmake_args' from command line to 'None'
[0.325s] Level 5:colcon.colcon_core.verb:set package 'controller_interfaces' build argument 'catkin_skip_building_tests' from command line to 'False'
[0.325s] DEBUG:colcon.colcon_core.verb:Building package 'controller_interfaces' with the following arguments: {'ament_cmake_args': None, 'build_base': '/home/tim/RoboticsDev_ws/build/controller_interfaces', 'catkin_cmake_args': None, 'catkin_skip_building_tests': False, 'cmake_args': None, 'cmake_clean_cache': False, 'cmake_clean_first': False, 'cmake_force_configure': False, 'cmake_target': None, 'cmake_target_skip_unavailable': False, 'install_base': '/home/tim/RoboticsDev_ws/install/controller_interfaces', 'merge_install': False, 'path': '/home/tim/RoboticsDev_ws/src/controller_interfaces', 'symlink_install': False, 'test_result_base': None}
[0.325s] Level 5:colcon.colcon_core.verb:set package 'lab1' build argument 'cmake_args' from command line to 'None'
[0.325s] Level 5:colcon.colcon_core.verb:set package 'lab1' build argument 'cmake_target' from command line to 'None'
[0.325s] Level 5:colcon.colcon_core.verb:set package 'lab1' build argument 'cmake_target_skip_unavailable' from command line to 'False'
[0.325s] Level 5:colcon.colcon_core.verb:set package 'lab1' build argument 'cmake_clean_cache' from command line to 'False'
[0.325s] Level 5:colcon.colcon_core.verb:set package 'lab1' build argument 'cmake_clean_first' from command line to 'False'
[0.325s] Level 5:colcon.colcon_core.verb:set package 'lab1' build argument 'cmake_force_configure' from command line to 'False'
[0.325s] Level 5:colcon.colcon_core.verb:set package 'lab1' build argument 'ament_cmake_args' from command line to 'None'
[0.325s] Level 5:colcon.colcon_core.verb:set package 'lab1' build argument 'catkin_cmake_args' from command line to 'None'
[0.325s] Level 5:colcon.colcon_core.verb:set package 'lab1' build argument 'catkin_skip_building_tests' from command line to 'False'
[0.325s] DEBUG:colcon.colcon_core.verb:Building package 'lab1' with the following arguments: {'ament_cmake_args': None, 'build_base': '/home/tim/RoboticsDev_ws/build/lab1', 'catkin_cmake_args': None, 'catkin_skip_building_tests': False, 'cmake_args': None, 'cmake_clean_cache': False, 'cmake_clean_first': False, 'cmake_force_configure': False, 'cmake_target': None, 'cmake_target_skip_unavailable': False, 'install_base': '/home/tim/RoboticsDev_ws/install/lab1', 'merge_install': False, 'path': '/home/tim/RoboticsDev_ws/src/lab1', 'symlink_install': False, 'test_result_base': None}
[0.325s] Level 5:colcon.colcon_core.verb:set package 'lab1_interfaces' build argument 'cmake_args' from command line to 'None'
[0.325s] Level 5:colcon.colcon_core.verb:set package 'lab1_interfaces' build argument 'cmake_target' from command line to 'None'
[0.325s] Level 5:colcon.colcon_core.verb:set package 'lab1_interfaces' build argument 'cmake_target_skip_unavailable' from command line to 'False'
[0.325s] Level 5:colcon.colcon_core.verb:set package 'lab1_interfaces' build argument 'cmake_clean_cache' from command line to 'False'
[0.325s] Level 5:colcon.colcon_core.verb:set package 'lab1_interfaces' build argument 'cmake_clean_first' from command line to 'False'
[0.325s] Level 5:colcon.colcon_core.verb:set package 'lab1_interfaces' build argument 'cmake_force_configure' from command line to 'False'
[0.325s] Level 5:colcon.colcon_core.verb:set package 'lab1_interfaces' build argument 'ament_cmake_args' from command line to 'None'
[0.325s] Level 5:colcon.colcon_core.verb:set package 'lab1_interfaces' build argument 'catkin_cmake_args' from command line to 'None'
[0.326s] Level 5:colcon.colcon_core.verb:set package 'lab1_interfaces' build argument 'catkin_skip_building_tests' from command line to 'False'
[0.326s] DEBUG:colcon.colcon_core.verb:Building package 'lab1_interfaces' with the following arguments: {'ament_cmake_args': None, 'build_base': '/home/tim/RoboticsDev_ws/build/lab1_interfaces', 'catkin_cmake_args': None, 'catkin_skip_building_tests': False, 'cmake_args': None, 'cmake_clean_cache': False, 'cmake_clean_first': False, 'cmake_force_configure': False, 'cmake_target': None, 'cmake_target_skip_unavailable': False, 'install_base': '/home/tim/RoboticsDev_ws/install/lab1_interfaces', 'merge_install': False, 'path': '/home/tim/RoboticsDev_ws/src/lab1_interfaces', 'symlink_install': False, 'test_result_base': None}
[0.326s] Level 5:colcon.colcon_core.verb:set package 'lecture2' build argument 'cmake_args' from command line to 'None'
[0.326s] Level 5:colcon.colcon_core.verb:set package 'lecture2' build argument 'cmake_target' from command line to 'None'
[0.326s] Level 5:colcon.colcon_core.verb:set package 'lecture2' build argument 'cmake_target_skip_unavailable' from command line to 'False'
[0.326s] Level 5:colcon.colcon_core.verb:set package 'lecture2' build argument 'cmake_clean_cache' from command line to 'False'
[0.326s] Level 5:colcon.colcon_core.verb:set package 'lecture2' build argument 'cmake_clean_first' from command line to 'False'
[0.326s] Level 5:colcon.colcon_core.verb:set package 'lecture2' build argument 'cmake_force_configure' from command line to 'False'
[0.326s] Level 5:colcon.colcon_core.verb:set package 'lecture2' build argument 'ament_cmake_args' from command line to 'None'
[0.326s] Level 5:colcon.colcon_core.verb:set package 'lecture2' build argument 'catkin_cmake_args' from command line to 'None'
[0.326s] Level 5:colcon.colcon_core.verb:set package 'lecture2' build argument 'catkin_skip_building_tests' from command line to 'False'
[0.326s] DEBUG:colcon.colcon_core.verb:Building package 'lecture2' with the following arguments: {'ament_cmake_args': None, 'build_base': '/home/tim/RoboticsDev_ws/build/lecture2', 'catkin_cmake_args': None, 'catkin_skip_building_tests': False, 'cmake_args': None, 'cmake_clean_cache': False, 'cmake_clean_first': False, 'cmake_force_configure': False, 'cmake_target': None, 'cmake_target_skip_unavailable': False, 'install_base': '/home/tim/RoboticsDev_ws/install/lecture2', 'merge_install': False, 'path': '/home/tim/RoboticsDev_ws/src/lecture2', 'symlink_install': False, 'test_result_base': None}
[0.326s] Level 5:colcon.colcon_core.verb:set package 'lecture3_interfaces' build argument 'cmake_args' from command line to 'None'
[0.326s] Level 5:colcon.colcon_core.verb:set package 'lecture3_interfaces' build argument 'cmake_target' from command line to 'None'
[0.326s] Level 5:colcon.colcon_core.verb:set package 'lecture3_interfaces' build argument 'cmake_target_skip_unavailable' from command line to 'False'
[0.326s] Level 5:colcon.colcon_core.verb:set package 'lecture3_interfaces' build argument 'cmake_clean_cache' from command line to 'False'
[0.326s] Level 5:colcon.colcon_core.verb:set package 'lecture3_interfaces' build argument 'cmake_clean_first' from command line to 'False'
[0.326s] Level 5:colcon.colcon_core.verb:set package 'lecture3_interfaces' build argument 'cmake_force_configure' from command line to 'False'
[0.326s] Level 5:colcon.colcon_core.verb:set package 'lecture3_interfaces' build argument 'ament_cmake_args' from command line to 'None'
[0.326s] Level 5:colcon.colcon_core.verb:set package 'lecture3_interfaces' build argument 'catkin_cmake_args' from command line to 'None'
[0.326s] Level 5:colcon.colcon_core.verb:set package 'lecture3_interfaces' build argument 'catkin_skip_building_tests' from command line to 'False'
[0.326s] DEBUG:colcon.colcon_core.verb:Building package 'lecture3_interfaces' with the following arguments: {'ament_cmake_args': None, 'build_base': '/home/tim/RoboticsDev_ws/build/lecture3_interfaces', 'catkin_cmake_args': None, 'catkin_skip_building_tests': False, 'cmake_args': None, 'cmake_clean_cache': False, 'cmake_clean_first': False, 'cmake_force_configure': False, 'cmake_target': None, 'cmake_target_skip_unavailable': False, 'install_base': '/home/tim/RoboticsDev_ws/install/lecture3_interfaces', 'merge_install': False, 'path': '/home/tim/RoboticsDev_ws/src/lecture3_interfaces', 'symlink_install': False, 'test_result_base': None}
[0.327s] Level 5:colcon.colcon_core.verb:set package 'motorsim' build argument 'cmake_args' from command line to 'None'
[0.327s] Level 5:colcon.colcon_core.verb:set package 'motorsim' build argument 'cmake_target' from command line to 'None'
[0.327s] Level 5:colcon.colcon_core.verb:set package 'motorsim' build argument 'cmake_target_skip_unavailable' from command line to 'False'
[0.327s] Level 5:colcon.colcon_core.verb:set package 'motorsim' build argument 'cmake_clean_cache' from command line to 'False'
[0.327s] Level 5:colcon.colcon_core.verb:set package 'motorsim' build argument 'cmake_clean_first' from command line to 'False'
[0.327s] Level 5:colcon.colcon_core.verb:set package 'motorsim' build argument 'cmake_force_configure' from command line to 'False'
[0.327s] Level 5:colcon.colcon_core.verb:set package 'motorsim' build argument 'ament_cmake_args' from command line to 'None'
[0.327s] Level 5:colcon.colcon_core.verb:set package 'motorsim' build argument 'catkin_cmake_args' from command line to 'None'
[0.327s] Level 5:colcon.colcon_core.verb:set package 'motorsim' build argument 'catkin_skip_building_tests' from command line to 'False'
[0.327s] DEBUG:colcon.colcon_core.verb:Building package 'motorsim' with the following arguments: {'ament_cmake_args': None, 'build_base': '/home/tim/RoboticsDev_ws/build/motorsim', 'catkin_cmake_args': None, 'catkin_skip_building_tests': False, 'cmake_args': None, 'cmake_clean_cache': False, 'cmake_clean_first': False, 'cmake_force_configure': False, 'cmake_target': None, 'cmake_target_skip_unavailable': False, 'install_base': '/home/tim/RoboticsDev_ws/install/motorsim', 'merge_install': False, 'path': '/home/tim/RoboticsDev_ws/src/motorsim', 'symlink_install': False, 'test_result_base': None}
[0.327s] Level 5:colcon.colcon_core.verb:set package 'motorsim_interfaces' build argument 'cmake_args' from command line to 'None'
[0.327s] Level 5:colcon.colcon_core.verb:set package 'motorsim_interfaces' build argument 'cmake_target' from command line to 'None'
[0.327s] Level 5:colcon.colcon_core.verb:set package 'motorsim_interfaces' build argument 'cmake_target_skip_unavailable' from command line to 'False'
[0.327s] Level 5:colcon.colcon_core.verb:set package 'motorsim_interfaces' build argument 'cmake_clean_cache' from command line to 'False'
[0.327s] Level 5:colcon.colcon_core.verb:set package 'motorsim_interfaces' build argument 'cmake_clean_first' from command line to 'False'
[0.327s] Level 5:colcon.colcon_core.verb:set package 'motorsim_interfaces' build argument 'cmake_force_configure' from command line to 'False'
[0.327s] Level 5:colcon.colcon_core.verb:set package 'motorsim_interfaces' build argument 'ament_cmake_args' from command line to 'None'
[0.327s] Level 5:colcon.colcon_core.verb:set package 'motorsim_interfaces' build argument 'catkin_cmake_args' from command line to 'None'
[0.327s] Level 5:colcon.colcon_core.verb:set package 'motorsim_interfaces' build argument 'catkin_skip_building_tests' from command line to 'False'
[0.327s] DEBUG:colcon.colcon_core.verb:Building package 'motorsim_interfaces' with the following arguments: {'ament_cmake_args': None, 'build_base': '/home/tim/RoboticsDev_ws/build/motorsim_interfaces', 'catkin_cmake_args': None, 'catkin_skip_building_tests': False, 'cmake_args': None, 'cmake_clean_cache': False, 'cmake_clean_first': False, 'cmake_force_configure': False, 'cmake_target': None, 'cmake_target_skip_unavailable': False, 'install_base': '/home/tim/RoboticsDev_ws/install/motorsim_interfaces', 'merge_install': False, 'path': '/home/tim/RoboticsDev_ws/src/motorsim_interfaces', 'symlink_install': False, 'test_result_base': None}
[0.327s] Level 5:colcon.colcon_core.verb:set package 'turtle_bringup' build argument 'cmake_args' from command line to 'None'
[0.328s] Level 5:colcon.colcon_core.verb:set package 'turtle_bringup' build argument 'cmake_target' from command line to 'None'
[0.328s] Level 5:colcon.colcon_core.verb:set package 'turtle_bringup' build argument 'cmake_target_skip_unavailable' from command line to 'False'
[0.328s] Level 5:colcon.colcon_core.verb:set package 'turtle_bringup' build argument 'cmake_clean_cache' from command line to 'False'
[0.328s] Level 5:colcon.colcon_core.verb:set package 'turtle_bringup' build argument 'cmake_clean_first' from command line to 'False'
[0.328s] Level 5:colcon.colcon_core.verb:set package 'turtle_bringup' build argument 'cmake_force_configure' from command line to 'False'
[0.328s] Level 5:colcon.colcon_core.verb:set package 'turtle_bringup' build argument 'ament_cmake_args' from command line to 'None'
[0.328s] Level 5:colcon.colcon_core.verb:set package 'turtle_bringup' build argument 'catkin_cmake_args' from command line to 'None'
[0.328s] Level 5:colcon.colcon_core.verb:set package 'turtle_bringup' build argument 'catkin_skip_building_tests' from command line to 'False'
[0.328s] DEBUG:colcon.colcon_core.verb:Building package 'turtle_bringup' with the following arguments: {'ament_cmake_args': None, 'build_base': '/home/tim/RoboticsDev_ws/build/turtle_bringup', 'catkin_cmake_args': None, 'catkin_skip_building_tests': False, 'cmake_args': None, 'cmake_clean_cache': False, 'cmake_clean_first': False, 'cmake_force_configure': False, 'cmake_target': None, 'cmake_target_skip_unavailable': False, 'install_base': '/home/tim/RoboticsDev_ws/install/turtle_bringup', 'merge_install': False, 'path': '/home/tim/RoboticsDev_ws/src/turtle_bringup', 'symlink_install': False, 'test_result_base': None}
[0.328s] Level 5:colcon.colcon_core.verb:set package 'lecture3' build argument 'cmake_args' from command line to 'None'
[0.328s] Level 5:colcon.colcon_core.verb:set package 'lecture3' build argument 'cmake_target' from command line to 'None'
[0.328s] Level 5:colcon.colcon_core.verb:set package 'lecture3' build argument 'cmake_target_skip_unavailable' from command line to 'False'
[0.328s] Level 5:colcon.colcon_core.verb:set package 'lecture3' build argument 'cmake_clean_cache' from command line to 'False'
[0.328s] Level 5:colcon.colcon_core.verb:set package 'lecture3' build argument 'cmake_clean_first' from command line to 'False'
[0.328s] Level 5:colcon.colcon_core.verb:set package 'lecture3' build argument 'cmake_force_configure' from command line to 'False'
[0.328s] Level 5:colcon.colcon_core.verb:set package 'lecture3' build argument 'ament_cmake_args' from command line to 'None'
[0.328s] Level 5:colcon.colcon_core.verb:set package 'lecture3' build argument 'catkin_cmake_args' from command line to 'None'
[0.328s] Level 5:colcon.colcon_core.verb:set package 'lecture3' build argument 'catkin_skip_building_tests' from command line to 'False'
[0.328s] DEBUG:colcon.colcon_core.verb:Building package 'lecture3' with the following arguments: {'ament_cmake_args': None, 'build_base': '/home/tim/RoboticsDev_ws/build/lecture3', 'catkin_cmake_args': None, 'catkin_skip_building_tests': False, 'cmake_args': None, 'cmake_clean_cache': False, 'cmake_clean_first': False, 'cmake_force_configure': False, 'cmake_target': None, 'cmake_target_skip_unavailable': False, 'install_base': '/home/tim/RoboticsDev_ws/install/lecture3', 'merge_install': False, 'path': '/home/tim/RoboticsDev_ws/src/lecture3', 'symlink_install': False, 'test_result_base': None}
[0.328s] INFO:colcon.colcon_core.executor:Executing jobs using 'parallel' executor
[0.329s] DEBUG:colcon.colcon_parallel_executor.executor.parallel:run_until_complete
[0.330s] INFO:colcon.colcon_ros.task.ament_cmake.build:Building ROS package in '/home/tim/RoboticsDev_ws/src/lecture3_interfaces' with build type 'ament_cmake'
[0.330s] INFO:colcon.colcon_cmake.task.cmake.build:Building CMake package in '/home/tim/RoboticsDev_ws/src/lecture3_interfaces'
[0.332s] INFO:colcon.colcon_core.plugin_system:Skipping extension 'colcon_core.shell.bat': Not used on non-Windows systems
[0.332s] INFO:colcon.colcon_core.shell:Skip shell extension 'powershell' for command environment: Not usable outside of PowerShell
[0.332s] DEBUG:colcon.colcon_core.shell:Skip shell extension 'dsv' for command environment
[0.339s] INFO:colcon.colcon_ros.task.ament_cmake.build:Building ROS package in '/home/tim/RoboticsDev_ws/src/controller_interfaces' with build type 'ament_cmake'
[0.339s] INFO:colcon.colcon_cmake.task.cmake.build:Building CMake package in '/home/tim/RoboticsDev_ws/src/controller_interfaces'
[0.340s] INFO:colcon.colcon_core.shell:Skip shell extension 'powershell' for command environment: Not usable outside of PowerShell
[0.340s] DEBUG:colcon.colcon_core.shell:Skip shell extension 'dsv' for command environment
[0.346s] INFO:colcon.colcon_ros.task.ament_cmake.build:Building ROS package in '/home/tim/RoboticsDev_ws/src/lab1' with build type 'ament_cmake'
[0.346s] INFO:colcon.colcon_cmake.task.cmake.build:Building CMake package in '/home/tim/RoboticsDev_ws/src/lab1'
[0.346s] INFO:colcon.colcon_core.shell:Skip shell extension 'powershell' for command environment: Not usable outside of PowerShell
[0.346s] DEBUG:colcon.colcon_core.shell:Skip shell extension 'dsv' for command environment
[0.352s] INFO:colcon.colcon_ros.task.ament_cmake.build:Building ROS package in '/home/tim/RoboticsDev_ws/src/lab1_interfaces' with build type 'ament_cmake'
[0.352s] INFO:colcon.colcon_cmake.task.cmake.build:Building CMake package in '/home/tim/RoboticsDev_ws/src/lab1_interfaces'
[0.352s] INFO:colcon.colcon_core.shell:Skip shell extension 'powershell' for command environment: Not usable outside of PowerShell
[0.352s] DEBUG:colcon.colcon_core.shell:Skip shell extension 'dsv' for command environment
[0.358s] INFO:colcon.colcon_ros.task.ament_cmake.build:Building ROS package in '/home/tim/RoboticsDev_ws/src/lecture2' with build type 'ament_cmake'
[0.358s] INFO:colcon.colcon_cmake.task.cmake.build:Building CMake package in '/home/tim/RoboticsDev_ws/src/lecture2'
[0.358s] INFO:colcon.colcon_core.shell:Skip shell extension 'powershell' for command environment: Not usable outside of PowerShell
[0.358s] DEBUG:colcon.colcon_core.shell:Skip shell extension 'dsv' for command environment
[0.364s] INFO:colcon.colcon_ros.task.ament_cmake.build:Building ROS package in '/home/tim/RoboticsDev_ws/src/motorsim' with build type 'ament_cmake'
[0.364s] INFO:colcon.colcon_cmake.task.cmake.build:Building CMake package in '/home/tim/RoboticsDev_ws/src/motorsim'
[0.364s] INFO:colcon.colcon_core.shell:Skip shell extension 'powershell' for command environment: Not usable outside of PowerShell
[0.364s] DEBUG:colcon.colcon_core.shell:Skip shell extension 'dsv' for command environment
[0.370s] INFO:colcon.colcon_ros.task.ament_cmake.build:Building ROS package in '/home/tim/RoboticsDev_ws/src/motorsim_interfaces' with build type 'ament_cmake'
[0.370s] INFO:colcon.colcon_cmake.task.cmake.build:Building CMake package in '/home/tim/RoboticsDev_ws/src/motorsim_interfaces'
[0.371s] INFO:colcon.colcon_core.shell:Skip shell extension 'powershell' for command environment: Not usable outside of PowerShell
[0.371s] DEBUG:colcon.colcon_core.shell:Skip shell extension 'dsv' for command environment
[0.376s] INFO:colcon.colcon_ros.task.ament_cmake.build:Building ROS package in '/home/tim/RoboticsDev_ws/src/turtle_bringup' with build type 'ament_cmake'
[0.376s] INFO:colcon.colcon_cmake.task.cmake.build:Building CMake package in '/home/tim/RoboticsDev_ws/src/turtle_bringup'
[0.377s] INFO:colcon.colcon_core.shell:Skip shell extension 'powershell' for command environment: Not usable outside of PowerShell
[0.377s] DEBUG:colcon.colcon_core.shell:Skip shell extension 'dsv' for command environment
[0.386s] DEBUG:colcon.colcon_core.event_handler.log_command:Invoking command in '/home/tim/RoboticsDev_ws/build/lecture3_interfaces': CMAKE_PREFIX_PATH=${CMAKE_PREFIX_PATH}:/home/tim/ros2_ws/install/turtlesim_catch_them_all:/home/tim/ros2_ws/install/my_py_pkg:/home/tim/robotdev/install/launch_testing_examples:/home/tim/robotdev/install/examples_rclpy_pointcloud_publisher:/home/tim/robotdev/install/examples_rclpy_minimal_subscriber:/home/tim/robotdev/install/examples_rclpy_minimal_service:/home/tim/robotdev/install/examples_rclpy_minimal_publisher:/home/tim/robotdev/install/examples_rclpy_minimal_client:/home/tim/robotdev/install/examples_rclpy_minimal_action_server:/home/tim/robotdev/install/examples_rclpy_minimal_action_client:/home/tim/robotdev/install/examples_rclpy_guard_conditions:/home/tim/robotdev/install/examples_rclpy_executors:/opt/ros/humble /home/tim/.local/bin/cmake --build /home/tim/RoboticsDev_ws/build/lecture3_interfaces -- -j16 -l16
[0.390s] DEBUG:colcon.colcon_core.event_handler.log_command:Invoking command in '/home/tim/RoboticsDev_ws/build/controller_interfaces': CMAKE_PREFIX_PATH=${CMAKE_PREFIX_PATH}:/home/tim/ros2_ws/install/turtlesim_catch_them_all:/home/tim/ros2_ws/install/my_py_pkg:/home/tim/robotdev/install/launch_testing_examples:/home/tim/robotdev/install/examples_rclpy_pointcloud_publisher:/home/tim/robotdev/install/examples_rclpy_minimal_subscriber:/home/tim/robotdev/install/examples_rclpy_minimal_service:/home/tim/robotdev/install/examples_rclpy_minimal_publisher:/home/tim/robotdev/install/examples_rclpy_minimal_client:/home/tim/robotdev/install/examples_rclpy_minimal_action_server:/home/tim/robotdev/install/examples_rclpy_minimal_action_client:/home/tim/robotdev/install/examples_rclpy_guard_conditions:/home/tim/robotdev/install/examples_rclpy_executors:/opt/ros/humble /home/tim/.local/bin/cmake --build /home/tim/RoboticsDev_ws/build/controller_interfaces -- -j16 -l16
[0.392s] DEBUG:colcon.colcon_core.event_handler.log_command:Invoking command in '/home/tim/RoboticsDev_ws/build/lab1': CMAKE_PREFIX_PATH=${CMAKE_PREFIX_PATH}:/home/tim/ros2_ws/install/turtlesim_catch_them_all:/home/tim/ros2_ws/install/my_py_pkg:/home/tim/robotdev/install/launch_testing_examples:/home/tim/robotdev/install/examples_rclpy_pointcloud_publisher:/home/tim/robotdev/install/examples_rclpy_minimal_subscriber:/home/tim/robotdev/install/examples_rclpy_minimal_service:/home/tim/robotdev/install/examples_rclpy_minimal_publisher:/home/tim/robotdev/install/examples_rclpy_minimal_client:/home/tim/robotdev/install/examples_rclpy_minimal_action_server:/home/tim/robotdev/install/examples_rclpy_minimal_action_client:/home/tim/robotdev/install/examples_rclpy_guard_conditions:/home/tim/robotdev/install/examples_rclpy_executors:/opt/ros/humble /home/tim/.local/bin/cmake --build /home/tim/RoboticsDev_ws/build/lab1 -- -j16 -l16
[0.394s] DEBUG:colcon.colcon_core.event_handler.log_command:Invoking command in '/home/tim/RoboticsDev_ws/build/lab1_interfaces': CMAKE_PREFIX_PATH=${CMAKE_PREFIX_PATH}:/home/tim/ros2_ws/install/turtlesim_catch_them_all:/home/tim/ros2_ws/install/my_py_pkg:/home/tim/robotdev/install/launch_testing_examples:/home/tim/robotdev/install/examples_rclpy_pointcloud_publisher:/home/tim/robotdev/install/examples_rclpy_minimal_subscriber:/home/tim/robotdev/install/examples_rclpy_minimal_service:/home/tim/robotdev/install/examples_rclpy_minimal_publisher:/home/tim/robotdev/install/examples_rclpy_minimal_client:/home/tim/robotdev/install/examples_rclpy_minimal_action_server:/home/tim/robotdev/install/examples_rclpy_minimal_action_client:/home/tim/robotdev/install/examples_rclpy_guard_conditions:/home/tim/robotdev/install/examples_rclpy_executors:/opt/ros/humble /home/tim/.local/bin/cmake --build /home/tim/RoboticsDev_ws/build/lab1_interfaces -- -j16 -l16
[0.396s] DEBUG:colcon.colcon_core.event_handler.log_command:Invoking command in '/home/tim/RoboticsDev_ws/build/lecture2': CMAKE_PREFIX_PATH=${CMAKE_PREFIX_PATH}:/home/tim/ros2_ws/install/turtlesim_catch_them_all:/home/tim/ros2_ws/install/my_py_pkg:/home/tim/robotdev/install/launch_testing_examples:/home/tim/robotdev/install/examples_rclpy_pointcloud_publisher:/home/tim/robotdev/install/examples_rclpy_minimal_subscriber:/home/tim/robotdev/install/examples_rclpy_minimal_service:/home/tim/robotdev/install/examples_rclpy_minimal_publisher:/home/tim/robotdev/install/examples_rclpy_minimal_client:/home/tim/robotdev/install/examples_rclpy_minimal_action_server:/home/tim/robotdev/install/examples_rclpy_minimal_action_client:/home/tim/robotdev/install/examples_rclpy_guard_conditions:/home/tim/robotdev/install/examples_rclpy_executors:/opt/ros/humble /home/tim/.local/bin/cmake --build /home/tim/RoboticsDev_ws/build/lecture2 -- -j16 -l16
[0.398s] DEBUG:colcon.colcon_core.event_handler.log_command:Invoking command in '/home/tim/RoboticsDev_ws/build/motorsim': CMAKE_PREFIX_PATH=${CMAKE_PREFIX_PATH}:/home/tim/ros2_ws/install/turtlesim_catch_them_all:/home/tim/ros2_ws/install/my_py_pkg:/home/tim/robotdev/install/launch_testing_examples:/home/tim/robotdev/install/examples_rclpy_pointcloud_publisher:/home/tim/robotdev/install/examples_rclpy_minimal_subscriber:/home/tim/robotdev/install/examples_rclpy_minimal_service:/home/tim/robotdev/install/examples_rclpy_minimal_publisher:/home/tim/robotdev/install/examples_rclpy_minimal_client:/home/tim/robotdev/install/examples_rclpy_minimal_action_server:/home/tim/robotdev/install/examples_rclpy_minimal_action_client:/home/tim/robotdev/install/examples_rclpy_guard_conditions:/home/tim/robotdev/install/examples_rclpy_executors:/opt/ros/humble /home/tim/.local/bin/cmake --build /home/tim/RoboticsDev_ws/build/motorsim -- -j16 -l16
[0.401s] DEBUG:colcon.colcon_core.event_handler.log_command:Invoking command in '/home/tim/RoboticsDev_ws/build/motorsim_interfaces': CMAKE_PREFIX_PATH=${CMAKE_PREFIX_PATH}:/home/tim/ros2_ws/install/turtlesim_catch_them_all:/home/tim/ros2_ws/install/my_py_pkg:/home/tim/robotdev/install/launch_testing_examples:/home/tim/robotdev/install/examples_rclpy_pointcloud_publisher:/home/tim/robotdev/install/examples_rclpy_minimal_subscriber:/home/tim/robotdev/install/examples_rclpy_minimal_service:/home/tim/robotdev/install/examples_rclpy_minimal_publisher:/home/tim/robotdev/install/examples_rclpy_minimal_client:/home/tim/robotdev/install/examples_rclpy_minimal_action_server:/home/tim/robotdev/install/examples_rclpy_minimal_action_client:/home/tim/robotdev/install/examples_rclpy_guard_conditions:/home/tim/robotdev/install/examples_rclpy_executors:/opt/ros/humble /home/tim/.local/bin/cmake --build /home/tim/RoboticsDev_ws/build/motorsim_interfaces -- -j16 -l16
[0.407s] DEBUG:colcon.colcon_core.event_handler.log_command:Invoking command in '/home/tim/RoboticsDev_ws/build/turtle_bringup': CMAKE_PREFIX_PATH=${CMAKE_PREFIX_PATH}:/home/tim/ros2_ws/install/turtlesim_catch_them_all:/home/tim/ros2_ws/install/my_py_pkg:/home/tim/robotdev/install/launch_testing_examples:/home/tim/robotdev/install/examples_rclpy_pointcloud_publisher:/home/tim/robotdev/install/examples_rclpy_minimal_subscriber:/home/tim/robotdev/install/examples_rclpy_minimal_service:/home/tim/robotdev/install/examples_rclpy_minimal_publisher:/home/tim/robotdev/install/examples_rclpy_minimal_client:/home/tim/robotdev/install/examples_rclpy_minimal_action_server:/home/tim/robotdev/install/examples_rclpy_minimal_action_client:/home/tim/robotdev/install/examples_rclpy_guard_conditions:/home/tim/robotdev/install/examples_rclpy_executors:/opt/ros/humble /home/tim/.local/bin/cmake --build /home/tim/RoboticsDev_ws/build/turtle_bringup -- -j16 -l16
[0.521s] DEBUG:colcon.colcon_core.event_handler.log_command:Invoked command in '/home/tim/RoboticsDev_ws/build/controller_interfaces' returned '2': CMAKE_PREFIX_PATH=${CMAKE_PREFIX_PATH}:/home/tim/ros2_ws/install/turtlesim_catch_them_all:/home/tim/ros2_ws/install/my_py_pkg:/home/tim/robotdev/install/launch_testing_examples:/home/tim/robotdev/install/examples_rclpy_pointcloud_publisher:/home/tim/robotdev/install/examples_rclpy_minimal_subscriber:/home/tim/robotdev/install/examples_rclpy_minimal_service:/home/tim/robotdev/install/examples_rclpy_minimal_publisher:/home/tim/robotdev/install/examples_rclpy_minimal_client:/home/tim/robotdev/install/examples_rclpy_minimal_action_server:/home/tim/robotdev/install/examples_rclpy_minimal_action_client:/home/tim/robotdev/install/examples_rclpy_guard_conditions:/home/tim/robotdev/install/examples_rclpy_executors:/opt/ros/humble /home/tim/.local/bin/cmake --build /home/tim/RoboticsDev_ws/build/controller_interfaces -- -j16 -l16
[0.523s] DEBUG:colcon.colcon_core.event_handler.log_command:Invoked command in '/home/tim/RoboticsDev_ws/build/lab1' returned '2': CMAKE_PREFIX_PATH=${CMAKE_PREFIX_PATH}:/home/tim/ros2_ws/install/turtlesim_catch_them_all:/home/tim/ros2_ws/install/my_py_pkg:/home/tim/robotdev/install/launch_testing_examples:/home/tim/robotdev/install/examples_rclpy_pointcloud_publisher:/home/tim/robotdev/install/examples_rclpy_minimal_subscriber:/home/tim/robotdev/install/examples_rclpy_minimal_service:/home/tim/robotdev/install/examples_rclpy_minimal_publisher:/home/tim/robotdev/install/examples_rclpy_minimal_client:/home/tim/robotdev/install/examples_rclpy_minimal_action_server:/home/tim/robotdev/install/examples_rclpy_minimal_action_client:/home/tim/robotdev/install/examples_rclpy_guard_conditions:/home/tim/robotdev/install/examples_rclpy_executors:/opt/ros/humble /home/tim/.local/bin/cmake --build /home/tim/RoboticsDev_ws/build/lab1 -- -j16 -l16
[0.525s] DEBUG:colcon.colcon_core.event_handler.log_command:Invoked command in '/home/tim/RoboticsDev_ws/build/lab1_interfaces' returned '2': CMAKE_PREFIX_PATH=${CMAKE_PREFIX_PATH}:/home/tim/ros2_ws/install/turtlesim_catch_them_all:/home/tim/ros2_ws/install/my_py_pkg:/home/tim/robotdev/install/launch_testing_examples:/home/tim/robotdev/install/examples_rclpy_pointcloud_publisher:/home/tim/robotdev/install/examples_rclpy_minimal_subscriber:/home/tim/robotdev/install/examples_rclpy_minimal_service:/home/tim/robotdev/install/examples_rclpy_minimal_publisher:/home/tim/robotdev/install/examples_rclpy_minimal_client:/home/tim/robotdev/install/examples_rclpy_minimal_action_server:/home/tim/robotdev/install/examples_rclpy_minimal_action_client:/home/tim/robotdev/install/examples_rclpy_guard_conditions:/home/tim/robotdev/install/examples_rclpy_executors:/opt/ros/humble /home/tim/.local/bin/cmake --build /home/tim/RoboticsDev_ws/build/lab1_interfaces -- -j16 -l16
[0.527s] DEBUG:colcon.colcon_core.event_handler.log_command:Invoked command in '/home/tim/RoboticsDev_ws/build/lecture2' returned '2': CMAKE_PREFIX_PATH=${CMAKE_PREFIX_PATH}:/home/tim/ros2_ws/install/turtlesim_catch_them_all:/home/tim/ros2_ws/install/my_py_pkg:/home/tim/robotdev/install/launch_testing_examples:/home/tim/robotdev/install/examples_rclpy_pointcloud_publisher:/home/tim/robotdev/install/examples_rclpy_minimal_subscriber:/home/tim/robotdev/install/examples_rclpy_minimal_service:/home/tim/robotdev/install/examples_rclpy_minimal_publisher:/home/tim/robotdev/install/examples_rclpy_minimal_client:/home/tim/robotdev/install/examples_rclpy_minimal_action_server:/home/tim/robotdev/install/examples_rclpy_minimal_action_client:/home/tim/robotdev/install/examples_rclpy_guard_conditions:/home/tim/robotdev/install/examples_rclpy_executors:/opt/ros/humble /home/tim/.local/bin/cmake --build /home/tim/RoboticsDev_ws/build/lecture2 -- -j16 -l16
[0.529s] DEBUG:colcon.colcon_core.event_handler.log_command:Invoked command in '/home/tim/RoboticsDev_ws/build/motorsim_interfaces' returned '2': CMAKE_PREFIX_PATH=${CMAKE_PREFIX_PATH}:/home/tim/ros2_ws/install/turtlesim_catch_them_all:/home/tim/ros2_ws/install/my_py_pkg:/home/tim/robotdev/install/launch_testing_examples:/home/tim/robotdev/install/examples_rclpy_pointcloud_publisher:/home/tim/robotdev/install/examples_rclpy_minimal_subscriber:/home/tim/robotdev/install/examples_rclpy_minimal_service:/home/tim/robotdev/install/examples_rclpy_minimal_publisher:/home/tim/robotdev/install/examples_rclpy_minimal_client:/home/tim/robotdev/install/examples_rclpy_minimal_action_server:/home/tim/robotdev/install/examples_rclpy_minimal_action_client:/home/tim/robotdev/install/examples_rclpy_guard_conditions:/home/tim/robotdev/install/examples_rclpy_executors:/opt/ros/humble /home/tim/.local/bin/cmake --build /home/tim/RoboticsDev_ws/build/motorsim_interfaces -- -j16 -l16
[0.533s] DEBUG:colcon.colcon_core.event_handler.log_command:Invoked command in '/home/tim/RoboticsDev_ws/build/lecture3_interfaces' returned '2': CMAKE_PREFIX_PATH=${CMAKE_PREFIX_PATH}:/home/tim/ros2_ws/install/turtlesim_catch_them_all:/home/tim/ros2_ws/install/my_py_pkg:/home/tim/robotdev/install/launch_testing_examples:/home/tim/robotdev/install/examples_rclpy_pointcloud_publisher:/home/tim/robotdev/install/examples_rclpy_minimal_subscriber:/home/tim/robotdev/install/examples_rclpy_minimal_service:/home/tim/robotdev/install/examples_rclpy_minimal_publisher:/home/tim/robotdev/install/examples_rclpy_minimal_client:/home/tim/robotdev/install/examples_rclpy_minimal_action_server:/home/tim/robotdev/install/examples_rclpy_minimal_action_client:/home/tim/robotdev/install/examples_rclpy_guard_conditions:/home/tim/robotdev/install/examples_rclpy_executors:/opt/ros/humble /home/tim/.local/bin/cmake --build /home/tim/RoboticsDev_ws/build/lecture3_interfaces -- -j16 -l16
[0.536s] DEBUG:colcon.colcon_core.event_handler.log_command:Invoked command in '/home/tim/RoboticsDev_ws/build/motorsim' returned '2': CMAKE_PREFIX_PATH=${CMAKE_PREFIX_PATH}:/home/tim/ros2_ws/install/turtlesim_catch_them_all:/home/tim/ros2_ws/install/my_py_pkg:/home/tim/robotdev/install/launch_testing_examples:/home/tim/robotdev/install/examples_rclpy_pointcloud_publisher:/home/tim/robotdev/install/examples_rclpy_minimal_subscriber:/home/tim/robotdev/install/examples_rclpy_minimal_service:/home/tim/robotdev/install/examples_rclpy_minimal_publisher:/home/tim/robotdev/install/examples_rclpy_minimal_client:/home/tim/robotdev/install/examples_rclpy_minimal_action_server:/home/tim/robotdev/install/examples_rclpy_minimal_action_client:/home/tim/robotdev/install/examples_rclpy_guard_conditions:/home/tim/robotdev/install/examples_rclpy_executors:/opt/ros/humble /home/tim/.local/bin/cmake --build /home/tim/RoboticsDev_ws/build/motorsim -- -j16 -l16
[0.538s] DEBUG:colcon.colcon_core.event_handler.log_command:Invoked command in '/home/tim/RoboticsDev_ws/build/turtle_bringup' returned '2': CMAKE_PREFIX_PATH=${CMAKE_PREFIX_PATH}:/home/tim/ros2_ws/install/turtlesim_catch_them_all:/home/tim/ros2_ws/install/my_py_pkg:/home/tim/robotdev/install/launch_testing_examples:/home/tim/robotdev/install/examples_rclpy_pointcloud_publisher:/home/tim/robotdev/install/examples_rclpy_minimal_subscriber:/home/tim/robotdev/install/examples_rclpy_minimal_service:/home/tim/robotdev/install/examples_rclpy_minimal_publisher:/home/tim/robotdev/install/examples_rclpy_minimal_client:/home/tim/robotdev/install/examples_rclpy_minimal_action_server:/home/tim/robotdev/install/examples_rclpy_minimal_action_client:/home/tim/robotdev/install/examples_rclpy_guard_conditions:/home/tim/robotdev/install/examples_rclpy_executors:/opt/ros/humble /home/tim/.local/bin/cmake --build /home/tim/RoboticsDev_ws/build/turtle_bringup -- -j16 -l16
[0.655s] Level 1:colcon.colcon_core.environment:create_environment_scripts_only(lab1)
[0.657s] Level 1:colcon.colcon_core.environment:checking '/home/tim/RoboticsDev_ws/install/lab1' for CMake module files
[0.658s] Level 1:colcon.colcon_core.environment:checking '/home/tim/RoboticsDev_ws/install/lab1' for CMake config files
[0.658s] Level 1:colcon.colcon_core.shell:create_environment_hook('lab1', 'cmake_prefix_path')
[0.658s] INFO:colcon.colcon_core.shell:Creating environment hook '/home/tim/RoboticsDev_ws/install/lab1/share/lab1/hook/cmake_prefix_path.ps1'
[0.659s] INFO:colcon.colcon_core.shell:Creating environment descriptor '/home/tim/RoboticsDev_ws/install/lab1/share/lab1/hook/cmake_prefix_path.dsv'
[0.660s] INFO:colcon.colcon_core.shell:Creating environment hook '/home/tim/RoboticsDev_ws/install/lab1/share/lab1/hook/cmake_prefix_path.sh'
[0.661s] Level 1:colcon.colcon_core.environment:checking '/home/tim/RoboticsDev_ws/install/lab1/lib'
[0.661s] Level 1:colcon.colcon_core.environment:checking '/home/tim/RoboticsDev_ws/install/lab1/bin'
[0.661s] Level 1:colcon.colcon_core.environment:checking '/home/tim/RoboticsDev_ws/install/lab1/lib/pkgconfig/lab1.pc'
[0.661s] Level 1:colcon.colcon_core.environment:checking '/home/tim/RoboticsDev_ws/install/lab1/lib/python3.10/site-packages'
[0.661s] Level 1:colcon.colcon_core.shell:create_environment_hook('lab1', 'pythonpath')
[0.661s] INFO:colcon.colcon_core.shell:Creating environment hook '/home/tim/RoboticsDev_ws/install/lab1/share/lab1/hook/pythonpath.ps1'
[0.662s] INFO:colcon.colcon_core.shell:Creating environment descriptor '/home/tim/RoboticsDev_ws/install/lab1/share/lab1/hook/pythonpath.dsv'
[0.662s] INFO:colcon.colcon_core.shell:Creating environment hook '/home/tim/RoboticsDev_ws/install/lab1/share/lab1/hook/pythonpath.sh'
[0.663s] Level 1:colcon.colcon_core.environment:checking '/home/tim/RoboticsDev_ws/install/lab1/bin'
[0.663s] INFO:colcon.colcon_core.shell:Creating package script '/home/tim/RoboticsDev_ws/install/lab1/share/lab1/package.ps1'
[0.664s] INFO:colcon.colcon_core.shell:Creating package descriptor '/home/tim/RoboticsDev_ws/install/lab1/share/lab1/package.dsv'
[0.664s] INFO:colcon.colcon_core.shell:Creating package script '/home/tim/RoboticsDev_ws/install/lab1/share/lab1/package.sh'
[0.665s] INFO:colcon.colcon_core.shell:Creating package script '/home/tim/RoboticsDev_ws/install/lab1/share/lab1/package.bash'
[0.666s] INFO:colcon.colcon_core.shell:Creating package script '/home/tim/RoboticsDev_ws/install/lab1/share/lab1/package.zsh'
[0.667s] Level 1:colcon.colcon_core.environment:create_file_with_runtime_dependencies(/home/tim/RoboticsDev_ws/install/lab1/share/colcon-core/packages/lab1)
[0.745s] DEBUG:colcon.colcon_parallel_executor.executor.parallel:closing loop
[0.745s] DEBUG:colcon.colcon_parallel_executor.executor.parallel:loop closed
[0.745s] DEBUG:colcon.colcon_parallel_executor.executor.parallel:run_until_complete finished with '2'
[0.745s] DEBUG:colcon.colcon_core.event_reactor:joining thread
[0.749s] INFO:colcon.colcon_core.plugin_system:Skipping extension 'colcon_notification.desktop_notification.terminal_notifier': Not used on non-Darwin systems
[0.749s] INFO:colcon.colcon_core.plugin_system:Skipping extension 'colcon_notification.desktop_notification.win32': Not used on non-Windows systems
[0.750s] INFO:colcon.colcon_notification.desktop_notification:Sending desktop notification using 'notify2'
[0.758s] DEBUG:colcon.colcon_core.event_reactor:joined thread
[0.758s] INFO:colcon.colcon_core.shell:Creating prefix script '/home/tim/RoboticsDev_ws/install/local_setup.ps1'
[0.759s] INFO:colcon.colcon_core.shell:Creating prefix util module '/home/tim/RoboticsDev_ws/install/_local_setup_util_ps1.py'
[0.760s] INFO:colcon.colcon_core.shell:Creating prefix chain script '/home/tim/RoboticsDev_ws/install/setup.ps1'
[0.762s] INFO:colcon.colcon_core.shell:Creating prefix script '/home/tim/RoboticsDev_ws/install/local_setup.sh'
[0.762s] INFO:colcon.colcon_core.shell:Creating prefix util module '/home/tim/RoboticsDev_ws/install/_local_setup_util_sh.py'
[0.762s] INFO:colcon.colcon_core.shell:Creating prefix chain script '/home/tim/RoboticsDev_ws/install/setup.sh'
[0.764s] INFO:colcon.colcon_core.shell:Creating prefix script '/home/tim/RoboticsDev_ws/install/local_setup.bash'
[0.764s] INFO:colcon.colcon_core.shell:Creating prefix chain script '/home/tim/RoboticsDev_ws/install/setup.bash'
[0.766s] INFO:colcon.colcon_core.shell:Creating prefix script '/home/tim/RoboticsDev_ws/install/local_setup.zsh'
[0.766s] INFO:colcon.colcon_core.shell:Creating prefix chain script '/home/tim/RoboticsDev_ws/install/setup.zsh'
