[0.008s] Invoking command in '/home/kireiji/RoboticsDev_ws/build/turtle_bringup': CMAKE_PREFIX_PATH=${CMAKE_PREFIX_PATH}:/home/kireiji/RoboticsDev_ws/install/launch_testing_examples:/home/kireiji/RoboticsDev_ws/install/examples_rclpy_pointcloud_publisher:/home/kireiji/RoboticsDev_ws/install/examples_rclpy_minimal_subscriber:/home/kireiji/RoboticsDev_ws/install/examples_rclpy_minimal_service:/home/kireiji/RoboticsDev_ws/install/examples_rclpy_minimal_publisher:/home/kireiji/RoboticsDev_ws/install/examples_rclpy_minimal_client:/home/kireiji/RoboticsDev_ws/install/examples_rclpy_minimal_action_server:/home/kireiji/RoboticsDev_ws/install/examples_rclpy_minimal_action_client:/home/kireiji/RoboticsDev_ws/install/examples_rclpy_guard_conditions:/home/kireiji/RoboticsDev_ws/install/examples_rclpy_executors:/home/kireiji/ros2_ws/install/my_py_pkg:/opt/ros/humble /usr/bin/cmake --build /home/kireiji/RoboticsDev_ws/build/turtle_bringup -- -j16 -l16
[0.040s] [100%] Built target cpp_node_test
[0.044s] [100%] Built target ament_cmake_python_copy_turtle_bringup
[0.198s] running egg_info
[0.200s] writing manifest file 'turtle_bringup.egg-info/SOURCES.txt'
[0.216s] [100%] Built target ament_cmake_python_build_turtle_bringup_egg
[0.223s] Invoked command in '/home/kireiji/RoboticsDev_ws/build/turtle_bringup' returned '0': CMAKE_PREFIX_PATH=${CMAKE_PREFIX_PATH}:/home/kireiji/RoboticsDev_ws/install/launch_testing_examples:/home/kireiji/RoboticsDev_ws/install/examples_rclpy_pointcloud_publisher:/home/kireiji/RoboticsDev_ws/install/examples_rclpy_minimal_subscriber:/home/kireiji/RoboticsDev_ws/install/examples_rclpy_minimal_service:/home/kireiji/RoboticsDev_ws/install/examples_rclpy_minimal_publisher:/home/kireiji/RoboticsDev_ws/install/examples_rclpy_minimal_client:/home/kireiji/RoboticsDev_ws/install/examples_rclpy_minimal_action_server:/home/kireiji/RoboticsDev_ws/install/examples_rclpy_minimal_action_client:/home/kireiji/RoboticsDev_ws/install/examples_rclpy_guard_conditions:/home/kireiji/RoboticsDev_ws/install/examples_rclpy_executors:/home/kireiji/ros2_ws/install/my_py_pkg:/opt/ros/humble /usr/bin/cmake --build /home/kireiji/RoboticsDev_ws/build/turtle_bringup -- -j16 -l16
[0.247s] Invoking command in '/home/kireiji/RoboticsDev_ws/build/turtle_bringup': CMAKE_PREFIX_PATH=${CMAKE_PREFIX_PATH}:/home/kireiji/RoboticsDev_ws/install/launch_testing_examples:/home/kireiji/RoboticsDev_ws/install/examples_rclpy_pointcloud_publisher:/home/kireiji/RoboticsDev_ws/install/examples_rclpy_minimal_subscriber:/home/kireiji/RoboticsDev_ws/install/examples_rclpy_minimal_service:/home/kireiji/RoboticsDev_ws/install/examples_rclpy_minimal_publisher:/home/kireiji/RoboticsDev_ws/install/examples_rclpy_minimal_client:/home/kireiji/RoboticsDev_ws/install/examples_rclpy_minimal_action_server:/home/kireiji/RoboticsDev_ws/install/examples_rclpy_minimal_action_client:/home/kireiji/RoboticsDev_ws/install/examples_rclpy_guard_conditions:/home/kireiji/RoboticsDev_ws/install/examples_rclpy_executors:/home/kireiji/ros2_ws/install/my_py_pkg:/opt/ros/humble /usr/bin/cmake --install /home/kireiji/RoboticsDev_ws/build/turtle_bringup
[0.251s] -- Install configuration: ""
[0.251s] -- Up-to-date: /home/kireiji/RoboticsDev_ws/install/turtle_bringup/share/turtle_bringup/environment/pythonpath.sh
[0.251s] -- Up-to-date: /home/kireiji/RoboticsDev_ws/install/turtle_bringup/share/turtle_bringup/environment/pythonpath.dsv
[0.251s] -- Up-to-date: /home/kireiji/RoboticsDev_ws/install/turtle_bringup/lib/python3.10/site-packages/turtle_bringup-0.0.0-py3.10.egg-info
[0.251s] -- Installing: /home/kireiji/RoboticsDev_ws/install/turtle_bringup/lib/python3.10/site-packages/turtle_bringup-0.0.0-py3.10.egg-info/PKG-INFO
[0.251s] -- Installing: /home/kireiji/RoboticsDev_ws/install/turtle_bringup/lib/python3.10/site-packages/turtle_bringup-0.0.0-py3.10.egg-info/dependency_links.txt
[0.251s] -- Installing: /home/kireiji/RoboticsDev_ws/install/turtle_bringup/lib/python3.10/site-packages/turtle_bringup-0.0.0-py3.10.egg-info/top_level.txt
[0.251s] -- Installing: /home/kireiji/RoboticsDev_ws/install/turtle_bringup/lib/python3.10/site-packages/turtle_bringup-0.0.0-py3.10.egg-info/SOURCES.txt
[0.251s] -- Up-to-date: /home/kireiji/RoboticsDev_ws/install/turtle_bringup/lib/python3.10/site-packages/turtle_bringup
[0.251s] -- Up-to-date: /home/kireiji/RoboticsDev_ws/install/turtle_bringup/lib/python3.10/site-packages/turtle_bringup/__init__.py
[0.251s] -- Up-to-date: /home/kireiji/RoboticsDev_ws/install/turtle_bringup/lib/python3.10/site-packages/turtle_bringup/dummy_module.py
[0.277s] Listing '/home/kireiji/RoboticsDev_ws/install/turtle_bringup/lib/python3.10/site-packages/turtle_bringup'...
[0.280s] -- Up-to-date: /home/kireiji/RoboticsDev_ws/install/turtle_bringup/lib/turtle_bringup/dummy_script.py
[0.280s] -- Installing: /home/kireiji/RoboticsDev_ws/install/turtle_bringup/lib/turtle_bringup/controller.py
[0.280s] -- Up-to-date: /home/kireiji/RoboticsDev_ws/install/turtle_bringup/lib/turtle_bringup/crazy_turtle.py
[0.280s] -- Up-to-date: /home/kireiji/RoboticsDev_ws/install/turtle_bringup/lib/turtle_bringup/crazy_pizza.py
[0.280s] -- Up-to-date: /home/kireiji/RoboticsDev_ws/install/turtle_bringup/lib/turtle_bringup/cpp_node_test
[0.280s] -- Up-to-date: /home/kireiji/RoboticsDev_ws/install/turtle_bringup/share/turtle_bringup
[0.280s] -- Up-to-date: /home/kireiji/RoboticsDev_ws/install/turtle_bringup/share/ament_index/resource_index/package_run_dependencies/turtle_bringup
[0.280s] -- Up-to-date: /home/kireiji/RoboticsDev_ws/install/turtle_bringup/share/ament_index/resource_index/parent_prefix_path/turtle_bringup
[0.280s] -- Up-to-date: /home/kireiji/RoboticsDev_ws/install/turtle_bringup/share/turtle_bringup/environment/ament_prefix_path.sh
[0.280s] -- Up-to-date: /home/kireiji/RoboticsDev_ws/install/turtle_bringup/share/turtle_bringup/environment/ament_prefix_path.dsv
[0.280s] -- Up-to-date: /home/kireiji/RoboticsDev_ws/install/turtle_bringup/share/turtle_bringup/environment/path.sh
[0.281s] -- Up-to-date: /home/kireiji/RoboticsDev_ws/install/turtle_bringup/share/turtle_bringup/environment/path.dsv
[0.281s] -- Up-to-date: /home/kireiji/RoboticsDev_ws/install/turtle_bringup/share/turtle_bringup/local_setup.bash
[0.281s] -- Up-to-date: /home/kireiji/RoboticsDev_ws/install/turtle_bringup/share/turtle_bringup/local_setup.sh
[0.281s] -- Up-to-date: /home/kireiji/RoboticsDev_ws/install/turtle_bringup/share/turtle_bringup/local_setup.zsh
[0.281s] -- Up-to-date: /home/kireiji/RoboticsDev_ws/install/turtle_bringup/share/turtle_bringup/local_setup.dsv
[0.281s] -- Installing: /home/kireiji/RoboticsDev_ws/install/turtle_bringup/share/turtle_bringup/package.dsv
[0.281s] -- Up-to-date: /home/kireiji/RoboticsDev_ws/install/turtle_bringup/share/ament_index/resource_index/packages/turtle_bringup
[0.281s] -- Up-to-date: /home/kireiji/RoboticsDev_ws/install/turtle_bringup/share/turtle_bringup/cmake/turtle_bringupConfig.cmake
[0.281s] -- Up-to-date: /home/kireiji/RoboticsDev_ws/install/turtle_bringup/share/turtle_bringup/cmake/turtle_bringupConfig-version.cmake
[0.281s] -- Up-to-date: /home/kireiji/RoboticsDev_ws/install/turtle_bringup/share/turtle_bringup/package.xml
[0.282s] Invoked command in '/home/kireiji/RoboticsDev_ws/build/turtle_bringup' returned '0': CMAKE_PREFIX_PATH=${CMAKE_PREFIX_PATH}:/home/kireiji/RoboticsDev_ws/install/launch_testing_examples:/home/kireiji/RoboticsDev_ws/install/examples_rclpy_pointcloud_publisher:/home/kireiji/RoboticsDev_ws/install/examples_rclpy_minimal_subscriber:/home/kireiji/RoboticsDev_ws/install/examples_rclpy_minimal_service:/home/kireiji/RoboticsDev_ws/install/examples_rclpy_minimal_publisher:/home/kireiji/RoboticsDev_ws/install/examples_rclpy_minimal_client:/home/kireiji/RoboticsDev_ws/install/examples_rclpy_minimal_action_server:/home/kireiji/RoboticsDev_ws/install/examples_rclpy_minimal_action_client:/home/kireiji/RoboticsDev_ws/install/examples_rclpy_guard_conditions:/home/kireiji/RoboticsDev_ws/install/examples_rclpy_executors:/home/kireiji/ros2_ws/install/my_py_pkg:/opt/ros/humble /usr/bin/cmake --install /home/kireiji/RoboticsDev_ws/build/turtle_bringup
