[0.043s] Invoking command in '/home/kireiji/RoboticsDev_ws/build/examples_rclcpp_minimal_action_client': CMAKE_PREFIX_PATH=${CMAKE_PREFIX_PATH}:/home/kireiji/RoboticsDev_ws/install/launch_testing_examples:/home/kireiji/RoboticsDev_ws/install/examples_rclpy_pointcloud_publisher:/home/kireiji/RoboticsDev_ws/install/examples_rclpy_minimal_subscriber:/home/kireiji/RoboticsDev_ws/install/examples_rclpy_minimal_service:/home/kireiji/RoboticsDev_ws/install/examples_rclpy_minimal_publisher:/home/kireiji/RoboticsDev_ws/install/examples_rclpy_minimal_client:/home/kireiji/RoboticsDev_ws/install/examples_rclpy_minimal_action_server:/home/kireiji/RoboticsDev_ws/install/examples_rclpy_minimal_action_client:/home/kireiji/RoboticsDev_ws/install/examples_rclpy_guard_conditions:/home/kireiji/RoboticsDev_ws/install/examples_rclpy_executors:/home/kireiji/ros2_ws/install/my_py_pkg:/opt/ros/humble /usr/bin/cmake /home/kireiji/RoboticsDev_ws/src/examples/rclcpp/actions/minimal_action_client -DCMAKE_INSTALL_PREFIX=/home/kireiji/RoboticsDev_ws/install/examples_rclcpp_minimal_action_client
[1.239s] -- The C compiler identification is GNU 11.4.0
[1.239s] -- The CXX compiler identification is GNU 11.4.0
[1.239s] -- Detecting C compiler ABI info
[1.239s] -- Detecting C compiler ABI info - done
[1.239s] -- Check for working C compiler: /usr/bin/cc - skipped
[1.240s] -- Detecting C compile features
[1.240s] -- Detecting C compile features - done
[1.240s] -- Detecting CXX compiler ABI info
[1.240s] -- Detecting CXX compiler ABI info - done
[1.240s] -- Check for working CXX compiler: /usr/bin/c++ - skipped
[1.240s] -- Detecting CXX compile features
[1.240s] -- Detecting CXX compile features - done
[1.240s] -- Found ament_cmake: 1.3.10 (/opt/ros/humble/share/ament_cmake/cmake)
[1.240s] -- Found Python3: /usr/local/bin/python3 (found version "3.10.0") found components: Interpreter 
[1.240s] -- Found example_interfaces: 0.9.3 (/opt/ros/humble/share/example_interfaces/cmake)
[1.240s] -- Found rosidl_generator_c: 3.1.5 (/opt/ros/humble/share/rosidl_generator_c/cmake)
[1.240s] -- Found rosidl_adapter: 3.1.5 (/opt/ros/humble/share/rosidl_adapter/cmake)
[1.240s] -- Found rosidl_generator_cpp: 3.1.5 (/opt/ros/humble/share/rosidl_generator_cpp/cmake)
[1.240s] -- Using all available rosidl_typesupport_c: rosidl_typesupport_fastrtps_c;rosidl_typesupport_introspection_c
[1.241s] -- Using all available rosidl_typesupport_cpp: rosidl_typesupport_fastrtps_cpp;rosidl_typesupport_introspection_cpp
[1.272s] -- Found rclcpp: 16.0.10 (/opt/ros/humble/share/rclcpp/cmake)
[1.312s] -- Found rmw_implementation_cmake: 6.1.2 (/opt/ros/humble/share/rmw_implementation_cmake/cmake)
[1.316s] -- Found rmw_fastrtps_cpp: 6.2.7 (/opt/ros/humble/share/rmw_fastrtps_cpp/cmake)
[1.423s] -- Found OpenSSL: /usr/lib/x86_64-linux-gnu/libcrypto.so (found version "3.0.2")  
[1.457s] -- Found FastRTPS: /opt/ros/humble/include  
[1.507s] -- Using RMW implementation 'rmw_fastrtps_cpp' as default
[1.520s] -- Looking for pthread.h
[1.612s] -- Looking for pthread.h - found
[1.612s] -- Performing Test CMAKE_HAVE_LIBC_PTHREAD
[1.729s] -- Performing Test CMAKE_HAVE_LIBC_PTHREAD - Success
[1.730s] -- Found Threads: TRUE  
[1.799s] -- Found rclcpp_action: 16.0.10 (/opt/ros/humble/share/rclcpp_action/cmake)
[1.825s] -- Found ament_lint_auto: 0.12.11 (/opt/ros/humble/share/ament_lint_auto/cmake)
[2.004s] -- Added test 'copyright' to check source files copyright and LICENSE
[2.004s] -- Added test 'cppcheck' to perform static code analysis on C / C++ code
[2.004s] -- Configured cppcheck include dirs: 
[2.004s] -- Configured cppcheck exclude dirs and/or files: 
[2.005s] -- Added test 'cpplint' to check C / C++ code against the Google style
[2.006s] -- Configured cpplint exclude dirs and/or files: 
[2.007s] -- Added test 'lint_cmake' to check CMake code style
[2.008s] -- Added test 'uncrustify' to check C / C++ code style
[2.008s] -- Configured uncrustify additional arguments: 
[2.009s] -- Added test 'xmllint' to check XML markup files
[2.011s] -- Configuring done
[2.064s] -- Generating done
[2.069s] -- Build files have been written to: /home/kireiji/RoboticsDev_ws/build/examples_rclcpp_minimal_action_client
[2.100s] Invoked command in '/home/kireiji/RoboticsDev_ws/build/examples_rclcpp_minimal_action_client' returned '0': CMAKE_PREFIX_PATH=${CMAKE_PREFIX_PATH}:/home/kireiji/RoboticsDev_ws/install/launch_testing_examples:/home/kireiji/RoboticsDev_ws/install/examples_rclpy_pointcloud_publisher:/home/kireiji/RoboticsDev_ws/install/examples_rclpy_minimal_subscriber:/home/kireiji/RoboticsDev_ws/install/examples_rclpy_minimal_service:/home/kireiji/RoboticsDev_ws/install/examples_rclpy_minimal_publisher:/home/kireiji/RoboticsDev_ws/install/examples_rclpy_minimal_client:/home/kireiji/RoboticsDev_ws/install/examples_rclpy_minimal_action_server:/home/kireiji/RoboticsDev_ws/install/examples_rclpy_minimal_action_client:/home/kireiji/RoboticsDev_ws/install/examples_rclpy_guard_conditions:/home/kireiji/RoboticsDev_ws/install/examples_rclpy_executors:/home/kireiji/ros2_ws/install/my_py_pkg:/opt/ros/humble /usr/bin/cmake /home/kireiji/RoboticsDev_ws/src/examples/rclcpp/actions/minimal_action_client -DCMAKE_INSTALL_PREFIX=/home/kireiji/RoboticsDev_ws/install/examples_rclcpp_minimal_action_client
[2.100s] Invoking command in '/home/kireiji/RoboticsDev_ws/build/examples_rclcpp_minimal_action_client': CMAKE_PREFIX_PATH=${CMAKE_PREFIX_PATH}:/home/kireiji/RoboticsDev_ws/install/launch_testing_examples:/home/kireiji/RoboticsDev_ws/install/examples_rclpy_pointcloud_publisher:/home/kireiji/RoboticsDev_ws/install/examples_rclpy_minimal_subscriber:/home/kireiji/RoboticsDev_ws/install/examples_rclpy_minimal_service:/home/kireiji/RoboticsDev_ws/install/examples_rclpy_minimal_publisher:/home/kireiji/RoboticsDev_ws/install/examples_rclpy_minimal_client:/home/kireiji/RoboticsDev_ws/install/examples_rclpy_minimal_action_server:/home/kireiji/RoboticsDev_ws/install/examples_rclpy_minimal_action_client:/home/kireiji/RoboticsDev_ws/install/examples_rclpy_guard_conditions:/home/kireiji/RoboticsDev_ws/install/examples_rclpy_executors:/home/kireiji/ros2_ws/install/my_py_pkg:/opt/ros/humble /usr/bin/cmake --build /home/kireiji/RoboticsDev_ws/build/examples_rclcpp_minimal_action_client -- -j16 -l16
[2.568s] [ 12%] [32mBuilding CXX object CMakeFiles/action_client_member_functions.dir/member_functions.cpp.o[0m
[2.569s] [ 37%] [32mBuilding CXX object CMakeFiles/action_client_not_composable.dir/not_composable.cpp.o[0m
[2.569s] [ 25%] [32mBuilding CXX object CMakeFiles/action_client_not_composable_with_cancel.dir/not_composable_with_cancel.cpp.o[0m
[2.570s] [ 50%] [32mBuilding CXX object CMakeFiles/action_client_not_composable_with_feedback.dir/not_composable_with_feedback.cpp.o[0m
[21.426s] [ 62%] [32m[1mLinking CXX executable action_client_not_composable[0m
[21.936s] [ 62%] Built target action_client_not_composable
[28.293s] [ 75%] [32m[1mLinking CXX executable action_client_not_composable_with_cancel[0m
[29.722s] [ 75%] Built target action_client_not_composable_with_cancel
[31.859s] [ 87%] [32m[1mLinking CXX executable action_client_not_composable_with_feedback[0m
[32.360s] [ 87%] Built target action_client_not_composable_with_feedback
[33.971s] [100%] [32m[1mLinking CXX executable action_client_member_functions[0m
[34.586s] [100%] Built target action_client_member_functions
