[0.038s] Invoking command in '/home/kireiji/RoboticsDev_ws/build/examples_rclcpp_wait_set': CMAKE_PREFIX_PATH=${CMAKE_PREFIX_PATH}:/home/kireiji/RoboticsDev_ws/install/launch_testing_examples:/home/kireiji/RoboticsDev_ws/install/examples_rclpy_pointcloud_publisher:/home/kireiji/RoboticsDev_ws/install/examples_rclpy_minimal_subscriber:/home/kireiji/RoboticsDev_ws/install/examples_rclpy_minimal_service:/home/kireiji/RoboticsDev_ws/install/examples_rclpy_minimal_publisher:/home/kireiji/RoboticsDev_ws/install/examples_rclpy_minimal_client:/home/kireiji/RoboticsDev_ws/install/examples_rclpy_minimal_action_server:/home/kireiji/RoboticsDev_ws/install/examples_rclpy_minimal_action_client:/home/kireiji/RoboticsDev_ws/install/examples_rclpy_guard_conditions:/home/kireiji/RoboticsDev_ws/install/examples_rclpy_executors:/home/kireiji/ros2_ws/install/my_py_pkg:/opt/ros/humble /usr/bin/cmake /home/kireiji/RoboticsDev_ws/src/examples/rclcpp/wait_set -DCMAKE_INSTALL_PREFIX=/home/kireiji/RoboticsDev_ws/install/examples_rclcpp_wait_set
[2.568s] -- The C compiler identification is GNU 11.4.0
[2.568s] -- The CXX compiler identification is GNU 11.4.0
[2.569s] -- Detecting C compiler ABI info
[2.569s] -- Detecting C compiler ABI info - done
[2.569s] -- Check for working C compiler: /usr/bin/cc - skipped
[2.569s] -- Detecting C compile features
[2.569s] -- Detecting C compile features - done
[2.569s] -- Detecting CXX compiler ABI info
[2.569s] -- Detecting CXX compiler ABI info - done
[2.569s] -- Check for working CXX compiler: /usr/bin/c++ - skipped
[2.569s] -- Detecting CXX compile features
[2.569s] -- Detecting CXX compile features - done
[2.570s] -- Found ament_cmake: 1.3.10 (/opt/ros/humble/share/ament_cmake/cmake)
[2.570s] -- Found Python3: /usr/local/bin/python3 (found version "3.10.0") found components: Interpreter 
[2.570s] -- Found example_interfaces: 0.9.3 (/opt/ros/humble/share/example_interfaces/cmake)
[2.570s] -- Found rosidl_generator_c: 3.1.5 (/opt/ros/humble/share/rosidl_generator_c/cmake)
[2.575s] -- Found rosidl_adapter: 3.1.5 (/opt/ros/humble/share/rosidl_adapter/cmake)
[2.576s] -- Found rosidl_generator_cpp: 3.1.5 (/opt/ros/humble/share/rosidl_generator_cpp/cmake)
[2.576s] -- Using all available rosidl_typesupport_c: rosidl_typesupport_fastrtps_c;rosidl_typesupport_introspection_c
[2.576s] -- Using all available rosidl_typesupport_cpp: rosidl_typesupport_fastrtps_cpp;rosidl_typesupport_introspection_cpp
[2.576s] -- Found rclcpp: 16.0.10 (/opt/ros/humble/share/rclcpp/cmake)
[2.576s] -- Found rmw_implementation_cmake: 6.1.2 (/opt/ros/humble/share/rmw_implementation_cmake/cmake)
[2.576s] -- Found rmw_fastrtps_cpp: 6.2.7 (/opt/ros/humble/share/rmw_fastrtps_cpp/cmake)
[2.576s] -- Found OpenSSL: /usr/lib/x86_64-linux-gnu/libcrypto.so (found version "3.0.2")  
[2.576s] -- Found FastRTPS: /opt/ros/humble/include  
[2.576s] -- Using RMW implementation 'rmw_fastrtps_cpp' as default
[2.576s] -- Looking for pthread.h
[2.576s] -- Looking for pthread.h - found
[2.576s] -- Performing Test CMAKE_HAVE_LIBC_PTHREAD
[2.576s] -- Performing Test CMAKE_HAVE_LIBC_PTHREAD - Success
[2.576s] -- Found Threads: TRUE  
[2.576s] -- Found rclcpp_components: 16.0.10 (/opt/ros/humble/share/rclcpp_components/cmake)
[2.577s] -- Found ament_lint_auto: 0.12.11 (/opt/ros/humble/share/ament_lint_auto/cmake)
[2.577s] -- Added test 'copyright' to check source files copyright and LICENSE
[2.577s] -- Added test 'cppcheck' to perform static code analysis on C / C++ code
[2.577s] -- Configured cppcheck include dirs: /home/kireiji/RoboticsDev_ws/src/examples/rclcpp/wait_set/include
[2.577s] -- Configured cppcheck exclude dirs and/or files: 
[2.577s] -- Added test 'cpplint' to check C / C++ code against the Google style
[2.577s] -- Configured cpplint exclude dirs and/or files: 
[2.577s] -- Added test 'lint_cmake' to check CMake code style
[2.577s] -- Added test 'uncrustify' to check C / C++ code style
[2.577s] -- Configured uncrustify additional arguments: 
[2.577s] -- Added test 'xmllint' to check XML markup files
[2.577s] -- Configuring done
[2.577s] -- Generating done
[2.577s] -- Build files have been written to: /home/kireiji/RoboticsDev_ws/build/examples_rclcpp_wait_set
[2.594s] Invoked command in '/home/kireiji/RoboticsDev_ws/build/examples_rclcpp_wait_set' returned '0': CMAKE_PREFIX_PATH=${CMAKE_PREFIX_PATH}:/home/kireiji/RoboticsDev_ws/install/launch_testing_examples:/home/kireiji/RoboticsDev_ws/install/examples_rclpy_pointcloud_publisher:/home/kireiji/RoboticsDev_ws/install/examples_rclpy_minimal_subscriber:/home/kireiji/RoboticsDev_ws/install/examples_rclpy_minimal_service:/home/kireiji/RoboticsDev_ws/install/examples_rclpy_minimal_publisher:/home/kireiji/RoboticsDev_ws/install/examples_rclpy_minimal_client:/home/kireiji/RoboticsDev_ws/install/examples_rclpy_minimal_action_server:/home/kireiji/RoboticsDev_ws/install/examples_rclpy_minimal_action_client:/home/kireiji/RoboticsDev_ws/install/examples_rclpy_guard_conditions:/home/kireiji/RoboticsDev_ws/install/examples_rclpy_executors:/home/kireiji/ros2_ws/install/my_py_pkg:/opt/ros/humble /usr/bin/cmake /home/kireiji/RoboticsDev_ws/src/examples/rclcpp/wait_set -DCMAKE_INSTALL_PREFIX=/home/kireiji/RoboticsDev_ws/install/examples_rclcpp_wait_set
[2.598s] Invoking command in '/home/kireiji/RoboticsDev_ws/build/examples_rclcpp_wait_set': CMAKE_PREFIX_PATH=${CMAKE_PREFIX_PATH}:/home/kireiji/RoboticsDev_ws/install/launch_testing_examples:/home/kireiji/RoboticsDev_ws/install/examples_rclpy_pointcloud_publisher:/home/kireiji/RoboticsDev_ws/install/examples_rclpy_minimal_subscriber:/home/kireiji/RoboticsDev_ws/install/examples_rclpy_minimal_service:/home/kireiji/RoboticsDev_ws/install/examples_rclpy_minimal_publisher:/home/kireiji/RoboticsDev_ws/install/examples_rclpy_minimal_client:/home/kireiji/RoboticsDev_ws/install/examples_rclpy_minimal_action_server:/home/kireiji/RoboticsDev_ws/install/examples_rclpy_minimal_action_client:/home/kireiji/RoboticsDev_ws/install/examples_rclpy_guard_conditions:/home/kireiji/RoboticsDev_ws/install/examples_rclpy_executors:/home/kireiji/ros2_ws/install/my_py_pkg:/opt/ros/humble /usr/bin/cmake --build /home/kireiji/RoboticsDev_ws/build/examples_rclcpp_wait_set -- -j16 -l16
[2.698s] [  4%] [32mBuilding CXX object CMakeFiles/listener.dir/src/listener.cpp.o[0m
[2.699s] [  8%] [32mBuilding CXX object CMakeFiles/wait_set.dir/src/wait_set.cpp.o[0m
[2.707s] [ 12%] [32mBuilding CXX object CMakeFiles/talker.dir/src/talker.cpp.o[0m
[2.708s] [ 16%] [32mBuilding CXX object CMakeFiles/static_wait_set.dir/src/static_wait_set.cpp.o[0m
[2.735s] [ 20%] [32mBuilding CXX object CMakeFiles/wait_set_talker.dir/rclcpp_components/node_main_wait_set_talker.cpp.o[0m
[2.735s] [ 25%] [32mBuilding CXX object CMakeFiles/thread_safe_wait_set.dir/src/thread_safe_wait_set.cpp.o[0m
[2.735s] [ 29%] [32mBuilding CXX object CMakeFiles/wait_set_listener.dir/rclcpp_components/node_main_wait_set_listener.cpp.o[0m
[2.748s] [ 33%] [32mBuilding CXX object CMakeFiles/wait_set_random_order.dir/src/wait_set_random_order.cpp.o[0m
[2.748s] [ 37%] [32mBuilding CXX object CMakeFiles/executor_random_order.dir/src/executor_random_order.cpp.o[0m
[2.749s] [ 41%] [32mBuilding CXX object CMakeFiles/wait_set_topics_with_different_rates.dir/src/wait_set_topics_with_different_rates.cpp.o[0m
[2.749s] [ 45%] [32mBuilding CXX object CMakeFiles/wait_set_topics_and_timer.dir/src/wait_set_topics_and_timer.cpp.o[0m
[24.487s] [ 50%] [32m[1mLinking CXX executable wait_set_talker[0m
[24.994s] [ 50%] Built target wait_set_talker
[28.436s] [ 54%] [32m[1mLinking CXX executable wait_set_listener[0m
[29.232s] [ 54%] Built target wait_set_listener
[35.262s] [ 58%] [32m[1mLinking CXX shared library libtalker.so[0m
[36.519s] [ 58%] Built target talker
[59.448s] [ 62%] [32m[1mLinking CXX executable wait_set_topics_with_different_rates[0m
[60.689s] [ 62%] Built target wait_set_topics_with_different_rates
[60.848s] [ 66%] [32m[1mLinking CXX executable wait_set_random_order[0m
[61.779s] [ 66%] Built target wait_set_random_order
[62.532s] [ 70%] [32m[1mLinking CXX executable wait_set[0m
[62.536s] [ 75%] [32m[1mLinking CXX executable executor_random_order[0m
[62.547s] [ 79%] [32m[1mLinking CXX executable static_wait_set[0m
[63.462s] [ 83%] [32m[1mLinking CXX executable thread_safe_wait_set[0m
[63.528s] [ 91%] [32m[1mLinking CXX executable wait_set_topics_and_timer[0m
[63.528s] [ 91%] [32m[1mLinking CXX shared library liblistener.so[0m
[63.549s] [ 91%] Built target static_wait_set
[63.701s] [ 91%] Built target executor_random_order
[63.961s] [ 91%] Built target wait_set
[64.186s] [ 91%] Built target wait_set_topics_and_timer
[64.265s] [ 91%] Built target thread_safe_wait_set
[64.309s] [ 91%] Built target listener
[64.327s] [ 95%] [32mBuilding CXX object CMakeFiles/wait_set_composed.dir/src/wait_set_composed.cpp.o[0m
[66.596s] [100%] [32m[1mLinking CXX executable wait_set_composed[0m
[66.730s] [100%] Built target wait_set_composed
[66.739s] Invoked command in '/home/kireiji/RoboticsDev_ws/build/examples_rclcpp_wait_set' returned '0': CMAKE_PREFIX_PATH=${CMAKE_PREFIX_PATH}:/home/kireiji/RoboticsDev_ws/install/launch_testing_examples:/home/kireiji/RoboticsDev_ws/install/examples_rclpy_pointcloud_publisher:/home/kireiji/RoboticsDev_ws/install/examples_rclpy_minimal_subscriber:/home/kireiji/RoboticsDev_ws/install/examples_rclpy_minimal_service:/home/kireiji/RoboticsDev_ws/install/examples_rclpy_minimal_publisher:/home/kireiji/RoboticsDev_ws/install/examples_rclpy_minimal_client:/home/kireiji/RoboticsDev_ws/install/examples_rclpy_minimal_action_server:/home/kireiji/RoboticsDev_ws/install/examples_rclpy_minimal_action_client:/home/kireiji/RoboticsDev_ws/install/examples_rclpy_guard_conditions:/home/kireiji/RoboticsDev_ws/install/examples_rclpy_executors:/home/kireiji/ros2_ws/install/my_py_pkg:/opt/ros/humble /usr/bin/cmake --build /home/kireiji/RoboticsDev_ws/build/examples_rclcpp_wait_set -- -j16 -l16
[66.787s] Invoking command in '/home/kireiji/RoboticsDev_ws/build/examples_rclcpp_wait_set': CMAKE_PREFIX_PATH=${CMAKE_PREFIX_PATH}:/home/kireiji/RoboticsDev_ws/install/launch_testing_examples:/home/kireiji/RoboticsDev_ws/install/examples_rclpy_pointcloud_publisher:/home/kireiji/RoboticsDev_ws/install/examples_rclpy_minimal_subscriber:/home/kireiji/RoboticsDev_ws/install/examples_rclpy_minimal_service:/home/kireiji/RoboticsDev_ws/install/examples_rclpy_minimal_publisher:/home/kireiji/RoboticsDev_ws/install/examples_rclpy_minimal_client:/home/kireiji/RoboticsDev_ws/install/examples_rclpy_minimal_action_server:/home/kireiji/RoboticsDev_ws/install/examples_rclpy_minimal_action_client:/home/kireiji/RoboticsDev_ws/install/examples_rclpy_guard_conditions:/home/kireiji/RoboticsDev_ws/install/examples_rclpy_executors:/home/kireiji/ros2_ws/install/my_py_pkg:/opt/ros/humble /usr/bin/cmake --install /home/kireiji/RoboticsDev_ws/build/examples_rclcpp_wait_set
[66.793s] -- Install configuration: ""
[66.793s] -- Installing: /home/kireiji/RoboticsDev_ws/install/examples_rclcpp_wait_set/lib/examples_rclcpp_wait_set/wait_set_talker
[66.793s] -- Set runtime path of "/home/kireiji/RoboticsDev_ws/install/examples_rclcpp_wait_set/lib/examples_rclcpp_wait_set/wait_set_talker" to ""
[66.793s] -- Installing: /home/kireiji/RoboticsDev_ws/install/examples_rclcpp_wait_set/lib/examples_rclcpp_wait_set/wait_set_listener
[66.793s] -- Set runtime path of "/home/kireiji/RoboticsDev_ws/install/examples_rclcpp_wait_set/lib/examples_rclcpp_wait_set/wait_set_listener" to ""
[66.793s] -- Installing: /home/kireiji/RoboticsDev_ws/install/examples_rclcpp_wait_set/lib/libtalker.so
[66.794s] -- Set runtime path of "/home/kireiji/RoboticsDev_ws/install/examples_rclcpp_wait_set/lib/libtalker.so" to ""
[66.794s] -- Installing: /home/kireiji/RoboticsDev_ws/install/examples_rclcpp_wait_set/lib/liblistener.so
[66.798s] -- Set runtime path of "/home/kireiji/RoboticsDev_ws/install/examples_rclcpp_wait_set/lib/liblistener.so" to ""
[66.798s] -- Installing: /home/kireiji/RoboticsDev_ws/install/examples_rclcpp_wait_set/lib/examples_rclcpp_wait_set/wait_set
[66.800s] -- Set runtime path of "/home/kireiji/RoboticsDev_ws/install/examples_rclcpp_wait_set/lib/examples_rclcpp_wait_set/wait_set" to ""
[66.800s] -- Installing: /home/kireiji/RoboticsDev_ws/install/examples_rclcpp_wait_set/lib/examples_rclcpp_wait_set/static_wait_set
[66.802s] -- Set runtime path of "/home/kireiji/RoboticsDev_ws/install/examples_rclcpp_wait_set/lib/examples_rclcpp_wait_set/static_wait_set" to ""
[66.802s] -- Installing: /home/kireiji/RoboticsDev_ws/install/examples_rclcpp_wait_set/lib/examples_rclcpp_wait_set/thread_safe_wait_set
[66.804s] -- Set runtime path of "/home/kireiji/RoboticsDev_ws/install/examples_rclcpp_wait_set/lib/examples_rclcpp_wait_set/thread_safe_wait_set" to ""
[66.804s] -- Installing: /home/kireiji/RoboticsDev_ws/install/examples_rclcpp_wait_set/lib/examples_rclcpp_wait_set/wait_set_topics_and_timer
[66.806s] -- Set runtime path of "/home/kireiji/RoboticsDev_ws/install/examples_rclcpp_wait_set/lib/examples_rclcpp_wait_set/wait_set_topics_and_timer" to ""
[66.806s] -- Installing: /home/kireiji/RoboticsDev_ws/install/examples_rclcpp_wait_set/lib/examples_rclcpp_wait_set/wait_set_random_order
[66.808s] -- Set runtime path of "/home/kireiji/RoboticsDev_ws/install/examples_rclcpp_wait_set/lib/examples_rclcpp_wait_set/wait_set_random_order" to ""
[66.808s] -- Installing: /home/kireiji/RoboticsDev_ws/install/examples_rclcpp_wait_set/lib/examples_rclcpp_wait_set/executor_random_order
[66.810s] -- Set runtime path of "/home/kireiji/RoboticsDev_ws/install/examples_rclcpp_wait_set/lib/examples_rclcpp_wait_set/executor_random_order" to ""
[66.810s] -- Installing: /home/kireiji/RoboticsDev_ws/install/examples_rclcpp_wait_set/lib/examples_rclcpp_wait_set/wait_set_topics_with_different_rates
[66.812s] -- Set runtime path of "/home/kireiji/RoboticsDev_ws/install/examples_rclcpp_wait_set/lib/examples_rclcpp_wait_set/wait_set_topics_with_different_rates" to ""
[66.812s] -- Installing: /home/kireiji/RoboticsDev_ws/install/examples_rclcpp_wait_set/lib/examples_rclcpp_wait_set/wait_set_composed
[66.812s] -- Set runtime path of "/home/kireiji/RoboticsDev_ws/install/examples_rclcpp_wait_set/lib/examples_rclcpp_wait_set/wait_set_composed" to ""
[66.812s] -- Installing: /home/kireiji/RoboticsDev_ws/install/examples_rclcpp_wait_set/share/ament_index/resource_index/package_run_dependencies/examples_rclcpp_wait_set
[66.812s] -- Installing: /home/kireiji/RoboticsDev_ws/install/examples_rclcpp_wait_set/share/ament_index/resource_index/parent_prefix_path/examples_rclcpp_wait_set
[66.812s] -- Installing: /home/kireiji/RoboticsDev_ws/install/examples_rclcpp_wait_set/share/examples_rclcpp_wait_set/environment/ament_prefix_path.sh
[66.812s] -- Installing: /home/kireiji/RoboticsDev_ws/install/examples_rclcpp_wait_set/share/examples_rclcpp_wait_set/environment/ament_prefix_path.dsv
[66.812s] -- Installing: /home/kireiji/RoboticsDev_ws/install/examples_rclcpp_wait_set/share/examples_rclcpp_wait_set/environment/path.sh
[66.812s] -- Installing: /home/kireiji/RoboticsDev_ws/install/examples_rclcpp_wait_set/share/examples_rclcpp_wait_set/environment/path.dsv
[66.812s] -- Installing: /home/kireiji/RoboticsDev_ws/install/examples_rclcpp_wait_set/share/examples_rclcpp_wait_set/local_setup.bash
[66.812s] -- Installing: /home/kireiji/RoboticsDev_ws/install/examples_rclcpp_wait_set/share/examples_rclcpp_wait_set/local_setup.sh
[66.812s] -- Installing: /home/kireiji/RoboticsDev_ws/install/examples_rclcpp_wait_set/share/examples_rclcpp_wait_set/local_setup.zsh
[66.812s] -- Installing: /home/kireiji/RoboticsDev_ws/install/examples_rclcpp_wait_set/share/examples_rclcpp_wait_set/local_setup.dsv
[66.813s] -- Installing: /home/kireiji/RoboticsDev_ws/install/examples_rclcpp_wait_set/share/examples_rclcpp_wait_set/package.dsv
[66.813s] -- Installing: /home/kireiji/RoboticsDev_ws/install/examples_rclcpp_wait_set/share/ament_index/resource_index/packages/examples_rclcpp_wait_set
[66.813s] -- Installing: /home/kireiji/RoboticsDev_ws/install/examples_rclcpp_wait_set/share/ament_index/resource_index/rclcpp_components/examples_rclcpp_wait_set
[66.813s] -- Installing: /home/kireiji/RoboticsDev_ws/install/examples_rclcpp_wait_set/share/examples_rclcpp_wait_set/cmake/examples_rclcpp_wait_setConfig.cmake
[66.813s] -- Installing: /home/kireiji/RoboticsDev_ws/install/examples_rclcpp_wait_set/share/examples_rclcpp_wait_set/cmake/examples_rclcpp_wait_setConfig-version.cmake
[66.813s] -- Installing: /home/kireiji/RoboticsDev_ws/install/examples_rclcpp_wait_set/share/examples_rclcpp_wait_set/package.xml
[66.815s] Invoked command in '/home/kireiji/RoboticsDev_ws/build/examples_rclcpp_wait_set' returned '0': CMAKE_PREFIX_PATH=${CMAKE_PREFIX_PATH}:/home/kireiji/RoboticsDev_ws/install/launch_testing_examples:/home/kireiji/RoboticsDev_ws/install/examples_rclpy_pointcloud_publisher:/home/kireiji/RoboticsDev_ws/install/examples_rclpy_minimal_subscriber:/home/kireiji/RoboticsDev_ws/install/examples_rclpy_minimal_service:/home/kireiji/RoboticsDev_ws/install/examples_rclpy_minimal_publisher:/home/kireiji/RoboticsDev_ws/install/examples_rclpy_minimal_client:/home/kireiji/RoboticsDev_ws/install/examples_rclpy_minimal_action_server:/home/kireiji/RoboticsDev_ws/install/examples_rclpy_minimal_action_client:/home/kireiji/RoboticsDev_ws/install/examples_rclpy_guard_conditions:/home/kireiji/RoboticsDev_ws/install/examples_rclpy_executors:/home/kireiji/ros2_ws/install/my_py_pkg:/opt/ros/humble /usr/bin/cmake --install /home/kireiji/RoboticsDev_ws/build/examples_rclcpp_wait_set
