[1.419s] Invoking command in '/home/kireiji/RoboticsDev_ws/build/lab1': CMAKE_PREFIX_PATH=${CMAKE_PREFIX_PATH}:/home/kireiji/RoboticsDev_ws/install/launch_testing_examples:/home/kireiji/RoboticsDev_ws/install/examples_rclpy_pointcloud_publisher:/home/kireiji/RoboticsDev_ws/install/examples_rclpy_minimal_subscriber:/home/kireiji/RoboticsDev_ws/install/examples_rclpy_minimal_service:/home/kireiji/RoboticsDev_ws/install/examples_rclpy_minimal_publisher:/home/kireiji/RoboticsDev_ws/install/examples_rclpy_minimal_client:/home/kireiji/RoboticsDev_ws/install/examples_rclpy_minimal_action_server:/home/kireiji/RoboticsDev_ws/install/examples_rclpy_minimal_action_client:/home/kireiji/RoboticsDev_ws/install/examples_rclpy_guard_conditions:/home/kireiji/RoboticsDev_ws/install/examples_rclpy_executors:/home/kireiji/ros2_ws/install/my_py_pkg:/opt/ros/humble /usr/bin/cmake --build /home/kireiji/RoboticsDev_ws/build/lab1 -- -j16 -l16
[1.682s] [35m[1mConsolidate compiler generated dependencies of target cpp_node_test[0m
[1.683s] [100%] Built target cpp_node_test
[1.684s] [100%] Built target ament_cmake_python_copy_lab1
[1.684s] running egg_info
[1.684s] writing manifest file 'lab1.egg-info/SOURCES.txt'
[1.703s] [100%] Built target ament_cmake_python_build_lab1_egg
[1.836s] Invoked command in '/home/kireiji/RoboticsDev_ws/build/lab1' returned '0': CMAKE_PREFIX_PATH=${CMAKE_PREFIX_PATH}:/home/kireiji/RoboticsDev_ws/install/launch_testing_examples:/home/kireiji/RoboticsDev_ws/install/examples_rclpy_pointcloud_publisher:/home/kireiji/RoboticsDev_ws/install/examples_rclpy_minimal_subscriber:/home/kireiji/RoboticsDev_ws/install/examples_rclpy_minimal_service:/home/kireiji/RoboticsDev_ws/install/examples_rclpy_minimal_publisher:/home/kireiji/RoboticsDev_ws/install/examples_rclpy_minimal_client:/home/kireiji/RoboticsDev_ws/install/examples_rclpy_minimal_action_server:/home/kireiji/RoboticsDev_ws/install/examples_rclpy_minimal_action_client:/home/kireiji/RoboticsDev_ws/install/examples_rclpy_guard_conditions:/home/kireiji/RoboticsDev_ws/install/examples_rclpy_executors:/home/kireiji/ros2_ws/install/my_py_pkg:/opt/ros/humble /usr/bin/cmake --build /home/kireiji/RoboticsDev_ws/build/lab1 -- -j16 -l16
[1.922s] Invoking command in '/home/kireiji/RoboticsDev_ws/build/lab1': CMAKE_PREFIX_PATH=${CMAKE_PREFIX_PATH}:/home/kireiji/RoboticsDev_ws/install/launch_testing_examples:/home/kireiji/RoboticsDev_ws/install/examples_rclpy_pointcloud_publisher:/home/kireiji/RoboticsDev_ws/install/examples_rclpy_minimal_subscriber:/home/kireiji/RoboticsDev_ws/install/examples_rclpy_minimal_service:/home/kireiji/RoboticsDev_ws/install/examples_rclpy_minimal_publisher:/home/kireiji/RoboticsDev_ws/install/examples_rclpy_minimal_client:/home/kireiji/RoboticsDev_ws/install/examples_rclpy_minimal_action_server:/home/kireiji/RoboticsDev_ws/install/examples_rclpy_minimal_action_client:/home/kireiji/RoboticsDev_ws/install/examples_rclpy_guard_conditions:/home/kireiji/RoboticsDev_ws/install/examples_rclpy_executors:/home/kireiji/ros2_ws/install/my_py_pkg:/opt/ros/humble /usr/bin/cmake --install /home/kireiji/RoboticsDev_ws/build/lab1
[1.937s] -- Install configuration: ""
[1.938s] -- Up-to-date: /home/kireiji/RoboticsDev_ws/install/lab1/share/lab1/environment/pythonpath.sh
[1.938s] -- Up-to-date: /home/kireiji/RoboticsDev_ws/install/lab1/share/lab1/environment/pythonpath.dsv
[1.938s] -- Up-to-date: /home/kireiji/RoboticsDev_ws/install/lab1/lib/python3.10/site-packages/lab1-0.0.0-py3.10.egg-info
[1.938s] -- Installing: /home/kireiji/RoboticsDev_ws/install/lab1/lib/python3.10/site-packages/lab1-0.0.0-py3.10.egg-info/PKG-INFO
[1.947s] -- Installing: /home/kireiji/RoboticsDev_ws/install/lab1/lib/python3.10/site-packages/lab1-0.0.0-py3.10.egg-info/dependency_links.txt
[1.947s] -- Installing: /home/kireiji/RoboticsDev_ws/install/lab1/lib/python3.10/site-packages/lab1-0.0.0-py3.10.egg-info/top_level.txt
[1.947s] -- Installing: /home/kireiji/RoboticsDev_ws/install/lab1/lib/python3.10/site-packages/lab1-0.0.0-py3.10.egg-info/SOURCES.txt
[1.948s] -- Up-to-date: /home/kireiji/RoboticsDev_ws/install/lab1/lib/python3.10/site-packages/lab1
[1.948s] -- Up-to-date: /home/kireiji/RoboticsDev_ws/install/lab1/lib/python3.10/site-packages/lab1/__init__.py
[1.948s] -- Up-to-date: /home/kireiji/RoboticsDev_ws/install/lab1/lib/python3.10/site-packages/lab1/dummy_module.py
[2.042s] Listing '/home/kireiji/RoboticsDev_ws/install/lab1/lib/python3.10/site-packages/lab1'...
[2.049s] -- Up-to-date: /home/kireiji/RoboticsDev_ws/install/lab1/lib/lab1/dummy_script.py
[2.050s] -- Up-to-date: /home/kireiji/RoboticsDev_ws/install/lab1/lib/lab1/noise_generator.py
[2.050s] -- Up-to-date: /home/kireiji/RoboticsDev_ws/install/lab1/lib/lab1/velocity_mux.py
[2.050s] -- Up-to-date: /home/kireiji/RoboticsDev_ws/install/lab1/lib/lab1/cpp_node_test
[2.050s] -- Up-to-date: /home/kireiji/RoboticsDev_ws/install/lab1/share/lab1/launch
[2.050s] -- Up-to-date: /home/kireiji/RoboticsDev_ws/install/lab1/share/lab1/launch/simple-param.launch.py
[2.050s] -- Up-to-date: /home/kireiji/RoboticsDev_ws/install/lab1/share/lab1/launch/lab1execute-process.launch.py
[2.050s] -- Up-to-date: /home/kireiji/RoboticsDev_ws/install/lab1/share/lab1/launch/lab1.launch.py
[2.050s] -- Up-to-date: /home/kireiji/RoboticsDev_ws/install/lab1/share/lab1/launch/simple.launch.py
[2.050s] -- Up-to-date: /home/kireiji/RoboticsDev_ws/install/lab1/share/ament_index/resource_index/package_run_dependencies/lab1
[2.050s] -- Up-to-date: /home/kireiji/RoboticsDev_ws/install/lab1/share/ament_index/resource_index/parent_prefix_path/lab1
[2.050s] -- Up-to-date: /home/kireiji/RoboticsDev_ws/install/lab1/share/lab1/environment/ament_prefix_path.sh
[2.050s] -- Up-to-date: /home/kireiji/RoboticsDev_ws/install/lab1/share/lab1/environment/ament_prefix_path.dsv
[2.051s] -- Up-to-date: /home/kireiji/RoboticsDev_ws/install/lab1/share/lab1/environment/path.sh
[2.051s] -- Up-to-date: /home/kireiji/RoboticsDev_ws/install/lab1/share/lab1/environment/path.dsv
[2.051s] -- Up-to-date: /home/kireiji/RoboticsDev_ws/install/lab1/share/lab1/local_setup.bash
[2.051s] -- Up-to-date: /home/kireiji/RoboticsDev_ws/install/lab1/share/lab1/local_setup.sh
[2.051s] -- Up-to-date: /home/kireiji/RoboticsDev_ws/install/lab1/share/lab1/local_setup.zsh
[2.051s] -- Up-to-date: /home/kireiji/RoboticsDev_ws/install/lab1/share/lab1/local_setup.dsv
[2.051s] -- Installing: /home/kireiji/RoboticsDev_ws/install/lab1/share/lab1/package.dsv
[2.051s] -- Up-to-date: /home/kireiji/RoboticsDev_ws/install/lab1/share/ament_index/resource_index/packages/lab1
[2.051s] -- Up-to-date: /home/kireiji/RoboticsDev_ws/install/lab1/share/lab1/cmake/lab1Config.cmake
[2.051s] -- Up-to-date: /home/kireiji/RoboticsDev_ws/install/lab1/share/lab1/cmake/lab1Config-version.cmake
[2.051s] -- Up-to-date: /home/kireiji/RoboticsDev_ws/install/lab1/share/lab1/package.xml
[2.066s] Invoked command in '/home/kireiji/RoboticsDev_ws/build/lab1' returned '0': CMAKE_PREFIX_PATH=${CMAKE_PREFIX_PATH}:/home/kireiji/RoboticsDev_ws/install/launch_testing_examples:/home/kireiji/RoboticsDev_ws/install/examples_rclpy_pointcloud_publisher:/home/kireiji/RoboticsDev_ws/install/examples_rclpy_minimal_subscriber:/home/kireiji/RoboticsDev_ws/install/examples_rclpy_minimal_service:/home/kireiji/RoboticsDev_ws/install/examples_rclpy_minimal_publisher:/home/kireiji/RoboticsDev_ws/install/examples_rclpy_minimal_client:/home/kireiji/RoboticsDev_ws/install/examples_rclpy_minimal_action_server:/home/kireiji/RoboticsDev_ws/install/examples_rclpy_minimal_action_client:/home/kireiji/RoboticsDev_ws/install/examples_rclpy_guard_conditions:/home/kireiji/RoboticsDev_ws/install/examples_rclpy_executors:/home/kireiji/ros2_ws/install/my_py_pkg:/opt/ros/humble /usr/bin/cmake --install /home/kireiji/RoboticsDev_ws/build/lab1
