[5.447s] Invoking command in '/home/kireiji/RoboticsDev_ws/src/examples/rclpy/services/minimal_client': PYTHONPATH=/home/kireiji/RoboticsDev_ws/build/examples_rclpy_minimal_client/prefix_override:/usr/lib/python3/dist-packages/colcon_core/task/python/colcon_distutils_commands:/home/kireiji/RoboticsDev_ws/install/examples_rclpy_minimal_client/lib/python3.10/site-packages:${PYTHONPATH} /usr/bin/python3 -W ignore:setup.py install is deprecated setup.py egg_info --egg-base ../../../../../build/examples_rclpy_minimal_client build --build-base /home/kireiji/RoboticsDev_ws/build/examples_rclpy_minimal_client/build install --record /home/kireiji/RoboticsDev_ws/build/examples_rclpy_minimal_client/install.log --single-version-externally-managed install_data
[23.261s] running egg_info
[23.263s] creating ../../../../../build/examples_rclpy_minimal_client/examples_rclpy_minimal_client.egg-info
[23.264s] writing ../../../../../build/examples_rclpy_minimal_client/examples_rclpy_minimal_client.egg-info/PKG-INFO
[23.264s] writing dependency_links to ../../../../../build/examples_rclpy_minimal_client/examples_rclpy_minimal_client.egg-info/dependency_links.txt
[23.264s] writing entry points to ../../../../../build/examples_rclpy_minimal_client/examples_rclpy_minimal_client.egg-info/entry_points.txt
[23.268s] writing requirements to ../../../../../build/examples_rclpy_minimal_client/examples_rclpy_minimal_client.egg-info/requires.txt
[23.271s] writing top-level names to ../../../../../build/examples_rclpy_minimal_client/examples_rclpy_minimal_client.egg-info/top_level.txt
[23.281s] writing manifest file '../../../../../build/examples_rclpy_minimal_client/examples_rclpy_minimal_client.egg-info/SOURCES.txt'
[23.281s] reading manifest file '../../../../../build/examples_rclpy_minimal_client/examples_rclpy_minimal_client.egg-info/SOURCES.txt'
[23.281s] writing manifest file '../../../../../build/examples_rclpy_minimal_client/examples_rclpy_minimal_client.egg-info/SOURCES.txt'
[23.281s] running build
[23.281s] running build_py
[23.281s] creating /home/kireiji/RoboticsDev_ws/build/examples_rclpy_minimal_client/build
[23.281s] creating /home/kireiji/RoboticsDev_ws/build/examples_rclpy_minimal_client/build/lib
[23.281s] creating /home/kireiji/RoboticsDev_ws/build/examples_rclpy_minimal_client/build/lib/examples_rclpy_minimal_client
[23.281s] copying examples_rclpy_minimal_client/__init__.py -> /home/kireiji/RoboticsDev_ws/build/examples_rclpy_minimal_client/build/lib/examples_rclpy_minimal_client
[23.281s] copying examples_rclpy_minimal_client/client_async_member_function.py -> /home/kireiji/RoboticsDev_ws/build/examples_rclpy_minimal_client/build/lib/examples_rclpy_minimal_client
[23.282s] copying examples_rclpy_minimal_client/client_async_callback.py -> /home/kireiji/RoboticsDev_ws/build/examples_rclpy_minimal_client/build/lib/examples_rclpy_minimal_client
[23.282s] copying examples_rclpy_minimal_client/client.py -> /home/kireiji/RoboticsDev_ws/build/examples_rclpy_minimal_client/build/lib/examples_rclpy_minimal_client
[23.282s] copying examples_rclpy_minimal_client/client_async.py -> /home/kireiji/RoboticsDev_ws/build/examples_rclpy_minimal_client/build/lib/examples_rclpy_minimal_client
[23.282s] running install
[23.282s] running install_lib
[23.282s] creating /home/kireiji/RoboticsDev_ws/install/examples_rclpy_minimal_client/lib/python3.10/site-packages/examples_rclpy_minimal_client
[23.282s] copying /home/kireiji/RoboticsDev_ws/build/examples_rclpy_minimal_client/build/lib/examples_rclpy_minimal_client/__init__.py -> /home/kireiji/RoboticsDev_ws/install/examples_rclpy_minimal_client/lib/python3.10/site-packages/examples_rclpy_minimal_client
[23.282s] copying /home/kireiji/RoboticsDev_ws/build/examples_rclpy_minimal_client/build/lib/examples_rclpy_minimal_client/client_async_member_function.py -> /home/kireiji/RoboticsDev_ws/install/examples_rclpy_minimal_client/lib/python3.10/site-packages/examples_rclpy_minimal_client
[23.282s] copying /home/kireiji/RoboticsDev_ws/build/examples_rclpy_minimal_client/build/lib/examples_rclpy_minimal_client/client_async_callback.py -> /home/kireiji/RoboticsDev_ws/install/examples_rclpy_minimal_client/lib/python3.10/site-packages/examples_rclpy_minimal_client
[23.282s] copying /home/kireiji/RoboticsDev_ws/build/examples_rclpy_minimal_client/build/lib/examples_rclpy_minimal_client/client.py -> /home/kireiji/RoboticsDev_ws/install/examples_rclpy_minimal_client/lib/python3.10/site-packages/examples_rclpy_minimal_client
[23.282s] copying /home/kireiji/RoboticsDev_ws/build/examples_rclpy_minimal_client/build/lib/examples_rclpy_minimal_client/client_async.py -> /home/kireiji/RoboticsDev_ws/install/examples_rclpy_minimal_client/lib/python3.10/site-packages/examples_rclpy_minimal_client
[23.282s] byte-compiling /home/kireiji/RoboticsDev_ws/install/examples_rclpy_minimal_client/lib/python3.10/site-packages/examples_rclpy_minimal_client/__init__.py to __init__.cpython-310.pyc
[23.282s] byte-compiling /home/kireiji/RoboticsDev_ws/install/examples_rclpy_minimal_client/lib/python3.10/site-packages/examples_rclpy_minimal_client/client_async_member_function.py to client_async_member_function.cpython-310.pyc
[23.282s] byte-compiling /home/kireiji/RoboticsDev_ws/install/examples_rclpy_minimal_client/lib/python3.10/site-packages/examples_rclpy_minimal_client/client_async_callback.py to client_async_callback.cpython-310.pyc
[23.282s] byte-compiling /home/kireiji/RoboticsDev_ws/install/examples_rclpy_minimal_client/lib/python3.10/site-packages/examples_rclpy_minimal_client/client.py to client.cpython-310.pyc
[23.283s] byte-compiling /home/kireiji/RoboticsDev_ws/install/examples_rclpy_minimal_client/lib/python3.10/site-packages/examples_rclpy_minimal_client/client_async.py to client_async.cpython-310.pyc
[23.283s] running install_data
[23.283s] creating /home/kireiji/RoboticsDev_ws/install/examples_rclpy_minimal_client/share/ament_index
[23.283s] creating /home/kireiji/RoboticsDev_ws/install/examples_rclpy_minimal_client/share/ament_index/resource_index
[23.283s] creating /home/kireiji/RoboticsDev_ws/install/examples_rclpy_minimal_client/share/ament_index/resource_index/packages
[23.283s] copying resource/examples_rclpy_minimal_client -> /home/kireiji/RoboticsDev_ws/install/examples_rclpy_minimal_client/share/ament_index/resource_index/packages
[23.283s] copying package.xml -> /home/kireiji/RoboticsDev_ws/install/examples_rclpy_minimal_client/share/examples_rclpy_minimal_client
[23.283s] running install_egg_info
[23.283s] Copying ../../../../../build/examples_rclpy_minimal_client/examples_rclpy_minimal_client.egg-info to /home/kireiji/RoboticsDev_ws/install/examples_rclpy_minimal_client/lib/python3.10/site-packages/examples_rclpy_minimal_client-0.15.2-py3.10.egg-info
[23.283s] running install_scripts
[23.283s] Installing client script to /home/kireiji/RoboticsDev_ws/install/examples_rclpy_minimal_client/lib/examples_rclpy_minimal_client
[23.283s] Installing client_async script to /home/kireiji/RoboticsDev_ws/install/examples_rclpy_minimal_client/lib/examples_rclpy_minimal_client
[23.283s] Installing client_async_callback script to /home/kireiji/RoboticsDev_ws/install/examples_rclpy_minimal_client/lib/examples_rclpy_minimal_client
[23.283s] Installing client_async_member_function script to /home/kireiji/RoboticsDev_ws/install/examples_rclpy_minimal_client/lib/examples_rclpy_minimal_client
[23.283s] writing list of installed files to '/home/kireiji/RoboticsDev_ws/build/examples_rclpy_minimal_client/install.log'
[23.333s] Invoked command in '/home/kireiji/RoboticsDev_ws/src/examples/rclpy/services/minimal_client' returned '0': PYTHONPATH=/home/kireiji/RoboticsDev_ws/build/examples_rclpy_minimal_client/prefix_override:/usr/lib/python3/dist-packages/colcon_core/task/python/colcon_distutils_commands:/home/kireiji/RoboticsDev_ws/install/examples_rclpy_minimal_client/lib/python3.10/site-packages:${PYTHONPATH} /usr/bin/python3 -W ignore:setup.py install is deprecated setup.py egg_info --egg-base ../../../../../build/examples_rclpy_minimal_client build --build-base /home/kireiji/RoboticsDev_ws/build/examples_rclpy_minimal_client/build install --record /home/kireiji/RoboticsDev_ws/build/examples_rclpy_minimal_client/install.log --single-version-externally-managed install_data
