[0.010s] Invoking command in '/home/kireiji/RoboticsDev_ws/build/turtlesim_plus': CMAKE_PREFIX_PATH=${CMAKE_PREFIX_PATH}:/home/kireiji/RoboticsDev_ws/install/launch_testing_examples:/home/kireiji/RoboticsDev_ws/install/examples_rclpy_pointcloud_publisher:/home/kireiji/RoboticsDev_ws/install/examples_rclpy_minimal_subscriber:/home/kireiji/RoboticsDev_ws/install/examples_rclpy_minimal_service:/home/kireiji/RoboticsDev_ws/install/examples_rclpy_minimal_publisher:/home/kireiji/RoboticsDev_ws/install/examples_rclpy_minimal_client:/home/kireiji/RoboticsDev_ws/install/examples_rclpy_minimal_action_server:/home/kireiji/RoboticsDev_ws/install/examples_rclpy_minimal_action_client:/home/kireiji/RoboticsDev_ws/install/examples_rclpy_guard_conditions:/home/kireiji/RoboticsDev_ws/install/examples_rclpy_executors:/home/kireiji/ros2_ws/install/my_py_pkg:/opt/ros/humble /usr/bin/cmake /home/kireiji/RoboticsDev_ws/src/turtlesim_plus/turtlesim_plus -DCMAKE_INSTALL_PREFIX=/home/kireiji/RoboticsDev_ws/install/turtlesim_plus
[0.046s] -- The C compiler identification is GNU 11.4.0
[0.080s] -- The CXX compiler identification is GNU 11.4.0
[0.085s] -- Detecting C compiler ABI info
[0.127s] -- Detecting C compiler ABI info - done
[0.132s] -- Check for working C compiler: /usr/bin/cc - skipped
[0.132s] -- Detecting C compile features
[0.132s] -- Detecting C compile features - done
[0.134s] -- Detecting CXX compiler ABI info
[0.184s] -- Detecting CXX compiler ABI info - done
[0.189s] -- Check for working CXX compiler: /usr/bin/c++ - skipped
[0.189s] -- Detecting CXX compile features
[0.189s] -- Detecting CXX compile features - done
[0.191s] -- Found ament_cmake: 1.3.10 (/opt/ros/humble/share/ament_cmake/cmake)
[0.535s] -- Found Python3: /usr/local/bin/python3 (found version "3.10.0") found components: Interpreter 
[0.608s] -- Found rclcpp: 16.0.10 (/opt/ros/humble/share/rclcpp/cmake)
[0.639s] -- Found rosidl_generator_c: 3.1.5 (/opt/ros/humble/share/rosidl_generator_c/cmake)
[0.643s] -- Found rosidl_adapter: 3.1.5 (/opt/ros/humble/share/rosidl_adapter/cmake)
[0.649s] -- Found rosidl_generator_cpp: 3.1.5 (/opt/ros/humble/share/rosidl_generator_cpp/cmake)
[0.657s] -- Using all available rosidl_typesupport_c: rosidl_typesupport_fastrtps_c;rosidl_typesupport_introspection_c
[0.669s] -- Using all available rosidl_typesupport_cpp: rosidl_typesupport_fastrtps_cpp;rosidl_typesupport_introspection_cpp
[0.701s] -- Found rmw_implementation_cmake: 6.1.2 (/opt/ros/humble/share/rmw_implementation_cmake/cmake)
[0.704s] -- Found rmw_fastrtps_cpp: 6.2.7 (/opt/ros/humble/share/rmw_fastrtps_cpp/cmake)
[0.759s] -- Found OpenSSL: /usr/lib/x86_64-linux-gnu/libcrypto.so (found version "3.0.2")  
[0.776s] -- Found FastRTPS: /opt/ros/humble/include  
[0.802s] -- Using RMW implementation 'rmw_fastrtps_cpp' as default
[0.809s] -- Looking for pthread.h
[0.853s] -- Looking for pthread.h - found
[0.854s] -- Performing Test CMAKE_HAVE_LIBC_PTHREAD
[0.900s] -- Performing Test CMAKE_HAVE_LIBC_PTHREAD - Success
[0.901s] -- Found Threads: TRUE  
[0.936s] -- Found rclpy: 3.3.14 (/opt/ros/humble/share/rclpy/cmake)
[1.079s] -- Configuring done
[1.081s] -- Generating done
[1.082s] -- Build files have been written to: /home/kireiji/RoboticsDev_ws/build/turtlesim_plus
[1.090s] Invoked command in '/home/kireiji/RoboticsDev_ws/build/turtlesim_plus' returned '0': CMAKE_PREFIX_PATH=${CMAKE_PREFIX_PATH}:/home/kireiji/RoboticsDev_ws/install/launch_testing_examples:/home/kireiji/RoboticsDev_ws/install/examples_rclpy_pointcloud_publisher:/home/kireiji/RoboticsDev_ws/install/examples_rclpy_minimal_subscriber:/home/kireiji/RoboticsDev_ws/install/examples_rclpy_minimal_service:/home/kireiji/RoboticsDev_ws/install/examples_rclpy_minimal_publisher:/home/kireiji/RoboticsDev_ws/install/examples_rclpy_minimal_client:/home/kireiji/RoboticsDev_ws/install/examples_rclpy_minimal_action_server:/home/kireiji/RoboticsDev_ws/install/examples_rclpy_minimal_action_client:/home/kireiji/RoboticsDev_ws/install/examples_rclpy_guard_conditions:/home/kireiji/RoboticsDev_ws/install/examples_rclpy_executors:/home/kireiji/ros2_ws/install/my_py_pkg:/opt/ros/humble /usr/bin/cmake /home/kireiji/RoboticsDev_ws/src/turtlesim_plus/turtlesim_plus -DCMAKE_INSTALL_PREFIX=/home/kireiji/RoboticsDev_ws/install/turtlesim_plus
[1.091s] Invoking command in '/home/kireiji/RoboticsDev_ws/build/turtlesim_plus': CMAKE_PREFIX_PATH=${CMAKE_PREFIX_PATH}:/home/kireiji/RoboticsDev_ws/install/launch_testing_examples:/home/kireiji/RoboticsDev_ws/install/examples_rclpy_pointcloud_publisher:/home/kireiji/RoboticsDev_ws/install/examples_rclpy_minimal_subscriber:/home/kireiji/RoboticsDev_ws/install/examples_rclpy_minimal_service:/home/kireiji/RoboticsDev_ws/install/examples_rclpy_minimal_publisher:/home/kireiji/RoboticsDev_ws/install/examples_rclpy_minimal_client:/home/kireiji/RoboticsDev_ws/install/examples_rclpy_minimal_action_server:/home/kireiji/RoboticsDev_ws/install/examples_rclpy_minimal_action_client:/home/kireiji/RoboticsDev_ws/install/examples_rclpy_guard_conditions:/home/kireiji/RoboticsDev_ws/install/examples_rclpy_executors:/home/kireiji/ros2_ws/install/my_py_pkg:/opt/ros/humble /usr/bin/cmake --build /home/kireiji/RoboticsDev_ws/build/turtlesim_plus -- -j16 -l16
[1.124s] Built target ament_cmake_python_copy_turtlesim_plus
[1.275s] running egg_info
[1.275s] creating turtlesim_plus.egg-info
[1.276s] writing manifest file 'turtlesim_plus.egg-info/SOURCES.txt'
[1.277s] writing manifest file 'turtlesim_plus.egg-info/SOURCES.txt'
[1.294s] Built target ament_cmake_python_build_turtlesim_plus_egg
[1.301s] Invoked command in '/home/kireiji/RoboticsDev_ws/build/turtlesim_plus' returned '0': CMAKE_PREFIX_PATH=${CMAKE_PREFIX_PATH}:/home/kireiji/RoboticsDev_ws/install/launch_testing_examples:/home/kireiji/RoboticsDev_ws/install/examples_rclpy_pointcloud_publisher:/home/kireiji/RoboticsDev_ws/install/examples_rclpy_minimal_subscriber:/home/kireiji/RoboticsDev_ws/install/examples_rclpy_minimal_service:/home/kireiji/RoboticsDev_ws/install/examples_rclpy_minimal_publisher:/home/kireiji/RoboticsDev_ws/install/examples_rclpy_minimal_client:/home/kireiji/RoboticsDev_ws/install/examples_rclpy_minimal_action_server:/home/kireiji/RoboticsDev_ws/install/examples_rclpy_minimal_action_client:/home/kireiji/RoboticsDev_ws/install/examples_rclpy_guard_conditions:/home/kireiji/RoboticsDev_ws/install/examples_rclpy_executors:/home/kireiji/ros2_ws/install/my_py_pkg:/opt/ros/humble /usr/bin/cmake --build /home/kireiji/RoboticsDev_ws/build/turtlesim_plus -- -j16 -l16
[1.321s] Invoking command in '/home/kireiji/RoboticsDev_ws/build/turtlesim_plus': CMAKE_PREFIX_PATH=${CMAKE_PREFIX_PATH}:/home/kireiji/RoboticsDev_ws/install/launch_testing_examples:/home/kireiji/RoboticsDev_ws/install/examples_rclpy_pointcloud_publisher:/home/kireiji/RoboticsDev_ws/install/examples_rclpy_minimal_subscriber:/home/kireiji/RoboticsDev_ws/install/examples_rclpy_minimal_service:/home/kireiji/RoboticsDev_ws/install/examples_rclpy_minimal_publisher:/home/kireiji/RoboticsDev_ws/install/examples_rclpy_minimal_client:/home/kireiji/RoboticsDev_ws/install/examples_rclpy_minimal_action_server:/home/kireiji/RoboticsDev_ws/install/examples_rclpy_minimal_action_client:/home/kireiji/RoboticsDev_ws/install/examples_rclpy_guard_conditions:/home/kireiji/RoboticsDev_ws/install/examples_rclpy_executors:/home/kireiji/ros2_ws/install/my_py_pkg:/opt/ros/humble /usr/bin/cmake --install /home/kireiji/RoboticsDev_ws/build/turtlesim_plus
[1.326s] -- Install configuration: ""
[1.326s] -- Installing: /home/kireiji/RoboticsDev_ws/install/turtlesim_plus/share/turtlesim_plus/environment/pythonpath.sh
[1.326s] -- Installing: /home/kireiji/RoboticsDev_ws/install/turtlesim_plus/share/turtlesim_plus/environment/pythonpath.dsv
[1.326s] -- Installing: /home/kireiji/RoboticsDev_ws/install/turtlesim_plus/lib/python3.10/site-packages/turtlesim_plus-1.0.0-py3.10.egg-info
[1.326s] -- Installing: /home/kireiji/RoboticsDev_ws/install/turtlesim_plus/lib/python3.10/site-packages/turtlesim_plus-1.0.0-py3.10.egg-info/PKG-INFO
[1.326s] -- Installing: /home/kireiji/RoboticsDev_ws/install/turtlesim_plus/lib/python3.10/site-packages/turtlesim_plus-1.0.0-py3.10.egg-info/dependency_links.txt
[1.326s] -- Installing: /home/kireiji/RoboticsDev_ws/install/turtlesim_plus/lib/python3.10/site-packages/turtlesim_plus-1.0.0-py3.10.egg-info/top_level.txt
[1.326s] -- Installing: /home/kireiji/RoboticsDev_ws/install/turtlesim_plus/lib/python3.10/site-packages/turtlesim_plus-1.0.0-py3.10.egg-info/SOURCES.txt
[1.326s] -- Installing: /home/kireiji/RoboticsDev_ws/install/turtlesim_plus/lib/python3.10/site-packages/turtlesim_plus
[1.326s] -- Installing: /home/kireiji/RoboticsDev_ws/install/turtlesim_plus/lib/python3.10/site-packages/turtlesim_plus/__init__.py
[1.326s] -- Installing: /home/kireiji/RoboticsDev_ws/install/turtlesim_plus/lib/python3.10/site-packages/turtlesim_plus/ros2_plugins.py
[1.326s] -- Installing: /home/kireiji/RoboticsDev_ws/install/turtlesim_plus/lib/python3.10/site-packages/turtlesim_plus/entity.py
[1.326s] -- Installing: /home/kireiji/RoboticsDev_ws/install/turtlesim_plus/lib/python3.10/site-packages/turtlesim_plus/image
[1.326s] -- Installing: /home/kireiji/RoboticsDev_ws/install/turtlesim_plus/lib/python3.10/site-packages/turtlesim_plus/image/turtle
[1.326s] -- Installing: /home/kireiji/RoboticsDev_ws/install/turtlesim_plus/lib/python3.10/site-packages/turtlesim_plus/image/turtle/bouncy.png
[1.326s] -- Installing: /home/kireiji/RoboticsDev_ws/install/turtlesim_plus/lib/python3.10/site-packages/turtlesim_plus/image/turtle/foxy.png
[1.327s] -- Installing: /home/kireiji/RoboticsDev_ws/install/turtlesim_plus/lib/python3.10/site-packages/turtlesim_plus/image/turtle/crystal.png
[1.327s] -- Installing: /home/kireiji/RoboticsDev_ws/install/turtlesim_plus/lib/python3.10/site-packages/turtlesim_plus/image/turtle/galactic.png
[1.327s] -- Installing: /home/kireiji/RoboticsDev_ws/install/turtlesim_plus/lib/python3.10/site-packages/turtlesim_plus/image/turtle/otto.png
[1.327s] -- Installing: /home/kireiji/RoboticsDev_ws/install/turtlesim_plus/lib/python3.10/site-packages/turtlesim_plus/image/turtle/eloquent.png
[1.327s] -- Installing: /home/kireiji/RoboticsDev_ws/install/turtlesim_plus/lib/python3.10/site-packages/turtlesim_plus/image/turtle/dashing.png
[1.327s] -- Installing: /home/kireiji/RoboticsDev_ws/install/turtlesim_plus/lib/python3.10/site-packages/turtlesim_plus/image/turtle/humble.png
[1.327s] -- Installing: /home/kireiji/RoboticsDev_ws/install/turtlesim_plus/lib/python3.10/site-packages/turtlesim_plus/image/turtle/rolling.png
[1.327s] -- Installing: /home/kireiji/RoboticsDev_ws/install/turtlesim_plus/lib/python3.10/site-packages/turtlesim_plus/image/turtle/ardent.png
[1.327s] -- Installing: /home/kireiji/RoboticsDev_ws/install/turtlesim_plus/lib/python3.10/site-packages/turtlesim_plus/image/object
[1.327s] -- Installing: /home/kireiji/RoboticsDev_ws/install/turtlesim_plus/lib/python3.10/site-packages/turtlesim_plus/image/object/pizza.png
[1.327s] -- Installing: /home/kireiji/RoboticsDev_ws/install/turtlesim_plus/lib/python3.10/site-packages/turtlesim_plus/image/object/parcel.png
[1.327s] -- Installing: /home/kireiji/RoboticsDev_ws/install/turtlesim_plus/lib/python3.10/site-packages/turtlesim_plus/image/map
[1.327s] -- Installing: /home/kireiji/RoboticsDev_ws/install/turtlesim_plus/lib/python3.10/site-packages/turtlesim_plus/image/map/map.png
[1.359s] Listing '/home/kireiji/RoboticsDev_ws/install/turtlesim_plus/lib/python3.10/site-packages/turtlesim_plus'...
[1.359s] Compiling '/home/kireiji/RoboticsDev_ws/install/turtlesim_plus/lib/python3.10/site-packages/turtlesim_plus/__init__.py'...
[1.359s] Compiling '/home/kireiji/RoboticsDev_ws/install/turtlesim_plus/lib/python3.10/site-packages/turtlesim_plus/entity.py'...
[1.359s] Listing '/home/kireiji/RoboticsDev_ws/install/turtlesim_plus/lib/python3.10/site-packages/turtlesim_plus/image'...
[1.359s] Listing '/home/kireiji/RoboticsDev_ws/install/turtlesim_plus/lib/python3.10/site-packages/turtlesim_plus/image/map'...
[1.360s] Listing '/home/kireiji/RoboticsDev_ws/install/turtlesim_plus/lib/python3.10/site-packages/turtlesim_plus/image/object'...
[1.360s] Listing '/home/kireiji/RoboticsDev_ws/install/turtlesim_plus/lib/python3.10/site-packages/turtlesim_plus/image/turtle'...
[1.360s] Compiling '/home/kireiji/RoboticsDev_ws/install/turtlesim_plus/lib/python3.10/site-packages/turtlesim_plus/ros2_plugins.py'...
[1.362s] -- Installing: /home/kireiji/RoboticsDev_ws/install/turtlesim_plus/lib/turtlesim_plus/turtlesim_plus_node.py
[1.363s] -- Installing: /home/kireiji/RoboticsDev_ws/install/turtlesim_plus/lib/turtlesim_plus/pizza_on_click.py
[1.363s] -- Up-to-date: /home/kireiji/RoboticsDev_ws/install/turtlesim_plus/share/turtlesim_plus
[1.363s] -- Installing: /home/kireiji/RoboticsDev_ws/install/turtlesim_plus/share/ament_index/resource_index/package_run_dependencies/turtlesim_plus
[1.363s] -- Installing: /home/kireiji/RoboticsDev_ws/install/turtlesim_plus/share/ament_index/resource_index/parent_prefix_path/turtlesim_plus
[1.363s] -- Installing: /home/kireiji/RoboticsDev_ws/install/turtlesim_plus/share/turtlesim_plus/environment/ament_prefix_path.sh
[1.363s] -- Installing: /home/kireiji/RoboticsDev_ws/install/turtlesim_plus/share/turtlesim_plus/environment/ament_prefix_path.dsv
[1.363s] -- Installing: /home/kireiji/RoboticsDev_ws/install/turtlesim_plus/share/turtlesim_plus/environment/path.sh
[1.363s] -- Installing: /home/kireiji/RoboticsDev_ws/install/turtlesim_plus/share/turtlesim_plus/environment/path.dsv
[1.363s] -- Installing: /home/kireiji/RoboticsDev_ws/install/turtlesim_plus/share/turtlesim_plus/local_setup.bash
[1.363s] -- Installing: /home/kireiji/RoboticsDev_ws/install/turtlesim_plus/share/turtlesim_plus/local_setup.sh
[1.363s] -- Installing: /home/kireiji/RoboticsDev_ws/install/turtlesim_plus/share/turtlesim_plus/local_setup.zsh
[1.363s] -- Installing: /home/kireiji/RoboticsDev_ws/install/turtlesim_plus/share/turtlesim_plus/local_setup.dsv
[1.363s] -- Installing: /home/kireiji/RoboticsDev_ws/install/turtlesim_plus/share/turtlesim_plus/package.dsv
[1.363s] -- Installing: /home/kireiji/RoboticsDev_ws/install/turtlesim_plus/share/ament_index/resource_index/packages/turtlesim_plus
[1.363s] -- Installing: /home/kireiji/RoboticsDev_ws/install/turtlesim_plus/share/turtlesim_plus/cmake/turtlesim_plusConfig.cmake
[1.363s] -- Installing: /home/kireiji/RoboticsDev_ws/install/turtlesim_plus/share/turtlesim_plus/cmake/turtlesim_plusConfig-version.cmake
[1.363s] -- Installing: /home/kireiji/RoboticsDev_ws/install/turtlesim_plus/share/turtlesim_plus/package.xml
[1.365s] Invoked command in '/home/kireiji/RoboticsDev_ws/build/turtlesim_plus' returned '0': CMAKE_PREFIX_PATH=${CMAKE_PREFIX_PATH}:/home/kireiji/RoboticsDev_ws/install/launch_testing_examples:/home/kireiji/RoboticsDev_ws/install/examples_rclpy_pointcloud_publisher:/home/kireiji/RoboticsDev_ws/install/examples_rclpy_minimal_subscriber:/home/kireiji/RoboticsDev_ws/install/examples_rclpy_minimal_service:/home/kireiji/RoboticsDev_ws/install/examples_rclpy_minimal_publisher:/home/kireiji/RoboticsDev_ws/install/examples_rclpy_minimal_client:/home/kireiji/RoboticsDev_ws/install/examples_rclpy_minimal_action_server:/home/kireiji/RoboticsDev_ws/install/examples_rclpy_minimal_action_client:/home/kireiji/RoboticsDev_ws/install/examples_rclpy_guard_conditions:/home/kireiji/RoboticsDev_ws/install/examples_rclpy_executors:/home/kireiji/ros2_ws/install/my_py_pkg:/opt/ros/humble /usr/bin/cmake --install /home/kireiji/RoboticsDev_ws/build/turtlesim_plus
