[6.028s] Invoking command in '/home/kireiji/RoboticsDev_ws/src/examples/rclpy/topics/minimal_publisher': PYTHONPATH=/home/kireiji/RoboticsDev_ws/build/examples_rclpy_minimal_publisher/prefix_override:/usr/lib/python3/dist-packages/colcon_core/task/python/colcon_distutils_commands:/home/kireiji/RoboticsDev_ws/install/examples_rclpy_minimal_publisher/lib/python3.10/site-packages:${PYTHONPATH} /usr/bin/python3 -W ignore:setup.py install is deprecated setup.py egg_info --egg-base ../../../../../build/examples_rclpy_minimal_publisher build --build-base /home/kireiji/RoboticsDev_ws/build/examples_rclpy_minimal_publisher/build install --record /home/kireiji/RoboticsDev_ws/build/examples_rclpy_minimal_publisher/install.log --single-version-externally-managed install_data
[6.699s] running egg_info
[6.701s] creating ../../../../../build/examples_rclpy_minimal_publisher/examples_rclpy_minimal_publisher.egg-info
[6.701s] writing ../../../../../build/examples_rclpy_minimal_publisher/examples_rclpy_minimal_publisher.egg-info/PKG-INFO
[6.702s] writing dependency_links to ../../../../../build/examples_rclpy_minimal_publisher/examples_rclpy_minimal_publisher.egg-info/dependency_links.txt
[6.702s] writing entry points to ../../../../../build/examples_rclpy_minimal_publisher/examples_rclpy_minimal_publisher.egg-info/entry_points.txt
[6.702s] writing requirements to ../../../../../build/examples_rclpy_minimal_publisher/examples_rclpy_minimal_publisher.egg-info/requires.txt
[6.702s] writing top-level names to ../../../../../build/examples_rclpy_minimal_publisher/examples_rclpy_minimal_publisher.egg-info/top_level.txt
[6.702s] writing manifest file '../../../../../build/examples_rclpy_minimal_publisher/examples_rclpy_minimal_publisher.egg-info/SOURCES.txt'
[6.706s] reading manifest file '../../../../../build/examples_rclpy_minimal_publisher/examples_rclpy_minimal_publisher.egg-info/SOURCES.txt'
[6.708s] writing manifest file '../../../../../build/examples_rclpy_minimal_publisher/examples_rclpy_minimal_publisher.egg-info/SOURCES.txt'
[6.708s] running build
[6.708s] running build_py
[6.708s] creating /home/kireiji/RoboticsDev_ws/build/examples_rclpy_minimal_publisher/build
[6.709s] creating /home/kireiji/RoboticsDev_ws/build/examples_rclpy_minimal_publisher/build/lib
[6.709s] creating /home/kireiji/RoboticsDev_ws/build/examples_rclpy_minimal_publisher/build/lib/examples_rclpy_minimal_publisher
[6.709s] copying examples_rclpy_minimal_publisher/publisher_local_function.py -> /home/kireiji/RoboticsDev_ws/build/examples_rclpy_minimal_publisher/build/lib/examples_rclpy_minimal_publisher
[6.709s] copying examples_rclpy_minimal_publisher/__init__.py -> /home/kireiji/RoboticsDev_ws/build/examples_rclpy_minimal_publisher/build/lib/examples_rclpy_minimal_publisher
[6.709s] copying examples_rclpy_minimal_publisher/publisher_member_function.py -> /home/kireiji/RoboticsDev_ws/build/examples_rclpy_minimal_publisher/build/lib/examples_rclpy_minimal_publisher
[6.709s] copying examples_rclpy_minimal_publisher/publisher_old_school.py -> /home/kireiji/RoboticsDev_ws/build/examples_rclpy_minimal_publisher/build/lib/examples_rclpy_minimal_publisher
[6.709s] running install
[6.710s] running install_lib
[6.712s] creating /home/kireiji/RoboticsDev_ws/install/examples_rclpy_minimal_publisher/lib/python3.10/site-packages/examples_rclpy_minimal_publisher
[6.712s] copying /home/kireiji/RoboticsDev_ws/build/examples_rclpy_minimal_publisher/build/lib/examples_rclpy_minimal_publisher/publisher_local_function.py -> /home/kireiji/RoboticsDev_ws/install/examples_rclpy_minimal_publisher/lib/python3.10/site-packages/examples_rclpy_minimal_publisher
[6.713s] copying /home/kireiji/RoboticsDev_ws/build/examples_rclpy_minimal_publisher/build/lib/examples_rclpy_minimal_publisher/__init__.py -> /home/kireiji/RoboticsDev_ws/install/examples_rclpy_minimal_publisher/lib/python3.10/site-packages/examples_rclpy_minimal_publisher
[6.713s] copying /home/kireiji/RoboticsDev_ws/build/examples_rclpy_minimal_publisher/build/lib/examples_rclpy_minimal_publisher/publisher_member_function.py -> /home/kireiji/RoboticsDev_ws/install/examples_rclpy_minimal_publisher/lib/python3.10/site-packages/examples_rclpy_minimal_publisher
[6.713s] copying /home/kireiji/RoboticsDev_ws/build/examples_rclpy_minimal_publisher/build/lib/examples_rclpy_minimal_publisher/publisher_old_school.py -> /home/kireiji/RoboticsDev_ws/install/examples_rclpy_minimal_publisher/lib/python3.10/site-packages/examples_rclpy_minimal_publisher
[6.714s] byte-compiling /home/kireiji/RoboticsDev_ws/install/examples_rclpy_minimal_publisher/lib/python3.10/site-packages/examples_rclpy_minimal_publisher/publisher_local_function.py to publisher_local_function.cpython-310.pyc
[6.715s] byte-compiling /home/kireiji/RoboticsDev_ws/install/examples_rclpy_minimal_publisher/lib/python3.10/site-packages/examples_rclpy_minimal_publisher/__init__.py to __init__.cpython-310.pyc
[6.715s] byte-compiling /home/kireiji/RoboticsDev_ws/install/examples_rclpy_minimal_publisher/lib/python3.10/site-packages/examples_rclpy_minimal_publisher/publisher_member_function.py to publisher_member_function.cpython-310.pyc
[6.716s] byte-compiling /home/kireiji/RoboticsDev_ws/install/examples_rclpy_minimal_publisher/lib/python3.10/site-packages/examples_rclpy_minimal_publisher/publisher_old_school.py to publisher_old_school.cpython-310.pyc
[6.716s] running install_data
[6.718s] creating /home/kireiji/RoboticsDev_ws/install/examples_rclpy_minimal_publisher/share/ament_index
[6.718s] creating /home/kireiji/RoboticsDev_ws/install/examples_rclpy_minimal_publisher/share/ament_index/resource_index
[6.718s] creating /home/kireiji/RoboticsDev_ws/install/examples_rclpy_minimal_publisher/share/ament_index/resource_index/packages
[6.718s] copying resource/examples_rclpy_minimal_publisher -> /home/kireiji/RoboticsDev_ws/install/examples_rclpy_minimal_publisher/share/ament_index/resource_index/packages
[6.718s] copying package.xml -> /home/kireiji/RoboticsDev_ws/install/examples_rclpy_minimal_publisher/share/examples_rclpy_minimal_publisher
[6.718s] running install_egg_info
[6.721s] Copying ../../../../../build/examples_rclpy_minimal_publisher/examples_rclpy_minimal_publisher.egg-info to /home/kireiji/RoboticsDev_ws/install/examples_rclpy_minimal_publisher/lib/python3.10/site-packages/examples_rclpy_minimal_publisher-0.15.2-py3.10.egg-info
[6.722s] running install_scripts
[6.770s] Installing publisher_local_function script to /home/kireiji/RoboticsDev_ws/install/examples_rclpy_minimal_publisher/lib/examples_rclpy_minimal_publisher
[6.770s] Installing publisher_member_function script to /home/kireiji/RoboticsDev_ws/install/examples_rclpy_minimal_publisher/lib/examples_rclpy_minimal_publisher
[6.770s] Installing publisher_old_school script to /home/kireiji/RoboticsDev_ws/install/examples_rclpy_minimal_publisher/lib/examples_rclpy_minimal_publisher
[6.772s] writing list of installed files to '/home/kireiji/RoboticsDev_ws/build/examples_rclpy_minimal_publisher/install.log'
[7.454s] Invoked command in '/home/kireiji/RoboticsDev_ws/src/examples/rclpy/topics/minimal_publisher' returned '0': PYTHONPATH=/home/kireiji/RoboticsDev_ws/build/examples_rclpy_minimal_publisher/prefix_override:/usr/lib/python3/dist-packages/colcon_core/task/python/colcon_distutils_commands:/home/kireiji/RoboticsDev_ws/install/examples_rclpy_minimal_publisher/lib/python3.10/site-packages:${PYTHONPATH} /usr/bin/python3 -W ignore:setup.py install is deprecated setup.py egg_info --egg-base ../../../../../build/examples_rclpy_minimal_publisher build --build-base /home/kireiji/RoboticsDev_ws/build/examples_rclpy_minimal_publisher/build install --record /home/kireiji/RoboticsDev_ws/build/examples_rclpy_minimal_publisher/install.log --single-version-externally-managed install_data
