[0.044s] Invoking command in '/home/kireiji/RoboticsDev_ws/build/examples_rclcpp_cbg_executor': CMAKE_PREFIX_PATH=${CMAKE_PREFIX_PATH}:/home/kireiji/RoboticsDev_ws/install/launch_testing_examples:/home/kireiji/RoboticsDev_ws/install/examples_rclpy_pointcloud_publisher:/home/kireiji/RoboticsDev_ws/install/examples_rclpy_minimal_subscriber:/home/kireiji/RoboticsDev_ws/install/examples_rclpy_minimal_service:/home/kireiji/RoboticsDev_ws/install/examples_rclpy_minimal_publisher:/home/kireiji/RoboticsDev_ws/install/examples_rclpy_minimal_client:/home/kireiji/RoboticsDev_ws/install/examples_rclpy_minimal_action_server:/home/kireiji/RoboticsDev_ws/install/examples_rclpy_minimal_action_client:/home/kireiji/RoboticsDev_ws/install/examples_rclpy_guard_conditions:/home/kireiji/RoboticsDev_ws/install/examples_rclpy_executors:/home/kireiji/ros2_ws/install/my_py_pkg:/opt/ros/humble /usr/bin/cmake /home/kireiji/RoboticsDev_ws/src/examples/rclcpp/executors/cbg_executor -DCMAKE_INSTALL_PREFIX=/home/kireiji/RoboticsDev_ws/install/examples_rclcpp_cbg_executor
[1.239s] -- The C compiler identification is GNU 11.4.0
[1.240s] -- The CXX compiler identification is GNU 11.4.0
[1.240s] -- Detecting C compiler ABI info
[1.240s] -- Detecting C compiler ABI info - done
[1.240s] -- Check for working C compiler: /usr/bin/cc - skipped
[1.240s] -- Detecting C compile features
[1.240s] -- Detecting C compile features - done
[1.240s] -- Detecting CXX compiler ABI info
[1.240s] -- Detecting CXX compiler ABI info - done
[1.240s] -- Check for working CXX compiler: /usr/bin/c++ - skipped
[1.241s] -- Detecting CXX compile features
[1.241s] -- Detecting CXX compile features - done
[1.241s] -- Found ament_cmake: 1.3.10 (/opt/ros/humble/share/ament_cmake/cmake)
[1.241s] -- Found Python3: /usr/local/bin/python3 (found version "3.10.0") found components: Interpreter 
[1.241s] -- Found rclcpp: 16.0.10 (/opt/ros/humble/share/rclcpp/cmake)
[1.241s] -- Found rosidl_generator_c: 3.1.5 (/opt/ros/humble/share/rosidl_generator_c/cmake)
[1.241s] -- Found rosidl_adapter: 3.1.5 (/opt/ros/humble/share/rosidl_adapter/cmake)
[1.241s] -- Found rosidl_generator_cpp: 3.1.5 (/opt/ros/humble/share/rosidl_generator_cpp/cmake)
[1.241s] -- Using all available rosidl_typesupport_c: rosidl_typesupport_fastrtps_c;rosidl_typesupport_introspection_c
[1.241s] -- Using all available rosidl_typesupport_cpp: rosidl_typesupport_fastrtps_cpp;rosidl_typesupport_introspection_cpp
[1.242s] -- Found rmw_implementation_cmake: 6.1.2 (/opt/ros/humble/share/rmw_implementation_cmake/cmake)
[1.242s] -- Found rmw_fastrtps_cpp: 6.2.7 (/opt/ros/humble/share/rmw_fastrtps_cpp/cmake)
[1.306s] -- Found OpenSSL: /usr/lib/x86_64-linux-gnu/libcrypto.so (found version "3.0.2")  
[1.337s] -- Found FastRTPS: /opt/ros/humble/include  
[1.383s] -- Using RMW implementation 'rmw_fastrtps_cpp' as default
[1.395s] -- Looking for pthread.h
[1.478s] -- Looking for pthread.h - found
[1.478s] -- Performing Test CMAKE_HAVE_LIBC_PTHREAD
[1.571s] -- Performing Test CMAKE_HAVE_LIBC_PTHREAD - Success
[1.572s] -- Found Threads: TRUE  
[1.651s] -- Found ament_lint_auto: 0.12.11 (/opt/ros/humble/share/ament_lint_auto/cmake)
[1.855s] -- Added test 'copyright' to check source files copyright and LICENSE
[1.857s] -- Added test 'cppcheck' to perform static code analysis on C / C++ code
[1.859s] -- Configured cppcheck include dirs: /home/kireiji/RoboticsDev_ws/src/examples/rclcpp/executors/cbg_executor/include
[1.859s] -- Configured cppcheck exclude dirs and/or files: 
[1.862s] -- Added test 'cpplint' to check C / C++ code against the Google style
[1.862s] -- Configured cpplint exclude dirs and/or files: 
[1.862s] -- Added test 'lint_cmake' to check CMake code style
[1.862s] -- Added test 'uncrustify' to check C / C++ code style
[1.862s] -- Configured uncrustify additional arguments: 
[1.863s] -- Added test 'xmllint' to check XML markup files
[1.866s] -- Configuring done
[1.886s] -- Generating done
[1.890s] -- Build files have been written to: /home/kireiji/RoboticsDev_ws/build/examples_rclcpp_cbg_executor
[1.919s] Invoked command in '/home/kireiji/RoboticsDev_ws/build/examples_rclcpp_cbg_executor' returned '0': CMAKE_PREFIX_PATH=${CMAKE_PREFIX_PATH}:/home/kireiji/RoboticsDev_ws/install/launch_testing_examples:/home/kireiji/RoboticsDev_ws/install/examples_rclpy_pointcloud_publisher:/home/kireiji/RoboticsDev_ws/install/examples_rclpy_minimal_subscriber:/home/kireiji/RoboticsDev_ws/install/examples_rclpy_minimal_service:/home/kireiji/RoboticsDev_ws/install/examples_rclpy_minimal_publisher:/home/kireiji/RoboticsDev_ws/install/examples_rclpy_minimal_client:/home/kireiji/RoboticsDev_ws/install/examples_rclpy_minimal_action_server:/home/kireiji/RoboticsDev_ws/install/examples_rclpy_minimal_action_client:/home/kireiji/RoboticsDev_ws/install/examples_rclpy_guard_conditions:/home/kireiji/RoboticsDev_ws/install/examples_rclpy_executors:/home/kireiji/ros2_ws/install/my_py_pkg:/opt/ros/humble /usr/bin/cmake /home/kireiji/RoboticsDev_ws/src/examples/rclcpp/executors/cbg_executor -DCMAKE_INSTALL_PREFIX=/home/kireiji/RoboticsDev_ws/install/examples_rclcpp_cbg_executor
[1.920s] Invoking command in '/home/kireiji/RoboticsDev_ws/build/examples_rclcpp_cbg_executor': CMAKE_PREFIX_PATH=${CMAKE_PREFIX_PATH}:/home/kireiji/RoboticsDev_ws/install/launch_testing_examples:/home/kireiji/RoboticsDev_ws/install/examples_rclpy_pointcloud_publisher:/home/kireiji/RoboticsDev_ws/install/examples_rclpy_minimal_subscriber:/home/kireiji/RoboticsDev_ws/install/examples_rclpy_minimal_service:/home/kireiji/RoboticsDev_ws/install/examples_rclpy_minimal_publisher:/home/kireiji/RoboticsDev_ws/install/examples_rclpy_minimal_client:/home/kireiji/RoboticsDev_ws/install/examples_rclpy_minimal_action_server:/home/kireiji/RoboticsDev_ws/install/examples_rclpy_minimal_action_client:/home/kireiji/RoboticsDev_ws/install/examples_rclpy_guard_conditions:/home/kireiji/RoboticsDev_ws/install/examples_rclpy_executors:/home/kireiji/ros2_ws/install/my_py_pkg:/opt/ros/humble /usr/bin/cmake --build /home/kireiji/RoboticsDev_ws/build/examples_rclcpp_cbg_executor -- -j16 -l16
[2.165s] [ 10%] [32mBuilding CXX object CMakeFiles/ping.dir/src/ping.cpp.o[0m
[2.165s] [ 20%] [32mBuilding CXX object CMakeFiles/pong.dir/src/pong.cpp.o[0m
[2.165s] [ 30%] [32mBuilding CXX object CMakeFiles/ping_pong.dir/src/ping_pong.cpp.o[0m
[2.165s] [ 40%] [32mBuilding CXX object CMakeFiles/ping.dir/src/examples_rclcpp_cbg_executor/ping_node.cpp.o[0m
[2.165s] [ 50%] [32mBuilding CXX object CMakeFiles/pong.dir/src/examples_rclcpp_cbg_executor/pong_node.cpp.o[0m
[2.165s] [ 60%] [32mBuilding CXX object CMakeFiles/ping_pong.dir/src/examples_rclcpp_cbg_executor/ping_node.cpp.o[0m
[2.165s] [ 70%] [32mBuilding CXX object CMakeFiles/ping_pong.dir/src/examples_rclcpp_cbg_executor/pong_node.cpp.o[0m
[42.194s] [ 80%] [32m[1mLinking CXX executable ping_pong[0m
[43.203s] [ 90%] [32m[1mLinking CXX executable pong[0m
[44.469s] [ 90%] Built target pong
[44.597s] [ 90%] Built target ping_pong
[45.502s] [100%] [32m[1mLinking CXX executable ping[0m
[46.090s] [100%] Built target ping
