[1.382s] Invoking command in '/home/kireiji/RoboticsDev_ws/build/lab1_interfaces': CMAKE_PREFIX_PATH=${CMAKE_PREFIX_PATH}:/home/kireiji/RoboticsDev_ws/install/launch_testing_examples:/home/kireiji/RoboticsDev_ws/install/examples_rclpy_pointcloud_publisher:/home/kireiji/RoboticsDev_ws/install/examples_rclpy_minimal_subscriber:/home/kireiji/RoboticsDev_ws/install/examples_rclpy_minimal_service:/home/kireiji/RoboticsDev_ws/install/examples_rclpy_minimal_publisher:/home/kireiji/RoboticsDev_ws/install/examples_rclpy_minimal_client:/home/kireiji/RoboticsDev_ws/install/examples_rclpy_minimal_action_server:/home/kireiji/RoboticsDev_ws/install/examples_rclpy_minimal_action_client:/home/kireiji/RoboticsDev_ws/install/examples_rclpy_guard_conditions:/home/kireiji/RoboticsDev_ws/install/examples_rclpy_executors:/home/kireiji/ros2_ws/install/my_py_pkg:/opt/ros/humble /usr/bin/cmake --build /home/kireiji/RoboticsDev_ws/build/lab1_interfaces -- -j16 -l16
[1.689s] [  3%] Built target lab1_interfaces__cpp
[1.689s] [ 12%] Built target lab1_interfaces__rosidl_generator_c
[1.689s] [ 22%] Built target lab1_interfaces__rosidl_typesupport_c
[1.689s] [ 41%] Built target lab1_interfaces__rosidl_typesupport_fastrtps_cpp
[1.689s] [ 41%] Built target lab1_interfaces__rosidl_typesupport_introspection_c
[1.689s] [ 51%] Built target lab1_interfaces__rosidl_typesupport_cpp
[1.689s] [ 61%] Built target lab1_interfaces__rosidl_typesupport_introspection_cpp
[1.689s] [ 61%] Built target ament_cmake_python_copy_lab1_interfaces
[1.689s] [ 70%] Built target lab1_interfaces__rosidl_typesupport_fastrtps_c
[1.689s] [ 70%] Built target lab1_interfaces
[1.689s] [ 74%] Built target lab1_interfaces__py
[1.689s] [ 80%] Built target lab1_interfaces__rosidl_generator_py
[1.690s] [ 93%] Built target lab1_interfaces__rosidl_typesupport_c__pyext
[1.690s] [ 93%] Built target lab1_interfaces__rosidl_typesupport_introspection_c__pyext
[1.690s] [100%] Built target lab1_interfaces__rosidl_typesupport_fastrtps_c__pyext
[1.701s] running egg_info
[1.707s] writing manifest file 'lab1_interfaces.egg-info/SOURCES.txt'
[1.744s] [100%] Built target ament_cmake_python_build_lab1_interfaces_egg
[1.776s] Invoked command in '/home/kireiji/RoboticsDev_ws/build/lab1_interfaces' returned '0': CMAKE_PREFIX_PATH=${CMAKE_PREFIX_PATH}:/home/kireiji/RoboticsDev_ws/install/launch_testing_examples:/home/kireiji/RoboticsDev_ws/install/examples_rclpy_pointcloud_publisher:/home/kireiji/RoboticsDev_ws/install/examples_rclpy_minimal_subscriber:/home/kireiji/RoboticsDev_ws/install/examples_rclpy_minimal_service:/home/kireiji/RoboticsDev_ws/install/examples_rclpy_minimal_publisher:/home/kireiji/RoboticsDev_ws/install/examples_rclpy_minimal_client:/home/kireiji/RoboticsDev_ws/install/examples_rclpy_minimal_action_server:/home/kireiji/RoboticsDev_ws/install/examples_rclpy_minimal_action_client:/home/kireiji/RoboticsDev_ws/install/examples_rclpy_guard_conditions:/home/kireiji/RoboticsDev_ws/install/examples_rclpy_executors:/home/kireiji/ros2_ws/install/my_py_pkg:/opt/ros/humble /usr/bin/cmake --build /home/kireiji/RoboticsDev_ws/build/lab1_interfaces -- -j16 -l16
[2.015s] Invoking command in '/home/kireiji/RoboticsDev_ws/build/lab1_interfaces': CMAKE_PREFIX_PATH=${CMAKE_PREFIX_PATH}:/home/kireiji/RoboticsDev_ws/install/launch_testing_examples:/home/kireiji/RoboticsDev_ws/install/examples_rclpy_pointcloud_publisher:/home/kireiji/RoboticsDev_ws/install/examples_rclpy_minimal_subscriber:/home/kireiji/RoboticsDev_ws/install/examples_rclpy_minimal_service:/home/kireiji/RoboticsDev_ws/install/examples_rclpy_minimal_publisher:/home/kireiji/RoboticsDev_ws/install/examples_rclpy_minimal_client:/home/kireiji/RoboticsDev_ws/install/examples_rclpy_minimal_action_server:/home/kireiji/RoboticsDev_ws/install/examples_rclpy_minimal_action_client:/home/kireiji/RoboticsDev_ws/install/examples_rclpy_guard_conditions:/home/kireiji/RoboticsDev_ws/install/examples_rclpy_executors:/home/kireiji/ros2_ws/install/my_py_pkg:/opt/ros/humble /usr/bin/cmake --install /home/kireiji/RoboticsDev_ws/build/lab1_interfaces
[2.041s] -- Install configuration: ""
[2.041s] -- Up-to-date: /home/kireiji/RoboticsDev_ws/install/lab1_interfaces/share/ament_index/resource_index/rosidl_interfaces/lab1_interfaces
[2.041s] -- Up-to-date: /home/kireiji/RoboticsDev_ws/install/lab1_interfaces/include/lab1_interfaces/lab1_interfaces
[2.041s] -- Up-to-date: /home/kireiji/RoboticsDev_ws/install/lab1_interfaces/include/lab1_interfaces/lab1_interfaces/msg
[2.041s] -- Up-to-date: /home/kireiji/RoboticsDev_ws/install/lab1_interfaces/include/lab1_interfaces/lab1_interfaces/msg/rosidl_generator_c__visibility_control.h
[2.041s] -- Up-to-date: /home/kireiji/RoboticsDev_ws/install/lab1_interfaces/include/lab1_interfaces/lab1_interfaces/srv
[2.041s] -- Up-to-date: /home/kireiji/RoboticsDev_ws/install/lab1_interfaces/include/lab1_interfaces/lab1_interfaces/srv/set_noise.h
[2.041s] -- Up-to-date: /home/kireiji/RoboticsDev_ws/install/lab1_interfaces/include/lab1_interfaces/lab1_interfaces/srv/detail
[2.041s] -- Up-to-date: /home/kireiji/RoboticsDev_ws/install/lab1_interfaces/include/lab1_interfaces/lab1_interfaces/srv/detail/set_noise__struct.h
[2.042s] -- Up-to-date: /home/kireiji/RoboticsDev_ws/install/lab1_interfaces/include/lab1_interfaces/lab1_interfaces/srv/detail/set_noise__type_support.h
[2.042s] -- Up-to-date: /home/kireiji/RoboticsDev_ws/install/lab1_interfaces/include/lab1_interfaces/lab1_interfaces/srv/detail/set_noise__functions.h
[2.042s] -- Up-to-date: /home/kireiji/RoboticsDev_ws/install/lab1_interfaces/include/lab1_interfaces/lab1_interfaces/srv/detail/set_noise__functions.c
[2.042s] -- Up-to-date: /home/kireiji/RoboticsDev_ws/install/lab1_interfaces/share/lab1_interfaces/environment/library_path.sh
[2.042s] -- Up-to-date: /home/kireiji/RoboticsDev_ws/install/lab1_interfaces/share/lab1_interfaces/environment/library_path.dsv
[2.042s] -- Up-to-date: /home/kireiji/RoboticsDev_ws/install/lab1_interfaces/lib/liblab1_interfaces__rosidl_generator_c.so
[2.042s] -- Up-to-date: /home/kireiji/RoboticsDev_ws/install/lab1_interfaces/include/lab1_interfaces/lab1_interfaces
[2.042s] -- Up-to-date: /home/kireiji/RoboticsDev_ws/install/lab1_interfaces/include/lab1_interfaces/lab1_interfaces/msg
[2.042s] -- Up-to-date: /home/kireiji/RoboticsDev_ws/install/lab1_interfaces/include/lab1_interfaces/lab1_interfaces/msg/rosidl_typesupport_fastrtps_c__visibility_control.h
[2.042s] -- Up-to-date: /home/kireiji/RoboticsDev_ws/install/lab1_interfaces/include/lab1_interfaces/lab1_interfaces/srv
[2.042s] -- Up-to-date: /home/kireiji/RoboticsDev_ws/install/lab1_interfaces/include/lab1_interfaces/lab1_interfaces/srv/detail
[2.043s] -- Up-to-date: /home/kireiji/RoboticsDev_ws/install/lab1_interfaces/include/lab1_interfaces/lab1_interfaces/srv/detail/set_noise__rosidl_typesupport_fastrtps_c.h
[2.043s] -- Up-to-date: /home/kireiji/RoboticsDev_ws/install/lab1_interfaces/lib/liblab1_interfaces__rosidl_typesupport_fastrtps_c.so
[2.043s] -- Up-to-date: /home/kireiji/RoboticsDev_ws/install/lab1_interfaces/include/lab1_interfaces/lab1_interfaces
[2.043s] -- Up-to-date: /home/kireiji/RoboticsDev_ws/install/lab1_interfaces/include/lab1_interfaces/lab1_interfaces/srv
[2.045s] -- Up-to-date: /home/kireiji/RoboticsDev_ws/install/lab1_interfaces/include/lab1_interfaces/lab1_interfaces/srv/set_noise.hpp
[2.045s] -- Up-to-date: /home/kireiji/RoboticsDev_ws/install/lab1_interfaces/include/lab1_interfaces/lab1_interfaces/srv/detail
[2.045s] -- Up-to-date: /home/kireiji/RoboticsDev_ws/install/lab1_interfaces/include/lab1_interfaces/lab1_interfaces/srv/detail/set_noise__traits.hpp
[2.045s] -- Up-to-date: /home/kireiji/RoboticsDev_ws/install/lab1_interfaces/include/lab1_interfaces/lab1_interfaces/srv/detail/set_noise__struct.hpp
[2.045s] -- Up-to-date: /home/kireiji/RoboticsDev_ws/install/lab1_interfaces/include/lab1_interfaces/lab1_interfaces/srv/detail/set_noise__builder.hpp
[2.045s] -- Up-to-date: /home/kireiji/RoboticsDev_ws/install/lab1_interfaces/include/lab1_interfaces/lab1_interfaces
[2.045s] -- Up-to-date: /home/kireiji/RoboticsDev_ws/install/lab1_interfaces/include/lab1_interfaces/lab1_interfaces/msg
[2.045s] -- Up-to-date: /home/kireiji/RoboticsDev_ws/install/lab1_interfaces/include/lab1_interfaces/lab1_interfaces/msg/rosidl_typesupport_fastrtps_cpp__visibility_control.h
[2.046s] -- Up-to-date: /home/kireiji/RoboticsDev_ws/install/lab1_interfaces/include/lab1_interfaces/lab1_interfaces/srv
[2.046s] -- Up-to-date: /home/kireiji/RoboticsDev_ws/install/lab1_interfaces/include/lab1_interfaces/lab1_interfaces/srv/detail
[2.046s] -- Up-to-date: /home/kireiji/RoboticsDev_ws/install/lab1_interfaces/include/lab1_interfaces/lab1_interfaces/srv/detail/dds_fastrtps
[2.046s] -- Up-to-date: /home/kireiji/RoboticsDev_ws/install/lab1_interfaces/include/lab1_interfaces/lab1_interfaces/srv/detail/set_noise__rosidl_typesupport_fastrtps_cpp.hpp
[2.046s] -- Up-to-date: /home/kireiji/RoboticsDev_ws/install/lab1_interfaces/lib/liblab1_interfaces__rosidl_typesupport_fastrtps_cpp.so
[2.046s] -- Up-to-date: /home/kireiji/RoboticsDev_ws/install/lab1_interfaces/include/lab1_interfaces/lab1_interfaces
[2.046s] -- Up-to-date: /home/kireiji/RoboticsDev_ws/install/lab1_interfaces/include/lab1_interfaces/lab1_interfaces/msg
[2.046s] -- Up-to-date: /home/kireiji/RoboticsDev_ws/install/lab1_interfaces/include/lab1_interfaces/lab1_interfaces/msg/rosidl_typesupport_introspection_c__visibility_control.h
[2.046s] -- Up-to-date: /home/kireiji/RoboticsDev_ws/install/lab1_interfaces/include/lab1_interfaces/lab1_interfaces/srv
[2.046s] -- Up-to-date: /home/kireiji/RoboticsDev_ws/install/lab1_interfaces/include/lab1_interfaces/lab1_interfaces/srv/detail
[2.046s] -- Up-to-date: /home/kireiji/RoboticsDev_ws/install/lab1_interfaces/include/lab1_interfaces/lab1_interfaces/srv/detail/set_noise__type_support.c
[2.046s] -- Up-to-date: /home/kireiji/RoboticsDev_ws/install/lab1_interfaces/include/lab1_interfaces/lab1_interfaces/srv/detail/set_noise__rosidl_typesupport_introspection_c.h
[2.046s] -- Up-to-date: /home/kireiji/RoboticsDev_ws/install/lab1_interfaces/lib/liblab1_interfaces__rosidl_typesupport_introspection_c.so
[2.054s] -- Up-to-date: /home/kireiji/RoboticsDev_ws/install/lab1_interfaces/lib/liblab1_interfaces__rosidl_typesupport_c.so
[2.054s] -- Up-to-date: /home/kireiji/RoboticsDev_ws/install/lab1_interfaces/include/lab1_interfaces/lab1_interfaces
[2.054s] -- Up-to-date: /home/kireiji/RoboticsDev_ws/install/lab1_interfaces/include/lab1_interfaces/lab1_interfaces/srv
[2.054s] -- Up-to-date: /home/kireiji/RoboticsDev_ws/install/lab1_interfaces/include/lab1_interfaces/lab1_interfaces/srv/detail
[2.055s] -- Up-to-date: /home/kireiji/RoboticsDev_ws/install/lab1_interfaces/include/lab1_interfaces/lab1_interfaces/srv/detail/set_noise__type_support.cpp
[2.055s] -- Up-to-date: /home/kireiji/RoboticsDev_ws/install/lab1_interfaces/include/lab1_interfaces/lab1_interfaces/srv/detail/set_noise__rosidl_typesupport_introspection_cpp.hpp
[2.055s] -- Up-to-date: /home/kireiji/RoboticsDev_ws/install/lab1_interfaces/lib/liblab1_interfaces__rosidl_typesupport_introspection_cpp.so
[2.055s] -- Up-to-date: /home/kireiji/RoboticsDev_ws/install/lab1_interfaces/lib/liblab1_interfaces__rosidl_typesupport_cpp.so
[2.055s] -- Up-to-date: /home/kireiji/RoboticsDev_ws/install/lab1_interfaces/share/lab1_interfaces/environment/pythonpath.sh
[2.055s] -- Up-to-date: /home/kireiji/RoboticsDev_ws/install/lab1_interfaces/share/lab1_interfaces/environment/pythonpath.dsv
[2.055s] -- Up-to-date: /home/kireiji/RoboticsDev_ws/install/lab1_interfaces/lib/python3.10/site-packages/lab1_interfaces-0.0.0-py3.10.egg-info
[2.055s] -- Installing: /home/kireiji/RoboticsDev_ws/install/lab1_interfaces/lib/python3.10/site-packages/lab1_interfaces-0.0.0-py3.10.egg-info/PKG-INFO
[2.055s] -- Installing: /home/kireiji/RoboticsDev_ws/install/lab1_interfaces/lib/python3.10/site-packages/lab1_interfaces-0.0.0-py3.10.egg-info/dependency_links.txt
[2.055s] -- Installing: /home/kireiji/RoboticsDev_ws/install/lab1_interfaces/lib/python3.10/site-packages/lab1_interfaces-0.0.0-py3.10.egg-info/top_level.txt
[2.055s] -- Installing: /home/kireiji/RoboticsDev_ws/install/lab1_interfaces/lib/python3.10/site-packages/lab1_interfaces-0.0.0-py3.10.egg-info/SOURCES.txt
[2.055s] -- Up-to-date: /home/kireiji/RoboticsDev_ws/install/lab1_interfaces/lib/python3.10/site-packages/lab1_interfaces
[2.055s] -- Up-to-date: /home/kireiji/RoboticsDev_ws/install/lab1_interfaces/lib/python3.10/site-packages/lab1_interfaces/_lab1_interfaces_s.ep.rosidl_typesupport_introspection_c.c
[2.055s] -- Up-to-date: /home/kireiji/RoboticsDev_ws/install/lab1_interfaces/lib/python3.10/site-packages/lab1_interfaces/__init__.py
[2.056s] -- Up-to-date: /home/kireiji/RoboticsDev_ws/install/lab1_interfaces/lib/python3.10/site-packages/lab1_interfaces/_lab1_interfaces_s.ep.rosidl_typesupport_fastrtps_c.c
[2.056s] -- Up-to-date: /home/kireiji/RoboticsDev_ws/install/lab1_interfaces/lib/python3.10/site-packages/lab1_interfaces/lab1_interfaces_s__rosidl_typesupport_c.cpython-310-x86_64-linux-gnu.so
[2.056s] -- Up-to-date: /home/kireiji/RoboticsDev_ws/install/lab1_interfaces/lib/python3.10/site-packages/lab1_interfaces/liblab1_interfaces__rosidl_generator_py.so
[2.056s] -- Up-to-date: /home/kireiji/RoboticsDev_ws/install/lab1_interfaces/lib/python3.10/site-packages/lab1_interfaces/srv
[2.056s] -- Up-to-date: /home/kireiji/RoboticsDev_ws/install/lab1_interfaces/lib/python3.10/site-packages/lab1_interfaces/srv/__init__.py
[2.056s] -- Up-to-date: /home/kireiji/RoboticsDev_ws/install/lab1_interfaces/lib/python3.10/site-packages/lab1_interfaces/srv/_set_noise.py
[2.056s] -- Up-to-date: /home/kireiji/RoboticsDev_ws/install/lab1_interfaces/lib/python3.10/site-packages/lab1_interfaces/srv/_set_noise_s.c
[2.056s] -- Up-to-date: /home/kireiji/RoboticsDev_ws/install/lab1_interfaces/lib/python3.10/site-packages/lab1_interfaces/_lab1_interfaces_s.ep.rosidl_typesupport_c.c
[2.056s] -- Up-to-date: /home/kireiji/RoboticsDev_ws/install/lab1_interfaces/lib/python3.10/site-packages/lab1_interfaces/lab1_interfaces_s__rosidl_typesupport_introspection_c.cpython-310-x86_64-linux-gnu.so
[2.056s] -- Up-to-date: /home/kireiji/RoboticsDev_ws/install/lab1_interfaces/lib/python3.10/site-packages/lab1_interfaces/lab1_interfaces_s__rosidl_typesupport_fastrtps_c.cpython-310-x86_64-linux-gnu.so
[2.180s] Listing '/home/kireiji/RoboticsDev_ws/install/lab1_interfaces/lib/python3.10/site-packages/lab1_interfaces'...
[2.180s] Listing '/home/kireiji/RoboticsDev_ws/install/lab1_interfaces/lib/python3.10/site-packages/lab1_interfaces/srv'...
[2.188s] -- Up-to-date: /home/kireiji/RoboticsDev_ws/install/lab1_interfaces/lib/python3.10/site-packages/lab1_interfaces/lab1_interfaces_s__rosidl_typesupport_fastrtps_c.cpython-310-x86_64-linux-gnu.so
[2.188s] -- Up-to-date: /home/kireiji/RoboticsDev_ws/install/lab1_interfaces/lib/python3.10/site-packages/lab1_interfaces/lab1_interfaces_s__rosidl_typesupport_introspection_c.cpython-310-x86_64-linux-gnu.so
[2.188s] -- Up-to-date: /home/kireiji/RoboticsDev_ws/install/lab1_interfaces/lib/python3.10/site-packages/lab1_interfaces/lab1_interfaces_s__rosidl_typesupport_c.cpython-310-x86_64-linux-gnu.so
[2.188s] -- Up-to-date: /home/kireiji/RoboticsDev_ws/install/lab1_interfaces/lib/liblab1_interfaces__rosidl_generator_py.so
[2.188s] -- Up-to-date: /home/kireiji/RoboticsDev_ws/install/lab1_interfaces/share/lab1_interfaces/srv/SetNoise.idl
[2.189s] -- Up-to-date: /home/kireiji/RoboticsDev_ws/install/lab1_interfaces/share/lab1_interfaces/srv/SetNoise.srv
[2.189s] -- Up-to-date: /home/kireiji/RoboticsDev_ws/install/lab1_interfaces/share/lab1_interfaces/srv/SetNoise_Request.msg
[2.189s] -- Up-to-date: /home/kireiji/RoboticsDev_ws/install/lab1_interfaces/share/lab1_interfaces/srv/SetNoise_Response.msg
[2.189s] -- Up-to-date: /home/kireiji/RoboticsDev_ws/install/lab1_interfaces/share/ament_index/resource_index/package_run_dependencies/lab1_interfaces
[2.189s] -- Up-to-date: /home/kireiji/RoboticsDev_ws/install/lab1_interfaces/share/ament_index/resource_index/parent_prefix_path/lab1_interfaces
[2.189s] -- Up-to-date: /home/kireiji/RoboticsDev_ws/install/lab1_interfaces/share/lab1_interfaces/environment/ament_prefix_path.sh
[2.189s] -- Up-to-date: /home/kireiji/RoboticsDev_ws/install/lab1_interfaces/share/lab1_interfaces/environment/ament_prefix_path.dsv
[2.192s] -- Up-to-date: /home/kireiji/RoboticsDev_ws/install/lab1_interfaces/share/lab1_interfaces/environment/path.sh
[2.193s] -- Up-to-date: /home/kireiji/RoboticsDev_ws/install/lab1_interfaces/share/lab1_interfaces/environment/path.dsv
[2.193s] -- Up-to-date: /home/kireiji/RoboticsDev_ws/install/lab1_interfaces/share/lab1_interfaces/local_setup.bash
[2.193s] -- Up-to-date: /home/kireiji/RoboticsDev_ws/install/lab1_interfaces/share/lab1_interfaces/local_setup.sh
[2.193s] -- Up-to-date: /home/kireiji/RoboticsDev_ws/install/lab1_interfaces/share/lab1_interfaces/local_setup.zsh
[2.193s] -- Up-to-date: /home/kireiji/RoboticsDev_ws/install/lab1_interfaces/share/lab1_interfaces/local_setup.dsv
[2.193s] -- Installing: /home/kireiji/RoboticsDev_ws/install/lab1_interfaces/share/lab1_interfaces/package.dsv
[2.193s] -- Up-to-date: /home/kireiji/RoboticsDev_ws/install/lab1_interfaces/share/ament_index/resource_index/packages/lab1_interfaces
[2.193s] -- Up-to-date: /home/kireiji/RoboticsDev_ws/install/lab1_interfaces/share/lab1_interfaces/cmake/export_lab1_interfaces__rosidl_generator_cExport.cmake
[2.193s] -- Up-to-date: /home/kireiji/RoboticsDev_ws/install/lab1_interfaces/share/lab1_interfaces/cmake/export_lab1_interfaces__rosidl_generator_cExport-noconfig.cmake
[2.193s] -- Up-to-date: /home/kireiji/RoboticsDev_ws/install/lab1_interfaces/share/lab1_interfaces/cmake/export_lab1_interfaces__rosidl_typesupport_fastrtps_cExport.cmake
[2.193s] -- Up-to-date: /home/kireiji/RoboticsDev_ws/install/lab1_interfaces/share/lab1_interfaces/cmake/export_lab1_interfaces__rosidl_typesupport_fastrtps_cExport-noconfig.cmake
[2.193s] -- Up-to-date: /home/kireiji/RoboticsDev_ws/install/lab1_interfaces/share/lab1_interfaces/cmake/export_lab1_interfaces__rosidl_generator_cppExport.cmake
[2.193s] -- Up-to-date: /home/kireiji/RoboticsDev_ws/install/lab1_interfaces/share/lab1_interfaces/cmake/export_lab1_interfaces__rosidl_typesupport_fastrtps_cppExport.cmake
[2.193s] -- Up-to-date: /home/kireiji/RoboticsDev_ws/install/lab1_interfaces/share/lab1_interfaces/cmake/export_lab1_interfaces__rosidl_typesupport_fastrtps_cppExport-noconfig.cmake
[2.193s] -- Up-to-date: /home/kireiji/RoboticsDev_ws/install/lab1_interfaces/share/lab1_interfaces/cmake/lab1_interfaces__rosidl_typesupport_introspection_cExport.cmake
[2.194s] -- Up-to-date: /home/kireiji/RoboticsDev_ws/install/lab1_interfaces/share/lab1_interfaces/cmake/lab1_interfaces__rosidl_typesupport_introspection_cExport-noconfig.cmake
[2.194s] -- Up-to-date: /home/kireiji/RoboticsDev_ws/install/lab1_interfaces/share/lab1_interfaces/cmake/lab1_interfaces__rosidl_typesupport_cExport.cmake
[2.194s] -- Up-to-date: /home/kireiji/RoboticsDev_ws/install/lab1_interfaces/share/lab1_interfaces/cmake/lab1_interfaces__rosidl_typesupport_cExport-noconfig.cmake
[2.194s] -- Up-to-date: /home/kireiji/RoboticsDev_ws/install/lab1_interfaces/share/lab1_interfaces/cmake/lab1_interfaces__rosidl_typesupport_introspection_cppExport.cmake
[2.194s] -- Up-to-date: /home/kireiji/RoboticsDev_ws/install/lab1_interfaces/share/lab1_interfaces/cmake/lab1_interfaces__rosidl_typesupport_introspection_cppExport-noconfig.cmake
[2.194s] -- Up-to-date: /home/kireiji/RoboticsDev_ws/install/lab1_interfaces/share/lab1_interfaces/cmake/lab1_interfaces__rosidl_typesupport_cppExport.cmake
[2.194s] -- Up-to-date: /home/kireiji/RoboticsDev_ws/install/lab1_interfaces/share/lab1_interfaces/cmake/lab1_interfaces__rosidl_typesupport_cppExport-noconfig.cmake
[2.194s] -- Up-to-date: /home/kireiji/RoboticsDev_ws/install/lab1_interfaces/share/lab1_interfaces/cmake/export_lab1_interfaces__rosidl_generator_pyExport.cmake
[2.194s] -- Up-to-date: /home/kireiji/RoboticsDev_ws/install/lab1_interfaces/share/lab1_interfaces/cmake/export_lab1_interfaces__rosidl_generator_pyExport-noconfig.cmake
[2.194s] -- Up-to-date: /home/kireiji/RoboticsDev_ws/install/lab1_interfaces/share/lab1_interfaces/cmake/rosidl_cmake-extras.cmake
[2.205s] -- Up-to-date: /home/kireiji/RoboticsDev_ws/install/lab1_interfaces/share/lab1_interfaces/cmake/ament_cmake_export_dependencies-extras.cmake
[2.205s] -- Up-to-date: /home/kireiji/RoboticsDev_ws/install/lab1_interfaces/share/lab1_interfaces/cmake/ament_cmake_export_include_directories-extras.cmake
[2.205s] -- Up-to-date: /home/kireiji/RoboticsDev_ws/install/lab1_interfaces/share/lab1_interfaces/cmake/ament_cmake_export_libraries-extras.cmake
[2.205s] -- Up-to-date: /home/kireiji/RoboticsDev_ws/install/lab1_interfaces/share/lab1_interfaces/cmake/ament_cmake_export_targets-extras.cmake
[2.206s] -- Up-to-date: /home/kireiji/RoboticsDev_ws/install/lab1_interfaces/share/lab1_interfaces/cmake/rosidl_cmake_export_typesupport_targets-extras.cmake
[2.206s] -- Up-to-date: /home/kireiji/RoboticsDev_ws/install/lab1_interfaces/share/lab1_interfaces/cmake/rosidl_cmake_export_typesupport_libraries-extras.cmake
[2.206s] -- Up-to-date: /home/kireiji/RoboticsDev_ws/install/lab1_interfaces/share/lab1_interfaces/cmake/lab1_interfacesConfig.cmake
[2.206s] -- Up-to-date: /home/kireiji/RoboticsDev_ws/install/lab1_interfaces/share/lab1_interfaces/cmake/lab1_interfacesConfig-version.cmake
[2.206s] -- Up-to-date: /home/kireiji/RoboticsDev_ws/install/lab1_interfaces/share/lab1_interfaces/package.xml
[2.206s] Invoked command in '/home/kireiji/RoboticsDev_ws/build/lab1_interfaces' returned '0': CMAKE_PREFIX_PATH=${CMAKE_PREFIX_PATH}:/home/kireiji/RoboticsDev_ws/install/launch_testing_examples:/home/kireiji/RoboticsDev_ws/install/examples_rclpy_pointcloud_publisher:/home/kireiji/RoboticsDev_ws/install/examples_rclpy_minimal_subscriber:/home/kireiji/RoboticsDev_ws/install/examples_rclpy_minimal_service:/home/kireiji/RoboticsDev_ws/install/examples_rclpy_minimal_publisher:/home/kireiji/RoboticsDev_ws/install/examples_rclpy_minimal_client:/home/kireiji/RoboticsDev_ws/install/examples_rclpy_minimal_action_server:/home/kireiji/RoboticsDev_ws/install/examples_rclpy_minimal_action_client:/home/kireiji/RoboticsDev_ws/install/examples_rclpy_guard_conditions:/home/kireiji/RoboticsDev_ws/install/examples_rclpy_executors:/home/kireiji/ros2_ws/install/my_py_pkg:/opt/ros/humble /usr/bin/cmake --install /home/kireiji/RoboticsDev_ws/build/lab1_interfaces
