-- Found ament_cmake: 1.3.10 (/opt/ros/humble/share/ament_cmake/cmake)
-- Found rclcpp: 16.0.10 (/opt/ros/humble/share/rclcpp/cmake)
-- Found rosidl_generator_c: 3.1.5 (/opt/ros/humble/share/rosidl_generator_c/cmake)
-- Found rosidl_adapter: 3.1.5 (/opt/ros/humble/share/rosidl_adapter/cmake)
-- Found rosidl_generator_cpp: 3.1.5 (/opt/ros/humble/share/rosidl_generator_cpp/cmake)
-- Using all available rosidl_typesupport_c: rosidl_typesupport_fastrtps_c;rosidl_typesupport_introspection_c
-- Using all available rosidl_typesupport_cpp: rosidl_typesupport_fastrtps_cpp;rosidl_typesupport_introspection_cpp
-- Found rmw_implementation_cmake: 6.1.2 (/opt/ros/humble/share/rmw_implementation_cmake/cmake)
-- Found rmw_fastrtps_cpp: 6.2.7 (/opt/ros/humble/share/rmw_fastrtps_cpp/cmake)
-- Using RMW implementation 'rmw_fastrtps_cpp' as default
-- Found rclpy: 3.3.14 (/opt/ros/humble/share/rclpy/cmake)
-- Configuring done
-- Generating done
-- Build files have been written to: /home/kireiji/RoboticsDev_ws/build/lecture3
[35m[1mConsolidate compiler generated dependencies of target cpp_node_test[0m
[100%] Built target cpp_node_test
[100%] Built target ament_cmake_python_copy_lecture3
running egg_info
writing manifest file 'lecture3.egg-info/SOURCES.txt'
[100%] Built target ament_cmake_python_build_lecture3_egg
-- Install configuration: ""
-- Up-to-date: /home/kireiji/RoboticsDev_ws/install/lecture3/share/lecture3/environment/pythonpath.sh
-- Installing: /home/kireiji/RoboticsDev_ws/install/lecture3/share/lecture3/environment/pythonpath.dsv
-- Up-to-date: /home/kireiji/RoboticsDev_ws/install/lecture3/lib/python3.10/site-packages/lecture3-0.0.0-py3.10.egg-info
-- Installing: /home/kireiji/RoboticsDev_ws/install/lecture3/lib/python3.10/site-packages/lecture3-0.0.0-py3.10.egg-info/PKG-INFO
-- Installing: /home/kireiji/RoboticsDev_ws/install/lecture3/lib/python3.10/site-packages/lecture3-0.0.0-py3.10.egg-info/dependency_links.txt
-- Installing: /home/kireiji/RoboticsDev_ws/install/lecture3/lib/python3.10/site-packages/lecture3-0.0.0-py3.10.egg-info/top_level.txt
-- Installing: /home/kireiji/RoboticsDev_ws/install/lecture3/lib/python3.10/site-packages/lecture3-0.0.0-py3.10.egg-info/SOURCES.txt
-- Up-to-date: /home/kireiji/RoboticsDev_ws/install/lecture3/lib/python3.10/site-packages/lecture3
-- Up-to-date: /home/kireiji/RoboticsDev_ws/install/lecture3/lib/python3.10/site-packages/lecture3/__init__.py
-- Up-to-date: /home/kireiji/RoboticsDev_ws/install/lecture3/lib/python3.10/site-packages/lecture3/dummy_module.py
Listing '/home/kireiji/RoboticsDev_ws/install/lecture3/lib/python3.10/site-packages/lecture3'...
-- Up-to-date: /home/kireiji/RoboticsDev_ws/install/lecture3/lib/lecture3/dummy_script.py
-- Up-to-date: /home/kireiji/RoboticsDev_ws/install/lecture3/lib/lecture3/cpp_node_test
-- Up-to-date: /home/kireiji/RoboticsDev_ws/install/lecture3/share/lecture3
-- Installing: /home/kireiji/RoboticsDev_ws/install/lecture3/share/ament_index/resource_index/package_run_dependencies/lecture3
-- Installing: /home/kireiji/RoboticsDev_ws/install/lecture3/share/ament_index/resource_index/parent_prefix_path/lecture3
-- Up-to-date: /home/kireiji/RoboticsDev_ws/install/lecture3/share/lecture3/environment/ament_prefix_path.sh
-- Installing: /home/kireiji/RoboticsDev_ws/install/lecture3/share/lecture3/environment/ament_prefix_path.dsv
-- Up-to-date: /home/kireiji/RoboticsDev_ws/install/lecture3/share/lecture3/environment/path.sh
-- Installing: /home/kireiji/RoboticsDev_ws/install/lecture3/share/lecture3/environment/path.dsv
-- Up-to-date: /home/kireiji/RoboticsDev_ws/install/lecture3/share/lecture3/local_setup.bash
-- Up-to-date: /home/kireiji/RoboticsDev_ws/install/lecture3/share/lecture3/local_setup.sh
-- Up-to-date: /home/kireiji/RoboticsDev_ws/install/lecture3/share/lecture3/local_setup.zsh
-- Installing: /home/kireiji/RoboticsDev_ws/install/lecture3/share/lecture3/local_setup.dsv
-- Installing: /home/kireiji/RoboticsDev_ws/install/lecture3/share/lecture3/package.dsv
-- Up-to-date: /home/kireiji/RoboticsDev_ws/install/lecture3/share/ament_index/resource_index/packages/lecture3
-- Up-to-date: /home/kireiji/RoboticsDev_ws/install/lecture3/share/lecture3/cmake/lecture3Config.cmake
-- Up-to-date: /home/kireiji/RoboticsDev_ws/install/lecture3/share/lecture3/cmake/lecture3Config-version.cmake
-- Installing: /home/kireiji/RoboticsDev_ws/install/lecture3/share/lecture3/package.xml
