[0.007s] Invoking command in '/home/kireiji/RoboticsDev_ws/build/lecture3_interfaces': CMAKE_PREFIX_PATH=${CMAKE_PREFIX_PATH}:/home/kireiji/RoboticsDev_ws/install/launch_testing_examples:/home/kireiji/RoboticsDev_ws/install/examples_rclpy_pointcloud_publisher:/home/kireiji/RoboticsDev_ws/install/examples_rclpy_minimal_subscriber:/home/kireiji/RoboticsDev_ws/install/examples_rclpy_minimal_service:/home/kireiji/RoboticsDev_ws/install/examples_rclpy_minimal_publisher:/home/kireiji/RoboticsDev_ws/install/examples_rclpy_minimal_client:/home/kireiji/RoboticsDev_ws/install/examples_rclpy_minimal_action_server:/home/kireiji/RoboticsDev_ws/install/examples_rclpy_minimal_action_client:/home/kireiji/RoboticsDev_ws/install/examples_rclpy_guard_conditions:/home/kireiji/RoboticsDev_ws/install/examples_rclpy_executors:/home/kireiji/ros2_ws/install/my_py_pkg:/opt/ros/humble /usr/bin/cmake /home/kireiji/RoboticsDev_ws/src/lecture3_interfaces -DCMAKE_INSTALL_PREFIX=/home/kireiji/RoboticsDev_ws/install/lecture3_interfaces
[0.042s] -- The C compiler identification is GNU 11.4.0
[0.076s] -- The CXX compiler identification is GNU 11.4.0
[0.080s] -- Detecting C compiler ABI info
[0.123s] -- Detecting C compiler ABI info - done
[0.127s] -- Check for working C compiler: /usr/bin/cc - skipped
[0.128s] -- Detecting C compile features
[0.128s] -- Detecting C compile features - done
[0.130s] -- Detecting CXX compiler ABI info
[0.180s] -- Detecting CXX compiler ABI info - done
[0.184s] -- Check for working CXX compiler: /usr/bin/c++ - skipped
[0.184s] -- Detecting CXX compile features
[0.185s] -- Detecting CXX compile features - done
[0.187s] -- Found ament_cmake: 1.3.10 (/opt/ros/humble/share/ament_cmake/cmake)
[0.546s] -- Found Python3: /usr/local/bin/python3 (found version "3.10.0") found components: Interpreter 
[0.629s] -- Found std_msgs: 4.2.4 (/opt/ros/humble/share/std_msgs/cmake)
[0.659s] -- Found rosidl_generator_c: 3.1.5 (/opt/ros/humble/share/rosidl_generator_c/cmake)
[0.664s] -- Found rosidl_adapter: 3.1.5 (/opt/ros/humble/share/rosidl_adapter/cmake)
[0.671s] -- Found rosidl_generator_cpp: 3.1.5 (/opt/ros/humble/share/rosidl_generator_cpp/cmake)
[0.681s] -- Using all available rosidl_typesupport_c: rosidl_typesupport_fastrtps_c;rosidl_typesupport_introspection_c
[0.694s] -- Using all available rosidl_typesupport_cpp: rosidl_typesupport_fastrtps_cpp;rosidl_typesupport_introspection_cpp
[0.724s] -- Found rosidl_default_generators: 1.2.0 (/opt/ros/humble/share/rosidl_default_generators/cmake)
[0.736s] -- Found ament_lint_auto: 0.12.11 (/opt/ros/humble/share/ament_lint_auto/cmake)
[0.905s] [31mCMake Error at /opt/ros/humble/share/rosidl_adapter/cmake/rosidl_adapt_interfaces.cmake:59 (message):
[0.905s]   execute_process(/usr/local/bin/python3 -m rosidl_adapter --package-name
[0.905s]   lecture3_interfaces --arguments-file
[0.905s]   /home/kireiji/RoboticsDev_ws/build/lecture3_interfaces/rosidl_adapter__arguments__lecture3_interfaces.json
[0.905s]   --output-dir
[0.905s]   /home/kireiji/RoboticsDev_ws/build/lecture3_interfaces/rosidl_adapter/lecture3_interfaces
[0.905s]   --output-file
[0.905s]   /home/kireiji/RoboticsDev_ws/build/lecture3_interfaces/rosidl_adapter/lecture3_interfaces.idls)
[0.905s]   returned error code 1:
[0.905s] 
[0.905s]   Traceback (most recent call last):
[0.905s] 
[0.905s]     File "/usr/local/lib/python3.10/runpy.py", line 196, in _run_module_as_main
[0.905s]       return _run_code(code, main_globals, None,
[0.905s]     File "/usr/local/lib/python3.10/runpy.py", line 86, in _run_code
[0.905s]       exec(code, run_globals)
[0.905s]     File "/opt/ros/humble/local/lib/python3.10/dist-packages/rosidl_adapter/__main__.py", line 19, in <module>
[0.905s]       sys.exit(main())
[0.905s]     File "/opt/ros/humble/local/lib/python3.10/dist-packages/rosidl_adapter/main.py", line 53, in main
[0.905s]       abs_idl_file = convert_to_idl(
[0.905s]     File "/opt/ros/humble/local/lib/python3.10/dist-packages/rosidl_adapter/__init__.py", line 24, in convert_to_idl
[0.905s]       return convert_srv_to_idl(
[0.905s]     File "/opt/ros/humble/local/lib/python3.10/dist-packages/rosidl_adapter/srv/__init__.py", line 28, in convert_srv_to_idl
[0.905s]       srv = parse_service_string(package_name, input_file.stem, content)
[0.905s]     File "/opt/ros/humble/local/lib/python3.10/dist-packages/rosidl_adapter/parser.py", line 859, in parse_service_string
[0.905s]       request_message = parse_message_string(
[0.905s]     File "/opt/ros/humble/local/lib/python3.10/dist-packages/rosidl_adapter/parser.py", line 544, in parse_message_string
[0.905s]       msg = MessageSpecification(pkg_name, msg_name, fields, constants)
[0.905s]     File "/opt/ros/humble/local/lib/python3.10/dist-packages/rosidl_adapter/parser.py", line 388, in __init__
[0.906s]       self.base_type = BaseType(
[0.906s]     File "/opt/ros/humble/local/lib/python3.10/dist-packages/rosidl_adapter/parser.py", line 205, in __init__
[0.906s]       raise InvalidResourceName(
[0.906s] 
[0.906s]   rosidl_adapter.parser.InvalidResourceName: 'exampleMsg_Request' is an
[0.906s]   invalid message name.  It should have the pattern '^[A-Z][A-Za-z0-9]*$'
[0.906s] 
[0.906s] Call Stack (most recent call first):
[0.906s]   /opt/ros/humble/share/rosidl_cmake/cmake/rosidl_generate_interfaces.cmake:130 (rosidl_adapt_interfaces)
[0.906s]   CMakeLists.txt:28 (rosidl_generate_interfaces)
[0.906s] 
[0.906s] [0m
[0.906s] -- Configuring incomplete, errors occurred!
[0.906s] See also "/home/kireiji/RoboticsDev_ws/build/lecture3_interfaces/CMakeFiles/CMakeOutput.log".
[0.911s] Invoked command in '/home/kireiji/RoboticsDev_ws/build/lecture3_interfaces' returned '1': CMAKE_PREFIX_PATH=${CMAKE_PREFIX_PATH}:/home/kireiji/RoboticsDev_ws/install/launch_testing_examples:/home/kireiji/RoboticsDev_ws/install/examples_rclpy_pointcloud_publisher:/home/kireiji/RoboticsDev_ws/install/examples_rclpy_minimal_subscriber:/home/kireiji/RoboticsDev_ws/install/examples_rclpy_minimal_service:/home/kireiji/RoboticsDev_ws/install/examples_rclpy_minimal_publisher:/home/kireiji/RoboticsDev_ws/install/examples_rclpy_minimal_client:/home/kireiji/RoboticsDev_ws/install/examples_rclpy_minimal_action_server:/home/kireiji/RoboticsDev_ws/install/examples_rclpy_minimal_action_client:/home/kireiji/RoboticsDev_ws/install/examples_rclpy_guard_conditions:/home/kireiji/RoboticsDev_ws/install/examples_rclpy_executors:/home/kireiji/ros2_ws/install/my_py_pkg:/opt/ros/humble /usr/bin/cmake /home/kireiji/RoboticsDev_ws/src/lecture3_interfaces -DCMAKE_INSTALL_PREFIX=/home/kireiji/RoboticsDev_ws/install/lecture3_interfaces
