[2.640s] Invoking command in '/home/kireiji/RoboticsDev_ws/src/examples/rclpy/actions/minimal_action_server': PYTHONPATH=/home/kireiji/RoboticsDev_ws/build/examples_rclpy_minimal_action_server/prefix_override:/usr/lib/python3/dist-packages/colcon_core/task/python/colcon_distutils_commands:/home/kireiji/RoboticsDev_ws/install/examples_rclpy_minimal_action_server/lib/python3.10/site-packages:${PYTHONPATH} /usr/bin/python3 -W ignore:setup.py install is deprecated setup.py egg_info --egg-base ../../../../../build/examples_rclpy_minimal_action_server build --build-base /home/kireiji/RoboticsDev_ws/build/examples_rclpy_minimal_action_server/build install --record /home/kireiji/RoboticsDev_ws/build/examples_rclpy_minimal_action_server/install.log --single-version-externally-managed install_data
[3.075s] running egg_info
[3.080s] writing ../../../../../build/examples_rclpy_minimal_action_server/examples_rclpy_minimal_action_server.egg-info/PKG-INFO
[3.080s] writing dependency_links to ../../../../../build/examples_rclpy_minimal_action_server/examples_rclpy_minimal_action_server.egg-info/dependency_links.txt
[3.080s] writing entry points to ../../../../../build/examples_rclpy_minimal_action_server/examples_rclpy_minimal_action_server.egg-info/entry_points.txt
[3.080s] writing requirements to ../../../../../build/examples_rclpy_minimal_action_server/examples_rclpy_minimal_action_server.egg-info/requires.txt
[3.080s] writing top-level names to ../../../../../build/examples_rclpy_minimal_action_server/examples_rclpy_minimal_action_server.egg-info/top_level.txt
[3.096s] reading manifest file '../../../../../build/examples_rclpy_minimal_action_server/examples_rclpy_minimal_action_server.egg-info/SOURCES.txt'
[3.097s] writing manifest file '../../../../../build/examples_rclpy_minimal_action_server/examples_rclpy_minimal_action_server.egg-info/SOURCES.txt'
[3.097s] running build
[3.097s] running build_py
[3.097s] running install
[3.097s] running install_lib
[3.097s] running install_data
[3.097s] running install_egg_info
[3.098s] removing '/home/kireiji/RoboticsDev_ws/install/examples_rclpy_minimal_action_server/lib/python3.10/site-packages/examples_rclpy_minimal_action_server-0.15.2-py3.10.egg-info' (and everything under it)
[3.098s] Copying ../../../../../build/examples_rclpy_minimal_action_server/examples_rclpy_minimal_action_server.egg-info to /home/kireiji/RoboticsDev_ws/install/examples_rclpy_minimal_action_server/lib/python3.10/site-packages/examples_rclpy_minimal_action_server-0.15.2-py3.10.egg-info
[3.098s] running install_scripts
[3.120s] Installing server script to /home/kireiji/RoboticsDev_ws/install/examples_rclpy_minimal_action_server/lib/examples_rclpy_minimal_action_server
[3.120s] Installing server_defer script to /home/kireiji/RoboticsDev_ws/install/examples_rclpy_minimal_action_server/lib/examples_rclpy_minimal_action_server
[3.120s] Installing server_not_composable script to /home/kireiji/RoboticsDev_ws/install/examples_rclpy_minimal_action_server/lib/examples_rclpy_minimal_action_server
[3.120s] Installing server_queue_goals script to /home/kireiji/RoboticsDev_ws/install/examples_rclpy_minimal_action_server/lib/examples_rclpy_minimal_action_server
[3.120s] Installing server_single_goal script to /home/kireiji/RoboticsDev_ws/install/examples_rclpy_minimal_action_server/lib/examples_rclpy_minimal_action_server
[3.121s] writing list of installed files to '/home/kireiji/RoboticsDev_ws/build/examples_rclpy_minimal_action_server/install.log'
[3.165s] Invoked command in '/home/kireiji/RoboticsDev_ws/src/examples/rclpy/actions/minimal_action_server' returned '0': PYTHONPATH=/home/kireiji/RoboticsDev_ws/build/examples_rclpy_minimal_action_server/prefix_override:/usr/lib/python3/dist-packages/colcon_core/task/python/colcon_distutils_commands:/home/kireiji/RoboticsDev_ws/install/examples_rclpy_minimal_action_server/lib/python3.10/site-packages:${PYTHONPATH} /usr/bin/python3 -W ignore:setup.py install is deprecated setup.py egg_info --egg-base ../../../../../build/examples_rclpy_minimal_action_server build --build-base /home/kireiji/RoboticsDev_ws/build/examples_rclpy_minimal_action_server/build install --record /home/kireiji/RoboticsDev_ws/build/examples_rclpy_minimal_action_server/install.log --single-version-externally-managed install_data
