[4.288s] Invoking command in '/home/kireiji/RoboticsDev_ws/src/examples/rclpy/topics/pointcloud_publisher': PYTHONPATH=/home/kireiji/RoboticsDev_ws/build/examples_rclpy_pointcloud_publisher/prefix_override:/usr/lib/python3/dist-packages/colcon_core/task/python/colcon_distutils_commands:/home/kireiji/RoboticsDev_ws/install/examples_rclpy_pointcloud_publisher/lib/python3.10/site-packages:${PYTHONPATH} /usr/bin/python3 -W ignore:setup.py install is deprecated setup.py egg_info --egg-base ../../../../../build/examples_rclpy_pointcloud_publisher build --build-base /home/kireiji/RoboticsDev_ws/build/examples_rclpy_pointcloud_publisher/build install --record /home/kireiji/RoboticsDev_ws/build/examples_rclpy_pointcloud_publisher/install.log --single-version-externally-managed install_data
[5.853s] running egg_info
[5.853s] creating ../../../../../build/examples_rclpy_pointcloud_publisher/examples_rclpy_pointcloud_publisher.egg-info
[5.853s] writing ../../../../../build/examples_rclpy_pointcloud_publisher/examples_rclpy_pointcloud_publisher.egg-info/PKG-INFO
[5.853s] writing dependency_links to ../../../../../build/examples_rclpy_pointcloud_publisher/examples_rclpy_pointcloud_publisher.egg-info/dependency_links.txt
[5.853s] writing entry points to ../../../../../build/examples_rclpy_pointcloud_publisher/examples_rclpy_pointcloud_publisher.egg-info/entry_points.txt
[5.853s] writing requirements to ../../../../../build/examples_rclpy_pointcloud_publisher/examples_rclpy_pointcloud_publisher.egg-info/requires.txt
[5.853s] writing top-level names to ../../../../../build/examples_rclpy_pointcloud_publisher/examples_rclpy_pointcloud_publisher.egg-info/top_level.txt
[5.853s] writing manifest file '../../../../../build/examples_rclpy_pointcloud_publisher/examples_rclpy_pointcloud_publisher.egg-info/SOURCES.txt'
[5.854s] reading manifest file '../../../../../build/examples_rclpy_pointcloud_publisher/examples_rclpy_pointcloud_publisher.egg-info/SOURCES.txt'
[5.854s] writing manifest file '../../../../../build/examples_rclpy_pointcloud_publisher/examples_rclpy_pointcloud_publisher.egg-info/SOURCES.txt'
[5.854s] running build
[5.854s] running build_py
[5.854s] creating /home/kireiji/RoboticsDev_ws/build/examples_rclpy_pointcloud_publisher/build
[5.854s] creating /home/kireiji/RoboticsDev_ws/build/examples_rclpy_pointcloud_publisher/build/lib
[5.854s] creating /home/kireiji/RoboticsDev_ws/build/examples_rclpy_pointcloud_publisher/build/lib/examples_rclpy_pointcloud_publisher
[5.854s] copying examples_rclpy_pointcloud_publisher/__init__.py -> /home/kireiji/RoboticsDev_ws/build/examples_rclpy_pointcloud_publisher/build/lib/examples_rclpy_pointcloud_publisher
[5.854s] copying examples_rclpy_pointcloud_publisher/pointcloud_publisher.py -> /home/kireiji/RoboticsDev_ws/build/examples_rclpy_pointcloud_publisher/build/lib/examples_rclpy_pointcloud_publisher
[5.854s] running install
[5.854s] running install_lib
[5.854s] creating /home/kireiji/RoboticsDev_ws/install/examples_rclpy_pointcloud_publisher/lib/python3.10/site-packages/examples_rclpy_pointcloud_publisher
[5.854s] copying /home/kireiji/RoboticsDev_ws/build/examples_rclpy_pointcloud_publisher/build/lib/examples_rclpy_pointcloud_publisher/__init__.py -> /home/kireiji/RoboticsDev_ws/install/examples_rclpy_pointcloud_publisher/lib/python3.10/site-packages/examples_rclpy_pointcloud_publisher
[5.854s] copying /home/kireiji/RoboticsDev_ws/build/examples_rclpy_pointcloud_publisher/build/lib/examples_rclpy_pointcloud_publisher/pointcloud_publisher.py -> /home/kireiji/RoboticsDev_ws/install/examples_rclpy_pointcloud_publisher/lib/python3.10/site-packages/examples_rclpy_pointcloud_publisher
[5.854s] byte-compiling /home/kireiji/RoboticsDev_ws/install/examples_rclpy_pointcloud_publisher/lib/python3.10/site-packages/examples_rclpy_pointcloud_publisher/__init__.py to __init__.cpython-310.pyc
[5.854s] byte-compiling /home/kireiji/RoboticsDev_ws/install/examples_rclpy_pointcloud_publisher/lib/python3.10/site-packages/examples_rclpy_pointcloud_publisher/pointcloud_publisher.py to pointcloud_publisher.cpython-310.pyc
[5.854s] running install_data
[5.855s] creating /home/kireiji/RoboticsDev_ws/install/examples_rclpy_pointcloud_publisher/share/ament_index
[5.855s] creating /home/kireiji/RoboticsDev_ws/install/examples_rclpy_pointcloud_publisher/share/ament_index/resource_index
[5.855s] creating /home/kireiji/RoboticsDev_ws/install/examples_rclpy_pointcloud_publisher/share/ament_index/resource_index/packages
[5.855s] copying resource/examples_rclpy_pointcloud_publisher -> /home/kireiji/RoboticsDev_ws/install/examples_rclpy_pointcloud_publisher/share/ament_index/resource_index/packages
[5.855s] copying package.xml -> /home/kireiji/RoboticsDev_ws/install/examples_rclpy_pointcloud_publisher/share/examples_rclpy_pointcloud_publisher
[5.855s] running install_egg_info
[5.855s] Copying ../../../../../build/examples_rclpy_pointcloud_publisher/examples_rclpy_pointcloud_publisher.egg-info to /home/kireiji/RoboticsDev_ws/install/examples_rclpy_pointcloud_publisher/lib/python3.10/site-packages/examples_rclpy_pointcloud_publisher-0.15.2-py3.10.egg-info
[5.855s] running install_scripts
[5.855s] Installing pointcloud_publisher script to /home/kireiji/RoboticsDev_ws/install/examples_rclpy_pointcloud_publisher/lib/examples_rclpy_pointcloud_publisher
[5.855s] writing list of installed files to '/home/kireiji/RoboticsDev_ws/build/examples_rclpy_pointcloud_publisher/install.log'
[5.905s] Invoked command in '/home/kireiji/RoboticsDev_ws/src/examples/rclpy/topics/pointcloud_publisher' returned '0': PYTHONPATH=/home/kireiji/RoboticsDev_ws/build/examples_rclpy_pointcloud_publisher/prefix_override:/usr/lib/python3/dist-packages/colcon_core/task/python/colcon_distutils_commands:/home/kireiji/RoboticsDev_ws/install/examples_rclpy_pointcloud_publisher/lib/python3.10/site-packages:${PYTHONPATH} /usr/bin/python3 -W ignore:setup.py install is deprecated setup.py egg_info --egg-base ../../../../../build/examples_rclpy_pointcloud_publisher build --build-base /home/kireiji/RoboticsDev_ws/build/examples_rclpy_pointcloud_publisher/build install --record /home/kireiji/RoboticsDev_ws/build/examples_rclpy_pointcloud_publisher/install.log --single-version-externally-managed install_data
