[0.033s] Invoking command in '/home/kireiji/RoboticsDev_ws/build/turtlesim_plus': CMAKE_PREFIX_PATH=${CMAKE_PREFIX_PATH}:/home/kireiji/RoboticsDev_ws/install/launch_testing_examples:/home/kireiji/RoboticsDev_ws/install/examples_rclpy_pointcloud_publisher:/home/kireiji/RoboticsDev_ws/install/examples_rclpy_minimal_subscriber:/home/kireiji/RoboticsDev_ws/install/examples_rclpy_minimal_service:/home/kireiji/RoboticsDev_ws/install/examples_rclpy_minimal_publisher:/home/kireiji/RoboticsDev_ws/install/examples_rclpy_minimal_client:/home/kireiji/RoboticsDev_ws/install/examples_rclpy_minimal_action_server:/home/kireiji/RoboticsDev_ws/install/examples_rclpy_minimal_action_client:/home/kireiji/RoboticsDev_ws/install/examples_rclpy_guard_conditions:/home/kireiji/RoboticsDev_ws/install/examples_rclpy_executors:/home/kireiji/ros2_ws/install/my_py_pkg:/opt/ros/humble /usr/bin/cmake --build /home/kireiji/RoboticsDev_ws/build/turtlesim_plus -- -j16 -l16
[0.171s] Built target ament_cmake_python_copy_turtlesim_plus
[0.697s] running egg_info
[0.709s] writing manifest file 'turtlesim_plus.egg-info/SOURCES.txt'
[0.894s] Built target ament_cmake_python_build_turtlesim_plus_egg
[0.948s] Invoked command in '/home/kireiji/RoboticsDev_ws/build/turtlesim_plus' returned '0': CMAKE_PREFIX_PATH=${CMAKE_PREFIX_PATH}:/home/kireiji/RoboticsDev_ws/install/launch_testing_examples:/home/kireiji/RoboticsDev_ws/install/examples_rclpy_pointcloud_publisher:/home/kireiji/RoboticsDev_ws/install/examples_rclpy_minimal_subscriber:/home/kireiji/RoboticsDev_ws/install/examples_rclpy_minimal_service:/home/kireiji/RoboticsDev_ws/install/examples_rclpy_minimal_publisher:/home/kireiji/RoboticsDev_ws/install/examples_rclpy_minimal_client:/home/kireiji/RoboticsDev_ws/install/examples_rclpy_minimal_action_server:/home/kireiji/RoboticsDev_ws/install/examples_rclpy_minimal_action_client:/home/kireiji/RoboticsDev_ws/install/examples_rclpy_guard_conditions:/home/kireiji/RoboticsDev_ws/install/examples_rclpy_executors:/home/kireiji/ros2_ws/install/my_py_pkg:/opt/ros/humble /usr/bin/cmake --build /home/kireiji/RoboticsDev_ws/build/turtlesim_plus -- -j16 -l16
[1.026s] Invoking command in '/home/kireiji/RoboticsDev_ws/build/turtlesim_plus': CMAKE_PREFIX_PATH=${CMAKE_PREFIX_PATH}:/home/kireiji/RoboticsDev_ws/install/launch_testing_examples:/home/kireiji/RoboticsDev_ws/install/examples_rclpy_pointcloud_publisher:/home/kireiji/RoboticsDev_ws/install/examples_rclpy_minimal_subscriber:/home/kireiji/RoboticsDev_ws/install/examples_rclpy_minimal_service:/home/kireiji/RoboticsDev_ws/install/examples_rclpy_minimal_publisher:/home/kireiji/RoboticsDev_ws/install/examples_rclpy_minimal_client:/home/kireiji/RoboticsDev_ws/install/examples_rclpy_minimal_action_server:/home/kireiji/RoboticsDev_ws/install/examples_rclpy_minimal_action_client:/home/kireiji/RoboticsDev_ws/install/examples_rclpy_guard_conditions:/home/kireiji/RoboticsDev_ws/install/examples_rclpy_executors:/home/kireiji/ros2_ws/install/my_py_pkg:/opt/ros/humble /usr/bin/cmake --install /home/kireiji/RoboticsDev_ws/build/turtlesim_plus
[1.103s] -- Install configuration: ""
[1.103s] -- Up-to-date: /home/kireiji/RoboticsDev_ws/install/turtlesim_plus/share/turtlesim_plus/environment/pythonpath.sh
[1.103s] -- Up-to-date: /home/kireiji/RoboticsDev_ws/install/turtlesim_plus/share/turtlesim_plus/environment/pythonpath.dsv
[1.103s] -- Up-to-date: /home/kireiji/RoboticsDev_ws/install/turtlesim_plus/lib/python3.10/site-packages/turtlesim_plus-1.0.0-py3.10.egg-info
[1.103s] -- Installing: /home/kireiji/RoboticsDev_ws/install/turtlesim_plus/lib/python3.10/site-packages/turtlesim_plus-1.0.0-py3.10.egg-info/PKG-INFO
[1.103s] -- Installing: /home/kireiji/RoboticsDev_ws/install/turtlesim_plus/lib/python3.10/site-packages/turtlesim_plus-1.0.0-py3.10.egg-info/dependency_links.txt
[1.104s] -- Installing: /home/kireiji/RoboticsDev_ws/install/turtlesim_plus/lib/python3.10/site-packages/turtlesim_plus-1.0.0-py3.10.egg-info/top_level.txt
[1.104s] -- Installing: /home/kireiji/RoboticsDev_ws/install/turtlesim_plus/lib/python3.10/site-packages/turtlesim_plus-1.0.0-py3.10.egg-info/SOURCES.txt
[1.104s] -- Up-to-date: /home/kireiji/RoboticsDev_ws/install/turtlesim_plus/lib/python3.10/site-packages/turtlesim_plus
[1.104s] -- Up-to-date: /home/kireiji/RoboticsDev_ws/install/turtlesim_plus/lib/python3.10/site-packages/turtlesim_plus/__init__.py
[1.104s] -- Up-to-date: /home/kireiji/RoboticsDev_ws/install/turtlesim_plus/lib/python3.10/site-packages/turtlesim_plus/ros2_plugins.py
[1.104s] -- Up-to-date: /home/kireiji/RoboticsDev_ws/install/turtlesim_plus/lib/python3.10/site-packages/turtlesim_plus/entity.py
[1.104s] -- Up-to-date: /home/kireiji/RoboticsDev_ws/install/turtlesim_plus/lib/python3.10/site-packages/turtlesim_plus/image
[1.104s] -- Up-to-date: /home/kireiji/RoboticsDev_ws/install/turtlesim_plus/lib/python3.10/site-packages/turtlesim_plus/image/turtle
[1.104s] -- Up-to-date: /home/kireiji/RoboticsDev_ws/install/turtlesim_plus/lib/python3.10/site-packages/turtlesim_plus/image/turtle/bouncy.png
[1.104s] -- Up-to-date: /home/kireiji/RoboticsDev_ws/install/turtlesim_plus/lib/python3.10/site-packages/turtlesim_plus/image/turtle/foxy.png
[1.104s] -- Up-to-date: /home/kireiji/RoboticsDev_ws/install/turtlesim_plus/lib/python3.10/site-packages/turtlesim_plus/image/turtle/crystal.png
[1.104s] -- Up-to-date: /home/kireiji/RoboticsDev_ws/install/turtlesim_plus/lib/python3.10/site-packages/turtlesim_plus/image/turtle/galactic.png
[1.104s] -- Up-to-date: /home/kireiji/RoboticsDev_ws/install/turtlesim_plus/lib/python3.10/site-packages/turtlesim_plus/image/turtle/otto.png
[1.104s] -- Up-to-date: /home/kireiji/RoboticsDev_ws/install/turtlesim_plus/lib/python3.10/site-packages/turtlesim_plus/image/turtle/eloquent.png
[1.105s] -- Up-to-date: /home/kireiji/RoboticsDev_ws/install/turtlesim_plus/lib/python3.10/site-packages/turtlesim_plus/image/turtle/dashing.png
[1.105s] -- Up-to-date: /home/kireiji/RoboticsDev_ws/install/turtlesim_plus/lib/python3.10/site-packages/turtlesim_plus/image/turtle/humble.png
[1.105s] -- Up-to-date: /home/kireiji/RoboticsDev_ws/install/turtlesim_plus/lib/python3.10/site-packages/turtlesim_plus/image/turtle/rolling.png
[1.105s] -- Up-to-date: /home/kireiji/RoboticsDev_ws/install/turtlesim_plus/lib/python3.10/site-packages/turtlesim_plus/image/turtle/ardent.png
[1.105s] -- Up-to-date: /home/kireiji/RoboticsDev_ws/install/turtlesim_plus/lib/python3.10/site-packages/turtlesim_plus/image/object
[1.105s] -- Up-to-date: /home/kireiji/RoboticsDev_ws/install/turtlesim_plus/lib/python3.10/site-packages/turtlesim_plus/image/object/pizza.png
[1.105s] -- Up-to-date: /home/kireiji/RoboticsDev_ws/install/turtlesim_plus/lib/python3.10/site-packages/turtlesim_plus/image/object/parcel.png
[1.105s] -- Up-to-date: /home/kireiji/RoboticsDev_ws/install/turtlesim_plus/lib/python3.10/site-packages/turtlesim_plus/image/map
[1.105s] -- Up-to-date: /home/kireiji/RoboticsDev_ws/install/turtlesim_plus/lib/python3.10/site-packages/turtlesim_plus/image/map/map.png
[1.142s] Listing '/home/kireiji/RoboticsDev_ws/install/turtlesim_plus/lib/python3.10/site-packages/turtlesim_plus'...
[1.142s] Listing '/home/kireiji/RoboticsDev_ws/install/turtlesim_plus/lib/python3.10/site-packages/turtlesim_plus/image'...
[1.142s] Listing '/home/kireiji/RoboticsDev_ws/install/turtlesim_plus/lib/python3.10/site-packages/turtlesim_plus/image/map'...
[1.142s] Listing '/home/kireiji/RoboticsDev_ws/install/turtlesim_plus/lib/python3.10/site-packages/turtlesim_plus/image/object'...
[1.142s] Listing '/home/kireiji/RoboticsDev_ws/install/turtlesim_plus/lib/python3.10/site-packages/turtlesim_plus/image/turtle'...
[1.156s] -- Up-to-date: /home/kireiji/RoboticsDev_ws/install/turtlesim_plus/lib/turtlesim_plus/turtlesim_plus_node.py
[1.156s] -- Up-to-date: /home/kireiji/RoboticsDev_ws/install/turtlesim_plus/lib/turtlesim_plus/pizza_on_click.py
[1.156s] -- Up-to-date: /home/kireiji/RoboticsDev_ws/install/turtlesim_plus/share/turtlesim_plus
[1.156s] -- Up-to-date: /home/kireiji/RoboticsDev_ws/install/turtlesim_plus/share/ament_index/resource_index/package_run_dependencies/turtlesim_plus
[1.156s] -- Up-to-date: /home/kireiji/RoboticsDev_ws/install/turtlesim_plus/share/ament_index/resource_index/parent_prefix_path/turtlesim_plus
[1.158s] -- Up-to-date: /home/kireiji/RoboticsDev_ws/install/turtlesim_plus/share/turtlesim_plus/environment/ament_prefix_path.sh
[1.159s] -- Up-to-date: /home/kireiji/RoboticsDev_ws/install/turtlesim_plus/share/turtlesim_plus/environment/ament_prefix_path.dsv
[1.159s] -- Up-to-date: /home/kireiji/RoboticsDev_ws/install/turtlesim_plus/share/turtlesim_plus/environment/path.sh
[1.159s] -- Up-to-date: /home/kireiji/RoboticsDev_ws/install/turtlesim_plus/share/turtlesim_plus/environment/path.dsv
[1.159s] -- Up-to-date: /home/kireiji/RoboticsDev_ws/install/turtlesim_plus/share/turtlesim_plus/local_setup.bash
[1.159s] -- Up-to-date: /home/kireiji/RoboticsDev_ws/install/turtlesim_plus/share/turtlesim_plus/local_setup.sh
[1.159s] -- Up-to-date: /home/kireiji/RoboticsDev_ws/install/turtlesim_plus/share/turtlesim_plus/local_setup.zsh
[1.159s] -- Up-to-date: /home/kireiji/RoboticsDev_ws/install/turtlesim_plus/share/turtlesim_plus/local_setup.dsv
[1.159s] -- Installing: /home/kireiji/RoboticsDev_ws/install/turtlesim_plus/share/turtlesim_plus/package.dsv
[1.159s] -- Up-to-date: /home/kireiji/RoboticsDev_ws/install/turtlesim_plus/share/ament_index/resource_index/packages/turtlesim_plus
[1.159s] -- Up-to-date: /home/kireiji/RoboticsDev_ws/install/turtlesim_plus/share/turtlesim_plus/cmake/turtlesim_plusConfig.cmake
[1.159s] -- Up-to-date: /home/kireiji/RoboticsDev_ws/install/turtlesim_plus/share/turtlesim_plus/cmake/turtlesim_plusConfig-version.cmake
[1.159s] -- Up-to-date: /home/kireiji/RoboticsDev_ws/install/turtlesim_plus/share/turtlesim_plus/package.xml
[1.160s] Invoked command in '/home/kireiji/RoboticsDev_ws/build/turtlesim_plus' returned '0': CMAKE_PREFIX_PATH=${CMAKE_PREFIX_PATH}:/home/kireiji/RoboticsDev_ws/install/launch_testing_examples:/home/kireiji/RoboticsDev_ws/install/examples_rclpy_pointcloud_publisher:/home/kireiji/RoboticsDev_ws/install/examples_rclpy_minimal_subscriber:/home/kireiji/RoboticsDev_ws/install/examples_rclpy_minimal_service:/home/kireiji/RoboticsDev_ws/install/examples_rclpy_minimal_publisher:/home/kireiji/RoboticsDev_ws/install/examples_rclpy_minimal_client:/home/kireiji/RoboticsDev_ws/install/examples_rclpy_minimal_action_server:/home/kireiji/RoboticsDev_ws/install/examples_rclpy_minimal_action_client:/home/kireiji/RoboticsDev_ws/install/examples_rclpy_guard_conditions:/home/kireiji/RoboticsDev_ws/install/examples_rclpy_executors:/home/kireiji/ros2_ws/install/my_py_pkg:/opt/ros/humble /usr/bin/cmake --install /home/kireiji/RoboticsDev_ws/build/turtlesim_plus
