[0.006s] Invoking command in '/home/kireiji/RoboticsDev_ws/build/lecture4': CMAKE_PREFIX_PATH=${CMAKE_PREFIX_PATH}:/home/kireiji/ros2_ws/install/my_py_pkg:/opt/ros/humble /usr/bin/cmake /home/kireiji/RoboticsDev_ws/src/lecture4 -DCMAKE_INSTALL_PREFIX=/home/kireiji/RoboticsDev_ws/install/lecture4
[0.090s] -- The C compiler identification is GNU 11.4.0
[0.154s] -- The CXX compiler identification is GNU 11.4.0
[0.160s] -- Detecting C compiler ABI info
[0.203s] -- Detecting C compiler ABI info - done
[0.207s] -- Check for working C compiler: /usr/bin/cc - skipped
[0.208s] -- Detecting C compile features
[0.208s] -- Detecting C compile features - done
[0.210s] -- Detecting CXX compiler ABI info
[0.260s] -- Detecting CXX compiler ABI info - done
[0.264s] -- Check for working CXX compiler: /usr/bin/c++ - skipped
[0.264s] -- Detecting CXX compile features
[0.265s] -- Detecting CXX compile features - done
[0.279s] -- Found ament_cmake: 1.3.10 (/opt/ros/humble/share/ament_cmake/cmake)
[0.650s] -- Found Python3: /usr/local/bin/python3 (found version "3.10.0") found components: Interpreter 
[0.730s] -- Found rclcpp: 16.0.10 (/opt/ros/humble/share/rclcpp/cmake)
[0.770s] -- Found rosidl_generator_c: 3.1.5 (/opt/ros/humble/share/rosidl_generator_c/cmake)
[0.775s] -- Found rosidl_adapter: 3.1.5 (/opt/ros/humble/share/rosidl_adapter/cmake)
[0.781s] -- Found rosidl_generator_cpp: 3.1.5 (/opt/ros/humble/share/rosidl_generator_cpp/cmake)
[0.793s] -- Using all available rosidl_typesupport_c: rosidl_typesupport_fastrtps_c;rosidl_typesupport_introspection_c
[0.806s] -- Using all available rosidl_typesupport_cpp: rosidl_typesupport_fastrtps_cpp;rosidl_typesupport_introspection_cpp
[0.841s] -- Found rmw_implementation_cmake: 6.1.2 (/opt/ros/humble/share/rmw_implementation_cmake/cmake)
[0.844s] -- Found rmw_fastrtps_cpp: 6.2.7 (/opt/ros/humble/share/rmw_fastrtps_cpp/cmake)
[0.904s] -- Found OpenSSL: /usr/lib/x86_64-linux-gnu/libcrypto.so (found version "3.0.2")  
[0.921s] -- Found FastRTPS: /opt/ros/humble/include  
[0.944s] -- Using RMW implementation 'rmw_fastrtps_cpp' as default
[0.951s] -- Looking for pthread.h
[0.998s] -- Looking for pthread.h - found
[0.999s] -- Performing Test CMAKE_HAVE_LIBC_PTHREAD
[1.043s] -- Performing Test CMAKE_HAVE_LIBC_PTHREAD - Success
[1.043s] -- Found Threads: TRUE  
[1.083s] -- Found rclpy: 3.3.14 (/opt/ros/humble/share/rclpy/cmake)
[1.219s] -- Configuring done
[1.224s] -- Generating done
[1.225s] -- Build files have been written to: /home/kireiji/RoboticsDev_ws/build/lecture4
[1.231s] Invoked command in '/home/kireiji/RoboticsDev_ws/build/lecture4' returned '0': CMAKE_PREFIX_PATH=${CMAKE_PREFIX_PATH}:/home/kireiji/ros2_ws/install/my_py_pkg:/opt/ros/humble /usr/bin/cmake /home/kireiji/RoboticsDev_ws/src/lecture4 -DCMAKE_INSTALL_PREFIX=/home/kireiji/RoboticsDev_ws/install/lecture4
[1.232s] Invoking command in '/home/kireiji/RoboticsDev_ws/build/lecture4': CMAKE_PREFIX_PATH=${CMAKE_PREFIX_PATH}:/home/kireiji/ros2_ws/install/my_py_pkg:/opt/ros/humble /usr/bin/cmake --build /home/kireiji/RoboticsDev_ws/build/lecture4 -- -j16 -l16
[1.261s] [ 50%] [32mBuilding CXX object CMakeFiles/cpp_node_test.dir/src/cpp_node.cpp.o[0m
[1.265s] [ 50%] Built target ament_cmake_python_copy_lecture4
[1.422s] running egg_info
[1.422s] creating lecture4.egg-info
[1.422s] writing manifest file 'lecture4.egg-info/SOURCES.txt'
[1.424s] writing manifest file 'lecture4.egg-info/SOURCES.txt'
[1.441s] [ 50%] Built target ament_cmake_python_build_lecture4_egg
[1.441s] [100%] [32m[1mLinking CXX executable cpp_node_test[0m
[1.497s] [100%] Built target cpp_node_test
[1.504s] Invoked command in '/home/kireiji/RoboticsDev_ws/build/lecture4' returned '0': CMAKE_PREFIX_PATH=${CMAKE_PREFIX_PATH}:/home/kireiji/ros2_ws/install/my_py_pkg:/opt/ros/humble /usr/bin/cmake --build /home/kireiji/RoboticsDev_ws/build/lecture4 -- -j16 -l16
[1.525s] Invoking command in '/home/kireiji/RoboticsDev_ws/build/lecture4': CMAKE_PREFIX_PATH=${CMAKE_PREFIX_PATH}:/home/kireiji/ros2_ws/install/my_py_pkg:/opt/ros/humble /usr/bin/cmake --install /home/kireiji/RoboticsDev_ws/build/lecture4
[1.529s] -- Install configuration: ""
[1.529s] -- Installing: /home/kireiji/RoboticsDev_ws/install/lecture4/share/lecture4/environment/pythonpath.sh
[1.529s] -- Installing: /home/kireiji/RoboticsDev_ws/install/lecture4/share/lecture4/environment/pythonpath.dsv
[1.529s] -- Installing: /home/kireiji/RoboticsDev_ws/install/lecture4/lib/python3.10/site-packages/lecture4-0.0.0-py3.10.egg-info
[1.529s] -- Installing: /home/kireiji/RoboticsDev_ws/install/lecture4/lib/python3.10/site-packages/lecture4-0.0.0-py3.10.egg-info/PKG-INFO
[1.529s] -- Installing: /home/kireiji/RoboticsDev_ws/install/lecture4/lib/python3.10/site-packages/lecture4-0.0.0-py3.10.egg-info/dependency_links.txt
[1.530s] -- Installing: /home/kireiji/RoboticsDev_ws/install/lecture4/lib/python3.10/site-packages/lecture4-0.0.0-py3.10.egg-info/top_level.txt
[1.530s] -- Installing: /home/kireiji/RoboticsDev_ws/install/lecture4/lib/python3.10/site-packages/lecture4-0.0.0-py3.10.egg-info/SOURCES.txt
[1.530s] -- Installing: /home/kireiji/RoboticsDev_ws/install/lecture4/lib/python3.10/site-packages/lecture4
[1.530s] -- Installing: /home/kireiji/RoboticsDev_ws/install/lecture4/lib/python3.10/site-packages/lecture4/__init__.py
[1.530s] -- Installing: /home/kireiji/RoboticsDev_ws/install/lecture4/lib/python3.10/site-packages/lecture4/dummy_module.py
[1.554s] Listing '/home/kireiji/RoboticsDev_ws/install/lecture4/lib/python3.10/site-packages/lecture4'...
[1.554s] Compiling '/home/kireiji/RoboticsDev_ws/install/lecture4/lib/python3.10/site-packages/lecture4/__init__.py'...
[1.554s] Compiling '/home/kireiji/RoboticsDev_ws/install/lecture4/lib/python3.10/site-packages/lecture4/dummy_module.py'...
[1.556s] -- Installing: /home/kireiji/RoboticsDev_ws/install/lecture4/lib/lecture4/dummy_script.py
[1.557s] -- Installing: /home/kireiji/RoboticsDev_ws/install/lecture4/lib/lecture4/cpp_node_test
[1.557s] -- Set runtime path of "/home/kireiji/RoboticsDev_ws/install/lecture4/lib/lecture4/cpp_node_test" to ""
[1.557s] -- Up-to-date: /home/kireiji/RoboticsDev_ws/install/lecture4/share/lecture4
[1.557s] -- Installing: /home/kireiji/RoboticsDev_ws/install/lecture4/share/ament_index/resource_index/package_run_dependencies/lecture4
[1.557s] -- Installing: /home/kireiji/RoboticsDev_ws/install/lecture4/share/ament_index/resource_index/parent_prefix_path/lecture4
[1.557s] -- Installing: /home/kireiji/RoboticsDev_ws/install/lecture4/share/lecture4/environment/ament_prefix_path.sh
[1.557s] -- Installing: /home/kireiji/RoboticsDev_ws/install/lecture4/share/lecture4/environment/ament_prefix_path.dsv
[1.557s] -- Installing: /home/kireiji/RoboticsDev_ws/install/lecture4/share/lecture4/environment/path.sh
[1.557s] -- Installing: /home/kireiji/RoboticsDev_ws/install/lecture4/share/lecture4/environment/path.dsv
[1.557s] -- Installing: /home/kireiji/RoboticsDev_ws/install/lecture4/share/lecture4/local_setup.bash
[1.557s] -- Installing: /home/kireiji/RoboticsDev_ws/install/lecture4/share/lecture4/local_setup.sh
[1.557s] -- Installing: /home/kireiji/RoboticsDev_ws/install/lecture4/share/lecture4/local_setup.zsh
[1.557s] -- Installing: /home/kireiji/RoboticsDev_ws/install/lecture4/share/lecture4/local_setup.dsv
[1.557s] -- Installing: /home/kireiji/RoboticsDev_ws/install/lecture4/share/lecture4/package.dsv
[1.557s] -- Installing: /home/kireiji/RoboticsDev_ws/install/lecture4/share/ament_index/resource_index/packages/lecture4
[1.557s] -- Installing: /home/kireiji/RoboticsDev_ws/install/lecture4/share/lecture4/cmake/lecture4Config.cmake
[1.557s] -- Installing: /home/kireiji/RoboticsDev_ws/install/lecture4/share/lecture4/cmake/lecture4Config-version.cmake
[1.558s] -- Installing: /home/kireiji/RoboticsDev_ws/install/lecture4/share/lecture4/package.xml
[1.559s] Invoked command in '/home/kireiji/RoboticsDev_ws/build/lecture4' returned '0': CMAKE_PREFIX_PATH=${CMAKE_PREFIX_PATH}:/home/kireiji/ros2_ws/install/my_py_pkg:/opt/ros/humble /usr/bin/cmake --install /home/kireiji/RoboticsDev_ws/build/lecture4
