[0.046s] Invoking command in '/home/kireiji/RoboticsDev_ws/build/lecture3_interfaces': CMAKE_PREFIX_PATH=${CMAKE_PREFIX_PATH}:/home/kireiji/RoboticsDev_ws/install/launch_testing_examples:/home/kireiji/RoboticsDev_ws/install/examples_rclpy_pointcloud_publisher:/home/kireiji/RoboticsDev_ws/install/examples_rclpy_minimal_subscriber:/home/kireiji/RoboticsDev_ws/install/examples_rclpy_minimal_service:/home/kireiji/RoboticsDev_ws/install/examples_rclpy_minimal_publisher:/home/kireiji/RoboticsDev_ws/install/examples_rclpy_minimal_client:/home/kireiji/RoboticsDev_ws/install/examples_rclpy_minimal_action_server:/home/kireiji/RoboticsDev_ws/install/examples_rclpy_minimal_action_client:/home/kireiji/RoboticsDev_ws/install/examples_rclpy_guard_conditions:/home/kireiji/RoboticsDev_ws/install/examples_rclpy_executors:/home/kireiji/ros2_ws/install/my_py_pkg:/opt/ros/humble /usr/bin/cmake /home/kireiji/RoboticsDev_ws/src/lecture3_interfaces -DCMAKE_INSTALL_PREFIX=/home/kireiji/RoboticsDev_ws/install/lecture3_interfaces
[0.919s] -- The C compiler identification is GNU 11.4.0
[0.920s] -- The CXX compiler identification is GNU 11.4.0
[0.922s] -- Detecting C compiler ABI info
[0.923s] -- Detecting C compiler ABI info - done
[0.924s] -- Check for working C compiler: /usr/bin/cc - skipped
[0.924s] -- Detecting C compile features
[0.924s] -- Detecting C compile features - done
[0.924s] -- Detecting CXX compiler ABI info
[0.925s] -- Detecting CXX compiler ABI info - done
[0.925s] -- Check for working CXX compiler: /usr/bin/c++ - skipped
[0.925s] -- Detecting CXX compile features
[0.925s] -- Detecting CXX compile features - done
[0.925s] -- Found ament_cmake: 1.3.10 (/opt/ros/humble/share/ament_cmake/cmake)
[1.470s] -- Found Python3: /usr/local/bin/python3 (found version "3.10.0") found components: Interpreter 
[1.663s] -- Found std_msgs: 4.2.4 (/opt/ros/humble/share/std_msgs/cmake)
[1.705s] -- Found rosidl_generator_c: 3.1.5 (/opt/ros/humble/share/rosidl_generator_c/cmake)
[1.711s] -- Found rosidl_adapter: 3.1.5 (/opt/ros/humble/share/rosidl_adapter/cmake)
[1.725s] -- Found rosidl_generator_cpp: 3.1.5 (/opt/ros/humble/share/rosidl_generator_cpp/cmake)
[1.739s] -- Using all available rosidl_typesupport_c: rosidl_typesupport_fastrtps_c;rosidl_typesupport_introspection_c
[1.761s] -- Using all available rosidl_typesupport_cpp: rosidl_typesupport_fastrtps_cpp;rosidl_typesupport_introspection_cpp
[1.797s] -- Found rosidl_default_generators: 1.2.0 (/opt/ros/humble/share/rosidl_default_generators/cmake)
[1.814s] -- Found ament_lint_auto: 0.12.11 (/opt/ros/humble/share/ament_lint_auto/cmake)
[2.302s] -- Found ament_cmake_ros: 0.10.0 (/opt/ros/humble/share/ament_cmake_ros/cmake)
[3.213s] -- Using all available rosidl_typesupport_c: rosidl_typesupport_fastrtps_c;rosidl_typesupport_introspection_c
[3.456s] -- Using all available rosidl_typesupport_cpp: rosidl_typesupport_fastrtps_cpp;rosidl_typesupport_introspection_cpp
[3.509s] -- Found PythonInterp: /usr/local/bin/python3 (found suitable version "3.10", minimum required is "3.6") 
[3.510s] -- Found python_cmake_module: 0.10.0 (/opt/ros/humble/share/python_cmake_module/cmake)
[3.569s] -- Found PythonLibs: /usr/local/lib/libpython3.10.a (found suitable version "3.10.0", minimum required is "3.5") 
[3.569s] -- Using PYTHON_EXECUTABLE: /usr/local/bin/python3
[3.569s] -- Using PYTHON_INCLUDE_DIRS: /usr/local/include/python3.10
[3.569s] -- Using PYTHON_LIBRARIES: /usr/local/lib/libpython3.10.a
[3.739s] -- Found PythonExtra: .so  
[4.445s] -- Using numpy include directory: /home/kireiji/.local/lib/python3.10/site-packages/numpy/_core/include
[4.557s] -- Added test 'lint_cmake' to check CMake code style
[4.559s] -- Added test 'xmllint' to check XML markup files
[4.568s] -- Configuring done
[4.668s] -- Generating done
[4.677s] -- Build files have been written to: /home/kireiji/RoboticsDev_ws/build/lecture3_interfaces
[8.383s] Invoked command in '/home/kireiji/RoboticsDev_ws/build/lecture3_interfaces' returned '0': CMAKE_PREFIX_PATH=${CMAKE_PREFIX_PATH}:/home/kireiji/RoboticsDev_ws/install/launch_testing_examples:/home/kireiji/RoboticsDev_ws/install/examples_rclpy_pointcloud_publisher:/home/kireiji/RoboticsDev_ws/install/examples_rclpy_minimal_subscriber:/home/kireiji/RoboticsDev_ws/install/examples_rclpy_minimal_service:/home/kireiji/RoboticsDev_ws/install/examples_rclpy_minimal_publisher:/home/kireiji/RoboticsDev_ws/install/examples_rclpy_minimal_client:/home/kireiji/RoboticsDev_ws/install/examples_rclpy_minimal_action_server:/home/kireiji/RoboticsDev_ws/install/examples_rclpy_minimal_action_client:/home/kireiji/RoboticsDev_ws/install/examples_rclpy_guard_conditions:/home/kireiji/RoboticsDev_ws/install/examples_rclpy_executors:/home/kireiji/ros2_ws/install/my_py_pkg:/opt/ros/humble /usr/bin/cmake /home/kireiji/RoboticsDev_ws/src/lecture3_interfaces -DCMAKE_INSTALL_PREFIX=/home/kireiji/RoboticsDev_ws/install/lecture3_interfaces
[8.384s] Invoking command in '/home/kireiji/RoboticsDev_ws/build/lecture3_interfaces': CMAKE_PREFIX_PATH=${CMAKE_PREFIX_PATH}:/home/kireiji/RoboticsDev_ws/install/launch_testing_examples:/home/kireiji/RoboticsDev_ws/install/examples_rclpy_pointcloud_publisher:/home/kireiji/RoboticsDev_ws/install/examples_rclpy_minimal_subscriber:/home/kireiji/RoboticsDev_ws/install/examples_rclpy_minimal_service:/home/kireiji/RoboticsDev_ws/install/examples_rclpy_minimal_publisher:/home/kireiji/RoboticsDev_ws/install/examples_rclpy_minimal_client:/home/kireiji/RoboticsDev_ws/install/examples_rclpy_minimal_action_server:/home/kireiji/RoboticsDev_ws/install/examples_rclpy_minimal_action_client:/home/kireiji/RoboticsDev_ws/install/examples_rclpy_guard_conditions:/home/kireiji/RoboticsDev_ws/install/examples_rclpy_executors:/home/kireiji/ros2_ws/install/my_py_pkg:/opt/ros/humble /usr/bin/cmake --build /home/kireiji/RoboticsDev_ws/build/lecture3_interfaces -- -j16 -l16
[34.742s] [  2%] [34m[1mGenerating C code for ROS interfaces[0m
[34.743s] [  5%] [34m[1mGenerating C++ code for ROS interfaces[0m
[34.743s] [  5%] Built target ament_cmake_python_copy_lecture3_interfaces
[34.745s] [  7%] [32mBuilding C object CMakeFiles/lecture3_interfaces__rosidl_generator_c.dir/rosidl_generator_c/lecture3_interfaces/msg/detail/example_msg__functions.c.o[0m
[34.745s] [ 10%] [32mBuilding C object CMakeFiles/lecture3_interfaces__rosidl_generator_c.dir/rosidl_generator_c/lecture3_interfaces/srv/detail/example_srv__functions.c.o[0m
[34.745s] [ 12%] [32m[1mLinking C shared library liblecture3_interfaces__rosidl_generator_c.so[0m
[34.745s] [ 12%] Built target lecture3_interfaces__rosidl_generator_c
[34.745s] [ 15%] [34m[1mGenerating C type support for eProsima Fast-RTPS[0m
[34.745s] [ 17%] [34m[1mGenerating C introspection for ROS interfaces[0m
[34.746s] [ 20%] [34m[1mGenerating C type support dispatch for ROS interfaces[0m
[34.750s] [ 23%] [32mBuilding CXX object CMakeFiles/lecture3_interfaces__rosidl_typesupport_fastrtps_c.dir/rosidl_typesupport_fastrtps_c/lecture3_interfaces/msg/detail/example_msg__type_support_c.cpp.o[0m
[34.752s] [ 25%] [32mBuilding CXX object CMakeFiles/lecture3_interfaces__rosidl_typesupport_fastrtps_c.dir/rosidl_typesupport_fastrtps_c/lecture3_interfaces/srv/detail/example_srv__type_support_c.cpp.o[0m
[34.753s] [ 28%] [32mBuilding C object CMakeFiles/lecture3_interfaces__rosidl_typesupport_introspection_c.dir/rosidl_typesupport_introspection_c/lecture3_interfaces/msg/detail/example_msg__type_support.c.o[0m
[34.753s] [ 30%] [32mBuilding C object CMakeFiles/lecture3_interfaces__rosidl_typesupport_introspection_c.dir/rosidl_typesupport_introspection_c/lecture3_interfaces/srv/detail/example_srv__type_support.c.o[0m
[34.753s] [ 33%] [32m[1mLinking C shared library liblecture3_interfaces__rosidl_typesupport_introspection_c.so[0m
[34.753s] [ 33%] Built target lecture3_interfaces__rosidl_typesupport_introspection_c
[34.753s] running egg_info
[34.754s] creating lecture3_interfaces.egg-info
[34.754s] writing manifest file 'lecture3_interfaces.egg-info/SOURCES.txt'
[34.754s] writing manifest file 'lecture3_interfaces.egg-info/SOURCES.txt'
[34.754s] [ 33%] Built target lecture3_interfaces__cpp
[34.755s] [ 35%] [34m[1mGenerating C++ type support for eProsima Fast-RTPS[0m
[34.755s] [ 38%] [34m[1mGenerating C++ type support dispatch for ROS interfaces[0m
[34.755s] [ 41%] [34m[1mGenerating C++ introspection for ROS interfaces[0m
[34.755s] [ 43%] [32mBuilding CXX object CMakeFiles/lecture3_interfaces__rosidl_typesupport_c.dir/rosidl_typesupport_c/lecture3_interfaces/msg/example_msg__type_support.cpp.o[0m
[34.755s] [ 43%] Built target ament_cmake_python_build_lecture3_interfaces_egg
[34.755s] [ 46%] [32mBuilding CXX object CMakeFiles/lecture3_interfaces__rosidl_typesupport_c.dir/rosidl_typesupport_c/lecture3_interfaces/srv/example_srv__type_support.cpp.o[0m
[34.755s] [ 48%] [32m[1mLinking CXX shared library liblecture3_interfaces__rosidl_typesupport_c.so[0m
[34.755s] [ 48%] Built target lecture3_interfaces__rosidl_typesupport_c
[34.755s] [ 51%] [32m[1mLinking CXX shared library liblecture3_interfaces__rosidl_typesupport_fastrtps_c.so[0m
[34.755s] [ 53%] [32mBuilding CXX object CMakeFiles/lecture3_interfaces__rosidl_typesupport_introspection_cpp.dir/rosidl_typesupport_introspection_cpp/lecture3_interfaces/srv/detail/example_srv__type_support.cpp.o[0m
[34.755s] [ 56%] [32mBuilding CXX object CMakeFiles/lecture3_interfaces__rosidl_typesupport_introspection_cpp.dir/rosidl_typesupport_introspection_cpp/lecture3_interfaces/msg/detail/example_msg__type_support.cpp.o[0m
[34.755s] [ 56%] Built target lecture3_interfaces__rosidl_typesupport_fastrtps_c
[34.755s] [ 58%] [32mBuilding CXX object CMakeFiles/lecture3_interfaces__rosidl_typesupport_cpp.dir/rosidl_typesupport_cpp/lecture3_interfaces/msg/example_msg__type_support.cpp.o[0m
[34.755s] [ 61%] [32mBuilding CXX object CMakeFiles/lecture3_interfaces__rosidl_typesupport_cpp.dir/rosidl_typesupport_cpp/lecture3_interfaces/srv/example_srv__type_support.cpp.o[0m
[34.755s] [ 64%] [32mBuilding CXX object CMakeFiles/lecture3_interfaces__rosidl_typesupport_fastrtps_cpp.dir/rosidl_typesupport_fastrtps_cpp/lecture3_interfaces/msg/detail/dds_fastrtps/example_msg__type_support.cpp.o[0m
[34.770s] [ 66%] [32mBuilding CXX object CMakeFiles/lecture3_interfaces__rosidl_typesupport_fastrtps_cpp.dir/rosidl_typesupport_fastrtps_cpp/lecture3_interfaces/srv/detail/dds_fastrtps/example_srv__type_support.cpp.o[0m
[34.770s] [ 69%] [32m[1mLinking CXX shared library liblecture3_interfaces__rosidl_typesupport_cpp.so[0m
[34.770s] [ 69%] Built target lecture3_interfaces__rosidl_typesupport_cpp
[34.771s] [ 71%] [32m[1mLinking CXX shared library liblecture3_interfaces__rosidl_typesupport_introspection_cpp.so[0m
[34.771s] [ 71%] Built target lecture3_interfaces__rosidl_typesupport_introspection_cpp
[34.771s] [ 74%] [32m[1mLinking CXX shared library liblecture3_interfaces__rosidl_typesupport_fastrtps_cpp.so[0m
[34.771s] [ 74%] Built target lecture3_interfaces__rosidl_typesupport_fastrtps_cpp
[34.771s] [ 74%] Built target lecture3_interfaces
[34.771s] [ 76%] [34m[1mGenerating Python code for ROS interfaces[0m
[34.771s] [ 76%] Built target lecture3_interfaces__py
[34.771s] [ 79%] [32mBuilding C object CMakeFiles/lecture3_interfaces__rosidl_generator_py.dir/rosidl_generator_py/lecture3_interfaces/msg/_example_msg_s.c.o[0m
[34.771s] [ 82%] [32mBuilding C object CMakeFiles/lecture3_interfaces__rosidl_generator_py.dir/rosidl_generator_py/lecture3_interfaces/srv/_example_srv_s.c.o[0m
[34.771s] [ 84%] [32m[1mLinking C shared library rosidl_generator_py/lecture3_interfaces/liblecture3_interfaces__rosidl_generator_py.so[0m
[34.771s] [ 84%] Built target lecture3_interfaces__rosidl_generator_py
[34.771s] [ 87%] [32mBuilding C object CMakeFiles/lecture3_interfaces__rosidl_typesupport_fastrtps_c__pyext.dir/rosidl_generator_py/lecture3_interfaces/_lecture3_interfaces_s.ep.rosidl_typesupport_fastrtps_c.c.o[0m
[34.771s] [ 89%] [32m[1mLinking C shared library rosidl_generator_py/lecture3_interfaces/lecture3_interfaces_s__rosidl_typesupport_fastrtps_c.cpython-310-x86_64-linux-gnu.so[0m
[34.771s] [ 89%] Built target lecture3_interfaces__rosidl_typesupport_fastrtps_c__pyext
[34.772s] [ 92%] [32mBuilding C object CMakeFiles/lecture3_interfaces__rosidl_typesupport_c__pyext.dir/rosidl_generator_py/lecture3_interfaces/_lecture3_interfaces_s.ep.rosidl_typesupport_c.c.o[0m
[34.772s] [ 94%] [32m[1mLinking C shared library rosidl_generator_py/lecture3_interfaces/lecture3_interfaces_s__rosidl_typesupport_c.cpython-310-x86_64-linux-gnu.so[0m
[34.772s] [ 94%] Built target lecture3_interfaces__rosidl_typesupport_c__pyext
[34.772s] [ 97%] [32mBuilding C object CMakeFiles/lecture3_interfaces__rosidl_typesupport_introspection_c__pyext.dir/rosidl_generator_py/lecture3_interfaces/_lecture3_interfaces_s.ep.rosidl_typesupport_introspection_c.c.o[0m
[34.772s] [100%] [32m[1mLinking C shared library rosidl_generator_py/lecture3_interfaces/lecture3_interfaces_s__rosidl_typesupport_introspection_c.cpython-310-x86_64-linux-gnu.so[0m
[34.772s] [100%] Built target lecture3_interfaces__rosidl_typesupport_introspection_c__pyext
[34.823s] Invoked command in '/home/kireiji/RoboticsDev_ws/build/lecture3_interfaces' returned '0': CMAKE_PREFIX_PATH=${CMAKE_PREFIX_PATH}:/home/kireiji/RoboticsDev_ws/install/launch_testing_examples:/home/kireiji/RoboticsDev_ws/install/examples_rclpy_pointcloud_publisher:/home/kireiji/RoboticsDev_ws/install/examples_rclpy_minimal_subscriber:/home/kireiji/RoboticsDev_ws/install/examples_rclpy_minimal_service:/home/kireiji/RoboticsDev_ws/install/examples_rclpy_minimal_publisher:/home/kireiji/RoboticsDev_ws/install/examples_rclpy_minimal_client:/home/kireiji/RoboticsDev_ws/install/examples_rclpy_minimal_action_server:/home/kireiji/RoboticsDev_ws/install/examples_rclpy_minimal_action_client:/home/kireiji/RoboticsDev_ws/install/examples_rclpy_guard_conditions:/home/kireiji/RoboticsDev_ws/install/examples_rclpy_executors:/home/kireiji/ros2_ws/install/my_py_pkg:/opt/ros/humble /usr/bin/cmake --build /home/kireiji/RoboticsDev_ws/build/lecture3_interfaces -- -j16 -l16
[38.319s] Invoking command in '/home/kireiji/RoboticsDev_ws/build/lecture3_interfaces': CMAKE_PREFIX_PATH=${CMAKE_PREFIX_PATH}:/home/kireiji/RoboticsDev_ws/install/launch_testing_examples:/home/kireiji/RoboticsDev_ws/install/examples_rclpy_pointcloud_publisher:/home/kireiji/RoboticsDev_ws/install/examples_rclpy_minimal_subscriber:/home/kireiji/RoboticsDev_ws/install/examples_rclpy_minimal_service:/home/kireiji/RoboticsDev_ws/install/examples_rclpy_minimal_publisher:/home/kireiji/RoboticsDev_ws/install/examples_rclpy_minimal_client:/home/kireiji/RoboticsDev_ws/install/examples_rclpy_minimal_action_server:/home/kireiji/RoboticsDev_ws/install/examples_rclpy_minimal_action_client:/home/kireiji/RoboticsDev_ws/install/examples_rclpy_guard_conditions:/home/kireiji/RoboticsDev_ws/install/examples_rclpy_executors:/home/kireiji/ros2_ws/install/my_py_pkg:/opt/ros/humble /usr/bin/cmake --install /home/kireiji/RoboticsDev_ws/build/lecture3_interfaces
[38.413s] -- Install configuration: ""
[38.414s] -- Installing: /home/kireiji/RoboticsDev_ws/install/lecture3_interfaces/share/ament_index/resource_index/rosidl_interfaces/lecture3_interfaces
[38.414s] -- Installing: /home/kireiji/RoboticsDev_ws/install/lecture3_interfaces/include/lecture3_interfaces/lecture3_interfaces
[38.414s] -- Installing: /home/kireiji/RoboticsDev_ws/install/lecture3_interfaces/include/lecture3_interfaces/lecture3_interfaces/msg
[38.414s] -- Installing: /home/kireiji/RoboticsDev_ws/install/lecture3_interfaces/include/lecture3_interfaces/lecture3_interfaces/msg/rosidl_generator_c__visibility_control.h
[38.414s] -- Installing: /home/kireiji/RoboticsDev_ws/install/lecture3_interfaces/include/lecture3_interfaces/lecture3_interfaces/msg/detail
[38.414s] -- Installing: /home/kireiji/RoboticsDev_ws/install/lecture3_interfaces/include/lecture3_interfaces/lecture3_interfaces/msg/detail/example_msg__type_support.h
[38.414s] -- Installing: /home/kireiji/RoboticsDev_ws/install/lecture3_interfaces/include/lecture3_interfaces/lecture3_interfaces/msg/detail/example_msg__struct.h
[38.414s] -- Installing: /home/kireiji/RoboticsDev_ws/install/lecture3_interfaces/include/lecture3_interfaces/lecture3_interfaces/msg/detail/example_msg__functions.c
[38.415s] -- Installing: /home/kireiji/RoboticsDev_ws/install/lecture3_interfaces/include/lecture3_interfaces/lecture3_interfaces/msg/detail/example_msg__functions.h
[38.415s] -- Installing: /home/kireiji/RoboticsDev_ws/install/lecture3_interfaces/include/lecture3_interfaces/lecture3_interfaces/msg/example_msg.h
[38.415s] -- Installing: /home/kireiji/RoboticsDev_ws/install/lecture3_interfaces/include/lecture3_interfaces/lecture3_interfaces/srv
[38.415s] -- Installing: /home/kireiji/RoboticsDev_ws/install/lecture3_interfaces/include/lecture3_interfaces/lecture3_interfaces/srv/detail
[38.415s] -- Installing: /home/kireiji/RoboticsDev_ws/install/lecture3_interfaces/include/lecture3_interfaces/lecture3_interfaces/srv/detail/example_srv__type_support.h
[38.415s] -- Installing: /home/kireiji/RoboticsDev_ws/install/lecture3_interfaces/include/lecture3_interfaces/lecture3_interfaces/srv/detail/example_srv__functions.c
[38.415s] -- Installing: /home/kireiji/RoboticsDev_ws/install/lecture3_interfaces/include/lecture3_interfaces/lecture3_interfaces/srv/detail/example_srv__struct.h
[38.415s] -- Installing: /home/kireiji/RoboticsDev_ws/install/lecture3_interfaces/include/lecture3_interfaces/lecture3_interfaces/srv/detail/example_srv__functions.h
[38.415s] -- Installing: /home/kireiji/RoboticsDev_ws/install/lecture3_interfaces/include/lecture3_interfaces/lecture3_interfaces/srv/example_srv.h
[38.415s] -- Installing: /home/kireiji/RoboticsDev_ws/install/lecture3_interfaces/share/lecture3_interfaces/environment/library_path.sh
[38.415s] -- Installing: /home/kireiji/RoboticsDev_ws/install/lecture3_interfaces/share/lecture3_interfaces/environment/library_path.dsv
[38.415s] -- Installing: /home/kireiji/RoboticsDev_ws/install/lecture3_interfaces/lib/liblecture3_interfaces__rosidl_generator_c.so
[38.416s] -- Set runtime path of "/home/kireiji/RoboticsDev_ws/install/lecture3_interfaces/lib/liblecture3_interfaces__rosidl_generator_c.so" to ""
[38.416s] -- Up-to-date: /home/kireiji/RoboticsDev_ws/install/lecture3_interfaces/include/lecture3_interfaces/lecture3_interfaces
[38.416s] -- Up-to-date: /home/kireiji/RoboticsDev_ws/install/lecture3_interfaces/include/lecture3_interfaces/lecture3_interfaces/msg
[38.416s] -- Installing: /home/kireiji/RoboticsDev_ws/install/lecture3_interfaces/include/lecture3_interfaces/lecture3_interfaces/msg/rosidl_typesupport_fastrtps_c__visibility_control.h
[38.416s] -- Up-to-date: /home/kireiji/RoboticsDev_ws/install/lecture3_interfaces/include/lecture3_interfaces/lecture3_interfaces/msg/detail
[38.416s] -- Installing: /home/kireiji/RoboticsDev_ws/install/lecture3_interfaces/include/lecture3_interfaces/lecture3_interfaces/msg/detail/example_msg__rosidl_typesupport_fastrtps_c.h
[38.427s] -- Up-to-date: /home/kireiji/RoboticsDev_ws/install/lecture3_interfaces/include/lecture3_interfaces/lecture3_interfaces/srv
[38.427s] -- Up-to-date: /home/kireiji/RoboticsDev_ws/install/lecture3_interfaces/include/lecture3_interfaces/lecture3_interfaces/srv/detail
[38.427s] -- Installing: /home/kireiji/RoboticsDev_ws/install/lecture3_interfaces/include/lecture3_interfaces/lecture3_interfaces/srv/detail/example_srv__rosidl_typesupport_fastrtps_c.h
[38.427s] -- Installing: /home/kireiji/RoboticsDev_ws/install/lecture3_interfaces/lib/liblecture3_interfaces__rosidl_typesupport_fastrtps_c.so
[38.427s] -- Set runtime path of "/home/kireiji/RoboticsDev_ws/install/lecture3_interfaces/lib/liblecture3_interfaces__rosidl_typesupport_fastrtps_c.so" to ""
[38.427s] -- Up-to-date: /home/kireiji/RoboticsDev_ws/install/lecture3_interfaces/include/lecture3_interfaces/lecture3_interfaces
[38.427s] -- Up-to-date: /home/kireiji/RoboticsDev_ws/install/lecture3_interfaces/include/lecture3_interfaces/lecture3_interfaces/msg
[38.427s] -- Installing: /home/kireiji/RoboticsDev_ws/install/lecture3_interfaces/include/lecture3_interfaces/lecture3_interfaces/msg/example_msg.hpp
[38.427s] -- Up-to-date: /home/kireiji/RoboticsDev_ws/install/lecture3_interfaces/include/lecture3_interfaces/lecture3_interfaces/msg/detail
[38.427s] -- Installing: /home/kireiji/RoboticsDev_ws/install/lecture3_interfaces/include/lecture3_interfaces/lecture3_interfaces/msg/detail/example_msg__struct.hpp
[38.428s] -- Installing: /home/kireiji/RoboticsDev_ws/install/lecture3_interfaces/include/lecture3_interfaces/lecture3_interfaces/msg/detail/example_msg__traits.hpp
[38.428s] -- Installing: /home/kireiji/RoboticsDev_ws/install/lecture3_interfaces/include/lecture3_interfaces/lecture3_interfaces/msg/detail/example_msg__builder.hpp
[38.428s] -- Up-to-date: /home/kireiji/RoboticsDev_ws/install/lecture3_interfaces/include/lecture3_interfaces/lecture3_interfaces/srv
[38.428s] -- Installing: /home/kireiji/RoboticsDev_ws/install/lecture3_interfaces/include/lecture3_interfaces/lecture3_interfaces/srv/example_srv.hpp
[38.428s] -- Up-to-date: /home/kireiji/RoboticsDev_ws/install/lecture3_interfaces/include/lecture3_interfaces/lecture3_interfaces/srv/detail
[38.428s] -- Installing: /home/kireiji/RoboticsDev_ws/install/lecture3_interfaces/include/lecture3_interfaces/lecture3_interfaces/srv/detail/example_srv__traits.hpp
[38.428s] -- Installing: /home/kireiji/RoboticsDev_ws/install/lecture3_interfaces/include/lecture3_interfaces/lecture3_interfaces/srv/detail/example_srv__struct.hpp
[38.428s] -- Installing: /home/kireiji/RoboticsDev_ws/install/lecture3_interfaces/include/lecture3_interfaces/lecture3_interfaces/srv/detail/example_srv__builder.hpp
[38.428s] -- Up-to-date: /home/kireiji/RoboticsDev_ws/install/lecture3_interfaces/include/lecture3_interfaces/lecture3_interfaces
[38.428s] -- Up-to-date: /home/kireiji/RoboticsDev_ws/install/lecture3_interfaces/include/lecture3_interfaces/lecture3_interfaces/msg
[38.428s] -- Installing: /home/kireiji/RoboticsDev_ws/install/lecture3_interfaces/include/lecture3_interfaces/lecture3_interfaces/msg/rosidl_typesupport_fastrtps_cpp__visibility_control.h
[38.428s] -- Up-to-date: /home/kireiji/RoboticsDev_ws/install/lecture3_interfaces/include/lecture3_interfaces/lecture3_interfaces/msg/detail
[38.428s] -- Installing: /home/kireiji/RoboticsDev_ws/install/lecture3_interfaces/include/lecture3_interfaces/lecture3_interfaces/msg/detail/dds_fastrtps
[38.428s] -- Installing: /home/kireiji/RoboticsDev_ws/install/lecture3_interfaces/include/lecture3_interfaces/lecture3_interfaces/msg/detail/example_msg__rosidl_typesupport_fastrtps_cpp.hpp
[38.428s] -- Up-to-date: /home/kireiji/RoboticsDev_ws/install/lecture3_interfaces/include/lecture3_interfaces/lecture3_interfaces/srv
[38.428s] -- Up-to-date: /home/kireiji/RoboticsDev_ws/install/lecture3_interfaces/include/lecture3_interfaces/lecture3_interfaces/srv/detail
[38.429s] -- Installing: /home/kireiji/RoboticsDev_ws/install/lecture3_interfaces/include/lecture3_interfaces/lecture3_interfaces/srv/detail/example_srv__rosidl_typesupport_fastrtps_cpp.hpp
[38.429s] -- Installing: /home/kireiji/RoboticsDev_ws/install/lecture3_interfaces/include/lecture3_interfaces/lecture3_interfaces/srv/detail/dds_fastrtps
[38.429s] -- Installing: /home/kireiji/RoboticsDev_ws/install/lecture3_interfaces/lib/liblecture3_interfaces__rosidl_typesupport_fastrtps_cpp.so
[38.429s] -- Set runtime path of "/home/kireiji/RoboticsDev_ws/install/lecture3_interfaces/lib/liblecture3_interfaces__rosidl_typesupport_fastrtps_cpp.so" to ""
[38.429s] -- Up-to-date: /home/kireiji/RoboticsDev_ws/install/lecture3_interfaces/include/lecture3_interfaces/lecture3_interfaces
[38.429s] -- Up-to-date: /home/kireiji/RoboticsDev_ws/install/lecture3_interfaces/include/lecture3_interfaces/lecture3_interfaces/msg
[38.429s] -- Up-to-date: /home/kireiji/RoboticsDev_ws/install/lecture3_interfaces/include/lecture3_interfaces/lecture3_interfaces/msg/detail
[38.429s] -- Installing: /home/kireiji/RoboticsDev_ws/install/lecture3_interfaces/include/lecture3_interfaces/lecture3_interfaces/msg/detail/example_msg__type_support.c
[38.429s] -- Installing: /home/kireiji/RoboticsDev_ws/install/lecture3_interfaces/include/lecture3_interfaces/lecture3_interfaces/msg/detail/example_msg__rosidl_typesupport_introspection_c.h
[38.429s] -- Installing: /home/kireiji/RoboticsDev_ws/install/lecture3_interfaces/include/lecture3_interfaces/lecture3_interfaces/msg/rosidl_typesupport_introspection_c__visibility_control.h
[38.429s] -- Up-to-date: /home/kireiji/RoboticsDev_ws/install/lecture3_interfaces/include/lecture3_interfaces/lecture3_interfaces/srv
[38.429s] -- Up-to-date: /home/kireiji/RoboticsDev_ws/install/lecture3_interfaces/include/lecture3_interfaces/lecture3_interfaces/srv/detail
[38.429s] -- Installing: /home/kireiji/RoboticsDev_ws/install/lecture3_interfaces/include/lecture3_interfaces/lecture3_interfaces/srv/detail/example_srv__type_support.c
[38.429s] -- Installing: /home/kireiji/RoboticsDev_ws/install/lecture3_interfaces/include/lecture3_interfaces/lecture3_interfaces/srv/detail/example_srv__rosidl_typesupport_introspection_c.h
[38.429s] -- Installing: /home/kireiji/RoboticsDev_ws/install/lecture3_interfaces/lib/liblecture3_interfaces__rosidl_typesupport_introspection_c.so
[38.429s] -- Set runtime path of "/home/kireiji/RoboticsDev_ws/install/lecture3_interfaces/lib/liblecture3_interfaces__rosidl_typesupport_introspection_c.so" to ""
[38.430s] -- Installing: /home/kireiji/RoboticsDev_ws/install/lecture3_interfaces/lib/liblecture3_interfaces__rosidl_typesupport_c.so
[38.430s] -- Set runtime path of "/home/kireiji/RoboticsDev_ws/install/lecture3_interfaces/lib/liblecture3_interfaces__rosidl_typesupport_c.so" to ""
[38.430s] -- Up-to-date: /home/kireiji/RoboticsDev_ws/install/lecture3_interfaces/include/lecture3_interfaces/lecture3_interfaces
[38.430s] -- Up-to-date: /home/kireiji/RoboticsDev_ws/install/lecture3_interfaces/include/lecture3_interfaces/lecture3_interfaces/msg
[38.430s] -- Up-to-date: /home/kireiji/RoboticsDev_ws/install/lecture3_interfaces/include/lecture3_interfaces/lecture3_interfaces/msg/detail
[38.430s] -- Installing: /home/kireiji/RoboticsDev_ws/install/lecture3_interfaces/include/lecture3_interfaces/lecture3_interfaces/msg/detail/example_msg__rosidl_typesupport_introspection_cpp.hpp
[38.430s] -- Installing: /home/kireiji/RoboticsDev_ws/install/lecture3_interfaces/include/lecture3_interfaces/lecture3_interfaces/msg/detail/example_msg__type_support.cpp
[38.433s] -- Up-to-date: /home/kireiji/RoboticsDev_ws/install/lecture3_interfaces/include/lecture3_interfaces/lecture3_interfaces/srv
[38.434s] -- Up-to-date: /home/kireiji/RoboticsDev_ws/install/lecture3_interfaces/include/lecture3_interfaces/lecture3_interfaces/srv/detail
[38.434s] -- Installing: /home/kireiji/RoboticsDev_ws/install/lecture3_interfaces/include/lecture3_interfaces/lecture3_interfaces/srv/detail/example_srv__rosidl_typesupport_introspection_cpp.hpp
[38.434s] -- Installing: /home/kireiji/RoboticsDev_ws/install/lecture3_interfaces/include/lecture3_interfaces/lecture3_interfaces/srv/detail/example_srv__type_support.cpp
[38.434s] -- Installing: /home/kireiji/RoboticsDev_ws/install/lecture3_interfaces/lib/liblecture3_interfaces__rosidl_typesupport_introspection_cpp.so
[38.434s] -- Set runtime path of "/home/kireiji/RoboticsDev_ws/install/lecture3_interfaces/lib/liblecture3_interfaces__rosidl_typesupport_introspection_cpp.so" to ""
[38.434s] -- Installing: /home/kireiji/RoboticsDev_ws/install/lecture3_interfaces/lib/liblecture3_interfaces__rosidl_typesupport_cpp.so
[38.434s] -- Set runtime path of "/home/kireiji/RoboticsDev_ws/install/lecture3_interfaces/lib/liblecture3_interfaces__rosidl_typesupport_cpp.so" to ""
[38.434s] -- Installing: /home/kireiji/RoboticsDev_ws/install/lecture3_interfaces/share/lecture3_interfaces/environment/pythonpath.sh
[38.434s] -- Installing: /home/kireiji/RoboticsDev_ws/install/lecture3_interfaces/share/lecture3_interfaces/environment/pythonpath.dsv
[38.434s] -- Installing: /home/kireiji/RoboticsDev_ws/install/lecture3_interfaces/lib/python3.10/site-packages/lecture3_interfaces-0.0.0-py3.10.egg-info
[38.434s] -- Installing: /home/kireiji/RoboticsDev_ws/install/lecture3_interfaces/lib/python3.10/site-packages/lecture3_interfaces-0.0.0-py3.10.egg-info/PKG-INFO
[38.435s] -- Installing: /home/kireiji/RoboticsDev_ws/install/lecture3_interfaces/lib/python3.10/site-packages/lecture3_interfaces-0.0.0-py3.10.egg-info/dependency_links.txt
[38.435s] -- Installing: /home/kireiji/RoboticsDev_ws/install/lecture3_interfaces/lib/python3.10/site-packages/lecture3_interfaces-0.0.0-py3.10.egg-info/top_level.txt
[38.435s] -- Installing: /home/kireiji/RoboticsDev_ws/install/lecture3_interfaces/lib/python3.10/site-packages/lecture3_interfaces-0.0.0-py3.10.egg-info/SOURCES.txt
[38.435s] -- Installing: /home/kireiji/RoboticsDev_ws/install/lecture3_interfaces/lib/python3.10/site-packages/lecture3_interfaces
[38.435s] -- Installing: /home/kireiji/RoboticsDev_ws/install/lecture3_interfaces/lib/python3.10/site-packages/lecture3_interfaces/lecture3_interfaces_s__rosidl_typesupport_introspection_c.cpython-310-x86_64-linux-gnu.so
[38.435s] -- Installing: /home/kireiji/RoboticsDev_ws/install/lecture3_interfaces/lib/python3.10/site-packages/lecture3_interfaces/_lecture3_interfaces_s.ep.rosidl_typesupport_introspection_c.c
[38.435s] -- Installing: /home/kireiji/RoboticsDev_ws/install/lecture3_interfaces/lib/python3.10/site-packages/lecture3_interfaces/__init__.py
[38.435s] -- Installing: /home/kireiji/RoboticsDev_ws/install/lecture3_interfaces/lib/python3.10/site-packages/lecture3_interfaces/msg
[38.439s] -- Installing: /home/kireiji/RoboticsDev_ws/install/lecture3_interfaces/lib/python3.10/site-packages/lecture3_interfaces/msg/__init__.py
[38.439s] -- Installing: /home/kireiji/RoboticsDev_ws/install/lecture3_interfaces/lib/python3.10/site-packages/lecture3_interfaces/msg/_example_msg_s.c
[38.439s] -- Installing: /home/kireiji/RoboticsDev_ws/install/lecture3_interfaces/lib/python3.10/site-packages/lecture3_interfaces/msg/_example_msg.py
[38.439s] -- Installing: /home/kireiji/RoboticsDev_ws/install/lecture3_interfaces/lib/python3.10/site-packages/lecture3_interfaces/lecture3_interfaces_s__rosidl_typesupport_c.cpython-310-x86_64-linux-gnu.so
[38.439s] -- Installing: /home/kireiji/RoboticsDev_ws/install/lecture3_interfaces/lib/python3.10/site-packages/lecture3_interfaces/srv
[38.440s] -- Installing: /home/kireiji/RoboticsDev_ws/install/lecture3_interfaces/lib/python3.10/site-packages/lecture3_interfaces/srv/__init__.py
[38.440s] -- Installing: /home/kireiji/RoboticsDev_ws/install/lecture3_interfaces/lib/python3.10/site-packages/lecture3_interfaces/srv/_example_srv.py
[38.440s] -- Installing: /home/kireiji/RoboticsDev_ws/install/lecture3_interfaces/lib/python3.10/site-packages/lecture3_interfaces/srv/_example_srv_s.c
[38.440s] -- Installing: /home/kireiji/RoboticsDev_ws/install/lecture3_interfaces/lib/python3.10/site-packages/lecture3_interfaces/_lecture3_interfaces_s.ep.rosidl_typesupport_c.c
[38.440s] -- Installing: /home/kireiji/RoboticsDev_ws/install/lecture3_interfaces/lib/python3.10/site-packages/lecture3_interfaces/liblecture3_interfaces__rosidl_generator_py.so
[38.440s] -- Installing: /home/kireiji/RoboticsDev_ws/install/lecture3_interfaces/lib/python3.10/site-packages/lecture3_interfaces/lecture3_interfaces_s__rosidl_typesupport_fastrtps_c.cpython-310-x86_64-linux-gnu.so
[38.440s] -- Installing: /home/kireiji/RoboticsDev_ws/install/lecture3_interfaces/lib/python3.10/site-packages/lecture3_interfaces/_lecture3_interfaces_s.ep.rosidl_typesupport_fastrtps_c.c
[38.532s] Listing '/home/kireiji/RoboticsDev_ws/install/lecture3_interfaces/lib/python3.10/site-packages/lecture3_interfaces'...
[38.532s] Compiling '/home/kireiji/RoboticsDev_ws/install/lecture3_interfaces/lib/python3.10/site-packages/lecture3_interfaces/__init__.py'...
[38.532s] Listing '/home/kireiji/RoboticsDev_ws/install/lecture3_interfaces/lib/python3.10/site-packages/lecture3_interfaces/msg'...
[38.532s] Compiling '/home/kireiji/RoboticsDev_ws/install/lecture3_interfaces/lib/python3.10/site-packages/lecture3_interfaces/msg/__init__.py'...
[38.532s] Compiling '/home/kireiji/RoboticsDev_ws/install/lecture3_interfaces/lib/python3.10/site-packages/lecture3_interfaces/msg/_example_msg.py'...
[38.532s] Listing '/home/kireiji/RoboticsDev_ws/install/lecture3_interfaces/lib/python3.10/site-packages/lecture3_interfaces/srv'...
[38.532s] Compiling '/home/kireiji/RoboticsDev_ws/install/lecture3_interfaces/lib/python3.10/site-packages/lecture3_interfaces/srv/__init__.py'...
[38.532s] Compiling '/home/kireiji/RoboticsDev_ws/install/lecture3_interfaces/lib/python3.10/site-packages/lecture3_interfaces/srv/_example_srv.py'...
[38.547s] -- Installing: /home/kireiji/RoboticsDev_ws/install/lecture3_interfaces/lib/python3.10/site-packages/lecture3_interfaces/lecture3_interfaces_s__rosidl_typesupport_fastrtps_c.cpython-310-x86_64-linux-gnu.so
[38.548s] -- Set runtime path of "/home/kireiji/RoboticsDev_ws/install/lecture3_interfaces/lib/python3.10/site-packages/lecture3_interfaces/lecture3_interfaces_s__rosidl_typesupport_fastrtps_c.cpython-310-x86_64-linux-gnu.so" to ""
[38.548s] -- Installing: /home/kireiji/RoboticsDev_ws/install/lecture3_interfaces/lib/python3.10/site-packages/lecture3_interfaces/lecture3_interfaces_s__rosidl_typesupport_introspection_c.cpython-310-x86_64-linux-gnu.so
[38.548s] -- Set runtime path of "/home/kireiji/RoboticsDev_ws/install/lecture3_interfaces/lib/python3.10/site-packages/lecture3_interfaces/lecture3_interfaces_s__rosidl_typesupport_introspection_c.cpython-310-x86_64-linux-gnu.so" to ""
[38.548s] -- Installing: /home/kireiji/RoboticsDev_ws/install/lecture3_interfaces/lib/python3.10/site-packages/lecture3_interfaces/lecture3_interfaces_s__rosidl_typesupport_c.cpython-310-x86_64-linux-gnu.so
[38.548s] -- Set runtime path of "/home/kireiji/RoboticsDev_ws/install/lecture3_interfaces/lib/python3.10/site-packages/lecture3_interfaces/lecture3_interfaces_s__rosidl_typesupport_c.cpython-310-x86_64-linux-gnu.so" to ""
[38.548s] -- Installing: /home/kireiji/RoboticsDev_ws/install/lecture3_interfaces/lib/liblecture3_interfaces__rosidl_generator_py.so
[38.562s] -- Set runtime path of "/home/kireiji/RoboticsDev_ws/install/lecture3_interfaces/lib/liblecture3_interfaces__rosidl_generator_py.so" to ""
[38.562s] -- Installing: /home/kireiji/RoboticsDev_ws/install/lecture3_interfaces/share/lecture3_interfaces/msg/ExampleMsg.idl
[38.562s] -- Installing: /home/kireiji/RoboticsDev_ws/install/lecture3_interfaces/share/lecture3_interfaces/srv/ExampleSrv.idl
[38.563s] -- Installing: /home/kireiji/RoboticsDev_ws/install/lecture3_interfaces/share/lecture3_interfaces/msg/ExampleMsg.msg
[38.563s] -- Installing: /home/kireiji/RoboticsDev_ws/install/lecture3_interfaces/share/lecture3_interfaces/srv/ExampleSrv.srv
[38.563s] -- Installing: /home/kireiji/RoboticsDev_ws/install/lecture3_interfaces/share/lecture3_interfaces/srv/ExampleSrv_Request.msg
[38.563s] -- Installing: /home/kireiji/RoboticsDev_ws/install/lecture3_interfaces/share/lecture3_interfaces/srv/ExampleSrv_Response.msg
[38.563s] -- Installing: /home/kireiji/RoboticsDev_ws/install/lecture3_interfaces/share/ament_index/resource_index/package_run_dependencies/lecture3_interfaces
[38.563s] -- Installing: /home/kireiji/RoboticsDev_ws/install/lecture3_interfaces/share/ament_index/resource_index/parent_prefix_path/lecture3_interfaces
[38.563s] -- Installing: /home/kireiji/RoboticsDev_ws/install/lecture3_interfaces/share/lecture3_interfaces/environment/ament_prefix_path.sh
[38.563s] -- Installing: /home/kireiji/RoboticsDev_ws/install/lecture3_interfaces/share/lecture3_interfaces/environment/ament_prefix_path.dsv
[38.564s] -- Installing: /home/kireiji/RoboticsDev_ws/install/lecture3_interfaces/share/lecture3_interfaces/environment/path.sh
[38.564s] -- Installing: /home/kireiji/RoboticsDev_ws/install/lecture3_interfaces/share/lecture3_interfaces/environment/path.dsv
[38.564s] -- Installing: /home/kireiji/RoboticsDev_ws/install/lecture3_interfaces/share/lecture3_interfaces/local_setup.bash
[38.564s] -- Installing: /home/kireiji/RoboticsDev_ws/install/lecture3_interfaces/share/lecture3_interfaces/local_setup.sh
[38.564s] -- Installing: /home/kireiji/RoboticsDev_ws/install/lecture3_interfaces/share/lecture3_interfaces/local_setup.zsh
[38.564s] -- Installing: /home/kireiji/RoboticsDev_ws/install/lecture3_interfaces/share/lecture3_interfaces/local_setup.dsv
[38.564s] -- Installing: /home/kireiji/RoboticsDev_ws/install/lecture3_interfaces/share/lecture3_interfaces/package.dsv
[38.564s] -- Installing: /home/kireiji/RoboticsDev_ws/install/lecture3_interfaces/share/ament_index/resource_index/packages/lecture3_interfaces
[38.565s] -- Installing: /home/kireiji/RoboticsDev_ws/install/lecture3_interfaces/share/lecture3_interfaces/cmake/export_lecture3_interfaces__rosidl_generator_cExport.cmake
[38.565s] -- Installing: /home/kireiji/RoboticsDev_ws/install/lecture3_interfaces/share/lecture3_interfaces/cmake/export_lecture3_interfaces__rosidl_generator_cExport-noconfig.cmake
[38.565s] -- Installing: /home/kireiji/RoboticsDev_ws/install/lecture3_interfaces/share/lecture3_interfaces/cmake/export_lecture3_interfaces__rosidl_typesupport_fastrtps_cExport.cmake
[38.565s] -- Installing: /home/kireiji/RoboticsDev_ws/install/lecture3_interfaces/share/lecture3_interfaces/cmake/export_lecture3_interfaces__rosidl_typesupport_fastrtps_cExport-noconfig.cmake
[38.565s] -- Installing: /home/kireiji/RoboticsDev_ws/install/lecture3_interfaces/share/lecture3_interfaces/cmake/export_lecture3_interfaces__rosidl_generator_cppExport.cmake
[38.565s] -- Installing: /home/kireiji/RoboticsDev_ws/install/lecture3_interfaces/share/lecture3_interfaces/cmake/export_lecture3_interfaces__rosidl_typesupport_fastrtps_cppExport.cmake
[38.565s] -- Installing: /home/kireiji/RoboticsDev_ws/install/lecture3_interfaces/share/lecture3_interfaces/cmake/export_lecture3_interfaces__rosidl_typesupport_fastrtps_cppExport-noconfig.cmake
[38.565s] -- Installing: /home/kireiji/RoboticsDev_ws/install/lecture3_interfaces/share/lecture3_interfaces/cmake/lecture3_interfaces__rosidl_typesupport_introspection_cExport.cmake
[38.566s] -- Installing: /home/kireiji/RoboticsDev_ws/install/lecture3_interfaces/share/lecture3_interfaces/cmake/lecture3_interfaces__rosidl_typesupport_introspection_cExport-noconfig.cmake
[38.566s] -- Installing: /home/kireiji/RoboticsDev_ws/install/lecture3_interfaces/share/lecture3_interfaces/cmake/lecture3_interfaces__rosidl_typesupport_cExport.cmake
[38.566s] -- Installing: /home/kireiji/RoboticsDev_ws/install/lecture3_interfaces/share/lecture3_interfaces/cmake/lecture3_interfaces__rosidl_typesupport_cExport-noconfig.cmake
[38.567s] -- Installing: /home/kireiji/RoboticsDev_ws/install/lecture3_interfaces/share/lecture3_interfaces/cmake/lecture3_interfaces__rosidl_typesupport_introspection_cppExport.cmake
[38.567s] -- Installing: /home/kireiji/RoboticsDev_ws/install/lecture3_interfaces/share/lecture3_interfaces/cmake/lecture3_interfaces__rosidl_typesupport_introspection_cppExport-noconfig.cmake
[38.567s] -- Installing: /home/kireiji/RoboticsDev_ws/install/lecture3_interfaces/share/lecture3_interfaces/cmake/lecture3_interfaces__rosidl_typesupport_cppExport.cmake
[38.567s] -- Installing: /home/kireiji/RoboticsDev_ws/install/lecture3_interfaces/share/lecture3_interfaces/cmake/lecture3_interfaces__rosidl_typesupport_cppExport-noconfig.cmake
[38.574s] -- Installing: /home/kireiji/RoboticsDev_ws/install/lecture3_interfaces/share/lecture3_interfaces/cmake/export_lecture3_interfaces__rosidl_generator_pyExport.cmake
[38.575s] -- Installing: /home/kireiji/RoboticsDev_ws/install/lecture3_interfaces/share/lecture3_interfaces/cmake/export_lecture3_interfaces__rosidl_generator_pyExport-noconfig.cmake
[38.575s] -- Installing: /home/kireiji/RoboticsDev_ws/install/lecture3_interfaces/share/lecture3_interfaces/cmake/rosidl_cmake-extras.cmake
[38.575s] -- Installing: /home/kireiji/RoboticsDev_ws/install/lecture3_interfaces/share/lecture3_interfaces/cmake/ament_cmake_export_dependencies-extras.cmake
[38.575s] -- Installing: /home/kireiji/RoboticsDev_ws/install/lecture3_interfaces/share/lecture3_interfaces/cmake/ament_cmake_export_include_directories-extras.cmake
[38.575s] -- Installing: /home/kireiji/RoboticsDev_ws/install/lecture3_interfaces/share/lecture3_interfaces/cmake/ament_cmake_export_libraries-extras.cmake
[38.575s] -- Installing: /home/kireiji/RoboticsDev_ws/install/lecture3_interfaces/share/lecture3_interfaces/cmake/ament_cmake_export_targets-extras.cmake
[38.575s] -- Installing: /home/kireiji/RoboticsDev_ws/install/lecture3_interfaces/share/lecture3_interfaces/cmake/rosidl_cmake_export_typesupport_targets-extras.cmake
[38.576s] -- Installing: /home/kireiji/RoboticsDev_ws/install/lecture3_interfaces/share/lecture3_interfaces/cmake/rosidl_cmake_export_typesupport_libraries-extras.cmake
[38.576s] -- Installing: /home/kireiji/RoboticsDev_ws/install/lecture3_interfaces/share/lecture3_interfaces/cmake/lecture3_interfacesConfig.cmake
[38.576s] -- Installing: /home/kireiji/RoboticsDev_ws/install/lecture3_interfaces/share/lecture3_interfaces/cmake/lecture3_interfacesConfig-version.cmake
[38.576s] -- Installing: /home/kireiji/RoboticsDev_ws/install/lecture3_interfaces/share/lecture3_interfaces/package.xml
[40.995s] Invoked command in '/home/kireiji/RoboticsDev_ws/build/lecture3_interfaces' returned '0': CMAKE_PREFIX_PATH=${CMAKE_PREFIX_PATH}:/home/kireiji/RoboticsDev_ws/install/launch_testing_examples:/home/kireiji/RoboticsDev_ws/install/examples_rclpy_pointcloud_publisher:/home/kireiji/RoboticsDev_ws/install/examples_rclpy_minimal_subscriber:/home/kireiji/RoboticsDev_ws/install/examples_rclpy_minimal_service:/home/kireiji/RoboticsDev_ws/install/examples_rclpy_minimal_publisher:/home/kireiji/RoboticsDev_ws/install/examples_rclpy_minimal_client:/home/kireiji/RoboticsDev_ws/install/examples_rclpy_minimal_action_server:/home/kireiji/RoboticsDev_ws/install/examples_rclpy_minimal_action_client:/home/kireiji/RoboticsDev_ws/install/examples_rclpy_guard_conditions:/home/kireiji/RoboticsDev_ws/install/examples_rclpy_executors:/home/kireiji/ros2_ws/install/my_py_pkg:/opt/ros/humble /usr/bin/cmake --install /home/kireiji/RoboticsDev_ws/build/lecture3_interfaces
