[0.093s] Invoking command in '/home/kireiji/RoboticsDev_ws/build/motorsim_interfaces': CMAKE_PREFIX_PATH=${CMAKE_PREFIX_PATH}:/home/kireiji/RoboticsDev_ws/install/launch_testing_examples:/home/kireiji/RoboticsDev_ws/install/examples_rclpy_pointcloud_publisher:/home/kireiji/RoboticsDev_ws/install/examples_rclpy_minimal_subscriber:/home/kireiji/RoboticsDev_ws/install/examples_rclpy_minimal_service:/home/kireiji/RoboticsDev_ws/install/examples_rclpy_minimal_publisher:/home/kireiji/RoboticsDev_ws/install/examples_rclpy_minimal_client:/home/kireiji/RoboticsDev_ws/install/examples_rclpy_minimal_action_server:/home/kireiji/RoboticsDev_ws/install/examples_rclpy_minimal_action_client:/home/kireiji/RoboticsDev_ws/install/examples_rclpy_guard_conditions:/home/kireiji/RoboticsDev_ws/install/examples_rclpy_executors:/home/kireiji/ros2_ws/install/my_py_pkg:/opt/ros/humble /usr/bin/cmake --build /home/kireiji/RoboticsDev_ws/build/motorsim_interfaces -- -j16 -l16
[0.232s] [  9%] Built target motorsim_interfaces__rosidl_generator_c
[0.235s] [ 12%] Built target motorsim_interfaces__cpp
[0.294s] [ 22%] Built target motorsim_interfaces__rosidl_typesupport_introspection_c
[0.298s] [ 32%] Built target motorsim_interfaces__rosidl_typesupport_fastrtps_c
[0.315s] [ 41%] Built target motorsim_interfaces__rosidl_typesupport_introspection_cpp
[0.319s] [ 41%] Built target ament_cmake_python_copy_motorsim_interfaces
[0.341s] [ 51%] Built target motorsim_interfaces__rosidl_typesupport_c
[0.342s] [ 61%] Built target motorsim_interfaces__rosidl_typesupport_fastrtps_cpp
[0.375s] [ 70%] Built target motorsim_interfaces__rosidl_typesupport_cpp
[0.466s] [ 70%] Built target motorsim_interfaces
[0.539s] [ 74%] Built target motorsim_interfaces__py
[0.577s] [ 80%] Built target motorsim_interfaces__rosidl_generator_py
[0.637s] [ 87%] Built target motorsim_interfaces__rosidl_typesupport_fastrtps_c__pyext
[0.640s] [ 93%] Built target motorsim_interfaces__rosidl_typesupport_introspection_c__pyext
[0.647s] [100%] Built target motorsim_interfaces__rosidl_typesupport_c__pyext
[0.931s] running egg_info
[0.939s] writing manifest file 'motorsim_interfaces.egg-info/SOURCES.txt'
[1.138s] [100%] Built target ament_cmake_python_build_motorsim_interfaces_egg
[1.189s] Invoked command in '/home/kireiji/RoboticsDev_ws/build/motorsim_interfaces' returned '0': CMAKE_PREFIX_PATH=${CMAKE_PREFIX_PATH}:/home/kireiji/RoboticsDev_ws/install/launch_testing_examples:/home/kireiji/RoboticsDev_ws/install/examples_rclpy_pointcloud_publisher:/home/kireiji/RoboticsDev_ws/install/examples_rclpy_minimal_subscriber:/home/kireiji/RoboticsDev_ws/install/examples_rclpy_minimal_service:/home/kireiji/RoboticsDev_ws/install/examples_rclpy_minimal_publisher:/home/kireiji/RoboticsDev_ws/install/examples_rclpy_minimal_client:/home/kireiji/RoboticsDev_ws/install/examples_rclpy_minimal_action_server:/home/kireiji/RoboticsDev_ws/install/examples_rclpy_minimal_action_client:/home/kireiji/RoboticsDev_ws/install/examples_rclpy_guard_conditions:/home/kireiji/RoboticsDev_ws/install/examples_rclpy_executors:/home/kireiji/ros2_ws/install/my_py_pkg:/opt/ros/humble /usr/bin/cmake --build /home/kireiji/RoboticsDev_ws/build/motorsim_interfaces -- -j16 -l16
[1.415s] Invoking command in '/home/kireiji/RoboticsDev_ws/build/motorsim_interfaces': CMAKE_PREFIX_PATH=${CMAKE_PREFIX_PATH}:/home/kireiji/RoboticsDev_ws/install/launch_testing_examples:/home/kireiji/RoboticsDev_ws/install/examples_rclpy_pointcloud_publisher:/home/kireiji/RoboticsDev_ws/install/examples_rclpy_minimal_subscriber:/home/kireiji/RoboticsDev_ws/install/examples_rclpy_minimal_service:/home/kireiji/RoboticsDev_ws/install/examples_rclpy_minimal_publisher:/home/kireiji/RoboticsDev_ws/install/examples_rclpy_minimal_client:/home/kireiji/RoboticsDev_ws/install/examples_rclpy_minimal_action_server:/home/kireiji/RoboticsDev_ws/install/examples_rclpy_minimal_action_client:/home/kireiji/RoboticsDev_ws/install/examples_rclpy_guard_conditions:/home/kireiji/RoboticsDev_ws/install/examples_rclpy_executors:/home/kireiji/ros2_ws/install/my_py_pkg:/opt/ros/humble /usr/bin/cmake --install /home/kireiji/RoboticsDev_ws/build/motorsim_interfaces
[1.477s] -- Install configuration: ""
[1.478s] -- Up-to-date: /home/kireiji/RoboticsDev_ws/install/motorsim_interfaces/share/ament_index/resource_index/rosidl_interfaces/motorsim_interfaces
[1.479s] -- Up-to-date: /home/kireiji/RoboticsDev_ws/install/motorsim_interfaces/include/motorsim_interfaces/motorsim_interfaces
[1.479s] -- Up-to-date: /home/kireiji/RoboticsDev_ws/install/motorsim_interfaces/include/motorsim_interfaces/motorsim_interfaces/msg
[1.479s] -- Up-to-date: /home/kireiji/RoboticsDev_ws/install/motorsim_interfaces/include/motorsim_interfaces/motorsim_interfaces/msg/rosidl_generator_c__visibility_control.h
[1.479s] -- Up-to-date: /home/kireiji/RoboticsDev_ws/install/motorsim_interfaces/include/motorsim_interfaces/motorsim_interfaces/srv
[1.479s] -- Up-to-date: /home/kireiji/RoboticsDev_ws/install/motorsim_interfaces/include/motorsim_interfaces/motorsim_interfaces/srv/detail
[1.479s] -- Up-to-date: /home/kireiji/RoboticsDev_ws/install/motorsim_interfaces/include/motorsim_interfaces/motorsim_interfaces/srv/detail/motor_spawn__functions.h
[1.479s] -- Up-to-date: /home/kireiji/RoboticsDev_ws/install/motorsim_interfaces/include/motorsim_interfaces/motorsim_interfaces/srv/detail/motor_spawn__functions.c
[1.479s] -- Up-to-date: /home/kireiji/RoboticsDev_ws/install/motorsim_interfaces/include/motorsim_interfaces/motorsim_interfaces/srv/detail/motor_spawn__struct.h
[1.479s] -- Up-to-date: /home/kireiji/RoboticsDev_ws/install/motorsim_interfaces/include/motorsim_interfaces/motorsim_interfaces/srv/detail/motor_spawn__type_support.h
[1.479s] -- Up-to-date: /home/kireiji/RoboticsDev_ws/install/motorsim_interfaces/include/motorsim_interfaces/motorsim_interfaces/srv/motor_spawn.h
[1.480s] -- Up-to-date: /home/kireiji/RoboticsDev_ws/install/motorsim_interfaces/share/motorsim_interfaces/environment/library_path.sh
[1.480s] -- Up-to-date: /home/kireiji/RoboticsDev_ws/install/motorsim_interfaces/share/motorsim_interfaces/environment/library_path.dsv
[1.480s] -- Up-to-date: /home/kireiji/RoboticsDev_ws/install/motorsim_interfaces/lib/libmotorsim_interfaces__rosidl_generator_c.so
[1.485s] -- Up-to-date: /home/kireiji/RoboticsDev_ws/install/motorsim_interfaces/include/motorsim_interfaces/motorsim_interfaces
[1.490s] -- Up-to-date: /home/kireiji/RoboticsDev_ws/install/motorsim_interfaces/include/motorsim_interfaces/motorsim_interfaces/msg
[1.490s] -- Up-to-date: /home/kireiji/RoboticsDev_ws/install/motorsim_interfaces/include/motorsim_interfaces/motorsim_interfaces/msg/rosidl_typesupport_fastrtps_c__visibility_control.h
[1.490s] -- Up-to-date: /home/kireiji/RoboticsDev_ws/install/motorsim_interfaces/include/motorsim_interfaces/motorsim_interfaces/srv
[1.490s] -- Up-to-date: /home/kireiji/RoboticsDev_ws/install/motorsim_interfaces/include/motorsim_interfaces/motorsim_interfaces/srv/detail
[1.490s] -- Up-to-date: /home/kireiji/RoboticsDev_ws/install/motorsim_interfaces/include/motorsim_interfaces/motorsim_interfaces/srv/detail/motor_spawn__rosidl_typesupport_fastrtps_c.h
[1.491s] -- Up-to-date: /home/kireiji/RoboticsDev_ws/install/motorsim_interfaces/lib/libmotorsim_interfaces__rosidl_typesupport_fastrtps_c.so
[1.491s] -- Up-to-date: /home/kireiji/RoboticsDev_ws/install/motorsim_interfaces/include/motorsim_interfaces/motorsim_interfaces
[1.492s] -- Up-to-date: /home/kireiji/RoboticsDev_ws/install/motorsim_interfaces/include/motorsim_interfaces/motorsim_interfaces/msg
[1.492s] -- Up-to-date: /home/kireiji/RoboticsDev_ws/install/motorsim_interfaces/include/motorsim_interfaces/motorsim_interfaces/msg/rosidl_typesupport_introspection_c__visibility_control.h
[1.492s] -- Up-to-date: /home/kireiji/RoboticsDev_ws/install/motorsim_interfaces/include/motorsim_interfaces/motorsim_interfaces/srv
[1.492s] -- Up-to-date: /home/kireiji/RoboticsDev_ws/install/motorsim_interfaces/include/motorsim_interfaces/motorsim_interfaces/srv/detail
[1.492s] -- Up-to-date: /home/kireiji/RoboticsDev_ws/install/motorsim_interfaces/include/motorsim_interfaces/motorsim_interfaces/srv/detail/motor_spawn__rosidl_typesupport_introspection_c.h
[1.492s] -- Up-to-date: /home/kireiji/RoboticsDev_ws/install/motorsim_interfaces/include/motorsim_interfaces/motorsim_interfaces/srv/detail/motor_spawn__type_support.c
[1.492s] -- Up-to-date: /home/kireiji/RoboticsDev_ws/install/motorsim_interfaces/lib/libmotorsim_interfaces__rosidl_typesupport_introspection_c.so
[1.493s] -- Up-to-date: /home/kireiji/RoboticsDev_ws/install/motorsim_interfaces/lib/libmotorsim_interfaces__rosidl_typesupport_c.so
[1.493s] -- Up-to-date: /home/kireiji/RoboticsDev_ws/install/motorsim_interfaces/include/motorsim_interfaces/motorsim_interfaces
[1.493s] -- Up-to-date: /home/kireiji/RoboticsDev_ws/install/motorsim_interfaces/include/motorsim_interfaces/motorsim_interfaces/srv
[1.493s] -- Up-to-date: /home/kireiji/RoboticsDev_ws/install/motorsim_interfaces/include/motorsim_interfaces/motorsim_interfaces/srv/motor_spawn.hpp
[1.493s] -- Up-to-date: /home/kireiji/RoboticsDev_ws/install/motorsim_interfaces/include/motorsim_interfaces/motorsim_interfaces/srv/detail
[1.493s] -- Up-to-date: /home/kireiji/RoboticsDev_ws/install/motorsim_interfaces/include/motorsim_interfaces/motorsim_interfaces/srv/detail/motor_spawn__struct.hpp
[1.493s] -- Up-to-date: /home/kireiji/RoboticsDev_ws/install/motorsim_interfaces/include/motorsim_interfaces/motorsim_interfaces/srv/detail/motor_spawn__builder.hpp
[1.493s] -- Up-to-date: /home/kireiji/RoboticsDev_ws/install/motorsim_interfaces/include/motorsim_interfaces/motorsim_interfaces/srv/detail/motor_spawn__traits.hpp
[1.493s] -- Up-to-date: /home/kireiji/RoboticsDev_ws/install/motorsim_interfaces/include/motorsim_interfaces/motorsim_interfaces
[1.493s] -- Up-to-date: /home/kireiji/RoboticsDev_ws/install/motorsim_interfaces/include/motorsim_interfaces/motorsim_interfaces/msg
[1.494s] -- Up-to-date: /home/kireiji/RoboticsDev_ws/install/motorsim_interfaces/include/motorsim_interfaces/motorsim_interfaces/msg/rosidl_typesupport_fastrtps_cpp__visibility_control.h
[1.494s] -- Up-to-date: /home/kireiji/RoboticsDev_ws/install/motorsim_interfaces/include/motorsim_interfaces/motorsim_interfaces/srv
[1.494s] -- Up-to-date: /home/kireiji/RoboticsDev_ws/install/motorsim_interfaces/include/motorsim_interfaces/motorsim_interfaces/srv/detail
[1.494s] -- Up-to-date: /home/kireiji/RoboticsDev_ws/install/motorsim_interfaces/include/motorsim_interfaces/motorsim_interfaces/srv/detail/dds_fastrtps
[1.494s] -- Up-to-date: /home/kireiji/RoboticsDev_ws/install/motorsim_interfaces/include/motorsim_interfaces/motorsim_interfaces/srv/detail/motor_spawn__rosidl_typesupport_fastrtps_cpp.hpp
[1.494s] -- Up-to-date: /home/kireiji/RoboticsDev_ws/install/motorsim_interfaces/lib/libmotorsim_interfaces__rosidl_typesupport_fastrtps_cpp.so
[1.494s] -- Up-to-date: /home/kireiji/RoboticsDev_ws/install/motorsim_interfaces/include/motorsim_interfaces/motorsim_interfaces
[1.494s] -- Up-to-date: /home/kireiji/RoboticsDev_ws/install/motorsim_interfaces/include/motorsim_interfaces/motorsim_interfaces/srv
[1.494s] -- Up-to-date: /home/kireiji/RoboticsDev_ws/install/motorsim_interfaces/include/motorsim_interfaces/motorsim_interfaces/srv/detail
[1.494s] -- Up-to-date: /home/kireiji/RoboticsDev_ws/install/motorsim_interfaces/include/motorsim_interfaces/motorsim_interfaces/srv/detail/motor_spawn__rosidl_typesupport_introspection_cpp.hpp
[1.495s] -- Up-to-date: /home/kireiji/RoboticsDev_ws/install/motorsim_interfaces/include/motorsim_interfaces/motorsim_interfaces/srv/detail/motor_spawn__type_support.cpp
[1.496s] -- Up-to-date: /home/kireiji/RoboticsDev_ws/install/motorsim_interfaces/lib/libmotorsim_interfaces__rosidl_typesupport_introspection_cpp.so
[1.497s] -- Up-to-date: /home/kireiji/RoboticsDev_ws/install/motorsim_interfaces/lib/libmotorsim_interfaces__rosidl_typesupport_cpp.so
[1.497s] -- Up-to-date: /home/kireiji/RoboticsDev_ws/install/motorsim_interfaces/share/motorsim_interfaces/environment/pythonpath.sh
[1.497s] -- Up-to-date: /home/kireiji/RoboticsDev_ws/install/motorsim_interfaces/share/motorsim_interfaces/environment/pythonpath.dsv
[1.497s] -- Up-to-date: /home/kireiji/RoboticsDev_ws/install/motorsim_interfaces/lib/python3.10/site-packages/motorsim_interfaces-0.0.0-py3.10.egg-info
[1.497s] -- Installing: /home/kireiji/RoboticsDev_ws/install/motorsim_interfaces/lib/python3.10/site-packages/motorsim_interfaces-0.0.0-py3.10.egg-info/PKG-INFO
[1.497s] -- Installing: /home/kireiji/RoboticsDev_ws/install/motorsim_interfaces/lib/python3.10/site-packages/motorsim_interfaces-0.0.0-py3.10.egg-info/dependency_links.txt
[1.497s] -- Installing: /home/kireiji/RoboticsDev_ws/install/motorsim_interfaces/lib/python3.10/site-packages/motorsim_interfaces-0.0.0-py3.10.egg-info/top_level.txt
[1.497s] -- Installing: /home/kireiji/RoboticsDev_ws/install/motorsim_interfaces/lib/python3.10/site-packages/motorsim_interfaces-0.0.0-py3.10.egg-info/SOURCES.txt
[1.497s] -- Up-to-date: /home/kireiji/RoboticsDev_ws/install/motorsim_interfaces/lib/python3.10/site-packages/motorsim_interfaces
[1.497s] -- Up-to-date: /home/kireiji/RoboticsDev_ws/install/motorsim_interfaces/lib/python3.10/site-packages/motorsim_interfaces/libmotorsim_interfaces__rosidl_generator_py.so
[1.497s] -- Up-to-date: /home/kireiji/RoboticsDev_ws/install/motorsim_interfaces/lib/python3.10/site-packages/motorsim_interfaces/_motorsim_interfaces_s.ep.rosidl_typesupport_introspection_c.c
[1.497s] -- Up-to-date: /home/kireiji/RoboticsDev_ws/install/motorsim_interfaces/lib/python3.10/site-packages/motorsim_interfaces/__init__.py
[1.498s] -- Up-to-date: /home/kireiji/RoboticsDev_ws/install/motorsim_interfaces/lib/python3.10/site-packages/motorsim_interfaces/_motorsim_interfaces_s.ep.rosidl_typesupport_c.c
[1.498s] -- Up-to-date: /home/kireiji/RoboticsDev_ws/install/motorsim_interfaces/lib/python3.10/site-packages/motorsim_interfaces/motorsim_interfaces_s__rosidl_typesupport_fastrtps_c.cpython-310-x86_64-linux-gnu.so
[1.498s] -- Up-to-date: /home/kireiji/RoboticsDev_ws/install/motorsim_interfaces/lib/python3.10/site-packages/motorsim_interfaces/_motorsim_interfaces_s.ep.rosidl_typesupport_fastrtps_c.c
[1.502s] -- Up-to-date: /home/kireiji/RoboticsDev_ws/install/motorsim_interfaces/lib/python3.10/site-packages/motorsim_interfaces/srv
[1.503s] -- Up-to-date: /home/kireiji/RoboticsDev_ws/install/motorsim_interfaces/lib/python3.10/site-packages/motorsim_interfaces/srv/__init__.py
[1.503s] -- Up-to-date: /home/kireiji/RoboticsDev_ws/install/motorsim_interfaces/lib/python3.10/site-packages/motorsim_interfaces/srv/_motor_spawn.py
[1.507s] -- Up-to-date: /home/kireiji/RoboticsDev_ws/install/motorsim_interfaces/lib/python3.10/site-packages/motorsim_interfaces/srv/_motor_spawn_s.c
[1.508s] -- Up-to-date: /home/kireiji/RoboticsDev_ws/install/motorsim_interfaces/lib/python3.10/site-packages/motorsim_interfaces/motorsim_interfaces_s__rosidl_typesupport_introspection_c.cpython-310-x86_64-linux-gnu.so
[1.508s] -- Up-to-date: /home/kireiji/RoboticsDev_ws/install/motorsim_interfaces/lib/python3.10/site-packages/motorsim_interfaces/motorsim_interfaces_s__rosidl_typesupport_c.cpython-310-x86_64-linux-gnu.so
[1.558s] Listing '/home/kireiji/RoboticsDev_ws/install/motorsim_interfaces/lib/python3.10/site-packages/motorsim_interfaces'...
[1.558s] Listing '/home/kireiji/RoboticsDev_ws/install/motorsim_interfaces/lib/python3.10/site-packages/motorsim_interfaces/srv'...
[1.572s] -- Up-to-date: /home/kireiji/RoboticsDev_ws/install/motorsim_interfaces/lib/python3.10/site-packages/motorsim_interfaces/motorsim_interfaces_s__rosidl_typesupport_fastrtps_c.cpython-310-x86_64-linux-gnu.so
[1.572s] -- Up-to-date: /home/kireiji/RoboticsDev_ws/install/motorsim_interfaces/lib/python3.10/site-packages/motorsim_interfaces/motorsim_interfaces_s__rosidl_typesupport_introspection_c.cpython-310-x86_64-linux-gnu.so
[1.573s] -- Up-to-date: /home/kireiji/RoboticsDev_ws/install/motorsim_interfaces/lib/python3.10/site-packages/motorsim_interfaces/motorsim_interfaces_s__rosidl_typesupport_c.cpython-310-x86_64-linux-gnu.so
[1.578s] -- Up-to-date: /home/kireiji/RoboticsDev_ws/install/motorsim_interfaces/lib/libmotorsim_interfaces__rosidl_generator_py.so
[1.580s] -- Up-to-date: /home/kireiji/RoboticsDev_ws/install/motorsim_interfaces/share/motorsim_interfaces/srv/MotorSpawn.idl
[1.581s] -- Up-to-date: /home/kireiji/RoboticsDev_ws/install/motorsim_interfaces/share/motorsim_interfaces/srv/MotorSpawn.srv
[1.581s] -- Up-to-date: /home/kireiji/RoboticsDev_ws/install/motorsim_interfaces/share/motorsim_interfaces/srv/MotorSpawn_Request.msg
[1.581s] -- Up-to-date: /home/kireiji/RoboticsDev_ws/install/motorsim_interfaces/share/motorsim_interfaces/srv/MotorSpawn_Response.msg
[1.581s] -- Up-to-date: /home/kireiji/RoboticsDev_ws/install/motorsim_interfaces/share/ament_index/resource_index/package_run_dependencies/motorsim_interfaces
[1.581s] -- Up-to-date: /home/kireiji/RoboticsDev_ws/install/motorsim_interfaces/share/ament_index/resource_index/parent_prefix_path/motorsim_interfaces
[1.581s] -- Up-to-date: /home/kireiji/RoboticsDev_ws/install/motorsim_interfaces/share/motorsim_interfaces/environment/ament_prefix_path.sh
[1.581s] -- Up-to-date: /home/kireiji/RoboticsDev_ws/install/motorsim_interfaces/share/motorsim_interfaces/environment/ament_prefix_path.dsv
[1.581s] -- Up-to-date: /home/kireiji/RoboticsDev_ws/install/motorsim_interfaces/share/motorsim_interfaces/environment/path.sh
[1.581s] -- Up-to-date: /home/kireiji/RoboticsDev_ws/install/motorsim_interfaces/share/motorsim_interfaces/environment/path.dsv
[1.581s] -- Up-to-date: /home/kireiji/RoboticsDev_ws/install/motorsim_interfaces/share/motorsim_interfaces/local_setup.bash
[1.581s] -- Up-to-date: /home/kireiji/RoboticsDev_ws/install/motorsim_interfaces/share/motorsim_interfaces/local_setup.sh
[1.581s] -- Up-to-date: /home/kireiji/RoboticsDev_ws/install/motorsim_interfaces/share/motorsim_interfaces/local_setup.zsh
[1.582s] -- Up-to-date: /home/kireiji/RoboticsDev_ws/install/motorsim_interfaces/share/motorsim_interfaces/local_setup.dsv
[1.582s] -- Installing: /home/kireiji/RoboticsDev_ws/install/motorsim_interfaces/share/motorsim_interfaces/package.dsv
[1.593s] -- Up-to-date: /home/kireiji/RoboticsDev_ws/install/motorsim_interfaces/share/ament_index/resource_index/packages/motorsim_interfaces
[1.594s] -- Up-to-date: /home/kireiji/RoboticsDev_ws/install/motorsim_interfaces/share/motorsim_interfaces/cmake/export_motorsim_interfaces__rosidl_generator_cExport.cmake
[1.594s] -- Up-to-date: /home/kireiji/RoboticsDev_ws/install/motorsim_interfaces/share/motorsim_interfaces/cmake/export_motorsim_interfaces__rosidl_generator_cExport-noconfig.cmake
[1.594s] -- Up-to-date: /home/kireiji/RoboticsDev_ws/install/motorsim_interfaces/share/motorsim_interfaces/cmake/export_motorsim_interfaces__rosidl_typesupport_fastrtps_cExport.cmake
[1.594s] -- Up-to-date: /home/kireiji/RoboticsDev_ws/install/motorsim_interfaces/share/motorsim_interfaces/cmake/export_motorsim_interfaces__rosidl_typesupport_fastrtps_cExport-noconfig.cmake
[1.594s] -- Up-to-date: /home/kireiji/RoboticsDev_ws/install/motorsim_interfaces/share/motorsim_interfaces/cmake/motorsim_interfaces__rosidl_typesupport_introspection_cExport.cmake
[1.594s] -- Up-to-date: /home/kireiji/RoboticsDev_ws/install/motorsim_interfaces/share/motorsim_interfaces/cmake/motorsim_interfaces__rosidl_typesupport_introspection_cExport-noconfig.cmake
[1.594s] -- Up-to-date: /home/kireiji/RoboticsDev_ws/install/motorsim_interfaces/share/motorsim_interfaces/cmake/motorsim_interfaces__rosidl_typesupport_cExport.cmake
[1.594s] -- Up-to-date: /home/kireiji/RoboticsDev_ws/install/motorsim_interfaces/share/motorsim_interfaces/cmake/motorsim_interfaces__rosidl_typesupport_cExport-noconfig.cmake
[1.595s] -- Up-to-date: /home/kireiji/RoboticsDev_ws/install/motorsim_interfaces/share/motorsim_interfaces/cmake/export_motorsim_interfaces__rosidl_generator_cppExport.cmake
[1.595s] -- Up-to-date: /home/kireiji/RoboticsDev_ws/install/motorsim_interfaces/share/motorsim_interfaces/cmake/export_motorsim_interfaces__rosidl_typesupport_fastrtps_cppExport.cmake
[1.595s] -- Up-to-date: /home/kireiji/RoboticsDev_ws/install/motorsim_interfaces/share/motorsim_interfaces/cmake/export_motorsim_interfaces__rosidl_typesupport_fastrtps_cppExport-noconfig.cmake
[1.595s] -- Up-to-date: /home/kireiji/RoboticsDev_ws/install/motorsim_interfaces/share/motorsim_interfaces/cmake/motorsim_interfaces__rosidl_typesupport_introspection_cppExport.cmake
[1.595s] -- Up-to-date: /home/kireiji/RoboticsDev_ws/install/motorsim_interfaces/share/motorsim_interfaces/cmake/motorsim_interfaces__rosidl_typesupport_introspection_cppExport-noconfig.cmake
[1.595s] -- Up-to-date: /home/kireiji/RoboticsDev_ws/install/motorsim_interfaces/share/motorsim_interfaces/cmake/motorsim_interfaces__rosidl_typesupport_cppExport.cmake
[1.595s] -- Up-to-date: /home/kireiji/RoboticsDev_ws/install/motorsim_interfaces/share/motorsim_interfaces/cmake/motorsim_interfaces__rosidl_typesupport_cppExport-noconfig.cmake
[1.595s] -- Up-to-date: /home/kireiji/RoboticsDev_ws/install/motorsim_interfaces/share/motorsim_interfaces/cmake/export_motorsim_interfaces__rosidl_generator_pyExport.cmake
[1.595s] -- Up-to-date: /home/kireiji/RoboticsDev_ws/install/motorsim_interfaces/share/motorsim_interfaces/cmake/export_motorsim_interfaces__rosidl_generator_pyExport-noconfig.cmake
[1.595s] -- Up-to-date: /home/kireiji/RoboticsDev_ws/install/motorsim_interfaces/share/motorsim_interfaces/cmake/rosidl_cmake-extras.cmake
[1.595s] -- Up-to-date: /home/kireiji/RoboticsDev_ws/install/motorsim_interfaces/share/motorsim_interfaces/cmake/ament_cmake_export_include_directories-extras.cmake
[1.595s] -- Up-to-date: /home/kireiji/RoboticsDev_ws/install/motorsim_interfaces/share/motorsim_interfaces/cmake/ament_cmake_export_libraries-extras.cmake
[1.596s] -- Up-to-date: /home/kireiji/RoboticsDev_ws/install/motorsim_interfaces/share/motorsim_interfaces/cmake/ament_cmake_export_targets-extras.cmake
[1.596s] -- Up-to-date: /home/kireiji/RoboticsDev_ws/install/motorsim_interfaces/share/motorsim_interfaces/cmake/rosidl_cmake_export_typesupport_targets-extras.cmake
[1.596s] -- Up-to-date: /home/kireiji/RoboticsDev_ws/install/motorsim_interfaces/share/motorsim_interfaces/cmake/ament_cmake_export_dependencies-extras.cmake
[1.596s] -- Up-to-date: /home/kireiji/RoboticsDev_ws/install/motorsim_interfaces/share/motorsim_interfaces/cmake/rosidl_cmake_export_typesupport_libraries-extras.cmake
[1.596s] -- Up-to-date: /home/kireiji/RoboticsDev_ws/install/motorsim_interfaces/share/motorsim_interfaces/cmake/motorsim_interfacesConfig.cmake
[1.596s] -- Up-to-date: /home/kireiji/RoboticsDev_ws/install/motorsim_interfaces/share/motorsim_interfaces/cmake/motorsim_interfacesConfig-version.cmake
[1.596s] -- Up-to-date: /home/kireiji/RoboticsDev_ws/install/motorsim_interfaces/share/motorsim_interfaces/package.xml
[1.663s] Invoked command in '/home/kireiji/RoboticsDev_ws/build/motorsim_interfaces' returned '0': CMAKE_PREFIX_PATH=${CMAKE_PREFIX_PATH}:/home/kireiji/RoboticsDev_ws/install/launch_testing_examples:/home/kireiji/RoboticsDev_ws/install/examples_rclpy_pointcloud_publisher:/home/kireiji/RoboticsDev_ws/install/examples_rclpy_minimal_subscriber:/home/kireiji/RoboticsDev_ws/install/examples_rclpy_minimal_service:/home/kireiji/RoboticsDev_ws/install/examples_rclpy_minimal_publisher:/home/kireiji/RoboticsDev_ws/install/examples_rclpy_minimal_client:/home/kireiji/RoboticsDev_ws/install/examples_rclpy_minimal_action_server:/home/kireiji/RoboticsDev_ws/install/examples_rclpy_minimal_action_client:/home/kireiji/RoboticsDev_ws/install/examples_rclpy_guard_conditions:/home/kireiji/RoboticsDev_ws/install/examples_rclpy_executors:/home/kireiji/ros2_ws/install/my_py_pkg:/opt/ros/humble /usr/bin/cmake --install /home/kireiji/RoboticsDev_ws/build/motorsim_interfaces
