[0.008s] Invoking command in '/home/kireiji/RoboticsDev_ws/build/lecture3_interfaces': CMAKE_PREFIX_PATH=${CMAKE_PREFIX_PATH}:/home/kireiji/RoboticsDev_ws/install/launch_testing_examples:/home/kireiji/RoboticsDev_ws/install/examples_rclpy_pointcloud_publisher:/home/kireiji/RoboticsDev_ws/install/examples_rclpy_minimal_subscriber:/home/kireiji/RoboticsDev_ws/install/examples_rclpy_minimal_service:/home/kireiji/RoboticsDev_ws/install/examples_rclpy_minimal_publisher:/home/kireiji/RoboticsDev_ws/install/examples_rclpy_minimal_client:/home/kireiji/RoboticsDev_ws/install/examples_rclpy_minimal_action_server:/home/kireiji/RoboticsDev_ws/install/examples_rclpy_minimal_action_client:/home/kireiji/RoboticsDev_ws/install/examples_rclpy_guard_conditions:/home/kireiji/RoboticsDev_ws/install/examples_rclpy_executors:/home/kireiji/ros2_ws/install/my_py_pkg:/opt/ros/humble /usr/bin/cmake /home/kireiji/RoboticsDev_ws/src/lecture3_interfaces -DCMAKE_INSTALL_PREFIX=/home/kireiji/RoboticsDev_ws/install/lecture3_interfaces
[0.016s] -- Found ament_cmake: 1.3.10 (/opt/ros/humble/share/ament_cmake/cmake)
[0.113s] -- Found std_msgs: 4.2.4 (/opt/ros/humble/share/std_msgs/cmake)
[0.128s] -- Found rosidl_generator_c: 3.1.5 (/opt/ros/humble/share/rosidl_generator_c/cmake)
[0.129s] -- Found rosidl_adapter: 3.1.5 (/opt/ros/humble/share/rosidl_adapter/cmake)
[0.133s] -- Found rosidl_generator_cpp: 3.1.5 (/opt/ros/humble/share/rosidl_generator_cpp/cmake)
[0.139s] -- Using all available rosidl_typesupport_c: rosidl_typesupport_fastrtps_c;rosidl_typesupport_introspection_c
[0.146s] -- Using all available rosidl_typesupport_cpp: rosidl_typesupport_fastrtps_cpp;rosidl_typesupport_introspection_cpp
[0.159s] -- Found rosidl_default_generators: 1.2.0 (/opt/ros/humble/share/rosidl_default_generators/cmake)
[0.165s] -- Found ament_lint_auto: 0.12.11 (/opt/ros/humble/share/ament_lint_auto/cmake)
[0.387s] -- Found ament_cmake_ros: 0.10.0 (/opt/ros/humble/share/ament_cmake_ros/cmake)
[0.652s] -- Using all available rosidl_typesupport_c: rosidl_typesupport_fastrtps_c;rosidl_typesupport_introspection_c
[0.754s] -- Using all available rosidl_typesupport_cpp: rosidl_typesupport_fastrtps_cpp;rosidl_typesupport_introspection_cpp
[0.773s] -- Found PythonInterp: /usr/local/bin/python3 (found suitable version "3.10", minimum required is "3.6") 
[0.776s] -- Found python_cmake_module: 0.10.0 (/opt/ros/humble/share/python_cmake_module/cmake)
[0.796s] -- Found PythonLibs: /usr/local/lib/libpython3.10.a (found suitable version "3.10.0", minimum required is "3.5") 
[0.797s] -- Using PYTHON_EXECUTABLE: /usr/local/bin/python3
[0.797s] -- Using PYTHON_INCLUDE_DIRS: /usr/local/include/python3.10
[0.797s] -- Using PYTHON_LIBRARIES: /usr/local/lib/libpython3.10.a
[0.815s] -- Found PythonExtra: .so  
[0.934s] -- Using numpy include directory: /home/kireiji/.local/lib/python3.10/site-packages/numpy/_core/include
[0.952s] -- Added test 'lint_cmake' to check CMake code style
[0.953s] -- Added test 'xmllint' to check XML markup files
[0.958s] -- Configuring done
[0.975s] -- Generating done
[0.976s] -- Build files have been written to: /home/kireiji/RoboticsDev_ws/build/lecture3_interfaces
[0.982s] Invoked command in '/home/kireiji/RoboticsDev_ws/build/lecture3_interfaces' returned '0': CMAKE_PREFIX_PATH=${CMAKE_PREFIX_PATH}:/home/kireiji/RoboticsDev_ws/install/launch_testing_examples:/home/kireiji/RoboticsDev_ws/install/examples_rclpy_pointcloud_publisher:/home/kireiji/RoboticsDev_ws/install/examples_rclpy_minimal_subscriber:/home/kireiji/RoboticsDev_ws/install/examples_rclpy_minimal_service:/home/kireiji/RoboticsDev_ws/install/examples_rclpy_minimal_publisher:/home/kireiji/RoboticsDev_ws/install/examples_rclpy_minimal_client:/home/kireiji/RoboticsDev_ws/install/examples_rclpy_minimal_action_server:/home/kireiji/RoboticsDev_ws/install/examples_rclpy_minimal_action_client:/home/kireiji/RoboticsDev_ws/install/examples_rclpy_guard_conditions:/home/kireiji/RoboticsDev_ws/install/examples_rclpy_executors:/home/kireiji/ros2_ws/install/my_py_pkg:/opt/ros/humble /usr/bin/cmake /home/kireiji/RoboticsDev_ws/src/lecture3_interfaces -DCMAKE_INSTALL_PREFIX=/home/kireiji/RoboticsDev_ws/install/lecture3_interfaces
[0.983s] Invoking command in '/home/kireiji/RoboticsDev_ws/build/lecture3_interfaces': CMAKE_PREFIX_PATH=${CMAKE_PREFIX_PATH}:/home/kireiji/RoboticsDev_ws/install/launch_testing_examples:/home/kireiji/RoboticsDev_ws/install/examples_rclpy_pointcloud_publisher:/home/kireiji/RoboticsDev_ws/install/examples_rclpy_minimal_subscriber:/home/kireiji/RoboticsDev_ws/install/examples_rclpy_minimal_service:/home/kireiji/RoboticsDev_ws/install/examples_rclpy_minimal_publisher:/home/kireiji/RoboticsDev_ws/install/examples_rclpy_minimal_client:/home/kireiji/RoboticsDev_ws/install/examples_rclpy_minimal_action_server:/home/kireiji/RoboticsDev_ws/install/examples_rclpy_minimal_action_client:/home/kireiji/RoboticsDev_ws/install/examples_rclpy_guard_conditions:/home/kireiji/RoboticsDev_ws/install/examples_rclpy_executors:/home/kireiji/ros2_ws/install/my_py_pkg:/opt/ros/humble /usr/bin/cmake --build /home/kireiji/RoboticsDev_ws/build/lecture3_interfaces -- -j16 -l16
[1.008s] [  2%] [34m[1mGenerating C code for ROS interfaces[0m
[1.014s] [  5%] [34m[1mGenerating C++ code for ROS interfaces[0m
[1.018s] [  5%] Built target ament_cmake_python_copy_lecture3_interfaces
[1.183s] running egg_info
[1.183s] creating lecture3_interfaces.egg-info
[1.184s] writing manifest file 'lecture3_interfaces.egg-info/SOURCES.txt'
[1.185s] writing manifest file 'lecture3_interfaces.egg-info/SOURCES.txt'
[1.202s] [  5%] Built target ament_cmake_python_build_lecture3_interfaces_egg
[1.264s] [  5%] Built target lecture3_interfaces__cpp
[1.271s] [  7%] [34m[1mGenerating C++ type support dispatch for ROS interfaces[0m
[1.271s] [ 10%] [34m[1mGenerating C++ type support for eProsima Fast-RTPS[0m
[1.272s] [ 12%] [34m[1mGenerating C++ introspection for ROS interfaces[0m
[1.284s] [ 17%] [32mBuilding C object CMakeFiles/lecture3_interfaces__rosidl_generator_c.dir/rosidl_generator_c/lecture3_interfaces/srv/detail/example_msg__functions.c.o[0m
[1.284s] [ 17%] [32mBuilding C object CMakeFiles/lecture3_interfaces__rosidl_generator_c.dir/rosidl_generator_c/lecture3_interfaces/msg/detail/example_msg__functions.c.o[0m
[1.325s] [ 20%] [32m[1mLinking C shared library liblecture3_interfaces__rosidl_generator_c.so[0m
[1.351s] [ 20%] Built target lecture3_interfaces__rosidl_generator_c
[1.357s] [ 23%] [34m[1mGenerating C type support for eProsima Fast-RTPS[0m
[1.357s] [ 25%] [34m[1mGenerating C type support dispatch for ROS interfaces[0m
[1.357s] [ 28%] [34m[1mGenerating C introspection for ROS interfaces[0m
[1.494s] [ 33%] [32mBuilding CXX object CMakeFiles/lecture3_interfaces__rosidl_typesupport_cpp.dir/rosidl_typesupport_cpp/lecture3_interfaces/srv/example_msg__type_support.cpp.o[0m
[1.495s] [ 33%] [32mBuilding CXX object CMakeFiles/lecture3_interfaces__rosidl_typesupport_cpp.dir/rosidl_typesupport_cpp/lecture3_interfaces/msg/example_msg__type_support.cpp.o[0m
[1.520s] [ 38%] [32mBuilding CXX object CMakeFiles/lecture3_interfaces__rosidl_typesupport_introspection_cpp.dir/rosidl_typesupport_introspection_cpp/lecture3_interfaces/msg/detail/example_msg__type_support.cpp.o[0m
[1.520s] [ 38%] [32mBuilding CXX object CMakeFiles/lecture3_interfaces__rosidl_typesupport_introspection_cpp.dir/rosidl_typesupport_introspection_cpp/lecture3_interfaces/srv/detail/example_msg__type_support.cpp.o[0m
[1.537s] [ 41%] [32mBuilding CXX object CMakeFiles/lecture3_interfaces__rosidl_typesupport_fastrtps_cpp.dir/rosidl_typesupport_fastrtps_cpp/lecture3_interfaces/msg/detail/dds_fastrtps/example_msg__type_support.cpp.o[0m
[1.537s] [ 43%] [32mBuilding CXX object CMakeFiles/lecture3_interfaces__rosidl_typesupport_fastrtps_cpp.dir/rosidl_typesupport_fastrtps_cpp/lecture3_interfaces/srv/detail/dds_fastrtps/example_msg__type_support.cpp.o[0m
[1.586s] [ 48%] [32mBuilding CXX object CMakeFiles/lecture3_interfaces__rosidl_typesupport_c.dir/rosidl_typesupport_c/lecture3_interfaces/msg/example_msg__type_support.cpp.o[0m
[1.586s] [ 48%] [32mBuilding CXX object CMakeFiles/lecture3_interfaces__rosidl_typesupport_c.dir/rosidl_typesupport_c/lecture3_interfaces/srv/example_msg__type_support.cpp.o[0m
[1.607s] [ 51%] [32m[1mLinking CXX shared library liblecture3_interfaces__rosidl_typesupport_c.so[0m
[1.622s] [ 56%] [32mBuilding C object CMakeFiles/lecture3_interfaces__rosidl_typesupport_introspection_c.dir/rosidl_typesupport_introspection_c/lecture3_interfaces/msg/detail/example_msg__type_support.c.o[0m
[1.622s] [ 56%] [32mBuilding C object CMakeFiles/lecture3_interfaces__rosidl_typesupport_introspection_c.dir/rosidl_typesupport_introspection_c/lecture3_interfaces/srv/detail/example_msg__type_support.c.o[0m
[1.638s] [ 56%] Built target lecture3_interfaces__rosidl_typesupport_c
[1.649s] [ 58%] [32m[1mLinking C shared library liblecture3_interfaces__rosidl_typesupport_introspection_c.so[0m
[1.672s] [ 58%] Built target lecture3_interfaces__rosidl_typesupport_introspection_c
[1.710s] [ 64%] [32mBuilding CXX object CMakeFiles/lecture3_interfaces__rosidl_typesupport_fastrtps_c.dir/rosidl_typesupport_fastrtps_c/lecture3_interfaces/srv/detail/example_msg__type_support_c.cpp.o[0m
[1.710s] [ 64%] [32mBuilding CXX object CMakeFiles/lecture3_interfaces__rosidl_typesupport_fastrtps_c.dir/rosidl_typesupport_fastrtps_c/lecture3_interfaces/msg/detail/example_msg__type_support_c.cpp.o[0m
[1.740s] [ 66%] [32m[1mLinking CXX shared library liblecture3_interfaces__rosidl_typesupport_cpp.so[0m
[1.769s] [ 66%] Built target lecture3_interfaces__rosidl_typesupport_cpp
[1.805s] [ 69%] [32m[1mLinking CXX shared library liblecture3_interfaces__rosidl_typesupport_fastrtps_cpp.so[0m
[1.826s] [ 71%] [32m[1mLinking CXX shared library liblecture3_interfaces__rosidl_typesupport_introspection_cpp.so[0m
[1.855s] [ 71%] Built target lecture3_interfaces__rosidl_typesupport_fastrtps_cpp
[1.869s] [ 71%] Built target lecture3_interfaces__rosidl_typesupport_introspection_cpp
[1.922s] [ 74%] [32m[1mLinking CXX shared library liblecture3_interfaces__rosidl_typesupport_fastrtps_c.so[0m
[1.966s] [ 74%] Built target lecture3_interfaces__rosidl_typesupport_fastrtps_c
[1.979s] [ 74%] Built target lecture3_interfaces
[1.991s] [ 76%] [34m[1mGenerating Python code for ROS interfaces[0m
[2.352s] [ 76%] Built target lecture3_interfaces__py
[2.364s] [ 79%] [32mBuilding C object CMakeFiles/lecture3_interfaces__rosidl_generator_py.dir/rosidl_generator_py/lecture3_interfaces/msg/_example_msg_s.c.o[0m
[2.364s] [ 82%] [32mBuilding C object CMakeFiles/lecture3_interfaces__rosidl_generator_py.dir/rosidl_generator_py/lecture3_interfaces/srv/_example_msg_s.c.o[0m
[2.448s] [ 84%] [32m[1mLinking C shared library rosidl_generator_py/lecture3_interfaces/liblecture3_interfaces__rosidl_generator_py.so[0m
[2.637s] [ 84%] Built target lecture3_interfaces__rosidl_generator_py
[2.651s] [ 87%] [32mBuilding C object CMakeFiles/lecture3_interfaces__rosidl_typesupport_introspection_c__pyext.dir/rosidl_generator_py/lecture3_interfaces/_lecture3_interfaces_s.ep.rosidl_typesupport_introspection_c.c.o[0m
[2.651s] [ 92%] [32mBuilding C object CMakeFiles/lecture3_interfaces__rosidl_typesupport_fastrtps_c__pyext.dir/rosidl_generator_py/lecture3_interfaces/_lecture3_interfaces_s.ep.rosidl_typesupport_fastrtps_c.c.o[0m
[2.651s] [ 92%] [32mBuilding C object CMakeFiles/lecture3_interfaces__rosidl_typesupport_c__pyext.dir/rosidl_generator_py/lecture3_interfaces/_lecture3_interfaces_s.ep.rosidl_typesupport_c.c.o[0m
[2.715s] [100%] [32m[1mLinking C shared library rosidl_generator_py/lecture3_interfaces/lecture3_interfaces_s__rosidl_typesupport_c.cpython-310-x86_64-linux-gnu.so[0m
[2.715s] [100%] [32m[1mLinking C shared library rosidl_generator_py/lecture3_interfaces/lecture3_interfaces_s__rosidl_typesupport_introspection_c.cpython-310-x86_64-linux-gnu.so[0m
[2.715s] [100%] [32m[1mLinking C shared library rosidl_generator_py/lecture3_interfaces/lecture3_interfaces_s__rosidl_typesupport_fastrtps_c.cpython-310-x86_64-linux-gnu.so[0m
[2.740s] [100%] Built target lecture3_interfaces__rosidl_typesupport_c__pyext
[2.740s] [100%] Built target lecture3_interfaces__rosidl_typesupport_introspection_c__pyext
[2.740s] [100%] Built target lecture3_interfaces__rosidl_typesupport_fastrtps_c__pyext
[2.747s] Invoked command in '/home/kireiji/RoboticsDev_ws/build/lecture3_interfaces' returned '0': CMAKE_PREFIX_PATH=${CMAKE_PREFIX_PATH}:/home/kireiji/RoboticsDev_ws/install/launch_testing_examples:/home/kireiji/RoboticsDev_ws/install/examples_rclpy_pointcloud_publisher:/home/kireiji/RoboticsDev_ws/install/examples_rclpy_minimal_subscriber:/home/kireiji/RoboticsDev_ws/install/examples_rclpy_minimal_service:/home/kireiji/RoboticsDev_ws/install/examples_rclpy_minimal_publisher:/home/kireiji/RoboticsDev_ws/install/examples_rclpy_minimal_client:/home/kireiji/RoboticsDev_ws/install/examples_rclpy_minimal_action_server:/home/kireiji/RoboticsDev_ws/install/examples_rclpy_minimal_action_client:/home/kireiji/RoboticsDev_ws/install/examples_rclpy_guard_conditions:/home/kireiji/RoboticsDev_ws/install/examples_rclpy_executors:/home/kireiji/ros2_ws/install/my_py_pkg:/opt/ros/humble /usr/bin/cmake --build /home/kireiji/RoboticsDev_ws/build/lecture3_interfaces -- -j16 -l16
[2.807s] Invoking command in '/home/kireiji/RoboticsDev_ws/build/lecture3_interfaces': CMAKE_PREFIX_PATH=${CMAKE_PREFIX_PATH}:/home/kireiji/RoboticsDev_ws/install/launch_testing_examples:/home/kireiji/RoboticsDev_ws/install/examples_rclpy_pointcloud_publisher:/home/kireiji/RoboticsDev_ws/install/examples_rclpy_minimal_subscriber:/home/kireiji/RoboticsDev_ws/install/examples_rclpy_minimal_service:/home/kireiji/RoboticsDev_ws/install/examples_rclpy_minimal_publisher:/home/kireiji/RoboticsDev_ws/install/examples_rclpy_minimal_client:/home/kireiji/RoboticsDev_ws/install/examples_rclpy_minimal_action_server:/home/kireiji/RoboticsDev_ws/install/examples_rclpy_minimal_action_client:/home/kireiji/RoboticsDev_ws/install/examples_rclpy_guard_conditions:/home/kireiji/RoboticsDev_ws/install/examples_rclpy_executors:/home/kireiji/ros2_ws/install/my_py_pkg:/opt/ros/humble /usr/bin/cmake --install /home/kireiji/RoboticsDev_ws/build/lecture3_interfaces
[2.811s] -- Install configuration: ""
[2.811s] -- Installing: /home/kireiji/RoboticsDev_ws/install/lecture3_interfaces/share/ament_index/resource_index/rosidl_interfaces/lecture3_interfaces
[2.811s] -- Installing: /home/kireiji/RoboticsDev_ws/install/lecture3_interfaces/include/lecture3_interfaces/lecture3_interfaces
[2.811s] -- Installing: /home/kireiji/RoboticsDev_ws/install/lecture3_interfaces/include/lecture3_interfaces/lecture3_interfaces/msg
[2.811s] -- Installing: /home/kireiji/RoboticsDev_ws/install/lecture3_interfaces/include/lecture3_interfaces/lecture3_interfaces/msg/rosidl_generator_c__visibility_control.h
[2.811s] -- Installing: /home/kireiji/RoboticsDev_ws/install/lecture3_interfaces/include/lecture3_interfaces/lecture3_interfaces/msg/detail
[2.811s] -- Installing: /home/kireiji/RoboticsDev_ws/install/lecture3_interfaces/include/lecture3_interfaces/lecture3_interfaces/msg/detail/example_msg__type_support.h
[2.811s] -- Installing: /home/kireiji/RoboticsDev_ws/install/lecture3_interfaces/include/lecture3_interfaces/lecture3_interfaces/msg/detail/example_msg__struct.h
[2.811s] -- Installing: /home/kireiji/RoboticsDev_ws/install/lecture3_interfaces/include/lecture3_interfaces/lecture3_interfaces/msg/detail/example_msg__functions.c
[2.811s] -- Installing: /home/kireiji/RoboticsDev_ws/install/lecture3_interfaces/include/lecture3_interfaces/lecture3_interfaces/msg/detail/example_msg__functions.h
[2.811s] -- Installing: /home/kireiji/RoboticsDev_ws/install/lecture3_interfaces/include/lecture3_interfaces/lecture3_interfaces/msg/example_msg.h
[2.811s] -- Installing: /home/kireiji/RoboticsDev_ws/install/lecture3_interfaces/include/lecture3_interfaces/lecture3_interfaces/srv
[2.812s] -- Installing: /home/kireiji/RoboticsDev_ws/install/lecture3_interfaces/include/lecture3_interfaces/lecture3_interfaces/srv/detail
[2.812s] -- Installing: /home/kireiji/RoboticsDev_ws/install/lecture3_interfaces/include/lecture3_interfaces/lecture3_interfaces/srv/detail/example_msg__type_support.h
[2.812s] -- Installing: /home/kireiji/RoboticsDev_ws/install/lecture3_interfaces/include/lecture3_interfaces/lecture3_interfaces/srv/detail/example_msg__struct.h
[2.812s] -- Installing: /home/kireiji/RoboticsDev_ws/install/lecture3_interfaces/include/lecture3_interfaces/lecture3_interfaces/srv/detail/example_msg__functions.c
[2.812s] -- Installing: /home/kireiji/RoboticsDev_ws/install/lecture3_interfaces/include/lecture3_interfaces/lecture3_interfaces/srv/detail/example_msg__functions.h
[2.812s] -- Installing: /home/kireiji/RoboticsDev_ws/install/lecture3_interfaces/include/lecture3_interfaces/lecture3_interfaces/srv/example_msg.h
[2.812s] -- Installing: /home/kireiji/RoboticsDev_ws/install/lecture3_interfaces/share/lecture3_interfaces/environment/library_path.sh
[2.812s] -- Installing: /home/kireiji/RoboticsDev_ws/install/lecture3_interfaces/share/lecture3_interfaces/environment/library_path.dsv
[2.812s] -- Installing: /home/kireiji/RoboticsDev_ws/install/lecture3_interfaces/lib/liblecture3_interfaces__rosidl_generator_c.so
[2.812s] -- Set runtime path of "/home/kireiji/RoboticsDev_ws/install/lecture3_interfaces/lib/liblecture3_interfaces__rosidl_generator_c.so" to ""
[2.812s] -- Up-to-date: /home/kireiji/RoboticsDev_ws/install/lecture3_interfaces/include/lecture3_interfaces/lecture3_interfaces
[2.812s] -- Up-to-date: /home/kireiji/RoboticsDev_ws/install/lecture3_interfaces/include/lecture3_interfaces/lecture3_interfaces/msg
[2.812s] -- Installing: /home/kireiji/RoboticsDev_ws/install/lecture3_interfaces/include/lecture3_interfaces/lecture3_interfaces/msg/rosidl_typesupport_fastrtps_c__visibility_control.h
[2.812s] -- Up-to-date: /home/kireiji/RoboticsDev_ws/install/lecture3_interfaces/include/lecture3_interfaces/lecture3_interfaces/msg/detail
[2.812s] -- Installing: /home/kireiji/RoboticsDev_ws/install/lecture3_interfaces/include/lecture3_interfaces/lecture3_interfaces/msg/detail/example_msg__rosidl_typesupport_fastrtps_c.h
[2.812s] -- Up-to-date: /home/kireiji/RoboticsDev_ws/install/lecture3_interfaces/include/lecture3_interfaces/lecture3_interfaces/srv
[2.812s] -- Up-to-date: /home/kireiji/RoboticsDev_ws/install/lecture3_interfaces/include/lecture3_interfaces/lecture3_interfaces/srv/detail
[2.812s] -- Installing: /home/kireiji/RoboticsDev_ws/install/lecture3_interfaces/include/lecture3_interfaces/lecture3_interfaces/srv/detail/example_msg__rosidl_typesupport_fastrtps_c.h
[2.812s] -- Installing: /home/kireiji/RoboticsDev_ws/install/lecture3_interfaces/lib/liblecture3_interfaces__rosidl_typesupport_fastrtps_c.so
[2.812s] -- Set runtime path of "/home/kireiji/RoboticsDev_ws/install/lecture3_interfaces/lib/liblecture3_interfaces__rosidl_typesupport_fastrtps_c.so" to ""
[2.812s] -- Up-to-date: /home/kireiji/RoboticsDev_ws/install/lecture3_interfaces/include/lecture3_interfaces/lecture3_interfaces
[2.813s] -- Up-to-date: /home/kireiji/RoboticsDev_ws/install/lecture3_interfaces/include/lecture3_interfaces/lecture3_interfaces/msg
[2.813s] -- Installing: /home/kireiji/RoboticsDev_ws/install/lecture3_interfaces/include/lecture3_interfaces/lecture3_interfaces/msg/example_msg.hpp
[2.813s] -- Up-to-date: /home/kireiji/RoboticsDev_ws/install/lecture3_interfaces/include/lecture3_interfaces/lecture3_interfaces/msg/detail
[2.813s] -- Installing: /home/kireiji/RoboticsDev_ws/install/lecture3_interfaces/include/lecture3_interfaces/lecture3_interfaces/msg/detail/example_msg__struct.hpp
[2.813s] -- Installing: /home/kireiji/RoboticsDev_ws/install/lecture3_interfaces/include/lecture3_interfaces/lecture3_interfaces/msg/detail/example_msg__traits.hpp
[2.813s] -- Installing: /home/kireiji/RoboticsDev_ws/install/lecture3_interfaces/include/lecture3_interfaces/lecture3_interfaces/msg/detail/example_msg__builder.hpp
[2.813s] -- Up-to-date: /home/kireiji/RoboticsDev_ws/install/lecture3_interfaces/include/lecture3_interfaces/lecture3_interfaces/srv
[2.813s] -- Installing: /home/kireiji/RoboticsDev_ws/install/lecture3_interfaces/include/lecture3_interfaces/lecture3_interfaces/srv/example_msg.hpp
[2.813s] -- Up-to-date: /home/kireiji/RoboticsDev_ws/install/lecture3_interfaces/include/lecture3_interfaces/lecture3_interfaces/srv/detail
[2.813s] -- Installing: /home/kireiji/RoboticsDev_ws/install/lecture3_interfaces/include/lecture3_interfaces/lecture3_interfaces/srv/detail/example_msg__struct.hpp
[2.813s] -- Installing: /home/kireiji/RoboticsDev_ws/install/lecture3_interfaces/include/lecture3_interfaces/lecture3_interfaces/srv/detail/example_msg__traits.hpp
[2.813s] -- Installing: /home/kireiji/RoboticsDev_ws/install/lecture3_interfaces/include/lecture3_interfaces/lecture3_interfaces/srv/detail/example_msg__builder.hpp
[2.813s] -- Up-to-date: /home/kireiji/RoboticsDev_ws/install/lecture3_interfaces/include/lecture3_interfaces/lecture3_interfaces
[2.813s] -- Up-to-date: /home/kireiji/RoboticsDev_ws/install/lecture3_interfaces/include/lecture3_interfaces/lecture3_interfaces/msg
[2.813s] -- Installing: /home/kireiji/RoboticsDev_ws/install/lecture3_interfaces/include/lecture3_interfaces/lecture3_interfaces/msg/rosidl_typesupport_fastrtps_cpp__visibility_control.h
[2.813s] -- Up-to-date: /home/kireiji/RoboticsDev_ws/install/lecture3_interfaces/include/lecture3_interfaces/lecture3_interfaces/msg/detail
[2.813s] -- Installing: /home/kireiji/RoboticsDev_ws/install/lecture3_interfaces/include/lecture3_interfaces/lecture3_interfaces/msg/detail/dds_fastrtps
[2.813s] -- Installing: /home/kireiji/RoboticsDev_ws/install/lecture3_interfaces/include/lecture3_interfaces/lecture3_interfaces/msg/detail/example_msg__rosidl_typesupport_fastrtps_cpp.hpp
[2.813s] -- Up-to-date: /home/kireiji/RoboticsDev_ws/install/lecture3_interfaces/include/lecture3_interfaces/lecture3_interfaces/srv
[2.813s] -- Up-to-date: /home/kireiji/RoboticsDev_ws/install/lecture3_interfaces/include/lecture3_interfaces/lecture3_interfaces/srv/detail
[2.813s] -- Installing: /home/kireiji/RoboticsDev_ws/install/lecture3_interfaces/include/lecture3_interfaces/lecture3_interfaces/srv/detail/dds_fastrtps
[2.813s] -- Installing: /home/kireiji/RoboticsDev_ws/install/lecture3_interfaces/include/lecture3_interfaces/lecture3_interfaces/srv/detail/example_msg__rosidl_typesupport_fastrtps_cpp.hpp
[2.813s] -- Installing: /home/kireiji/RoboticsDev_ws/install/lecture3_interfaces/lib/liblecture3_interfaces__rosidl_typesupport_fastrtps_cpp.so
[2.813s] -- Set runtime path of "/home/kireiji/RoboticsDev_ws/install/lecture3_interfaces/lib/liblecture3_interfaces__rosidl_typesupport_fastrtps_cpp.so" to ""
[2.813s] -- Up-to-date: /home/kireiji/RoboticsDev_ws/install/lecture3_interfaces/include/lecture3_interfaces/lecture3_interfaces
[2.814s] -- Up-to-date: /home/kireiji/RoboticsDev_ws/install/lecture3_interfaces/include/lecture3_interfaces/lecture3_interfaces/msg
[2.814s] -- Up-to-date: /home/kireiji/RoboticsDev_ws/install/lecture3_interfaces/include/lecture3_interfaces/lecture3_interfaces/msg/detail
[2.814s] -- Installing: /home/kireiji/RoboticsDev_ws/install/lecture3_interfaces/include/lecture3_interfaces/lecture3_interfaces/msg/detail/example_msg__type_support.c
[2.814s] -- Installing: /home/kireiji/RoboticsDev_ws/install/lecture3_interfaces/include/lecture3_interfaces/lecture3_interfaces/msg/detail/example_msg__rosidl_typesupport_introspection_c.h
[2.814s] -- Installing: /home/kireiji/RoboticsDev_ws/install/lecture3_interfaces/include/lecture3_interfaces/lecture3_interfaces/msg/rosidl_typesupport_introspection_c__visibility_control.h
[2.814s] -- Up-to-date: /home/kireiji/RoboticsDev_ws/install/lecture3_interfaces/include/lecture3_interfaces/lecture3_interfaces/srv
[2.814s] -- Up-to-date: /home/kireiji/RoboticsDev_ws/install/lecture3_interfaces/include/lecture3_interfaces/lecture3_interfaces/srv/detail
[2.814s] -- Installing: /home/kireiji/RoboticsDev_ws/install/lecture3_interfaces/include/lecture3_interfaces/lecture3_interfaces/srv/detail/example_msg__type_support.c
[2.814s] -- Installing: /home/kireiji/RoboticsDev_ws/install/lecture3_interfaces/include/lecture3_interfaces/lecture3_interfaces/srv/detail/example_msg__rosidl_typesupport_introspection_c.h
[2.814s] -- Installing: /home/kireiji/RoboticsDev_ws/install/lecture3_interfaces/lib/liblecture3_interfaces__rosidl_typesupport_introspection_c.so
[2.814s] -- Set runtime path of "/home/kireiji/RoboticsDev_ws/install/lecture3_interfaces/lib/liblecture3_interfaces__rosidl_typesupport_introspection_c.so" to ""
[2.814s] -- Installing: /home/kireiji/RoboticsDev_ws/install/lecture3_interfaces/lib/liblecture3_interfaces__rosidl_typesupport_c.so
[2.814s] -- Set runtime path of "/home/kireiji/RoboticsDev_ws/install/lecture3_interfaces/lib/liblecture3_interfaces__rosidl_typesupport_c.so" to ""
[2.814s] -- Up-to-date: /home/kireiji/RoboticsDev_ws/install/lecture3_interfaces/include/lecture3_interfaces/lecture3_interfaces
[2.814s] -- Up-to-date: /home/kireiji/RoboticsDev_ws/install/lecture3_interfaces/include/lecture3_interfaces/lecture3_interfaces/msg
[2.814s] -- Up-to-date: /home/kireiji/RoboticsDev_ws/install/lecture3_interfaces/include/lecture3_interfaces/lecture3_interfaces/msg/detail
[2.814s] -- Installing: /home/kireiji/RoboticsDev_ws/install/lecture3_interfaces/include/lecture3_interfaces/lecture3_interfaces/msg/detail/example_msg__rosidl_typesupport_introspection_cpp.hpp
[2.814s] -- Installing: /home/kireiji/RoboticsDev_ws/install/lecture3_interfaces/include/lecture3_interfaces/lecture3_interfaces/msg/detail/example_msg__type_support.cpp
[2.814s] -- Up-to-date: /home/kireiji/RoboticsDev_ws/install/lecture3_interfaces/include/lecture3_interfaces/lecture3_interfaces/srv
[2.814s] -- Up-to-date: /home/kireiji/RoboticsDev_ws/install/lecture3_interfaces/include/lecture3_interfaces/lecture3_interfaces/srv/detail
[2.814s] -- Installing: /home/kireiji/RoboticsDev_ws/install/lecture3_interfaces/include/lecture3_interfaces/lecture3_interfaces/srv/detail/example_msg__rosidl_typesupport_introspection_cpp.hpp
[2.814s] -- Installing: /home/kireiji/RoboticsDev_ws/install/lecture3_interfaces/include/lecture3_interfaces/lecture3_interfaces/srv/detail/example_msg__type_support.cpp
[2.814s] -- Installing: /home/kireiji/RoboticsDev_ws/install/lecture3_interfaces/lib/liblecture3_interfaces__rosidl_typesupport_introspection_cpp.so
[2.814s] -- Set runtime path of "/home/kireiji/RoboticsDev_ws/install/lecture3_interfaces/lib/liblecture3_interfaces__rosidl_typesupport_introspection_cpp.so" to ""
[2.815s] -- Installing: /home/kireiji/RoboticsDev_ws/install/lecture3_interfaces/lib/liblecture3_interfaces__rosidl_typesupport_cpp.so
[2.815s] -- Set runtime path of "/home/kireiji/RoboticsDev_ws/install/lecture3_interfaces/lib/liblecture3_interfaces__rosidl_typesupport_cpp.so" to ""
[2.815s] -- Installing: /home/kireiji/RoboticsDev_ws/install/lecture3_interfaces/share/lecture3_interfaces/environment/pythonpath.sh
[2.815s] -- Installing: /home/kireiji/RoboticsDev_ws/install/lecture3_interfaces/share/lecture3_interfaces/environment/pythonpath.dsv
[2.815s] -- Installing: /home/kireiji/RoboticsDev_ws/install/lecture3_interfaces/lib/python3.10/site-packages/lecture3_interfaces-0.0.0-py3.10.egg-info
[2.815s] -- Installing: /home/kireiji/RoboticsDev_ws/install/lecture3_interfaces/lib/python3.10/site-packages/lecture3_interfaces-0.0.0-py3.10.egg-info/PKG-INFO
[2.815s] -- Installing: /home/kireiji/RoboticsDev_ws/install/lecture3_interfaces/lib/python3.10/site-packages/lecture3_interfaces-0.0.0-py3.10.egg-info/dependency_links.txt
[2.815s] -- Installing: /home/kireiji/RoboticsDev_ws/install/lecture3_interfaces/lib/python3.10/site-packages/lecture3_interfaces-0.0.0-py3.10.egg-info/top_level.txt
[2.815s] -- Installing: /home/kireiji/RoboticsDev_ws/install/lecture3_interfaces/lib/python3.10/site-packages/lecture3_interfaces-0.0.0-py3.10.egg-info/SOURCES.txt
[2.815s] -- Installing: /home/kireiji/RoboticsDev_ws/install/lecture3_interfaces/lib/python3.10/site-packages/lecture3_interfaces
[2.815s] -- Installing: /home/kireiji/RoboticsDev_ws/install/lecture3_interfaces/lib/python3.10/site-packages/lecture3_interfaces/lecture3_interfaces_s__rosidl_typesupport_introspection_c.cpython-310-x86_64-linux-gnu.so
[2.815s] -- Installing: /home/kireiji/RoboticsDev_ws/install/lecture3_interfaces/lib/python3.10/site-packages/lecture3_interfaces/_lecture3_interfaces_s.ep.rosidl_typesupport_introspection_c.c
[2.815s] -- Installing: /home/kireiji/RoboticsDev_ws/install/lecture3_interfaces/lib/python3.10/site-packages/lecture3_interfaces/__init__.py
[2.815s] -- Installing: /home/kireiji/RoboticsDev_ws/install/lecture3_interfaces/lib/python3.10/site-packages/lecture3_interfaces/msg
[2.815s] -- Installing: /home/kireiji/RoboticsDev_ws/install/lecture3_interfaces/lib/python3.10/site-packages/lecture3_interfaces/msg/__init__.py
[2.815s] -- Installing: /home/kireiji/RoboticsDev_ws/install/lecture3_interfaces/lib/python3.10/site-packages/lecture3_interfaces/msg/_example_msg_s.c
[2.815s] -- Installing: /home/kireiji/RoboticsDev_ws/install/lecture3_interfaces/lib/python3.10/site-packages/lecture3_interfaces/msg/_example_msg.py
[2.815s] -- Installing: /home/kireiji/RoboticsDev_ws/install/lecture3_interfaces/lib/python3.10/site-packages/lecture3_interfaces/lecture3_interfaces_s__rosidl_typesupport_c.cpython-310-x86_64-linux-gnu.so
[2.815s] -- Installing: /home/kireiji/RoboticsDev_ws/install/lecture3_interfaces/lib/python3.10/site-packages/lecture3_interfaces/srv
[2.815s] -- Installing: /home/kireiji/RoboticsDev_ws/install/lecture3_interfaces/lib/python3.10/site-packages/lecture3_interfaces/srv/__init__.py
[2.816s] -- Installing: /home/kireiji/RoboticsDev_ws/install/lecture3_interfaces/lib/python3.10/site-packages/lecture3_interfaces/srv/_example_msg_s.c
[2.816s] -- Installing: /home/kireiji/RoboticsDev_ws/install/lecture3_interfaces/lib/python3.10/site-packages/lecture3_interfaces/srv/_example_msg.py
[2.816s] -- Installing: /home/kireiji/RoboticsDev_ws/install/lecture3_interfaces/lib/python3.10/site-packages/lecture3_interfaces/_lecture3_interfaces_s.ep.rosidl_typesupport_c.c
[2.816s] -- Installing: /home/kireiji/RoboticsDev_ws/install/lecture3_interfaces/lib/python3.10/site-packages/lecture3_interfaces/liblecture3_interfaces__rosidl_generator_py.so
[2.823s] -- Installing: /home/kireiji/RoboticsDev_ws/install/lecture3_interfaces/lib/python3.10/site-packages/lecture3_interfaces/lecture3_interfaces_s__rosidl_typesupport_fastrtps_c.cpython-310-x86_64-linux-gnu.so
[2.823s] -- Installing: /home/kireiji/RoboticsDev_ws/install/lecture3_interfaces/lib/python3.10/site-packages/lecture3_interfaces/_lecture3_interfaces_s.ep.rosidl_typesupport_fastrtps_c.c
[2.854s] Listing '/home/kireiji/RoboticsDev_ws/install/lecture3_interfaces/lib/python3.10/site-packages/lecture3_interfaces'...
[2.854s] Compiling '/home/kireiji/RoboticsDev_ws/install/lecture3_interfaces/lib/python3.10/site-packages/lecture3_interfaces/__init__.py'...
[2.854s] Listing '/home/kireiji/RoboticsDev_ws/install/lecture3_interfaces/lib/python3.10/site-packages/lecture3_interfaces/msg'...
[2.854s] Compiling '/home/kireiji/RoboticsDev_ws/install/lecture3_interfaces/lib/python3.10/site-packages/lecture3_interfaces/msg/__init__.py'...
[2.854s] Compiling '/home/kireiji/RoboticsDev_ws/install/lecture3_interfaces/lib/python3.10/site-packages/lecture3_interfaces/msg/_example_msg.py'...
[2.854s] Listing '/home/kireiji/RoboticsDev_ws/install/lecture3_interfaces/lib/python3.10/site-packages/lecture3_interfaces/srv'...
[2.854s] Compiling '/home/kireiji/RoboticsDev_ws/install/lecture3_interfaces/lib/python3.10/site-packages/lecture3_interfaces/srv/__init__.py'...
[2.854s] Compiling '/home/kireiji/RoboticsDev_ws/install/lecture3_interfaces/lib/python3.10/site-packages/lecture3_interfaces/srv/_example_msg.py'...
[2.856s] -- Installing: /home/kireiji/RoboticsDev_ws/install/lecture3_interfaces/lib/python3.10/site-packages/lecture3_interfaces/lecture3_interfaces_s__rosidl_typesupport_fastrtps_c.cpython-310-x86_64-linux-gnu.so
[2.856s] -- Set runtime path of "/home/kireiji/RoboticsDev_ws/install/lecture3_interfaces/lib/python3.10/site-packages/lecture3_interfaces/lecture3_interfaces_s__rosidl_typesupport_fastrtps_c.cpython-310-x86_64-linux-gnu.so" to ""
[2.856s] -- Installing: /home/kireiji/RoboticsDev_ws/install/lecture3_interfaces/lib/python3.10/site-packages/lecture3_interfaces/lecture3_interfaces_s__rosidl_typesupport_introspection_c.cpython-310-x86_64-linux-gnu.so
[2.857s] -- Set runtime path of "/home/kireiji/RoboticsDev_ws/install/lecture3_interfaces/lib/python3.10/site-packages/lecture3_interfaces/lecture3_interfaces_s__rosidl_typesupport_introspection_c.cpython-310-x86_64-linux-gnu.so" to ""
[2.857s] -- Installing: /home/kireiji/RoboticsDev_ws/install/lecture3_interfaces/lib/python3.10/site-packages/lecture3_interfaces/lecture3_interfaces_s__rosidl_typesupport_c.cpython-310-x86_64-linux-gnu.so
[2.857s] -- Set runtime path of "/home/kireiji/RoboticsDev_ws/install/lecture3_interfaces/lib/python3.10/site-packages/lecture3_interfaces/lecture3_interfaces_s__rosidl_typesupport_c.cpython-310-x86_64-linux-gnu.so" to ""
[2.857s] -- Installing: /home/kireiji/RoboticsDev_ws/install/lecture3_interfaces/lib/liblecture3_interfaces__rosidl_generator_py.so
[2.864s] -- Set runtime path of "/home/kireiji/RoboticsDev_ws/install/lecture3_interfaces/lib/liblecture3_interfaces__rosidl_generator_py.so" to ""
[2.864s] -- Installing: /home/kireiji/RoboticsDev_ws/install/lecture3_interfaces/share/lecture3_interfaces/msg/ExampleMsg.idl
[2.864s] -- Installing: /home/kireiji/RoboticsDev_ws/install/lecture3_interfaces/share/lecture3_interfaces/srv/ExampleMsg.idl
[2.864s] -- Installing: /home/kireiji/RoboticsDev_ws/install/lecture3_interfaces/share/lecture3_interfaces/msg/ExampleMsg.msg
[2.864s] -- Installing: /home/kireiji/RoboticsDev_ws/install/lecture3_interfaces/share/lecture3_interfaces/srv/ExampleMsg.srv
[2.864s] -- Installing: /home/kireiji/RoboticsDev_ws/install/lecture3_interfaces/share/lecture3_interfaces/srv/ExampleMsg_Request.msg
[2.864s] -- Installing: /home/kireiji/RoboticsDev_ws/install/lecture3_interfaces/share/lecture3_interfaces/srv/ExampleMsg_Response.msg
[2.864s] -- Installing: /home/kireiji/RoboticsDev_ws/install/lecture3_interfaces/share/ament_index/resource_index/package_run_dependencies/lecture3_interfaces
[2.864s] -- Installing: /home/kireiji/RoboticsDev_ws/install/lecture3_interfaces/share/ament_index/resource_index/parent_prefix_path/lecture3_interfaces
[2.865s] -- Installing: /home/kireiji/RoboticsDev_ws/install/lecture3_interfaces/share/lecture3_interfaces/environment/ament_prefix_path.sh
[2.865s] -- Installing: /home/kireiji/RoboticsDev_ws/install/lecture3_interfaces/share/lecture3_interfaces/environment/ament_prefix_path.dsv
[2.865s] -- Installing: /home/kireiji/RoboticsDev_ws/install/lecture3_interfaces/share/lecture3_interfaces/environment/path.sh
[2.865s] -- Installing: /home/kireiji/RoboticsDev_ws/install/lecture3_interfaces/share/lecture3_interfaces/environment/path.dsv
[2.865s] -- Installing: /home/kireiji/RoboticsDev_ws/install/lecture3_interfaces/share/lecture3_interfaces/local_setup.bash
[2.865s] -- Installing: /home/kireiji/RoboticsDev_ws/install/lecture3_interfaces/share/lecture3_interfaces/local_setup.sh
[2.865s] -- Installing: /home/kireiji/RoboticsDev_ws/install/lecture3_interfaces/share/lecture3_interfaces/local_setup.zsh
[2.865s] -- Installing: /home/kireiji/RoboticsDev_ws/install/lecture3_interfaces/share/lecture3_interfaces/local_setup.dsv
[2.865s] -- Installing: /home/kireiji/RoboticsDev_ws/install/lecture3_interfaces/share/lecture3_interfaces/package.dsv
[2.865s] -- Installing: /home/kireiji/RoboticsDev_ws/install/lecture3_interfaces/share/ament_index/resource_index/packages/lecture3_interfaces
[2.865s] -- Installing: /home/kireiji/RoboticsDev_ws/install/lecture3_interfaces/share/lecture3_interfaces/cmake/export_lecture3_interfaces__rosidl_generator_cExport.cmake
[2.865s] -- Installing: /home/kireiji/RoboticsDev_ws/install/lecture3_interfaces/share/lecture3_interfaces/cmake/export_lecture3_interfaces__rosidl_generator_cExport-noconfig.cmake
[2.865s] -- Installing: /home/kireiji/RoboticsDev_ws/install/lecture3_interfaces/share/lecture3_interfaces/cmake/export_lecture3_interfaces__rosidl_typesupport_fastrtps_cExport.cmake
[2.865s] -- Installing: /home/kireiji/RoboticsDev_ws/install/lecture3_interfaces/share/lecture3_interfaces/cmake/export_lecture3_interfaces__rosidl_typesupport_fastrtps_cExport-noconfig.cmake
[2.865s] -- Installing: /home/kireiji/RoboticsDev_ws/install/lecture3_interfaces/share/lecture3_interfaces/cmake/export_lecture3_interfaces__rosidl_generator_cppExport.cmake
[2.865s] -- Installing: /home/kireiji/RoboticsDev_ws/install/lecture3_interfaces/share/lecture3_interfaces/cmake/export_lecture3_interfaces__rosidl_typesupport_fastrtps_cppExport.cmake
[2.865s] -- Installing: /home/kireiji/RoboticsDev_ws/install/lecture3_interfaces/share/lecture3_interfaces/cmake/export_lecture3_interfaces__rosidl_typesupport_fastrtps_cppExport-noconfig.cmake
[2.866s] -- Installing: /home/kireiji/RoboticsDev_ws/install/lecture3_interfaces/share/lecture3_interfaces/cmake/lecture3_interfaces__rosidl_typesupport_introspection_cExport.cmake
[2.866s] -- Installing: /home/kireiji/RoboticsDev_ws/install/lecture3_interfaces/share/lecture3_interfaces/cmake/lecture3_interfaces__rosidl_typesupport_introspection_cExport-noconfig.cmake
[2.866s] -- Installing: /home/kireiji/RoboticsDev_ws/install/lecture3_interfaces/share/lecture3_interfaces/cmake/lecture3_interfaces__rosidl_typesupport_cExport.cmake
[2.866s] -- Installing: /home/kireiji/RoboticsDev_ws/install/lecture3_interfaces/share/lecture3_interfaces/cmake/lecture3_interfaces__rosidl_typesupport_cExport-noconfig.cmake
[2.866s] -- Installing: /home/kireiji/RoboticsDev_ws/install/lecture3_interfaces/share/lecture3_interfaces/cmake/lecture3_interfaces__rosidl_typesupport_introspection_cppExport.cmake
[2.866s] -- Installing: /home/kireiji/RoboticsDev_ws/install/lecture3_interfaces/share/lecture3_interfaces/cmake/lecture3_interfaces__rosidl_typesupport_introspection_cppExport-noconfig.cmake
[2.866s] -- Installing: /home/kireiji/RoboticsDev_ws/install/lecture3_interfaces/share/lecture3_interfaces/cmake/lecture3_interfaces__rosidl_typesupport_cppExport.cmake
[2.866s] -- Installing: /home/kireiji/RoboticsDev_ws/install/lecture3_interfaces/share/lecture3_interfaces/cmake/lecture3_interfaces__rosidl_typesupport_cppExport-noconfig.cmake
[2.866s] -- Installing: /home/kireiji/RoboticsDev_ws/install/lecture3_interfaces/share/lecture3_interfaces/cmake/export_lecture3_interfaces__rosidl_generator_pyExport.cmake
[2.866s] -- Installing: /home/kireiji/RoboticsDev_ws/install/lecture3_interfaces/share/lecture3_interfaces/cmake/export_lecture3_interfaces__rosidl_generator_pyExport-noconfig.cmake
[2.866s] -- Installing: /home/kireiji/RoboticsDev_ws/install/lecture3_interfaces/share/lecture3_interfaces/cmake/rosidl_cmake-extras.cmake
[2.866s] -- Installing: /home/kireiji/RoboticsDev_ws/install/lecture3_interfaces/share/lecture3_interfaces/cmake/ament_cmake_export_dependencies-extras.cmake
[2.866s] -- Installing: /home/kireiji/RoboticsDev_ws/install/lecture3_interfaces/share/lecture3_interfaces/cmake/ament_cmake_export_include_directories-extras.cmake
[2.866s] -- Installing: /home/kireiji/RoboticsDev_ws/install/lecture3_interfaces/share/lecture3_interfaces/cmake/ament_cmake_export_libraries-extras.cmake
[2.866s] -- Installing: /home/kireiji/RoboticsDev_ws/install/lecture3_interfaces/share/lecture3_interfaces/cmake/ament_cmake_export_targets-extras.cmake
[2.866s] -- Installing: /home/kireiji/RoboticsDev_ws/install/lecture3_interfaces/share/lecture3_interfaces/cmake/rosidl_cmake_export_typesupport_targets-extras.cmake
[2.866s] -- Installing: /home/kireiji/RoboticsDev_ws/install/lecture3_interfaces/share/lecture3_interfaces/cmake/rosidl_cmake_export_typesupport_libraries-extras.cmake
[2.867s] -- Installing: /home/kireiji/RoboticsDev_ws/install/lecture3_interfaces/share/lecture3_interfaces/cmake/lecture3_interfacesConfig.cmake
[2.867s] -- Installing: /home/kireiji/RoboticsDev_ws/install/lecture3_interfaces/share/lecture3_interfaces/cmake/lecture3_interfacesConfig-version.cmake
[2.867s] -- Installing: /home/kireiji/RoboticsDev_ws/install/lecture3_interfaces/share/lecture3_interfaces/package.xml
[2.868s] Invoked command in '/home/kireiji/RoboticsDev_ws/build/lecture3_interfaces' returned '0': CMAKE_PREFIX_PATH=${CMAKE_PREFIX_PATH}:/home/kireiji/RoboticsDev_ws/install/launch_testing_examples:/home/kireiji/RoboticsDev_ws/install/examples_rclpy_pointcloud_publisher:/home/kireiji/RoboticsDev_ws/install/examples_rclpy_minimal_subscriber:/home/kireiji/RoboticsDev_ws/install/examples_rclpy_minimal_service:/home/kireiji/RoboticsDev_ws/install/examples_rclpy_minimal_publisher:/home/kireiji/RoboticsDev_ws/install/examples_rclpy_minimal_client:/home/kireiji/RoboticsDev_ws/install/examples_rclpy_minimal_action_server:/home/kireiji/RoboticsDev_ws/install/examples_rclpy_minimal_action_client:/home/kireiji/RoboticsDev_ws/install/examples_rclpy_guard_conditions:/home/kireiji/RoboticsDev_ws/install/examples_rclpy_executors:/home/kireiji/ros2_ws/install/my_py_pkg:/opt/ros/humble /usr/bin/cmake --install /home/kireiji/RoboticsDev_ws/build/lecture3_interfaces
