[1.887s] Invoking command in '/home/kireiji/RoboticsDev_ws/src/examples/rclpy/actions/minimal_action_client': PYTHONPATH=/home/kireiji/RoboticsDev_ws/build/examples_rclpy_minimal_action_client/prefix_override:/usr/lib/python3/dist-packages/colcon_core/task/python/colcon_distutils_commands:/home/kireiji/RoboticsDev_ws/install/examples_rclpy_minimal_action_client/lib/python3.10/site-packages:${PYTHONPATH} /usr/bin/python3 -W ignore:setup.py install is deprecated setup.py egg_info --egg-base ../../../../../build/examples_rclpy_minimal_action_client build --build-base /home/kireiji/RoboticsDev_ws/build/examples_rclpy_minimal_action_client/build install --record /home/kireiji/RoboticsDev_ws/build/examples_rclpy_minimal_action_client/install.log --single-version-externally-managed install_data
[2.312s] running egg_info
[2.319s] writing ../../../../../build/examples_rclpy_minimal_action_client/examples_rclpy_minimal_action_client.egg-info/PKG-INFO
[2.319s] writing dependency_links to ../../../../../build/examples_rclpy_minimal_action_client/examples_rclpy_minimal_action_client.egg-info/dependency_links.txt
[2.319s] writing entry points to ../../../../../build/examples_rclpy_minimal_action_client/examples_rclpy_minimal_action_client.egg-info/entry_points.txt
[2.319s] writing requirements to ../../../../../build/examples_rclpy_minimal_action_client/examples_rclpy_minimal_action_client.egg-info/requires.txt
[2.319s] writing top-level names to ../../../../../build/examples_rclpy_minimal_action_client/examples_rclpy_minimal_action_client.egg-info/top_level.txt
[2.327s] reading manifest file '../../../../../build/examples_rclpy_minimal_action_client/examples_rclpy_minimal_action_client.egg-info/SOURCES.txt'
[2.329s] writing manifest file '../../../../../build/examples_rclpy_minimal_action_client/examples_rclpy_minimal_action_client.egg-info/SOURCES.txt'
[2.329s] running build
[2.329s] running build_py
[2.333s] running install
[2.334s] running install_lib
[2.339s] running install_data
[2.340s] running install_egg_info
[2.345s] removing '/home/kireiji/RoboticsDev_ws/install/examples_rclpy_minimal_action_client/lib/python3.10/site-packages/examples_rclpy_minimal_action_client-0.15.2-py3.10.egg-info' (and everything under it)
[2.346s] Copying ../../../../../build/examples_rclpy_minimal_action_client/examples_rclpy_minimal_action_client.egg-info to /home/kireiji/RoboticsDev_ws/install/examples_rclpy_minimal_action_client/lib/python3.10/site-packages/examples_rclpy_minimal_action_client-0.15.2-py3.10.egg-info
[2.348s] running install_scripts
[2.418s] Installing client script to /home/kireiji/RoboticsDev_ws/install/examples_rclpy_minimal_action_client/lib/examples_rclpy_minimal_action_client
[2.418s] Installing client_asyncio script to /home/kireiji/RoboticsDev_ws/install/examples_rclpy_minimal_action_client/lib/examples_rclpy_minimal_action_client
[2.418s] Installing client_cancel script to /home/kireiji/RoboticsDev_ws/install/examples_rclpy_minimal_action_client/lib/examples_rclpy_minimal_action_client
[2.418s] Installing client_not_composable script to /home/kireiji/RoboticsDev_ws/install/examples_rclpy_minimal_action_client/lib/examples_rclpy_minimal_action_client
[2.419s] writing list of installed files to '/home/kireiji/RoboticsDev_ws/build/examples_rclpy_minimal_action_client/install.log'
[2.602s] Invoked command in '/home/kireiji/RoboticsDev_ws/src/examples/rclpy/actions/minimal_action_client' returned '0': PYTHONPATH=/home/kireiji/RoboticsDev_ws/build/examples_rclpy_minimal_action_client/prefix_override:/usr/lib/python3/dist-packages/colcon_core/task/python/colcon_distutils_commands:/home/kireiji/RoboticsDev_ws/install/examples_rclpy_minimal_action_client/lib/python3.10/site-packages:${PYTHONPATH} /usr/bin/python3 -W ignore:setup.py install is deprecated setup.py egg_info --egg-base ../../../../../build/examples_rclpy_minimal_action_client build --build-base /home/kireiji/RoboticsDev_ws/build/examples_rclpy_minimal_action_client/build install --record /home/kireiji/RoboticsDev_ws/build/examples_rclpy_minimal_action_client/install.log --single-version-externally-managed install_data
