[0.053s] Invoking command in '/home/kireiji/RoboticsDev_ws/build/motorsim_interfaces': CMAKE_PREFIX_PATH=${CMAKE_PREFIX_PATH}:/home/kireiji/RoboticsDev_ws/install/launch_testing_examples:/home/kireiji/RoboticsDev_ws/install/examples_rclpy_pointcloud_publisher:/home/kireiji/RoboticsDev_ws/install/examples_rclpy_minimal_subscriber:/home/kireiji/RoboticsDev_ws/install/examples_rclpy_minimal_service:/home/kireiji/RoboticsDev_ws/install/examples_rclpy_minimal_publisher:/home/kireiji/RoboticsDev_ws/install/examples_rclpy_minimal_client:/home/kireiji/RoboticsDev_ws/install/examples_rclpy_minimal_action_server:/home/kireiji/RoboticsDev_ws/install/examples_rclpy_minimal_action_client:/home/kireiji/RoboticsDev_ws/install/examples_rclpy_guard_conditions:/home/kireiji/RoboticsDev_ws/install/examples_rclpy_executors:/home/kireiji/ros2_ws/install/my_py_pkg:/opt/ros/humble /usr/bin/cmake --build /home/kireiji/RoboticsDev_ws/build/motorsim_interfaces -- -j16 -l16
[0.130s] [  3%] Built target motorsim_interfaces__cpp
[0.130s] [ 12%] Built target motorsim_interfaces__rosidl_generator_c
[0.167s] [ 12%] Built target ament_cmake_python_copy_motorsim_interfaces
[0.185s] [ 22%] Built target motorsim_interfaces__rosidl_typesupport_cpp
[0.199s] [ 32%] Built target motorsim_interfaces__rosidl_typesupport_fastrtps_cpp
[0.203s] [ 41%] Built target motorsim_interfaces__rosidl_typesupport_introspection_cpp
[0.228s] [ 61%] Built target motorsim_interfaces__rosidl_typesupport_fastrtps_c
[0.228s] [ 61%] Built target motorsim_interfaces__rosidl_typesupport_c
[0.241s] [ 70%] Built target motorsim_interfaces__rosidl_typesupport_introspection_c
[0.278s] [ 70%] Built target motorsim_interfaces
[0.324s] [ 74%] Built target motorsim_interfaces__py
[0.399s] [ 80%] Built target motorsim_interfaces__rosidl_generator_py
[0.469s] [ 87%] Built target motorsim_interfaces__rosidl_typesupport_c__pyext
[0.481s] [ 93%] Built target motorsim_interfaces__rosidl_typesupport_introspection_c__pyext
[0.486s] [100%] Built target motorsim_interfaces__rosidl_typesupport_fastrtps_c__pyext
[0.715s] running egg_info
[0.727s] writing manifest file 'motorsim_interfaces.egg-info/SOURCES.txt'
[0.976s] [100%] Built target ament_cmake_python_build_motorsim_interfaces_egg
[1.006s] Invoked command in '/home/kireiji/RoboticsDev_ws/build/motorsim_interfaces' returned '0': CMAKE_PREFIX_PATH=${CMAKE_PREFIX_PATH}:/home/kireiji/RoboticsDev_ws/install/launch_testing_examples:/home/kireiji/RoboticsDev_ws/install/examples_rclpy_pointcloud_publisher:/home/kireiji/RoboticsDev_ws/install/examples_rclpy_minimal_subscriber:/home/kireiji/RoboticsDev_ws/install/examples_rclpy_minimal_service:/home/kireiji/RoboticsDev_ws/install/examples_rclpy_minimal_publisher:/home/kireiji/RoboticsDev_ws/install/examples_rclpy_minimal_client:/home/kireiji/RoboticsDev_ws/install/examples_rclpy_minimal_action_server:/home/kireiji/RoboticsDev_ws/install/examples_rclpy_minimal_action_client:/home/kireiji/RoboticsDev_ws/install/examples_rclpy_guard_conditions:/home/kireiji/RoboticsDev_ws/install/examples_rclpy_executors:/home/kireiji/ros2_ws/install/my_py_pkg:/opt/ros/humble /usr/bin/cmake --build /home/kireiji/RoboticsDev_ws/build/motorsim_interfaces -- -j16 -l16
[1.210s] Invoking command in '/home/kireiji/RoboticsDev_ws/build/motorsim_interfaces': CMAKE_PREFIX_PATH=${CMAKE_PREFIX_PATH}:/home/kireiji/RoboticsDev_ws/install/launch_testing_examples:/home/kireiji/RoboticsDev_ws/install/examples_rclpy_pointcloud_publisher:/home/kireiji/RoboticsDev_ws/install/examples_rclpy_minimal_subscriber:/home/kireiji/RoboticsDev_ws/install/examples_rclpy_minimal_service:/home/kireiji/RoboticsDev_ws/install/examples_rclpy_minimal_publisher:/home/kireiji/RoboticsDev_ws/install/examples_rclpy_minimal_client:/home/kireiji/RoboticsDev_ws/install/examples_rclpy_minimal_action_server:/home/kireiji/RoboticsDev_ws/install/examples_rclpy_minimal_action_client:/home/kireiji/RoboticsDev_ws/install/examples_rclpy_guard_conditions:/home/kireiji/RoboticsDev_ws/install/examples_rclpy_executors:/home/kireiji/ros2_ws/install/my_py_pkg:/opt/ros/humble /usr/bin/cmake --install /home/kireiji/RoboticsDev_ws/build/motorsim_interfaces
[1.225s] -- Install configuration: ""
[1.225s] -- Up-to-date: /home/kireiji/RoboticsDev_ws/install/motorsim_interfaces/share/ament_index/resource_index/rosidl_interfaces/motorsim_interfaces
[1.225s] -- Up-to-date: /home/kireiji/RoboticsDev_ws/install/motorsim_interfaces/include/motorsim_interfaces/motorsim_interfaces
[1.225s] -- Up-to-date: /home/kireiji/RoboticsDev_ws/install/motorsim_interfaces/include/motorsim_interfaces/motorsim_interfaces/msg
[1.225s] -- Up-to-date: /home/kireiji/RoboticsDev_ws/install/motorsim_interfaces/include/motorsim_interfaces/motorsim_interfaces/msg/rosidl_generator_c__visibility_control.h
[1.225s] -- Up-to-date: /home/kireiji/RoboticsDev_ws/install/motorsim_interfaces/include/motorsim_interfaces/motorsim_interfaces/srv
[1.225s] -- Up-to-date: /home/kireiji/RoboticsDev_ws/install/motorsim_interfaces/include/motorsim_interfaces/motorsim_interfaces/srv/detail
[1.225s] -- Up-to-date: /home/kireiji/RoboticsDev_ws/install/motorsim_interfaces/include/motorsim_interfaces/motorsim_interfaces/srv/detail/motor_spawn__functions.h
[1.225s] -- Up-to-date: /home/kireiji/RoboticsDev_ws/install/motorsim_interfaces/include/motorsim_interfaces/motorsim_interfaces/srv/detail/motor_spawn__functions.c
[1.225s] -- Up-to-date: /home/kireiji/RoboticsDev_ws/install/motorsim_interfaces/include/motorsim_interfaces/motorsim_interfaces/srv/detail/motor_spawn__struct.h
[1.225s] -- Up-to-date: /home/kireiji/RoboticsDev_ws/install/motorsim_interfaces/include/motorsim_interfaces/motorsim_interfaces/srv/detail/motor_spawn__type_support.h
[1.226s] -- Up-to-date: /home/kireiji/RoboticsDev_ws/install/motorsim_interfaces/include/motorsim_interfaces/motorsim_interfaces/srv/motor_spawn.h
[1.227s] -- Up-to-date: /home/kireiji/RoboticsDev_ws/install/motorsim_interfaces/share/motorsim_interfaces/environment/library_path.sh
[1.228s] -- Up-to-date: /home/kireiji/RoboticsDev_ws/install/motorsim_interfaces/share/motorsim_interfaces/environment/library_path.dsv
[1.228s] -- Up-to-date: /home/kireiji/RoboticsDev_ws/install/motorsim_interfaces/lib/libmotorsim_interfaces__rosidl_generator_c.so
[1.228s] -- Up-to-date: /home/kireiji/RoboticsDev_ws/install/motorsim_interfaces/include/motorsim_interfaces/motorsim_interfaces
[1.228s] -- Up-to-date: /home/kireiji/RoboticsDev_ws/install/motorsim_interfaces/include/motorsim_interfaces/motorsim_interfaces/msg
[1.228s] -- Up-to-date: /home/kireiji/RoboticsDev_ws/install/motorsim_interfaces/include/motorsim_interfaces/motorsim_interfaces/msg/rosidl_typesupport_fastrtps_c__visibility_control.h
[1.228s] -- Up-to-date: /home/kireiji/RoboticsDev_ws/install/motorsim_interfaces/include/motorsim_interfaces/motorsim_interfaces/srv
[1.228s] -- Up-to-date: /home/kireiji/RoboticsDev_ws/install/motorsim_interfaces/include/motorsim_interfaces/motorsim_interfaces/srv/detail
[1.228s] -- Up-to-date: /home/kireiji/RoboticsDev_ws/install/motorsim_interfaces/include/motorsim_interfaces/motorsim_interfaces/srv/detail/motor_spawn__rosidl_typesupport_fastrtps_c.h
[1.229s] -- Up-to-date: /home/kireiji/RoboticsDev_ws/install/motorsim_interfaces/lib/libmotorsim_interfaces__rosidl_typesupport_fastrtps_c.so
[1.230s] -- Up-to-date: /home/kireiji/RoboticsDev_ws/install/motorsim_interfaces/include/motorsim_interfaces/motorsim_interfaces
[1.230s] -- Up-to-date: /home/kireiji/RoboticsDev_ws/install/motorsim_interfaces/include/motorsim_interfaces/motorsim_interfaces/msg
[1.230s] -- Up-to-date: /home/kireiji/RoboticsDev_ws/install/motorsim_interfaces/include/motorsim_interfaces/motorsim_interfaces/msg/rosidl_typesupport_introspection_c__visibility_control.h
[1.230s] -- Up-to-date: /home/kireiji/RoboticsDev_ws/install/motorsim_interfaces/include/motorsim_interfaces/motorsim_interfaces/srv
[1.231s] -- Up-to-date: /home/kireiji/RoboticsDev_ws/install/motorsim_interfaces/include/motorsim_interfaces/motorsim_interfaces/srv/detail
[1.231s] -- Up-to-date: /home/kireiji/RoboticsDev_ws/install/motorsim_interfaces/include/motorsim_interfaces/motorsim_interfaces/srv/detail/motor_spawn__rosidl_typesupport_introspection_c.h
[1.231s] -- Up-to-date: /home/kireiji/RoboticsDev_ws/install/motorsim_interfaces/include/motorsim_interfaces/motorsim_interfaces/srv/detail/motor_spawn__type_support.c
[1.231s] -- Up-to-date: /home/kireiji/RoboticsDev_ws/install/motorsim_interfaces/lib/libmotorsim_interfaces__rosidl_typesupport_introspection_c.so
[1.231s] -- Up-to-date: /home/kireiji/RoboticsDev_ws/install/motorsim_interfaces/lib/libmotorsim_interfaces__rosidl_typesupport_c.so
[1.231s] -- Up-to-date: /home/kireiji/RoboticsDev_ws/install/motorsim_interfaces/include/motorsim_interfaces/motorsim_interfaces
[1.231s] -- Up-to-date: /home/kireiji/RoboticsDev_ws/install/motorsim_interfaces/include/motorsim_interfaces/motorsim_interfaces/srv
[1.231s] -- Up-to-date: /home/kireiji/RoboticsDev_ws/install/motorsim_interfaces/include/motorsim_interfaces/motorsim_interfaces/srv/motor_spawn.hpp
[1.231s] -- Up-to-date: /home/kireiji/RoboticsDev_ws/install/motorsim_interfaces/include/motorsim_interfaces/motorsim_interfaces/srv/detail
[1.231s] -- Up-to-date: /home/kireiji/RoboticsDev_ws/install/motorsim_interfaces/include/motorsim_interfaces/motorsim_interfaces/srv/detail/motor_spawn__struct.hpp
[1.231s] -- Up-to-date: /home/kireiji/RoboticsDev_ws/install/motorsim_interfaces/include/motorsim_interfaces/motorsim_interfaces/srv/detail/motor_spawn__builder.hpp
[1.231s] -- Up-to-date: /home/kireiji/RoboticsDev_ws/install/motorsim_interfaces/include/motorsim_interfaces/motorsim_interfaces/srv/detail/motor_spawn__traits.hpp
[1.231s] -- Up-to-date: /home/kireiji/RoboticsDev_ws/install/motorsim_interfaces/include/motorsim_interfaces/motorsim_interfaces
[1.232s] -- Up-to-date: /home/kireiji/RoboticsDev_ws/install/motorsim_interfaces/include/motorsim_interfaces/motorsim_interfaces/msg
[1.232s] -- Up-to-date: /home/kireiji/RoboticsDev_ws/install/motorsim_interfaces/include/motorsim_interfaces/motorsim_interfaces/msg/rosidl_typesupport_fastrtps_cpp__visibility_control.h
[1.232s] -- Up-to-date: /home/kireiji/RoboticsDev_ws/install/motorsim_interfaces/include/motorsim_interfaces/motorsim_interfaces/srv
[1.232s] -- Up-to-date: /home/kireiji/RoboticsDev_ws/install/motorsim_interfaces/include/motorsim_interfaces/motorsim_interfaces/srv/detail
[1.232s] -- Up-to-date: /home/kireiji/RoboticsDev_ws/install/motorsim_interfaces/include/motorsim_interfaces/motorsim_interfaces/srv/detail/dds_fastrtps
[1.232s] -- Up-to-date: /home/kireiji/RoboticsDev_ws/install/motorsim_interfaces/include/motorsim_interfaces/motorsim_interfaces/srv/detail/motor_spawn__rosidl_typesupport_fastrtps_cpp.hpp
[1.232s] -- Up-to-date: /home/kireiji/RoboticsDev_ws/install/motorsim_interfaces/lib/libmotorsim_interfaces__rosidl_typesupport_fastrtps_cpp.so
[1.232s] -- Up-to-date: /home/kireiji/RoboticsDev_ws/install/motorsim_interfaces/include/motorsim_interfaces/motorsim_interfaces
[1.232s] -- Up-to-date: /home/kireiji/RoboticsDev_ws/install/motorsim_interfaces/include/motorsim_interfaces/motorsim_interfaces/srv
[1.232s] -- Up-to-date: /home/kireiji/RoboticsDev_ws/install/motorsim_interfaces/include/motorsim_interfaces/motorsim_interfaces/srv/detail
[1.232s] -- Up-to-date: /home/kireiji/RoboticsDev_ws/install/motorsim_interfaces/include/motorsim_interfaces/motorsim_interfaces/srv/detail/motor_spawn__rosidl_typesupport_introspection_cpp.hpp
[1.233s] -- Up-to-date: /home/kireiji/RoboticsDev_ws/install/motorsim_interfaces/include/motorsim_interfaces/motorsim_interfaces/srv/detail/motor_spawn__type_support.cpp
[1.233s] -- Up-to-date: /home/kireiji/RoboticsDev_ws/install/motorsim_interfaces/lib/libmotorsim_interfaces__rosidl_typesupport_introspection_cpp.so
[1.233s] -- Up-to-date: /home/kireiji/RoboticsDev_ws/install/motorsim_interfaces/lib/libmotorsim_interfaces__rosidl_typesupport_cpp.so
[1.233s] -- Up-to-date: /home/kireiji/RoboticsDev_ws/install/motorsim_interfaces/share/motorsim_interfaces/environment/pythonpath.sh
[1.233s] -- Up-to-date: /home/kireiji/RoboticsDev_ws/install/motorsim_interfaces/share/motorsim_interfaces/environment/pythonpath.dsv
[1.233s] -- Up-to-date: /home/kireiji/RoboticsDev_ws/install/motorsim_interfaces/lib/python3.10/site-packages/motorsim_interfaces-0.0.0-py3.10.egg-info
[1.237s] -- Installing: /home/kireiji/RoboticsDev_ws/install/motorsim_interfaces/lib/python3.10/site-packages/motorsim_interfaces-0.0.0-py3.10.egg-info/PKG-INFO
[1.237s] -- Installing: /home/kireiji/RoboticsDev_ws/install/motorsim_interfaces/lib/python3.10/site-packages/motorsim_interfaces-0.0.0-py3.10.egg-info/dependency_links.txt
[1.237s] -- Installing: /home/kireiji/RoboticsDev_ws/install/motorsim_interfaces/lib/python3.10/site-packages/motorsim_interfaces-0.0.0-py3.10.egg-info/top_level.txt
[1.237s] -- Installing: /home/kireiji/RoboticsDev_ws/install/motorsim_interfaces/lib/python3.10/site-packages/motorsim_interfaces-0.0.0-py3.10.egg-info/SOURCES.txt
[1.237s] -- Up-to-date: /home/kireiji/RoboticsDev_ws/install/motorsim_interfaces/lib/python3.10/site-packages/motorsim_interfaces
[1.237s] -- Up-to-date: /home/kireiji/RoboticsDev_ws/install/motorsim_interfaces/lib/python3.10/site-packages/motorsim_interfaces/libmotorsim_interfaces__rosidl_generator_py.so
[1.237s] -- Up-to-date: /home/kireiji/RoboticsDev_ws/install/motorsim_interfaces/lib/python3.10/site-packages/motorsim_interfaces/_motorsim_interfaces_s.ep.rosidl_typesupport_introspection_c.c
[1.237s] -- Up-to-date: /home/kireiji/RoboticsDev_ws/install/motorsim_interfaces/lib/python3.10/site-packages/motorsim_interfaces/__init__.py
[1.237s] -- Up-to-date: /home/kireiji/RoboticsDev_ws/install/motorsim_interfaces/lib/python3.10/site-packages/motorsim_interfaces/_motorsim_interfaces_s.ep.rosidl_typesupport_c.c
[1.237s] -- Up-to-date: /home/kireiji/RoboticsDev_ws/install/motorsim_interfaces/lib/python3.10/site-packages/motorsim_interfaces/motorsim_interfaces_s__rosidl_typesupport_fastrtps_c.cpython-310-x86_64-linux-gnu.so
[1.237s] -- Up-to-date: /home/kireiji/RoboticsDev_ws/install/motorsim_interfaces/lib/python3.10/site-packages/motorsim_interfaces/_motorsim_interfaces_s.ep.rosidl_typesupport_fastrtps_c.c
[1.237s] -- Up-to-date: /home/kireiji/RoboticsDev_ws/install/motorsim_interfaces/lib/python3.10/site-packages/motorsim_interfaces/srv
[1.238s] -- Up-to-date: /home/kireiji/RoboticsDev_ws/install/motorsim_interfaces/lib/python3.10/site-packages/motorsim_interfaces/srv/__init__.py
[1.238s] -- Up-to-date: /home/kireiji/RoboticsDev_ws/install/motorsim_interfaces/lib/python3.10/site-packages/motorsim_interfaces/srv/_motor_spawn.py
[1.238s] -- Up-to-date: /home/kireiji/RoboticsDev_ws/install/motorsim_interfaces/lib/python3.10/site-packages/motorsim_interfaces/srv/_motor_spawn_s.c
[1.238s] -- Up-to-date: /home/kireiji/RoboticsDev_ws/install/motorsim_interfaces/lib/python3.10/site-packages/motorsim_interfaces/motorsim_interfaces_s__rosidl_typesupport_introspection_c.cpython-310-x86_64-linux-gnu.so
[1.238s] -- Up-to-date: /home/kireiji/RoboticsDev_ws/install/motorsim_interfaces/lib/python3.10/site-packages/motorsim_interfaces/motorsim_interfaces_s__rosidl_typesupport_c.cpython-310-x86_64-linux-gnu.so
[1.337s] Listing '/home/kireiji/RoboticsDev_ws/install/motorsim_interfaces/lib/python3.10/site-packages/motorsim_interfaces'...
[1.337s] Listing '/home/kireiji/RoboticsDev_ws/install/motorsim_interfaces/lib/python3.10/site-packages/motorsim_interfaces/srv'...
[1.345s] -- Up-to-date: /home/kireiji/RoboticsDev_ws/install/motorsim_interfaces/lib/python3.10/site-packages/motorsim_interfaces/motorsim_interfaces_s__rosidl_typesupport_fastrtps_c.cpython-310-x86_64-linux-gnu.so
[1.345s] -- Up-to-date: /home/kireiji/RoboticsDev_ws/install/motorsim_interfaces/lib/python3.10/site-packages/motorsim_interfaces/motorsim_interfaces_s__rosidl_typesupport_introspection_c.cpython-310-x86_64-linux-gnu.so
[1.346s] -- Up-to-date: /home/kireiji/RoboticsDev_ws/install/motorsim_interfaces/lib/python3.10/site-packages/motorsim_interfaces/motorsim_interfaces_s__rosidl_typesupport_c.cpython-310-x86_64-linux-gnu.so
[1.346s] -- Up-to-date: /home/kireiji/RoboticsDev_ws/install/motorsim_interfaces/lib/libmotorsim_interfaces__rosidl_generator_py.so
[1.346s] -- Up-to-date: /home/kireiji/RoboticsDev_ws/install/motorsim_interfaces/share/motorsim_interfaces/srv/MotorSpawn.idl
[1.346s] -- Up-to-date: /home/kireiji/RoboticsDev_ws/install/motorsim_interfaces/share/motorsim_interfaces/srv/MotorSpawn.srv
[1.346s] -- Up-to-date: /home/kireiji/RoboticsDev_ws/install/motorsim_interfaces/share/motorsim_interfaces/srv/MotorSpawn_Request.msg
[1.347s] -- Up-to-date: /home/kireiji/RoboticsDev_ws/install/motorsim_interfaces/share/motorsim_interfaces/srv/MotorSpawn_Response.msg
[1.347s] -- Up-to-date: /home/kireiji/RoboticsDev_ws/install/motorsim_interfaces/share/ament_index/resource_index/package_run_dependencies/motorsim_interfaces
[1.347s] -- Up-to-date: /home/kireiji/RoboticsDev_ws/install/motorsim_interfaces/share/ament_index/resource_index/parent_prefix_path/motorsim_interfaces
[1.347s] -- Up-to-date: /home/kireiji/RoboticsDev_ws/install/motorsim_interfaces/share/motorsim_interfaces/environment/ament_prefix_path.sh
[1.347s] -- Up-to-date: /home/kireiji/RoboticsDev_ws/install/motorsim_interfaces/share/motorsim_interfaces/environment/ament_prefix_path.dsv
[1.347s] -- Up-to-date: /home/kireiji/RoboticsDev_ws/install/motorsim_interfaces/share/motorsim_interfaces/environment/path.sh
[1.347s] -- Up-to-date: /home/kireiji/RoboticsDev_ws/install/motorsim_interfaces/share/motorsim_interfaces/environment/path.dsv
[1.347s] -- Up-to-date: /home/kireiji/RoboticsDev_ws/install/motorsim_interfaces/share/motorsim_interfaces/local_setup.bash
[1.347s] -- Up-to-date: /home/kireiji/RoboticsDev_ws/install/motorsim_interfaces/share/motorsim_interfaces/local_setup.sh
[1.348s] -- Up-to-date: /home/kireiji/RoboticsDev_ws/install/motorsim_interfaces/share/motorsim_interfaces/local_setup.zsh
[1.348s] -- Up-to-date: /home/kireiji/RoboticsDev_ws/install/motorsim_interfaces/share/motorsim_interfaces/local_setup.dsv
[1.348s] -- Installing: /home/kireiji/RoboticsDev_ws/install/motorsim_interfaces/share/motorsim_interfaces/package.dsv
[1.350s] -- Up-to-date: /home/kireiji/RoboticsDev_ws/install/motorsim_interfaces/share/ament_index/resource_index/packages/motorsim_interfaces
[1.350s] -- Up-to-date: /home/kireiji/RoboticsDev_ws/install/motorsim_interfaces/share/motorsim_interfaces/cmake/export_motorsim_interfaces__rosidl_generator_cExport.cmake
[1.350s] -- Up-to-date: /home/kireiji/RoboticsDev_ws/install/motorsim_interfaces/share/motorsim_interfaces/cmake/export_motorsim_interfaces__rosidl_generator_cExport-noconfig.cmake
[1.350s] -- Up-to-date: /home/kireiji/RoboticsDev_ws/install/motorsim_interfaces/share/motorsim_interfaces/cmake/export_motorsim_interfaces__rosidl_typesupport_fastrtps_cExport.cmake
[1.351s] -- Up-to-date: /home/kireiji/RoboticsDev_ws/install/motorsim_interfaces/share/motorsim_interfaces/cmake/export_motorsim_interfaces__rosidl_typesupport_fastrtps_cExport-noconfig.cmake
[1.351s] -- Up-to-date: /home/kireiji/RoboticsDev_ws/install/motorsim_interfaces/share/motorsim_interfaces/cmake/motorsim_interfaces__rosidl_typesupport_introspection_cExport.cmake
[1.351s] -- Up-to-date: /home/kireiji/RoboticsDev_ws/install/motorsim_interfaces/share/motorsim_interfaces/cmake/motorsim_interfaces__rosidl_typesupport_introspection_cExport-noconfig.cmake
[1.351s] -- Up-to-date: /home/kireiji/RoboticsDev_ws/install/motorsim_interfaces/share/motorsim_interfaces/cmake/motorsim_interfaces__rosidl_typesupport_cExport.cmake
[1.351s] -- Up-to-date: /home/kireiji/RoboticsDev_ws/install/motorsim_interfaces/share/motorsim_interfaces/cmake/motorsim_interfaces__rosidl_typesupport_cExport-noconfig.cmake
[1.351s] -- Up-to-date: /home/kireiji/RoboticsDev_ws/install/motorsim_interfaces/share/motorsim_interfaces/cmake/export_motorsim_interfaces__rosidl_generator_cppExport.cmake
[1.351s] -- Up-to-date: /home/kireiji/RoboticsDev_ws/install/motorsim_interfaces/share/motorsim_interfaces/cmake/export_motorsim_interfaces__rosidl_typesupport_fastrtps_cppExport.cmake
[1.351s] -- Up-to-date: /home/kireiji/RoboticsDev_ws/install/motorsim_interfaces/share/motorsim_interfaces/cmake/export_motorsim_interfaces__rosidl_typesupport_fastrtps_cppExport-noconfig.cmake
[1.351s] -- Up-to-date: /home/kireiji/RoboticsDev_ws/install/motorsim_interfaces/share/motorsim_interfaces/cmake/motorsim_interfaces__rosidl_typesupport_introspection_cppExport.cmake
[1.351s] -- Up-to-date: /home/kireiji/RoboticsDev_ws/install/motorsim_interfaces/share/motorsim_interfaces/cmake/motorsim_interfaces__rosidl_typesupport_introspection_cppExport-noconfig.cmake
[1.351s] -- Up-to-date: /home/kireiji/RoboticsDev_ws/install/motorsim_interfaces/share/motorsim_interfaces/cmake/motorsim_interfaces__rosidl_typesupport_cppExport.cmake
[1.351s] -- Up-to-date: /home/kireiji/RoboticsDev_ws/install/motorsim_interfaces/share/motorsim_interfaces/cmake/motorsim_interfaces__rosidl_typesupport_cppExport-noconfig.cmake
[1.351s] -- Up-to-date: /home/kireiji/RoboticsDev_ws/install/motorsim_interfaces/share/motorsim_interfaces/cmake/export_motorsim_interfaces__rosidl_generator_pyExport.cmake
[1.351s] -- Up-to-date: /home/kireiji/RoboticsDev_ws/install/motorsim_interfaces/share/motorsim_interfaces/cmake/export_motorsim_interfaces__rosidl_generator_pyExport-noconfig.cmake
[1.352s] -- Up-to-date: /home/kireiji/RoboticsDev_ws/install/motorsim_interfaces/share/motorsim_interfaces/cmake/rosidl_cmake-extras.cmake
[1.352s] -- Up-to-date: /home/kireiji/RoboticsDev_ws/install/motorsim_interfaces/share/motorsim_interfaces/cmake/ament_cmake_export_include_directories-extras.cmake
[1.352s] -- Up-to-date: /home/kireiji/RoboticsDev_ws/install/motorsim_interfaces/share/motorsim_interfaces/cmake/ament_cmake_export_libraries-extras.cmake
[1.352s] -- Up-to-date: /home/kireiji/RoboticsDev_ws/install/motorsim_interfaces/share/motorsim_interfaces/cmake/ament_cmake_export_targets-extras.cmake
[1.352s] -- Up-to-date: /home/kireiji/RoboticsDev_ws/install/motorsim_interfaces/share/motorsim_interfaces/cmake/rosidl_cmake_export_typesupport_targets-extras.cmake
[1.352s] -- Up-to-date: /home/kireiji/RoboticsDev_ws/install/motorsim_interfaces/share/motorsim_interfaces/cmake/ament_cmake_export_dependencies-extras.cmake
[1.352s] -- Up-to-date: /home/kireiji/RoboticsDev_ws/install/motorsim_interfaces/share/motorsim_interfaces/cmake/rosidl_cmake_export_typesupport_libraries-extras.cmake
[1.352s] -- Up-to-date: /home/kireiji/RoboticsDev_ws/install/motorsim_interfaces/share/motorsim_interfaces/cmake/motorsim_interfacesConfig.cmake
[1.352s] -- Up-to-date: /home/kireiji/RoboticsDev_ws/install/motorsim_interfaces/share/motorsim_interfaces/cmake/motorsim_interfacesConfig-version.cmake
[1.352s] -- Up-to-date: /home/kireiji/RoboticsDev_ws/install/motorsim_interfaces/share/motorsim_interfaces/package.xml
[1.363s] Invoked command in '/home/kireiji/RoboticsDev_ws/build/motorsim_interfaces' returned '0': CMAKE_PREFIX_PATH=${CMAKE_PREFIX_PATH}:/home/kireiji/RoboticsDev_ws/install/launch_testing_examples:/home/kireiji/RoboticsDev_ws/install/examples_rclpy_pointcloud_publisher:/home/kireiji/RoboticsDev_ws/install/examples_rclpy_minimal_subscriber:/home/kireiji/RoboticsDev_ws/install/examples_rclpy_minimal_service:/home/kireiji/RoboticsDev_ws/install/examples_rclpy_minimal_publisher:/home/kireiji/RoboticsDev_ws/install/examples_rclpy_minimal_client:/home/kireiji/RoboticsDev_ws/install/examples_rclpy_minimal_action_server:/home/kireiji/RoboticsDev_ws/install/examples_rclpy_minimal_action_client:/home/kireiji/RoboticsDev_ws/install/examples_rclpy_guard_conditions:/home/kireiji/RoboticsDev_ws/install/examples_rclpy_executors:/home/kireiji/ros2_ws/install/my_py_pkg:/opt/ros/humble /usr/bin/cmake --install /home/kireiji/RoboticsDev_ws/build/motorsim_interfaces
