[0.038s] Invoking command in '/home/kireiji/RoboticsDev_ws/build/examples_rclcpp_minimal_service': CMAKE_PREFIX_PATH=${CMAKE_PREFIX_PATH}:/home/kireiji/RoboticsDev_ws/install/launch_testing_examples:/home/kireiji/RoboticsDev_ws/install/examples_rclpy_pointcloud_publisher:/home/kireiji/RoboticsDev_ws/install/examples_rclpy_minimal_subscriber:/home/kireiji/RoboticsDev_ws/install/examples_rclpy_minimal_service:/home/kireiji/RoboticsDev_ws/install/examples_rclpy_minimal_publisher:/home/kireiji/RoboticsDev_ws/install/examples_rclpy_minimal_client:/home/kireiji/RoboticsDev_ws/install/examples_rclpy_minimal_action_server:/home/kireiji/RoboticsDev_ws/install/examples_rclpy_minimal_action_client:/home/kireiji/RoboticsDev_ws/install/examples_rclpy_guard_conditions:/home/kireiji/RoboticsDev_ws/install/examples_rclpy_executors:/home/kireiji/ros2_ws/install/my_py_pkg:/opt/ros/humble /usr/bin/cmake /home/kireiji/RoboticsDev_ws/src/examples/rclcpp/services/minimal_service -DCMAKE_INSTALL_PREFIX=/home/kireiji/RoboticsDev_ws/install/examples_rclcpp_minimal_service
[0.925s] -- The C compiler identification is GNU 11.4.0
[0.925s] -- The CXX compiler identification is GNU 11.4.0
[0.925s] -- Detecting C compiler ABI info
[0.925s] -- Detecting C compiler ABI info - done
[0.925s] -- Check for working C compiler: /usr/bin/cc - skipped
[0.925s] -- Detecting C compile features
[0.925s] -- Detecting C compile features - done
[0.925s] -- Detecting CXX compiler ABI info
[0.925s] -- Detecting CXX compiler ABI info - done
[0.926s] -- Check for working CXX compiler: /usr/bin/c++ - skipped
[0.926s] -- Detecting CXX compile features
[0.926s] -- Detecting CXX compile features - done
[0.926s] -- Found ament_cmake: 1.3.10 (/opt/ros/humble/share/ament_cmake/cmake)
[1.454s] -- Found Python3: /usr/local/bin/python3 (found version "3.10.0") found components: Interpreter 
[1.636s] -- Found example_interfaces: 0.9.3 (/opt/ros/humble/share/example_interfaces/cmake)
[1.679s] -- Found rosidl_generator_c: 3.1.5 (/opt/ros/humble/share/rosidl_generator_c/cmake)
[1.685s] -- Found rosidl_adapter: 3.1.5 (/opt/ros/humble/share/rosidl_adapter/cmake)
[1.695s] -- Found rosidl_generator_cpp: 3.1.5 (/opt/ros/humble/share/rosidl_generator_cpp/cmake)
[1.715s] -- Using all available rosidl_typesupport_c: rosidl_typesupport_fastrtps_c;rosidl_typesupport_introspection_c
[1.734s] -- Using all available rosidl_typesupport_cpp: rosidl_typesupport_fastrtps_cpp;rosidl_typesupport_introspection_cpp
[1.804s] -- Found rclcpp: 16.0.10 (/opt/ros/humble/share/rclcpp/cmake)
[1.852s] -- Found rmw_implementation_cmake: 6.1.2 (/opt/ros/humble/share/rmw_implementation_cmake/cmake)
[1.857s] -- Found rmw_fastrtps_cpp: 6.2.7 (/opt/ros/humble/share/rmw_fastrtps_cpp/cmake)
[1.972s] -- Found OpenSSL: /usr/lib/x86_64-linux-gnu/libcrypto.so (found version "3.0.2")  
[2.006s] -- Found FastRTPS: /opt/ros/humble/include  
[2.062s] -- Using RMW implementation 'rmw_fastrtps_cpp' as default
[2.075s] -- Looking for pthread.h
[2.182s] -- Looking for pthread.h - found
[2.182s] -- Performing Test CMAKE_HAVE_LIBC_PTHREAD
[2.273s] -- Performing Test CMAKE_HAVE_LIBC_PTHREAD - Success
[2.275s] -- Found Threads: TRUE  
[2.346s] -- Found ament_lint_auto: 0.12.11 (/opt/ros/humble/share/ament_lint_auto/cmake)
[2.515s] -- Added test 'copyright' to check source files copyright and LICENSE
[2.517s] -- Added test 'cppcheck' to perform static code analysis on C / C++ code
[2.517s] -- Configured cppcheck include dirs: 
[2.517s] -- Configured cppcheck exclude dirs and/or files: 
[2.518s] -- Added test 'cpplint' to check C / C++ code against the Google style
[2.518s] -- Configured cpplint exclude dirs and/or files: 
[2.520s] -- Added test 'lint_cmake' to check CMake code style
[2.521s] -- Added test 'uncrustify' to check C / C++ code style
[2.521s] -- Configured uncrustify additional arguments: 
[2.523s] -- Added test 'xmllint' to check XML markup files
[2.525s] -- Configuring done
[2.544s] -- Generating done
[2.545s] -- Build files have been written to: /home/kireiji/RoboticsDev_ws/build/examples_rclcpp_minimal_service
[2.603s] Invoked command in '/home/kireiji/RoboticsDev_ws/build/examples_rclcpp_minimal_service' returned '0': CMAKE_PREFIX_PATH=${CMAKE_PREFIX_PATH}:/home/kireiji/RoboticsDev_ws/install/launch_testing_examples:/home/kireiji/RoboticsDev_ws/install/examples_rclpy_pointcloud_publisher:/home/kireiji/RoboticsDev_ws/install/examples_rclpy_minimal_subscriber:/home/kireiji/RoboticsDev_ws/install/examples_rclpy_minimal_service:/home/kireiji/RoboticsDev_ws/install/examples_rclpy_minimal_publisher:/home/kireiji/RoboticsDev_ws/install/examples_rclpy_minimal_client:/home/kireiji/RoboticsDev_ws/install/examples_rclpy_minimal_action_server:/home/kireiji/RoboticsDev_ws/install/examples_rclpy_minimal_action_client:/home/kireiji/RoboticsDev_ws/install/examples_rclpy_guard_conditions:/home/kireiji/RoboticsDev_ws/install/examples_rclpy_executors:/home/kireiji/ros2_ws/install/my_py_pkg:/opt/ros/humble /usr/bin/cmake /home/kireiji/RoboticsDev_ws/src/examples/rclcpp/services/minimal_service -DCMAKE_INSTALL_PREFIX=/home/kireiji/RoboticsDev_ws/install/examples_rclcpp_minimal_service
[2.603s] Invoking command in '/home/kireiji/RoboticsDev_ws/build/examples_rclcpp_minimal_service': CMAKE_PREFIX_PATH=${CMAKE_PREFIX_PATH}:/home/kireiji/RoboticsDev_ws/install/launch_testing_examples:/home/kireiji/RoboticsDev_ws/install/examples_rclpy_pointcloud_publisher:/home/kireiji/RoboticsDev_ws/install/examples_rclpy_minimal_subscriber:/home/kireiji/RoboticsDev_ws/install/examples_rclpy_minimal_service:/home/kireiji/RoboticsDev_ws/install/examples_rclpy_minimal_publisher:/home/kireiji/RoboticsDev_ws/install/examples_rclpy_minimal_client:/home/kireiji/RoboticsDev_ws/install/examples_rclpy_minimal_action_server:/home/kireiji/RoboticsDev_ws/install/examples_rclpy_minimal_action_client:/home/kireiji/RoboticsDev_ws/install/examples_rclpy_guard_conditions:/home/kireiji/RoboticsDev_ws/install/examples_rclpy_executors:/home/kireiji/ros2_ws/install/my_py_pkg:/opt/ros/humble /usr/bin/cmake --build /home/kireiji/RoboticsDev_ws/build/examples_rclcpp_minimal_service -- -j16 -l16
[2.707s] [ 50%] [32mBuilding CXX object CMakeFiles/service_main.dir/main.cpp.o[0m
[29.352s] [100%] [32m[1mLinking CXX executable service_main[0m
[29.915s] [100%] Built target service_main
[29.944s] Invoked command in '/home/kireiji/RoboticsDev_ws/build/examples_rclcpp_minimal_service' returned '0': CMAKE_PREFIX_PATH=${CMAKE_PREFIX_PATH}:/home/kireiji/RoboticsDev_ws/install/launch_testing_examples:/home/kireiji/RoboticsDev_ws/install/examples_rclpy_pointcloud_publisher:/home/kireiji/RoboticsDev_ws/install/examples_rclpy_minimal_subscriber:/home/kireiji/RoboticsDev_ws/install/examples_rclpy_minimal_service:/home/kireiji/RoboticsDev_ws/install/examples_rclpy_minimal_publisher:/home/kireiji/RoboticsDev_ws/install/examples_rclpy_minimal_client:/home/kireiji/RoboticsDev_ws/install/examples_rclpy_minimal_action_server:/home/kireiji/RoboticsDev_ws/install/examples_rclpy_minimal_action_client:/home/kireiji/RoboticsDev_ws/install/examples_rclpy_guard_conditions:/home/kireiji/RoboticsDev_ws/install/examples_rclpy_executors:/home/kireiji/ros2_ws/install/my_py_pkg:/opt/ros/humble /usr/bin/cmake --build /home/kireiji/RoboticsDev_ws/build/examples_rclcpp_minimal_service -- -j16 -l16
[30.108s] Invoking command in '/home/kireiji/RoboticsDev_ws/build/examples_rclcpp_minimal_service': CMAKE_PREFIX_PATH=${CMAKE_PREFIX_PATH}:/home/kireiji/RoboticsDev_ws/install/launch_testing_examples:/home/kireiji/RoboticsDev_ws/install/examples_rclpy_pointcloud_publisher:/home/kireiji/RoboticsDev_ws/install/examples_rclpy_minimal_subscriber:/home/kireiji/RoboticsDev_ws/install/examples_rclpy_minimal_service:/home/kireiji/RoboticsDev_ws/install/examples_rclpy_minimal_publisher:/home/kireiji/RoboticsDev_ws/install/examples_rclpy_minimal_client:/home/kireiji/RoboticsDev_ws/install/examples_rclpy_minimal_action_server:/home/kireiji/RoboticsDev_ws/install/examples_rclpy_minimal_action_client:/home/kireiji/RoboticsDev_ws/install/examples_rclpy_guard_conditions:/home/kireiji/RoboticsDev_ws/install/examples_rclpy_executors:/home/kireiji/ros2_ws/install/my_py_pkg:/opt/ros/humble /usr/bin/cmake --install /home/kireiji/RoboticsDev_ws/build/examples_rclcpp_minimal_service
[34.788s] -- Install configuration: ""
[34.789s] -- Installing: /home/kireiji/RoboticsDev_ws/install/examples_rclcpp_minimal_service/lib/examples_rclcpp_minimal_service/service_main
[34.789s] -- Set runtime path of "/home/kireiji/RoboticsDev_ws/install/examples_rclcpp_minimal_service/lib/examples_rclcpp_minimal_service/service_main" to ""
[34.789s] -- Installing: /home/kireiji/RoboticsDev_ws/install/examples_rclcpp_minimal_service/share/ament_index/resource_index/package_run_dependencies/examples_rclcpp_minimal_service
[34.789s] -- Installing: /home/kireiji/RoboticsDev_ws/install/examples_rclcpp_minimal_service/share/ament_index/resource_index/parent_prefix_path/examples_rclcpp_minimal_service
[34.789s] -- Installing: /home/kireiji/RoboticsDev_ws/install/examples_rclcpp_minimal_service/share/examples_rclcpp_minimal_service/environment/ament_prefix_path.sh
[34.789s] -- Installing: /home/kireiji/RoboticsDev_ws/install/examples_rclcpp_minimal_service/share/examples_rclcpp_minimal_service/environment/ament_prefix_path.dsv
[34.789s] -- Installing: /home/kireiji/RoboticsDev_ws/install/examples_rclcpp_minimal_service/share/examples_rclcpp_minimal_service/environment/path.sh
[34.789s] -- Installing: /home/kireiji/RoboticsDev_ws/install/examples_rclcpp_minimal_service/share/examples_rclcpp_minimal_service/environment/path.dsv
[34.789s] -- Installing: /home/kireiji/RoboticsDev_ws/install/examples_rclcpp_minimal_service/share/examples_rclcpp_minimal_service/local_setup.bash
[34.789s] -- Installing: /home/kireiji/RoboticsDev_ws/install/examples_rclcpp_minimal_service/share/examples_rclcpp_minimal_service/local_setup.sh
[34.789s] -- Installing: /home/kireiji/RoboticsDev_ws/install/examples_rclcpp_minimal_service/share/examples_rclcpp_minimal_service/local_setup.zsh
[34.789s] -- Installing: /home/kireiji/RoboticsDev_ws/install/examples_rclcpp_minimal_service/share/examples_rclcpp_minimal_service/local_setup.dsv
[34.789s] -- Installing: /home/kireiji/RoboticsDev_ws/install/examples_rclcpp_minimal_service/share/examples_rclcpp_minimal_service/package.dsv
[34.797s] -- Installing: /home/kireiji/RoboticsDev_ws/install/examples_rclcpp_minimal_service/share/ament_index/resource_index/packages/examples_rclcpp_minimal_service
[34.797s] -- Installing: /home/kireiji/RoboticsDev_ws/install/examples_rclcpp_minimal_service/share/examples_rclcpp_minimal_service/cmake/examples_rclcpp_minimal_serviceConfig.cmake
[34.797s] -- Installing: /home/kireiji/RoboticsDev_ws/install/examples_rclcpp_minimal_service/share/examples_rclcpp_minimal_service/cmake/examples_rclcpp_minimal_serviceConfig-version.cmake
[34.797s] -- Installing: /home/kireiji/RoboticsDev_ws/install/examples_rclcpp_minimal_service/share/examples_rclcpp_minimal_service/package.xml
[34.851s] Invoked command in '/home/kireiji/RoboticsDev_ws/build/examples_rclcpp_minimal_service' returned '0': CMAKE_PREFIX_PATH=${CMAKE_PREFIX_PATH}:/home/kireiji/RoboticsDev_ws/install/launch_testing_examples:/home/kireiji/RoboticsDev_ws/install/examples_rclpy_pointcloud_publisher:/home/kireiji/RoboticsDev_ws/install/examples_rclpy_minimal_subscriber:/home/kireiji/RoboticsDev_ws/install/examples_rclpy_minimal_service:/home/kireiji/RoboticsDev_ws/install/examples_rclpy_minimal_publisher:/home/kireiji/RoboticsDev_ws/install/examples_rclpy_minimal_client:/home/kireiji/RoboticsDev_ws/install/examples_rclpy_minimal_action_server:/home/kireiji/RoboticsDev_ws/install/examples_rclpy_minimal_action_client:/home/kireiji/RoboticsDev_ws/install/examples_rclpy_guard_conditions:/home/kireiji/RoboticsDev_ws/install/examples_rclpy_executors:/home/kireiji/ros2_ws/install/my_py_pkg:/opt/ros/humble /usr/bin/cmake --install /home/kireiji/RoboticsDev_ws/build/examples_rclcpp_minimal_service
