[0.009s] Invoking command in '/home/kireiji/RoboticsDev_ws/build/turtle_bringup': CMAKE_PREFIX_PATH=${CMAKE_PREFIX_PATH}:/home/kireiji/RoboticsDev_ws/install/launch_testing_examples:/home/kireiji/RoboticsDev_ws/install/examples_rclpy_pointcloud_publisher:/home/kireiji/RoboticsDev_ws/install/examples_rclpy_minimal_subscriber:/home/kireiji/RoboticsDev_ws/install/examples_rclpy_minimal_service:/home/kireiji/RoboticsDev_ws/install/examples_rclpy_minimal_publisher:/home/kireiji/RoboticsDev_ws/install/examples_rclpy_minimal_client:/home/kireiji/RoboticsDev_ws/install/examples_rclpy_minimal_action_server:/home/kireiji/RoboticsDev_ws/install/examples_rclpy_minimal_action_client:/home/kireiji/RoboticsDev_ws/install/examples_rclpy_guard_conditions:/home/kireiji/RoboticsDev_ws/install/examples_rclpy_executors:/home/kireiji/ros2_ws/install/my_py_pkg:/opt/ros/humble /usr/bin/cmake --build /home/kireiji/RoboticsDev_ws/build/turtle_bringup -- -j16 -l16
[0.026s] -- Found ament_cmake: 1.3.10 (/opt/ros/humble/share/ament_cmake/cmake)
[0.129s] -- Found rclcpp: 16.0.10 (/opt/ros/humble/share/rclcpp/cmake)
[0.147s] -- Found rosidl_generator_c: 3.1.5 (/opt/ros/humble/share/rosidl_generator_c/cmake)
[0.149s] -- Found rosidl_adapter: 3.1.5 (/opt/ros/humble/share/rosidl_adapter/cmake)
[0.152s] -- Found rosidl_generator_cpp: 3.1.5 (/opt/ros/humble/share/rosidl_generator_cpp/cmake)
[0.159s] -- Using all available rosidl_typesupport_c: rosidl_typesupport_fastrtps_c;rosidl_typesupport_introspection_c
[0.168s] -- Using all available rosidl_typesupport_cpp: rosidl_typesupport_fastrtps_cpp;rosidl_typesupport_introspection_cpp
[0.188s] -- Found rmw_implementation_cmake: 6.1.2 (/opt/ros/humble/share/rmw_implementation_cmake/cmake)
[0.190s] -- Found rmw_fastrtps_cpp: 6.2.7 (/opt/ros/humble/share/rmw_fastrtps_cpp/cmake)
[0.259s] -- Using RMW implementation 'rmw_fastrtps_cpp' as default
[0.288s] -- Found rclpy: 3.3.14 (/opt/ros/humble/share/rclpy/cmake)
[0.416s] -- Configuring done
[0.421s] -- Generating done
[0.422s] -- Build files have been written to: /home/kireiji/RoboticsDev_ws/build/turtle_bringup
[0.441s] [35m[1mConsolidate compiler generated dependencies of target cpp_node_test[0m
[0.449s] [100%] Built target cpp_node_test
[0.452s] [100%] Built target ament_cmake_python_copy_turtle_bringup
[0.611s] running egg_info
[0.613s] writing manifest file 'turtle_bringup.egg-info/SOURCES.txt'
[0.631s] [100%] Built target ament_cmake_python_build_turtle_bringup_egg
[0.639s] Invoked command in '/home/kireiji/RoboticsDev_ws/build/turtle_bringup' returned '0': CMAKE_PREFIX_PATH=${CMAKE_PREFIX_PATH}:/home/kireiji/RoboticsDev_ws/install/launch_testing_examples:/home/kireiji/RoboticsDev_ws/install/examples_rclpy_pointcloud_publisher:/home/kireiji/RoboticsDev_ws/install/examples_rclpy_minimal_subscriber:/home/kireiji/RoboticsDev_ws/install/examples_rclpy_minimal_service:/home/kireiji/RoboticsDev_ws/install/examples_rclpy_minimal_publisher:/home/kireiji/RoboticsDev_ws/install/examples_rclpy_minimal_client:/home/kireiji/RoboticsDev_ws/install/examples_rclpy_minimal_action_server:/home/kireiji/RoboticsDev_ws/install/examples_rclpy_minimal_action_client:/home/kireiji/RoboticsDev_ws/install/examples_rclpy_guard_conditions:/home/kireiji/RoboticsDev_ws/install/examples_rclpy_executors:/home/kireiji/ros2_ws/install/my_py_pkg:/opt/ros/humble /usr/bin/cmake --build /home/kireiji/RoboticsDev_ws/build/turtle_bringup -- -j16 -l16
[0.663s] Invoking command in '/home/kireiji/RoboticsDev_ws/build/turtle_bringup': CMAKE_PREFIX_PATH=${CMAKE_PREFIX_PATH}:/home/kireiji/RoboticsDev_ws/install/launch_testing_examples:/home/kireiji/RoboticsDev_ws/install/examples_rclpy_pointcloud_publisher:/home/kireiji/RoboticsDev_ws/install/examples_rclpy_minimal_subscriber:/home/kireiji/RoboticsDev_ws/install/examples_rclpy_minimal_service:/home/kireiji/RoboticsDev_ws/install/examples_rclpy_minimal_publisher:/home/kireiji/RoboticsDev_ws/install/examples_rclpy_minimal_client:/home/kireiji/RoboticsDev_ws/install/examples_rclpy_minimal_action_server:/home/kireiji/RoboticsDev_ws/install/examples_rclpy_minimal_action_client:/home/kireiji/RoboticsDev_ws/install/examples_rclpy_guard_conditions:/home/kireiji/RoboticsDev_ws/install/examples_rclpy_executors:/home/kireiji/ros2_ws/install/my_py_pkg:/opt/ros/humble /usr/bin/cmake --install /home/kireiji/RoboticsDev_ws/build/turtle_bringup
[0.668s] -- Install configuration: ""
[0.668s] -- Up-to-date: /home/kireiji/RoboticsDev_ws/install/turtle_bringup/share/turtle_bringup/environment/pythonpath.sh
[0.668s] -- Installing: /home/kireiji/RoboticsDev_ws/install/turtle_bringup/share/turtle_bringup/environment/pythonpath.dsv
[0.668s] -- Up-to-date: /home/kireiji/RoboticsDev_ws/install/turtle_bringup/lib/python3.10/site-packages/turtle_bringup-0.0.0-py3.10.egg-info
[0.668s] -- Installing: /home/kireiji/RoboticsDev_ws/install/turtle_bringup/lib/python3.10/site-packages/turtle_bringup-0.0.0-py3.10.egg-info/PKG-INFO
[0.668s] -- Installing: /home/kireiji/RoboticsDev_ws/install/turtle_bringup/lib/python3.10/site-packages/turtle_bringup-0.0.0-py3.10.egg-info/dependency_links.txt
[0.668s] -- Installing: /home/kireiji/RoboticsDev_ws/install/turtle_bringup/lib/python3.10/site-packages/turtle_bringup-0.0.0-py3.10.egg-info/top_level.txt
[0.668s] -- Installing: /home/kireiji/RoboticsDev_ws/install/turtle_bringup/lib/python3.10/site-packages/turtle_bringup-0.0.0-py3.10.egg-info/SOURCES.txt
[0.668s] -- Up-to-date: /home/kireiji/RoboticsDev_ws/install/turtle_bringup/lib/python3.10/site-packages/turtle_bringup
[0.668s] -- Up-to-date: /home/kireiji/RoboticsDev_ws/install/turtle_bringup/lib/python3.10/site-packages/turtle_bringup/__init__.py
[0.668s] -- Up-to-date: /home/kireiji/RoboticsDev_ws/install/turtle_bringup/lib/python3.10/site-packages/turtle_bringup/dummy_module.py
[0.695s] Listing '/home/kireiji/RoboticsDev_ws/install/turtle_bringup/lib/python3.10/site-packages/turtle_bringup'...
[0.698s] -- Up-to-date: /home/kireiji/RoboticsDev_ws/install/turtle_bringup/lib/turtle_bringup/dummy_script.py
[0.698s] -- Up-to-date: /home/kireiji/RoboticsDev_ws/install/turtle_bringup/lib/turtle_bringup/controller.py
[0.698s] -- Installing: /home/kireiji/RoboticsDev_ws/install/turtle_bringup/lib/turtle_bringup/crazy_turtle.py
[0.698s] -- Up-to-date: /home/kireiji/RoboticsDev_ws/install/turtle_bringup/lib/turtle_bringup/cpp_node_test
[0.699s] -- Up-to-date: /home/kireiji/RoboticsDev_ws/install/turtle_bringup/share/turtle_bringup
[0.699s] -- Up-to-date: /home/kireiji/RoboticsDev_ws/install/turtle_bringup/share/ament_index/resource_index/package_run_dependencies/turtle_bringup
[0.699s] -- Installing: /home/kireiji/RoboticsDev_ws/install/turtle_bringup/share/ament_index/resource_index/parent_prefix_path/turtle_bringup
[0.699s] -- Up-to-date: /home/kireiji/RoboticsDev_ws/install/turtle_bringup/share/turtle_bringup/environment/ament_prefix_path.sh
[0.699s] -- Installing: /home/kireiji/RoboticsDev_ws/install/turtle_bringup/share/turtle_bringup/environment/ament_prefix_path.dsv
[0.699s] -- Up-to-date: /home/kireiji/RoboticsDev_ws/install/turtle_bringup/share/turtle_bringup/environment/path.sh
[0.699s] -- Installing: /home/kireiji/RoboticsDev_ws/install/turtle_bringup/share/turtle_bringup/environment/path.dsv
[0.699s] -- Up-to-date: /home/kireiji/RoboticsDev_ws/install/turtle_bringup/share/turtle_bringup/local_setup.bash
[0.699s] -- Up-to-date: /home/kireiji/RoboticsDev_ws/install/turtle_bringup/share/turtle_bringup/local_setup.sh
[0.699s] -- Up-to-date: /home/kireiji/RoboticsDev_ws/install/turtle_bringup/share/turtle_bringup/local_setup.zsh
[0.699s] -- Installing: /home/kireiji/RoboticsDev_ws/install/turtle_bringup/share/turtle_bringup/local_setup.dsv
[0.699s] -- Installing: /home/kireiji/RoboticsDev_ws/install/turtle_bringup/share/turtle_bringup/package.dsv
[0.699s] -- Up-to-date: /home/kireiji/RoboticsDev_ws/install/turtle_bringup/share/ament_index/resource_index/packages/turtle_bringup
[0.699s] -- Up-to-date: /home/kireiji/RoboticsDev_ws/install/turtle_bringup/share/turtle_bringup/cmake/turtle_bringupConfig.cmake
[0.699s] -- Up-to-date: /home/kireiji/RoboticsDev_ws/install/turtle_bringup/share/turtle_bringup/cmake/turtle_bringupConfig-version.cmake
[0.699s] -- Up-to-date: /home/kireiji/RoboticsDev_ws/install/turtle_bringup/share/turtle_bringup/package.xml
[0.701s] Invoked command in '/home/kireiji/RoboticsDev_ws/build/turtle_bringup' returned '0': CMAKE_PREFIX_PATH=${CMAKE_PREFIX_PATH}:/home/kireiji/RoboticsDev_ws/install/launch_testing_examples:/home/kireiji/RoboticsDev_ws/install/examples_rclpy_pointcloud_publisher:/home/kireiji/RoboticsDev_ws/install/examples_rclpy_minimal_subscriber:/home/kireiji/RoboticsDev_ws/install/examples_rclpy_minimal_service:/home/kireiji/RoboticsDev_ws/install/examples_rclpy_minimal_publisher:/home/kireiji/RoboticsDev_ws/install/examples_rclpy_minimal_client:/home/kireiji/RoboticsDev_ws/install/examples_rclpy_minimal_action_server:/home/kireiji/RoboticsDev_ws/install/examples_rclpy_minimal_action_client:/home/kireiji/RoboticsDev_ws/install/examples_rclpy_guard_conditions:/home/kireiji/RoboticsDev_ws/install/examples_rclpy_executors:/home/kireiji/ros2_ws/install/my_py_pkg:/opt/ros/humble /usr/bin/cmake --install /home/kireiji/RoboticsDev_ws/build/turtle_bringup
