-- The C compiler identification is GNU 11.4.0
-- The CXX compiler identification is GNU 11.4.0
-- Detecting C compiler ABI info
-- Detecting C compiler ABI info - done
-- Check for working C compiler: /usr/bin/cc - skipped
-- Detecting C compile features
-- Detecting C compile features - done
-- Detecting CXX compiler ABI info
-- Detecting CXX compiler ABI info - done
-- Check for working CXX compiler: /usr/bin/c++ - skipped
-- Detecting CXX compile features
-- Detecting CXX compile features - done
-- Found ament_cmake: 1.3.10 (/opt/ros/humble/share/ament_cmake/cmake)
-- Found Python3: /usr/local/bin/python3 (found version "3.10.0") found components: Interpreter 
-- Found rclcpp: 16.0.10 (/opt/ros/humble/share/rclcpp/cmake)
-- Found rosidl_generator_c: 3.1.5 (/opt/ros/humble/share/rosidl_generator_c/cmake)
-- Found rosidl_adapter: 3.1.5 (/opt/ros/humble/share/rosidl_adapter/cmake)
-- Found rosidl_generator_cpp: 3.1.5 (/opt/ros/humble/share/rosidl_generator_cpp/cmake)
-- Using all available rosidl_typesupport_c: rosidl_typesupport_fastrtps_c;rosidl_typesupport_introspection_c
-- Using all available rosidl_typesupport_cpp: rosidl_typesupport_fastrtps_cpp;rosidl_typesupport_introspection_cpp
-- Found rmw_implementation_cmake: 6.1.2 (/opt/ros/humble/share/rmw_implementation_cmake/cmake)
-- Found rmw_fastrtps_cpp: 6.2.7 (/opt/ros/humble/share/rmw_fastrtps_cpp/cmake)
-- Found OpenSSL: /usr/lib/x86_64-linux-gnu/libcrypto.so (found version "3.0.2")  
-- Found FastRTPS: /opt/ros/humble/include  
-- Using RMW implementation 'rmw_fastrtps_cpp' as default
-- Looking for pthread.h
-- Looking for pthread.h - found
-- Performing Test CMAKE_HAVE_LIBC_PTHREAD
-- Performing Test CMAKE_HAVE_LIBC_PTHREAD - Success
-- Found Threads: TRUE  
-- Found rclpy: 3.3.14 (/opt/ros/humble/share/rclpy/cmake)
-- Configuring done
-- Generating done
-- Build files have been written to: /home/kireiji/RoboticsDev_ws/build/turtle_bringup
[ 50%] [32mBuilding CXX object CMakeFiles/cpp_node_test.dir/src/cpp_node.cpp.o[0m
[ 50%] Built target ament_cmake_python_copy_turtle_bringup
running egg_info
creating turtle_bringup.egg-info
writing manifest file 'turtle_bringup.egg-info/SOURCES.txt'
writing manifest file 'turtle_bringup.egg-info/SOURCES.txt'
[ 50%] Built target ament_cmake_python_build_turtle_bringup_egg
[100%] [32m[1mLinking CXX executable cpp_node_test[0m
[100%] Built target cpp_node_test
-- Install configuration: ""
-- Installing: /home/kireiji/RoboticsDev_ws/install/turtle_bringup/share/turtle_bringup/environment/pythonpath.sh
-- Installing: /home/kireiji/RoboticsDev_ws/install/turtle_bringup/share/turtle_bringup/environment/pythonpath.dsv
-- Installing: /home/kireiji/RoboticsDev_ws/install/turtle_bringup/lib/python3.10/site-packages/turtle_bringup-0.0.0-py3.10.egg-info
-- Installing: /home/kireiji/RoboticsDev_ws/install/turtle_bringup/lib/python3.10/site-packages/turtle_bringup-0.0.0-py3.10.egg-info/PKG-INFO
-- Installing: /home/kireiji/RoboticsDev_ws/install/turtle_bringup/lib/python3.10/site-packages/turtle_bringup-0.0.0-py3.10.egg-info/dependency_links.txt
-- Installing: /home/kireiji/RoboticsDev_ws/install/turtle_bringup/lib/python3.10/site-packages/turtle_bringup-0.0.0-py3.10.egg-info/top_level.txt
-- Installing: /home/kireiji/RoboticsDev_ws/install/turtle_bringup/lib/python3.10/site-packages/turtle_bringup-0.0.0-py3.10.egg-info/SOURCES.txt
-- Installing: /home/kireiji/RoboticsDev_ws/install/turtle_bringup/lib/python3.10/site-packages/turtle_bringup
-- Installing: /home/kireiji/RoboticsDev_ws/install/turtle_bringup/lib/python3.10/site-packages/turtle_bringup/__init__.py
-- Installing: /home/kireiji/RoboticsDev_ws/install/turtle_bringup/lib/python3.10/site-packages/turtle_bringup/dummy_module.py
Listing '/home/kireiji/RoboticsDev_ws/install/turtle_bringup/lib/python3.10/site-packages/turtle_bringup'...
Compiling '/home/kireiji/RoboticsDev_ws/install/turtle_bringup/lib/python3.10/site-packages/turtle_bringup/__init__.py'...
Compiling '/home/kireiji/RoboticsDev_ws/install/turtle_bringup/lib/python3.10/site-packages/turtle_bringup/dummy_module.py'...
-- Installing: /home/kireiji/RoboticsDev_ws/install/turtle_bringup/lib/turtle_bringup/dummy_script.py
-- Installing: /home/kireiji/RoboticsDev_ws/install/turtle_bringup/lib/turtle_bringup/cpp_node_test
-- Set runtime path of "/home/kireiji/RoboticsDev_ws/install/turtle_bringup/lib/turtle_bringup/cpp_node_test" to ""
-- Up-to-date: /home/kireiji/RoboticsDev_ws/install/turtle_bringup/share/turtle_bringup
-- Installing: /home/kireiji/RoboticsDev_ws/install/turtle_bringup/share/ament_index/resource_index/package_run_dependencies/turtle_bringup
-- Installing: /home/kireiji/RoboticsDev_ws/install/turtle_bringup/share/ament_index/resource_index/parent_prefix_path/turtle_bringup
-- Installing: /home/kireiji/RoboticsDev_ws/install/turtle_bringup/share/turtle_bringup/environment/ament_prefix_path.sh
-- Installing: /home/kireiji/RoboticsDev_ws/install/turtle_bringup/share/turtle_bringup/environment/ament_prefix_path.dsv
-- Installing: /home/kireiji/RoboticsDev_ws/install/turtle_bringup/share/turtle_bringup/environment/path.sh
-- Installing: /home/kireiji/RoboticsDev_ws/install/turtle_bringup/share/turtle_bringup/environment/path.dsv
-- Installing: /home/kireiji/RoboticsDev_ws/install/turtle_bringup/share/turtle_bringup/local_setup.bash
-- Installing: /home/kireiji/RoboticsDev_ws/install/turtle_bringup/share/turtle_bringup/local_setup.sh
-- Installing: /home/kireiji/RoboticsDev_ws/install/turtle_bringup/share/turtle_bringup/local_setup.zsh
-- Installing: /home/kireiji/RoboticsDev_ws/install/turtle_bringup/share/turtle_bringup/local_setup.dsv
-- Installing: /home/kireiji/RoboticsDev_ws/install/turtle_bringup/share/turtle_bringup/package.dsv
-- Installing: /home/kireiji/RoboticsDev_ws/install/turtle_bringup/share/ament_index/resource_index/packages/turtle_bringup
-- Installing: /home/kireiji/RoboticsDev_ws/install/turtle_bringup/share/turtle_bringup/cmake/turtle_bringupConfig.cmake
-- Installing: /home/kireiji/RoboticsDev_ws/install/turtle_bringup/share/turtle_bringup/cmake/turtle_bringupConfig-version.cmake
-- Installing: /home/kireiji/RoboticsDev_ws/install/turtle_bringup/share/turtle_bringup/package.xml
