[0.009s] Invoking command in '/home/kireiji/RoboticsDev_ws/build/turtle_bringup': CMAKE_PREFIX_PATH=${CMAKE_PREFIX_PATH}:/home/kireiji/RoboticsDev_ws/install/launch_testing_examples:/home/kireiji/RoboticsDev_ws/install/examples_rclpy_pointcloud_publisher:/home/kireiji/RoboticsDev_ws/install/examples_rclpy_minimal_subscriber:/home/kireiji/RoboticsDev_ws/install/examples_rclpy_minimal_service:/home/kireiji/RoboticsDev_ws/install/examples_rclpy_minimal_publisher:/home/kireiji/RoboticsDev_ws/install/examples_rclpy_minimal_client:/home/kireiji/RoboticsDev_ws/install/examples_rclpy_minimal_action_server:/home/kireiji/RoboticsDev_ws/install/examples_rclpy_minimal_action_client:/home/kireiji/RoboticsDev_ws/install/examples_rclpy_guard_conditions:/home/kireiji/RoboticsDev_ws/install/examples_rclpy_executors:/home/kireiji/ros2_ws/install/my_py_pkg:/opt/ros/humble /usr/bin/cmake /home/kireiji/RoboticsDev_ws/src/turtle_bringup -DCMAKE_INSTALL_PREFIX=/home/kireiji/RoboticsDev_ws/install/turtle_bringup
[0.092s] -- The C compiler identification is GNU 11.4.0
[0.163s] -- The CXX compiler identification is GNU 11.4.0
[0.173s] -- Detecting C compiler ABI info
[0.226s] -- Detecting C compiler ABI info - done
[0.235s] -- Check for working C compiler: /usr/bin/cc - skipped
[0.235s] -- Detecting C compile features
[0.236s] -- Detecting C compile features - done
[0.240s] -- Detecting CXX compiler ABI info
[0.300s] -- Detecting CXX compiler ABI info - done
[0.304s] -- Check for working CXX compiler: /usr/bin/c++ - skipped
[0.305s] -- Detecting CXX compile features
[0.305s] -- Detecting CXX compile features - done
[0.313s] -- Found ament_cmake: 1.3.10 (/opt/ros/humble/share/ament_cmake/cmake)
[0.811s] -- Found Python3: /usr/local/bin/python3 (found version "3.10.0") found components: Interpreter 
[0.916s] -- Found rclcpp: 16.0.10 (/opt/ros/humble/share/rclcpp/cmake)
[0.961s] -- Found rosidl_generator_c: 3.1.5 (/opt/ros/humble/share/rosidl_generator_c/cmake)
[0.967s] -- Found rosidl_adapter: 3.1.5 (/opt/ros/humble/share/rosidl_adapter/cmake)
[0.976s] -- Found rosidl_generator_cpp: 3.1.5 (/opt/ros/humble/share/rosidl_generator_cpp/cmake)
[0.988s] -- Using all available rosidl_typesupport_c: rosidl_typesupport_fastrtps_c;rosidl_typesupport_introspection_c
[1.004s] -- Using all available rosidl_typesupport_cpp: rosidl_typesupport_fastrtps_cpp;rosidl_typesupport_introspection_cpp
[1.050s] -- Found rmw_implementation_cmake: 6.1.2 (/opt/ros/humble/share/rmw_implementation_cmake/cmake)
[1.053s] -- Found rmw_fastrtps_cpp: 6.2.7 (/opt/ros/humble/share/rmw_fastrtps_cpp/cmake)
[1.120s] -- Found OpenSSL: /usr/lib/x86_64-linux-gnu/libcrypto.so (found version "3.0.2")  
[1.139s] -- Found FastRTPS: /opt/ros/humble/include  
[1.166s] -- Using RMW implementation 'rmw_fastrtps_cpp' as default
[1.176s] -- Looking for pthread.h
[1.228s] -- Looking for pthread.h - found
[1.229s] -- Performing Test CMAKE_HAVE_LIBC_PTHREAD
[1.276s] -- Performing Test CMAKE_HAVE_LIBC_PTHREAD - Success
[1.277s] -- Found Threads: TRUE  
[1.322s] -- Found rclpy: 3.3.14 (/opt/ros/humble/share/rclpy/cmake)
[1.471s] -- Configuring done
[1.476s] -- Generating done
[1.477s] -- Build files have been written to: /home/kireiji/RoboticsDev_ws/build/turtle_bringup
[1.483s] Invoked command in '/home/kireiji/RoboticsDev_ws/build/turtle_bringup' returned '0': CMAKE_PREFIX_PATH=${CMAKE_PREFIX_PATH}:/home/kireiji/RoboticsDev_ws/install/launch_testing_examples:/home/kireiji/RoboticsDev_ws/install/examples_rclpy_pointcloud_publisher:/home/kireiji/RoboticsDev_ws/install/examples_rclpy_minimal_subscriber:/home/kireiji/RoboticsDev_ws/install/examples_rclpy_minimal_service:/home/kireiji/RoboticsDev_ws/install/examples_rclpy_minimal_publisher:/home/kireiji/RoboticsDev_ws/install/examples_rclpy_minimal_client:/home/kireiji/RoboticsDev_ws/install/examples_rclpy_minimal_action_server:/home/kireiji/RoboticsDev_ws/install/examples_rclpy_minimal_action_client:/home/kireiji/RoboticsDev_ws/install/examples_rclpy_guard_conditions:/home/kireiji/RoboticsDev_ws/install/examples_rclpy_executors:/home/kireiji/ros2_ws/install/my_py_pkg:/opt/ros/humble /usr/bin/cmake /home/kireiji/RoboticsDev_ws/src/turtle_bringup -DCMAKE_INSTALL_PREFIX=/home/kireiji/RoboticsDev_ws/install/turtle_bringup
[1.485s] Invoking command in '/home/kireiji/RoboticsDev_ws/build/turtle_bringup': CMAKE_PREFIX_PATH=${CMAKE_PREFIX_PATH}:/home/kireiji/RoboticsDev_ws/install/launch_testing_examples:/home/kireiji/RoboticsDev_ws/install/examples_rclpy_pointcloud_publisher:/home/kireiji/RoboticsDev_ws/install/examples_rclpy_minimal_subscriber:/home/kireiji/RoboticsDev_ws/install/examples_rclpy_minimal_service:/home/kireiji/RoboticsDev_ws/install/examples_rclpy_minimal_publisher:/home/kireiji/RoboticsDev_ws/install/examples_rclpy_minimal_client:/home/kireiji/RoboticsDev_ws/install/examples_rclpy_minimal_action_server:/home/kireiji/RoboticsDev_ws/install/examples_rclpy_minimal_action_client:/home/kireiji/RoboticsDev_ws/install/examples_rclpy_guard_conditions:/home/kireiji/RoboticsDev_ws/install/examples_rclpy_executors:/home/kireiji/ros2_ws/install/my_py_pkg:/opt/ros/humble /usr/bin/cmake --build /home/kireiji/RoboticsDev_ws/build/turtle_bringup -- -j16 -l16
[1.517s] [ 50%] [32mBuilding CXX object CMakeFiles/cpp_node_test.dir/src/cpp_node.cpp.o[0m
[1.521s] [ 50%] Built target ament_cmake_python_copy_turtle_bringup
[1.681s] running egg_info
[1.682s] creating turtle_bringup.egg-info
[1.682s] writing manifest file 'turtle_bringup.egg-info/SOURCES.txt'
[1.684s] writing manifest file 'turtle_bringup.egg-info/SOURCES.txt'
[1.702s] [ 50%] Built target ament_cmake_python_build_turtle_bringup_egg
[1.704s] [100%] [32m[1mLinking CXX executable cpp_node_test[0m
[1.769s] [100%] Built target cpp_node_test
[1.776s] Invoked command in '/home/kireiji/RoboticsDev_ws/build/turtle_bringup' returned '0': CMAKE_PREFIX_PATH=${CMAKE_PREFIX_PATH}:/home/kireiji/RoboticsDev_ws/install/launch_testing_examples:/home/kireiji/RoboticsDev_ws/install/examples_rclpy_pointcloud_publisher:/home/kireiji/RoboticsDev_ws/install/examples_rclpy_minimal_subscriber:/home/kireiji/RoboticsDev_ws/install/examples_rclpy_minimal_service:/home/kireiji/RoboticsDev_ws/install/examples_rclpy_minimal_publisher:/home/kireiji/RoboticsDev_ws/install/examples_rclpy_minimal_client:/home/kireiji/RoboticsDev_ws/install/examples_rclpy_minimal_action_server:/home/kireiji/RoboticsDev_ws/install/examples_rclpy_minimal_action_client:/home/kireiji/RoboticsDev_ws/install/examples_rclpy_guard_conditions:/home/kireiji/RoboticsDev_ws/install/examples_rclpy_executors:/home/kireiji/ros2_ws/install/my_py_pkg:/opt/ros/humble /usr/bin/cmake --build /home/kireiji/RoboticsDev_ws/build/turtle_bringup -- -j16 -l16
[1.800s] Invoking command in '/home/kireiji/RoboticsDev_ws/build/turtle_bringup': CMAKE_PREFIX_PATH=${CMAKE_PREFIX_PATH}:/home/kireiji/RoboticsDev_ws/install/launch_testing_examples:/home/kireiji/RoboticsDev_ws/install/examples_rclpy_pointcloud_publisher:/home/kireiji/RoboticsDev_ws/install/examples_rclpy_minimal_subscriber:/home/kireiji/RoboticsDev_ws/install/examples_rclpy_minimal_service:/home/kireiji/RoboticsDev_ws/install/examples_rclpy_minimal_publisher:/home/kireiji/RoboticsDev_ws/install/examples_rclpy_minimal_client:/home/kireiji/RoboticsDev_ws/install/examples_rclpy_minimal_action_server:/home/kireiji/RoboticsDev_ws/install/examples_rclpy_minimal_action_client:/home/kireiji/RoboticsDev_ws/install/examples_rclpy_guard_conditions:/home/kireiji/RoboticsDev_ws/install/examples_rclpy_executors:/home/kireiji/ros2_ws/install/my_py_pkg:/opt/ros/humble /usr/bin/cmake --install /home/kireiji/RoboticsDev_ws/build/turtle_bringup
[1.805s] -- Install configuration: ""
[1.805s] -- Installing: /home/kireiji/RoboticsDev_ws/install/turtle_bringup/share/turtle_bringup/environment/pythonpath.sh
[1.805s] -- Installing: /home/kireiji/RoboticsDev_ws/install/turtle_bringup/share/turtle_bringup/environment/pythonpath.dsv
[1.805s] -- Installing: /home/kireiji/RoboticsDev_ws/install/turtle_bringup/lib/python3.10/site-packages/turtle_bringup-0.0.0-py3.10.egg-info
[1.805s] -- Installing: /home/kireiji/RoboticsDev_ws/install/turtle_bringup/lib/python3.10/site-packages/turtle_bringup-0.0.0-py3.10.egg-info/PKG-INFO
[1.805s] -- Installing: /home/kireiji/RoboticsDev_ws/install/turtle_bringup/lib/python3.10/site-packages/turtle_bringup-0.0.0-py3.10.egg-info/dependency_links.txt
[1.806s] -- Installing: /home/kireiji/RoboticsDev_ws/install/turtle_bringup/lib/python3.10/site-packages/turtle_bringup-0.0.0-py3.10.egg-info/top_level.txt
[1.806s] -- Installing: /home/kireiji/RoboticsDev_ws/install/turtle_bringup/lib/python3.10/site-packages/turtle_bringup-0.0.0-py3.10.egg-info/SOURCES.txt
[1.806s] -- Installing: /home/kireiji/RoboticsDev_ws/install/turtle_bringup/lib/python3.10/site-packages/turtle_bringup
[1.806s] -- Installing: /home/kireiji/RoboticsDev_ws/install/turtle_bringup/lib/python3.10/site-packages/turtle_bringup/__init__.py
[1.806s] -- Installing: /home/kireiji/RoboticsDev_ws/install/turtle_bringup/lib/python3.10/site-packages/turtle_bringup/dummy_module.py
[1.835s] Listing '/home/kireiji/RoboticsDev_ws/install/turtle_bringup/lib/python3.10/site-packages/turtle_bringup'...
[1.835s] Compiling '/home/kireiji/RoboticsDev_ws/install/turtle_bringup/lib/python3.10/site-packages/turtle_bringup/__init__.py'...
[1.835s] Compiling '/home/kireiji/RoboticsDev_ws/install/turtle_bringup/lib/python3.10/site-packages/turtle_bringup/dummy_module.py'...
[1.838s] -- Installing: /home/kireiji/RoboticsDev_ws/install/turtle_bringup/lib/turtle_bringup/dummy_script.py
[1.838s] -- Installing: /home/kireiji/RoboticsDev_ws/install/turtle_bringup/lib/turtle_bringup/cpp_node_test
[1.839s] -- Set runtime path of "/home/kireiji/RoboticsDev_ws/install/turtle_bringup/lib/turtle_bringup/cpp_node_test" to ""
[1.839s] -- Up-to-date: /home/kireiji/RoboticsDev_ws/install/turtle_bringup/share/turtle_bringup
[1.839s] -- Installing: /home/kireiji/RoboticsDev_ws/install/turtle_bringup/share/ament_index/resource_index/package_run_dependencies/turtle_bringup
[1.839s] -- Installing: /home/kireiji/RoboticsDev_ws/install/turtle_bringup/share/ament_index/resource_index/parent_prefix_path/turtle_bringup
[1.839s] -- Installing: /home/kireiji/RoboticsDev_ws/install/turtle_bringup/share/turtle_bringup/environment/ament_prefix_path.sh
[1.839s] -- Installing: /home/kireiji/RoboticsDev_ws/install/turtle_bringup/share/turtle_bringup/environment/ament_prefix_path.dsv
[1.839s] -- Installing: /home/kireiji/RoboticsDev_ws/install/turtle_bringup/share/turtle_bringup/environment/path.sh
[1.839s] -- Installing: /home/kireiji/RoboticsDev_ws/install/turtle_bringup/share/turtle_bringup/environment/path.dsv
[1.839s] -- Installing: /home/kireiji/RoboticsDev_ws/install/turtle_bringup/share/turtle_bringup/local_setup.bash
[1.839s] -- Installing: /home/kireiji/RoboticsDev_ws/install/turtle_bringup/share/turtle_bringup/local_setup.sh
[1.839s] -- Installing: /home/kireiji/RoboticsDev_ws/install/turtle_bringup/share/turtle_bringup/local_setup.zsh
[1.839s] -- Installing: /home/kireiji/RoboticsDev_ws/install/turtle_bringup/share/turtle_bringup/local_setup.dsv
[1.839s] -- Installing: /home/kireiji/RoboticsDev_ws/install/turtle_bringup/share/turtle_bringup/package.dsv
[1.839s] -- Installing: /home/kireiji/RoboticsDev_ws/install/turtle_bringup/share/ament_index/resource_index/packages/turtle_bringup
[1.839s] -- Installing: /home/kireiji/RoboticsDev_ws/install/turtle_bringup/share/turtle_bringup/cmake/turtle_bringupConfig.cmake
[1.839s] -- Installing: /home/kireiji/RoboticsDev_ws/install/turtle_bringup/share/turtle_bringup/cmake/turtle_bringupConfig-version.cmake
[1.839s] -- Installing: /home/kireiji/RoboticsDev_ws/install/turtle_bringup/share/turtle_bringup/package.xml
[1.841s] Invoked command in '/home/kireiji/RoboticsDev_ws/build/turtle_bringup' returned '0': CMAKE_PREFIX_PATH=${CMAKE_PREFIX_PATH}:/home/kireiji/RoboticsDev_ws/install/launch_testing_examples:/home/kireiji/RoboticsDev_ws/install/examples_rclpy_pointcloud_publisher:/home/kireiji/RoboticsDev_ws/install/examples_rclpy_minimal_subscriber:/home/kireiji/RoboticsDev_ws/install/examples_rclpy_minimal_service:/home/kireiji/RoboticsDev_ws/install/examples_rclpy_minimal_publisher:/home/kireiji/RoboticsDev_ws/install/examples_rclpy_minimal_client:/home/kireiji/RoboticsDev_ws/install/examples_rclpy_minimal_action_server:/home/kireiji/RoboticsDev_ws/install/examples_rclpy_minimal_action_client:/home/kireiji/RoboticsDev_ws/install/examples_rclpy_guard_conditions:/home/kireiji/RoboticsDev_ws/install/examples_rclpy_executors:/home/kireiji/ros2_ws/install/my_py_pkg:/opt/ros/humble /usr/bin/cmake --install /home/kireiji/RoboticsDev_ws/build/turtle_bringup
