-- Found ament_cmake: 1.3.10 (/opt/ros/humble/share/ament_cmake/cmake)
-- Found std_msgs: 4.2.4 (/opt/ros/humble/share/std_msgs/cmake)
-- Found rosidl_generator_c: 3.1.5 (/opt/ros/humble/share/rosidl_generator_c/cmake)
-- Found rosidl_adapter: 3.1.5 (/opt/ros/humble/share/rosidl_adapter/cmake)
-- Found rosidl_generator_cpp: 3.1.5 (/opt/ros/humble/share/rosidl_generator_cpp/cmake)
-- Using all available rosidl_typesupport_c: rosidl_typesupport_fastrtps_c;rosidl_typesupport_introspection_c
-- Using all available rosidl_typesupport_cpp: rosidl_typesupport_fastrtps_cpp;rosidl_typesupport_introspection_cpp
-- Found geometry_msgs: 4.2.4 (/opt/ros/humble/share/geometry_msgs/cmake)
-- Found rosidl_default_generators: 1.2.0 (/opt/ros/humble/share/rosidl_default_generators/cmake)
-- Found ament_lint_auto: 0.12.11 (/opt/ros/humble/share/ament_lint_auto/cmake)
-- Found ament_cmake_ros: 0.10.0 (/opt/ros/humble/share/ament_cmake_ros/cmake)
-- Using all available rosidl_typesupport_c: rosidl_typesupport_fastrtps_c;rosidl_typesupport_introspection_c
-- Using all available rosidl_typesupport_cpp: rosidl_typesupport_fastrtps_cpp;rosidl_typesupport_introspection_cpp
-- Found python_cmake_module: 0.10.0 (/opt/ros/humble/share/python_cmake_module/cmake)
-- Using PYTHON_EXECUTABLE: /usr/local/bin/python3
-- Using PYTHON_INCLUDE_DIRS: /usr/local/include/python3.10
-- Using PYTHON_LIBRARIES: /usr/local/lib/libpython3.10.a
-- Using numpy include directory: /home/kireiji/.local/lib/python3.10/site-packages/numpy/_core/include
-- Added test 'lint_cmake' to check CMake code style
-- Added test 'xmllint' to check XML markup files
-- Configuring done
-- Generating done
-- Build files have been written to: /home/kireiji/RoboticsDev_ws/build/controller_interfaces
[35m[1mConsolidate compiler generated dependencies of target controller_interfaces__rosidl_generator_c[0m
[  2%] Built target controller_interfaces__cpp
[  5%] [32m[1mLinking C shared library libcontroller_interfaces__rosidl_generator_c.so[0m
[35m[1mConsolidate compiler generated dependencies of target controller_interfaces__rosidl_typesupport_cpp[0m
[35m[1mConsolidate compiler generated dependencies of target controller_interfaces__rosidl_typesupport_fastrtps_cpp[0m
[35m[1mConsolidate compiler generated dependencies of target controller_interfaces__rosidl_typesupport_introspection_cpp[0m
[  5%] Built target ament_cmake_python_copy_controller_interfaces
[ 10%] [32m[1mLinking CXX shared library libcontroller_interfaces__rosidl_typesupport_cpp.so[0m
[ 10%] [32m[1mLinking CXX shared library libcontroller_interfaces__rosidl_typesupport_introspection_cpp.so[0m
[ 12%] [32m[1mLinking CXX shared library libcontroller_interfaces__rosidl_typesupport_fastrtps_cpp.so[0m
[ 20%] Built target controller_interfaces__rosidl_generator_c
[35m[1mConsolidate compiler generated dependencies of target controller_interfaces__rosidl_typesupport_c[0m
[35m[1mConsolidate compiler generated dependencies of target controller_interfaces__rosidl_typesupport_fastrtps_c[0m
[35m[1mConsolidate compiler generated dependencies of target controller_interfaces__rosidl_typesupport_introspection_c[0m
[ 33%] [32m[1mLinking CXX shared library libcontroller_interfaces__rosidl_typesupport_fastrtps_c.so[0m
[ 33%] [32m[1mLinking CXX shared library libcontroller_interfaces__rosidl_typesupport_c.so[0m
[ 33%] [32m[1mLinking C shared library libcontroller_interfaces__rosidl_typesupport_introspection_c.so[0m
[ 35%] Built target controller_interfaces__rosidl_typesupport_cpp
[ 43%] Built target controller_interfaces__rosidl_typesupport_introspection_cpp
[ 51%] Built target controller_interfaces__rosidl_typesupport_introspection_c
[ 58%] Built target controller_interfaces__rosidl_typesupport_fastrtps_cpp
[ 66%] Built target controller_interfaces__rosidl_typesupport_c
[ 74%] Built target controller_interfaces__rosidl_typesupport_fastrtps_c
[ 74%] Built target controller_interfaces
[ 76%] Built target controller_interfaces__py
[35m[1mConsolidate compiler generated dependencies of target controller_interfaces__rosidl_generator_py[0m
[ 79%] [32m[1mLinking C shared library rosidl_generator_py/controller_interfaces/libcontroller_interfaces__rosidl_generator_py.so[0m
running egg_info
writing manifest file 'controller_interfaces.egg-info/SOURCES.txt'
[ 79%] Built target ament_cmake_python_build_controller_interfaces_egg
[ 84%] Built target controller_interfaces__rosidl_generator_py
[35m[1mConsolidate compiler generated dependencies of target controller_interfaces__rosidl_typesupport_c__pyext[0m
[35m[1mConsolidate compiler generated dependencies of target controller_interfaces__rosidl_typesupport_introspection_c__pyext[0m
[35m[1mConsolidate compiler generated dependencies of target controller_interfaces__rosidl_typesupport_fastrtps_c__pyext[0m
[ 92%] [32mBuilding C object CMakeFiles/controller_interfaces__rosidl_typesupport_introspection_c__pyext.dir/rosidl_generator_py/controller_interfaces/_controller_interfaces_s.ep.rosidl_typesupport_introspection_c.c.o[0m
[ 92%] [32mBuilding C object CMakeFiles/controller_interfaces__rosidl_typesupport_c__pyext.dir/rosidl_generator_py/controller_interfaces/_controller_interfaces_s.ep.rosidl_typesupport_c.c.o[0m
[ 92%] [32mBuilding C object CMakeFiles/controller_interfaces__rosidl_typesupport_fastrtps_c__pyext.dir/rosidl_generator_py/controller_interfaces/_controller_interfaces_s.ep.rosidl_typesupport_fastrtps_c.c.o[0m
[ 97%] [32m[1mLinking C shared library rosidl_generator_py/controller_interfaces/controller_interfaces_s__rosidl_typesupport_c.cpython-310-x86_64-linux-gnu.so[0m
[ 97%] [32m[1mLinking C shared library rosidl_generator_py/controller_interfaces/controller_interfaces_s__rosidl_typesupport_fastrtps_c.cpython-310-x86_64-linux-gnu.so[0m
[100%] [32m[1mLinking C shared library rosidl_generator_py/controller_interfaces/controller_interfaces_s__rosidl_typesupport_introspection_c.cpython-310-x86_64-linux-gnu.so[0m
[100%] Built target controller_interfaces__rosidl_typesupport_c__pyext
[100%] Built target controller_interfaces__rosidl_typesupport_fastrtps_c__pyext
[100%] Built target controller_interfaces__rosidl_typesupport_introspection_c__pyext
-- Install configuration: ""
-- Up-to-date: /home/kireiji/RoboticsDev_ws/install/controller_interfaces/share/ament_index/resource_index/rosidl_interfaces/controller_interfaces
-- Up-to-date: /home/kireiji/RoboticsDev_ws/install/controller_interfaces/include/controller_interfaces/controller_interfaces
-- Up-to-date: /home/kireiji/RoboticsDev_ws/install/controller_interfaces/include/controller_interfaces/controller_interfaces/msg
-- Up-to-date: /home/kireiji/RoboticsDev_ws/install/controller_interfaces/include/controller_interfaces/controller_interfaces/msg/rosidl_generator_c__visibility_control.h
-- Up-to-date: /home/kireiji/RoboticsDev_ws/install/controller_interfaces/include/controller_interfaces/controller_interfaces/srv
-- Up-to-date: /home/kireiji/RoboticsDev_ws/install/controller_interfaces/include/controller_interfaces/controller_interfaces/srv/set_param.h
-- Up-to-date: /home/kireiji/RoboticsDev_ws/install/controller_interfaces/include/controller_interfaces/controller_interfaces/srv/detail
-- Up-to-date: /home/kireiji/RoboticsDev_ws/install/controller_interfaces/include/controller_interfaces/controller_interfaces/srv/detail/set_param__functions.h
-- Up-to-date: /home/kireiji/RoboticsDev_ws/install/controller_interfaces/include/controller_interfaces/controller_interfaces/srv/detail/set_param__struct.h
-- Up-to-date: /home/kireiji/RoboticsDev_ws/install/controller_interfaces/include/controller_interfaces/controller_interfaces/srv/detail/set_param__functions.c
-- Up-to-date: /home/kireiji/RoboticsDev_ws/install/controller_interfaces/include/controller_interfaces/controller_interfaces/srv/detail/set_target__type_support.h
-- Up-to-date: /home/kireiji/RoboticsDev_ws/install/controller_interfaces/include/controller_interfaces/controller_interfaces/srv/detail/set_param__type_support.h
-- Up-to-date: /home/kireiji/RoboticsDev_ws/install/controller_interfaces/include/controller_interfaces/controller_interfaces/srv/detail/set_target__struct.h
-- Up-to-date: /home/kireiji/RoboticsDev_ws/install/controller_interfaces/include/controller_interfaces/controller_interfaces/srv/detail/set_target__functions.h
-- Up-to-date: /home/kireiji/RoboticsDev_ws/install/controller_interfaces/include/controller_interfaces/controller_interfaces/srv/detail/set_target__functions.c
-- Up-to-date: /home/kireiji/RoboticsDev_ws/install/controller_interfaces/include/controller_interfaces/controller_interfaces/srv/set_target.h
-- Up-to-date: /home/kireiji/RoboticsDev_ws/install/controller_interfaces/share/controller_interfaces/environment/library_path.sh
-- Installing: /home/kireiji/RoboticsDev_ws/install/controller_interfaces/share/controller_interfaces/environment/library_path.dsv
-- Installing: /home/kireiji/RoboticsDev_ws/install/controller_interfaces/lib/libcontroller_interfaces__rosidl_generator_c.so
-- Set runtime path of "/home/kireiji/RoboticsDev_ws/install/controller_interfaces/lib/libcontroller_interfaces__rosidl_generator_c.so" to ""
-- Up-to-date: /home/kireiji/RoboticsDev_ws/install/controller_interfaces/include/controller_interfaces/controller_interfaces
-- Up-to-date: /home/kireiji/RoboticsDev_ws/install/controller_interfaces/include/controller_interfaces/controller_interfaces/msg
-- Up-to-date: /home/kireiji/RoboticsDev_ws/install/controller_interfaces/include/controller_interfaces/controller_interfaces/msg/rosidl_typesupport_fastrtps_c__visibility_control.h
-- Up-to-date: /home/kireiji/RoboticsDev_ws/install/controller_interfaces/include/controller_interfaces/controller_interfaces/srv
-- Up-to-date: /home/kireiji/RoboticsDev_ws/install/controller_interfaces/include/controller_interfaces/controller_interfaces/srv/detail
-- Up-to-date: /home/kireiji/RoboticsDev_ws/install/controller_interfaces/include/controller_interfaces/controller_interfaces/srv/detail/set_param__rosidl_typesupport_fastrtps_c.h
-- Up-to-date: /home/kireiji/RoboticsDev_ws/install/controller_interfaces/include/controller_interfaces/controller_interfaces/srv/detail/set_target__rosidl_typesupport_fastrtps_c.h
-- Installing: /home/kireiji/RoboticsDev_ws/install/controller_interfaces/lib/libcontroller_interfaces__rosidl_typesupport_fastrtps_c.so
-- Set runtime path of "/home/kireiji/RoboticsDev_ws/install/controller_interfaces/lib/libcontroller_interfaces__rosidl_typesupport_fastrtps_c.so" to ""
-- Up-to-date: /home/kireiji/RoboticsDev_ws/install/controller_interfaces/include/controller_interfaces/controller_interfaces
-- Up-to-date: /home/kireiji/RoboticsDev_ws/install/controller_interfaces/include/controller_interfaces/controller_interfaces/srv
-- Up-to-date: /home/kireiji/RoboticsDev_ws/install/controller_interfaces/include/controller_interfaces/controller_interfaces/srv/set_target.hpp
-- Up-to-date: /home/kireiji/RoboticsDev_ws/install/controller_interfaces/include/controller_interfaces/controller_interfaces/srv/detail
-- Up-to-date: /home/kireiji/RoboticsDev_ws/install/controller_interfaces/include/controller_interfaces/controller_interfaces/srv/detail/set_target__traits.hpp
-- Up-to-date: /home/kireiji/RoboticsDev_ws/install/controller_interfaces/include/controller_interfaces/controller_interfaces/srv/detail/set_param__builder.hpp
-- Up-to-date: /home/kireiji/RoboticsDev_ws/install/controller_interfaces/include/controller_interfaces/controller_interfaces/srv/detail/set_target__struct.hpp
-- Up-to-date: /home/kireiji/RoboticsDev_ws/install/controller_interfaces/include/controller_interfaces/controller_interfaces/srv/detail/set_target__builder.hpp
-- Up-to-date: /home/kireiji/RoboticsDev_ws/install/controller_interfaces/include/controller_interfaces/controller_interfaces/srv/detail/set_param__traits.hpp
-- Up-to-date: /home/kireiji/RoboticsDev_ws/install/controller_interfaces/include/controller_interfaces/controller_interfaces/srv/detail/set_param__struct.hpp
-- Up-to-date: /home/kireiji/RoboticsDev_ws/install/controller_interfaces/include/controller_interfaces/controller_interfaces/srv/set_param.hpp
-- Up-to-date: /home/kireiji/RoboticsDev_ws/install/controller_interfaces/include/controller_interfaces/controller_interfaces
-- Up-to-date: /home/kireiji/RoboticsDev_ws/install/controller_interfaces/include/controller_interfaces/controller_interfaces/msg
-- Up-to-date: /home/kireiji/RoboticsDev_ws/install/controller_interfaces/include/controller_interfaces/controller_interfaces/msg/rosidl_typesupport_fastrtps_cpp__visibility_control.h
-- Up-to-date: /home/kireiji/RoboticsDev_ws/install/controller_interfaces/include/controller_interfaces/controller_interfaces/srv
-- Up-to-date: /home/kireiji/RoboticsDev_ws/install/controller_interfaces/include/controller_interfaces/controller_interfaces/srv/detail
-- Up-to-date: /home/kireiji/RoboticsDev_ws/install/controller_interfaces/include/controller_interfaces/controller_interfaces/srv/detail/set_target__rosidl_typesupport_fastrtps_cpp.hpp
-- Up-to-date: /home/kireiji/RoboticsDev_ws/install/controller_interfaces/include/controller_interfaces/controller_interfaces/srv/detail/dds_fastrtps
-- Up-to-date: /home/kireiji/RoboticsDev_ws/install/controller_interfaces/include/controller_interfaces/controller_interfaces/srv/detail/set_param__rosidl_typesupport_fastrtps_cpp.hpp
-- Installing: /home/kireiji/RoboticsDev_ws/install/controller_interfaces/lib/libcontroller_interfaces__rosidl_typesupport_fastrtps_cpp.so
-- Set runtime path of "/home/kireiji/RoboticsDev_ws/install/controller_interfaces/lib/libcontroller_interfaces__rosidl_typesupport_fastrtps_cpp.so" to ""
-- Up-to-date: /home/kireiji/RoboticsDev_ws/install/controller_interfaces/include/controller_interfaces/controller_interfaces
-- Up-to-date: /home/kireiji/RoboticsDev_ws/install/controller_interfaces/include/controller_interfaces/controller_interfaces/msg
-- Up-to-date: /home/kireiji/RoboticsDev_ws/install/controller_interfaces/include/controller_interfaces/controller_interfaces/msg/rosidl_typesupport_introspection_c__visibility_control.h
-- Up-to-date: /home/kireiji/RoboticsDev_ws/install/controller_interfaces/include/controller_interfaces/controller_interfaces/srv
-- Up-to-date: /home/kireiji/RoboticsDev_ws/install/controller_interfaces/include/controller_interfaces/controller_interfaces/srv/detail
-- Up-to-date: /home/kireiji/RoboticsDev_ws/install/controller_interfaces/include/controller_interfaces/controller_interfaces/srv/detail/set_param__type_support.c
-- Up-to-date: /home/kireiji/RoboticsDev_ws/install/controller_interfaces/include/controller_interfaces/controller_interfaces/srv/detail/set_target__rosidl_typesupport_introspection_c.h
-- Up-to-date: /home/kireiji/RoboticsDev_ws/install/controller_interfaces/include/controller_interfaces/controller_interfaces/srv/detail/set_target__type_support.c
-- Up-to-date: /home/kireiji/RoboticsDev_ws/install/controller_interfaces/include/controller_interfaces/controller_interfaces/srv/detail/set_param__rosidl_typesupport_introspection_c.h
-- Installing: /home/kireiji/RoboticsDev_ws/install/controller_interfaces/lib/libcontroller_interfaces__rosidl_typesupport_introspection_c.so
-- Set runtime path of "/home/kireiji/RoboticsDev_ws/install/controller_interfaces/lib/libcontroller_interfaces__rosidl_typesupport_introspection_c.so" to ""
-- Installing: /home/kireiji/RoboticsDev_ws/install/controller_interfaces/lib/libcontroller_interfaces__rosidl_typesupport_c.so
-- Set runtime path of "/home/kireiji/RoboticsDev_ws/install/controller_interfaces/lib/libcontroller_interfaces__rosidl_typesupport_c.so" to ""
-- Up-to-date: /home/kireiji/RoboticsDev_ws/install/controller_interfaces/include/controller_interfaces/controller_interfaces
-- Up-to-date: /home/kireiji/RoboticsDev_ws/install/controller_interfaces/include/controller_interfaces/controller_interfaces/srv
-- Up-to-date: /home/kireiji/RoboticsDev_ws/install/controller_interfaces/include/controller_interfaces/controller_interfaces/srv/detail
-- Up-to-date: /home/kireiji/RoboticsDev_ws/install/controller_interfaces/include/controller_interfaces/controller_interfaces/srv/detail/set_param__rosidl_typesupport_introspection_cpp.hpp
-- Up-to-date: /home/kireiji/RoboticsDev_ws/install/controller_interfaces/include/controller_interfaces/controller_interfaces/srv/detail/set_target__rosidl_typesupport_introspection_cpp.hpp
-- Up-to-date: /home/kireiji/RoboticsDev_ws/install/controller_interfaces/include/controller_interfaces/controller_interfaces/srv/detail/set_param__type_support.cpp
-- Up-to-date: /home/kireiji/RoboticsDev_ws/install/controller_interfaces/include/controller_interfaces/controller_interfaces/srv/detail/set_target__type_support.cpp
-- Installing: /home/kireiji/RoboticsDev_ws/install/controller_interfaces/lib/libcontroller_interfaces__rosidl_typesupport_introspection_cpp.so
-- Set runtime path of "/home/kireiji/RoboticsDev_ws/install/controller_interfaces/lib/libcontroller_interfaces__rosidl_typesupport_introspection_cpp.so" to ""
-- Installing: /home/kireiji/RoboticsDev_ws/install/controller_interfaces/lib/libcontroller_interfaces__rosidl_typesupport_cpp.so
-- Set runtime path of "/home/kireiji/RoboticsDev_ws/install/controller_interfaces/lib/libcontroller_interfaces__rosidl_typesupport_cpp.so" to ""
-- Up-to-date: /home/kireiji/RoboticsDev_ws/install/controller_interfaces/share/controller_interfaces/environment/pythonpath.sh
-- Installing: /home/kireiji/RoboticsDev_ws/install/controller_interfaces/share/controller_interfaces/environment/pythonpath.dsv
-- Up-to-date: /home/kireiji/RoboticsDev_ws/install/controller_interfaces/lib/python3.10/site-packages/controller_interfaces-0.0.0-py3.10.egg-info
-- Installing: /home/kireiji/RoboticsDev_ws/install/controller_interfaces/lib/python3.10/site-packages/controller_interfaces-0.0.0-py3.10.egg-info/PKG-INFO
-- Installing: /home/kireiji/RoboticsDev_ws/install/controller_interfaces/lib/python3.10/site-packages/controller_interfaces-0.0.0-py3.10.egg-info/dependency_links.txt
-- Installing: /home/kireiji/RoboticsDev_ws/install/controller_interfaces/lib/python3.10/site-packages/controller_interfaces-0.0.0-py3.10.egg-info/top_level.txt
-- Installing: /home/kireiji/RoboticsDev_ws/install/controller_interfaces/lib/python3.10/site-packages/controller_interfaces-0.0.0-py3.10.egg-info/SOURCES.txt
-- Up-to-date: /home/kireiji/RoboticsDev_ws/install/controller_interfaces/lib/python3.10/site-packages/controller_interfaces
-- Installing: /home/kireiji/RoboticsDev_ws/install/controller_interfaces/lib/python3.10/site-packages/controller_interfaces/__init__.py
-- Up-to-date: /home/kireiji/RoboticsDev_ws/install/controller_interfaces/lib/python3.10/site-packages/controller_interfaces/_controller_interfaces_s.ep.rosidl_typesupport_introspection_c.c
-- Up-to-date: /home/kireiji/RoboticsDev_ws/install/controller_interfaces/lib/python3.10/site-packages/controller_interfaces/_controller_interfaces_s.ep.rosidl_typesupport_fastrtps_c.c
-- Installing: /home/kireiji/RoboticsDev_ws/install/controller_interfaces/lib/python3.10/site-packages/controller_interfaces/controller_interfaces_s__rosidl_typesupport_introspection_c.cpython-310-x86_64-linux-gnu.so
-- Installing: /home/kireiji/RoboticsDev_ws/install/controller_interfaces/lib/python3.10/site-packages/controller_interfaces/libcontroller_interfaces__rosidl_generator_py.so
-- Installing: /home/kireiji/RoboticsDev_ws/install/controller_interfaces/lib/python3.10/site-packages/controller_interfaces/controller_interfaces_s__rosidl_typesupport_c.cpython-310-x86_64-linux-gnu.so
-- Up-to-date: /home/kireiji/RoboticsDev_ws/install/controller_interfaces/lib/python3.10/site-packages/controller_interfaces/srv
-- Up-to-date: /home/kireiji/RoboticsDev_ws/install/controller_interfaces/lib/python3.10/site-packages/controller_interfaces/srv/_set_target.py
-- Up-to-date: /home/kireiji/RoboticsDev_ws/install/controller_interfaces/lib/python3.10/site-packages/controller_interfaces/srv/__init__.py
-- Up-to-date: /home/kireiji/RoboticsDev_ws/install/controller_interfaces/lib/python3.10/site-packages/controller_interfaces/srv/_set_target_s.c
-- Up-to-date: /home/kireiji/RoboticsDev_ws/install/controller_interfaces/lib/python3.10/site-packages/controller_interfaces/srv/_set_param.py
-- Up-to-date: /home/kireiji/RoboticsDev_ws/install/controller_interfaces/lib/python3.10/site-packages/controller_interfaces/srv/_set_param_s.c
-- Installing: /home/kireiji/RoboticsDev_ws/install/controller_interfaces/lib/python3.10/site-packages/controller_interfaces/controller_interfaces_s__rosidl_typesupport_fastrtps_c.cpython-310-x86_64-linux-gnu.so
-- Up-to-date: /home/kireiji/RoboticsDev_ws/install/controller_interfaces/lib/python3.10/site-packages/controller_interfaces/_controller_interfaces_s.ep.rosidl_typesupport_c.c
Listing '/home/kireiji/RoboticsDev_ws/install/controller_interfaces/lib/python3.10/site-packages/controller_interfaces'...
Compiling '/home/kireiji/RoboticsDev_ws/install/controller_interfaces/lib/python3.10/site-packages/controller_interfaces/__init__.py'...
Listing '/home/kireiji/RoboticsDev_ws/install/controller_interfaces/lib/python3.10/site-packages/controller_interfaces/srv'...
-- Installing: /home/kireiji/RoboticsDev_ws/install/controller_interfaces/lib/python3.10/site-packages/controller_interfaces/controller_interfaces_s__rosidl_typesupport_fastrtps_c.cpython-310-x86_64-linux-gnu.so
-- Set runtime path of "/home/kireiji/RoboticsDev_ws/install/controller_interfaces/lib/python3.10/site-packages/controller_interfaces/controller_interfaces_s__rosidl_typesupport_fastrtps_c.cpython-310-x86_64-linux-gnu.so" to ""
-- Installing: /home/kireiji/RoboticsDev_ws/install/controller_interfaces/lib/python3.10/site-packages/controller_interfaces/controller_interfaces_s__rosidl_typesupport_introspection_c.cpython-310-x86_64-linux-gnu.so
-- Set runtime path of "/home/kireiji/RoboticsDev_ws/install/controller_interfaces/lib/python3.10/site-packages/controller_interfaces/controller_interfaces_s__rosidl_typesupport_introspection_c.cpython-310-x86_64-linux-gnu.so" to ""
-- Installing: /home/kireiji/RoboticsDev_ws/install/controller_interfaces/lib/python3.10/site-packages/controller_interfaces/controller_interfaces_s__rosidl_typesupport_c.cpython-310-x86_64-linux-gnu.so
-- Set runtime path of "/home/kireiji/RoboticsDev_ws/install/controller_interfaces/lib/python3.10/site-packages/controller_interfaces/controller_interfaces_s__rosidl_typesupport_c.cpython-310-x86_64-linux-gnu.so" to ""
-- Installing: /home/kireiji/RoboticsDev_ws/install/controller_interfaces/lib/libcontroller_interfaces__rosidl_generator_py.so
-- Set runtime path of "/home/kireiji/RoboticsDev_ws/install/controller_interfaces/lib/libcontroller_interfaces__rosidl_generator_py.so" to ""
-- Up-to-date: /home/kireiji/RoboticsDev_ws/install/controller_interfaces/share/controller_interfaces/srv/SetParam.idl
-- Up-to-date: /home/kireiji/RoboticsDev_ws/install/controller_interfaces/share/controller_interfaces/srv/SetTarget.idl
-- Up-to-date: /home/kireiji/RoboticsDev_ws/install/controller_interfaces/share/controller_interfaces/srv/SetParam.srv
-- Up-to-date: /home/kireiji/RoboticsDev_ws/install/controller_interfaces/share/controller_interfaces/srv/SetParam_Request.msg
-- Up-to-date: /home/kireiji/RoboticsDev_ws/install/controller_interfaces/share/controller_interfaces/srv/SetParam_Response.msg
-- Up-to-date: /home/kireiji/RoboticsDev_ws/install/controller_interfaces/share/controller_interfaces/srv/SetTarget.srv
-- Up-to-date: /home/kireiji/RoboticsDev_ws/install/controller_interfaces/share/controller_interfaces/srv/SetTarget_Request.msg
-- Up-to-date: /home/kireiji/RoboticsDev_ws/install/controller_interfaces/share/controller_interfaces/srv/SetTarget_Response.msg
-- Up-to-date: /home/kireiji/RoboticsDev_ws/install/controller_interfaces/share/ament_index/resource_index/package_run_dependencies/controller_interfaces
-- Up-to-date: /home/kireiji/RoboticsDev_ws/install/controller_interfaces/share/ament_index/resource_index/parent_prefix_path/controller_interfaces
-- Up-to-date: /home/kireiji/RoboticsDev_ws/install/controller_interfaces/share/controller_interfaces/environment/ament_prefix_path.sh
-- Installing: /home/kireiji/RoboticsDev_ws/install/controller_interfaces/share/controller_interfaces/environment/ament_prefix_path.dsv
-- Up-to-date: /home/kireiji/RoboticsDev_ws/install/controller_interfaces/share/controller_interfaces/environment/path.sh
-- Installing: /home/kireiji/RoboticsDev_ws/install/controller_interfaces/share/controller_interfaces/environment/path.dsv
-- Up-to-date: /home/kireiji/RoboticsDev_ws/install/controller_interfaces/share/controller_interfaces/local_setup.bash
-- Up-to-date: /home/kireiji/RoboticsDev_ws/install/controller_interfaces/share/controller_interfaces/local_setup.sh
-- Up-to-date: /home/kireiji/RoboticsDev_ws/install/controller_interfaces/share/controller_interfaces/local_setup.zsh
-- Installing: /home/kireiji/RoboticsDev_ws/install/controller_interfaces/share/controller_interfaces/local_setup.dsv
-- Installing: /home/kireiji/RoboticsDev_ws/install/controller_interfaces/share/controller_interfaces/package.dsv
-- Up-to-date: /home/kireiji/RoboticsDev_ws/install/controller_interfaces/share/ament_index/resource_index/packages/controller_interfaces
-- Old export file "/home/kireiji/RoboticsDev_ws/install/controller_interfaces/share/controller_interfaces/cmake/export_controller_interfaces__rosidl_generator_cExport.cmake" will be replaced.  Removing files [/home/kireiji/RoboticsDev_ws/install/controller_interfaces/share/controller_interfaces/cmake/export_controller_interfaces__rosidl_generator_cExport-noconfig.cmake].
-- Installing: /home/kireiji/RoboticsDev_ws/install/controller_interfaces/share/controller_interfaces/cmake/export_controller_interfaces__rosidl_generator_cExport.cmake
-- Installing: /home/kireiji/RoboticsDev_ws/install/controller_interfaces/share/controller_interfaces/cmake/export_controller_interfaces__rosidl_generator_cExport-noconfig.cmake
-- Old export file "/home/kireiji/RoboticsDev_ws/install/controller_interfaces/share/controller_interfaces/cmake/export_controller_interfaces__rosidl_typesupport_fastrtps_cExport.cmake" will be replaced.  Removing files [/home/kireiji/RoboticsDev_ws/install/controller_interfaces/share/controller_interfaces/cmake/export_controller_interfaces__rosidl_typesupport_fastrtps_cExport-noconfig.cmake].
-- Installing: /home/kireiji/RoboticsDev_ws/install/controller_interfaces/share/controller_interfaces/cmake/export_controller_interfaces__rosidl_typesupport_fastrtps_cExport.cmake
-- Installing: /home/kireiji/RoboticsDev_ws/install/controller_interfaces/share/controller_interfaces/cmake/export_controller_interfaces__rosidl_typesupport_fastrtps_cExport-noconfig.cmake
-- Installing: /home/kireiji/RoboticsDev_ws/install/controller_interfaces/share/controller_interfaces/cmake/export_controller_interfaces__rosidl_generator_cppExport.cmake
-- Old export file "/home/kireiji/RoboticsDev_ws/install/controller_interfaces/share/controller_interfaces/cmake/export_controller_interfaces__rosidl_typesupport_fastrtps_cppExport.cmake" will be replaced.  Removing files [/home/kireiji/RoboticsDev_ws/install/controller_interfaces/share/controller_interfaces/cmake/export_controller_interfaces__rosidl_typesupport_fastrtps_cppExport-noconfig.cmake].
-- Installing: /home/kireiji/RoboticsDev_ws/install/controller_interfaces/share/controller_interfaces/cmake/export_controller_interfaces__rosidl_typesupport_fastrtps_cppExport.cmake
-- Installing: /home/kireiji/RoboticsDev_ws/install/controller_interfaces/share/controller_interfaces/cmake/export_controller_interfaces__rosidl_typesupport_fastrtps_cppExport-noconfig.cmake
-- Old export file "/home/kireiji/RoboticsDev_ws/install/controller_interfaces/share/controller_interfaces/cmake/controller_interfaces__rosidl_typesupport_introspection_cExport.cmake" will be replaced.  Removing files [/home/kireiji/RoboticsDev_ws/install/controller_interfaces/share/controller_interfaces/cmake/controller_interfaces__rosidl_typesupport_introspection_cExport-noconfig.cmake].
-- Installing: /home/kireiji/RoboticsDev_ws/install/controller_interfaces/share/controller_interfaces/cmake/controller_interfaces__rosidl_typesupport_introspection_cExport.cmake
-- Installing: /home/kireiji/RoboticsDev_ws/install/controller_interfaces/share/controller_interfaces/cmake/controller_interfaces__rosidl_typesupport_introspection_cExport-noconfig.cmake
-- Old export file "/home/kireiji/RoboticsDev_ws/install/controller_interfaces/share/controller_interfaces/cmake/controller_interfaces__rosidl_typesupport_cExport.cmake" will be replaced.  Removing files [/home/kireiji/RoboticsDev_ws/install/controller_interfaces/share/controller_interfaces/cmake/controller_interfaces__rosidl_typesupport_cExport-noconfig.cmake].
-- Installing: /home/kireiji/RoboticsDev_ws/install/controller_interfaces/share/controller_interfaces/cmake/controller_interfaces__rosidl_typesupport_cExport.cmake
-- Installing: /home/kireiji/RoboticsDev_ws/install/controller_interfaces/share/controller_interfaces/cmake/controller_interfaces__rosidl_typesupport_cExport-noconfig.cmake
-- Old export file "/home/kireiji/RoboticsDev_ws/install/controller_interfaces/share/controller_interfaces/cmake/controller_interfaces__rosidl_typesupport_introspection_cppExport.cmake" will be replaced.  Removing files [/home/kireiji/RoboticsDev_ws/install/controller_interfaces/share/controller_interfaces/cmake/controller_interfaces__rosidl_typesupport_introspection_cppExport-noconfig.cmake].
-- Installing: /home/kireiji/RoboticsDev_ws/install/controller_interfaces/share/controller_interfaces/cmake/controller_interfaces__rosidl_typesupport_introspection_cppExport.cmake
-- Installing: /home/kireiji/RoboticsDev_ws/install/controller_interfaces/share/controller_interfaces/cmake/controller_interfaces__rosidl_typesupport_introspection_cppExport-noconfig.cmake
-- Old export file "/home/kireiji/RoboticsDev_ws/install/controller_interfaces/share/controller_interfaces/cmake/controller_interfaces__rosidl_typesupport_cppExport.cmake" will be replaced.  Removing files [/home/kireiji/RoboticsDev_ws/install/controller_interfaces/share/controller_interfaces/cmake/controller_interfaces__rosidl_typesupport_cppExport-noconfig.cmake].
-- Installing: /home/kireiji/RoboticsDev_ws/install/controller_interfaces/share/controller_interfaces/cmake/controller_interfaces__rosidl_typesupport_cppExport.cmake
-- Installing: /home/kireiji/RoboticsDev_ws/install/controller_interfaces/share/controller_interfaces/cmake/controller_interfaces__rosidl_typesupport_cppExport-noconfig.cmake
-- Old export file "/home/kireiji/RoboticsDev_ws/install/controller_interfaces/share/controller_interfaces/cmake/export_controller_interfaces__rosidl_generator_pyExport.cmake" will be replaced.  Removing files [/home/kireiji/RoboticsDev_ws/install/controller_interfaces/share/controller_interfaces/cmake/export_controller_interfaces__rosidl_generator_pyExport-noconfig.cmake].
-- Installing: /home/kireiji/RoboticsDev_ws/install/controller_interfaces/share/controller_interfaces/cmake/export_controller_interfaces__rosidl_generator_pyExport.cmake
-- Installing: /home/kireiji/RoboticsDev_ws/install/controller_interfaces/share/controller_interfaces/cmake/export_controller_interfaces__rosidl_generator_pyExport-noconfig.cmake
-- Up-to-date: /home/kireiji/RoboticsDev_ws/install/controller_interfaces/share/controller_interfaces/cmake/rosidl_cmake-extras.cmake
-- Installing: /home/kireiji/RoboticsDev_ws/install/controller_interfaces/share/controller_interfaces/cmake/ament_cmake_export_dependencies-extras.cmake
-- Up-to-date: /home/kireiji/RoboticsDev_ws/install/controller_interfaces/share/controller_interfaces/cmake/ament_cmake_export_include_directories-extras.cmake
-- Up-to-date: /home/kireiji/RoboticsDev_ws/install/controller_interfaces/share/controller_interfaces/cmake/ament_cmake_export_libraries-extras.cmake
-- Up-to-date: /home/kireiji/RoboticsDev_ws/install/controller_interfaces/share/controller_interfaces/cmake/ament_cmake_export_targets-extras.cmake
-- Up-to-date: /home/kireiji/RoboticsDev_ws/install/controller_interfaces/share/controller_interfaces/cmake/rosidl_cmake_export_typesupport_targets-extras.cmake
-- Up-to-date: /home/kireiji/RoboticsDev_ws/install/controller_interfaces/share/controller_interfaces/cmake/rosidl_cmake_export_typesupport_libraries-extras.cmake
-- Up-to-date: /home/kireiji/RoboticsDev_ws/install/controller_interfaces/share/controller_interfaces/cmake/controller_interfacesConfig.cmake
-- Up-to-date: /home/kireiji/RoboticsDev_ws/install/controller_interfaces/share/controller_interfaces/cmake/controller_interfacesConfig-version.cmake
-- Up-to-date: /home/kireiji/RoboticsDev_ws/install/controller_interfaces/share/controller_interfaces/package.xml
