[0.008s] Invoking command in '/home/kireiji/RoboticsDev_ws/build/controller_interfaces': CMAKE_PREFIX_PATH=${CMAKE_PREFIX_PATH}:/home/kireiji/RoboticsDev_ws/install/turtlesim_plus:/home/kireiji/RoboticsDev_ws/install/launch_testing_examples:/home/kireiji/RoboticsDev_ws/install/examples_rclpy_pointcloud_publisher:/home/kireiji/RoboticsDev_ws/install/examples_rclpy_minimal_subscriber:/home/kireiji/RoboticsDev_ws/install/examples_rclpy_minimal_service:/home/kireiji/RoboticsDev_ws/install/examples_rclpy_minimal_publisher:/home/kireiji/RoboticsDev_ws/install/examples_rclpy_minimal_client:/home/kireiji/RoboticsDev_ws/install/examples_rclpy_minimal_action_server:/home/kireiji/RoboticsDev_ws/install/examples_rclpy_minimal_action_client:/home/kireiji/RoboticsDev_ws/install/examples_rclpy_guard_conditions:/home/kireiji/RoboticsDev_ws/install/examples_rclpy_executors:/home/kireiji/ros2_ws/install/my_py_pkg:/opt/ros/humble /usr/bin/cmake --build /home/kireiji/RoboticsDev_ws/build/controller_interfaces -- -j16 -l16
[0.025s] -- Found ament_cmake: 1.3.10 (/opt/ros/humble/share/ament_cmake/cmake)
[0.126s] -- Found std_msgs: 4.2.4 (/opt/ros/humble/share/std_msgs/cmake)
[0.141s] -- Found rosidl_generator_c: 3.1.5 (/opt/ros/humble/share/rosidl_generator_c/cmake)
[0.142s] -- Found rosidl_adapter: 3.1.5 (/opt/ros/humble/share/rosidl_adapter/cmake)
[0.146s] -- Found rosidl_generator_cpp: 3.1.5 (/opt/ros/humble/share/rosidl_generator_cpp/cmake)
[0.152s] -- Using all available rosidl_typesupport_c: rosidl_typesupport_fastrtps_c;rosidl_typesupport_introspection_c
[0.160s] -- Using all available rosidl_typesupport_cpp: rosidl_typesupport_fastrtps_cpp;rosidl_typesupport_introspection_cpp
[0.173s] -- Found geometry_msgs: 4.2.4 (/opt/ros/humble/share/geometry_msgs/cmake)
[0.180s] -- Found rosidl_default_generators: 1.2.0 (/opt/ros/humble/share/rosidl_default_generators/cmake)
[0.186s] -- Found ament_lint_auto: 0.12.11 (/opt/ros/humble/share/ament_lint_auto/cmake)
[0.425s] -- Found ament_cmake_ros: 0.10.0 (/opt/ros/humble/share/ament_cmake_ros/cmake)
[0.717s] -- Using all available rosidl_typesupport_c: rosidl_typesupport_fastrtps_c;rosidl_typesupport_introspection_c
[0.834s] -- Using all available rosidl_typesupport_cpp: rosidl_typesupport_fastrtps_cpp;rosidl_typesupport_introspection_cpp
[0.853s] -- Found python_cmake_module: 0.10.0 (/opt/ros/humble/share/python_cmake_module/cmake)
[0.872s] -- Using PYTHON_EXECUTABLE: /usr/local/bin/python3
[0.872s] -- Using PYTHON_INCLUDE_DIRS: /usr/local/include/python3.10
[0.872s] -- Using PYTHON_LIBRARIES: /usr/local/lib/libpython3.10.a
[0.979s] -- Using numpy include directory: /home/kireiji/.local/lib/python3.10/site-packages/numpy/_core/include
[0.999s] -- Added test 'lint_cmake' to check CMake code style
[0.999s] -- Added test 'xmllint' to check XML markup files
[1.001s] -- Configuring done
[1.021s] -- Generating done
[1.022s] -- Build files have been written to: /home/kireiji/RoboticsDev_ws/build/controller_interfaces
[1.040s] [35m[1mConsolidate compiler generated dependencies of target controller_interfaces__rosidl_generator_c[0m
[1.046s] [  2%] Built target controller_interfaces__cpp
[1.047s] [  5%] [32m[1mLinking C shared library libcontroller_interfaces__rosidl_generator_c.so[0m
[1.053s] [35m[1mConsolidate compiler generated dependencies of target controller_interfaces__rosidl_typesupport_cpp[0m
[1.053s] [35m[1mConsolidate compiler generated dependencies of target controller_interfaces__rosidl_typesupport_fastrtps_cpp[0m
[1.053s] [35m[1mConsolidate compiler generated dependencies of target controller_interfaces__rosidl_typesupport_introspection_cpp[0m
[1.059s] [  5%] Built target ament_cmake_python_copy_controller_interfaces
[1.061s] [ 10%] [32m[1mLinking CXX shared library libcontroller_interfaces__rosidl_typesupport_cpp.so[0m
[1.061s] [ 10%] [32m[1mLinking CXX shared library libcontroller_interfaces__rosidl_typesupport_introspection_cpp.so[0m
[1.062s] [ 12%] [32m[1mLinking CXX shared library libcontroller_interfaces__rosidl_typesupport_fastrtps_cpp.so[0m
[1.072s] [ 20%] Built target controller_interfaces__rosidl_generator_c
[1.080s] [35m[1mConsolidate compiler generated dependencies of target controller_interfaces__rosidl_typesupport_c[0m
[1.080s] [35m[1mConsolidate compiler generated dependencies of target controller_interfaces__rosidl_typesupport_fastrtps_c[0m
[1.081s] [35m[1mConsolidate compiler generated dependencies of target controller_interfaces__rosidl_typesupport_introspection_c[0m
[1.089s] [ 33%] [32m[1mLinking CXX shared library libcontroller_interfaces__rosidl_typesupport_fastrtps_c.so[0m
[1.089s] [ 33%] [32m[1mLinking CXX shared library libcontroller_interfaces__rosidl_typesupport_c.so[0m
[1.089s] [ 33%] [32m[1mLinking C shared library libcontroller_interfaces__rosidl_typesupport_introspection_c.so[0m
[1.089s] [ 35%] Built target controller_interfaces__rosidl_typesupport_cpp
[1.108s] [ 43%] Built target controller_interfaces__rosidl_typesupport_introspection_cpp
[1.113s] [ 51%] Built target controller_interfaces__rosidl_typesupport_introspection_c
[1.115s] [ 58%] Built target controller_interfaces__rosidl_typesupport_fastrtps_cpp
[1.119s] [ 66%] Built target controller_interfaces__rosidl_typesupport_c
[1.141s] [ 74%] Built target controller_interfaces__rosidl_typesupport_fastrtps_c
[1.154s] [ 74%] Built target controller_interfaces
[1.167s] [ 76%] Built target controller_interfaces__py
[1.173s] [35m[1mConsolidate compiler generated dependencies of target controller_interfaces__rosidl_generator_py[0m
[1.181s] [ 79%] [32m[1mLinking C shared library rosidl_generator_py/controller_interfaces/libcontroller_interfaces__rosidl_generator_py.so[0m
[1.233s] running egg_info
[1.235s] writing manifest file 'controller_interfaces.egg-info/SOURCES.txt'
[1.253s] [ 79%] Built target ament_cmake_python_build_controller_interfaces_egg
[1.314s] [ 84%] Built target controller_interfaces__rosidl_generator_py
[1.321s] [35m[1mConsolidate compiler generated dependencies of target controller_interfaces__rosidl_typesupport_c__pyext[0m
[1.321s] [35m[1mConsolidate compiler generated dependencies of target controller_interfaces__rosidl_typesupport_introspection_c__pyext[0m
[1.321s] [35m[1mConsolidate compiler generated dependencies of target controller_interfaces__rosidl_typesupport_fastrtps_c__pyext[0m
[1.329s] [ 92%] [32mBuilding C object CMakeFiles/controller_interfaces__rosidl_typesupport_introspection_c__pyext.dir/rosidl_generator_py/controller_interfaces/_controller_interfaces_s.ep.rosidl_typesupport_introspection_c.c.o[0m
[1.329s] [ 92%] [32mBuilding C object CMakeFiles/controller_interfaces__rosidl_typesupport_c__pyext.dir/rosidl_generator_py/controller_interfaces/_controller_interfaces_s.ep.rosidl_typesupport_c.c.o[0m
[1.329s] [ 92%] [32mBuilding C object CMakeFiles/controller_interfaces__rosidl_typesupport_fastrtps_c__pyext.dir/rosidl_generator_py/controller_interfaces/_controller_interfaces_s.ep.rosidl_typesupport_fastrtps_c.c.o[0m
[1.396s] [ 97%] [32m[1mLinking C shared library rosidl_generator_py/controller_interfaces/controller_interfaces_s__rosidl_typesupport_c.cpython-310-x86_64-linux-gnu.so[0m
[1.396s] [ 97%] [32m[1mLinking C shared library rosidl_generator_py/controller_interfaces/controller_interfaces_s__rosidl_typesupport_fastrtps_c.cpython-310-x86_64-linux-gnu.so[0m
[1.397s] [100%] [32m[1mLinking C shared library rosidl_generator_py/controller_interfaces/controller_interfaces_s__rosidl_typesupport_introspection_c.cpython-310-x86_64-linux-gnu.so[0m
[1.422s] [100%] Built target controller_interfaces__rosidl_typesupport_c__pyext
[1.422s] [100%] Built target controller_interfaces__rosidl_typesupport_fastrtps_c__pyext
[1.422s] [100%] Built target controller_interfaces__rosidl_typesupport_introspection_c__pyext
[1.429s] Invoked command in '/home/kireiji/RoboticsDev_ws/build/controller_interfaces' returned '0': CMAKE_PREFIX_PATH=${CMAKE_PREFIX_PATH}:/home/kireiji/RoboticsDev_ws/install/turtlesim_plus:/home/kireiji/RoboticsDev_ws/install/launch_testing_examples:/home/kireiji/RoboticsDev_ws/install/examples_rclpy_pointcloud_publisher:/home/kireiji/RoboticsDev_ws/install/examples_rclpy_minimal_subscriber:/home/kireiji/RoboticsDev_ws/install/examples_rclpy_minimal_service:/home/kireiji/RoboticsDev_ws/install/examples_rclpy_minimal_publisher:/home/kireiji/RoboticsDev_ws/install/examples_rclpy_minimal_client:/home/kireiji/RoboticsDev_ws/install/examples_rclpy_minimal_action_server:/home/kireiji/RoboticsDev_ws/install/examples_rclpy_minimal_action_client:/home/kireiji/RoboticsDev_ws/install/examples_rclpy_guard_conditions:/home/kireiji/RoboticsDev_ws/install/examples_rclpy_executors:/home/kireiji/ros2_ws/install/my_py_pkg:/opt/ros/humble /usr/bin/cmake --build /home/kireiji/RoboticsDev_ws/build/controller_interfaces -- -j16 -l16
[1.495s] Invoking command in '/home/kireiji/RoboticsDev_ws/build/controller_interfaces': CMAKE_PREFIX_PATH=${CMAKE_PREFIX_PATH}:/home/kireiji/RoboticsDev_ws/install/turtlesim_plus:/home/kireiji/RoboticsDev_ws/install/launch_testing_examples:/home/kireiji/RoboticsDev_ws/install/examples_rclpy_pointcloud_publisher:/home/kireiji/RoboticsDev_ws/install/examples_rclpy_minimal_subscriber:/home/kireiji/RoboticsDev_ws/install/examples_rclpy_minimal_service:/home/kireiji/RoboticsDev_ws/install/examples_rclpy_minimal_publisher:/home/kireiji/RoboticsDev_ws/install/examples_rclpy_minimal_client:/home/kireiji/RoboticsDev_ws/install/examples_rclpy_minimal_action_server:/home/kireiji/RoboticsDev_ws/install/examples_rclpy_minimal_action_client:/home/kireiji/RoboticsDev_ws/install/examples_rclpy_guard_conditions:/home/kireiji/RoboticsDev_ws/install/examples_rclpy_executors:/home/kireiji/ros2_ws/install/my_py_pkg:/opt/ros/humble /usr/bin/cmake --install /home/kireiji/RoboticsDev_ws/build/controller_interfaces
[1.500s] -- Install configuration: ""
[1.500s] -- Up-to-date: /home/kireiji/RoboticsDev_ws/install/controller_interfaces/share/ament_index/resource_index/rosidl_interfaces/controller_interfaces
[1.500s] -- Up-to-date: /home/kireiji/RoboticsDev_ws/install/controller_interfaces/include/controller_interfaces/controller_interfaces
[1.500s] -- Up-to-date: /home/kireiji/RoboticsDev_ws/install/controller_interfaces/include/controller_interfaces/controller_interfaces/msg
[1.500s] -- Up-to-date: /home/kireiji/RoboticsDev_ws/install/controller_interfaces/include/controller_interfaces/controller_interfaces/msg/rosidl_generator_c__visibility_control.h
[1.500s] -- Up-to-date: /home/kireiji/RoboticsDev_ws/install/controller_interfaces/include/controller_interfaces/controller_interfaces/srv
[1.500s] -- Up-to-date: /home/kireiji/RoboticsDev_ws/install/controller_interfaces/include/controller_interfaces/controller_interfaces/srv/set_param.h
[1.500s] -- Up-to-date: /home/kireiji/RoboticsDev_ws/install/controller_interfaces/include/controller_interfaces/controller_interfaces/srv/detail
[1.500s] -- Up-to-date: /home/kireiji/RoboticsDev_ws/install/controller_interfaces/include/controller_interfaces/controller_interfaces/srv/detail/set_param__functions.h
[1.500s] -- Up-to-date: /home/kireiji/RoboticsDev_ws/install/controller_interfaces/include/controller_interfaces/controller_interfaces/srv/detail/set_param__struct.h
[1.500s] -- Up-to-date: /home/kireiji/RoboticsDev_ws/install/controller_interfaces/include/controller_interfaces/controller_interfaces/srv/detail/set_param__functions.c
[1.500s] -- Up-to-date: /home/kireiji/RoboticsDev_ws/install/controller_interfaces/include/controller_interfaces/controller_interfaces/srv/detail/set_target__type_support.h
[1.500s] -- Up-to-date: /home/kireiji/RoboticsDev_ws/install/controller_interfaces/include/controller_interfaces/controller_interfaces/srv/detail/set_param__type_support.h
[1.500s] -- Up-to-date: /home/kireiji/RoboticsDev_ws/install/controller_interfaces/include/controller_interfaces/controller_interfaces/srv/detail/set_target__struct.h
[1.500s] -- Up-to-date: /home/kireiji/RoboticsDev_ws/install/controller_interfaces/include/controller_interfaces/controller_interfaces/srv/detail/set_target__functions.h
[1.500s] -- Up-to-date: /home/kireiji/RoboticsDev_ws/install/controller_interfaces/include/controller_interfaces/controller_interfaces/srv/detail/set_target__functions.c
[1.500s] -- Up-to-date: /home/kireiji/RoboticsDev_ws/install/controller_interfaces/include/controller_interfaces/controller_interfaces/srv/set_target.h
[1.500s] -- Up-to-date: /home/kireiji/RoboticsDev_ws/install/controller_interfaces/share/controller_interfaces/environment/library_path.sh
[1.500s] -- Installing: /home/kireiji/RoboticsDev_ws/install/controller_interfaces/share/controller_interfaces/environment/library_path.dsv
[1.500s] -- Installing: /home/kireiji/RoboticsDev_ws/install/controller_interfaces/lib/libcontroller_interfaces__rosidl_generator_c.so
[1.500s] -- Set runtime path of "/home/kireiji/RoboticsDev_ws/install/controller_interfaces/lib/libcontroller_interfaces__rosidl_generator_c.so" to ""
[1.500s] -- Up-to-date: /home/kireiji/RoboticsDev_ws/install/controller_interfaces/include/controller_interfaces/controller_interfaces
[1.500s] -- Up-to-date: /home/kireiji/RoboticsDev_ws/install/controller_interfaces/include/controller_interfaces/controller_interfaces/msg
[1.501s] -- Up-to-date: /home/kireiji/RoboticsDev_ws/install/controller_interfaces/include/controller_interfaces/controller_interfaces/msg/rosidl_typesupport_fastrtps_c__visibility_control.h
[1.501s] -- Up-to-date: /home/kireiji/RoboticsDev_ws/install/controller_interfaces/include/controller_interfaces/controller_interfaces/srv
[1.501s] -- Up-to-date: /home/kireiji/RoboticsDev_ws/install/controller_interfaces/include/controller_interfaces/controller_interfaces/srv/detail
[1.501s] -- Up-to-date: /home/kireiji/RoboticsDev_ws/install/controller_interfaces/include/controller_interfaces/controller_interfaces/srv/detail/set_param__rosidl_typesupport_fastrtps_c.h
[1.501s] -- Up-to-date: /home/kireiji/RoboticsDev_ws/install/controller_interfaces/include/controller_interfaces/controller_interfaces/srv/detail/set_target__rosidl_typesupport_fastrtps_c.h
[1.501s] -- Installing: /home/kireiji/RoboticsDev_ws/install/controller_interfaces/lib/libcontroller_interfaces__rosidl_typesupport_fastrtps_c.so
[1.501s] -- Set runtime path of "/home/kireiji/RoboticsDev_ws/install/controller_interfaces/lib/libcontroller_interfaces__rosidl_typesupport_fastrtps_c.so" to ""
[1.501s] -- Up-to-date: /home/kireiji/RoboticsDev_ws/install/controller_interfaces/include/controller_interfaces/controller_interfaces
[1.501s] -- Up-to-date: /home/kireiji/RoboticsDev_ws/install/controller_interfaces/include/controller_interfaces/controller_interfaces/srv
[1.501s] -- Up-to-date: /home/kireiji/RoboticsDev_ws/install/controller_interfaces/include/controller_interfaces/controller_interfaces/srv/set_target.hpp
[1.501s] -- Up-to-date: /home/kireiji/RoboticsDev_ws/install/controller_interfaces/include/controller_interfaces/controller_interfaces/srv/detail
[1.501s] -- Up-to-date: /home/kireiji/RoboticsDev_ws/install/controller_interfaces/include/controller_interfaces/controller_interfaces/srv/detail/set_target__traits.hpp
[1.501s] -- Up-to-date: /home/kireiji/RoboticsDev_ws/install/controller_interfaces/include/controller_interfaces/controller_interfaces/srv/detail/set_param__builder.hpp
[1.501s] -- Up-to-date: /home/kireiji/RoboticsDev_ws/install/controller_interfaces/include/controller_interfaces/controller_interfaces/srv/detail/set_target__struct.hpp
[1.501s] -- Up-to-date: /home/kireiji/RoboticsDev_ws/install/controller_interfaces/include/controller_interfaces/controller_interfaces/srv/detail/set_target__builder.hpp
[1.501s] -- Up-to-date: /home/kireiji/RoboticsDev_ws/install/controller_interfaces/include/controller_interfaces/controller_interfaces/srv/detail/set_param__traits.hpp
[1.501s] -- Up-to-date: /home/kireiji/RoboticsDev_ws/install/controller_interfaces/include/controller_interfaces/controller_interfaces/srv/detail/set_param__struct.hpp
[1.501s] -- Up-to-date: /home/kireiji/RoboticsDev_ws/install/controller_interfaces/include/controller_interfaces/controller_interfaces/srv/set_param.hpp
[1.501s] -- Up-to-date: /home/kireiji/RoboticsDev_ws/install/controller_interfaces/include/controller_interfaces/controller_interfaces
[1.501s] -- Up-to-date: /home/kireiji/RoboticsDev_ws/install/controller_interfaces/include/controller_interfaces/controller_interfaces/msg
[1.502s] -- Up-to-date: /home/kireiji/RoboticsDev_ws/install/controller_interfaces/include/controller_interfaces/controller_interfaces/msg/rosidl_typesupport_fastrtps_cpp__visibility_control.h
[1.502s] -- Up-to-date: /home/kireiji/RoboticsDev_ws/install/controller_interfaces/include/controller_interfaces/controller_interfaces/srv
[1.502s] -- Up-to-date: /home/kireiji/RoboticsDev_ws/install/controller_interfaces/include/controller_interfaces/controller_interfaces/srv/detail
[1.502s] -- Up-to-date: /home/kireiji/RoboticsDev_ws/install/controller_interfaces/include/controller_interfaces/controller_interfaces/srv/detail/set_target__rosidl_typesupport_fastrtps_cpp.hpp
[1.502s] -- Up-to-date: /home/kireiji/RoboticsDev_ws/install/controller_interfaces/include/controller_interfaces/controller_interfaces/srv/detail/dds_fastrtps
[1.502s] -- Up-to-date: /home/kireiji/RoboticsDev_ws/install/controller_interfaces/include/controller_interfaces/controller_interfaces/srv/detail/set_param__rosidl_typesupport_fastrtps_cpp.hpp
[1.502s] -- Installing: /home/kireiji/RoboticsDev_ws/install/controller_interfaces/lib/libcontroller_interfaces__rosidl_typesupport_fastrtps_cpp.so
[1.502s] -- Set runtime path of "/home/kireiji/RoboticsDev_ws/install/controller_interfaces/lib/libcontroller_interfaces__rosidl_typesupport_fastrtps_cpp.so" to ""
[1.502s] -- Up-to-date: /home/kireiji/RoboticsDev_ws/install/controller_interfaces/include/controller_interfaces/controller_interfaces
[1.502s] -- Up-to-date: /home/kireiji/RoboticsDev_ws/install/controller_interfaces/include/controller_interfaces/controller_interfaces/msg
[1.502s] -- Up-to-date: /home/kireiji/RoboticsDev_ws/install/controller_interfaces/include/controller_interfaces/controller_interfaces/msg/rosidl_typesupport_introspection_c__visibility_control.h
[1.502s] -- Up-to-date: /home/kireiji/RoboticsDev_ws/install/controller_interfaces/include/controller_interfaces/controller_interfaces/srv
[1.502s] -- Up-to-date: /home/kireiji/RoboticsDev_ws/install/controller_interfaces/include/controller_interfaces/controller_interfaces/srv/detail
[1.502s] -- Up-to-date: /home/kireiji/RoboticsDev_ws/install/controller_interfaces/include/controller_interfaces/controller_interfaces/srv/detail/set_param__type_support.c
[1.502s] -- Up-to-date: /home/kireiji/RoboticsDev_ws/install/controller_interfaces/include/controller_interfaces/controller_interfaces/srv/detail/set_target__rosidl_typesupport_introspection_c.h
[1.502s] -- Up-to-date: /home/kireiji/RoboticsDev_ws/install/controller_interfaces/include/controller_interfaces/controller_interfaces/srv/detail/set_target__type_support.c
[1.502s] -- Up-to-date: /home/kireiji/RoboticsDev_ws/install/controller_interfaces/include/controller_interfaces/controller_interfaces/srv/detail/set_param__rosidl_typesupport_introspection_c.h
[1.502s] -- Installing: /home/kireiji/RoboticsDev_ws/install/controller_interfaces/lib/libcontroller_interfaces__rosidl_typesupport_introspection_c.so
[1.502s] -- Set runtime path of "/home/kireiji/RoboticsDev_ws/install/controller_interfaces/lib/libcontroller_interfaces__rosidl_typesupport_introspection_c.so" to ""
[1.502s] -- Installing: /home/kireiji/RoboticsDev_ws/install/controller_interfaces/lib/libcontroller_interfaces__rosidl_typesupport_c.so
[1.502s] -- Set runtime path of "/home/kireiji/RoboticsDev_ws/install/controller_interfaces/lib/libcontroller_interfaces__rosidl_typesupport_c.so" to ""
[1.502s] -- Up-to-date: /home/kireiji/RoboticsDev_ws/install/controller_interfaces/include/controller_interfaces/controller_interfaces
[1.502s] -- Up-to-date: /home/kireiji/RoboticsDev_ws/install/controller_interfaces/include/controller_interfaces/controller_interfaces/srv
[1.502s] -- Up-to-date: /home/kireiji/RoboticsDev_ws/install/controller_interfaces/include/controller_interfaces/controller_interfaces/srv/detail
[1.502s] -- Up-to-date: /home/kireiji/RoboticsDev_ws/install/controller_interfaces/include/controller_interfaces/controller_interfaces/srv/detail/set_param__rosidl_typesupport_introspection_cpp.hpp
[1.502s] -- Up-to-date: /home/kireiji/RoboticsDev_ws/install/controller_interfaces/include/controller_interfaces/controller_interfaces/srv/detail/set_target__rosidl_typesupport_introspection_cpp.hpp
[1.503s] -- Up-to-date: /home/kireiji/RoboticsDev_ws/install/controller_interfaces/include/controller_interfaces/controller_interfaces/srv/detail/set_param__type_support.cpp
[1.503s] -- Up-to-date: /home/kireiji/RoboticsDev_ws/install/controller_interfaces/include/controller_interfaces/controller_interfaces/srv/detail/set_target__type_support.cpp
[1.503s] -- Installing: /home/kireiji/RoboticsDev_ws/install/controller_interfaces/lib/libcontroller_interfaces__rosidl_typesupport_introspection_cpp.so
[1.503s] -- Set runtime path of "/home/kireiji/RoboticsDev_ws/install/controller_interfaces/lib/libcontroller_interfaces__rosidl_typesupport_introspection_cpp.so" to ""
[1.503s] -- Installing: /home/kireiji/RoboticsDev_ws/install/controller_interfaces/lib/libcontroller_interfaces__rosidl_typesupport_cpp.so
[1.503s] -- Set runtime path of "/home/kireiji/RoboticsDev_ws/install/controller_interfaces/lib/libcontroller_interfaces__rosidl_typesupport_cpp.so" to ""
[1.503s] -- Up-to-date: /home/kireiji/RoboticsDev_ws/install/controller_interfaces/share/controller_interfaces/environment/pythonpath.sh
[1.503s] -- Installing: /home/kireiji/RoboticsDev_ws/install/controller_interfaces/share/controller_interfaces/environment/pythonpath.dsv
[1.503s] -- Up-to-date: /home/kireiji/RoboticsDev_ws/install/controller_interfaces/lib/python3.10/site-packages/controller_interfaces-0.0.0-py3.10.egg-info
[1.503s] -- Installing: /home/kireiji/RoboticsDev_ws/install/controller_interfaces/lib/python3.10/site-packages/controller_interfaces-0.0.0-py3.10.egg-info/PKG-INFO
[1.503s] -- Installing: /home/kireiji/RoboticsDev_ws/install/controller_interfaces/lib/python3.10/site-packages/controller_interfaces-0.0.0-py3.10.egg-info/dependency_links.txt
[1.503s] -- Installing: /home/kireiji/RoboticsDev_ws/install/controller_interfaces/lib/python3.10/site-packages/controller_interfaces-0.0.0-py3.10.egg-info/top_level.txt
[1.503s] -- Installing: /home/kireiji/RoboticsDev_ws/install/controller_interfaces/lib/python3.10/site-packages/controller_interfaces-0.0.0-py3.10.egg-info/SOURCES.txt
[1.503s] -- Up-to-date: /home/kireiji/RoboticsDev_ws/install/controller_interfaces/lib/python3.10/site-packages/controller_interfaces
[1.503s] -- Installing: /home/kireiji/RoboticsDev_ws/install/controller_interfaces/lib/python3.10/site-packages/controller_interfaces/__init__.py
[1.503s] -- Up-to-date: /home/kireiji/RoboticsDev_ws/install/controller_interfaces/lib/python3.10/site-packages/controller_interfaces/_controller_interfaces_s.ep.rosidl_typesupport_introspection_c.c
[1.503s] -- Up-to-date: /home/kireiji/RoboticsDev_ws/install/controller_interfaces/lib/python3.10/site-packages/controller_interfaces/_controller_interfaces_s.ep.rosidl_typesupport_fastrtps_c.c
[1.503s] -- Installing: /home/kireiji/RoboticsDev_ws/install/controller_interfaces/lib/python3.10/site-packages/controller_interfaces/controller_interfaces_s__rosidl_typesupport_introspection_c.cpython-310-x86_64-linux-gnu.so
[1.503s] -- Installing: /home/kireiji/RoboticsDev_ws/install/controller_interfaces/lib/python3.10/site-packages/controller_interfaces/libcontroller_interfaces__rosidl_generator_py.so
[1.512s] -- Installing: /home/kireiji/RoboticsDev_ws/install/controller_interfaces/lib/python3.10/site-packages/controller_interfaces/controller_interfaces_s__rosidl_typesupport_c.cpython-310-x86_64-linux-gnu.so
[1.512s] -- Up-to-date: /home/kireiji/RoboticsDev_ws/install/controller_interfaces/lib/python3.10/site-packages/controller_interfaces/srv
[1.512s] -- Up-to-date: /home/kireiji/RoboticsDev_ws/install/controller_interfaces/lib/python3.10/site-packages/controller_interfaces/srv/_set_target.py
[1.512s] -- Up-to-date: /home/kireiji/RoboticsDev_ws/install/controller_interfaces/lib/python3.10/site-packages/controller_interfaces/srv/__init__.py
[1.512s] -- Up-to-date: /home/kireiji/RoboticsDev_ws/install/controller_interfaces/lib/python3.10/site-packages/controller_interfaces/srv/_set_target_s.c
[1.512s] -- Up-to-date: /home/kireiji/RoboticsDev_ws/install/controller_interfaces/lib/python3.10/site-packages/controller_interfaces/srv/_set_param.py
[1.512s] -- Up-to-date: /home/kireiji/RoboticsDev_ws/install/controller_interfaces/lib/python3.10/site-packages/controller_interfaces/srv/_set_param_s.c
[1.512s] -- Installing: /home/kireiji/RoboticsDev_ws/install/controller_interfaces/lib/python3.10/site-packages/controller_interfaces/controller_interfaces_s__rosidl_typesupport_fastrtps_c.cpython-310-x86_64-linux-gnu.so
[1.512s] -- Up-to-date: /home/kireiji/RoboticsDev_ws/install/controller_interfaces/lib/python3.10/site-packages/controller_interfaces/_controller_interfaces_s.ep.rosidl_typesupport_c.c
[1.542s] Listing '/home/kireiji/RoboticsDev_ws/install/controller_interfaces/lib/python3.10/site-packages/controller_interfaces'...
[1.542s] Compiling '/home/kireiji/RoboticsDev_ws/install/controller_interfaces/lib/python3.10/site-packages/controller_interfaces/__init__.py'...
[1.542s] Listing '/home/kireiji/RoboticsDev_ws/install/controller_interfaces/lib/python3.10/site-packages/controller_interfaces/srv'...
[1.545s] -- Installing: /home/kireiji/RoboticsDev_ws/install/controller_interfaces/lib/python3.10/site-packages/controller_interfaces/controller_interfaces_s__rosidl_typesupport_fastrtps_c.cpython-310-x86_64-linux-gnu.so
[1.545s] -- Set runtime path of "/home/kireiji/RoboticsDev_ws/install/controller_interfaces/lib/python3.10/site-packages/controller_interfaces/controller_interfaces_s__rosidl_typesupport_fastrtps_c.cpython-310-x86_64-linux-gnu.so" to ""
[1.545s] -- Installing: /home/kireiji/RoboticsDev_ws/install/controller_interfaces/lib/python3.10/site-packages/controller_interfaces/controller_interfaces_s__rosidl_typesupport_introspection_c.cpython-310-x86_64-linux-gnu.so
[1.545s] -- Set runtime path of "/home/kireiji/RoboticsDev_ws/install/controller_interfaces/lib/python3.10/site-packages/controller_interfaces/controller_interfaces_s__rosidl_typesupport_introspection_c.cpython-310-x86_64-linux-gnu.so" to ""
[1.546s] -- Installing: /home/kireiji/RoboticsDev_ws/install/controller_interfaces/lib/python3.10/site-packages/controller_interfaces/controller_interfaces_s__rosidl_typesupport_c.cpython-310-x86_64-linux-gnu.so
[1.546s] -- Set runtime path of "/home/kireiji/RoboticsDev_ws/install/controller_interfaces/lib/python3.10/site-packages/controller_interfaces/controller_interfaces_s__rosidl_typesupport_c.cpython-310-x86_64-linux-gnu.so" to ""
[1.546s] -- Installing: /home/kireiji/RoboticsDev_ws/install/controller_interfaces/lib/libcontroller_interfaces__rosidl_generator_py.so
[1.554s] -- Set runtime path of "/home/kireiji/RoboticsDev_ws/install/controller_interfaces/lib/libcontroller_interfaces__rosidl_generator_py.so" to ""
[1.554s] -- Up-to-date: /home/kireiji/RoboticsDev_ws/install/controller_interfaces/share/controller_interfaces/srv/SetParam.idl
[1.554s] -- Up-to-date: /home/kireiji/RoboticsDev_ws/install/controller_interfaces/share/controller_interfaces/srv/SetTarget.idl
[1.554s] -- Up-to-date: /home/kireiji/RoboticsDev_ws/install/controller_interfaces/share/controller_interfaces/srv/SetParam.srv
[1.554s] -- Up-to-date: /home/kireiji/RoboticsDev_ws/install/controller_interfaces/share/controller_interfaces/srv/SetParam_Request.msg
[1.554s] -- Up-to-date: /home/kireiji/RoboticsDev_ws/install/controller_interfaces/share/controller_interfaces/srv/SetParam_Response.msg
[1.554s] -- Up-to-date: /home/kireiji/RoboticsDev_ws/install/controller_interfaces/share/controller_interfaces/srv/SetTarget.srv
[1.554s] -- Up-to-date: /home/kireiji/RoboticsDev_ws/install/controller_interfaces/share/controller_interfaces/srv/SetTarget_Request.msg
[1.554s] -- Up-to-date: /home/kireiji/RoboticsDev_ws/install/controller_interfaces/share/controller_interfaces/srv/SetTarget_Response.msg
[1.554s] -- Up-to-date: /home/kireiji/RoboticsDev_ws/install/controller_interfaces/share/ament_index/resource_index/package_run_dependencies/controller_interfaces
[1.554s] -- Up-to-date: /home/kireiji/RoboticsDev_ws/install/controller_interfaces/share/ament_index/resource_index/parent_prefix_path/controller_interfaces
[1.554s] -- Up-to-date: /home/kireiji/RoboticsDev_ws/install/controller_interfaces/share/controller_interfaces/environment/ament_prefix_path.sh
[1.555s] -- Installing: /home/kireiji/RoboticsDev_ws/install/controller_interfaces/share/controller_interfaces/environment/ament_prefix_path.dsv
[1.555s] -- Up-to-date: /home/kireiji/RoboticsDev_ws/install/controller_interfaces/share/controller_interfaces/environment/path.sh
[1.555s] -- Installing: /home/kireiji/RoboticsDev_ws/install/controller_interfaces/share/controller_interfaces/environment/path.dsv
[1.555s] -- Up-to-date: /home/kireiji/RoboticsDev_ws/install/controller_interfaces/share/controller_interfaces/local_setup.bash
[1.555s] -- Up-to-date: /home/kireiji/RoboticsDev_ws/install/controller_interfaces/share/controller_interfaces/local_setup.sh
[1.555s] -- Up-to-date: /home/kireiji/RoboticsDev_ws/install/controller_interfaces/share/controller_interfaces/local_setup.zsh
[1.555s] -- Installing: /home/kireiji/RoboticsDev_ws/install/controller_interfaces/share/controller_interfaces/local_setup.dsv
[1.555s] -- Installing: /home/kireiji/RoboticsDev_ws/install/controller_interfaces/share/controller_interfaces/package.dsv
[1.555s] -- Up-to-date: /home/kireiji/RoboticsDev_ws/install/controller_interfaces/share/ament_index/resource_index/packages/controller_interfaces
[1.555s] -- Old export file "/home/kireiji/RoboticsDev_ws/install/controller_interfaces/share/controller_interfaces/cmake/export_controller_interfaces__rosidl_generator_cExport.cmake" will be replaced.  Removing files [/home/kireiji/RoboticsDev_ws/install/controller_interfaces/share/controller_interfaces/cmake/export_controller_interfaces__rosidl_generator_cExport-noconfig.cmake].
[1.555s] -- Installing: /home/kireiji/RoboticsDev_ws/install/controller_interfaces/share/controller_interfaces/cmake/export_controller_interfaces__rosidl_generator_cExport.cmake
[1.555s] -- Installing: /home/kireiji/RoboticsDev_ws/install/controller_interfaces/share/controller_interfaces/cmake/export_controller_interfaces__rosidl_generator_cExport-noconfig.cmake
[1.555s] -- Old export file "/home/kireiji/RoboticsDev_ws/install/controller_interfaces/share/controller_interfaces/cmake/export_controller_interfaces__rosidl_typesupport_fastrtps_cExport.cmake" will be replaced.  Removing files [/home/kireiji/RoboticsDev_ws/install/controller_interfaces/share/controller_interfaces/cmake/export_controller_interfaces__rosidl_typesupport_fastrtps_cExport-noconfig.cmake].
[1.555s] -- Installing: /home/kireiji/RoboticsDev_ws/install/controller_interfaces/share/controller_interfaces/cmake/export_controller_interfaces__rosidl_typesupport_fastrtps_cExport.cmake
[1.555s] -- Installing: /home/kireiji/RoboticsDev_ws/install/controller_interfaces/share/controller_interfaces/cmake/export_controller_interfaces__rosidl_typesupport_fastrtps_cExport-noconfig.cmake
[1.555s] -- Installing: /home/kireiji/RoboticsDev_ws/install/controller_interfaces/share/controller_interfaces/cmake/export_controller_interfaces__rosidl_generator_cppExport.cmake
[1.555s] -- Old export file "/home/kireiji/RoboticsDev_ws/install/controller_interfaces/share/controller_interfaces/cmake/export_controller_interfaces__rosidl_typesupport_fastrtps_cppExport.cmake" will be replaced.  Removing files [/home/kireiji/RoboticsDev_ws/install/controller_interfaces/share/controller_interfaces/cmake/export_controller_interfaces__rosidl_typesupport_fastrtps_cppExport-noconfig.cmake].
[1.555s] -- Installing: /home/kireiji/RoboticsDev_ws/install/controller_interfaces/share/controller_interfaces/cmake/export_controller_interfaces__rosidl_typesupport_fastrtps_cppExport.cmake
[1.555s] -- Installing: /home/kireiji/RoboticsDev_ws/install/controller_interfaces/share/controller_interfaces/cmake/export_controller_interfaces__rosidl_typesupport_fastrtps_cppExport-noconfig.cmake
[1.555s] -- Old export file "/home/kireiji/RoboticsDev_ws/install/controller_interfaces/share/controller_interfaces/cmake/controller_interfaces__rosidl_typesupport_introspection_cExport.cmake" will be replaced.  Removing files [/home/kireiji/RoboticsDev_ws/install/controller_interfaces/share/controller_interfaces/cmake/controller_interfaces__rosidl_typesupport_introspection_cExport-noconfig.cmake].
[1.555s] -- Installing: /home/kireiji/RoboticsDev_ws/install/controller_interfaces/share/controller_interfaces/cmake/controller_interfaces__rosidl_typesupport_introspection_cExport.cmake
[1.555s] -- Installing: /home/kireiji/RoboticsDev_ws/install/controller_interfaces/share/controller_interfaces/cmake/controller_interfaces__rosidl_typesupport_introspection_cExport-noconfig.cmake
[1.555s] -- Old export file "/home/kireiji/RoboticsDev_ws/install/controller_interfaces/share/controller_interfaces/cmake/controller_interfaces__rosidl_typesupport_cExport.cmake" will be replaced.  Removing files [/home/kireiji/RoboticsDev_ws/install/controller_interfaces/share/controller_interfaces/cmake/controller_interfaces__rosidl_typesupport_cExport-noconfig.cmake].
[1.555s] -- Installing: /home/kireiji/RoboticsDev_ws/install/controller_interfaces/share/controller_interfaces/cmake/controller_interfaces__rosidl_typesupport_cExport.cmake
[1.555s] -- Installing: /home/kireiji/RoboticsDev_ws/install/controller_interfaces/share/controller_interfaces/cmake/controller_interfaces__rosidl_typesupport_cExport-noconfig.cmake
[1.556s] -- Old export file "/home/kireiji/RoboticsDev_ws/install/controller_interfaces/share/controller_interfaces/cmake/controller_interfaces__rosidl_typesupport_introspection_cppExport.cmake" will be replaced.  Removing files [/home/kireiji/RoboticsDev_ws/install/controller_interfaces/share/controller_interfaces/cmake/controller_interfaces__rosidl_typesupport_introspection_cppExport-noconfig.cmake].
[1.556s] -- Installing: /home/kireiji/RoboticsDev_ws/install/controller_interfaces/share/controller_interfaces/cmake/controller_interfaces__rosidl_typesupport_introspection_cppExport.cmake
[1.556s] -- Installing: /home/kireiji/RoboticsDev_ws/install/controller_interfaces/share/controller_interfaces/cmake/controller_interfaces__rosidl_typesupport_introspection_cppExport-noconfig.cmake
[1.556s] -- Old export file "/home/kireiji/RoboticsDev_ws/install/controller_interfaces/share/controller_interfaces/cmake/controller_interfaces__rosidl_typesupport_cppExport.cmake" will be replaced.  Removing files [/home/kireiji/RoboticsDev_ws/install/controller_interfaces/share/controller_interfaces/cmake/controller_interfaces__rosidl_typesupport_cppExport-noconfig.cmake].
[1.556s] -- Installing: /home/kireiji/RoboticsDev_ws/install/controller_interfaces/share/controller_interfaces/cmake/controller_interfaces__rosidl_typesupport_cppExport.cmake
[1.556s] -- Installing: /home/kireiji/RoboticsDev_ws/install/controller_interfaces/share/controller_interfaces/cmake/controller_interfaces__rosidl_typesupport_cppExport-noconfig.cmake
[1.556s] -- Old export file "/home/kireiji/RoboticsDev_ws/install/controller_interfaces/share/controller_interfaces/cmake/export_controller_interfaces__rosidl_generator_pyExport.cmake" will be replaced.  Removing files [/home/kireiji/RoboticsDev_ws/install/controller_interfaces/share/controller_interfaces/cmake/export_controller_interfaces__rosidl_generator_pyExport-noconfig.cmake].
[1.556s] -- Installing: /home/kireiji/RoboticsDev_ws/install/controller_interfaces/share/controller_interfaces/cmake/export_controller_interfaces__rosidl_generator_pyExport.cmake
[1.556s] -- Installing: /home/kireiji/RoboticsDev_ws/install/controller_interfaces/share/controller_interfaces/cmake/export_controller_interfaces__rosidl_generator_pyExport-noconfig.cmake
[1.556s] -- Up-to-date: /home/kireiji/RoboticsDev_ws/install/controller_interfaces/share/controller_interfaces/cmake/rosidl_cmake-extras.cmake
[1.556s] -- Installing: /home/kireiji/RoboticsDev_ws/install/controller_interfaces/share/controller_interfaces/cmake/ament_cmake_export_dependencies-extras.cmake
[1.556s] -- Up-to-date: /home/kireiji/RoboticsDev_ws/install/controller_interfaces/share/controller_interfaces/cmake/ament_cmake_export_include_directories-extras.cmake
[1.556s] -- Up-to-date: /home/kireiji/RoboticsDev_ws/install/controller_interfaces/share/controller_interfaces/cmake/ament_cmake_export_libraries-extras.cmake
[1.556s] -- Up-to-date: /home/kireiji/RoboticsDev_ws/install/controller_interfaces/share/controller_interfaces/cmake/ament_cmake_export_targets-extras.cmake
[1.556s] -- Up-to-date: /home/kireiji/RoboticsDev_ws/install/controller_interfaces/share/controller_interfaces/cmake/rosidl_cmake_export_typesupport_targets-extras.cmake
[1.556s] -- Up-to-date: /home/kireiji/RoboticsDev_ws/install/controller_interfaces/share/controller_interfaces/cmake/rosidl_cmake_export_typesupport_libraries-extras.cmake
[1.556s] -- Up-to-date: /home/kireiji/RoboticsDev_ws/install/controller_interfaces/share/controller_interfaces/cmake/controller_interfacesConfig.cmake
[1.556s] -- Up-to-date: /home/kireiji/RoboticsDev_ws/install/controller_interfaces/share/controller_interfaces/cmake/controller_interfacesConfig-version.cmake
[1.556s] -- Up-to-date: /home/kireiji/RoboticsDev_ws/install/controller_interfaces/share/controller_interfaces/package.xml
[1.558s] Invoked command in '/home/kireiji/RoboticsDev_ws/build/controller_interfaces' returned '0': CMAKE_PREFIX_PATH=${CMAKE_PREFIX_PATH}:/home/kireiji/RoboticsDev_ws/install/turtlesim_plus:/home/kireiji/RoboticsDev_ws/install/launch_testing_examples:/home/kireiji/RoboticsDev_ws/install/examples_rclpy_pointcloud_publisher:/home/kireiji/RoboticsDev_ws/install/examples_rclpy_minimal_subscriber:/home/kireiji/RoboticsDev_ws/install/examples_rclpy_minimal_service:/home/kireiji/RoboticsDev_ws/install/examples_rclpy_minimal_publisher:/home/kireiji/RoboticsDev_ws/install/examples_rclpy_minimal_client:/home/kireiji/RoboticsDev_ws/install/examples_rclpy_minimal_action_server:/home/kireiji/RoboticsDev_ws/install/examples_rclpy_minimal_action_client:/home/kireiji/RoboticsDev_ws/install/examples_rclpy_guard_conditions:/home/kireiji/RoboticsDev_ws/install/examples_rclpy_executors:/home/kireiji/ros2_ws/install/my_py_pkg:/opt/ros/humble /usr/bin/cmake --install /home/kireiji/RoboticsDev_ws/build/controller_interfaces
