[0.052s] Invoking command in '/home/kireiji/RoboticsDev_ws/build/motorsim': CMAKE_PREFIX_PATH=${CMAKE_PREFIX_PATH}:/home/kireiji/RoboticsDev_ws/install/launch_testing_examples:/home/kireiji/RoboticsDev_ws/install/examples_rclpy_pointcloud_publisher:/home/kireiji/RoboticsDev_ws/install/examples_rclpy_minimal_subscriber:/home/kireiji/RoboticsDev_ws/install/examples_rclpy_minimal_service:/home/kireiji/RoboticsDev_ws/install/examples_rclpy_minimal_publisher:/home/kireiji/RoboticsDev_ws/install/examples_rclpy_minimal_client:/home/kireiji/RoboticsDev_ws/install/examples_rclpy_minimal_action_server:/home/kireiji/RoboticsDev_ws/install/examples_rclpy_minimal_action_client:/home/kireiji/RoboticsDev_ws/install/examples_rclpy_guard_conditions:/home/kireiji/RoboticsDev_ws/install/examples_rclpy_executors:/home/kireiji/ros2_ws/install/my_py_pkg:/opt/ros/humble /usr/bin/cmake --build /home/kireiji/RoboticsDev_ws/build/motorsim -- -j16 -l16
[0.140s] [100%] Built target cpp_node_test
[0.150s] [100%] Built target ament_cmake_python_copy_motorsim
[0.604s] running egg_info
[0.615s] writing manifest file 'motorsim.egg-info/SOURCES.txt'
[0.798s] [100%] Built target ament_cmake_python_build_motorsim_egg
[0.852s] Invoked command in '/home/kireiji/RoboticsDev_ws/build/motorsim' returned '0': CMAKE_PREFIX_PATH=${CMAKE_PREFIX_PATH}:/home/kireiji/RoboticsDev_ws/install/launch_testing_examples:/home/kireiji/RoboticsDev_ws/install/examples_rclpy_pointcloud_publisher:/home/kireiji/RoboticsDev_ws/install/examples_rclpy_minimal_subscriber:/home/kireiji/RoboticsDev_ws/install/examples_rclpy_minimal_service:/home/kireiji/RoboticsDev_ws/install/examples_rclpy_minimal_publisher:/home/kireiji/RoboticsDev_ws/install/examples_rclpy_minimal_client:/home/kireiji/RoboticsDev_ws/install/examples_rclpy_minimal_action_server:/home/kireiji/RoboticsDev_ws/install/examples_rclpy_minimal_action_client:/home/kireiji/RoboticsDev_ws/install/examples_rclpy_guard_conditions:/home/kireiji/RoboticsDev_ws/install/examples_rclpy_executors:/home/kireiji/ros2_ws/install/my_py_pkg:/opt/ros/humble /usr/bin/cmake --build /home/kireiji/RoboticsDev_ws/build/motorsim -- -j16 -l16
[0.978s] Invoking command in '/home/kireiji/RoboticsDev_ws/build/motorsim': CMAKE_PREFIX_PATH=${CMAKE_PREFIX_PATH}:/home/kireiji/RoboticsDev_ws/install/launch_testing_examples:/home/kireiji/RoboticsDev_ws/install/examples_rclpy_pointcloud_publisher:/home/kireiji/RoboticsDev_ws/install/examples_rclpy_minimal_subscriber:/home/kireiji/RoboticsDev_ws/install/examples_rclpy_minimal_service:/home/kireiji/RoboticsDev_ws/install/examples_rclpy_minimal_publisher:/home/kireiji/RoboticsDev_ws/install/examples_rclpy_minimal_client:/home/kireiji/RoboticsDev_ws/install/examples_rclpy_minimal_action_server:/home/kireiji/RoboticsDev_ws/install/examples_rclpy_minimal_action_client:/home/kireiji/RoboticsDev_ws/install/examples_rclpy_guard_conditions:/home/kireiji/RoboticsDev_ws/install/examples_rclpy_executors:/home/kireiji/ros2_ws/install/my_py_pkg:/opt/ros/humble /usr/bin/cmake --install /home/kireiji/RoboticsDev_ws/build/motorsim
[0.983s] -- Install configuration: ""
[0.983s] -- Up-to-date: /home/kireiji/RoboticsDev_ws/install/motorsim/share/motorsim/environment/pythonpath.sh
[0.983s] -- Up-to-date: /home/kireiji/RoboticsDev_ws/install/motorsim/share/motorsim/environment/pythonpath.dsv
[0.983s] -- Up-to-date: /home/kireiji/RoboticsDev_ws/install/motorsim/lib/python3.10/site-packages/motorsim-0.0.0-py3.10.egg-info
[0.983s] -- Installing: /home/kireiji/RoboticsDev_ws/install/motorsim/lib/python3.10/site-packages/motorsim-0.0.0-py3.10.egg-info/PKG-INFO
[0.983s] -- Installing: /home/kireiji/RoboticsDev_ws/install/motorsim/lib/python3.10/site-packages/motorsim-0.0.0-py3.10.egg-info/dependency_links.txt
[0.992s] -- Installing: /home/kireiji/RoboticsDev_ws/install/motorsim/lib/python3.10/site-packages/motorsim-0.0.0-py3.10.egg-info/top_level.txt
[0.993s] -- Installing: /home/kireiji/RoboticsDev_ws/install/motorsim/lib/python3.10/site-packages/motorsim-0.0.0-py3.10.egg-info/SOURCES.txt
[0.993s] -- Up-to-date: /home/kireiji/RoboticsDev_ws/install/motorsim/lib/python3.10/site-packages/motorsim
[1.008s] -- Up-to-date: /home/kireiji/RoboticsDev_ws/install/motorsim/lib/python3.10/site-packages/motorsim/__init__.py
[1.008s] -- Up-to-date: /home/kireiji/RoboticsDev_ws/install/motorsim/lib/python3.10/site-packages/motorsim/pid_controller.py
[1.008s] -- Up-to-date: /home/kireiji/RoboticsDev_ws/install/motorsim/lib/python3.10/site-packages/motorsim/dc_motor_model.py
[1.008s] -- Up-to-date: /home/kireiji/RoboticsDev_ws/install/motorsim/lib/python3.10/site-packages/motorsim/dummy_module.py
[1.100s] Listing '/home/kireiji/RoboticsDev_ws/install/motorsim/lib/python3.10/site-packages/motorsim'...
[1.113s] -- Up-to-date: /home/kireiji/RoboticsDev_ws/install/motorsim/lib/motorsim/dummy_script.py
[1.113s] -- Up-to-date: /home/kireiji/RoboticsDev_ws/install/motorsim/lib/motorsim/dc_motor_node.py
[1.113s] -- Up-to-date: /home/kireiji/RoboticsDev_ws/install/motorsim/lib/motorsim/motorsim_node.py
[1.113s] -- Installing: /home/kireiji/RoboticsDev_ws/install/motorsim/lib/motorsim/controller_node.py
[1.113s] -- Up-to-date: /home/kireiji/RoboticsDev_ws/install/motorsim/lib/motorsim/encoder_node.py
[1.113s] -- Up-to-date: /home/kireiji/RoboticsDev_ws/install/motorsim/lib/motorsim/scheduler_node.py
[1.113s] -- Up-to-date: /home/kireiji/RoboticsDev_ws/install/motorsim/lib/motorsim/cpp_node_test
[1.113s] -- Up-to-date: /home/kireiji/RoboticsDev_ws/install/motorsim/share/motorsim/scripts
[1.113s] -- Up-to-date: /home/kireiji/RoboticsDev_ws/install/motorsim/share/motorsim/scripts/motorsim_node.py
[1.113s] -- Up-to-date: /home/kireiji/RoboticsDev_ws/install/motorsim/share/motorsim/scripts/dummy_script.py
[1.113s] -- Up-to-date: /home/kireiji/RoboticsDev_ws/install/motorsim/share/motorsim/scripts/scheduler_node.py
[1.114s] -- Up-to-date: /home/kireiji/RoboticsDev_ws/install/motorsim/share/motorsim/scripts/encoder_node.py
[1.114s] -- Installing: /home/kireiji/RoboticsDev_ws/install/motorsim/share/motorsim/scripts/controller_node.py
[1.114s] -- Up-to-date: /home/kireiji/RoboticsDev_ws/install/motorsim/share/motorsim/scripts/dc_motor_node.py
[1.114s] -- Up-to-date: /home/kireiji/RoboticsDev_ws/install/motorsim/share/motorsim/motorsim
[1.114s] -- Up-to-date: /home/kireiji/RoboticsDev_ws/install/motorsim/share/motorsim/motorsim/__init__.py
[1.114s] -- Up-to-date: /home/kireiji/RoboticsDev_ws/install/motorsim/share/motorsim/motorsim/pid_controller.py
[1.114s] -- Up-to-date: /home/kireiji/RoboticsDev_ws/install/motorsim/share/motorsim/motorsim/dc_motor_model.py
[1.114s] -- Up-to-date: /home/kireiji/RoboticsDev_ws/install/motorsim/share/motorsim/motorsim/dummy_module.py
[1.114s] -- Up-to-date: /home/kireiji/RoboticsDev_ws/install/motorsim/share/ament_index/resource_index/package_run_dependencies/motorsim
[1.114s] -- Up-to-date: /home/kireiji/RoboticsDev_ws/install/motorsim/share/ament_index/resource_index/parent_prefix_path/motorsim
[1.114s] -- Up-to-date: /home/kireiji/RoboticsDev_ws/install/motorsim/share/motorsim/environment/ament_prefix_path.sh
[1.115s] -- Up-to-date: /home/kireiji/RoboticsDev_ws/install/motorsim/share/motorsim/environment/ament_prefix_path.dsv
[1.115s] -- Up-to-date: /home/kireiji/RoboticsDev_ws/install/motorsim/share/motorsim/environment/path.sh
[1.115s] -- Up-to-date: /home/kireiji/RoboticsDev_ws/install/motorsim/share/motorsim/environment/path.dsv
[1.115s] -- Up-to-date: /home/kireiji/RoboticsDev_ws/install/motorsim/share/motorsim/local_setup.bash
[1.115s] -- Up-to-date: /home/kireiji/RoboticsDev_ws/install/motorsim/share/motorsim/local_setup.sh
[1.115s] -- Up-to-date: /home/kireiji/RoboticsDev_ws/install/motorsim/share/motorsim/local_setup.zsh
[1.115s] -- Up-to-date: /home/kireiji/RoboticsDev_ws/install/motorsim/share/motorsim/local_setup.dsv
[1.115s] -- Installing: /home/kireiji/RoboticsDev_ws/install/motorsim/share/motorsim/package.dsv
[1.115s] -- Up-to-date: /home/kireiji/RoboticsDev_ws/install/motorsim/share/ament_index/resource_index/packages/motorsim
[1.115s] -- Up-to-date: /home/kireiji/RoboticsDev_ws/install/motorsim/share/motorsim/cmake/motorsimConfig.cmake
[1.115s] -- Up-to-date: /home/kireiji/RoboticsDev_ws/install/motorsim/share/motorsim/cmake/motorsimConfig-version.cmake
[1.115s] -- Up-to-date: /home/kireiji/RoboticsDev_ws/install/motorsim/share/motorsim/package.xml
[1.128s] Invoked command in '/home/kireiji/RoboticsDev_ws/build/motorsim' returned '0': CMAKE_PREFIX_PATH=${CMAKE_PREFIX_PATH}:/home/kireiji/RoboticsDev_ws/install/launch_testing_examples:/home/kireiji/RoboticsDev_ws/install/examples_rclpy_pointcloud_publisher:/home/kireiji/RoboticsDev_ws/install/examples_rclpy_minimal_subscriber:/home/kireiji/RoboticsDev_ws/install/examples_rclpy_minimal_service:/home/kireiji/RoboticsDev_ws/install/examples_rclpy_minimal_publisher:/home/kireiji/RoboticsDev_ws/install/examples_rclpy_minimal_client:/home/kireiji/RoboticsDev_ws/install/examples_rclpy_minimal_action_server:/home/kireiji/RoboticsDev_ws/install/examples_rclpy_minimal_action_client:/home/kireiji/RoboticsDev_ws/install/examples_rclpy_guard_conditions:/home/kireiji/RoboticsDev_ws/install/examples_rclpy_executors:/home/kireiji/ros2_ws/install/my_py_pkg:/opt/ros/humble /usr/bin/cmake --install /home/kireiji/RoboticsDev_ws/build/motorsim
