[0.009s] Invoking command in '/home/kireiji/RoboticsDev_ws/build/lecture3_interfaces': CMAKE_PREFIX_PATH=${CMAKE_PREFIX_PATH}:/home/kireiji/RoboticsDev_ws/install/turtlesim_plus:/home/kireiji/RoboticsDev_ws/install/launch_testing_examples:/home/kireiji/RoboticsDev_ws/install/examples_rclpy_pointcloud_publisher:/home/kireiji/RoboticsDev_ws/install/examples_rclpy_minimal_subscriber:/home/kireiji/RoboticsDev_ws/install/examples_rclpy_minimal_service:/home/kireiji/RoboticsDev_ws/install/examples_rclpy_minimal_publisher:/home/kireiji/RoboticsDev_ws/install/examples_rclpy_minimal_client:/home/kireiji/RoboticsDev_ws/install/examples_rclpy_minimal_action_server:/home/kireiji/RoboticsDev_ws/install/examples_rclpy_minimal_action_client:/home/kireiji/RoboticsDev_ws/install/examples_rclpy_guard_conditions:/home/kireiji/RoboticsDev_ws/install/examples_rclpy_executors:/home/kireiji/ros2_ws/install/my_py_pkg:/opt/ros/humble /usr/bin/cmake --build /home/kireiji/RoboticsDev_ws/build/lecture3_interfaces -- -j16 -l16
[0.024s] -- Found ament_cmake: 1.3.10 (/opt/ros/humble/share/ament_cmake/cmake)
[0.125s] -- Found std_msgs: 4.2.4 (/opt/ros/humble/share/std_msgs/cmake)
[0.140s] -- Found rosidl_generator_c: 3.1.5 (/opt/ros/humble/share/rosidl_generator_c/cmake)
[0.142s] -- Found rosidl_adapter: 3.1.5 (/opt/ros/humble/share/rosidl_adapter/cmake)
[0.145s] -- Found rosidl_generator_cpp: 3.1.5 (/opt/ros/humble/share/rosidl_generator_cpp/cmake)
[0.151s] -- Using all available rosidl_typesupport_c: rosidl_typesupport_fastrtps_c;rosidl_typesupport_introspection_c
[0.159s] -- Using all available rosidl_typesupport_cpp: rosidl_typesupport_fastrtps_cpp;rosidl_typesupport_introspection_cpp
[0.172s] -- Found rosidl_default_generators: 1.2.0 (/opt/ros/humble/share/rosidl_default_generators/cmake)
[0.178s] -- Found ament_lint_auto: 0.12.11 (/opt/ros/humble/share/ament_lint_auto/cmake)
[0.402s] -- Found ament_cmake_ros: 0.10.0 (/opt/ros/humble/share/ament_cmake_ros/cmake)
[0.659s] -- Using all available rosidl_typesupport_c: rosidl_typesupport_fastrtps_c;rosidl_typesupport_introspection_c
[0.763s] -- Using all available rosidl_typesupport_cpp: rosidl_typesupport_fastrtps_cpp;rosidl_typesupport_introspection_cpp
[0.782s] -- Found python_cmake_module: 0.10.0 (/opt/ros/humble/share/python_cmake_module/cmake)
[0.802s] -- Using PYTHON_EXECUTABLE: /usr/local/bin/python3
[0.802s] -- Using PYTHON_INCLUDE_DIRS: /usr/local/include/python3.10
[0.802s] -- Using PYTHON_LIBRARIES: /usr/local/lib/libpython3.10.a
[0.902s] -- Using numpy include directory: /home/kireiji/.local/lib/python3.10/site-packages/numpy/_core/include
[0.920s] -- Added test 'lint_cmake' to check CMake code style
[0.920s] -- Added test 'xmllint' to check XML markup files
[0.922s] -- Configuring done
[0.941s] -- Generating done
[0.942s] -- Build files have been written to: /home/kireiji/RoboticsDev_ws/build/lecture3_interfaces
[0.959s] [  2%] [34m[1mGenerating C code for ROS interfaces[0m
[0.966s] [  5%] [34m[1mGenerating C++ code for ROS interfaces[0m
[0.979s] [  5%] Built target ament_cmake_python_copy_lecture3_interfaces
[1.147s] running egg_info
[1.149s] writing manifest file 'lecture3_interfaces.egg-info/SOURCES.txt'
[1.166s] [  5%] Built target ament_cmake_python_build_lecture3_interfaces_egg
[1.218s] [  5%] Built target lecture3_interfaces__cpp
[1.225s] [ 12%] [34m[1mGenerating C++ type support dispatch for ROS interfaces[0m
[1.225s] [ 12%] [34m[1mGenerating C++ introspection for ROS interfaces[0m
[1.225s] [ 12%] [34m[1mGenerating C++ type support for eProsima Fast-RTPS[0m
[1.226s] [35m[1mConsolidate compiler generated dependencies of target lecture3_interfaces__rosidl_generator_c[0m
[1.234s] [ 17%] [32mBuilding C object CMakeFiles/lecture3_interfaces__rosidl_generator_c.dir/rosidl_generator_c/lecture3_interfaces/srv/detail/example_srv__functions.c.o[0m
[1.234s] [ 17%] [32mBuilding C object CMakeFiles/lecture3_interfaces__rosidl_generator_c.dir/rosidl_generator_c/lecture3_interfaces/msg/detail/example_msg__functions.c.o[0m
[1.271s] [ 20%] [32m[1mLinking C shared library liblecture3_interfaces__rosidl_generator_c.so[0m
[1.296s] [ 20%] Built target lecture3_interfaces__rosidl_generator_c
[1.303s] [ 28%] [34m[1mGenerating C type support dispatch for ROS interfaces[0m
[1.303s] [ 28%] [34m[1mGenerating C introspection for ROS interfaces[0m
[1.303s] [ 28%] [34m[1mGenerating C type support for eProsima Fast-RTPS[0m
[1.439s] [35m[1mConsolidate compiler generated dependencies of target lecture3_interfaces__rosidl_typesupport_cpp[0m
[1.447s] [ 30%] [32mBuilding CXX object CMakeFiles/lecture3_interfaces__rosidl_typesupport_cpp.dir/rosidl_typesupport_cpp/lecture3_interfaces/srv/example_srv__type_support.cpp.o[0m
[1.447s] [ 33%] [32mBuilding CXX object CMakeFiles/lecture3_interfaces__rosidl_typesupport_cpp.dir/rosidl_typesupport_cpp/lecture3_interfaces/msg/example_msg__type_support.cpp.o[0m
[1.459s] [35m[1mConsolidate compiler generated dependencies of target lecture3_interfaces__rosidl_typesupport_introspection_cpp[0m
[1.468s] [ 38%] [32mBuilding CXX object CMakeFiles/lecture3_interfaces__rosidl_typesupport_introspection_cpp.dir/rosidl_typesupport_introspection_cpp/lecture3_interfaces/msg/detail/example_msg__type_support.cpp.o[0m
[1.468s] [ 38%] [32mBuilding CXX object CMakeFiles/lecture3_interfaces__rosidl_typesupport_introspection_cpp.dir/rosidl_typesupport_introspection_cpp/lecture3_interfaces/srv/detail/example_srv__type_support.cpp.o[0m
[1.481s] [35m[1mConsolidate compiler generated dependencies of target lecture3_interfaces__rosidl_typesupport_fastrtps_cpp[0m
[1.490s] [ 41%] [32mBuilding CXX object CMakeFiles/lecture3_interfaces__rosidl_typesupport_fastrtps_cpp.dir/rosidl_typesupport_fastrtps_cpp/lecture3_interfaces/msg/detail/dds_fastrtps/example_msg__type_support.cpp.o[0m
[1.492s] [ 43%] [32mBuilding CXX object CMakeFiles/lecture3_interfaces__rosidl_typesupport_fastrtps_cpp.dir/rosidl_typesupport_fastrtps_cpp/lecture3_interfaces/srv/detail/dds_fastrtps/example_srv__type_support.cpp.o[0m
[1.520s] [35m[1mConsolidate compiler generated dependencies of target lecture3_interfaces__rosidl_typesupport_c[0m
[1.529s] [ 46%] [32mBuilding CXX object CMakeFiles/lecture3_interfaces__rosidl_typesupport_c.dir/rosidl_typesupport_c/lecture3_interfaces/msg/example_msg__type_support.cpp.o[0m
[1.532s] [ 48%] [32mBuilding CXX object CMakeFiles/lecture3_interfaces__rosidl_typesupport_c.dir/rosidl_typesupport_c/lecture3_interfaces/srv/example_srv__type_support.cpp.o[0m
[1.560s] [35m[1mConsolidate compiler generated dependencies of target lecture3_interfaces__rosidl_typesupport_introspection_c[0m
[1.564s] [ 51%] [32m[1mLinking CXX shared library liblecture3_interfaces__rosidl_typesupport_c.so[0m
[1.569s] [ 53%] [32mBuilding C object CMakeFiles/lecture3_interfaces__rosidl_typesupport_introspection_c.dir/rosidl_typesupport_introspection_c/lecture3_interfaces/msg/detail/example_msg__type_support.c.o[0m
[1.571s] [ 56%] [32mBuilding C object CMakeFiles/lecture3_interfaces__rosidl_typesupport_introspection_c.dir/rosidl_typesupport_introspection_c/lecture3_interfaces/srv/detail/example_srv__type_support.c.o[0m
[1.595s] [ 56%] Built target lecture3_interfaces__rosidl_typesupport_c
[1.610s] [ 58%] [32m[1mLinking C shared library liblecture3_interfaces__rosidl_typesupport_introspection_c.so[0m
[1.614s] [35m[1mConsolidate compiler generated dependencies of target lecture3_interfaces__rosidl_typesupport_fastrtps_c[0m
[1.623s] [ 61%] [32mBuilding CXX object CMakeFiles/lecture3_interfaces__rosidl_typesupport_fastrtps_c.dir/rosidl_typesupport_fastrtps_c/lecture3_interfaces/msg/detail/example_msg__type_support_c.cpp.o[0m
[1.625s] [ 64%] [32mBuilding CXX object CMakeFiles/lecture3_interfaces__rosidl_typesupport_fastrtps_c.dir/rosidl_typesupport_fastrtps_c/lecture3_interfaces/srv/detail/example_srv__type_support_c.cpp.o[0m
[1.631s] [ 64%] Built target lecture3_interfaces__rosidl_typesupport_introspection_c
[1.653s] [ 66%] [32m[1mLinking CXX shared library liblecture3_interfaces__rosidl_typesupport_cpp.so[0m
[1.682s] [ 66%] Built target lecture3_interfaces__rosidl_typesupport_cpp
[1.720s] [ 69%] [32m[1mLinking CXX shared library liblecture3_interfaces__rosidl_typesupport_introspection_cpp.so[0m
[1.763s] [ 69%] Built target lecture3_interfaces__rosidl_typesupport_introspection_cpp
[1.795s] [ 71%] [32m[1mLinking CXX shared library liblecture3_interfaces__rosidl_typesupport_fastrtps_cpp.so[0m
[1.837s] [ 74%] [32m[1mLinking CXX shared library liblecture3_interfaces__rosidl_typesupport_fastrtps_c.so[0m
[1.843s] [ 74%] Built target lecture3_interfaces__rosidl_typesupport_fastrtps_cpp
[1.882s] [ 74%] Built target lecture3_interfaces__rosidl_typesupport_fastrtps_c
[1.894s] [ 74%] Built target lecture3_interfaces
[1.906s] [ 76%] [34m[1mGenerating Python code for ROS interfaces[0m
[2.252s] [ 76%] Built target lecture3_interfaces__py
[2.259s] [35m[1mConsolidate compiler generated dependencies of target lecture3_interfaces__rosidl_generator_py[0m
[2.266s] [ 82%] [32mBuilding C object CMakeFiles/lecture3_interfaces__rosidl_generator_py.dir/rosidl_generator_py/lecture3_interfaces/srv/_example_srv_s.c.o[0m
[2.267s] [ 82%] [32mBuilding C object CMakeFiles/lecture3_interfaces__rosidl_generator_py.dir/rosidl_generator_py/lecture3_interfaces/msg/_example_msg_s.c.o[0m
[2.333s] [ 84%] [32m[1mLinking C shared library rosidl_generator_py/lecture3_interfaces/liblecture3_interfaces__rosidl_generator_py.so[0m
[2.464s] [ 84%] Built target lecture3_interfaces__rosidl_generator_py
[2.471s] [35m[1mConsolidate compiler generated dependencies of target lecture3_interfaces__rosidl_typesupport_fastrtps_c__pyext[0m
[2.471s] [35m[1mConsolidate compiler generated dependencies of target lecture3_interfaces__rosidl_typesupport_introspection_c__pyext[0m
[2.471s] [35m[1mConsolidate compiler generated dependencies of target lecture3_interfaces__rosidl_typesupport_c__pyext[0m
[2.479s] [ 92%] [32mBuilding C object CMakeFiles/lecture3_interfaces__rosidl_typesupport_c__pyext.dir/rosidl_generator_py/lecture3_interfaces/_lecture3_interfaces_s.ep.rosidl_typesupport_c.c.o[0m
[2.479s] [ 92%] [32mBuilding C object CMakeFiles/lecture3_interfaces__rosidl_typesupport_fastrtps_c__pyext.dir/rosidl_generator_py/lecture3_interfaces/_lecture3_interfaces_s.ep.rosidl_typesupport_fastrtps_c.c.o[0m
[2.479s] [ 92%] [32mBuilding C object CMakeFiles/lecture3_interfaces__rosidl_typesupport_introspection_c__pyext.dir/rosidl_generator_py/lecture3_interfaces/_lecture3_interfaces_s.ep.rosidl_typesupport_introspection_c.c.o[0m
[2.544s] [100%] [32m[1mLinking C shared library rosidl_generator_py/lecture3_interfaces/lecture3_interfaces_s__rosidl_typesupport_introspection_c.cpython-310-x86_64-linux-gnu.so[0m
[2.544s] [100%] [32m[1mLinking C shared library rosidl_generator_py/lecture3_interfaces/lecture3_interfaces_s__rosidl_typesupport_c.cpython-310-x86_64-linux-gnu.so[0m
[2.544s] [100%] [32m[1mLinking C shared library rosidl_generator_py/lecture3_interfaces/lecture3_interfaces_s__rosidl_typesupport_fastrtps_c.cpython-310-x86_64-linux-gnu.so[0m
[2.569s] [100%] Built target lecture3_interfaces__rosidl_typesupport_c__pyext
[2.569s] [100%] Built target lecture3_interfaces__rosidl_typesupport_introspection_c__pyext
[2.569s] [100%] Built target lecture3_interfaces__rosidl_typesupport_fastrtps_c__pyext
[2.576s] Invoked command in '/home/kireiji/RoboticsDev_ws/build/lecture3_interfaces' returned '0': CMAKE_PREFIX_PATH=${CMAKE_PREFIX_PATH}:/home/kireiji/RoboticsDev_ws/install/turtlesim_plus:/home/kireiji/RoboticsDev_ws/install/launch_testing_examples:/home/kireiji/RoboticsDev_ws/install/examples_rclpy_pointcloud_publisher:/home/kireiji/RoboticsDev_ws/install/examples_rclpy_minimal_subscriber:/home/kireiji/RoboticsDev_ws/install/examples_rclpy_minimal_service:/home/kireiji/RoboticsDev_ws/install/examples_rclpy_minimal_publisher:/home/kireiji/RoboticsDev_ws/install/examples_rclpy_minimal_client:/home/kireiji/RoboticsDev_ws/install/examples_rclpy_minimal_action_server:/home/kireiji/RoboticsDev_ws/install/examples_rclpy_minimal_action_client:/home/kireiji/RoboticsDev_ws/install/examples_rclpy_guard_conditions:/home/kireiji/RoboticsDev_ws/install/examples_rclpy_executors:/home/kireiji/ros2_ws/install/my_py_pkg:/opt/ros/humble /usr/bin/cmake --build /home/kireiji/RoboticsDev_ws/build/lecture3_interfaces -- -j16 -l16
[2.642s] Invoking command in '/home/kireiji/RoboticsDev_ws/build/lecture3_interfaces': CMAKE_PREFIX_PATH=${CMAKE_PREFIX_PATH}:/home/kireiji/RoboticsDev_ws/install/turtlesim_plus:/home/kireiji/RoboticsDev_ws/install/launch_testing_examples:/home/kireiji/RoboticsDev_ws/install/examples_rclpy_pointcloud_publisher:/home/kireiji/RoboticsDev_ws/install/examples_rclpy_minimal_subscriber:/home/kireiji/RoboticsDev_ws/install/examples_rclpy_minimal_service:/home/kireiji/RoboticsDev_ws/install/examples_rclpy_minimal_publisher:/home/kireiji/RoboticsDev_ws/install/examples_rclpy_minimal_client:/home/kireiji/RoboticsDev_ws/install/examples_rclpy_minimal_action_server:/home/kireiji/RoboticsDev_ws/install/examples_rclpy_minimal_action_client:/home/kireiji/RoboticsDev_ws/install/examples_rclpy_guard_conditions:/home/kireiji/RoboticsDev_ws/install/examples_rclpy_executors:/home/kireiji/ros2_ws/install/my_py_pkg:/opt/ros/humble /usr/bin/cmake --install /home/kireiji/RoboticsDev_ws/build/lecture3_interfaces
[2.647s] -- Install configuration: ""
[2.647s] -- Installing: /home/kireiji/RoboticsDev_ws/install/lecture3_interfaces/share/ament_index/resource_index/rosidl_interfaces/lecture3_interfaces
[2.647s] -- Up-to-date: /home/kireiji/RoboticsDev_ws/install/lecture3_interfaces/include/lecture3_interfaces/lecture3_interfaces
[2.647s] -- Up-to-date: /home/kireiji/RoboticsDev_ws/install/lecture3_interfaces/include/lecture3_interfaces/lecture3_interfaces/msg
[2.647s] -- Up-to-date: /home/kireiji/RoboticsDev_ws/install/lecture3_interfaces/include/lecture3_interfaces/lecture3_interfaces/msg/rosidl_generator_c__visibility_control.h
[2.647s] -- Up-to-date: /home/kireiji/RoboticsDev_ws/install/lecture3_interfaces/include/lecture3_interfaces/lecture3_interfaces/msg/detail
[2.647s] -- Installing: /home/kireiji/RoboticsDev_ws/install/lecture3_interfaces/include/lecture3_interfaces/lecture3_interfaces/msg/detail/example_msg__type_support.h
[2.647s] -- Installing: /home/kireiji/RoboticsDev_ws/install/lecture3_interfaces/include/lecture3_interfaces/lecture3_interfaces/msg/detail/example_msg__struct.h
[2.647s] -- Installing: /home/kireiji/RoboticsDev_ws/install/lecture3_interfaces/include/lecture3_interfaces/lecture3_interfaces/msg/detail/example_msg__functions.c
[2.648s] -- Installing: /home/kireiji/RoboticsDev_ws/install/lecture3_interfaces/include/lecture3_interfaces/lecture3_interfaces/msg/detail/example_msg__functions.h
[2.648s] -- Installing: /home/kireiji/RoboticsDev_ws/install/lecture3_interfaces/include/lecture3_interfaces/lecture3_interfaces/msg/example_msg.h
[2.648s] -- Up-to-date: /home/kireiji/RoboticsDev_ws/install/lecture3_interfaces/include/lecture3_interfaces/lecture3_interfaces/srv
[2.648s] -- Up-to-date: /home/kireiji/RoboticsDev_ws/install/lecture3_interfaces/include/lecture3_interfaces/lecture3_interfaces/srv/detail
[2.648s] -- Up-to-date: /home/kireiji/RoboticsDev_ws/install/lecture3_interfaces/include/lecture3_interfaces/lecture3_interfaces/srv/detail/example_msg__type_support.h
[2.648s] -- Up-to-date: /home/kireiji/RoboticsDev_ws/install/lecture3_interfaces/include/lecture3_interfaces/lecture3_interfaces/srv/detail/example_msg__struct.h
[2.648s] -- Installing: /home/kireiji/RoboticsDev_ws/install/lecture3_interfaces/include/lecture3_interfaces/lecture3_interfaces/srv/detail/example_srv__type_support.h
[2.648s] -- Installing: /home/kireiji/RoboticsDev_ws/install/lecture3_interfaces/include/lecture3_interfaces/lecture3_interfaces/srv/detail/example_srv__functions.c
[2.648s] -- Installing: /home/kireiji/RoboticsDev_ws/install/lecture3_interfaces/include/lecture3_interfaces/lecture3_interfaces/srv/detail/example_srv__struct.h
[2.648s] -- Up-to-date: /home/kireiji/RoboticsDev_ws/install/lecture3_interfaces/include/lecture3_interfaces/lecture3_interfaces/srv/detail/example_msg__functions.c
[2.648s] -- Installing: /home/kireiji/RoboticsDev_ws/install/lecture3_interfaces/include/lecture3_interfaces/lecture3_interfaces/srv/detail/example_srv__functions.h
[2.648s] -- Up-to-date: /home/kireiji/RoboticsDev_ws/install/lecture3_interfaces/include/lecture3_interfaces/lecture3_interfaces/srv/detail/example_msg__functions.h
[2.648s] -- Installing: /home/kireiji/RoboticsDev_ws/install/lecture3_interfaces/include/lecture3_interfaces/lecture3_interfaces/srv/example_srv.h
[2.648s] -- Up-to-date: /home/kireiji/RoboticsDev_ws/install/lecture3_interfaces/include/lecture3_interfaces/lecture3_interfaces/srv/example_msg.h
[2.648s] -- Up-to-date: /home/kireiji/RoboticsDev_ws/install/lecture3_interfaces/share/lecture3_interfaces/environment/library_path.sh
[2.648s] -- Installing: /home/kireiji/RoboticsDev_ws/install/lecture3_interfaces/share/lecture3_interfaces/environment/library_path.dsv
[2.648s] -- Installing: /home/kireiji/RoboticsDev_ws/install/lecture3_interfaces/lib/liblecture3_interfaces__rosidl_generator_c.so
[2.648s] -- Set runtime path of "/home/kireiji/RoboticsDev_ws/install/lecture3_interfaces/lib/liblecture3_interfaces__rosidl_generator_c.so" to ""
[2.648s] -- Up-to-date: /home/kireiji/RoboticsDev_ws/install/lecture3_interfaces/include/lecture3_interfaces/lecture3_interfaces
[2.648s] -- Up-to-date: /home/kireiji/RoboticsDev_ws/install/lecture3_interfaces/include/lecture3_interfaces/lecture3_interfaces/msg
[2.648s] -- Up-to-date: /home/kireiji/RoboticsDev_ws/install/lecture3_interfaces/include/lecture3_interfaces/lecture3_interfaces/msg/rosidl_typesupport_fastrtps_c__visibility_control.h
[2.648s] -- Up-to-date: /home/kireiji/RoboticsDev_ws/install/lecture3_interfaces/include/lecture3_interfaces/lecture3_interfaces/msg/detail
[2.648s] -- Installing: /home/kireiji/RoboticsDev_ws/install/lecture3_interfaces/include/lecture3_interfaces/lecture3_interfaces/msg/detail/example_msg__rosidl_typesupport_fastrtps_c.h
[2.648s] -- Up-to-date: /home/kireiji/RoboticsDev_ws/install/lecture3_interfaces/include/lecture3_interfaces/lecture3_interfaces/srv
[2.648s] -- Up-to-date: /home/kireiji/RoboticsDev_ws/install/lecture3_interfaces/include/lecture3_interfaces/lecture3_interfaces/srv/detail
[2.648s] -- Up-to-date: /home/kireiji/RoboticsDev_ws/install/lecture3_interfaces/include/lecture3_interfaces/lecture3_interfaces/srv/detail/example_msg__rosidl_typesupport_fastrtps_c.h
[2.649s] -- Installing: /home/kireiji/RoboticsDev_ws/install/lecture3_interfaces/include/lecture3_interfaces/lecture3_interfaces/srv/detail/example_srv__rosidl_typesupport_fastrtps_c.h
[2.649s] -- Installing: /home/kireiji/RoboticsDev_ws/install/lecture3_interfaces/lib/liblecture3_interfaces__rosidl_typesupport_fastrtps_c.so
[2.649s] -- Set runtime path of "/home/kireiji/RoboticsDev_ws/install/lecture3_interfaces/lib/liblecture3_interfaces__rosidl_typesupport_fastrtps_c.so" to ""
[2.649s] -- Up-to-date: /home/kireiji/RoboticsDev_ws/install/lecture3_interfaces/include/lecture3_interfaces/lecture3_interfaces
[2.649s] -- Up-to-date: /home/kireiji/RoboticsDev_ws/install/lecture3_interfaces/include/lecture3_interfaces/lecture3_interfaces/msg
[2.649s] -- Installing: /home/kireiji/RoboticsDev_ws/install/lecture3_interfaces/include/lecture3_interfaces/lecture3_interfaces/msg/example_msg.hpp
[2.649s] -- Up-to-date: /home/kireiji/RoboticsDev_ws/install/lecture3_interfaces/include/lecture3_interfaces/lecture3_interfaces/msg/detail
[2.649s] -- Installing: /home/kireiji/RoboticsDev_ws/install/lecture3_interfaces/include/lecture3_interfaces/lecture3_interfaces/msg/detail/example_msg__struct.hpp
[2.649s] -- Installing: /home/kireiji/RoboticsDev_ws/install/lecture3_interfaces/include/lecture3_interfaces/lecture3_interfaces/msg/detail/example_msg__traits.hpp
[2.649s] -- Installing: /home/kireiji/RoboticsDev_ws/install/lecture3_interfaces/include/lecture3_interfaces/lecture3_interfaces/msg/detail/example_msg__builder.hpp
[2.649s] -- Up-to-date: /home/kireiji/RoboticsDev_ws/install/lecture3_interfaces/include/lecture3_interfaces/lecture3_interfaces/srv
[2.649s] -- Up-to-date: /home/kireiji/RoboticsDev_ws/install/lecture3_interfaces/include/lecture3_interfaces/lecture3_interfaces/srv/example_msg.hpp
[2.649s] -- Installing: /home/kireiji/RoboticsDev_ws/install/lecture3_interfaces/include/lecture3_interfaces/lecture3_interfaces/srv/example_srv.hpp
[2.649s] -- Up-to-date: /home/kireiji/RoboticsDev_ws/install/lecture3_interfaces/include/lecture3_interfaces/lecture3_interfaces/srv/detail
[2.649s] -- Installing: /home/kireiji/RoboticsDev_ws/install/lecture3_interfaces/include/lecture3_interfaces/lecture3_interfaces/srv/detail/example_srv__traits.hpp
[2.649s] -- Installing: /home/kireiji/RoboticsDev_ws/install/lecture3_interfaces/include/lecture3_interfaces/lecture3_interfaces/srv/detail/example_srv__struct.hpp
[2.649s] -- Up-to-date: /home/kireiji/RoboticsDev_ws/install/lecture3_interfaces/include/lecture3_interfaces/lecture3_interfaces/srv/detail/example_msg__struct.hpp
[2.649s] -- Up-to-date: /home/kireiji/RoboticsDev_ws/install/lecture3_interfaces/include/lecture3_interfaces/lecture3_interfaces/srv/detail/example_msg__traits.hpp
[2.649s] -- Installing: /home/kireiji/RoboticsDev_ws/install/lecture3_interfaces/include/lecture3_interfaces/lecture3_interfaces/srv/detail/example_srv__builder.hpp
[2.649s] -- Up-to-date: /home/kireiji/RoboticsDev_ws/install/lecture3_interfaces/include/lecture3_interfaces/lecture3_interfaces/srv/detail/example_msg__builder.hpp
[2.649s] -- Up-to-date: /home/kireiji/RoboticsDev_ws/install/lecture3_interfaces/include/lecture3_interfaces/lecture3_interfaces
[2.649s] -- Up-to-date: /home/kireiji/RoboticsDev_ws/install/lecture3_interfaces/include/lecture3_interfaces/lecture3_interfaces/msg
[2.649s] -- Up-to-date: /home/kireiji/RoboticsDev_ws/install/lecture3_interfaces/include/lecture3_interfaces/lecture3_interfaces/msg/rosidl_typesupport_fastrtps_cpp__visibility_control.h
[2.649s] -- Up-to-date: /home/kireiji/RoboticsDev_ws/install/lecture3_interfaces/include/lecture3_interfaces/lecture3_interfaces/msg/detail
[2.650s] -- Up-to-date: /home/kireiji/RoboticsDev_ws/install/lecture3_interfaces/include/lecture3_interfaces/lecture3_interfaces/msg/detail/dds_fastrtps
[2.650s] -- Installing: /home/kireiji/RoboticsDev_ws/install/lecture3_interfaces/include/lecture3_interfaces/lecture3_interfaces/msg/detail/example_msg__rosidl_typesupport_fastrtps_cpp.hpp
[2.650s] -- Up-to-date: /home/kireiji/RoboticsDev_ws/install/lecture3_interfaces/include/lecture3_interfaces/lecture3_interfaces/srv
[2.650s] -- Up-to-date: /home/kireiji/RoboticsDev_ws/install/lecture3_interfaces/include/lecture3_interfaces/lecture3_interfaces/srv/detail
[2.650s] -- Installing: /home/kireiji/RoboticsDev_ws/install/lecture3_interfaces/include/lecture3_interfaces/lecture3_interfaces/srv/detail/example_srv__rosidl_typesupport_fastrtps_cpp.hpp
[2.650s] -- Up-to-date: /home/kireiji/RoboticsDev_ws/install/lecture3_interfaces/include/lecture3_interfaces/lecture3_interfaces/srv/detail/dds_fastrtps
[2.650s] -- Up-to-date: /home/kireiji/RoboticsDev_ws/install/lecture3_interfaces/include/lecture3_interfaces/lecture3_interfaces/srv/detail/example_msg__rosidl_typesupport_fastrtps_cpp.hpp
[2.650s] -- Installing: /home/kireiji/RoboticsDev_ws/install/lecture3_interfaces/lib/liblecture3_interfaces__rosidl_typesupport_fastrtps_cpp.so
[2.650s] -- Set runtime path of "/home/kireiji/RoboticsDev_ws/install/lecture3_interfaces/lib/liblecture3_interfaces__rosidl_typesupport_fastrtps_cpp.so" to ""
[2.650s] -- Up-to-date: /home/kireiji/RoboticsDev_ws/install/lecture3_interfaces/include/lecture3_interfaces/lecture3_interfaces
[2.650s] -- Up-to-date: /home/kireiji/RoboticsDev_ws/install/lecture3_interfaces/include/lecture3_interfaces/lecture3_interfaces/msg
[2.650s] -- Up-to-date: /home/kireiji/RoboticsDev_ws/install/lecture3_interfaces/include/lecture3_interfaces/lecture3_interfaces/msg/detail
[2.650s] -- Installing: /home/kireiji/RoboticsDev_ws/install/lecture3_interfaces/include/lecture3_interfaces/lecture3_interfaces/msg/detail/example_msg__type_support.c
[2.650s] -- Installing: /home/kireiji/RoboticsDev_ws/install/lecture3_interfaces/include/lecture3_interfaces/lecture3_interfaces/msg/detail/example_msg__rosidl_typesupport_introspection_c.h
[2.650s] -- Up-to-date: /home/kireiji/RoboticsDev_ws/install/lecture3_interfaces/include/lecture3_interfaces/lecture3_interfaces/msg/rosidl_typesupport_introspection_c__visibility_control.h
[2.650s] -- Up-to-date: /home/kireiji/RoboticsDev_ws/install/lecture3_interfaces/include/lecture3_interfaces/lecture3_interfaces/srv
[2.650s] -- Up-to-date: /home/kireiji/RoboticsDev_ws/install/lecture3_interfaces/include/lecture3_interfaces/lecture3_interfaces/srv/detail
[2.650s] -- Installing: /home/kireiji/RoboticsDev_ws/install/lecture3_interfaces/include/lecture3_interfaces/lecture3_interfaces/srv/detail/example_srv__type_support.c
[2.650s] -- Installing: /home/kireiji/RoboticsDev_ws/install/lecture3_interfaces/include/lecture3_interfaces/lecture3_interfaces/srv/detail/example_srv__rosidl_typesupport_introspection_c.h
[2.650s] -- Up-to-date: /home/kireiji/RoboticsDev_ws/install/lecture3_interfaces/include/lecture3_interfaces/lecture3_interfaces/srv/detail/example_msg__type_support.c
[2.650s] -- Up-to-date: /home/kireiji/RoboticsDev_ws/install/lecture3_interfaces/include/lecture3_interfaces/lecture3_interfaces/srv/detail/example_msg__rosidl_typesupport_introspection_c.h
[2.650s] -- Installing: /home/kireiji/RoboticsDev_ws/install/lecture3_interfaces/lib/liblecture3_interfaces__rosidl_typesupport_introspection_c.so
[2.650s] -- Set runtime path of "/home/kireiji/RoboticsDev_ws/install/lecture3_interfaces/lib/liblecture3_interfaces__rosidl_typesupport_introspection_c.so" to ""
[2.650s] -- Installing: /home/kireiji/RoboticsDev_ws/install/lecture3_interfaces/lib/liblecture3_interfaces__rosidl_typesupport_c.so
[2.650s] -- Set runtime path of "/home/kireiji/RoboticsDev_ws/install/lecture3_interfaces/lib/liblecture3_interfaces__rosidl_typesupport_c.so" to ""
[2.650s] -- Up-to-date: /home/kireiji/RoboticsDev_ws/install/lecture3_interfaces/include/lecture3_interfaces/lecture3_interfaces
[2.651s] -- Up-to-date: /home/kireiji/RoboticsDev_ws/install/lecture3_interfaces/include/lecture3_interfaces/lecture3_interfaces/msg
[2.651s] -- Up-to-date: /home/kireiji/RoboticsDev_ws/install/lecture3_interfaces/include/lecture3_interfaces/lecture3_interfaces/msg/detail
[2.651s] -- Installing: /home/kireiji/RoboticsDev_ws/install/lecture3_interfaces/include/lecture3_interfaces/lecture3_interfaces/msg/detail/example_msg__rosidl_typesupport_introspection_cpp.hpp
[2.651s] -- Installing: /home/kireiji/RoboticsDev_ws/install/lecture3_interfaces/include/lecture3_interfaces/lecture3_interfaces/msg/detail/example_msg__type_support.cpp
[2.651s] -- Up-to-date: /home/kireiji/RoboticsDev_ws/install/lecture3_interfaces/include/lecture3_interfaces/lecture3_interfaces/srv
[2.651s] -- Up-to-date: /home/kireiji/RoboticsDev_ws/install/lecture3_interfaces/include/lecture3_interfaces/lecture3_interfaces/srv/detail
[2.651s] -- Up-to-date: /home/kireiji/RoboticsDev_ws/install/lecture3_interfaces/include/lecture3_interfaces/lecture3_interfaces/srv/detail/example_msg__rosidl_typesupport_introspection_cpp.hpp
[2.651s] -- Installing: /home/kireiji/RoboticsDev_ws/install/lecture3_interfaces/include/lecture3_interfaces/lecture3_interfaces/srv/detail/example_srv__rosidl_typesupport_introspection_cpp.hpp
[2.651s] -- Up-to-date: /home/kireiji/RoboticsDev_ws/install/lecture3_interfaces/include/lecture3_interfaces/lecture3_interfaces/srv/detail/example_msg__type_support.cpp
[2.651s] -- Installing: /home/kireiji/RoboticsDev_ws/install/lecture3_interfaces/include/lecture3_interfaces/lecture3_interfaces/srv/detail/example_srv__type_support.cpp
[2.651s] -- Installing: /home/kireiji/RoboticsDev_ws/install/lecture3_interfaces/lib/liblecture3_interfaces__rosidl_typesupport_introspection_cpp.so
[2.651s] -- Set runtime path of "/home/kireiji/RoboticsDev_ws/install/lecture3_interfaces/lib/liblecture3_interfaces__rosidl_typesupport_introspection_cpp.so" to ""
[2.651s] -- Installing: /home/kireiji/RoboticsDev_ws/install/lecture3_interfaces/lib/liblecture3_interfaces__rosidl_typesupport_cpp.so
[2.651s] -- Set runtime path of "/home/kireiji/RoboticsDev_ws/install/lecture3_interfaces/lib/liblecture3_interfaces__rosidl_typesupport_cpp.so" to ""
[2.651s] -- Up-to-date: /home/kireiji/RoboticsDev_ws/install/lecture3_interfaces/share/lecture3_interfaces/environment/pythonpath.sh
[2.651s] -- Installing: /home/kireiji/RoboticsDev_ws/install/lecture3_interfaces/share/lecture3_interfaces/environment/pythonpath.dsv
[2.651s] -- Up-to-date: /home/kireiji/RoboticsDev_ws/install/lecture3_interfaces/lib/python3.10/site-packages/lecture3_interfaces-0.0.0-py3.10.egg-info
[2.651s] -- Installing: /home/kireiji/RoboticsDev_ws/install/lecture3_interfaces/lib/python3.10/site-packages/lecture3_interfaces-0.0.0-py3.10.egg-info/PKG-INFO
[2.651s] -- Installing: /home/kireiji/RoboticsDev_ws/install/lecture3_interfaces/lib/python3.10/site-packages/lecture3_interfaces-0.0.0-py3.10.egg-info/dependency_links.txt
[2.651s] -- Installing: /home/kireiji/RoboticsDev_ws/install/lecture3_interfaces/lib/python3.10/site-packages/lecture3_interfaces-0.0.0-py3.10.egg-info/top_level.txt
[2.651s] -- Installing: /home/kireiji/RoboticsDev_ws/install/lecture3_interfaces/lib/python3.10/site-packages/lecture3_interfaces-0.0.0-py3.10.egg-info/SOURCES.txt
[2.652s] -- Up-to-date: /home/kireiji/RoboticsDev_ws/install/lecture3_interfaces/lib/python3.10/site-packages/lecture3_interfaces
[2.652s] -- Installing: /home/kireiji/RoboticsDev_ws/install/lecture3_interfaces/lib/python3.10/site-packages/lecture3_interfaces/lecture3_interfaces_s__rosidl_typesupport_introspection_c.cpython-310-x86_64-linux-gnu.so
[2.652s] -- Installing: /home/kireiji/RoboticsDev_ws/install/lecture3_interfaces/lib/python3.10/site-packages/lecture3_interfaces/_lecture3_interfaces_s.ep.rosidl_typesupport_introspection_c.c
[2.652s] -- Installing: /home/kireiji/RoboticsDev_ws/install/lecture3_interfaces/lib/python3.10/site-packages/lecture3_interfaces/__init__.py
[2.652s] -- Up-to-date: /home/kireiji/RoboticsDev_ws/install/lecture3_interfaces/lib/python3.10/site-packages/lecture3_interfaces/msg
[2.652s] -- Installing: /home/kireiji/RoboticsDev_ws/install/lecture3_interfaces/lib/python3.10/site-packages/lecture3_interfaces/msg/__init__.py
[2.652s] -- Installing: /home/kireiji/RoboticsDev_ws/install/lecture3_interfaces/lib/python3.10/site-packages/lecture3_interfaces/msg/_example_msg_s.c
[2.652s] -- Installing: /home/kireiji/RoboticsDev_ws/install/lecture3_interfaces/lib/python3.10/site-packages/lecture3_interfaces/msg/_example_msg.py
[2.652s] -- Installing: /home/kireiji/RoboticsDev_ws/install/lecture3_interfaces/lib/python3.10/site-packages/lecture3_interfaces/lecture3_interfaces_s__rosidl_typesupport_c.cpython-310-x86_64-linux-gnu.so
[2.652s] -- Up-to-date: /home/kireiji/RoboticsDev_ws/install/lecture3_interfaces/lib/python3.10/site-packages/lecture3_interfaces/srv
[2.652s] -- Installing: /home/kireiji/RoboticsDev_ws/install/lecture3_interfaces/lib/python3.10/site-packages/lecture3_interfaces/srv/__init__.py
[2.652s] -- Up-to-date: /home/kireiji/RoboticsDev_ws/install/lecture3_interfaces/lib/python3.10/site-packages/lecture3_interfaces/srv/_example_msg_s.c
[2.652s] -- Up-to-date: /home/kireiji/RoboticsDev_ws/install/lecture3_interfaces/lib/python3.10/site-packages/lecture3_interfaces/srv/_example_msg.py
[2.652s] -- Installing: /home/kireiji/RoboticsDev_ws/install/lecture3_interfaces/lib/python3.10/site-packages/lecture3_interfaces/srv/_example_srv.py
[2.652s] -- Installing: /home/kireiji/RoboticsDev_ws/install/lecture3_interfaces/lib/python3.10/site-packages/lecture3_interfaces/srv/_example_srv_s.c
[2.652s] -- Installing: /home/kireiji/RoboticsDev_ws/install/lecture3_interfaces/lib/python3.10/site-packages/lecture3_interfaces/_lecture3_interfaces_s.ep.rosidl_typesupport_c.c
[2.652s] -- Installing: /home/kireiji/RoboticsDev_ws/install/lecture3_interfaces/lib/python3.10/site-packages/lecture3_interfaces/liblecture3_interfaces__rosidl_generator_py.so
[2.662s] -- Installing: /home/kireiji/RoboticsDev_ws/install/lecture3_interfaces/lib/python3.10/site-packages/lecture3_interfaces/lecture3_interfaces_s__rosidl_typesupport_fastrtps_c.cpython-310-x86_64-linux-gnu.so
[2.662s] -- Installing: /home/kireiji/RoboticsDev_ws/install/lecture3_interfaces/lib/python3.10/site-packages/lecture3_interfaces/_lecture3_interfaces_s.ep.rosidl_typesupport_fastrtps_c.c
[2.694s] Listing '/home/kireiji/RoboticsDev_ws/install/lecture3_interfaces/lib/python3.10/site-packages/lecture3_interfaces'...
[2.694s] Compiling '/home/kireiji/RoboticsDev_ws/install/lecture3_interfaces/lib/python3.10/site-packages/lecture3_interfaces/__init__.py'...
[2.694s] Listing '/home/kireiji/RoboticsDev_ws/install/lecture3_interfaces/lib/python3.10/site-packages/lecture3_interfaces/msg'...
[2.694s] Compiling '/home/kireiji/RoboticsDev_ws/install/lecture3_interfaces/lib/python3.10/site-packages/lecture3_interfaces/msg/__init__.py'...
[2.694s] Compiling '/home/kireiji/RoboticsDev_ws/install/lecture3_interfaces/lib/python3.10/site-packages/lecture3_interfaces/msg/_example_msg.py'...
[2.694s] Listing '/home/kireiji/RoboticsDev_ws/install/lecture3_interfaces/lib/python3.10/site-packages/lecture3_interfaces/srv'...
[2.694s] Compiling '/home/kireiji/RoboticsDev_ws/install/lecture3_interfaces/lib/python3.10/site-packages/lecture3_interfaces/srv/__init__.py'...
[2.694s] Compiling '/home/kireiji/RoboticsDev_ws/install/lecture3_interfaces/lib/python3.10/site-packages/lecture3_interfaces/srv/_example_srv.py'...
[2.697s] -- Installing: /home/kireiji/RoboticsDev_ws/install/lecture3_interfaces/lib/python3.10/site-packages/lecture3_interfaces/lecture3_interfaces_s__rosidl_typesupport_fastrtps_c.cpython-310-x86_64-linux-gnu.so
[2.697s] -- Set runtime path of "/home/kireiji/RoboticsDev_ws/install/lecture3_interfaces/lib/python3.10/site-packages/lecture3_interfaces/lecture3_interfaces_s__rosidl_typesupport_fastrtps_c.cpython-310-x86_64-linux-gnu.so" to ""
[2.697s] -- Installing: /home/kireiji/RoboticsDev_ws/install/lecture3_interfaces/lib/python3.10/site-packages/lecture3_interfaces/lecture3_interfaces_s__rosidl_typesupport_introspection_c.cpython-310-x86_64-linux-gnu.so
[2.697s] -- Set runtime path of "/home/kireiji/RoboticsDev_ws/install/lecture3_interfaces/lib/python3.10/site-packages/lecture3_interfaces/lecture3_interfaces_s__rosidl_typesupport_introspection_c.cpython-310-x86_64-linux-gnu.so" to ""
[2.697s] -- Installing: /home/kireiji/RoboticsDev_ws/install/lecture3_interfaces/lib/python3.10/site-packages/lecture3_interfaces/lecture3_interfaces_s__rosidl_typesupport_c.cpython-310-x86_64-linux-gnu.so
[2.697s] -- Set runtime path of "/home/kireiji/RoboticsDev_ws/install/lecture3_interfaces/lib/python3.10/site-packages/lecture3_interfaces/lecture3_interfaces_s__rosidl_typesupport_c.cpython-310-x86_64-linux-gnu.so" to ""
[2.698s] -- Installing: /home/kireiji/RoboticsDev_ws/install/lecture3_interfaces/lib/liblecture3_interfaces__rosidl_generator_py.so
[2.707s] -- Set runtime path of "/home/kireiji/RoboticsDev_ws/install/lecture3_interfaces/lib/liblecture3_interfaces__rosidl_generator_py.so" to ""
[2.707s] -- Up-to-date: /home/kireiji/RoboticsDev_ws/install/lecture3_interfaces/share/lecture3_interfaces/msg/ExampleMsg.idl
[2.707s] -- Installing: /home/kireiji/RoboticsDev_ws/install/lecture3_interfaces/share/lecture3_interfaces/srv/ExampleSrv.idl
[2.707s] -- Up-to-date: /home/kireiji/RoboticsDev_ws/install/lecture3_interfaces/share/lecture3_interfaces/msg/ExampleMsg.msg
[2.707s] -- Installing: /home/kireiji/RoboticsDev_ws/install/lecture3_interfaces/share/lecture3_interfaces/srv/ExampleSrv.srv
[2.707s] -- Installing: /home/kireiji/RoboticsDev_ws/install/lecture3_interfaces/share/lecture3_interfaces/srv/ExampleSrv_Request.msg
[2.707s] -- Installing: /home/kireiji/RoboticsDev_ws/install/lecture3_interfaces/share/lecture3_interfaces/srv/ExampleSrv_Response.msg
[2.707s] -- Up-to-date: /home/kireiji/RoboticsDev_ws/install/lecture3_interfaces/share/ament_index/resource_index/package_run_dependencies/lecture3_interfaces
[2.707s] -- Installing: /home/kireiji/RoboticsDev_ws/install/lecture3_interfaces/share/ament_index/resource_index/parent_prefix_path/lecture3_interfaces
[2.707s] -- Up-to-date: /home/kireiji/RoboticsDev_ws/install/lecture3_interfaces/share/lecture3_interfaces/environment/ament_prefix_path.sh
[2.707s] -- Installing: /home/kireiji/RoboticsDev_ws/install/lecture3_interfaces/share/lecture3_interfaces/environment/ament_prefix_path.dsv
[2.707s] -- Up-to-date: /home/kireiji/RoboticsDev_ws/install/lecture3_interfaces/share/lecture3_interfaces/environment/path.sh
[2.707s] -- Installing: /home/kireiji/RoboticsDev_ws/install/lecture3_interfaces/share/lecture3_interfaces/environment/path.dsv
[2.707s] -- Up-to-date: /home/kireiji/RoboticsDev_ws/install/lecture3_interfaces/share/lecture3_interfaces/local_setup.bash
[2.707s] -- Up-to-date: /home/kireiji/RoboticsDev_ws/install/lecture3_interfaces/share/lecture3_interfaces/local_setup.sh
[2.707s] -- Up-to-date: /home/kireiji/RoboticsDev_ws/install/lecture3_interfaces/share/lecture3_interfaces/local_setup.zsh
[2.707s] -- Installing: /home/kireiji/RoboticsDev_ws/install/lecture3_interfaces/share/lecture3_interfaces/local_setup.dsv
[2.707s] -- Installing: /home/kireiji/RoboticsDev_ws/install/lecture3_interfaces/share/lecture3_interfaces/package.dsv
[2.707s] -- Up-to-date: /home/kireiji/RoboticsDev_ws/install/lecture3_interfaces/share/ament_index/resource_index/packages/lecture3_interfaces
[2.707s] -- Up-to-date: /home/kireiji/RoboticsDev_ws/install/lecture3_interfaces/share/lecture3_interfaces/cmake/export_lecture3_interfaces__rosidl_generator_cExport.cmake
[2.707s] -- Up-to-date: /home/kireiji/RoboticsDev_ws/install/lecture3_interfaces/share/lecture3_interfaces/cmake/export_lecture3_interfaces__rosidl_generator_cExport-noconfig.cmake
[2.707s] -- Up-to-date: /home/kireiji/RoboticsDev_ws/install/lecture3_interfaces/share/lecture3_interfaces/cmake/export_lecture3_interfaces__rosidl_typesupport_fastrtps_cExport.cmake
[2.708s] -- Up-to-date: /home/kireiji/RoboticsDev_ws/install/lecture3_interfaces/share/lecture3_interfaces/cmake/export_lecture3_interfaces__rosidl_typesupport_fastrtps_cExport-noconfig.cmake
[2.708s] -- Up-to-date: /home/kireiji/RoboticsDev_ws/install/lecture3_interfaces/share/lecture3_interfaces/cmake/export_lecture3_interfaces__rosidl_generator_cppExport.cmake
[2.708s] -- Up-to-date: /home/kireiji/RoboticsDev_ws/install/lecture3_interfaces/share/lecture3_interfaces/cmake/export_lecture3_interfaces__rosidl_typesupport_fastrtps_cppExport.cmake
[2.708s] -- Up-to-date: /home/kireiji/RoboticsDev_ws/install/lecture3_interfaces/share/lecture3_interfaces/cmake/export_lecture3_interfaces__rosidl_typesupport_fastrtps_cppExport-noconfig.cmake
[2.708s] -- Up-to-date: /home/kireiji/RoboticsDev_ws/install/lecture3_interfaces/share/lecture3_interfaces/cmake/lecture3_interfaces__rosidl_typesupport_introspection_cExport.cmake
[2.708s] -- Up-to-date: /home/kireiji/RoboticsDev_ws/install/lecture3_interfaces/share/lecture3_interfaces/cmake/lecture3_interfaces__rosidl_typesupport_introspection_cExport-noconfig.cmake
[2.708s] -- Up-to-date: /home/kireiji/RoboticsDev_ws/install/lecture3_interfaces/share/lecture3_interfaces/cmake/lecture3_interfaces__rosidl_typesupport_cExport.cmake
[2.708s] -- Up-to-date: /home/kireiji/RoboticsDev_ws/install/lecture3_interfaces/share/lecture3_interfaces/cmake/lecture3_interfaces__rosidl_typesupport_cExport-noconfig.cmake
[2.708s] -- Up-to-date: /home/kireiji/RoboticsDev_ws/install/lecture3_interfaces/share/lecture3_interfaces/cmake/lecture3_interfaces__rosidl_typesupport_introspection_cppExport.cmake
[2.708s] -- Up-to-date: /home/kireiji/RoboticsDev_ws/install/lecture3_interfaces/share/lecture3_interfaces/cmake/lecture3_interfaces__rosidl_typesupport_introspection_cppExport-noconfig.cmake
[2.708s] -- Up-to-date: /home/kireiji/RoboticsDev_ws/install/lecture3_interfaces/share/lecture3_interfaces/cmake/lecture3_interfaces__rosidl_typesupport_cppExport.cmake
[2.708s] -- Up-to-date: /home/kireiji/RoboticsDev_ws/install/lecture3_interfaces/share/lecture3_interfaces/cmake/lecture3_interfaces__rosidl_typesupport_cppExport-noconfig.cmake
[2.708s] -- Up-to-date: /home/kireiji/RoboticsDev_ws/install/lecture3_interfaces/share/lecture3_interfaces/cmake/export_lecture3_interfaces__rosidl_generator_pyExport.cmake
[2.708s] -- Up-to-date: /home/kireiji/RoboticsDev_ws/install/lecture3_interfaces/share/lecture3_interfaces/cmake/export_lecture3_interfaces__rosidl_generator_pyExport-noconfig.cmake
[2.708s] -- Installing: /home/kireiji/RoboticsDev_ws/install/lecture3_interfaces/share/lecture3_interfaces/cmake/rosidl_cmake-extras.cmake
[2.708s] -- Up-to-date: /home/kireiji/RoboticsDev_ws/install/lecture3_interfaces/share/lecture3_interfaces/cmake/ament_cmake_export_dependencies-extras.cmake
[2.708s] -- Up-to-date: /home/kireiji/RoboticsDev_ws/install/lecture3_interfaces/share/lecture3_interfaces/cmake/ament_cmake_export_include_directories-extras.cmake
[2.708s] -- Up-to-date: /home/kireiji/RoboticsDev_ws/install/lecture3_interfaces/share/lecture3_interfaces/cmake/ament_cmake_export_libraries-extras.cmake
[2.708s] -- Up-to-date: /home/kireiji/RoboticsDev_ws/install/lecture3_interfaces/share/lecture3_interfaces/cmake/ament_cmake_export_targets-extras.cmake
[2.708s] -- Up-to-date: /home/kireiji/RoboticsDev_ws/install/lecture3_interfaces/share/lecture3_interfaces/cmake/rosidl_cmake_export_typesupport_targets-extras.cmake
[2.708s] -- Up-to-date: /home/kireiji/RoboticsDev_ws/install/lecture3_interfaces/share/lecture3_interfaces/cmake/rosidl_cmake_export_typesupport_libraries-extras.cmake
[2.708s] -- Up-to-date: /home/kireiji/RoboticsDev_ws/install/lecture3_interfaces/share/lecture3_interfaces/cmake/lecture3_interfacesConfig.cmake
[2.708s] -- Up-to-date: /home/kireiji/RoboticsDev_ws/install/lecture3_interfaces/share/lecture3_interfaces/cmake/lecture3_interfacesConfig-version.cmake
[2.708s] -- Up-to-date: /home/kireiji/RoboticsDev_ws/install/lecture3_interfaces/share/lecture3_interfaces/package.xml
[2.710s] Invoked command in '/home/kireiji/RoboticsDev_ws/build/lecture3_interfaces' returned '0': CMAKE_PREFIX_PATH=${CMAKE_PREFIX_PATH}:/home/kireiji/RoboticsDev_ws/install/turtlesim_plus:/home/kireiji/RoboticsDev_ws/install/launch_testing_examples:/home/kireiji/RoboticsDev_ws/install/examples_rclpy_pointcloud_publisher:/home/kireiji/RoboticsDev_ws/install/examples_rclpy_minimal_subscriber:/home/kireiji/RoboticsDev_ws/install/examples_rclpy_minimal_service:/home/kireiji/RoboticsDev_ws/install/examples_rclpy_minimal_publisher:/home/kireiji/RoboticsDev_ws/install/examples_rclpy_minimal_client:/home/kireiji/RoboticsDev_ws/install/examples_rclpy_minimal_action_server:/home/kireiji/RoboticsDev_ws/install/examples_rclpy_minimal_action_client:/home/kireiji/RoboticsDev_ws/install/examples_rclpy_guard_conditions:/home/kireiji/RoboticsDev_ws/install/examples_rclpy_executors:/home/kireiji/ros2_ws/install/my_py_pkg:/opt/ros/humble /usr/bin/cmake --install /home/kireiji/RoboticsDev_ws/build/lecture3_interfaces
