[0.009s] Invoking command in '/home/kireiji/RoboticsDev_ws/build/lecture2': CMAKE_PREFIX_PATH=${CMAKE_PREFIX_PATH}:/home/kireiji/RoboticsDev_ws/install/launch_testing_examples:/home/kireiji/RoboticsDev_ws/install/examples_rclpy_pointcloud_publisher:/home/kireiji/RoboticsDev_ws/install/examples_rclpy_minimal_subscriber:/home/kireiji/RoboticsDev_ws/install/examples_rclpy_minimal_service:/home/kireiji/RoboticsDev_ws/install/examples_rclpy_minimal_publisher:/home/kireiji/RoboticsDev_ws/install/examples_rclpy_minimal_client:/home/kireiji/RoboticsDev_ws/install/examples_rclpy_minimal_action_server:/home/kireiji/RoboticsDev_ws/install/examples_rclpy_minimal_action_client:/home/kireiji/RoboticsDev_ws/install/examples_rclpy_guard_conditions:/home/kireiji/RoboticsDev_ws/install/examples_rclpy_executors:/home/kireiji/ros2_ws/install/my_py_pkg:/opt/ros/humble /usr/bin/cmake --build /home/kireiji/RoboticsDev_ws/build/lecture2 -- -j16 -l16
[0.043s] [100%] Built target cpp_node_test
[0.047s] [100%] Built target ament_cmake_python_copy_lecture2
[0.212s] running egg_info
[0.215s] writing manifest file 'lecture2.egg-info/SOURCES.txt'
[0.233s] [100%] Built target ament_cmake_python_build_lecture2_egg
[0.242s] Invoked command in '/home/kireiji/RoboticsDev_ws/build/lecture2' returned '0': CMAKE_PREFIX_PATH=${CMAKE_PREFIX_PATH}:/home/kireiji/RoboticsDev_ws/install/launch_testing_examples:/home/kireiji/RoboticsDev_ws/install/examples_rclpy_pointcloud_publisher:/home/kireiji/RoboticsDev_ws/install/examples_rclpy_minimal_subscriber:/home/kireiji/RoboticsDev_ws/install/examples_rclpy_minimal_service:/home/kireiji/RoboticsDev_ws/install/examples_rclpy_minimal_publisher:/home/kireiji/RoboticsDev_ws/install/examples_rclpy_minimal_client:/home/kireiji/RoboticsDev_ws/install/examples_rclpy_minimal_action_server:/home/kireiji/RoboticsDev_ws/install/examples_rclpy_minimal_action_client:/home/kireiji/RoboticsDev_ws/install/examples_rclpy_guard_conditions:/home/kireiji/RoboticsDev_ws/install/examples_rclpy_executors:/home/kireiji/ros2_ws/install/my_py_pkg:/opt/ros/humble /usr/bin/cmake --build /home/kireiji/RoboticsDev_ws/build/lecture2 -- -j16 -l16
[0.266s] Invoking command in '/home/kireiji/RoboticsDev_ws/build/lecture2': CMAKE_PREFIX_PATH=${CMAKE_PREFIX_PATH}:/home/kireiji/RoboticsDev_ws/install/launch_testing_examples:/home/kireiji/RoboticsDev_ws/install/examples_rclpy_pointcloud_publisher:/home/kireiji/RoboticsDev_ws/install/examples_rclpy_minimal_subscriber:/home/kireiji/RoboticsDev_ws/install/examples_rclpy_minimal_service:/home/kireiji/RoboticsDev_ws/install/examples_rclpy_minimal_publisher:/home/kireiji/RoboticsDev_ws/install/examples_rclpy_minimal_client:/home/kireiji/RoboticsDev_ws/install/examples_rclpy_minimal_action_server:/home/kireiji/RoboticsDev_ws/install/examples_rclpy_minimal_action_client:/home/kireiji/RoboticsDev_ws/install/examples_rclpy_guard_conditions:/home/kireiji/RoboticsDev_ws/install/examples_rclpy_executors:/home/kireiji/ros2_ws/install/my_py_pkg:/opt/ros/humble /usr/bin/cmake --install /home/kireiji/RoboticsDev_ws/build/lecture2
[0.270s] -- Install configuration: ""
[0.270s] -- Up-to-date: /home/kireiji/RoboticsDev_ws/install/lecture2/share/lecture2/environment/pythonpath.sh
[0.270s] -- Up-to-date: /home/kireiji/RoboticsDev_ws/install/lecture2/share/lecture2/environment/pythonpath.dsv
[0.270s] -- Up-to-date: /home/kireiji/RoboticsDev_ws/install/lecture2/lib/python3.10/site-packages/lecture2-0.0.0-py3.10.egg-info
[0.270s] -- Installing: /home/kireiji/RoboticsDev_ws/install/lecture2/lib/python3.10/site-packages/lecture2-0.0.0-py3.10.egg-info/PKG-INFO
[0.270s] -- Installing: /home/kireiji/RoboticsDev_ws/install/lecture2/lib/python3.10/site-packages/lecture2-0.0.0-py3.10.egg-info/dependency_links.txt
[0.270s] -- Installing: /home/kireiji/RoboticsDev_ws/install/lecture2/lib/python3.10/site-packages/lecture2-0.0.0-py3.10.egg-info/top_level.txt
[0.270s] -- Installing: /home/kireiji/RoboticsDev_ws/install/lecture2/lib/python3.10/site-packages/lecture2-0.0.0-py3.10.egg-info/SOURCES.txt
[0.270s] -- Up-to-date: /home/kireiji/RoboticsDev_ws/install/lecture2/lib/python3.10/site-packages/lecture2
[0.270s] -- Up-to-date: /home/kireiji/RoboticsDev_ws/install/lecture2/lib/python3.10/site-packages/lecture2/__init__.py
[0.270s] -- Up-to-date: /home/kireiji/RoboticsDev_ws/install/lecture2/lib/python3.10/site-packages/lecture2/dummy_module.py
[0.298s] Listing '/home/kireiji/RoboticsDev_ws/install/lecture2/lib/python3.10/site-packages/lecture2'...
[0.301s] -- Up-to-date: /home/kireiji/RoboticsDev_ws/install/lecture2/lib/lecture2/dummy_script.py
[0.301s] -- Installing: /home/kireiji/RoboticsDev_ws/install/lecture2/lib/lecture2/manual_teleop.py
[0.301s] -- Up-to-date: /home/kireiji/RoboticsDev_ws/install/lecture2/lib/lecture2/cpp_node_test
[0.301s] -- Up-to-date: /home/kireiji/RoboticsDev_ws/install/lecture2/share/lecture2
[0.301s] -- Up-to-date: /home/kireiji/RoboticsDev_ws/install/lecture2/share/ament_index/resource_index/package_run_dependencies/lecture2
[0.301s] -- Up-to-date: /home/kireiji/RoboticsDev_ws/install/lecture2/share/ament_index/resource_index/parent_prefix_path/lecture2
[0.301s] -- Up-to-date: /home/kireiji/RoboticsDev_ws/install/lecture2/share/lecture2/environment/ament_prefix_path.sh
[0.301s] -- Up-to-date: /home/kireiji/RoboticsDev_ws/install/lecture2/share/lecture2/environment/ament_prefix_path.dsv
[0.301s] -- Up-to-date: /home/kireiji/RoboticsDev_ws/install/lecture2/share/lecture2/environment/path.sh
[0.301s] -- Up-to-date: /home/kireiji/RoboticsDev_ws/install/lecture2/share/lecture2/environment/path.dsv
[0.301s] -- Up-to-date: /home/kireiji/RoboticsDev_ws/install/lecture2/share/lecture2/local_setup.bash
[0.301s] -- Up-to-date: /home/kireiji/RoboticsDev_ws/install/lecture2/share/lecture2/local_setup.sh
[0.301s] -- Up-to-date: /home/kireiji/RoboticsDev_ws/install/lecture2/share/lecture2/local_setup.zsh
[0.301s] -- Up-to-date: /home/kireiji/RoboticsDev_ws/install/lecture2/share/lecture2/local_setup.dsv
[0.301s] -- Up-to-date: /home/kireiji/RoboticsDev_ws/install/lecture2/share/lecture2/package.dsv
[0.302s] -- Up-to-date: /home/kireiji/RoboticsDev_ws/install/lecture2/share/ament_index/resource_index/packages/lecture2
[0.302s] -- Up-to-date: /home/kireiji/RoboticsDev_ws/install/lecture2/share/lecture2/cmake/lecture2Config.cmake
[0.302s] -- Up-to-date: /home/kireiji/RoboticsDev_ws/install/lecture2/share/lecture2/cmake/lecture2Config-version.cmake
[0.302s] -- Up-to-date: /home/kireiji/RoboticsDev_ws/install/lecture2/share/lecture2/package.xml
[0.303s] Invoked command in '/home/kireiji/RoboticsDev_ws/build/lecture2' returned '0': CMAKE_PREFIX_PATH=${CMAKE_PREFIX_PATH}:/home/kireiji/RoboticsDev_ws/install/launch_testing_examples:/home/kireiji/RoboticsDev_ws/install/examples_rclpy_pointcloud_publisher:/home/kireiji/RoboticsDev_ws/install/examples_rclpy_minimal_subscriber:/home/kireiji/RoboticsDev_ws/install/examples_rclpy_minimal_service:/home/kireiji/RoboticsDev_ws/install/examples_rclpy_minimal_publisher:/home/kireiji/RoboticsDev_ws/install/examples_rclpy_minimal_client:/home/kireiji/RoboticsDev_ws/install/examples_rclpy_minimal_action_server:/home/kireiji/RoboticsDev_ws/install/examples_rclpy_minimal_action_client:/home/kireiji/RoboticsDev_ws/install/examples_rclpy_guard_conditions:/home/kireiji/RoboticsDev_ws/install/examples_rclpy_executors:/home/kireiji/ros2_ws/install/my_py_pkg:/opt/ros/humble /usr/bin/cmake --install /home/kireiji/RoboticsDev_ws/build/lecture2
