[1.833s] Invoking command in '/home/kireiji/RoboticsDev_ws/src/examples/rclpy/executors': PYTHONPATH=/home/kireiji/RoboticsDev_ws/build/examples_rclpy_executors/prefix_override:/usr/lib/python3/dist-packages/colcon_core/task/python/colcon_distutils_commands:/home/kireiji/RoboticsDev_ws/install/examples_rclpy_executors/lib/python3.10/site-packages:${PYTHONPATH} /usr/bin/python3 -W ignore:setup.py install is deprecated setup.py egg_info --egg-base ../../../../build/examples_rclpy_executors build --build-base /home/kireiji/RoboticsDev_ws/build/examples_rclpy_executors/build install --record /home/kireiji/RoboticsDev_ws/build/examples_rclpy_executors/install.log --single-version-externally-managed install_data
[2.522s] running egg_info
[2.525s] creating ../../../../build/examples_rclpy_executors/examples_rclpy_executors.egg-info
[2.526s] writing ../../../../build/examples_rclpy_executors/examples_rclpy_executors.egg-info/PKG-INFO
[2.526s] writing dependency_links to ../../../../build/examples_rclpy_executors/examples_rclpy_executors.egg-info/dependency_links.txt
[2.526s] writing entry points to ../../../../build/examples_rclpy_executors/examples_rclpy_executors.egg-info/entry_points.txt
[2.526s] writing requirements to ../../../../build/examples_rclpy_executors/examples_rclpy_executors.egg-info/requires.txt
[2.526s] writing top-level names to ../../../../build/examples_rclpy_executors/examples_rclpy_executors.egg-info/top_level.txt
[2.526s] writing manifest file '../../../../build/examples_rclpy_executors/examples_rclpy_executors.egg-info/SOURCES.txt'
[2.533s] reading manifest file '../../../../build/examples_rclpy_executors/examples_rclpy_executors.egg-info/SOURCES.txt'
[2.533s] writing manifest file '../../../../build/examples_rclpy_executors/examples_rclpy_executors.egg-info/SOURCES.txt'
[2.533s] running build
[2.533s] running build_py
[2.533s] creating /home/kireiji/RoboticsDev_ws/build/examples_rclpy_executors/build
[2.534s] creating /home/kireiji/RoboticsDev_ws/build/examples_rclpy_executors/build/lib
[2.534s] creating /home/kireiji/RoboticsDev_ws/build/examples_rclpy_executors/build/lib/examples_rclpy_executors
[2.534s] copying examples_rclpy_executors/talker.py -> /home/kireiji/RoboticsDev_ws/build/examples_rclpy_executors/build/lib/examples_rclpy_executors
[2.534s] copying examples_rclpy_executors/custom_callback_group.py -> /home/kireiji/RoboticsDev_ws/build/examples_rclpy_executors/build/lib/examples_rclpy_executors
[2.534s] copying examples_rclpy_executors/__init__.py -> /home/kireiji/RoboticsDev_ws/build/examples_rclpy_executors/build/lib/examples_rclpy_executors
[2.534s] copying examples_rclpy_executors/custom_executor.py -> /home/kireiji/RoboticsDev_ws/build/examples_rclpy_executors/build/lib/examples_rclpy_executors
[2.534s] copying examples_rclpy_executors/listener.py -> /home/kireiji/RoboticsDev_ws/build/examples_rclpy_executors/build/lib/examples_rclpy_executors
[2.534s] copying examples_rclpy_executors/callback_group.py -> /home/kireiji/RoboticsDev_ws/build/examples_rclpy_executors/build/lib/examples_rclpy_executors
[2.534s] copying examples_rclpy_executors/composed.py -> /home/kireiji/RoboticsDev_ws/build/examples_rclpy_executors/build/lib/examples_rclpy_executors
[2.534s] running install
[2.534s] running install_lib
[2.541s] creating /home/kireiji/RoboticsDev_ws/install/examples_rclpy_executors/lib/python3.10/site-packages/examples_rclpy_executors
[2.541s] copying /home/kireiji/RoboticsDev_ws/build/examples_rclpy_executors/build/lib/examples_rclpy_executors/talker.py -> /home/kireiji/RoboticsDev_ws/install/examples_rclpy_executors/lib/python3.10/site-packages/examples_rclpy_executors
[2.542s] copying /home/kireiji/RoboticsDev_ws/build/examples_rclpy_executors/build/lib/examples_rclpy_executors/custom_callback_group.py -> /home/kireiji/RoboticsDev_ws/install/examples_rclpy_executors/lib/python3.10/site-packages/examples_rclpy_executors
[2.542s] copying /home/kireiji/RoboticsDev_ws/build/examples_rclpy_executors/build/lib/examples_rclpy_executors/__init__.py -> /home/kireiji/RoboticsDev_ws/install/examples_rclpy_executors/lib/python3.10/site-packages/examples_rclpy_executors
[2.544s] copying /home/kireiji/RoboticsDev_ws/build/examples_rclpy_executors/build/lib/examples_rclpy_executors/custom_executor.py -> /home/kireiji/RoboticsDev_ws/install/examples_rclpy_executors/lib/python3.10/site-packages/examples_rclpy_executors
[2.544s] copying /home/kireiji/RoboticsDev_ws/build/examples_rclpy_executors/build/lib/examples_rclpy_executors/listener.py -> /home/kireiji/RoboticsDev_ws/install/examples_rclpy_executors/lib/python3.10/site-packages/examples_rclpy_executors
[2.544s] copying /home/kireiji/RoboticsDev_ws/build/examples_rclpy_executors/build/lib/examples_rclpy_executors/callback_group.py -> /home/kireiji/RoboticsDev_ws/install/examples_rclpy_executors/lib/python3.10/site-packages/examples_rclpy_executors
[2.544s] copying /home/kireiji/RoboticsDev_ws/build/examples_rclpy_executors/build/lib/examples_rclpy_executors/composed.py -> /home/kireiji/RoboticsDev_ws/install/examples_rclpy_executors/lib/python3.10/site-packages/examples_rclpy_executors
[2.546s] byte-compiling /home/kireiji/RoboticsDev_ws/install/examples_rclpy_executors/lib/python3.10/site-packages/examples_rclpy_executors/talker.py to talker.cpython-310.pyc
[2.549s] byte-compiling /home/kireiji/RoboticsDev_ws/install/examples_rclpy_executors/lib/python3.10/site-packages/examples_rclpy_executors/custom_callback_group.py to custom_callback_group.cpython-310.pyc
[2.549s] byte-compiling /home/kireiji/RoboticsDev_ws/install/examples_rclpy_executors/lib/python3.10/site-packages/examples_rclpy_executors/__init__.py to __init__.cpython-310.pyc
[2.549s] byte-compiling /home/kireiji/RoboticsDev_ws/install/examples_rclpy_executors/lib/python3.10/site-packages/examples_rclpy_executors/custom_executor.py to custom_executor.cpython-310.pyc
[2.549s] byte-compiling /home/kireiji/RoboticsDev_ws/install/examples_rclpy_executors/lib/python3.10/site-packages/examples_rclpy_executors/listener.py to listener.cpython-310.pyc
[2.549s] byte-compiling /home/kireiji/RoboticsDev_ws/install/examples_rclpy_executors/lib/python3.10/site-packages/examples_rclpy_executors/callback_group.py to callback_group.cpython-310.pyc
[2.550s] byte-compiling /home/kireiji/RoboticsDev_ws/install/examples_rclpy_executors/lib/python3.10/site-packages/examples_rclpy_executors/composed.py to composed.cpython-310.pyc
[2.560s] running install_data
[2.562s] creating /home/kireiji/RoboticsDev_ws/install/examples_rclpy_executors/share/ament_index
[2.562s] creating /home/kireiji/RoboticsDev_ws/install/examples_rclpy_executors/share/ament_index/resource_index
[2.562s] creating /home/kireiji/RoboticsDev_ws/install/examples_rclpy_executors/share/ament_index/resource_index/packages
[2.566s] copying resource/examples_rclpy_executors -> /home/kireiji/RoboticsDev_ws/install/examples_rclpy_executors/share/ament_index/resource_index/packages
[2.566s] copying package.xml -> /home/kireiji/RoboticsDev_ws/install/examples_rclpy_executors/share/examples_rclpy_executors
[2.566s] running install_egg_info
[2.566s] Copying ../../../../build/examples_rclpy_executors/examples_rclpy_executors.egg-info to /home/kireiji/RoboticsDev_ws/install/examples_rclpy_executors/lib/python3.10/site-packages/examples_rclpy_executors-0.15.2-py3.10.egg-info
[2.577s] running install_scripts
[2.702s] Installing callback_group script to /home/kireiji/RoboticsDev_ws/install/examples_rclpy_executors/lib/examples_rclpy_executors
[2.702s] Installing composed script to /home/kireiji/RoboticsDev_ws/install/examples_rclpy_executors/lib/examples_rclpy_executors
[2.702s] Installing custom_callback_group script to /home/kireiji/RoboticsDev_ws/install/examples_rclpy_executors/lib/examples_rclpy_executors
[2.702s] Installing custom_executor script to /home/kireiji/RoboticsDev_ws/install/examples_rclpy_executors/lib/examples_rclpy_executors
[2.703s] Installing listener script to /home/kireiji/RoboticsDev_ws/install/examples_rclpy_executors/lib/examples_rclpy_executors
[2.703s] Installing talker script to /home/kireiji/RoboticsDev_ws/install/examples_rclpy_executors/lib/examples_rclpy_executors
[2.703s] writing list of installed files to '/home/kireiji/RoboticsDev_ws/build/examples_rclpy_executors/install.log'
[4.107s] Invoked command in '/home/kireiji/RoboticsDev_ws/src/examples/rclpy/executors' returned '0': PYTHONPATH=/home/kireiji/RoboticsDev_ws/build/examples_rclpy_executors/prefix_override:/usr/lib/python3/dist-packages/colcon_core/task/python/colcon_distutils_commands:/home/kireiji/RoboticsDev_ws/install/examples_rclpy_executors/lib/python3.10/site-packages:${PYTHONPATH} /usr/bin/python3 -W ignore:setup.py install is deprecated setup.py egg_info --egg-base ../../../../build/examples_rclpy_executors build --build-base /home/kireiji/RoboticsDev_ws/build/examples_rclpy_executors/build install --record /home/kireiji/RoboticsDev_ws/build/examples_rclpy_executors/install.log --single-version-externally-managed install_data
