[0.008s] Invoking command in '/home/kireiji/RoboticsDev_ws/build/lab1': CMAKE_PREFIX_PATH=${CMAKE_PREFIX_PATH}:/home/kireiji/RoboticsDev_ws/install/launch_testing_examples:/home/kireiji/RoboticsDev_ws/install/examples_rclpy_pointcloud_publisher:/home/kireiji/RoboticsDev_ws/install/examples_rclpy_minimal_subscriber:/home/kireiji/RoboticsDev_ws/install/examples_rclpy_minimal_service:/home/kireiji/RoboticsDev_ws/install/examples_rclpy_minimal_publisher:/home/kireiji/RoboticsDev_ws/install/examples_rclpy_minimal_client:/home/kireiji/RoboticsDev_ws/install/examples_rclpy_minimal_action_server:/home/kireiji/RoboticsDev_ws/install/examples_rclpy_minimal_action_client:/home/kireiji/RoboticsDev_ws/install/examples_rclpy_guard_conditions:/home/kireiji/RoboticsDev_ws/install/examples_rclpy_executors:/home/kireiji/ros2_ws/install/my_py_pkg:/opt/ros/humble /usr/bin/cmake --build /home/kireiji/RoboticsDev_ws/build/lab1 -- -j16 -l16
[0.024s] -- Found ament_cmake: 1.3.10 (/opt/ros/humble/share/ament_cmake/cmake)
[0.122s] -- Found rclcpp: 16.0.10 (/opt/ros/humble/share/rclcpp/cmake)
[0.138s] -- Found rosidl_generator_c: 3.1.5 (/opt/ros/humble/share/rosidl_generator_c/cmake)
[0.140s] -- Found rosidl_adapter: 3.1.5 (/opt/ros/humble/share/rosidl_adapter/cmake)
[0.143s] -- Found rosidl_generator_cpp: 3.1.5 (/opt/ros/humble/share/rosidl_generator_cpp/cmake)
[0.149s] -- Using all available rosidl_typesupport_c: rosidl_typesupport_fastrtps_c;rosidl_typesupport_introspection_c
[0.157s] -- Using all available rosidl_typesupport_cpp: rosidl_typesupport_fastrtps_cpp;rosidl_typesupport_introspection_cpp
[0.175s] -- Found rmw_implementation_cmake: 6.1.2 (/opt/ros/humble/share/rmw_implementation_cmake/cmake)
[0.177s] -- Found rmw_fastrtps_cpp: 6.2.7 (/opt/ros/humble/share/rmw_fastrtps_cpp/cmake)
[0.238s] -- Using RMW implementation 'rmw_fastrtps_cpp' as default
[0.266s] -- Found rclpy: 3.3.14 (/opt/ros/humble/share/rclpy/cmake)
[0.391s] -- Configuring done
[0.396s] -- Generating done
[0.397s] -- Build files have been written to: /home/kireiji/RoboticsDev_ws/build/lab1
[0.414s] [35m[1mConsolidate compiler generated dependencies of target cpp_node_test[0m
[0.422s] [100%] Built target cpp_node_test
[0.425s] [100%] Built target ament_cmake_python_copy_lab1
[0.584s] running egg_info
[0.586s] writing manifest file 'lab1.egg-info/SOURCES.txt'
[0.602s] [100%] Built target ament_cmake_python_build_lab1_egg
[0.609s] Invoked command in '/home/kireiji/RoboticsDev_ws/build/lab1' returned '0': CMAKE_PREFIX_PATH=${CMAKE_PREFIX_PATH}:/home/kireiji/RoboticsDev_ws/install/launch_testing_examples:/home/kireiji/RoboticsDev_ws/install/examples_rclpy_pointcloud_publisher:/home/kireiji/RoboticsDev_ws/install/examples_rclpy_minimal_subscriber:/home/kireiji/RoboticsDev_ws/install/examples_rclpy_minimal_service:/home/kireiji/RoboticsDev_ws/install/examples_rclpy_minimal_publisher:/home/kireiji/RoboticsDev_ws/install/examples_rclpy_minimal_client:/home/kireiji/RoboticsDev_ws/install/examples_rclpy_minimal_action_server:/home/kireiji/RoboticsDev_ws/install/examples_rclpy_minimal_action_client:/home/kireiji/RoboticsDev_ws/install/examples_rclpy_guard_conditions:/home/kireiji/RoboticsDev_ws/install/examples_rclpy_executors:/home/kireiji/ros2_ws/install/my_py_pkg:/opt/ros/humble /usr/bin/cmake --build /home/kireiji/RoboticsDev_ws/build/lab1 -- -j16 -l16
[0.633s] Invoking command in '/home/kireiji/RoboticsDev_ws/build/lab1': CMAKE_PREFIX_PATH=${CMAKE_PREFIX_PATH}:/home/kireiji/RoboticsDev_ws/install/launch_testing_examples:/home/kireiji/RoboticsDev_ws/install/examples_rclpy_pointcloud_publisher:/home/kireiji/RoboticsDev_ws/install/examples_rclpy_minimal_subscriber:/home/kireiji/RoboticsDev_ws/install/examples_rclpy_minimal_service:/home/kireiji/RoboticsDev_ws/install/examples_rclpy_minimal_publisher:/home/kireiji/RoboticsDev_ws/install/examples_rclpy_minimal_client:/home/kireiji/RoboticsDev_ws/install/examples_rclpy_minimal_action_server:/home/kireiji/RoboticsDev_ws/install/examples_rclpy_minimal_action_client:/home/kireiji/RoboticsDev_ws/install/examples_rclpy_guard_conditions:/home/kireiji/RoboticsDev_ws/install/examples_rclpy_executors:/home/kireiji/ros2_ws/install/my_py_pkg:/opt/ros/humble /usr/bin/cmake --install /home/kireiji/RoboticsDev_ws/build/lab1
[0.638s] -- Install configuration: ""
[0.638s] -- Up-to-date: /home/kireiji/RoboticsDev_ws/install/lab1/share/lab1/environment/pythonpath.sh
[0.638s] -- Installing: /home/kireiji/RoboticsDev_ws/install/lab1/share/lab1/environment/pythonpath.dsv
[0.638s] -- Up-to-date: /home/kireiji/RoboticsDev_ws/install/lab1/lib/python3.10/site-packages/lab1-0.0.0-py3.10.egg-info
[0.638s] -- Installing: /home/kireiji/RoboticsDev_ws/install/lab1/lib/python3.10/site-packages/lab1-0.0.0-py3.10.egg-info/PKG-INFO
[0.638s] -- Installing: /home/kireiji/RoboticsDev_ws/install/lab1/lib/python3.10/site-packages/lab1-0.0.0-py3.10.egg-info/dependency_links.txt
[0.638s] -- Installing: /home/kireiji/RoboticsDev_ws/install/lab1/lib/python3.10/site-packages/lab1-0.0.0-py3.10.egg-info/top_level.txt
[0.638s] -- Installing: /home/kireiji/RoboticsDev_ws/install/lab1/lib/python3.10/site-packages/lab1-0.0.0-py3.10.egg-info/SOURCES.txt
[0.638s] -- Up-to-date: /home/kireiji/RoboticsDev_ws/install/lab1/lib/python3.10/site-packages/lab1
[0.638s] -- Up-to-date: /home/kireiji/RoboticsDev_ws/install/lab1/lib/python3.10/site-packages/lab1/__init__.py
[0.638s] -- Up-to-date: /home/kireiji/RoboticsDev_ws/install/lab1/lib/python3.10/site-packages/lab1/dummy_module.py
[0.665s] Listing '/home/kireiji/RoboticsDev_ws/install/lab1/lib/python3.10/site-packages/lab1'...
[0.668s] -- Up-to-date: /home/kireiji/RoboticsDev_ws/install/lab1/lib/lab1/dummy_script.py
[0.668s] -- Installing: /home/kireiji/RoboticsDev_ws/install/lab1/lib/lab1/noise_generator.py
[0.668s] -- Up-to-date: /home/kireiji/RoboticsDev_ws/install/lab1/lib/lab1/cpp_node_test
[0.668s] -- Up-to-date: /home/kireiji/RoboticsDev_ws/install/lab1/share/lab1
[0.668s] -- Up-to-date: /home/kireiji/RoboticsDev_ws/install/lab1/share/ament_index/resource_index/package_run_dependencies/lab1
[0.668s] -- Installing: /home/kireiji/RoboticsDev_ws/install/lab1/share/ament_index/resource_index/parent_prefix_path/lab1
[0.668s] -- Up-to-date: /home/kireiji/RoboticsDev_ws/install/lab1/share/lab1/environment/ament_prefix_path.sh
[0.668s] -- Installing: /home/kireiji/RoboticsDev_ws/install/lab1/share/lab1/environment/ament_prefix_path.dsv
[0.668s] -- Up-to-date: /home/kireiji/RoboticsDev_ws/install/lab1/share/lab1/environment/path.sh
[0.668s] -- Installing: /home/kireiji/RoboticsDev_ws/install/lab1/share/lab1/environment/path.dsv
[0.669s] -- Up-to-date: /home/kireiji/RoboticsDev_ws/install/lab1/share/lab1/local_setup.bash
[0.669s] -- Up-to-date: /home/kireiji/RoboticsDev_ws/install/lab1/share/lab1/local_setup.sh
[0.669s] -- Up-to-date: /home/kireiji/RoboticsDev_ws/install/lab1/share/lab1/local_setup.zsh
[0.669s] -- Installing: /home/kireiji/RoboticsDev_ws/install/lab1/share/lab1/local_setup.dsv
[0.669s] -- Installing: /home/kireiji/RoboticsDev_ws/install/lab1/share/lab1/package.dsv
[0.669s] -- Up-to-date: /home/kireiji/RoboticsDev_ws/install/lab1/share/ament_index/resource_index/packages/lab1
[0.669s] -- Up-to-date: /home/kireiji/RoboticsDev_ws/install/lab1/share/lab1/cmake/lab1Config.cmake
[0.669s] -- Up-to-date: /home/kireiji/RoboticsDev_ws/install/lab1/share/lab1/cmake/lab1Config-version.cmake
[0.669s] -- Up-to-date: /home/kireiji/RoboticsDev_ws/install/lab1/share/lab1/package.xml
[0.670s] Invoked command in '/home/kireiji/RoboticsDev_ws/build/lab1' returned '0': CMAKE_PREFIX_PATH=${CMAKE_PREFIX_PATH}:/home/kireiji/RoboticsDev_ws/install/launch_testing_examples:/home/kireiji/RoboticsDev_ws/install/examples_rclpy_pointcloud_publisher:/home/kireiji/RoboticsDev_ws/install/examples_rclpy_minimal_subscriber:/home/kireiji/RoboticsDev_ws/install/examples_rclpy_minimal_service:/home/kireiji/RoboticsDev_ws/install/examples_rclpy_minimal_publisher:/home/kireiji/RoboticsDev_ws/install/examples_rclpy_minimal_client:/home/kireiji/RoboticsDev_ws/install/examples_rclpy_minimal_action_server:/home/kireiji/RoboticsDev_ws/install/examples_rclpy_minimal_action_client:/home/kireiji/RoboticsDev_ws/install/examples_rclpy_guard_conditions:/home/kireiji/RoboticsDev_ws/install/examples_rclpy_executors:/home/kireiji/ros2_ws/install/my_py_pkg:/opt/ros/humble /usr/bin/cmake --install /home/kireiji/RoboticsDev_ws/build/lab1
