[0.011s] Invoking command in '/home/kireiji/RoboticsDev_ws/build/lecture3': CMAKE_PREFIX_PATH=${CMAKE_PREFIX_PATH}:/home/kireiji/RoboticsDev_ws/install/launch_testing_examples:/home/kireiji/RoboticsDev_ws/install/examples_rclpy_pointcloud_publisher:/home/kireiji/RoboticsDev_ws/install/examples_rclpy_minimal_subscriber:/home/kireiji/RoboticsDev_ws/install/examples_rclpy_minimal_service:/home/kireiji/RoboticsDev_ws/install/examples_rclpy_minimal_publisher:/home/kireiji/RoboticsDev_ws/install/examples_rclpy_minimal_client:/home/kireiji/RoboticsDev_ws/install/examples_rclpy_minimal_action_server:/home/kireiji/RoboticsDev_ws/install/examples_rclpy_minimal_action_client:/home/kireiji/RoboticsDev_ws/install/examples_rclpy_guard_conditions:/home/kireiji/RoboticsDev_ws/install/examples_rclpy_executors:/home/kireiji/ros2_ws/install/my_py_pkg:/opt/ros/humble /usr/bin/cmake /home/kireiji/RoboticsDev_ws/src/lecture3 -DCMAKE_INSTALL_PREFIX=/home/kireiji/RoboticsDev_ws/install/lecture3
[0.097s] -- The C compiler identification is GNU 11.4.0
[0.168s] -- The CXX compiler identification is GNU 11.4.0
[0.176s] -- Detecting C compiler ABI info
[0.229s] -- Detecting C compiler ABI info - done
[0.234s] -- Check for working C compiler: /usr/bin/cc - skipped
[0.234s] -- Detecting C compile features
[0.235s] -- Detecting C compile features - done
[0.238s] -- Detecting CXX compiler ABI info
[0.296s] -- Detecting CXX compiler ABI info - done
[0.300s] -- Check for working CXX compiler: /usr/bin/c++ - skipped
[0.301s] -- Detecting CXX compile features
[0.301s] -- Detecting CXX compile features - done
[0.309s] -- Found ament_cmake: 1.3.10 (/opt/ros/humble/share/ament_cmake/cmake)
[0.725s] -- Found Python3: /usr/local/bin/python3 (found version "3.10.0") found components: Interpreter 
[0.822s] -- Found rclcpp: 16.0.10 (/opt/ros/humble/share/rclcpp/cmake)
[0.867s] -- Found rosidl_generator_c: 3.1.5 (/opt/ros/humble/share/rosidl_generator_c/cmake)
[0.873s] -- Found rosidl_adapter: 3.1.5 (/opt/ros/humble/share/rosidl_adapter/cmake)
[0.882s] -- Found rosidl_generator_cpp: 3.1.5 (/opt/ros/humble/share/rosidl_generator_cpp/cmake)
[0.895s] -- Using all available rosidl_typesupport_c: rosidl_typesupport_fastrtps_c;rosidl_typesupport_introspection_c
[0.910s] -- Using all available rosidl_typesupport_cpp: rosidl_typesupport_fastrtps_cpp;rosidl_typesupport_introspection_cpp
[0.956s] -- Found rmw_implementation_cmake: 6.1.2 (/opt/ros/humble/share/rmw_implementation_cmake/cmake)
[0.959s] -- Found rmw_fastrtps_cpp: 6.2.7 (/opt/ros/humble/share/rmw_fastrtps_cpp/cmake)
[1.025s] -- Found OpenSSL: /usr/lib/x86_64-linux-gnu/libcrypto.so (found version "3.0.2")  
[1.042s] -- Found FastRTPS: /opt/ros/humble/include  
[1.068s] -- Using RMW implementation 'rmw_fastrtps_cpp' as default
[1.078s] -- Looking for pthread.h
[1.127s] -- Looking for pthread.h - found
[1.127s] -- Performing Test CMAKE_HAVE_LIBC_PTHREAD
[1.173s] -- Performing Test CMAKE_HAVE_LIBC_PTHREAD - Success
[1.173s] -- Found Threads: TRUE  
[1.218s] -- Found rclpy: 3.3.14 (/opt/ros/humble/share/rclpy/cmake)
[1.363s] -- Configuring done
[1.369s] -- Generating done
[1.370s] -- Build files have been written to: /home/kireiji/RoboticsDev_ws/build/lecture3
[1.377s] Invoked command in '/home/kireiji/RoboticsDev_ws/build/lecture3' returned '0': CMAKE_PREFIX_PATH=${CMAKE_PREFIX_PATH}:/home/kireiji/RoboticsDev_ws/install/launch_testing_examples:/home/kireiji/RoboticsDev_ws/install/examples_rclpy_pointcloud_publisher:/home/kireiji/RoboticsDev_ws/install/examples_rclpy_minimal_subscriber:/home/kireiji/RoboticsDev_ws/install/examples_rclpy_minimal_service:/home/kireiji/RoboticsDev_ws/install/examples_rclpy_minimal_publisher:/home/kireiji/RoboticsDev_ws/install/examples_rclpy_minimal_client:/home/kireiji/RoboticsDev_ws/install/examples_rclpy_minimal_action_server:/home/kireiji/RoboticsDev_ws/install/examples_rclpy_minimal_action_client:/home/kireiji/RoboticsDev_ws/install/examples_rclpy_guard_conditions:/home/kireiji/RoboticsDev_ws/install/examples_rclpy_executors:/home/kireiji/ros2_ws/install/my_py_pkg:/opt/ros/humble /usr/bin/cmake /home/kireiji/RoboticsDev_ws/src/lecture3 -DCMAKE_INSTALL_PREFIX=/home/kireiji/RoboticsDev_ws/install/lecture3
[1.377s] Invoking command in '/home/kireiji/RoboticsDev_ws/build/lecture3': CMAKE_PREFIX_PATH=${CMAKE_PREFIX_PATH}:/home/kireiji/RoboticsDev_ws/install/launch_testing_examples:/home/kireiji/RoboticsDev_ws/install/examples_rclpy_pointcloud_publisher:/home/kireiji/RoboticsDev_ws/install/examples_rclpy_minimal_subscriber:/home/kireiji/RoboticsDev_ws/install/examples_rclpy_minimal_service:/home/kireiji/RoboticsDev_ws/install/examples_rclpy_minimal_publisher:/home/kireiji/RoboticsDev_ws/install/examples_rclpy_minimal_client:/home/kireiji/RoboticsDev_ws/install/examples_rclpy_minimal_action_server:/home/kireiji/RoboticsDev_ws/install/examples_rclpy_minimal_action_client:/home/kireiji/RoboticsDev_ws/install/examples_rclpy_guard_conditions:/home/kireiji/RoboticsDev_ws/install/examples_rclpy_executors:/home/kireiji/ros2_ws/install/my_py_pkg:/opt/ros/humble /usr/bin/cmake --build /home/kireiji/RoboticsDev_ws/build/lecture3 -- -j16 -l16
[1.406s] [ 50%] [32mBuilding CXX object CMakeFiles/cpp_node_test.dir/src/cpp_node.cpp.o[0m
[1.410s] [ 50%] Built target ament_cmake_python_copy_lecture3
[1.573s] running egg_info
[1.573s] creating lecture3.egg-info
[1.573s] writing manifest file 'lecture3.egg-info/SOURCES.txt'
[1.575s] writing manifest file 'lecture3.egg-info/SOURCES.txt'
[1.588s] [100%] [32m[1mLinking CXX executable cpp_node_test[0m
[1.591s] [100%] Built target ament_cmake_python_build_lecture3_egg
[1.657s] [100%] Built target cpp_node_test
[1.664s] Invoked command in '/home/kireiji/RoboticsDev_ws/build/lecture3' returned '0': CMAKE_PREFIX_PATH=${CMAKE_PREFIX_PATH}:/home/kireiji/RoboticsDev_ws/install/launch_testing_examples:/home/kireiji/RoboticsDev_ws/install/examples_rclpy_pointcloud_publisher:/home/kireiji/RoboticsDev_ws/install/examples_rclpy_minimal_subscriber:/home/kireiji/RoboticsDev_ws/install/examples_rclpy_minimal_service:/home/kireiji/RoboticsDev_ws/install/examples_rclpy_minimal_publisher:/home/kireiji/RoboticsDev_ws/install/examples_rclpy_minimal_client:/home/kireiji/RoboticsDev_ws/install/examples_rclpy_minimal_action_server:/home/kireiji/RoboticsDev_ws/install/examples_rclpy_minimal_action_client:/home/kireiji/RoboticsDev_ws/install/examples_rclpy_guard_conditions:/home/kireiji/RoboticsDev_ws/install/examples_rclpy_executors:/home/kireiji/ros2_ws/install/my_py_pkg:/opt/ros/humble /usr/bin/cmake --build /home/kireiji/RoboticsDev_ws/build/lecture3 -- -j16 -l16
[1.686s] Invoking command in '/home/kireiji/RoboticsDev_ws/build/lecture3': CMAKE_PREFIX_PATH=${CMAKE_PREFIX_PATH}:/home/kireiji/RoboticsDev_ws/install/launch_testing_examples:/home/kireiji/RoboticsDev_ws/install/examples_rclpy_pointcloud_publisher:/home/kireiji/RoboticsDev_ws/install/examples_rclpy_minimal_subscriber:/home/kireiji/RoboticsDev_ws/install/examples_rclpy_minimal_service:/home/kireiji/RoboticsDev_ws/install/examples_rclpy_minimal_publisher:/home/kireiji/RoboticsDev_ws/install/examples_rclpy_minimal_client:/home/kireiji/RoboticsDev_ws/install/examples_rclpy_minimal_action_server:/home/kireiji/RoboticsDev_ws/install/examples_rclpy_minimal_action_client:/home/kireiji/RoboticsDev_ws/install/examples_rclpy_guard_conditions:/home/kireiji/RoboticsDev_ws/install/examples_rclpy_executors:/home/kireiji/ros2_ws/install/my_py_pkg:/opt/ros/humble /usr/bin/cmake --install /home/kireiji/RoboticsDev_ws/build/lecture3
[1.691s] -- Install configuration: ""
[1.691s] -- Installing: /home/kireiji/RoboticsDev_ws/install/lecture3/share/lecture3/environment/pythonpath.sh
[1.691s] -- Installing: /home/kireiji/RoboticsDev_ws/install/lecture3/share/lecture3/environment/pythonpath.dsv
[1.691s] -- Installing: /home/kireiji/RoboticsDev_ws/install/lecture3/lib/python3.10/site-packages/lecture3-0.0.0-py3.10.egg-info
[1.691s] -- Installing: /home/kireiji/RoboticsDev_ws/install/lecture3/lib/python3.10/site-packages/lecture3-0.0.0-py3.10.egg-info/PKG-INFO
[1.691s] -- Installing: /home/kireiji/RoboticsDev_ws/install/lecture3/lib/python3.10/site-packages/lecture3-0.0.0-py3.10.egg-info/dependency_links.txt
[1.691s] -- Installing: /home/kireiji/RoboticsDev_ws/install/lecture3/lib/python3.10/site-packages/lecture3-0.0.0-py3.10.egg-info/top_level.txt
[1.691s] -- Installing: /home/kireiji/RoboticsDev_ws/install/lecture3/lib/python3.10/site-packages/lecture3-0.0.0-py3.10.egg-info/SOURCES.txt
[1.691s] -- Installing: /home/kireiji/RoboticsDev_ws/install/lecture3/lib/python3.10/site-packages/lecture3
[1.691s] -- Installing: /home/kireiji/RoboticsDev_ws/install/lecture3/lib/python3.10/site-packages/lecture3/__init__.py
[1.691s] -- Installing: /home/kireiji/RoboticsDev_ws/install/lecture3/lib/python3.10/site-packages/lecture3/dummy_module.py
[1.720s] Listing '/home/kireiji/RoboticsDev_ws/install/lecture3/lib/python3.10/site-packages/lecture3'...
[1.720s] Compiling '/home/kireiji/RoboticsDev_ws/install/lecture3/lib/python3.10/site-packages/lecture3/__init__.py'...
[1.721s] Compiling '/home/kireiji/RoboticsDev_ws/install/lecture3/lib/python3.10/site-packages/lecture3/dummy_module.py'...
[1.723s] -- Installing: /home/kireiji/RoboticsDev_ws/install/lecture3/lib/lecture3/dummy_script.py
[1.723s] -- Installing: /home/kireiji/RoboticsDev_ws/install/lecture3/lib/lecture3/cpp_node_test
[1.723s] -- Set runtime path of "/home/kireiji/RoboticsDev_ws/install/lecture3/lib/lecture3/cpp_node_test" to ""
[1.723s] -- Up-to-date: /home/kireiji/RoboticsDev_ws/install/lecture3/share/lecture3
[1.724s] -- Installing: /home/kireiji/RoboticsDev_ws/install/lecture3/share/ament_index/resource_index/package_run_dependencies/lecture3
[1.724s] -- Installing: /home/kireiji/RoboticsDev_ws/install/lecture3/share/ament_index/resource_index/parent_prefix_path/lecture3
[1.724s] -- Installing: /home/kireiji/RoboticsDev_ws/install/lecture3/share/lecture3/environment/ament_prefix_path.sh
[1.724s] -- Installing: /home/kireiji/RoboticsDev_ws/install/lecture3/share/lecture3/environment/ament_prefix_path.dsv
[1.724s] -- Installing: /home/kireiji/RoboticsDev_ws/install/lecture3/share/lecture3/environment/path.sh
[1.724s] -- Installing: /home/kireiji/RoboticsDev_ws/install/lecture3/share/lecture3/environment/path.dsv
[1.724s] -- Installing: /home/kireiji/RoboticsDev_ws/install/lecture3/share/lecture3/local_setup.bash
[1.724s] -- Installing: /home/kireiji/RoboticsDev_ws/install/lecture3/share/lecture3/local_setup.sh
[1.724s] -- Installing: /home/kireiji/RoboticsDev_ws/install/lecture3/share/lecture3/local_setup.zsh
[1.724s] -- Installing: /home/kireiji/RoboticsDev_ws/install/lecture3/share/lecture3/local_setup.dsv
[1.724s] -- Installing: /home/kireiji/RoboticsDev_ws/install/lecture3/share/lecture3/package.dsv
[1.724s] -- Installing: /home/kireiji/RoboticsDev_ws/install/lecture3/share/ament_index/resource_index/packages/lecture3
[1.724s] -- Installing: /home/kireiji/RoboticsDev_ws/install/lecture3/share/lecture3/cmake/lecture3Config.cmake
[1.724s] -- Installing: /home/kireiji/RoboticsDev_ws/install/lecture3/share/lecture3/cmake/lecture3Config-version.cmake
[1.724s] -- Installing: /home/kireiji/RoboticsDev_ws/install/lecture3/share/lecture3/package.xml
[1.726s] Invoked command in '/home/kireiji/RoboticsDev_ws/build/lecture3' returned '0': CMAKE_PREFIX_PATH=${CMAKE_PREFIX_PATH}:/home/kireiji/RoboticsDev_ws/install/launch_testing_examples:/home/kireiji/RoboticsDev_ws/install/examples_rclpy_pointcloud_publisher:/home/kireiji/RoboticsDev_ws/install/examples_rclpy_minimal_subscriber:/home/kireiji/RoboticsDev_ws/install/examples_rclpy_minimal_service:/home/kireiji/RoboticsDev_ws/install/examples_rclpy_minimal_publisher:/home/kireiji/RoboticsDev_ws/install/examples_rclpy_minimal_client:/home/kireiji/RoboticsDev_ws/install/examples_rclpy_minimal_action_server:/home/kireiji/RoboticsDev_ws/install/examples_rclpy_minimal_action_client:/home/kireiji/RoboticsDev_ws/install/examples_rclpy_guard_conditions:/home/kireiji/RoboticsDev_ws/install/examples_rclpy_executors:/home/kireiji/ros2_ws/install/my_py_pkg:/opt/ros/humble /usr/bin/cmake --install /home/kireiji/RoboticsDev_ws/build/lecture3
