[3.208s] Invoking command in '/home/kireiji/RoboticsDev_ws/src/examples/rclpy/services/minimal_client': PYTHONPATH=/home/kireiji/RoboticsDev_ws/build/examples_rclpy_minimal_client/prefix_override:/usr/lib/python3/dist-packages/colcon_core/task/python/colcon_distutils_commands:/home/kireiji/RoboticsDev_ws/install/examples_rclpy_minimal_client/lib/python3.10/site-packages:${PYTHONPATH} /usr/bin/python3 -W ignore:setup.py install is deprecated setup.py egg_info --egg-base ../../../../../build/examples_rclpy_minimal_client build --build-base /home/kireiji/RoboticsDev_ws/build/examples_rclpy_minimal_client/build install --record /home/kireiji/RoboticsDev_ws/build/examples_rclpy_minimal_client/install.log --single-version-externally-managed install_data
[3.799s] running egg_info
[3.799s] writing ../../../../../build/examples_rclpy_minimal_client/examples_rclpy_minimal_client.egg-info/PKG-INFO
[3.799s] writing dependency_links to ../../../../../build/examples_rclpy_minimal_client/examples_rclpy_minimal_client.egg-info/dependency_links.txt
[3.799s] writing entry points to ../../../../../build/examples_rclpy_minimal_client/examples_rclpy_minimal_client.egg-info/entry_points.txt
[3.799s] writing requirements to ../../../../../build/examples_rclpy_minimal_client/examples_rclpy_minimal_client.egg-info/requires.txt
[3.799s] writing top-level names to ../../../../../build/examples_rclpy_minimal_client/examples_rclpy_minimal_client.egg-info/top_level.txt
[3.807s] reading manifest file '../../../../../build/examples_rclpy_minimal_client/examples_rclpy_minimal_client.egg-info/SOURCES.txt'
[3.807s] writing manifest file '../../../../../build/examples_rclpy_minimal_client/examples_rclpy_minimal_client.egg-info/SOURCES.txt'
[3.807s] running build
[3.807s] running build_py
[3.807s] running install
[3.807s] running install_lib
[3.808s] running install_data
[3.808s] running install_egg_info
[3.808s] removing '/home/kireiji/RoboticsDev_ws/install/examples_rclpy_minimal_client/lib/python3.10/site-packages/examples_rclpy_minimal_client-0.15.2-py3.10.egg-info' (and everything under it)
[3.808s] Copying ../../../../../build/examples_rclpy_minimal_client/examples_rclpy_minimal_client.egg-info to /home/kireiji/RoboticsDev_ws/install/examples_rclpy_minimal_client/lib/python3.10/site-packages/examples_rclpy_minimal_client-0.15.2-py3.10.egg-info
[3.810s] running install_scripts
[3.861s] Installing client script to /home/kireiji/RoboticsDev_ws/install/examples_rclpy_minimal_client/lib/examples_rclpy_minimal_client
[3.861s] Installing client_async script to /home/kireiji/RoboticsDev_ws/install/examples_rclpy_minimal_client/lib/examples_rclpy_minimal_client
[3.861s] Installing client_async_callback script to /home/kireiji/RoboticsDev_ws/install/examples_rclpy_minimal_client/lib/examples_rclpy_minimal_client
[3.861s] Installing client_async_member_function script to /home/kireiji/RoboticsDev_ws/install/examples_rclpy_minimal_client/lib/examples_rclpy_minimal_client
[3.862s] writing list of installed files to '/home/kireiji/RoboticsDev_ws/build/examples_rclpy_minimal_client/install.log'
[3.952s] Invoked command in '/home/kireiji/RoboticsDev_ws/src/examples/rclpy/services/minimal_client' returned '0': PYTHONPATH=/home/kireiji/RoboticsDev_ws/build/examples_rclpy_minimal_client/prefix_override:/usr/lib/python3/dist-packages/colcon_core/task/python/colcon_distutils_commands:/home/kireiji/RoboticsDev_ws/install/examples_rclpy_minimal_client/lib/python3.10/site-packages:${PYTHONPATH} /usr/bin/python3 -W ignore:setup.py install is deprecated setup.py egg_info --egg-base ../../../../../build/examples_rclpy_minimal_client build --build-base /home/kireiji/RoboticsDev_ws/build/examples_rclpy_minimal_client/build install --record /home/kireiji/RoboticsDev_ws/build/examples_rclpy_minimal_client/install.log --single-version-externally-managed install_data
