[0.083s] Invoking command in '/home/kireiji/RoboticsDev_ws/build/motorsim': CMAKE_PREFIX_PATH=${CMAKE_PREFIX_PATH}:/home/kireiji/RoboticsDev_ws/install/launch_testing_examples:/home/kireiji/RoboticsDev_ws/install/examples_rclpy_pointcloud_publisher:/home/kireiji/RoboticsDev_ws/install/examples_rclpy_minimal_subscriber:/home/kireiji/RoboticsDev_ws/install/examples_rclpy_minimal_service:/home/kireiji/RoboticsDev_ws/install/examples_rclpy_minimal_publisher:/home/kireiji/RoboticsDev_ws/install/examples_rclpy_minimal_client:/home/kireiji/RoboticsDev_ws/install/examples_rclpy_minimal_action_server:/home/kireiji/RoboticsDev_ws/install/examples_rclpy_minimal_action_client:/home/kireiji/RoboticsDev_ws/install/examples_rclpy_guard_conditions:/home/kireiji/RoboticsDev_ws/install/examples_rclpy_executors:/home/kireiji/ros2_ws/install/my_py_pkg:/opt/ros/humble /usr/bin/cmake /home/kireiji/RoboticsDev_ws/src/motorsim -DCMAKE_INSTALL_PREFIX=/home/kireiji/RoboticsDev_ws/install/motorsim
[1.547s] -- The C compiler identification is GNU 11.4.0
[1.547s] -- The CXX compiler identification is GNU 11.4.0
[1.547s] -- Detecting C compiler ABI info
[1.547s] -- Detecting C compiler ABI info - done
[1.547s] -- Check for working C compiler: /usr/bin/cc - skipped
[1.558s] -- Detecting C compile features
[1.561s] -- Detecting C compile features - done
[1.562s] -- Detecting CXX compiler ABI info
[1.562s] -- Detecting CXX compiler ABI info - done
[1.562s] -- Check for working CXX compiler: /usr/bin/c++ - skipped
[1.562s] -- Detecting CXX compile features
[1.562s] -- Detecting CXX compile features - done
[1.562s] -- Found ament_cmake: 1.3.10 (/opt/ros/humble/share/ament_cmake/cmake)
[3.056s] -- Found Python3: /usr/local/bin/python3 (found version "3.10.0") found components: Interpreter 
[3.764s] -- Found rclcpp: 16.0.10 (/opt/ros/humble/share/rclcpp/cmake)
[3.989s] -- Found rosidl_generator_c: 3.1.5 (/opt/ros/humble/share/rosidl_generator_c/cmake)
[4.015s] -- Found rosidl_adapter: 3.1.5 (/opt/ros/humble/share/rosidl_adapter/cmake)
[4.054s] -- Found rosidl_generator_cpp: 3.1.5 (/opt/ros/humble/share/rosidl_generator_cpp/cmake)
[4.132s] -- Using all available rosidl_typesupport_c: rosidl_typesupport_fastrtps_c;rosidl_typesupport_introspection_c
[4.229s] -- Using all available rosidl_typesupport_cpp: rosidl_typesupport_fastrtps_cpp;rosidl_typesupport_introspection_cpp
[4.505s] -- Found rmw_implementation_cmake: 6.1.2 (/opt/ros/humble/share/rmw_implementation_cmake/cmake)
[4.545s] -- Found rmw_fastrtps_cpp: 6.2.7 (/opt/ros/humble/share/rmw_fastrtps_cpp/cmake)
[5.099s] -- Found OpenSSL: /usr/lib/x86_64-linux-gnu/libcrypto.so (found version "3.0.2")  
[5.292s] -- Found FastRTPS: /opt/ros/humble/include  
[5.544s] -- Using RMW implementation 'rmw_fastrtps_cpp' as default
[5.561s] -- Looking for pthread.h
[5.891s] -- Looking for pthread.h - found
[5.893s] -- Performing Test CMAKE_HAVE_LIBC_PTHREAD
[6.135s] -- Performing Test CMAKE_HAVE_LIBC_PTHREAD - Success
[6.135s] -- Found Threads: TRUE  
[6.225s] -- Found rclpy: 3.3.14 (/opt/ros/humble/share/rclpy/cmake)
[7.076s] -- Configuring done
[7.145s] -- Generating done
[7.150s] -- Build files have been written to: /home/kireiji/RoboticsDev_ws/build/motorsim
[7.360s] Invoked command in '/home/kireiji/RoboticsDev_ws/build/motorsim' returned '0': CMAKE_PREFIX_PATH=${CMAKE_PREFIX_PATH}:/home/kireiji/RoboticsDev_ws/install/launch_testing_examples:/home/kireiji/RoboticsDev_ws/install/examples_rclpy_pointcloud_publisher:/home/kireiji/RoboticsDev_ws/install/examples_rclpy_minimal_subscriber:/home/kireiji/RoboticsDev_ws/install/examples_rclpy_minimal_service:/home/kireiji/RoboticsDev_ws/install/examples_rclpy_minimal_publisher:/home/kireiji/RoboticsDev_ws/install/examples_rclpy_minimal_client:/home/kireiji/RoboticsDev_ws/install/examples_rclpy_minimal_action_server:/home/kireiji/RoboticsDev_ws/install/examples_rclpy_minimal_action_client:/home/kireiji/RoboticsDev_ws/install/examples_rclpy_guard_conditions:/home/kireiji/RoboticsDev_ws/install/examples_rclpy_executors:/home/kireiji/ros2_ws/install/my_py_pkg:/opt/ros/humble /usr/bin/cmake /home/kireiji/RoboticsDev_ws/src/motorsim -DCMAKE_INSTALL_PREFIX=/home/kireiji/RoboticsDev_ws/install/motorsim
[7.367s] Invoking command in '/home/kireiji/RoboticsDev_ws/build/motorsim': CMAKE_PREFIX_PATH=${CMAKE_PREFIX_PATH}:/home/kireiji/RoboticsDev_ws/install/launch_testing_examples:/home/kireiji/RoboticsDev_ws/install/examples_rclpy_pointcloud_publisher:/home/kireiji/RoboticsDev_ws/install/examples_rclpy_minimal_subscriber:/home/kireiji/RoboticsDev_ws/install/examples_rclpy_minimal_service:/home/kireiji/RoboticsDev_ws/install/examples_rclpy_minimal_publisher:/home/kireiji/RoboticsDev_ws/install/examples_rclpy_minimal_client:/home/kireiji/RoboticsDev_ws/install/examples_rclpy_minimal_action_server:/home/kireiji/RoboticsDev_ws/install/examples_rclpy_minimal_action_client:/home/kireiji/RoboticsDev_ws/install/examples_rclpy_guard_conditions:/home/kireiji/RoboticsDev_ws/install/examples_rclpy_executors:/home/kireiji/ros2_ws/install/my_py_pkg:/opt/ros/humble /usr/bin/cmake --build /home/kireiji/RoboticsDev_ws/build/motorsim -- -j16 -l16
[9.233s] [  0%] Built target ament_cmake_python_copy_motorsim
[9.233s] [ 50%] [32mBuilding CXX object CMakeFiles/cpp_node_test.dir/src/cpp_node.cpp.o[0m
[9.233s] [100%] [32m[1mLinking CXX executable cpp_node_test[0m
[9.233s] [100%] Built target cpp_node_test
[10.309s] running egg_info
[10.315s] creating motorsim.egg-info
[10.316s] writing manifest file 'motorsim.egg-info/SOURCES.txt'
[10.343s] writing manifest file 'motorsim.egg-info/SOURCES.txt'
[10.637s] [100%] Built target ament_cmake_python_build_motorsim_egg
[10.691s] Invoked command in '/home/kireiji/RoboticsDev_ws/build/motorsim' returned '0': CMAKE_PREFIX_PATH=${CMAKE_PREFIX_PATH}:/home/kireiji/RoboticsDev_ws/install/launch_testing_examples:/home/kireiji/RoboticsDev_ws/install/examples_rclpy_pointcloud_publisher:/home/kireiji/RoboticsDev_ws/install/examples_rclpy_minimal_subscriber:/home/kireiji/RoboticsDev_ws/install/examples_rclpy_minimal_service:/home/kireiji/RoboticsDev_ws/install/examples_rclpy_minimal_publisher:/home/kireiji/RoboticsDev_ws/install/examples_rclpy_minimal_client:/home/kireiji/RoboticsDev_ws/install/examples_rclpy_minimal_action_server:/home/kireiji/RoboticsDev_ws/install/examples_rclpy_minimal_action_client:/home/kireiji/RoboticsDev_ws/install/examples_rclpy_guard_conditions:/home/kireiji/RoboticsDev_ws/install/examples_rclpy_executors:/home/kireiji/ros2_ws/install/my_py_pkg:/opt/ros/humble /usr/bin/cmake --build /home/kireiji/RoboticsDev_ws/build/motorsim -- -j16 -l16
[10.828s] Invoking command in '/home/kireiji/RoboticsDev_ws/build/motorsim': CMAKE_PREFIX_PATH=${CMAKE_PREFIX_PATH}:/home/kireiji/RoboticsDev_ws/install/launch_testing_examples:/home/kireiji/RoboticsDev_ws/install/examples_rclpy_pointcloud_publisher:/home/kireiji/RoboticsDev_ws/install/examples_rclpy_minimal_subscriber:/home/kireiji/RoboticsDev_ws/install/examples_rclpy_minimal_service:/home/kireiji/RoboticsDev_ws/install/examples_rclpy_minimal_publisher:/home/kireiji/RoboticsDev_ws/install/examples_rclpy_minimal_client:/home/kireiji/RoboticsDev_ws/install/examples_rclpy_minimal_action_server:/home/kireiji/RoboticsDev_ws/install/examples_rclpy_minimal_action_client:/home/kireiji/RoboticsDev_ws/install/examples_rclpy_guard_conditions:/home/kireiji/RoboticsDev_ws/install/examples_rclpy_executors:/home/kireiji/ros2_ws/install/my_py_pkg:/opt/ros/humble /usr/bin/cmake --install /home/kireiji/RoboticsDev_ws/build/motorsim
[11.304s] -- Install configuration: ""
[11.306s] -- Installing: /home/kireiji/RoboticsDev_ws/install/motorsim/share/motorsim/environment/pythonpath.sh
[11.308s] -- Installing: /home/kireiji/RoboticsDev_ws/install/motorsim/share/motorsim/environment/pythonpath.dsv
[11.308s] -- Installing: /home/kireiji/RoboticsDev_ws/install/motorsim/lib/python3.10/site-packages/motorsim-0.0.0-py3.10.egg-info
[11.308s] -- Installing: /home/kireiji/RoboticsDev_ws/install/motorsim/lib/python3.10/site-packages/motorsim-0.0.0-py3.10.egg-info/PKG-INFO
[11.308s] -- Installing: /home/kireiji/RoboticsDev_ws/install/motorsim/lib/python3.10/site-packages/motorsim-0.0.0-py3.10.egg-info/dependency_links.txt
[11.309s] -- Installing: /home/kireiji/RoboticsDev_ws/install/motorsim/lib/python3.10/site-packages/motorsim-0.0.0-py3.10.egg-info/top_level.txt
[11.309s] -- Installing: /home/kireiji/RoboticsDev_ws/install/motorsim/lib/python3.10/site-packages/motorsim-0.0.0-py3.10.egg-info/SOURCES.txt
[11.309s] -- Installing: /home/kireiji/RoboticsDev_ws/install/motorsim/lib/python3.10/site-packages/motorsim
[11.309s] -- Installing: /home/kireiji/RoboticsDev_ws/install/motorsim/lib/python3.10/site-packages/motorsim/__init__.py
[11.309s] -- Installing: /home/kireiji/RoboticsDev_ws/install/motorsim/lib/python3.10/site-packages/motorsim/pid_controller.py
[11.309s] -- Installing: /home/kireiji/RoboticsDev_ws/install/motorsim/lib/python3.10/site-packages/motorsim/dc_motor_model.py
[11.309s] -- Installing: /home/kireiji/RoboticsDev_ws/install/motorsim/lib/python3.10/site-packages/motorsim/dummy_module.py
[11.309s] Listing '/home/kireiji/RoboticsDev_ws/install/motorsim/lib/python3.10/site-packages/motorsim'...
[11.309s] Compiling '/home/kireiji/RoboticsDev_ws/install/motorsim/lib/python3.10/site-packages/motorsim/__init__.py'...
[11.309s] Compiling '/home/kireiji/RoboticsDev_ws/install/motorsim/lib/python3.10/site-packages/motorsim/dc_motor_model.py'...
[11.312s] Compiling '/home/kireiji/RoboticsDev_ws/install/motorsim/lib/python3.10/site-packages/motorsim/dummy_module.py'...
[11.313s] Compiling '/home/kireiji/RoboticsDev_ws/install/motorsim/lib/python3.10/site-packages/motorsim/pid_controller.py'...
[11.313s] -- Installing: /home/kireiji/RoboticsDev_ws/install/motorsim/lib/motorsim/dummy_script.py
[11.314s] -- Installing: /home/kireiji/RoboticsDev_ws/install/motorsim/lib/motorsim/dc_motor_node.py
[11.314s] -- Installing: /home/kireiji/RoboticsDev_ws/install/motorsim/lib/motorsim/motorsim_node.py
[11.314s] -- Installing: /home/kireiji/RoboticsDev_ws/install/motorsim/lib/motorsim/controller_node.py
[11.314s] -- Installing: /home/kireiji/RoboticsDev_ws/install/motorsim/lib/motorsim/encoder_node.py
[11.314s] -- Installing: /home/kireiji/RoboticsDev_ws/install/motorsim/lib/motorsim/cpp_node_test
[11.314s] -- Set runtime path of "/home/kireiji/RoboticsDev_ws/install/motorsim/lib/motorsim/cpp_node_test" to ""
[11.314s] -- Installing: /home/kireiji/RoboticsDev_ws/install/motorsim/share/motorsim/scripts
[11.314s] -- Installing: /home/kireiji/RoboticsDev_ws/install/motorsim/share/motorsim/scripts/motorsim_node.py
[11.314s] -- Installing: /home/kireiji/RoboticsDev_ws/install/motorsim/share/motorsim/scripts/dummy_script.py
[11.314s] -- Installing: /home/kireiji/RoboticsDev_ws/install/motorsim/share/motorsim/scripts/encoder_node.py
[11.314s] -- Installing: /home/kireiji/RoboticsDev_ws/install/motorsim/share/motorsim/scripts/controller_node.py
[11.314s] -- Installing: /home/kireiji/RoboticsDev_ws/install/motorsim/share/motorsim/scripts/dc_motor_node.py
[11.314s] -- Installing: /home/kireiji/RoboticsDev_ws/install/motorsim/share/motorsim/motorsim
[11.315s] -- Installing: /home/kireiji/RoboticsDev_ws/install/motorsim/share/motorsim/motorsim/__init__.py
[11.315s] -- Installing: /home/kireiji/RoboticsDev_ws/install/motorsim/share/motorsim/motorsim/pid_controller.py
[11.315s] -- Installing: /home/kireiji/RoboticsDev_ws/install/motorsim/share/motorsim/motorsim/dc_motor_model.py
[11.315s] -- Installing: /home/kireiji/RoboticsDev_ws/install/motorsim/share/motorsim/motorsim/dummy_module.py
[11.315s] -- Installing: /home/kireiji/RoboticsDev_ws/install/motorsim/share/ament_index/resource_index/package_run_dependencies/motorsim
[11.315s] -- Installing: /home/kireiji/RoboticsDev_ws/install/motorsim/share/ament_index/resource_index/parent_prefix_path/motorsim
[11.315s] -- Installing: /home/kireiji/RoboticsDev_ws/install/motorsim/share/motorsim/environment/ament_prefix_path.sh
[11.315s] -- Installing: /home/kireiji/RoboticsDev_ws/install/motorsim/share/motorsim/environment/ament_prefix_path.dsv
[11.315s] -- Installing: /home/kireiji/RoboticsDev_ws/install/motorsim/share/motorsim/environment/path.sh
[11.315s] -- Installing: /home/kireiji/RoboticsDev_ws/install/motorsim/share/motorsim/environment/path.dsv
[11.316s] -- Installing: /home/kireiji/RoboticsDev_ws/install/motorsim/share/motorsim/local_setup.bash
[11.320s] -- Installing: /home/kireiji/RoboticsDev_ws/install/motorsim/share/motorsim/local_setup.sh
[11.327s] -- Installing: /home/kireiji/RoboticsDev_ws/install/motorsim/share/motorsim/local_setup.zsh
[11.327s] -- Installing: /home/kireiji/RoboticsDev_ws/install/motorsim/share/motorsim/local_setup.dsv
[11.327s] -- Installing: /home/kireiji/RoboticsDev_ws/install/motorsim/share/motorsim/package.dsv
[11.327s] -- Installing: /home/kireiji/RoboticsDev_ws/install/motorsim/share/ament_index/resource_index/packages/motorsim
[11.328s] -- Installing: /home/kireiji/RoboticsDev_ws/install/motorsim/share/motorsim/cmake/motorsimConfig.cmake
[11.328s] -- Installing: /home/kireiji/RoboticsDev_ws/install/motorsim/share/motorsim/cmake/motorsimConfig-version.cmake
[11.328s] -- Installing: /home/kireiji/RoboticsDev_ws/install/motorsim/share/motorsim/package.xml
[11.329s] Invoked command in '/home/kireiji/RoboticsDev_ws/build/motorsim' returned '0': CMAKE_PREFIX_PATH=${CMAKE_PREFIX_PATH}:/home/kireiji/RoboticsDev_ws/install/launch_testing_examples:/home/kireiji/RoboticsDev_ws/install/examples_rclpy_pointcloud_publisher:/home/kireiji/RoboticsDev_ws/install/examples_rclpy_minimal_subscriber:/home/kireiji/RoboticsDev_ws/install/examples_rclpy_minimal_service:/home/kireiji/RoboticsDev_ws/install/examples_rclpy_minimal_publisher:/home/kireiji/RoboticsDev_ws/install/examples_rclpy_minimal_client:/home/kireiji/RoboticsDev_ws/install/examples_rclpy_minimal_action_server:/home/kireiji/RoboticsDev_ws/install/examples_rclpy_minimal_action_client:/home/kireiji/RoboticsDev_ws/install/examples_rclpy_guard_conditions:/home/kireiji/RoboticsDev_ws/install/examples_rclpy_executors:/home/kireiji/ros2_ws/install/my_py_pkg:/opt/ros/humble /usr/bin/cmake --install /home/kireiji/RoboticsDev_ws/build/motorsim
