[0.047s] Invoking command in '/home/kireiji/RoboticsDev_ws/build/turtlesim_plus': CMAKE_PREFIX_PATH=${CMAKE_PREFIX_PATH}:/home/kireiji/RoboticsDev_ws/install/launch_testing_examples:/home/kireiji/RoboticsDev_ws/install/examples_rclpy_pointcloud_publisher:/home/kireiji/RoboticsDev_ws/install/examples_rclpy_minimal_subscriber:/home/kireiji/RoboticsDev_ws/install/examples_rclpy_minimal_service:/home/kireiji/RoboticsDev_ws/install/examples_rclpy_minimal_publisher:/home/kireiji/RoboticsDev_ws/install/examples_rclpy_minimal_client:/home/kireiji/RoboticsDev_ws/install/examples_rclpy_minimal_action_server:/home/kireiji/RoboticsDev_ws/install/examples_rclpy_minimal_action_client:/home/kireiji/RoboticsDev_ws/install/examples_rclpy_guard_conditions:/home/kireiji/RoboticsDev_ws/install/examples_rclpy_executors:/home/kireiji/ros2_ws/install/my_py_pkg:/opt/ros/humble /usr/bin/cmake --build /home/kireiji/RoboticsDev_ws/build/turtlesim_plus -- -j16 -l16
[0.137s] Built target ament_cmake_python_copy_turtlesim_plus
[0.626s] running egg_info
[0.634s] writing manifest file 'turtlesim_plus.egg-info/SOURCES.txt'
[0.699s] Built target ament_cmake_python_build_turtlesim_plus_egg
[0.766s] Invoked command in '/home/kireiji/RoboticsDev_ws/build/turtlesim_plus' returned '0': CMAKE_PREFIX_PATH=${CMAKE_PREFIX_PATH}:/home/kireiji/RoboticsDev_ws/install/launch_testing_examples:/home/kireiji/RoboticsDev_ws/install/examples_rclpy_pointcloud_publisher:/home/kireiji/RoboticsDev_ws/install/examples_rclpy_minimal_subscriber:/home/kireiji/RoboticsDev_ws/install/examples_rclpy_minimal_service:/home/kireiji/RoboticsDev_ws/install/examples_rclpy_minimal_publisher:/home/kireiji/RoboticsDev_ws/install/examples_rclpy_minimal_client:/home/kireiji/RoboticsDev_ws/install/examples_rclpy_minimal_action_server:/home/kireiji/RoboticsDev_ws/install/examples_rclpy_minimal_action_client:/home/kireiji/RoboticsDev_ws/install/examples_rclpy_guard_conditions:/home/kireiji/RoboticsDev_ws/install/examples_rclpy_executors:/home/kireiji/ros2_ws/install/my_py_pkg:/opt/ros/humble /usr/bin/cmake --build /home/kireiji/RoboticsDev_ws/build/turtlesim_plus -- -j16 -l16
[0.830s] Invoking command in '/home/kireiji/RoboticsDev_ws/build/turtlesim_plus': CMAKE_PREFIX_PATH=${CMAKE_PREFIX_PATH}:/home/kireiji/RoboticsDev_ws/install/launch_testing_examples:/home/kireiji/RoboticsDev_ws/install/examples_rclpy_pointcloud_publisher:/home/kireiji/RoboticsDev_ws/install/examples_rclpy_minimal_subscriber:/home/kireiji/RoboticsDev_ws/install/examples_rclpy_minimal_service:/home/kireiji/RoboticsDev_ws/install/examples_rclpy_minimal_publisher:/home/kireiji/RoboticsDev_ws/install/examples_rclpy_minimal_client:/home/kireiji/RoboticsDev_ws/install/examples_rclpy_minimal_action_server:/home/kireiji/RoboticsDev_ws/install/examples_rclpy_minimal_action_client:/home/kireiji/RoboticsDev_ws/install/examples_rclpy_guard_conditions:/home/kireiji/RoboticsDev_ws/install/examples_rclpy_executors:/home/kireiji/ros2_ws/install/my_py_pkg:/opt/ros/humble /usr/bin/cmake --install /home/kireiji/RoboticsDev_ws/build/turtlesim_plus
[0.889s] -- Install configuration: ""
[0.890s] -- Up-to-date: /home/kireiji/RoboticsDev_ws/install/turtlesim_plus/share/turtlesim_plus/environment/pythonpath.sh
[0.890s] -- Up-to-date: /home/kireiji/RoboticsDev_ws/install/turtlesim_plus/share/turtlesim_plus/environment/pythonpath.dsv
[0.890s] -- Up-to-date: /home/kireiji/RoboticsDev_ws/install/turtlesim_plus/lib/python3.10/site-packages/turtlesim_plus-1.0.0-py3.10.egg-info
[0.890s] -- Installing: /home/kireiji/RoboticsDev_ws/install/turtlesim_plus/lib/python3.10/site-packages/turtlesim_plus-1.0.0-py3.10.egg-info/PKG-INFO
[0.890s] -- Installing: /home/kireiji/RoboticsDev_ws/install/turtlesim_plus/lib/python3.10/site-packages/turtlesim_plus-1.0.0-py3.10.egg-info/dependency_links.txt
[0.890s] -- Installing: /home/kireiji/RoboticsDev_ws/install/turtlesim_plus/lib/python3.10/site-packages/turtlesim_plus-1.0.0-py3.10.egg-info/top_level.txt
[0.892s] -- Installing: /home/kireiji/RoboticsDev_ws/install/turtlesim_plus/lib/python3.10/site-packages/turtlesim_plus-1.0.0-py3.10.egg-info/SOURCES.txt
[0.895s] -- Up-to-date: /home/kireiji/RoboticsDev_ws/install/turtlesim_plus/lib/python3.10/site-packages/turtlesim_plus
[0.896s] -- Up-to-date: /home/kireiji/RoboticsDev_ws/install/turtlesim_plus/lib/python3.10/site-packages/turtlesim_plus/__init__.py
[0.896s] -- Up-to-date: /home/kireiji/RoboticsDev_ws/install/turtlesim_plus/lib/python3.10/site-packages/turtlesim_plus/ros2_plugins.py
[0.896s] -- Up-to-date: /home/kireiji/RoboticsDev_ws/install/turtlesim_plus/lib/python3.10/site-packages/turtlesim_plus/entity.py
[0.896s] -- Up-to-date: /home/kireiji/RoboticsDev_ws/install/turtlesim_plus/lib/python3.10/site-packages/turtlesim_plus/image
[0.896s] -- Up-to-date: /home/kireiji/RoboticsDev_ws/install/turtlesim_plus/lib/python3.10/site-packages/turtlesim_plus/image/turtle
[0.897s] -- Up-to-date: /home/kireiji/RoboticsDev_ws/install/turtlesim_plus/lib/python3.10/site-packages/turtlesim_plus/image/turtle/bouncy.png
[0.897s] -- Up-to-date: /home/kireiji/RoboticsDev_ws/install/turtlesim_plus/lib/python3.10/site-packages/turtlesim_plus/image/turtle/foxy.png
[0.897s] -- Up-to-date: /home/kireiji/RoboticsDev_ws/install/turtlesim_plus/lib/python3.10/site-packages/turtlesim_plus/image/turtle/crystal.png
[0.897s] -- Up-to-date: /home/kireiji/RoboticsDev_ws/install/turtlesim_plus/lib/python3.10/site-packages/turtlesim_plus/image/turtle/galactic.png
[0.897s] -- Up-to-date: /home/kireiji/RoboticsDev_ws/install/turtlesim_plus/lib/python3.10/site-packages/turtlesim_plus/image/turtle/otto.png
[0.897s] -- Up-to-date: /home/kireiji/RoboticsDev_ws/install/turtlesim_plus/lib/python3.10/site-packages/turtlesim_plus/image/turtle/eloquent.png
[0.897s] -- Up-to-date: /home/kireiji/RoboticsDev_ws/install/turtlesim_plus/lib/python3.10/site-packages/turtlesim_plus/image/turtle/dashing.png
[0.897s] -- Up-to-date: /home/kireiji/RoboticsDev_ws/install/turtlesim_plus/lib/python3.10/site-packages/turtlesim_plus/image/turtle/humble.png
[0.897s] -- Up-to-date: /home/kireiji/RoboticsDev_ws/install/turtlesim_plus/lib/python3.10/site-packages/turtlesim_plus/image/turtle/rolling.png
[0.897s] -- Up-to-date: /home/kireiji/RoboticsDev_ws/install/turtlesim_plus/lib/python3.10/site-packages/turtlesim_plus/image/turtle/ardent.png
[0.898s] -- Up-to-date: /home/kireiji/RoboticsDev_ws/install/turtlesim_plus/lib/python3.10/site-packages/turtlesim_plus/image/object
[0.898s] -- Up-to-date: /home/kireiji/RoboticsDev_ws/install/turtlesim_plus/lib/python3.10/site-packages/turtlesim_plus/image/object/pizza.png
[0.902s] -- Up-to-date: /home/kireiji/RoboticsDev_ws/install/turtlesim_plus/lib/python3.10/site-packages/turtlesim_plus/image/object/parcel.png
[0.902s] -- Up-to-date: /home/kireiji/RoboticsDev_ws/install/turtlesim_plus/lib/python3.10/site-packages/turtlesim_plus/image/map
[0.902s] -- Up-to-date: /home/kireiji/RoboticsDev_ws/install/turtlesim_plus/lib/python3.10/site-packages/turtlesim_plus/image/map/map.png
[0.939s] Listing '/home/kireiji/RoboticsDev_ws/install/turtlesim_plus/lib/python3.10/site-packages/turtlesim_plus'...
[0.939s] Listing '/home/kireiji/RoboticsDev_ws/install/turtlesim_plus/lib/python3.10/site-packages/turtlesim_plus/image'...
[0.939s] Listing '/home/kireiji/RoboticsDev_ws/install/turtlesim_plus/lib/python3.10/site-packages/turtlesim_plus/image/map'...
[0.939s] Listing '/home/kireiji/RoboticsDev_ws/install/turtlesim_plus/lib/python3.10/site-packages/turtlesim_plus/image/object'...
[0.939s] Listing '/home/kireiji/RoboticsDev_ws/install/turtlesim_plus/lib/python3.10/site-packages/turtlesim_plus/image/turtle'...
[0.952s] -- Up-to-date: /home/kireiji/RoboticsDev_ws/install/turtlesim_plus/lib/turtlesim_plus/turtlesim_plus_node.py
[0.953s] -- Up-to-date: /home/kireiji/RoboticsDev_ws/install/turtlesim_plus/lib/turtlesim_plus/pizza_on_click.py
[0.953s] -- Up-to-date: /home/kireiji/RoboticsDev_ws/install/turtlesim_plus/share/turtlesim_plus
[0.953s] -- Up-to-date: /home/kireiji/RoboticsDev_ws/install/turtlesim_plus/share/ament_index/resource_index/package_run_dependencies/turtlesim_plus
[0.953s] -- Up-to-date: /home/kireiji/RoboticsDev_ws/install/turtlesim_plus/share/ament_index/resource_index/parent_prefix_path/turtlesim_plus
[0.953s] -- Up-to-date: /home/kireiji/RoboticsDev_ws/install/turtlesim_plus/share/turtlesim_plus/environment/ament_prefix_path.sh
[0.953s] -- Up-to-date: /home/kireiji/RoboticsDev_ws/install/turtlesim_plus/share/turtlesim_plus/environment/ament_prefix_path.dsv
[0.953s] -- Up-to-date: /home/kireiji/RoboticsDev_ws/install/turtlesim_plus/share/turtlesim_plus/environment/path.sh
[0.953s] -- Up-to-date: /home/kireiji/RoboticsDev_ws/install/turtlesim_plus/share/turtlesim_plus/environment/path.dsv
[0.953s] -- Up-to-date: /home/kireiji/RoboticsDev_ws/install/turtlesim_plus/share/turtlesim_plus/local_setup.bash
[0.953s] -- Up-to-date: /home/kireiji/RoboticsDev_ws/install/turtlesim_plus/share/turtlesim_plus/local_setup.sh
[0.953s] -- Up-to-date: /home/kireiji/RoboticsDev_ws/install/turtlesim_plus/share/turtlesim_plus/local_setup.zsh
[0.953s] -- Up-to-date: /home/kireiji/RoboticsDev_ws/install/turtlesim_plus/share/turtlesim_plus/local_setup.dsv
[0.953s] -- Installing: /home/kireiji/RoboticsDev_ws/install/turtlesim_plus/share/turtlesim_plus/package.dsv
[0.953s] -- Up-to-date: /home/kireiji/RoboticsDev_ws/install/turtlesim_plus/share/ament_index/resource_index/packages/turtlesim_plus
[0.953s] -- Up-to-date: /home/kireiji/RoboticsDev_ws/install/turtlesim_plus/share/turtlesim_plus/cmake/turtlesim_plusConfig.cmake
[0.953s] -- Up-to-date: /home/kireiji/RoboticsDev_ws/install/turtlesim_plus/share/turtlesim_plus/cmake/turtlesim_plusConfig-version.cmake
[0.954s] -- Up-to-date: /home/kireiji/RoboticsDev_ws/install/turtlesim_plus/share/turtlesim_plus/package.xml
[0.969s] Invoked command in '/home/kireiji/RoboticsDev_ws/build/turtlesim_plus' returned '0': CMAKE_PREFIX_PATH=${CMAKE_PREFIX_PATH}:/home/kireiji/RoboticsDev_ws/install/launch_testing_examples:/home/kireiji/RoboticsDev_ws/install/examples_rclpy_pointcloud_publisher:/home/kireiji/RoboticsDev_ws/install/examples_rclpy_minimal_subscriber:/home/kireiji/RoboticsDev_ws/install/examples_rclpy_minimal_service:/home/kireiji/RoboticsDev_ws/install/examples_rclpy_minimal_publisher:/home/kireiji/RoboticsDev_ws/install/examples_rclpy_minimal_client:/home/kireiji/RoboticsDev_ws/install/examples_rclpy_minimal_action_server:/home/kireiji/RoboticsDev_ws/install/examples_rclpy_minimal_action_client:/home/kireiji/RoboticsDev_ws/install/examples_rclpy_guard_conditions:/home/kireiji/RoboticsDev_ws/install/examples_rclpy_executors:/home/kireiji/ros2_ws/install/my_py_pkg:/opt/ros/humble /usr/bin/cmake --install /home/kireiji/RoboticsDev_ws/build/turtlesim_plus
