[0.494s] Invoking command in '/home/kireiji/RoboticsDev_ws/build/motorsim': CMAKE_PREFIX_PATH=${CMAKE_PREFIX_PATH}:/home/kireiji/RoboticsDev_ws/install/launch_testing_examples:/home/kireiji/RoboticsDev_ws/install/examples_rclpy_pointcloud_publisher:/home/kireiji/RoboticsDev_ws/install/examples_rclpy_minimal_subscriber:/home/kireiji/RoboticsDev_ws/install/examples_rclpy_minimal_service:/home/kireiji/RoboticsDev_ws/install/examples_rclpy_minimal_publisher:/home/kireiji/RoboticsDev_ws/install/examples_rclpy_minimal_client:/home/kireiji/RoboticsDev_ws/install/examples_rclpy_minimal_action_server:/home/kireiji/RoboticsDev_ws/install/examples_rclpy_minimal_action_client:/home/kireiji/RoboticsDev_ws/install/examples_rclpy_guard_conditions:/home/kireiji/RoboticsDev_ws/install/examples_rclpy_executors:/home/kireiji/ros2_ws/install/my_py_pkg:/opt/ros/humble /usr/bin/cmake --build /home/kireiji/RoboticsDev_ws/build/motorsim -- -j16 -l16
[0.536s] -- Found ament_cmake: 1.3.10 (/opt/ros/humble/share/ament_cmake/cmake)
[0.904s] -- Found rclcpp: 16.0.10 (/opt/ros/humble/share/rclcpp/cmake)
[0.968s] -- Found rosidl_generator_c: 3.1.5 (/opt/ros/humble/share/rosidl_generator_c/cmake)
[0.972s] -- Found rosidl_adapter: 3.1.5 (/opt/ros/humble/share/rosidl_adapter/cmake)
[0.980s] -- Found rosidl_generator_cpp: 3.1.5 (/opt/ros/humble/share/rosidl_generator_cpp/cmake)
[0.995s] -- Using all available rosidl_typesupport_c: rosidl_typesupport_fastrtps_c;rosidl_typesupport_introspection_c
[1.017s] -- Using all available rosidl_typesupport_cpp: rosidl_typesupport_fastrtps_cpp;rosidl_typesupport_introspection_cpp
[1.066s] -- Found rmw_implementation_cmake: 6.1.2 (/opt/ros/humble/share/rmw_implementation_cmake/cmake)
[1.066s] -- Found rmw_fastrtps_cpp: 6.2.7 (/opt/ros/humble/share/rmw_fastrtps_cpp/cmake)
[1.415s] -- Using RMW implementation 'rmw_fastrtps_cpp' as default
[1.520s] -- Found rclpy: 3.3.14 (/opt/ros/humble/share/rclpy/cmake)
[1.800s] -- Configuring done
[1.815s] -- Generating done
[1.815s] -- Build files have been written to: /home/kireiji/RoboticsDev_ws/build/motorsim
[1.849s] [35m[1mConsolidate compiler generated dependencies of target cpp_node_test[0m
[1.861s] [100%] Built target cpp_node_test
[1.868s] [100%] Built target ament_cmake_python_copy_motorsim
[2.082s] running egg_info
[2.085s] writing manifest file 'motorsim.egg-info/SOURCES.txt'
[2.103s] [100%] Built target ament_cmake_python_build_motorsim_egg
[2.111s] Invoked command in '/home/kireiji/RoboticsDev_ws/build/motorsim' returned '0': CMAKE_PREFIX_PATH=${CMAKE_PREFIX_PATH}:/home/kireiji/RoboticsDev_ws/install/launch_testing_examples:/home/kireiji/RoboticsDev_ws/install/examples_rclpy_pointcloud_publisher:/home/kireiji/RoboticsDev_ws/install/examples_rclpy_minimal_subscriber:/home/kireiji/RoboticsDev_ws/install/examples_rclpy_minimal_service:/home/kireiji/RoboticsDev_ws/install/examples_rclpy_minimal_publisher:/home/kireiji/RoboticsDev_ws/install/examples_rclpy_minimal_client:/home/kireiji/RoboticsDev_ws/install/examples_rclpy_minimal_action_server:/home/kireiji/RoboticsDev_ws/install/examples_rclpy_minimal_action_client:/home/kireiji/RoboticsDev_ws/install/examples_rclpy_guard_conditions:/home/kireiji/RoboticsDev_ws/install/examples_rclpy_executors:/home/kireiji/ros2_ws/install/my_py_pkg:/opt/ros/humble /usr/bin/cmake --build /home/kireiji/RoboticsDev_ws/build/motorsim -- -j16 -l16
[2.133s] Invoking command in '/home/kireiji/RoboticsDev_ws/build/motorsim': CMAKE_PREFIX_PATH=${CMAKE_PREFIX_PATH}:/home/kireiji/RoboticsDev_ws/install/launch_testing_examples:/home/kireiji/RoboticsDev_ws/install/examples_rclpy_pointcloud_publisher:/home/kireiji/RoboticsDev_ws/install/examples_rclpy_minimal_subscriber:/home/kireiji/RoboticsDev_ws/install/examples_rclpy_minimal_service:/home/kireiji/RoboticsDev_ws/install/examples_rclpy_minimal_publisher:/home/kireiji/RoboticsDev_ws/install/examples_rclpy_minimal_client:/home/kireiji/RoboticsDev_ws/install/examples_rclpy_minimal_action_server:/home/kireiji/RoboticsDev_ws/install/examples_rclpy_minimal_action_client:/home/kireiji/RoboticsDev_ws/install/examples_rclpy_guard_conditions:/home/kireiji/RoboticsDev_ws/install/examples_rclpy_executors:/home/kireiji/ros2_ws/install/my_py_pkg:/opt/ros/humble /usr/bin/cmake --install /home/kireiji/RoboticsDev_ws/build/motorsim
[2.138s] -- Install configuration: ""
[2.138s] -- Up-to-date: /home/kireiji/RoboticsDev_ws/install/motorsim/share/motorsim/environment/pythonpath.sh
[2.138s] -- Installing: /home/kireiji/RoboticsDev_ws/install/motorsim/share/motorsim/environment/pythonpath.dsv
[2.138s] -- Up-to-date: /home/kireiji/RoboticsDev_ws/install/motorsim/lib/python3.10/site-packages/motorsim-0.0.0-py3.10.egg-info
[2.138s] -- Installing: /home/kireiji/RoboticsDev_ws/install/motorsim/lib/python3.10/site-packages/motorsim-0.0.0-py3.10.egg-info/PKG-INFO
[2.139s] -- Installing: /home/kireiji/RoboticsDev_ws/install/motorsim/lib/python3.10/site-packages/motorsim-0.0.0-py3.10.egg-info/dependency_links.txt
[2.139s] -- Installing: /home/kireiji/RoboticsDev_ws/install/motorsim/lib/python3.10/site-packages/motorsim-0.0.0-py3.10.egg-info/top_level.txt
[2.139s] -- Installing: /home/kireiji/RoboticsDev_ws/install/motorsim/lib/python3.10/site-packages/motorsim-0.0.0-py3.10.egg-info/SOURCES.txt
[2.139s] -- Up-to-date: /home/kireiji/RoboticsDev_ws/install/motorsim/lib/python3.10/site-packages/motorsim
[2.139s] -- Up-to-date: /home/kireiji/RoboticsDev_ws/install/motorsim/lib/python3.10/site-packages/motorsim/__init__.py
[2.139s] -- Up-to-date: /home/kireiji/RoboticsDev_ws/install/motorsim/lib/python3.10/site-packages/motorsim/pid_controller.py
[2.139s] -- Up-to-date: /home/kireiji/RoboticsDev_ws/install/motorsim/lib/python3.10/site-packages/motorsim/dc_motor_model.py
[2.139s] -- Up-to-date: /home/kireiji/RoboticsDev_ws/install/motorsim/lib/python3.10/site-packages/motorsim/dummy_module.py
[2.169s] Listing '/home/kireiji/RoboticsDev_ws/install/motorsim/lib/python3.10/site-packages/motorsim'...
[2.172s] -- Up-to-date: /home/kireiji/RoboticsDev_ws/install/motorsim/lib/motorsim/dummy_script.py
[2.173s] -- Up-to-date: /home/kireiji/RoboticsDev_ws/install/motorsim/lib/motorsim/dc_motor_node.py
[2.173s] -- Up-to-date: /home/kireiji/RoboticsDev_ws/install/motorsim/lib/motorsim/motorsim_node.py
[2.173s] -- Installing: /home/kireiji/RoboticsDev_ws/install/motorsim/lib/motorsim/controller_node.py
[2.173s] -- Up-to-date: /home/kireiji/RoboticsDev_ws/install/motorsim/lib/motorsim/encoder_node.py
[2.173s] -- Installing: /home/kireiji/RoboticsDev_ws/install/motorsim/lib/motorsim/scheduler_node.py
[2.173s] -- Installing: /home/kireiji/RoboticsDev_ws/install/motorsim/lib/motorsim/random.py
[2.173s] -- Up-to-date: /home/kireiji/RoboticsDev_ws/install/motorsim/lib/motorsim/cpp_node_test
[2.173s] -- Up-to-date: /home/kireiji/RoboticsDev_ws/install/motorsim/share/motorsim/scripts
[2.173s] -- Up-to-date: /home/kireiji/RoboticsDev_ws/install/motorsim/share/motorsim/scripts/motorsim_node.py
[2.173s] -- Installing: /home/kireiji/RoboticsDev_ws/install/motorsim/share/motorsim/scripts/random.py
[2.173s] -- Up-to-date: /home/kireiji/RoboticsDev_ws/install/motorsim/share/motorsim/scripts/dummy_script.py
[2.173s] -- Installing: /home/kireiji/RoboticsDev_ws/install/motorsim/share/motorsim/scripts/scheduler_node.py
[2.173s] -- Up-to-date: /home/kireiji/RoboticsDev_ws/install/motorsim/share/motorsim/scripts/encoder_node.py
[2.173s] -- Installing: /home/kireiji/RoboticsDev_ws/install/motorsim/share/motorsim/scripts/controller_node.py
[2.173s] -- Installing: /home/kireiji/RoboticsDev_ws/install/motorsim/share/motorsim/scripts/__pycache__
[2.173s] -- Installing: /home/kireiji/RoboticsDev_ws/install/motorsim/share/motorsim/scripts/__pycache__/random.cpython-310.pyc
[2.173s] -- Up-to-date: /home/kireiji/RoboticsDev_ws/install/motorsim/share/motorsim/scripts/dc_motor_node.py
[2.173s] -- Up-to-date: /home/kireiji/RoboticsDev_ws/install/motorsim/share/motorsim/motorsim
[2.174s] -- Up-to-date: /home/kireiji/RoboticsDev_ws/install/motorsim/share/motorsim/motorsim/__init__.py
[2.174s] -- Up-to-date: /home/kireiji/RoboticsDev_ws/install/motorsim/share/motorsim/motorsim/pid_controller.py
[2.174s] -- Up-to-date: /home/kireiji/RoboticsDev_ws/install/motorsim/share/motorsim/motorsim/dc_motor_model.py
[2.174s] -- Up-to-date: /home/kireiji/RoboticsDev_ws/install/motorsim/share/motorsim/motorsim/dummy_module.py
[2.174s] -- Up-to-date: /home/kireiji/RoboticsDev_ws/install/motorsim/share/ament_index/resource_index/package_run_dependencies/motorsim
[2.174s] -- Up-to-date: /home/kireiji/RoboticsDev_ws/install/motorsim/share/ament_index/resource_index/parent_prefix_path/motorsim
[2.174s] -- Up-to-date: /home/kireiji/RoboticsDev_ws/install/motorsim/share/motorsim/environment/ament_prefix_path.sh
[2.174s] -- Installing: /home/kireiji/RoboticsDev_ws/install/motorsim/share/motorsim/environment/ament_prefix_path.dsv
[2.174s] -- Up-to-date: /home/kireiji/RoboticsDev_ws/install/motorsim/share/motorsim/environment/path.sh
[2.174s] -- Installing: /home/kireiji/RoboticsDev_ws/install/motorsim/share/motorsim/environment/path.dsv
[2.174s] -- Up-to-date: /home/kireiji/RoboticsDev_ws/install/motorsim/share/motorsim/local_setup.bash
[2.174s] -- Up-to-date: /home/kireiji/RoboticsDev_ws/install/motorsim/share/motorsim/local_setup.sh
[2.174s] -- Up-to-date: /home/kireiji/RoboticsDev_ws/install/motorsim/share/motorsim/local_setup.zsh
[2.174s] -- Installing: /home/kireiji/RoboticsDev_ws/install/motorsim/share/motorsim/local_setup.dsv
[2.174s] -- Installing: /home/kireiji/RoboticsDev_ws/install/motorsim/share/motorsim/package.dsv
[2.174s] -- Up-to-date: /home/kireiji/RoboticsDev_ws/install/motorsim/share/ament_index/resource_index/packages/motorsim
[2.174s] -- Up-to-date: /home/kireiji/RoboticsDev_ws/install/motorsim/share/motorsim/cmake/motorsimConfig.cmake
[2.174s] -- Up-to-date: /home/kireiji/RoboticsDev_ws/install/motorsim/share/motorsim/cmake/motorsimConfig-version.cmake
[2.174s] -- Up-to-date: /home/kireiji/RoboticsDev_ws/install/motorsim/share/motorsim/package.xml
[2.176s] Invoked command in '/home/kireiji/RoboticsDev_ws/build/motorsim' returned '0': CMAKE_PREFIX_PATH=${CMAKE_PREFIX_PATH}:/home/kireiji/RoboticsDev_ws/install/launch_testing_examples:/home/kireiji/RoboticsDev_ws/install/examples_rclpy_pointcloud_publisher:/home/kireiji/RoboticsDev_ws/install/examples_rclpy_minimal_subscriber:/home/kireiji/RoboticsDev_ws/install/examples_rclpy_minimal_service:/home/kireiji/RoboticsDev_ws/install/examples_rclpy_minimal_publisher:/home/kireiji/RoboticsDev_ws/install/examples_rclpy_minimal_client:/home/kireiji/RoboticsDev_ws/install/examples_rclpy_minimal_action_server:/home/kireiji/RoboticsDev_ws/install/examples_rclpy_minimal_action_client:/home/kireiji/RoboticsDev_ws/install/examples_rclpy_guard_conditions:/home/kireiji/RoboticsDev_ws/install/examples_rclpy_executors:/home/kireiji/ros2_ws/install/my_py_pkg:/opt/ros/humble /usr/bin/cmake --install /home/kireiji/RoboticsDev_ws/build/motorsim
