[3.113s] Invoking command in '/home/kireiji/RoboticsDev_ws/src/examples/rclpy/topics/pointcloud_publisher': PYTHONPATH=/home/kireiji/RoboticsDev_ws/build/examples_rclpy_pointcloud_publisher/prefix_override:/usr/lib/python3/dist-packages/colcon_core/task/python/colcon_distutils_commands:/home/kireiji/RoboticsDev_ws/install/examples_rclpy_pointcloud_publisher/lib/python3.10/site-packages:${PYTHONPATH} /usr/bin/python3 -W ignore:setup.py install is deprecated setup.py egg_info --egg-base ../../../../../build/examples_rclpy_pointcloud_publisher build --build-base /home/kireiji/RoboticsDev_ws/build/examples_rclpy_pointcloud_publisher/build install --record /home/kireiji/RoboticsDev_ws/build/examples_rclpy_pointcloud_publisher/install.log --single-version-externally-managed install_data
[3.757s] running egg_info
[3.762s] writing ../../../../../build/examples_rclpy_pointcloud_publisher/examples_rclpy_pointcloud_publisher.egg-info/PKG-INFO
[3.762s] writing dependency_links to ../../../../../build/examples_rclpy_pointcloud_publisher/examples_rclpy_pointcloud_publisher.egg-info/dependency_links.txt
[3.762s] writing entry points to ../../../../../build/examples_rclpy_pointcloud_publisher/examples_rclpy_pointcloud_publisher.egg-info/entry_points.txt
[3.762s] writing requirements to ../../../../../build/examples_rclpy_pointcloud_publisher/examples_rclpy_pointcloud_publisher.egg-info/requires.txt
[3.762s] writing top-level names to ../../../../../build/examples_rclpy_pointcloud_publisher/examples_rclpy_pointcloud_publisher.egg-info/top_level.txt
[3.766s] reading manifest file '../../../../../build/examples_rclpy_pointcloud_publisher/examples_rclpy_pointcloud_publisher.egg-info/SOURCES.txt'
[3.770s] writing manifest file '../../../../../build/examples_rclpy_pointcloud_publisher/examples_rclpy_pointcloud_publisher.egg-info/SOURCES.txt'
[3.770s] running build
[3.770s] running build_py
[3.777s] running install
[3.777s] running install_lib
[3.779s] running install_data
[3.779s] running install_egg_info
[3.785s] removing '/home/kireiji/RoboticsDev_ws/install/examples_rclpy_pointcloud_publisher/lib/python3.10/site-packages/examples_rclpy_pointcloud_publisher-0.15.2-py3.10.egg-info' (and everything under it)
[3.785s] Copying ../../../../../build/examples_rclpy_pointcloud_publisher/examples_rclpy_pointcloud_publisher.egg-info to /home/kireiji/RoboticsDev_ws/install/examples_rclpy_pointcloud_publisher/lib/python3.10/site-packages/examples_rclpy_pointcloud_publisher-0.15.2-py3.10.egg-info
[3.786s] running install_scripts
[3.827s] Installing pointcloud_publisher script to /home/kireiji/RoboticsDev_ws/install/examples_rclpy_pointcloud_publisher/lib/examples_rclpy_pointcloud_publisher
[3.828s] writing list of installed files to '/home/kireiji/RoboticsDev_ws/build/examples_rclpy_pointcloud_publisher/install.log'
[3.942s] Invoked command in '/home/kireiji/RoboticsDev_ws/src/examples/rclpy/topics/pointcloud_publisher' returned '0': PYTHONPATH=/home/kireiji/RoboticsDev_ws/build/examples_rclpy_pointcloud_publisher/prefix_override:/usr/lib/python3/dist-packages/colcon_core/task/python/colcon_distutils_commands:/home/kireiji/RoboticsDev_ws/install/examples_rclpy_pointcloud_publisher/lib/python3.10/site-packages:${PYTHONPATH} /usr/bin/python3 -W ignore:setup.py install is deprecated setup.py egg_info --egg-base ../../../../../build/examples_rclpy_pointcloud_publisher build --build-base /home/kireiji/RoboticsDev_ws/build/examples_rclpy_pointcloud_publisher/build install --record /home/kireiji/RoboticsDev_ws/build/examples_rclpy_pointcloud_publisher/install.log --single-version-externally-managed install_data
