[0.315s] Invoking command in '/home/kireiji/RoboticsDev_ws/build/motorsim_interfaces': CMAKE_PREFIX_PATH=${CMAKE_PREFIX_PATH}:/home/kireiji/RoboticsDev_ws/install/launch_testing_examples:/home/kireiji/RoboticsDev_ws/install/examples_rclpy_pointcloud_publisher:/home/kireiji/RoboticsDev_ws/install/examples_rclpy_minimal_subscriber:/home/kireiji/RoboticsDev_ws/install/examples_rclpy_minimal_service:/home/kireiji/RoboticsDev_ws/install/examples_rclpy_minimal_publisher:/home/kireiji/RoboticsDev_ws/install/examples_rclpy_minimal_client:/home/kireiji/RoboticsDev_ws/install/examples_rclpy_minimal_action_server:/home/kireiji/RoboticsDev_ws/install/examples_rclpy_minimal_action_client:/home/kireiji/RoboticsDev_ws/install/examples_rclpy_guard_conditions:/home/kireiji/RoboticsDev_ws/install/examples_rclpy_executors:/home/kireiji/ros2_ws/install/my_py_pkg:/opt/ros/humble /usr/bin/cmake --build /home/kireiji/RoboticsDev_ws/build/motorsim_interfaces -- -j16 -l16
[0.368s] -- Found ament_cmake: 1.3.10 (/opt/ros/humble/share/ament_cmake/cmake)
[0.718s] -- Found rosidl_default_generators: 1.2.0 (/opt/ros/humble/share/rosidl_default_generators/cmake)
[0.727s] -- Using all available rosidl_typesupport_c: rosidl_typesupport_fastrtps_c;rosidl_typesupport_introspection_c
[0.739s] -- Found rosidl_adapter: 3.1.5 (/opt/ros/humble/share/rosidl_adapter/cmake)
[0.780s] -- Using all available rosidl_typesupport_cpp: rosidl_typesupport_fastrtps_cpp;rosidl_typesupport_introspection_cpp
[1.546s] -- Found ament_cmake_ros: 0.10.0 (/opt/ros/humble/share/ament_cmake_ros/cmake)
[1.762s] -- Using all available rosidl_typesupport_c: rosidl_typesupport_fastrtps_c;rosidl_typesupport_introspection_c
[1.969s] -- Using all available rosidl_typesupport_cpp: rosidl_typesupport_fastrtps_cpp;rosidl_typesupport_introspection_cpp
[1.990s] -- Found python_cmake_module: 0.10.0 (/opt/ros/humble/share/python_cmake_module/cmake)
[2.011s] -- Using PYTHON_EXECUTABLE: /usr/local/bin/python3
[2.011s] -- Using PYTHON_INCLUDE_DIRS: /usr/local/include/python3.10
[2.011s] -- Using PYTHON_LIBRARIES: /usr/local/lib/libpython3.10.a
[2.107s] -- Using numpy include directory: /home/kireiji/.local/lib/python3.10/site-packages/numpy/_core/include
[2.118s] -- Found ament_lint_auto: 0.12.11 (/opt/ros/humble/share/ament_lint_auto/cmake)
[2.123s] -- Added test 'lint_cmake' to check CMake code style
[2.124s] -- Added test 'xmllint' to check XML markup files
[2.125s] -- Configuring done
[2.141s] -- Generating done
[2.142s] -- Build files have been written to: /home/kireiji/RoboticsDev_ws/build/motorsim_interfaces
[2.159s] [  2%] [34m[1mGenerating C code for ROS interfaces[0m
[2.165s] [  5%] [34m[1mGenerating C++ code for ROS interfaces[0m
[2.182s] [  5%] Built target ament_cmake_python_copy_motorsim_interfaces
[2.371s] running egg_info
[2.373s] writing manifest file 'motorsim_interfaces.egg-info/SOURCES.txt'
[2.392s] [  5%] Built target ament_cmake_python_build_motorsim_interfaces_egg
[2.462s] [  5%] Built target motorsim_interfaces__cpp
[2.465s] [35m[1mConsolidate compiler generated dependencies of target motorsim_interfaces__rosidl_generator_c[0m
[2.468s] [  7%] [34m[1mGenerating C++ type support dispatch for ROS interfaces[0m
[2.468s] [ 10%] [34m[1mGenerating C++ type support for eProsima Fast-RTPS[0m
[2.468s] [ 12%] [34m[1mGenerating C++ introspection for ROS interfaces[0m
[2.473s] [ 15%] [32mBuilding C object CMakeFiles/motorsim_interfaces__rosidl_generator_c.dir/rosidl_generator_c/motorsim_interfaces/srv/detail/notify__functions.c.o[0m
[2.473s] [ 17%] [32mBuilding C object CMakeFiles/motorsim_interfaces__rosidl_generator_c.dir/rosidl_generator_c/motorsim_interfaces/srv/detail/motor_spawn__functions.c.o[0m
[2.511s] [ 20%] [32m[1mLinking C shared library libmotorsim_interfaces__rosidl_generator_c.so[0m
[2.536s] [ 20%] Built target motorsim_interfaces__rosidl_generator_c
[2.543s] [ 28%] [34m[1mGenerating C type support for eProsima Fast-RTPS[0m
[2.543s] [ 28%] [34m[1mGenerating C introspection for ROS interfaces[0m
[2.543s] [ 28%] [34m[1mGenerating C type support dispatch for ROS interfaces[0m
[2.698s] [35m[1mConsolidate compiler generated dependencies of target motorsim_interfaces__rosidl_typesupport_cpp[0m
[2.707s] [ 30%] [32mBuilding CXX object CMakeFiles/motorsim_interfaces__rosidl_typesupport_cpp.dir/rosidl_typesupport_cpp/motorsim_interfaces/srv/notify__type_support.cpp.o[0m
[2.707s] [ 33%] [32mBuilding CXX object CMakeFiles/motorsim_interfaces__rosidl_typesupport_cpp.dir/rosidl_typesupport_cpp/motorsim_interfaces/srv/motor_spawn__type_support.cpp.o[0m
[2.721s] [35m[1mConsolidate compiler generated dependencies of target motorsim_interfaces__rosidl_typesupport_introspection_cpp[0m
[2.731s] [ 38%] [32mBuilding CXX object CMakeFiles/motorsim_interfaces__rosidl_typesupport_introspection_cpp.dir/rosidl_typesupport_introspection_cpp/motorsim_interfaces/srv/detail/notify__type_support.cpp.o[0m
[2.731s] [ 38%] [32mBuilding CXX object CMakeFiles/motorsim_interfaces__rosidl_typesupport_introspection_cpp.dir/rosidl_typesupport_introspection_cpp/motorsim_interfaces/srv/detail/motor_spawn__type_support.cpp.o[0m
[2.755s] [35m[1mConsolidate compiler generated dependencies of target motorsim_interfaces__rosidl_typesupport_fastrtps_cpp[0m
[2.766s] [ 41%] [32mBuilding CXX object CMakeFiles/motorsim_interfaces__rosidl_typesupport_fastrtps_cpp.dir/rosidl_typesupport_fastrtps_cpp/motorsim_interfaces/srv/detail/dds_fastrtps/motor_spawn__type_support.cpp.o[0m
[2.769s] [ 43%] [32mBuilding CXX object CMakeFiles/motorsim_interfaces__rosidl_typesupport_fastrtps_cpp.dir/rosidl_typesupport_fastrtps_cpp/motorsim_interfaces/srv/detail/dds_fastrtps/notify__type_support.cpp.o[0m
[2.791s] [35m[1mConsolidate compiler generated dependencies of target motorsim_interfaces__rosidl_typesupport_c[0m
[2.805s] [ 48%] [32mBuilding CXX object CMakeFiles/motorsim_interfaces__rosidl_typesupport_c.dir/rosidl_typesupport_c/motorsim_interfaces/srv/motor_spawn__type_support.cpp.o[0m
[2.805s] [ 48%] [32mBuilding CXX object CMakeFiles/motorsim_interfaces__rosidl_typesupport_c.dir/rosidl_typesupport_c/motorsim_interfaces/srv/notify__type_support.cpp.o[0m
[2.843s] [ 51%] [32m[1mLinking CXX shared library libmotorsim_interfaces__rosidl_typesupport_c.so[0m
[2.846s] [35m[1mConsolidate compiler generated dependencies of target motorsim_interfaces__rosidl_typesupport_introspection_c[0m
[2.862s] [ 56%] [32mBuilding C object CMakeFiles/motorsim_interfaces__rosidl_typesupport_introspection_c.dir/rosidl_typesupport_introspection_c/motorsim_interfaces/srv/detail/notify__type_support.c.o[0m
[2.862s] [ 56%] [32mBuilding C object CMakeFiles/motorsim_interfaces__rosidl_typesupport_introspection_c.dir/rosidl_typesupport_introspection_c/motorsim_interfaces/srv/detail/motor_spawn__type_support.c.o[0m
[2.882s] [ 56%] Built target motorsim_interfaces__rosidl_typesupport_c
[2.884s] [35m[1mConsolidate compiler generated dependencies of target motorsim_interfaces__rosidl_typesupport_fastrtps_c[0m
[2.897s] [ 58%] [32mBuilding CXX object CMakeFiles/motorsim_interfaces__rosidl_typesupport_fastrtps_c.dir/rosidl_typesupport_fastrtps_c/motorsim_interfaces/srv/detail/motor_spawn__type_support_c.cpp.o[0m
[2.900s] [ 61%] [32mBuilding CXX object CMakeFiles/motorsim_interfaces__rosidl_typesupport_fastrtps_c.dir/rosidl_typesupport_fastrtps_c/motorsim_interfaces/srv/detail/notify__type_support_c.cpp.o[0m
[2.907s] [ 64%] [32m[1mLinking C shared library libmotorsim_interfaces__rosidl_typesupport_introspection_c.so[0m
[2.934s] [ 66%] [32m[1mLinking CXX shared library libmotorsim_interfaces__rosidl_typesupport_cpp.so[0m
[2.937s] [ 66%] Built target motorsim_interfaces__rosidl_typesupport_introspection_c
[2.966s] [ 66%] Built target motorsim_interfaces__rosidl_typesupport_cpp
[3.050s] [ 69%] [32m[1mLinking CXX shared library libmotorsim_interfaces__rosidl_typesupport_introspection_cpp.so[0m
[3.110s] [ 69%] Built target motorsim_interfaces__rosidl_typesupport_introspection_cpp
[3.140s] [ 71%] [32m[1mLinking CXX shared library libmotorsim_interfaces__rosidl_typesupport_fastrtps_cpp.so[0m
[3.190s] [ 71%] Built target motorsim_interfaces__rosidl_typesupport_fastrtps_cpp
[3.228s] [ 74%] [32m[1mLinking CXX shared library libmotorsim_interfaces__rosidl_typesupport_fastrtps_c.so[0m
[3.272s] [ 74%] Built target motorsim_interfaces__rosidl_typesupport_fastrtps_c
[3.284s] [ 74%] Built target motorsim_interfaces
[3.297s] [ 76%] [34m[1mGenerating Python code for ROS interfaces[0m
[3.808s] [ 76%] Built target motorsim_interfaces__py
[3.822s] [35m[1mConsolidate compiler generated dependencies of target motorsim_interfaces__rosidl_generator_py[0m
[3.835s] [ 79%] [32mBuilding C object CMakeFiles/motorsim_interfaces__rosidl_generator_py.dir/rosidl_generator_py/motorsim_interfaces/srv/_notify_s.c.o[0m
[3.838s] [ 82%] [32mBuilding C object CMakeFiles/motorsim_interfaces__rosidl_generator_py.dir/rosidl_generator_py/motorsim_interfaces/srv/_motor_spawn_s.c.o[0m
[3.908s] [ 84%] [32m[1mLinking C shared library rosidl_generator_py/motorsim_interfaces/libmotorsim_interfaces__rosidl_generator_py.so[0m
[4.037s] [ 84%] Built target motorsim_interfaces__rosidl_generator_py
[4.044s] [35m[1mConsolidate compiler generated dependencies of target motorsim_interfaces__rosidl_typesupport_fastrtps_c__pyext[0m
[4.044s] [35m[1mConsolidate compiler generated dependencies of target motorsim_interfaces__rosidl_typesupport_introspection_c__pyext[0m
[4.044s] [35m[1mConsolidate compiler generated dependencies of target motorsim_interfaces__rosidl_typesupport_c__pyext[0m
[4.053s] [ 92%] [32mBuilding C object CMakeFiles/motorsim_interfaces__rosidl_typesupport_introspection_c__pyext.dir/rosidl_generator_py/motorsim_interfaces/_motorsim_interfaces_s.ep.rosidl_typesupport_introspection_c.c.o[0m
[4.053s] [ 92%] [32mBuilding C object CMakeFiles/motorsim_interfaces__rosidl_typesupport_fastrtps_c__pyext.dir/rosidl_generator_py/motorsim_interfaces/_motorsim_interfaces_s.ep.rosidl_typesupport_fastrtps_c.c.o[0m
[4.053s] [ 92%] [32mBuilding C object CMakeFiles/motorsim_interfaces__rosidl_typesupport_c__pyext.dir/rosidl_generator_py/motorsim_interfaces/_motorsim_interfaces_s.ep.rosidl_typesupport_c.c.o[0m
[4.117s] [100%] [32m[1mLinking C shared library rosidl_generator_py/motorsim_interfaces/motorsim_interfaces_s__rosidl_typesupport_fastrtps_c.cpython-310-x86_64-linux-gnu.so[0m
[4.117s] [100%] [32m[1mLinking C shared library rosidl_generator_py/motorsim_interfaces/motorsim_interfaces_s__rosidl_typesupport_introspection_c.cpython-310-x86_64-linux-gnu.so[0m
[4.117s] [100%] [32m[1mLinking C shared library rosidl_generator_py/motorsim_interfaces/motorsim_interfaces_s__rosidl_typesupport_c.cpython-310-x86_64-linux-gnu.so[0m
[4.138s] [100%] Built target motorsim_interfaces__rosidl_typesupport_fastrtps_c__pyext
[4.139s] [100%] Built target motorsim_interfaces__rosidl_typesupport_c__pyext
[4.139s] [100%] Built target motorsim_interfaces__rosidl_typesupport_introspection_c__pyext
[4.146s] Invoked command in '/home/kireiji/RoboticsDev_ws/build/motorsim_interfaces' returned '0': CMAKE_PREFIX_PATH=${CMAKE_PREFIX_PATH}:/home/kireiji/RoboticsDev_ws/install/launch_testing_examples:/home/kireiji/RoboticsDev_ws/install/examples_rclpy_pointcloud_publisher:/home/kireiji/RoboticsDev_ws/install/examples_rclpy_minimal_subscriber:/home/kireiji/RoboticsDev_ws/install/examples_rclpy_minimal_service:/home/kireiji/RoboticsDev_ws/install/examples_rclpy_minimal_publisher:/home/kireiji/RoboticsDev_ws/install/examples_rclpy_minimal_client:/home/kireiji/RoboticsDev_ws/install/examples_rclpy_minimal_action_server:/home/kireiji/RoboticsDev_ws/install/examples_rclpy_minimal_action_client:/home/kireiji/RoboticsDev_ws/install/examples_rclpy_guard_conditions:/home/kireiji/RoboticsDev_ws/install/examples_rclpy_executors:/home/kireiji/ros2_ws/install/my_py_pkg:/opt/ros/humble /usr/bin/cmake --build /home/kireiji/RoboticsDev_ws/build/motorsim_interfaces -- -j16 -l16
[4.208s] Invoking command in '/home/kireiji/RoboticsDev_ws/build/motorsim_interfaces': CMAKE_PREFIX_PATH=${CMAKE_PREFIX_PATH}:/home/kireiji/RoboticsDev_ws/install/launch_testing_examples:/home/kireiji/RoboticsDev_ws/install/examples_rclpy_pointcloud_publisher:/home/kireiji/RoboticsDev_ws/install/examples_rclpy_minimal_subscriber:/home/kireiji/RoboticsDev_ws/install/examples_rclpy_minimal_service:/home/kireiji/RoboticsDev_ws/install/examples_rclpy_minimal_publisher:/home/kireiji/RoboticsDev_ws/install/examples_rclpy_minimal_client:/home/kireiji/RoboticsDev_ws/install/examples_rclpy_minimal_action_server:/home/kireiji/RoboticsDev_ws/install/examples_rclpy_minimal_action_client:/home/kireiji/RoboticsDev_ws/install/examples_rclpy_guard_conditions:/home/kireiji/RoboticsDev_ws/install/examples_rclpy_executors:/home/kireiji/ros2_ws/install/my_py_pkg:/opt/ros/humble /usr/bin/cmake --install /home/kireiji/RoboticsDev_ws/build/motorsim_interfaces
[4.213s] -- Install configuration: ""
[4.213s] -- Installing: /home/kireiji/RoboticsDev_ws/install/motorsim_interfaces/share/ament_index/resource_index/rosidl_interfaces/motorsim_interfaces
[4.214s] -- Up-to-date: /home/kireiji/RoboticsDev_ws/install/motorsim_interfaces/include/motorsim_interfaces/motorsim_interfaces
[4.214s] -- Up-to-date: /home/kireiji/RoboticsDev_ws/install/motorsim_interfaces/include/motorsim_interfaces/motorsim_interfaces/msg
[4.214s] -- Up-to-date: /home/kireiji/RoboticsDev_ws/install/motorsim_interfaces/include/motorsim_interfaces/motorsim_interfaces/msg/rosidl_generator_c__visibility_control.h
[4.214s] -- Up-to-date: /home/kireiji/RoboticsDev_ws/install/motorsim_interfaces/include/motorsim_interfaces/motorsim_interfaces/srv
[4.214s] -- Installing: /home/kireiji/RoboticsDev_ws/install/motorsim_interfaces/include/motorsim_interfaces/motorsim_interfaces/srv/notify.h
[4.214s] -- Up-to-date: /home/kireiji/RoboticsDev_ws/install/motorsim_interfaces/include/motorsim_interfaces/motorsim_interfaces/srv/detail
[4.214s] -- Installing: /home/kireiji/RoboticsDev_ws/install/motorsim_interfaces/include/motorsim_interfaces/motorsim_interfaces/srv/detail/motor_spawn__functions.h
[4.214s] -- Installing: /home/kireiji/RoboticsDev_ws/install/motorsim_interfaces/include/motorsim_interfaces/motorsim_interfaces/srv/detail/notify__functions.c
[4.214s] -- Installing: /home/kireiji/RoboticsDev_ws/install/motorsim_interfaces/include/motorsim_interfaces/motorsim_interfaces/srv/detail/motor_spawn__functions.c
[4.214s] -- Installing: /home/kireiji/RoboticsDev_ws/install/motorsim_interfaces/include/motorsim_interfaces/motorsim_interfaces/srv/detail/notify__type_support.h
[4.214s] -- Installing: /home/kireiji/RoboticsDev_ws/install/motorsim_interfaces/include/motorsim_interfaces/motorsim_interfaces/srv/detail/motor_spawn__struct.h
[4.214s] -- Installing: /home/kireiji/RoboticsDev_ws/install/motorsim_interfaces/include/motorsim_interfaces/motorsim_interfaces/srv/detail/notify__functions.h
[4.214s] -- Installing: /home/kireiji/RoboticsDev_ws/install/motorsim_interfaces/include/motorsim_interfaces/motorsim_interfaces/srv/detail/motor_spawn__type_support.h
[4.214s] -- Installing: /home/kireiji/RoboticsDev_ws/install/motorsim_interfaces/include/motorsim_interfaces/motorsim_interfaces/srv/detail/notify__struct.h
[4.214s] -- Installing: /home/kireiji/RoboticsDev_ws/install/motorsim_interfaces/include/motorsim_interfaces/motorsim_interfaces/srv/motor_spawn.h
[4.214s] -- Up-to-date: /home/kireiji/RoboticsDev_ws/install/motorsim_interfaces/share/motorsim_interfaces/environment/library_path.sh
[4.214s] -- Installing: /home/kireiji/RoboticsDev_ws/install/motorsim_interfaces/share/motorsim_interfaces/environment/library_path.dsv
[4.214s] -- Installing: /home/kireiji/RoboticsDev_ws/install/motorsim_interfaces/lib/libmotorsim_interfaces__rosidl_generator_c.so
[4.215s] -- Set runtime path of "/home/kireiji/RoboticsDev_ws/install/motorsim_interfaces/lib/libmotorsim_interfaces__rosidl_generator_c.so" to ""
[4.215s] -- Up-to-date: /home/kireiji/RoboticsDev_ws/install/motorsim_interfaces/include/motorsim_interfaces/motorsim_interfaces
[4.215s] -- Up-to-date: /home/kireiji/RoboticsDev_ws/install/motorsim_interfaces/include/motorsim_interfaces/motorsim_interfaces/msg
[4.215s] -- Up-to-date: /home/kireiji/RoboticsDev_ws/install/motorsim_interfaces/include/motorsim_interfaces/motorsim_interfaces/msg/rosidl_typesupport_fastrtps_c__visibility_control.h
[4.215s] -- Up-to-date: /home/kireiji/RoboticsDev_ws/install/motorsim_interfaces/include/motorsim_interfaces/motorsim_interfaces/srv
[4.215s] -- Up-to-date: /home/kireiji/RoboticsDev_ws/install/motorsim_interfaces/include/motorsim_interfaces/motorsim_interfaces/srv/detail
[4.215s] -- Installing: /home/kireiji/RoboticsDev_ws/install/motorsim_interfaces/include/motorsim_interfaces/motorsim_interfaces/srv/detail/motor_spawn__rosidl_typesupport_fastrtps_c.h
[4.215s] -- Installing: /home/kireiji/RoboticsDev_ws/install/motorsim_interfaces/include/motorsim_interfaces/motorsim_interfaces/srv/detail/notify__rosidl_typesupport_fastrtps_c.h
[4.215s] -- Installing: /home/kireiji/RoboticsDev_ws/install/motorsim_interfaces/lib/libmotorsim_interfaces__rosidl_typesupport_fastrtps_c.so
[4.215s] -- Set runtime path of "/home/kireiji/RoboticsDev_ws/install/motorsim_interfaces/lib/libmotorsim_interfaces__rosidl_typesupport_fastrtps_c.so" to ""
[4.215s] -- Up-to-date: /home/kireiji/RoboticsDev_ws/install/motorsim_interfaces/include/motorsim_interfaces/motorsim_interfaces
[4.215s] -- Up-to-date: /home/kireiji/RoboticsDev_ws/install/motorsim_interfaces/include/motorsim_interfaces/motorsim_interfaces/msg
[4.215s] -- Up-to-date: /home/kireiji/RoboticsDev_ws/install/motorsim_interfaces/include/motorsim_interfaces/motorsim_interfaces/msg/rosidl_typesupport_introspection_c__visibility_control.h
[4.215s] -- Up-to-date: /home/kireiji/RoboticsDev_ws/install/motorsim_interfaces/include/motorsim_interfaces/motorsim_interfaces/srv
[4.215s] -- Up-to-date: /home/kireiji/RoboticsDev_ws/install/motorsim_interfaces/include/motorsim_interfaces/motorsim_interfaces/srv/detail
[4.215s] -- Installing: /home/kireiji/RoboticsDev_ws/install/motorsim_interfaces/include/motorsim_interfaces/motorsim_interfaces/srv/detail/notify__type_support.c
[4.215s] -- Installing: /home/kireiji/RoboticsDev_ws/install/motorsim_interfaces/include/motorsim_interfaces/motorsim_interfaces/srv/detail/notify__rosidl_typesupport_introspection_c.h
[4.215s] -- Installing: /home/kireiji/RoboticsDev_ws/install/motorsim_interfaces/include/motorsim_interfaces/motorsim_interfaces/srv/detail/motor_spawn__rosidl_typesupport_introspection_c.h
[4.215s] -- Installing: /home/kireiji/RoboticsDev_ws/install/motorsim_interfaces/include/motorsim_interfaces/motorsim_interfaces/srv/detail/motor_spawn__type_support.c
[4.215s] -- Installing: /home/kireiji/RoboticsDev_ws/install/motorsim_interfaces/lib/libmotorsim_interfaces__rosidl_typesupport_introspection_c.so
[4.216s] -- Set runtime path of "/home/kireiji/RoboticsDev_ws/install/motorsim_interfaces/lib/libmotorsim_interfaces__rosidl_typesupport_introspection_c.so" to ""
[4.216s] -- Installing: /home/kireiji/RoboticsDev_ws/install/motorsim_interfaces/lib/libmotorsim_interfaces__rosidl_typesupport_c.so
[4.216s] -- Set runtime path of "/home/kireiji/RoboticsDev_ws/install/motorsim_interfaces/lib/libmotorsim_interfaces__rosidl_typesupport_c.so" to ""
[4.216s] -- Up-to-date: /home/kireiji/RoboticsDev_ws/install/motorsim_interfaces/include/motorsim_interfaces/motorsim_interfaces
[4.216s] -- Up-to-date: /home/kireiji/RoboticsDev_ws/install/motorsim_interfaces/include/motorsim_interfaces/motorsim_interfaces/srv
[4.216s] -- Installing: /home/kireiji/RoboticsDev_ws/install/motorsim_interfaces/include/motorsim_interfaces/motorsim_interfaces/srv/notify.hpp
[4.216s] -- Installing: /home/kireiji/RoboticsDev_ws/install/motorsim_interfaces/include/motorsim_interfaces/motorsim_interfaces/srv/motor_spawn.hpp
[4.216s] -- Up-to-date: /home/kireiji/RoboticsDev_ws/install/motorsim_interfaces/include/motorsim_interfaces/motorsim_interfaces/srv/detail
[4.216s] -- Installing: /home/kireiji/RoboticsDev_ws/install/motorsim_interfaces/include/motorsim_interfaces/motorsim_interfaces/srv/detail/motor_spawn__struct.hpp
[4.216s] -- Installing: /home/kireiji/RoboticsDev_ws/install/motorsim_interfaces/include/motorsim_interfaces/motorsim_interfaces/srv/detail/notify__struct.hpp
[4.216s] -- Installing: /home/kireiji/RoboticsDev_ws/install/motorsim_interfaces/include/motorsim_interfaces/motorsim_interfaces/srv/detail/notify__traits.hpp
[4.216s] -- Installing: /home/kireiji/RoboticsDev_ws/install/motorsim_interfaces/include/motorsim_interfaces/motorsim_interfaces/srv/detail/motor_spawn__builder.hpp
[4.216s] -- Installing: /home/kireiji/RoboticsDev_ws/install/motorsim_interfaces/include/motorsim_interfaces/motorsim_interfaces/srv/detail/motor_spawn__traits.hpp
[4.216s] -- Installing: /home/kireiji/RoboticsDev_ws/install/motorsim_interfaces/include/motorsim_interfaces/motorsim_interfaces/srv/detail/notify__builder.hpp
[4.216s] -- Up-to-date: /home/kireiji/RoboticsDev_ws/install/motorsim_interfaces/include/motorsim_interfaces/motorsim_interfaces
[4.216s] -- Up-to-date: /home/kireiji/RoboticsDev_ws/install/motorsim_interfaces/include/motorsim_interfaces/motorsim_interfaces/msg
[4.216s] -- Up-to-date: /home/kireiji/RoboticsDev_ws/install/motorsim_interfaces/include/motorsim_interfaces/motorsim_interfaces/msg/rosidl_typesupport_fastrtps_cpp__visibility_control.h
[4.216s] -- Up-to-date: /home/kireiji/RoboticsDev_ws/install/motorsim_interfaces/include/motorsim_interfaces/motorsim_interfaces/srv
[4.216s] -- Up-to-date: /home/kireiji/RoboticsDev_ws/install/motorsim_interfaces/include/motorsim_interfaces/motorsim_interfaces/srv/detail
[4.216s] -- Up-to-date: /home/kireiji/RoboticsDev_ws/install/motorsim_interfaces/include/motorsim_interfaces/motorsim_interfaces/srv/detail/dds_fastrtps
[4.217s] -- Installing: /home/kireiji/RoboticsDev_ws/install/motorsim_interfaces/include/motorsim_interfaces/motorsim_interfaces/srv/detail/motor_spawn__rosidl_typesupport_fastrtps_cpp.hpp
[4.217s] -- Installing: /home/kireiji/RoboticsDev_ws/install/motorsim_interfaces/include/motorsim_interfaces/motorsim_interfaces/srv/detail/notify__rosidl_typesupport_fastrtps_cpp.hpp
[4.217s] -- Installing: /home/kireiji/RoboticsDev_ws/install/motorsim_interfaces/lib/libmotorsim_interfaces__rosidl_typesupport_fastrtps_cpp.so
[4.217s] -- Set runtime path of "/home/kireiji/RoboticsDev_ws/install/motorsim_interfaces/lib/libmotorsim_interfaces__rosidl_typesupport_fastrtps_cpp.so" to ""
[4.217s] -- Up-to-date: /home/kireiji/RoboticsDev_ws/install/motorsim_interfaces/include/motorsim_interfaces/motorsim_interfaces
[4.217s] -- Up-to-date: /home/kireiji/RoboticsDev_ws/install/motorsim_interfaces/include/motorsim_interfaces/motorsim_interfaces/srv
[4.217s] -- Up-to-date: /home/kireiji/RoboticsDev_ws/install/motorsim_interfaces/include/motorsim_interfaces/motorsim_interfaces/srv/detail
[4.217s] -- Installing: /home/kireiji/RoboticsDev_ws/install/motorsim_interfaces/include/motorsim_interfaces/motorsim_interfaces/srv/detail/motor_spawn__rosidl_typesupport_introspection_cpp.hpp
[4.217s] -- Installing: /home/kireiji/RoboticsDev_ws/install/motorsim_interfaces/include/motorsim_interfaces/motorsim_interfaces/srv/detail/motor_spawn__type_support.cpp
[4.217s] -- Installing: /home/kireiji/RoboticsDev_ws/install/motorsim_interfaces/include/motorsim_interfaces/motorsim_interfaces/srv/detail/notify__type_support.cpp
[4.217s] -- Installing: /home/kireiji/RoboticsDev_ws/install/motorsim_interfaces/include/motorsim_interfaces/motorsim_interfaces/srv/detail/notify__rosidl_typesupport_introspection_cpp.hpp
[4.217s] -- Installing: /home/kireiji/RoboticsDev_ws/install/motorsim_interfaces/lib/libmotorsim_interfaces__rosidl_typesupport_introspection_cpp.so
[4.217s] -- Set runtime path of "/home/kireiji/RoboticsDev_ws/install/motorsim_interfaces/lib/libmotorsim_interfaces__rosidl_typesupport_introspection_cpp.so" to ""
[4.217s] -- Installing: /home/kireiji/RoboticsDev_ws/install/motorsim_interfaces/lib/libmotorsim_interfaces__rosidl_typesupport_cpp.so
[4.217s] -- Set runtime path of "/home/kireiji/RoboticsDev_ws/install/motorsim_interfaces/lib/libmotorsim_interfaces__rosidl_typesupport_cpp.so" to ""
[4.217s] -- Up-to-date: /home/kireiji/RoboticsDev_ws/install/motorsim_interfaces/share/motorsim_interfaces/environment/pythonpath.sh
[4.217s] -- Installing: /home/kireiji/RoboticsDev_ws/install/motorsim_interfaces/share/motorsim_interfaces/environment/pythonpath.dsv
[4.218s] -- Up-to-date: /home/kireiji/RoboticsDev_ws/install/motorsim_interfaces/lib/python3.10/site-packages/motorsim_interfaces-0.0.0-py3.10.egg-info
[4.218s] -- Installing: /home/kireiji/RoboticsDev_ws/install/motorsim_interfaces/lib/python3.10/site-packages/motorsim_interfaces-0.0.0-py3.10.egg-info/PKG-INFO
[4.218s] -- Installing: /home/kireiji/RoboticsDev_ws/install/motorsim_interfaces/lib/python3.10/site-packages/motorsim_interfaces-0.0.0-py3.10.egg-info/dependency_links.txt
[4.218s] -- Installing: /home/kireiji/RoboticsDev_ws/install/motorsim_interfaces/lib/python3.10/site-packages/motorsim_interfaces-0.0.0-py3.10.egg-info/top_level.txt
[4.218s] -- Installing: /home/kireiji/RoboticsDev_ws/install/motorsim_interfaces/lib/python3.10/site-packages/motorsim_interfaces-0.0.0-py3.10.egg-info/SOURCES.txt
[4.218s] -- Up-to-date: /home/kireiji/RoboticsDev_ws/install/motorsim_interfaces/lib/python3.10/site-packages/motorsim_interfaces
[4.218s] -- Installing: /home/kireiji/RoboticsDev_ws/install/motorsim_interfaces/lib/python3.10/site-packages/motorsim_interfaces/libmotorsim_interfaces__rosidl_generator_py.so
[4.227s] -- Installing: /home/kireiji/RoboticsDev_ws/install/motorsim_interfaces/lib/python3.10/site-packages/motorsim_interfaces/_motorsim_interfaces_s.ep.rosidl_typesupport_introspection_c.c
[4.227s] -- Installing: /home/kireiji/RoboticsDev_ws/install/motorsim_interfaces/lib/python3.10/site-packages/motorsim_interfaces/__init__.py
[4.227s] -- Installing: /home/kireiji/RoboticsDev_ws/install/motorsim_interfaces/lib/python3.10/site-packages/motorsim_interfaces/_motorsim_interfaces_s.ep.rosidl_typesupport_c.c
[4.227s] -- Installing: /home/kireiji/RoboticsDev_ws/install/motorsim_interfaces/lib/python3.10/site-packages/motorsim_interfaces/motorsim_interfaces_s__rosidl_typesupport_fastrtps_c.cpython-310-x86_64-linux-gnu.so
[4.227s] -- Installing: /home/kireiji/RoboticsDev_ws/install/motorsim_interfaces/lib/python3.10/site-packages/motorsim_interfaces/_motorsim_interfaces_s.ep.rosidl_typesupport_fastrtps_c.c
[4.227s] -- Up-to-date: /home/kireiji/RoboticsDev_ws/install/motorsim_interfaces/lib/python3.10/site-packages/motorsim_interfaces/srv
[4.227s] -- Installing: /home/kireiji/RoboticsDev_ws/install/motorsim_interfaces/lib/python3.10/site-packages/motorsim_interfaces/srv/__init__.py
[4.227s] -- Installing: /home/kireiji/RoboticsDev_ws/install/motorsim_interfaces/lib/python3.10/site-packages/motorsim_interfaces/srv/_notify.py
[4.227s] -- Installing: /home/kireiji/RoboticsDev_ws/install/motorsim_interfaces/lib/python3.10/site-packages/motorsim_interfaces/srv/_motor_spawn.py
[4.227s] -- Installing: /home/kireiji/RoboticsDev_ws/install/motorsim_interfaces/lib/python3.10/site-packages/motorsim_interfaces/srv/_notify_s.c
[4.227s] -- Installing: /home/kireiji/RoboticsDev_ws/install/motorsim_interfaces/lib/python3.10/site-packages/motorsim_interfaces/srv/_motor_spawn_s.c
[4.227s] -- Installing: /home/kireiji/RoboticsDev_ws/install/motorsim_interfaces/lib/python3.10/site-packages/motorsim_interfaces/motorsim_interfaces_s__rosidl_typesupport_introspection_c.cpython-310-x86_64-linux-gnu.so
[4.228s] -- Installing: /home/kireiji/RoboticsDev_ws/install/motorsim_interfaces/lib/python3.10/site-packages/motorsim_interfaces/motorsim_interfaces_s__rosidl_typesupport_c.cpython-310-x86_64-linux-gnu.so
[4.260s] Listing '/home/kireiji/RoboticsDev_ws/install/motorsim_interfaces/lib/python3.10/site-packages/motorsim_interfaces'...
[4.260s] Compiling '/home/kireiji/RoboticsDev_ws/install/motorsim_interfaces/lib/python3.10/site-packages/motorsim_interfaces/__init__.py'...
[4.260s] Listing '/home/kireiji/RoboticsDev_ws/install/motorsim_interfaces/lib/python3.10/site-packages/motorsim_interfaces/srv'...
[4.260s] Compiling '/home/kireiji/RoboticsDev_ws/install/motorsim_interfaces/lib/python3.10/site-packages/motorsim_interfaces/srv/__init__.py'...
[4.260s] Compiling '/home/kireiji/RoboticsDev_ws/install/motorsim_interfaces/lib/python3.10/site-packages/motorsim_interfaces/srv/_motor_spawn.py'...
[4.261s] Compiling '/home/kireiji/RoboticsDev_ws/install/motorsim_interfaces/lib/python3.10/site-packages/motorsim_interfaces/srv/_notify.py'...
[4.263s] -- Installing: /home/kireiji/RoboticsDev_ws/install/motorsim_interfaces/lib/python3.10/site-packages/motorsim_interfaces/motorsim_interfaces_s__rosidl_typesupport_fastrtps_c.cpython-310-x86_64-linux-gnu.so
[4.263s] -- Set runtime path of "/home/kireiji/RoboticsDev_ws/install/motorsim_interfaces/lib/python3.10/site-packages/motorsim_interfaces/motorsim_interfaces_s__rosidl_typesupport_fastrtps_c.cpython-310-x86_64-linux-gnu.so" to ""
[4.263s] -- Installing: /home/kireiji/RoboticsDev_ws/install/motorsim_interfaces/lib/python3.10/site-packages/motorsim_interfaces/motorsim_interfaces_s__rosidl_typesupport_introspection_c.cpython-310-x86_64-linux-gnu.so
[4.263s] -- Set runtime path of "/home/kireiji/RoboticsDev_ws/install/motorsim_interfaces/lib/python3.10/site-packages/motorsim_interfaces/motorsim_interfaces_s__rosidl_typesupport_introspection_c.cpython-310-x86_64-linux-gnu.so" to ""
[4.264s] -- Installing: /home/kireiji/RoboticsDev_ws/install/motorsim_interfaces/lib/python3.10/site-packages/motorsim_interfaces/motorsim_interfaces_s__rosidl_typesupport_c.cpython-310-x86_64-linux-gnu.so
[4.264s] -- Set runtime path of "/home/kireiji/RoboticsDev_ws/install/motorsim_interfaces/lib/python3.10/site-packages/motorsim_interfaces/motorsim_interfaces_s__rosidl_typesupport_c.cpython-310-x86_64-linux-gnu.so" to ""
[4.264s] -- Installing: /home/kireiji/RoboticsDev_ws/install/motorsim_interfaces/lib/libmotorsim_interfaces__rosidl_generator_py.so
[4.272s] -- Set runtime path of "/home/kireiji/RoboticsDev_ws/install/motorsim_interfaces/lib/libmotorsim_interfaces__rosidl_generator_py.so" to ""
[4.272s] -- Up-to-date: /home/kireiji/RoboticsDev_ws/install/motorsim_interfaces/share/motorsim_interfaces/srv/MotorSpawn.idl
[4.272s] -- Installing: /home/kireiji/RoboticsDev_ws/install/motorsim_interfaces/share/motorsim_interfaces/srv/Notify.idl
[4.272s] -- Up-to-date: /home/kireiji/RoboticsDev_ws/install/motorsim_interfaces/share/motorsim_interfaces/srv/MotorSpawn.srv
[4.272s] -- Up-to-date: /home/kireiji/RoboticsDev_ws/install/motorsim_interfaces/share/motorsim_interfaces/srv/MotorSpawn_Request.msg
[4.273s] -- Up-to-date: /home/kireiji/RoboticsDev_ws/install/motorsim_interfaces/share/motorsim_interfaces/srv/MotorSpawn_Response.msg
[4.273s] -- Installing: /home/kireiji/RoboticsDev_ws/install/motorsim_interfaces/share/motorsim_interfaces/srv/Notify.srv
[4.273s] -- Installing: /home/kireiji/RoboticsDev_ws/install/motorsim_interfaces/share/motorsim_interfaces/srv/Notify_Request.msg
[4.273s] -- Installing: /home/kireiji/RoboticsDev_ws/install/motorsim_interfaces/share/motorsim_interfaces/srv/Notify_Response.msg
[4.273s] -- Up-to-date: /home/kireiji/RoboticsDev_ws/install/motorsim_interfaces/share/ament_index/resource_index/package_run_dependencies/motorsim_interfaces
[4.273s] -- Installing: /home/kireiji/RoboticsDev_ws/install/motorsim_interfaces/share/ament_index/resource_index/parent_prefix_path/motorsim_interfaces
[4.273s] -- Up-to-date: /home/kireiji/RoboticsDev_ws/install/motorsim_interfaces/share/motorsim_interfaces/environment/ament_prefix_path.sh
[4.273s] -- Installing: /home/kireiji/RoboticsDev_ws/install/motorsim_interfaces/share/motorsim_interfaces/environment/ament_prefix_path.dsv
[4.273s] -- Up-to-date: /home/kireiji/RoboticsDev_ws/install/motorsim_interfaces/share/motorsim_interfaces/environment/path.sh
[4.273s] -- Installing: /home/kireiji/RoboticsDev_ws/install/motorsim_interfaces/share/motorsim_interfaces/environment/path.dsv
[4.273s] -- Up-to-date: /home/kireiji/RoboticsDev_ws/install/motorsim_interfaces/share/motorsim_interfaces/local_setup.bash
[4.273s] -- Up-to-date: /home/kireiji/RoboticsDev_ws/install/motorsim_interfaces/share/motorsim_interfaces/local_setup.sh
[4.273s] -- Up-to-date: /home/kireiji/RoboticsDev_ws/install/motorsim_interfaces/share/motorsim_interfaces/local_setup.zsh
[4.273s] -- Installing: /home/kireiji/RoboticsDev_ws/install/motorsim_interfaces/share/motorsim_interfaces/local_setup.dsv
[4.273s] -- Installing: /home/kireiji/RoboticsDev_ws/install/motorsim_interfaces/share/motorsim_interfaces/package.dsv
[4.273s] -- Up-to-date: /home/kireiji/RoboticsDev_ws/install/motorsim_interfaces/share/ament_index/resource_index/packages/motorsim_interfaces
[4.273s] -- Up-to-date: /home/kireiji/RoboticsDev_ws/install/motorsim_interfaces/share/motorsim_interfaces/cmake/export_motorsim_interfaces__rosidl_generator_cExport.cmake
[4.273s] -- Up-to-date: /home/kireiji/RoboticsDev_ws/install/motorsim_interfaces/share/motorsim_interfaces/cmake/export_motorsim_interfaces__rosidl_generator_cExport-noconfig.cmake
[4.273s] -- Up-to-date: /home/kireiji/RoboticsDev_ws/install/motorsim_interfaces/share/motorsim_interfaces/cmake/export_motorsim_interfaces__rosidl_typesupport_fastrtps_cExport.cmake
[4.273s] -- Up-to-date: /home/kireiji/RoboticsDev_ws/install/motorsim_interfaces/share/motorsim_interfaces/cmake/export_motorsim_interfaces__rosidl_typesupport_fastrtps_cExport-noconfig.cmake
[4.273s] -- Up-to-date: /home/kireiji/RoboticsDev_ws/install/motorsim_interfaces/share/motorsim_interfaces/cmake/motorsim_interfaces__rosidl_typesupport_introspection_cExport.cmake
[4.273s] -- Up-to-date: /home/kireiji/RoboticsDev_ws/install/motorsim_interfaces/share/motorsim_interfaces/cmake/motorsim_interfaces__rosidl_typesupport_introspection_cExport-noconfig.cmake
[4.273s] -- Up-to-date: /home/kireiji/RoboticsDev_ws/install/motorsim_interfaces/share/motorsim_interfaces/cmake/motorsim_interfaces__rosidl_typesupport_cExport.cmake
[4.274s] -- Up-to-date: /home/kireiji/RoboticsDev_ws/install/motorsim_interfaces/share/motorsim_interfaces/cmake/motorsim_interfaces__rosidl_typesupport_cExport-noconfig.cmake
[4.274s] -- Up-to-date: /home/kireiji/RoboticsDev_ws/install/motorsim_interfaces/share/motorsim_interfaces/cmake/export_motorsim_interfaces__rosidl_generator_cppExport.cmake
[4.274s] -- Up-to-date: /home/kireiji/RoboticsDev_ws/install/motorsim_interfaces/share/motorsim_interfaces/cmake/export_motorsim_interfaces__rosidl_typesupport_fastrtps_cppExport.cmake
[4.274s] -- Up-to-date: /home/kireiji/RoboticsDev_ws/install/motorsim_interfaces/share/motorsim_interfaces/cmake/export_motorsim_interfaces__rosidl_typesupport_fastrtps_cppExport-noconfig.cmake
[4.274s] -- Up-to-date: /home/kireiji/RoboticsDev_ws/install/motorsim_interfaces/share/motorsim_interfaces/cmake/motorsim_interfaces__rosidl_typesupport_introspection_cppExport.cmake
[4.274s] -- Up-to-date: /home/kireiji/RoboticsDev_ws/install/motorsim_interfaces/share/motorsim_interfaces/cmake/motorsim_interfaces__rosidl_typesupport_introspection_cppExport-noconfig.cmake
[4.274s] -- Up-to-date: /home/kireiji/RoboticsDev_ws/install/motorsim_interfaces/share/motorsim_interfaces/cmake/motorsim_interfaces__rosidl_typesupport_cppExport.cmake
[4.274s] -- Up-to-date: /home/kireiji/RoboticsDev_ws/install/motorsim_interfaces/share/motorsim_interfaces/cmake/motorsim_interfaces__rosidl_typesupport_cppExport-noconfig.cmake
[4.274s] -- Up-to-date: /home/kireiji/RoboticsDev_ws/install/motorsim_interfaces/share/motorsim_interfaces/cmake/export_motorsim_interfaces__rosidl_generator_pyExport.cmake
[4.274s] -- Up-to-date: /home/kireiji/RoboticsDev_ws/install/motorsim_interfaces/share/motorsim_interfaces/cmake/export_motorsim_interfaces__rosidl_generator_pyExport-noconfig.cmake
[4.274s] -- Installing: /home/kireiji/RoboticsDev_ws/install/motorsim_interfaces/share/motorsim_interfaces/cmake/rosidl_cmake-extras.cmake
[4.274s] -- Up-to-date: /home/kireiji/RoboticsDev_ws/install/motorsim_interfaces/share/motorsim_interfaces/cmake/ament_cmake_export_include_directories-extras.cmake
[4.274s] -- Up-to-date: /home/kireiji/RoboticsDev_ws/install/motorsim_interfaces/share/motorsim_interfaces/cmake/ament_cmake_export_libraries-extras.cmake
[4.274s] -- Up-to-date: /home/kireiji/RoboticsDev_ws/install/motorsim_interfaces/share/motorsim_interfaces/cmake/ament_cmake_export_targets-extras.cmake
[4.274s] -- Up-to-date: /home/kireiji/RoboticsDev_ws/install/motorsim_interfaces/share/motorsim_interfaces/cmake/rosidl_cmake_export_typesupport_targets-extras.cmake
[4.274s] -- Up-to-date: /home/kireiji/RoboticsDev_ws/install/motorsim_interfaces/share/motorsim_interfaces/cmake/ament_cmake_export_dependencies-extras.cmake
[4.274s] -- Up-to-date: /home/kireiji/RoboticsDev_ws/install/motorsim_interfaces/share/motorsim_interfaces/cmake/rosidl_cmake_export_typesupport_libraries-extras.cmake
[4.274s] -- Up-to-date: /home/kireiji/RoboticsDev_ws/install/motorsim_interfaces/share/motorsim_interfaces/cmake/motorsim_interfacesConfig.cmake
[4.274s] -- Up-to-date: /home/kireiji/RoboticsDev_ws/install/motorsim_interfaces/share/motorsim_interfaces/cmake/motorsim_interfacesConfig-version.cmake
[4.274s] -- Up-to-date: /home/kireiji/RoboticsDev_ws/install/motorsim_interfaces/share/motorsim_interfaces/package.xml
[4.276s] Invoked command in '/home/kireiji/RoboticsDev_ws/build/motorsim_interfaces' returned '0': CMAKE_PREFIX_PATH=${CMAKE_PREFIX_PATH}:/home/kireiji/RoboticsDev_ws/install/launch_testing_examples:/home/kireiji/RoboticsDev_ws/install/examples_rclpy_pointcloud_publisher:/home/kireiji/RoboticsDev_ws/install/examples_rclpy_minimal_subscriber:/home/kireiji/RoboticsDev_ws/install/examples_rclpy_minimal_service:/home/kireiji/RoboticsDev_ws/install/examples_rclpy_minimal_publisher:/home/kireiji/RoboticsDev_ws/install/examples_rclpy_minimal_client:/home/kireiji/RoboticsDev_ws/install/examples_rclpy_minimal_action_server:/home/kireiji/RoboticsDev_ws/install/examples_rclpy_minimal_action_client:/home/kireiji/RoboticsDev_ws/install/examples_rclpy_guard_conditions:/home/kireiji/RoboticsDev_ws/install/examples_rclpy_executors:/home/kireiji/ros2_ws/install/my_py_pkg:/opt/ros/humble /usr/bin/cmake --install /home/kireiji/RoboticsDev_ws/build/motorsim_interfaces
