[0.056s] Invoking command in '/home/kireiji/RoboticsDev_ws/build/turtlesim_plus_interfaces': CMAKE_PREFIX_PATH=${CMAKE_PREFIX_PATH}:/home/kireiji/RoboticsDev_ws/install/launch_testing_examples:/home/kireiji/RoboticsDev_ws/install/examples_rclpy_pointcloud_publisher:/home/kireiji/RoboticsDev_ws/install/examples_rclpy_minimal_subscriber:/home/kireiji/RoboticsDev_ws/install/examples_rclpy_minimal_service:/home/kireiji/RoboticsDev_ws/install/examples_rclpy_minimal_publisher:/home/kireiji/RoboticsDev_ws/install/examples_rclpy_minimal_client:/home/kireiji/RoboticsDev_ws/install/examples_rclpy_minimal_action_server:/home/kireiji/RoboticsDev_ws/install/examples_rclpy_minimal_action_client:/home/kireiji/RoboticsDev_ws/install/examples_rclpy_guard_conditions:/home/kireiji/RoboticsDev_ws/install/examples_rclpy_executors:/home/kireiji/ros2_ws/install/my_py_pkg:/opt/ros/humble /usr/bin/cmake --build /home/kireiji/RoboticsDev_ws/build/turtlesim_plus_interfaces -- -j16 -l16
[0.140s] [ 10%] Built target turtlesim_plus_interfaces__rosidl_generator_c
[0.144s] [ 12%] Built target turtlesim_plus_interfaces__cpp
[0.221s] [ 23%] Built target turtlesim_plus_interfaces__rosidl_typesupport_introspection_c
[0.222s] [ 23%] Built target ament_cmake_python_copy_turtlesim_plus_interfaces
[0.222s] [ 34%] Built target turtlesim_plus_interfaces__rosidl_typesupport_fastrtps_c
[0.222s] [ 45%] Built target turtlesim_plus_interfaces__rosidl_typesupport_cpp
[0.233s] [ 56%] Built target turtlesim_plus_interfaces__rosidl_typesupport_c
[0.238s] [ 67%] Built target turtlesim_plus_interfaces__rosidl_typesupport_fastrtps_cpp
[0.238s] [ 78%] Built target turtlesim_plus_interfaces__rosidl_typesupport_introspection_cpp
[0.291s] [ 78%] Built target turtlesim_plus_interfaces
[0.330s] [ 80%] Built target turtlesim_plus_interfaces__py
[0.405s] [ 89%] Built target turtlesim_plus_interfaces__rosidl_generator_py
[0.492s] [ 92%] Built target turtlesim_plus_interfaces__rosidl_typesupport_introspection_c__pyext
[0.495s] [ 96%] Built target turtlesim_plus_interfaces__rosidl_typesupport_fastrtps_c__pyext
[0.532s] [100%] Built target turtlesim_plus_interfaces__rosidl_typesupport_c__pyext
[0.782s] running egg_info
[0.794s] writing manifest file 'turtlesim_plus_interfaces.egg-info/SOURCES.txt'
[0.995s] [100%] Built target ament_cmake_python_build_turtlesim_plus_interfaces_egg
[1.042s] Invoked command in '/home/kireiji/RoboticsDev_ws/build/turtlesim_plus_interfaces' returned '0': CMAKE_PREFIX_PATH=${CMAKE_PREFIX_PATH}:/home/kireiji/RoboticsDev_ws/install/launch_testing_examples:/home/kireiji/RoboticsDev_ws/install/examples_rclpy_pointcloud_publisher:/home/kireiji/RoboticsDev_ws/install/examples_rclpy_minimal_subscriber:/home/kireiji/RoboticsDev_ws/install/examples_rclpy_minimal_service:/home/kireiji/RoboticsDev_ws/install/examples_rclpy_minimal_publisher:/home/kireiji/RoboticsDev_ws/install/examples_rclpy_minimal_client:/home/kireiji/RoboticsDev_ws/install/examples_rclpy_minimal_action_server:/home/kireiji/RoboticsDev_ws/install/examples_rclpy_minimal_action_client:/home/kireiji/RoboticsDev_ws/install/examples_rclpy_guard_conditions:/home/kireiji/RoboticsDev_ws/install/examples_rclpy_executors:/home/kireiji/ros2_ws/install/my_py_pkg:/opt/ros/humble /usr/bin/cmake --build /home/kireiji/RoboticsDev_ws/build/turtlesim_plus_interfaces -- -j16 -l16
[1.293s] Invoking command in '/home/kireiji/RoboticsDev_ws/build/turtlesim_plus_interfaces': CMAKE_PREFIX_PATH=${CMAKE_PREFIX_PATH}:/home/kireiji/RoboticsDev_ws/install/launch_testing_examples:/home/kireiji/RoboticsDev_ws/install/examples_rclpy_pointcloud_publisher:/home/kireiji/RoboticsDev_ws/install/examples_rclpy_minimal_subscriber:/home/kireiji/RoboticsDev_ws/install/examples_rclpy_minimal_service:/home/kireiji/RoboticsDev_ws/install/examples_rclpy_minimal_publisher:/home/kireiji/RoboticsDev_ws/install/examples_rclpy_minimal_client:/home/kireiji/RoboticsDev_ws/install/examples_rclpy_minimal_action_server:/home/kireiji/RoboticsDev_ws/install/examples_rclpy_minimal_action_client:/home/kireiji/RoboticsDev_ws/install/examples_rclpy_guard_conditions:/home/kireiji/RoboticsDev_ws/install/examples_rclpy_executors:/home/kireiji/ros2_ws/install/my_py_pkg:/opt/ros/humble /usr/bin/cmake --install /home/kireiji/RoboticsDev_ws/build/turtlesim_plus_interfaces
[1.304s] -- Install configuration: ""
[1.304s] -- Up-to-date: /home/kireiji/RoboticsDev_ws/install/turtlesim_plus_interfaces/share/ament_index/resource_index/rosidl_interfaces/turtlesim_plus_interfaces
[1.304s] -- Up-to-date: /home/kireiji/RoboticsDev_ws/install/turtlesim_plus_interfaces/include/turtlesim_plus_interfaces/turtlesim_plus_interfaces
[1.304s] -- Up-to-date: /home/kireiji/RoboticsDev_ws/install/turtlesim_plus_interfaces/include/turtlesim_plus_interfaces/turtlesim_plus_interfaces/msg
[1.304s] -- Up-to-date: /home/kireiji/RoboticsDev_ws/install/turtlesim_plus_interfaces/include/turtlesim_plus_interfaces/turtlesim_plus_interfaces/msg/rosidl_generator_c__visibility_control.h
[1.304s] -- Up-to-date: /home/kireiji/RoboticsDev_ws/install/turtlesim_plus_interfaces/include/turtlesim_plus_interfaces/turtlesim_plus_interfaces/msg/scanner_data.h
[1.304s] -- Up-to-date: /home/kireiji/RoboticsDev_ws/install/turtlesim_plus_interfaces/include/turtlesim_plus_interfaces/turtlesim_plus_interfaces/msg/scanner_data_array.h
[1.304s] -- Up-to-date: /home/kireiji/RoboticsDev_ws/install/turtlesim_plus_interfaces/include/turtlesim_plus_interfaces/turtlesim_plus_interfaces/msg/detail
[1.304s] -- Up-to-date: /home/kireiji/RoboticsDev_ws/install/turtlesim_plus_interfaces/include/turtlesim_plus_interfaces/turtlesim_plus_interfaces/msg/detail/scanner_data_array__functions.h
[1.305s] -- Up-to-date: /home/kireiji/RoboticsDev_ws/install/turtlesim_plus_interfaces/include/turtlesim_plus_interfaces/turtlesim_plus_interfaces/msg/detail/scanner_data_array__struct.h
[1.305s] -- Up-to-date: /home/kireiji/RoboticsDev_ws/install/turtlesim_plus_interfaces/include/turtlesim_plus_interfaces/turtlesim_plus_interfaces/msg/detail/scanner_data__functions.h
[1.305s] -- Up-to-date: /home/kireiji/RoboticsDev_ws/install/turtlesim_plus_interfaces/include/turtlesim_plus_interfaces/turtlesim_plus_interfaces/msg/detail/scanner_data__struct.h
[1.305s] -- Up-to-date: /home/kireiji/RoboticsDev_ws/install/turtlesim_plus_interfaces/include/turtlesim_plus_interfaces/turtlesim_plus_interfaces/msg/detail/scanner_data_array__type_support.h
[1.305s] -- Up-to-date: /home/kireiji/RoboticsDev_ws/install/turtlesim_plus_interfaces/include/turtlesim_plus_interfaces/turtlesim_plus_interfaces/msg/detail/scanner_data_array__functions.c
[1.305s] -- Up-to-date: /home/kireiji/RoboticsDev_ws/install/turtlesim_plus_interfaces/include/turtlesim_plus_interfaces/turtlesim_plus_interfaces/msg/detail/scanner_data__functions.c
[1.305s] -- Up-to-date: /home/kireiji/RoboticsDev_ws/install/turtlesim_plus_interfaces/include/turtlesim_plus_interfaces/turtlesim_plus_interfaces/msg/detail/scanner_data__type_support.h
[1.305s] -- Up-to-date: /home/kireiji/RoboticsDev_ws/install/turtlesim_plus_interfaces/include/turtlesim_plus_interfaces/turtlesim_plus_interfaces/srv
[1.305s] -- Up-to-date: /home/kireiji/RoboticsDev_ws/install/turtlesim_plus_interfaces/include/turtlesim_plus_interfaces/turtlesim_plus_interfaces/srv/give_position.h
[1.305s] -- Up-to-date: /home/kireiji/RoboticsDev_ws/install/turtlesim_plus_interfaces/include/turtlesim_plus_interfaces/turtlesim_plus_interfaces/srv/detail
[1.305s] -- Up-to-date: /home/kireiji/RoboticsDev_ws/install/turtlesim_plus_interfaces/include/turtlesim_plus_interfaces/turtlesim_plus_interfaces/srv/detail/give_position__functions.c
[1.306s] -- Up-to-date: /home/kireiji/RoboticsDev_ws/install/turtlesim_plus_interfaces/include/turtlesim_plus_interfaces/turtlesim_plus_interfaces/srv/detail/give_position__type_support.h
[1.306s] -- Up-to-date: /home/kireiji/RoboticsDev_ws/install/turtlesim_plus_interfaces/include/turtlesim_plus_interfaces/turtlesim_plus_interfaces/srv/detail/give_position__struct.h
[1.306s] -- Up-to-date: /home/kireiji/RoboticsDev_ws/install/turtlesim_plus_interfaces/include/turtlesim_plus_interfaces/turtlesim_plus_interfaces/srv/detail/give_position__functions.h
[1.306s] -- Up-to-date: /home/kireiji/RoboticsDev_ws/install/turtlesim_plus_interfaces/include/turtlesim_plus_interfaces/turtlesim_plus_interfaces/action
[1.306s] -- Up-to-date: /home/kireiji/RoboticsDev_ws/install/turtlesim_plus_interfaces/include/turtlesim_plus_interfaces/turtlesim_plus_interfaces/action/get_data.h
[1.306s] -- Up-to-date: /home/kireiji/RoboticsDev_ws/install/turtlesim_plus_interfaces/include/turtlesim_plus_interfaces/turtlesim_plus_interfaces/action/detail
[1.306s] -- Up-to-date: /home/kireiji/RoboticsDev_ws/install/turtlesim_plus_interfaces/include/turtlesim_plus_interfaces/turtlesim_plus_interfaces/action/detail/get_data__type_support.h
[1.306s] -- Up-to-date: /home/kireiji/RoboticsDev_ws/install/turtlesim_plus_interfaces/include/turtlesim_plus_interfaces/turtlesim_plus_interfaces/action/detail/get_data__functions.c
[1.306s] -- Up-to-date: /home/kireiji/RoboticsDev_ws/install/turtlesim_plus_interfaces/include/turtlesim_plus_interfaces/turtlesim_plus_interfaces/action/detail/get_data__functions.h
[1.306s] -- Up-to-date: /home/kireiji/RoboticsDev_ws/install/turtlesim_plus_interfaces/include/turtlesim_plus_interfaces/turtlesim_plus_interfaces/action/detail/get_data__struct.h
[1.307s] -- Up-to-date: /home/kireiji/RoboticsDev_ws/install/turtlesim_plus_interfaces/share/turtlesim_plus_interfaces/environment/library_path.sh
[1.307s] -- Up-to-date: /home/kireiji/RoboticsDev_ws/install/turtlesim_plus_interfaces/share/turtlesim_plus_interfaces/environment/library_path.dsv
[1.307s] -- Up-to-date: /home/kireiji/RoboticsDev_ws/install/turtlesim_plus_interfaces/lib/libturtlesim_plus_interfaces__rosidl_generator_c.so
[1.307s] -- Up-to-date: /home/kireiji/RoboticsDev_ws/install/turtlesim_plus_interfaces/include/turtlesim_plus_interfaces/turtlesim_plus_interfaces
[1.307s] -- Up-to-date: /home/kireiji/RoboticsDev_ws/install/turtlesim_plus_interfaces/include/turtlesim_plus_interfaces/turtlesim_plus_interfaces/msg
[1.307s] -- Up-to-date: /home/kireiji/RoboticsDev_ws/install/turtlesim_plus_interfaces/include/turtlesim_plus_interfaces/turtlesim_plus_interfaces/msg/rosidl_typesupport_fastrtps_c__visibility_control.h
[1.307s] -- Up-to-date: /home/kireiji/RoboticsDev_ws/install/turtlesim_plus_interfaces/include/turtlesim_plus_interfaces/turtlesim_plus_interfaces/msg/detail
[1.307s] -- Up-to-date: /home/kireiji/RoboticsDev_ws/install/turtlesim_plus_interfaces/include/turtlesim_plus_interfaces/turtlesim_plus_interfaces/msg/detail/scanner_data_array__rosidl_typesupport_fastrtps_c.h
[1.307s] -- Up-to-date: /home/kireiji/RoboticsDev_ws/install/turtlesim_plus_interfaces/include/turtlesim_plus_interfaces/turtlesim_plus_interfaces/msg/detail/scanner_data__rosidl_typesupport_fastrtps_c.h
[1.307s] -- Up-to-date: /home/kireiji/RoboticsDev_ws/install/turtlesim_plus_interfaces/include/turtlesim_plus_interfaces/turtlesim_plus_interfaces/srv
[1.307s] -- Up-to-date: /home/kireiji/RoboticsDev_ws/install/turtlesim_plus_interfaces/include/turtlesim_plus_interfaces/turtlesim_plus_interfaces/srv/detail
[1.307s] -- Up-to-date: /home/kireiji/RoboticsDev_ws/install/turtlesim_plus_interfaces/include/turtlesim_plus_interfaces/turtlesim_plus_interfaces/srv/detail/give_position__rosidl_typesupport_fastrtps_c.h
[1.308s] -- Up-to-date: /home/kireiji/RoboticsDev_ws/install/turtlesim_plus_interfaces/include/turtlesim_plus_interfaces/turtlesim_plus_interfaces/action
[1.308s] -- Up-to-date: /home/kireiji/RoboticsDev_ws/install/turtlesim_plus_interfaces/include/turtlesim_plus_interfaces/turtlesim_plus_interfaces/action/detail
[1.309s] -- Up-to-date: /home/kireiji/RoboticsDev_ws/install/turtlesim_plus_interfaces/include/turtlesim_plus_interfaces/turtlesim_plus_interfaces/action/detail/get_data__rosidl_typesupport_fastrtps_c.h
[1.309s] -- Up-to-date: /home/kireiji/RoboticsDev_ws/install/turtlesim_plus_interfaces/lib/libturtlesim_plus_interfaces__rosidl_typesupport_fastrtps_c.so
[1.309s] -- Up-to-date: /home/kireiji/RoboticsDev_ws/install/turtlesim_plus_interfaces/include/turtlesim_plus_interfaces/turtlesim_plus_interfaces
[1.309s] -- Up-to-date: /home/kireiji/RoboticsDev_ws/install/turtlesim_plus_interfaces/include/turtlesim_plus_interfaces/turtlesim_plus_interfaces/msg
[1.310s] -- Up-to-date: /home/kireiji/RoboticsDev_ws/install/turtlesim_plus_interfaces/include/turtlesim_plus_interfaces/turtlesim_plus_interfaces/msg/detail
[1.310s] -- Up-to-date: /home/kireiji/RoboticsDev_ws/install/turtlesim_plus_interfaces/include/turtlesim_plus_interfaces/turtlesim_plus_interfaces/msg/detail/scanner_data_array__type_support.c
[1.310s] -- Up-to-date: /home/kireiji/RoboticsDev_ws/install/turtlesim_plus_interfaces/include/turtlesim_plus_interfaces/turtlesim_plus_interfaces/msg/detail/scanner_data__rosidl_typesupport_introspection_c.h
[1.310s] -- Up-to-date: /home/kireiji/RoboticsDev_ws/install/turtlesim_plus_interfaces/include/turtlesim_plus_interfaces/turtlesim_plus_interfaces/msg/detail/scanner_data__type_support.c
[1.310s] -- Up-to-date: /home/kireiji/RoboticsDev_ws/install/turtlesim_plus_interfaces/include/turtlesim_plus_interfaces/turtlesim_plus_interfaces/msg/detail/scanner_data_array__rosidl_typesupport_introspection_c.h
[1.310s] -- Up-to-date: /home/kireiji/RoboticsDev_ws/install/turtlesim_plus_interfaces/include/turtlesim_plus_interfaces/turtlesim_plus_interfaces/msg/rosidl_typesupport_introspection_c__visibility_control.h
[1.310s] -- Up-to-date: /home/kireiji/RoboticsDev_ws/install/turtlesim_plus_interfaces/include/turtlesim_plus_interfaces/turtlesim_plus_interfaces/srv
[1.310s] -- Up-to-date: /home/kireiji/RoboticsDev_ws/install/turtlesim_plus_interfaces/include/turtlesim_plus_interfaces/turtlesim_plus_interfaces/srv/detail
[1.310s] -- Up-to-date: /home/kireiji/RoboticsDev_ws/install/turtlesim_plus_interfaces/include/turtlesim_plus_interfaces/turtlesim_plus_interfaces/srv/detail/give_position__rosidl_typesupport_introspection_c.h
[1.310s] -- Up-to-date: /home/kireiji/RoboticsDev_ws/install/turtlesim_plus_interfaces/include/turtlesim_plus_interfaces/turtlesim_plus_interfaces/srv/detail/give_position__type_support.c
[1.310s] -- Up-to-date: /home/kireiji/RoboticsDev_ws/install/turtlesim_plus_interfaces/include/turtlesim_plus_interfaces/turtlesim_plus_interfaces/action
[1.310s] -- Up-to-date: /home/kireiji/RoboticsDev_ws/install/turtlesim_plus_interfaces/include/turtlesim_plus_interfaces/turtlesim_plus_interfaces/action/detail
[1.311s] -- Up-to-date: /home/kireiji/RoboticsDev_ws/install/turtlesim_plus_interfaces/include/turtlesim_plus_interfaces/turtlesim_plus_interfaces/action/detail/get_data__rosidl_typesupport_introspection_c.h
[1.311s] -- Up-to-date: /home/kireiji/RoboticsDev_ws/install/turtlesim_plus_interfaces/include/turtlesim_plus_interfaces/turtlesim_plus_interfaces/action/detail/get_data__type_support.c
[1.311s] -- Up-to-date: /home/kireiji/RoboticsDev_ws/install/turtlesim_plus_interfaces/lib/libturtlesim_plus_interfaces__rosidl_typesupport_introspection_c.so
[1.311s] -- Up-to-date: /home/kireiji/RoboticsDev_ws/install/turtlesim_plus_interfaces/lib/libturtlesim_plus_interfaces__rosidl_typesupport_c.so
[1.311s] -- Up-to-date: /home/kireiji/RoboticsDev_ws/install/turtlesim_plus_interfaces/include/turtlesim_plus_interfaces/turtlesim_plus_interfaces
[1.311s] -- Up-to-date: /home/kireiji/RoboticsDev_ws/install/turtlesim_plus_interfaces/include/turtlesim_plus_interfaces/turtlesim_plus_interfaces/msg
[1.311s] -- Up-to-date: /home/kireiji/RoboticsDev_ws/install/turtlesim_plus_interfaces/include/turtlesim_plus_interfaces/turtlesim_plus_interfaces/msg/scanner_data.hpp
[1.311s] -- Up-to-date: /home/kireiji/RoboticsDev_ws/install/turtlesim_plus_interfaces/include/turtlesim_plus_interfaces/turtlesim_plus_interfaces/msg/scanner_data_array.hpp
[1.311s] -- Up-to-date: /home/kireiji/RoboticsDev_ws/install/turtlesim_plus_interfaces/include/turtlesim_plus_interfaces/turtlesim_plus_interfaces/msg/detail
[1.311s] -- Up-to-date: /home/kireiji/RoboticsDev_ws/install/turtlesim_plus_interfaces/include/turtlesim_plus_interfaces/turtlesim_plus_interfaces/msg/detail/scanner_data__builder.hpp
[1.311s] -- Up-to-date: /home/kireiji/RoboticsDev_ws/install/turtlesim_plus_interfaces/include/turtlesim_plus_interfaces/turtlesim_plus_interfaces/msg/detail/scanner_data__traits.hpp
[1.311s] -- Up-to-date: /home/kireiji/RoboticsDev_ws/install/turtlesim_plus_interfaces/include/turtlesim_plus_interfaces/turtlesim_plus_interfaces/msg/detail/scanner_data_array__builder.hpp
[1.311s] -- Up-to-date: /home/kireiji/RoboticsDev_ws/install/turtlesim_plus_interfaces/include/turtlesim_plus_interfaces/turtlesim_plus_interfaces/msg/detail/scanner_data_array__traits.hpp
[1.312s] -- Up-to-date: /home/kireiji/RoboticsDev_ws/install/turtlesim_plus_interfaces/include/turtlesim_plus_interfaces/turtlesim_plus_interfaces/msg/detail/scanner_data__struct.hpp
[1.312s] -- Up-to-date: /home/kireiji/RoboticsDev_ws/install/turtlesim_plus_interfaces/include/turtlesim_plus_interfaces/turtlesim_plus_interfaces/msg/detail/scanner_data_array__struct.hpp
[1.312s] -- Up-to-date: /home/kireiji/RoboticsDev_ws/install/turtlesim_plus_interfaces/include/turtlesim_plus_interfaces/turtlesim_plus_interfaces/srv
[1.312s] -- Up-to-date: /home/kireiji/RoboticsDev_ws/install/turtlesim_plus_interfaces/include/turtlesim_plus_interfaces/turtlesim_plus_interfaces/srv/give_position.hpp
[1.312s] -- Up-to-date: /home/kireiji/RoboticsDev_ws/install/turtlesim_plus_interfaces/include/turtlesim_plus_interfaces/turtlesim_plus_interfaces/srv/detail
[1.312s] -- Up-to-date: /home/kireiji/RoboticsDev_ws/install/turtlesim_plus_interfaces/include/turtlesim_plus_interfaces/turtlesim_plus_interfaces/srv/detail/give_position__traits.hpp
[1.312s] -- Up-to-date: /home/kireiji/RoboticsDev_ws/install/turtlesim_plus_interfaces/include/turtlesim_plus_interfaces/turtlesim_plus_interfaces/srv/detail/give_position__struct.hpp
[1.312s] -- Up-to-date: /home/kireiji/RoboticsDev_ws/install/turtlesim_plus_interfaces/include/turtlesim_plus_interfaces/turtlesim_plus_interfaces/srv/detail/give_position__builder.hpp
[1.312s] -- Up-to-date: /home/kireiji/RoboticsDev_ws/install/turtlesim_plus_interfaces/include/turtlesim_plus_interfaces/turtlesim_plus_interfaces/action
[1.312s] -- Up-to-date: /home/kireiji/RoboticsDev_ws/install/turtlesim_plus_interfaces/include/turtlesim_plus_interfaces/turtlesim_plus_interfaces/action/get_data.hpp
[1.312s] -- Up-to-date: /home/kireiji/RoboticsDev_ws/install/turtlesim_plus_interfaces/include/turtlesim_plus_interfaces/turtlesim_plus_interfaces/action/detail
[1.312s] -- Up-to-date: /home/kireiji/RoboticsDev_ws/install/turtlesim_plus_interfaces/include/turtlesim_plus_interfaces/turtlesim_plus_interfaces/action/detail/get_data__struct.hpp
[1.312s] -- Up-to-date: /home/kireiji/RoboticsDev_ws/install/turtlesim_plus_interfaces/include/turtlesim_plus_interfaces/turtlesim_plus_interfaces/action/detail/get_data__builder.hpp
[1.313s] -- Up-to-date: /home/kireiji/RoboticsDev_ws/install/turtlesim_plus_interfaces/include/turtlesim_plus_interfaces/turtlesim_plus_interfaces/action/detail/get_data__traits.hpp
[1.313s] -- Up-to-date: /home/kireiji/RoboticsDev_ws/install/turtlesim_plus_interfaces/include/turtlesim_plus_interfaces/turtlesim_plus_interfaces
[1.313s] -- Up-to-date: /home/kireiji/RoboticsDev_ws/install/turtlesim_plus_interfaces/include/turtlesim_plus_interfaces/turtlesim_plus_interfaces/msg
[1.313s] -- Up-to-date: /home/kireiji/RoboticsDev_ws/install/turtlesim_plus_interfaces/include/turtlesim_plus_interfaces/turtlesim_plus_interfaces/msg/rosidl_typesupport_fastrtps_cpp__visibility_control.h
[1.313s] -- Up-to-date: /home/kireiji/RoboticsDev_ws/install/turtlesim_plus_interfaces/include/turtlesim_plus_interfaces/turtlesim_plus_interfaces/msg/detail
[1.313s] -- Up-to-date: /home/kireiji/RoboticsDev_ws/install/turtlesim_plus_interfaces/include/turtlesim_plus_interfaces/turtlesim_plus_interfaces/msg/detail/scanner_data__rosidl_typesupport_fastrtps_cpp.hpp
[1.313s] -- Up-to-date: /home/kireiji/RoboticsDev_ws/install/turtlesim_plus_interfaces/include/turtlesim_plus_interfaces/turtlesim_plus_interfaces/msg/detail/dds_fastrtps
[1.313s] -- Up-to-date: /home/kireiji/RoboticsDev_ws/install/turtlesim_plus_interfaces/include/turtlesim_plus_interfaces/turtlesim_plus_interfaces/msg/detail/scanner_data_array__rosidl_typesupport_fastrtps_cpp.hpp
[1.313s] -- Up-to-date: /home/kireiji/RoboticsDev_ws/install/turtlesim_plus_interfaces/include/turtlesim_plus_interfaces/turtlesim_plus_interfaces/srv
[1.313s] -- Up-to-date: /home/kireiji/RoboticsDev_ws/install/turtlesim_plus_interfaces/include/turtlesim_plus_interfaces/turtlesim_plus_interfaces/srv/detail
[1.313s] -- Up-to-date: /home/kireiji/RoboticsDev_ws/install/turtlesim_plus_interfaces/include/turtlesim_plus_interfaces/turtlesim_plus_interfaces/srv/detail/give_position__rosidl_typesupport_fastrtps_cpp.hpp
[1.313s] -- Up-to-date: /home/kireiji/RoboticsDev_ws/install/turtlesim_plus_interfaces/include/turtlesim_plus_interfaces/turtlesim_plus_interfaces/srv/detail/dds_fastrtps
[1.314s] -- Up-to-date: /home/kireiji/RoboticsDev_ws/install/turtlesim_plus_interfaces/include/turtlesim_plus_interfaces/turtlesim_plus_interfaces/action
[1.314s] -- Up-to-date: /home/kireiji/RoboticsDev_ws/install/turtlesim_plus_interfaces/include/turtlesim_plus_interfaces/turtlesim_plus_interfaces/action/detail
[1.314s] -- Up-to-date: /home/kireiji/RoboticsDev_ws/install/turtlesim_plus_interfaces/include/turtlesim_plus_interfaces/turtlesim_plus_interfaces/action/detail/dds_fastrtps
[1.314s] -- Up-to-date: /home/kireiji/RoboticsDev_ws/install/turtlesim_plus_interfaces/include/turtlesim_plus_interfaces/turtlesim_plus_interfaces/action/detail/get_data__rosidl_typesupport_fastrtps_cpp.hpp
[1.314s] -- Up-to-date: /home/kireiji/RoboticsDev_ws/install/turtlesim_plus_interfaces/lib/libturtlesim_plus_interfaces__rosidl_typesupport_fastrtps_cpp.so
[1.314s] -- Up-to-date: /home/kireiji/RoboticsDev_ws/install/turtlesim_plus_interfaces/include/turtlesim_plus_interfaces/turtlesim_plus_interfaces
[1.314s] -- Up-to-date: /home/kireiji/RoboticsDev_ws/install/turtlesim_plus_interfaces/include/turtlesim_plus_interfaces/turtlesim_plus_interfaces/msg
[1.314s] -- Up-to-date: /home/kireiji/RoboticsDev_ws/install/turtlesim_plus_interfaces/include/turtlesim_plus_interfaces/turtlesim_plus_interfaces/msg/detail
[1.314s] -- Up-to-date: /home/kireiji/RoboticsDev_ws/install/turtlesim_plus_interfaces/include/turtlesim_plus_interfaces/turtlesim_plus_interfaces/msg/detail/scanner_data__type_support.cpp
[1.314s] -- Up-to-date: /home/kireiji/RoboticsDev_ws/install/turtlesim_plus_interfaces/include/turtlesim_plus_interfaces/turtlesim_plus_interfaces/msg/detail/scanner_data_array__rosidl_typesupport_introspection_cpp.hpp
[1.314s] -- Up-to-date: /home/kireiji/RoboticsDev_ws/install/turtlesim_plus_interfaces/include/turtlesim_plus_interfaces/turtlesim_plus_interfaces/msg/detail/scanner_data_array__type_support.cpp
[1.314s] -- Up-to-date: /home/kireiji/RoboticsDev_ws/install/turtlesim_plus_interfaces/include/turtlesim_plus_interfaces/turtlesim_plus_interfaces/msg/detail/scanner_data__rosidl_typesupport_introspection_cpp.hpp
[1.315s] -- Up-to-date: /home/kireiji/RoboticsDev_ws/install/turtlesim_plus_interfaces/include/turtlesim_plus_interfaces/turtlesim_plus_interfaces/srv
[1.315s] -- Up-to-date: /home/kireiji/RoboticsDev_ws/install/turtlesim_plus_interfaces/include/turtlesim_plus_interfaces/turtlesim_plus_interfaces/srv/detail
[1.315s] -- Up-to-date: /home/kireiji/RoboticsDev_ws/install/turtlesim_plus_interfaces/include/turtlesim_plus_interfaces/turtlesim_plus_interfaces/srv/detail/give_position__rosidl_typesupport_introspection_cpp.hpp
[1.315s] -- Up-to-date: /home/kireiji/RoboticsDev_ws/install/turtlesim_plus_interfaces/include/turtlesim_plus_interfaces/turtlesim_plus_interfaces/srv/detail/give_position__type_support.cpp
[1.315s] -- Up-to-date: /home/kireiji/RoboticsDev_ws/install/turtlesim_plus_interfaces/include/turtlesim_plus_interfaces/turtlesim_plus_interfaces/action
[1.315s] -- Up-to-date: /home/kireiji/RoboticsDev_ws/install/turtlesim_plus_interfaces/include/turtlesim_plus_interfaces/turtlesim_plus_interfaces/action/detail
[1.315s] -- Up-to-date: /home/kireiji/RoboticsDev_ws/install/turtlesim_plus_interfaces/include/turtlesim_plus_interfaces/turtlesim_plus_interfaces/action/detail/get_data__rosidl_typesupport_introspection_cpp.hpp
[1.315s] -- Up-to-date: /home/kireiji/RoboticsDev_ws/install/turtlesim_plus_interfaces/include/turtlesim_plus_interfaces/turtlesim_plus_interfaces/action/detail/get_data__type_support.cpp
[1.315s] -- Up-to-date: /home/kireiji/RoboticsDev_ws/install/turtlesim_plus_interfaces/lib/libturtlesim_plus_interfaces__rosidl_typesupport_introspection_cpp.so
[1.315s] -- Up-to-date: /home/kireiji/RoboticsDev_ws/install/turtlesim_plus_interfaces/lib/libturtlesim_plus_interfaces__rosidl_typesupport_cpp.so
[1.315s] -- Up-to-date: /home/kireiji/RoboticsDev_ws/install/turtlesim_plus_interfaces/share/turtlesim_plus_interfaces/environment/pythonpath.sh
[1.315s] -- Up-to-date: /home/kireiji/RoboticsDev_ws/install/turtlesim_plus_interfaces/share/turtlesim_plus_interfaces/environment/pythonpath.dsv
[1.315s] -- Up-to-date: /home/kireiji/RoboticsDev_ws/install/turtlesim_plus_interfaces/lib/python3.10/site-packages/turtlesim_plus_interfaces-0.0.0-py3.10.egg-info
[1.316s] -- Installing: /home/kireiji/RoboticsDev_ws/install/turtlesim_plus_interfaces/lib/python3.10/site-packages/turtlesim_plus_interfaces-0.0.0-py3.10.egg-info/PKG-INFO
[1.316s] -- Installing: /home/kireiji/RoboticsDev_ws/install/turtlesim_plus_interfaces/lib/python3.10/site-packages/turtlesim_plus_interfaces-0.0.0-py3.10.egg-info/dependency_links.txt
[1.316s] -- Installing: /home/kireiji/RoboticsDev_ws/install/turtlesim_plus_interfaces/lib/python3.10/site-packages/turtlesim_plus_interfaces-0.0.0-py3.10.egg-info/top_level.txt
[1.316s] -- Installing: /home/kireiji/RoboticsDev_ws/install/turtlesim_plus_interfaces/lib/python3.10/site-packages/turtlesim_plus_interfaces-0.0.0-py3.10.egg-info/SOURCES.txt
[1.316s] -- Up-to-date: /home/kireiji/RoboticsDev_ws/install/turtlesim_plus_interfaces/lib/python3.10/site-packages/turtlesim_plus_interfaces
[1.316s] -- Up-to-date: /home/kireiji/RoboticsDev_ws/install/turtlesim_plus_interfaces/lib/python3.10/site-packages/turtlesim_plus_interfaces/__init__.py
[1.316s] -- Up-to-date: /home/kireiji/RoboticsDev_ws/install/turtlesim_plus_interfaces/lib/python3.10/site-packages/turtlesim_plus_interfaces/turtlesim_plus_interfaces_s__rosidl_typesupport_introspection_c.cpython-310-x86_64-linux-gnu.so
[1.316s] -- Up-to-date: /home/kireiji/RoboticsDev_ws/install/turtlesim_plus_interfaces/lib/python3.10/site-packages/turtlesim_plus_interfaces/_turtlesim_plus_interfaces_s.ep.rosidl_typesupport_fastrtps_c.c
[1.316s] -- Up-to-date: /home/kireiji/RoboticsDev_ws/install/turtlesim_plus_interfaces/lib/python3.10/site-packages/turtlesim_plus_interfaces/msg
[1.316s] -- Up-to-date: /home/kireiji/RoboticsDev_ws/install/turtlesim_plus_interfaces/lib/python3.10/site-packages/turtlesim_plus_interfaces/msg/_scanner_data_array.py
[1.316s] -- Up-to-date: /home/kireiji/RoboticsDev_ws/install/turtlesim_plus_interfaces/lib/python3.10/site-packages/turtlesim_plus_interfaces/msg/__init__.py
[1.316s] -- Up-to-date: /home/kireiji/RoboticsDev_ws/install/turtlesim_plus_interfaces/lib/python3.10/site-packages/turtlesim_plus_interfaces/msg/_scanner_data_array_s.c
[1.317s] -- Up-to-date: /home/kireiji/RoboticsDev_ws/install/turtlesim_plus_interfaces/lib/python3.10/site-packages/turtlesim_plus_interfaces/msg/_scanner_data.py
[1.317s] -- Up-to-date: /home/kireiji/RoboticsDev_ws/install/turtlesim_plus_interfaces/lib/python3.10/site-packages/turtlesim_plus_interfaces/msg/_scanner_data_s.c
[1.317s] -- Up-to-date: /home/kireiji/RoboticsDev_ws/install/turtlesim_plus_interfaces/lib/python3.10/site-packages/turtlesim_plus_interfaces/_turtlesim_plus_interfaces_s.ep.rosidl_typesupport_c.c
[1.317s] -- Up-to-date: /home/kireiji/RoboticsDev_ws/install/turtlesim_plus_interfaces/lib/python3.10/site-packages/turtlesim_plus_interfaces/_turtlesim_plus_interfaces_s.ep.rosidl_typesupport_introspection_c.c
[1.317s] -- Up-to-date: /home/kireiji/RoboticsDev_ws/install/turtlesim_plus_interfaces/lib/python3.10/site-packages/turtlesim_plus_interfaces/libturtlesim_plus_interfaces__rosidl_generator_py.so
[1.317s] -- Up-to-date: /home/kireiji/RoboticsDev_ws/install/turtlesim_plus_interfaces/lib/python3.10/site-packages/turtlesim_plus_interfaces/srv
[1.317s] -- Up-to-date: /home/kireiji/RoboticsDev_ws/install/turtlesim_plus_interfaces/lib/python3.10/site-packages/turtlesim_plus_interfaces/srv/_give_position.py
[1.317s] -- Up-to-date: /home/kireiji/RoboticsDev_ws/install/turtlesim_plus_interfaces/lib/python3.10/site-packages/turtlesim_plus_interfaces/srv/__init__.py
[1.317s] -- Up-to-date: /home/kireiji/RoboticsDev_ws/install/turtlesim_plus_interfaces/lib/python3.10/site-packages/turtlesim_plus_interfaces/srv/_give_position_s.c
[1.317s] -- Up-to-date: /home/kireiji/RoboticsDev_ws/install/turtlesim_plus_interfaces/lib/python3.10/site-packages/turtlesim_plus_interfaces/action
[1.317s] -- Up-to-date: /home/kireiji/RoboticsDev_ws/install/turtlesim_plus_interfaces/lib/python3.10/site-packages/turtlesim_plus_interfaces/action/__init__.py
[1.318s] -- Up-to-date: /home/kireiji/RoboticsDev_ws/install/turtlesim_plus_interfaces/lib/python3.10/site-packages/turtlesim_plus_interfaces/action/_get_data_s.c
[1.318s] -- Up-to-date: /home/kireiji/RoboticsDev_ws/install/turtlesim_plus_interfaces/lib/python3.10/site-packages/turtlesim_plus_interfaces/action/_get_data.py
[1.318s] -- Up-to-date: /home/kireiji/RoboticsDev_ws/install/turtlesim_plus_interfaces/lib/python3.10/site-packages/turtlesim_plus_interfaces/turtlesim_plus_interfaces_s__rosidl_typesupport_c.cpython-310-x86_64-linux-gnu.so
[1.318s] -- Up-to-date: /home/kireiji/RoboticsDev_ws/install/turtlesim_plus_interfaces/lib/python3.10/site-packages/turtlesim_plus_interfaces/turtlesim_plus_interfaces_s__rosidl_typesupport_fastrtps_c.cpython-310-x86_64-linux-gnu.so
[1.357s] Listing '/home/kireiji/RoboticsDev_ws/install/turtlesim_plus_interfaces/lib/python3.10/site-packages/turtlesim_plus_interfaces'...
[1.357s] Listing '/home/kireiji/RoboticsDev_ws/install/turtlesim_plus_interfaces/lib/python3.10/site-packages/turtlesim_plus_interfaces/action'...
[1.357s] Listing '/home/kireiji/RoboticsDev_ws/install/turtlesim_plus_interfaces/lib/python3.10/site-packages/turtlesim_plus_interfaces/msg'...
[1.357s] Listing '/home/kireiji/RoboticsDev_ws/install/turtlesim_plus_interfaces/lib/python3.10/site-packages/turtlesim_plus_interfaces/srv'...
[1.362s] -- Up-to-date: /home/kireiji/RoboticsDev_ws/install/turtlesim_plus_interfaces/lib/python3.10/site-packages/turtlesim_plus_interfaces/turtlesim_plus_interfaces_s__rosidl_typesupport_fastrtps_c.cpython-310-x86_64-linux-gnu.so
[1.363s] -- Up-to-date: /home/kireiji/RoboticsDev_ws/install/turtlesim_plus_interfaces/lib/python3.10/site-packages/turtlesim_plus_interfaces/turtlesim_plus_interfaces_s__rosidl_typesupport_introspection_c.cpython-310-x86_64-linux-gnu.so
[1.363s] -- Up-to-date: /home/kireiji/RoboticsDev_ws/install/turtlesim_plus_interfaces/lib/python3.10/site-packages/turtlesim_plus_interfaces/turtlesim_plus_interfaces_s__rosidl_typesupport_c.cpython-310-x86_64-linux-gnu.so
[1.363s] -- Up-to-date: /home/kireiji/RoboticsDev_ws/install/turtlesim_plus_interfaces/lib/libturtlesim_plus_interfaces__rosidl_generator_py.so
[1.363s] -- Up-to-date: /home/kireiji/RoboticsDev_ws/install/turtlesim_plus_interfaces/share/turtlesim_plus_interfaces/msg/ScannerData.idl
[1.363s] -- Up-to-date: /home/kireiji/RoboticsDev_ws/install/turtlesim_plus_interfaces/share/turtlesim_plus_interfaces/msg/ScannerDataArray.idl
[1.363s] -- Up-to-date: /home/kireiji/RoboticsDev_ws/install/turtlesim_plus_interfaces/share/turtlesim_plus_interfaces/srv/GivePosition.idl
[1.363s] -- Up-to-date: /home/kireiji/RoboticsDev_ws/install/turtlesim_plus_interfaces/share/turtlesim_plus_interfaces/action/GetData.idl
[1.363s] -- Up-to-date: /home/kireiji/RoboticsDev_ws/install/turtlesim_plus_interfaces/share/turtlesim_plus_interfaces/msg/ScannerData.msg
[1.363s] -- Up-to-date: /home/kireiji/RoboticsDev_ws/install/turtlesim_plus_interfaces/share/turtlesim_plus_interfaces/msg/ScannerDataArray.msg
[1.364s] -- Up-to-date: /home/kireiji/RoboticsDev_ws/install/turtlesim_plus_interfaces/share/turtlesim_plus_interfaces/srv/GivePosition.srv
[1.364s] -- Up-to-date: /home/kireiji/RoboticsDev_ws/install/turtlesim_plus_interfaces/share/turtlesim_plus_interfaces/srv/GivePosition_Request.msg
[1.364s] -- Up-to-date: /home/kireiji/RoboticsDev_ws/install/turtlesim_plus_interfaces/share/turtlesim_plus_interfaces/srv/GivePosition_Response.msg
[1.364s] -- Up-to-date: /home/kireiji/RoboticsDev_ws/install/turtlesim_plus_interfaces/share/turtlesim_plus_interfaces/action/GetData.action
[1.364s] -- Up-to-date: /home/kireiji/RoboticsDev_ws/install/turtlesim_plus_interfaces/share/ament_index/resource_index/package_run_dependencies/turtlesim_plus_interfaces
[1.364s] -- Up-to-date: /home/kireiji/RoboticsDev_ws/install/turtlesim_plus_interfaces/share/ament_index/resource_index/parent_prefix_path/turtlesim_plus_interfaces
[1.365s] -- Up-to-date: /home/kireiji/RoboticsDev_ws/install/turtlesim_plus_interfaces/share/turtlesim_plus_interfaces/environment/ament_prefix_path.sh
[1.365s] -- Up-to-date: /home/kireiji/RoboticsDev_ws/install/turtlesim_plus_interfaces/share/turtlesim_plus_interfaces/environment/ament_prefix_path.dsv
[1.365s] -- Up-to-date: /home/kireiji/RoboticsDev_ws/install/turtlesim_plus_interfaces/share/turtlesim_plus_interfaces/environment/path.sh
[1.365s] -- Up-to-date: /home/kireiji/RoboticsDev_ws/install/turtlesim_plus_interfaces/share/turtlesim_plus_interfaces/environment/path.dsv
[1.365s] -- Up-to-date: /home/kireiji/RoboticsDev_ws/install/turtlesim_plus_interfaces/share/turtlesim_plus_interfaces/local_setup.bash
[1.366s] -- Up-to-date: /home/kireiji/RoboticsDev_ws/install/turtlesim_plus_interfaces/share/turtlesim_plus_interfaces/local_setup.sh
[1.366s] -- Up-to-date: /home/kireiji/RoboticsDev_ws/install/turtlesim_plus_interfaces/share/turtlesim_plus_interfaces/local_setup.zsh
[1.366s] -- Up-to-date: /home/kireiji/RoboticsDev_ws/install/turtlesim_plus_interfaces/share/turtlesim_plus_interfaces/local_setup.dsv
[1.366s] -- Installing: /home/kireiji/RoboticsDev_ws/install/turtlesim_plus_interfaces/share/turtlesim_plus_interfaces/package.dsv
[1.366s] -- Up-to-date: /home/kireiji/RoboticsDev_ws/install/turtlesim_plus_interfaces/share/ament_index/resource_index/packages/turtlesim_plus_interfaces
[1.366s] -- Up-to-date: /home/kireiji/RoboticsDev_ws/install/turtlesim_plus_interfaces/share/turtlesim_plus_interfaces/cmake/export_turtlesim_plus_interfaces__rosidl_generator_cExport.cmake
[1.366s] -- Up-to-date: /home/kireiji/RoboticsDev_ws/install/turtlesim_plus_interfaces/share/turtlesim_plus_interfaces/cmake/export_turtlesim_plus_interfaces__rosidl_generator_cExport-noconfig.cmake
[1.366s] -- Up-to-date: /home/kireiji/RoboticsDev_ws/install/turtlesim_plus_interfaces/share/turtlesim_plus_interfaces/cmake/export_turtlesim_plus_interfaces__rosidl_typesupport_fastrtps_cExport.cmake
[1.366s] -- Up-to-date: /home/kireiji/RoboticsDev_ws/install/turtlesim_plus_interfaces/share/turtlesim_plus_interfaces/cmake/export_turtlesim_plus_interfaces__rosidl_typesupport_fastrtps_cExport-noconfig.cmake
[1.366s] -- Up-to-date: /home/kireiji/RoboticsDev_ws/install/turtlesim_plus_interfaces/share/turtlesim_plus_interfaces/cmake/turtlesim_plus_interfaces__rosidl_typesupport_introspection_cExport.cmake
[1.366s] -- Up-to-date: /home/kireiji/RoboticsDev_ws/install/turtlesim_plus_interfaces/share/turtlesim_plus_interfaces/cmake/turtlesim_plus_interfaces__rosidl_typesupport_introspection_cExport-noconfig.cmake
[1.367s] -- Up-to-date: /home/kireiji/RoboticsDev_ws/install/turtlesim_plus_interfaces/share/turtlesim_plus_interfaces/cmake/turtlesim_plus_interfaces__rosidl_typesupport_cExport.cmake
[1.367s] -- Up-to-date: /home/kireiji/RoboticsDev_ws/install/turtlesim_plus_interfaces/share/turtlesim_plus_interfaces/cmake/turtlesim_plus_interfaces__rosidl_typesupport_cExport-noconfig.cmake
[1.367s] -- Up-to-date: /home/kireiji/RoboticsDev_ws/install/turtlesim_plus_interfaces/share/turtlesim_plus_interfaces/cmake/export_turtlesim_plus_interfaces__rosidl_generator_cppExport.cmake
[1.367s] -- Up-to-date: /home/kireiji/RoboticsDev_ws/install/turtlesim_plus_interfaces/share/turtlesim_plus_interfaces/cmake/export_turtlesim_plus_interfaces__rosidl_typesupport_fastrtps_cppExport.cmake
[1.368s] -- Up-to-date: /home/kireiji/RoboticsDev_ws/install/turtlesim_plus_interfaces/share/turtlesim_plus_interfaces/cmake/export_turtlesim_plus_interfaces__rosidl_typesupport_fastrtps_cppExport-noconfig.cmake
[1.368s] -- Up-to-date: /home/kireiji/RoboticsDev_ws/install/turtlesim_plus_interfaces/share/turtlesim_plus_interfaces/cmake/turtlesim_plus_interfaces__rosidl_typesupport_introspection_cppExport.cmake
[1.368s] -- Up-to-date: /home/kireiji/RoboticsDev_ws/install/turtlesim_plus_interfaces/share/turtlesim_plus_interfaces/cmake/turtlesim_plus_interfaces__rosidl_typesupport_introspection_cppExport-noconfig.cmake
[1.368s] -- Up-to-date: /home/kireiji/RoboticsDev_ws/install/turtlesim_plus_interfaces/share/turtlesim_plus_interfaces/cmake/turtlesim_plus_interfaces__rosidl_typesupport_cppExport.cmake
[1.368s] -- Up-to-date: /home/kireiji/RoboticsDev_ws/install/turtlesim_plus_interfaces/share/turtlesim_plus_interfaces/cmake/turtlesim_plus_interfaces__rosidl_typesupport_cppExport-noconfig.cmake
[1.368s] -- Up-to-date: /home/kireiji/RoboticsDev_ws/install/turtlesim_plus_interfaces/share/turtlesim_plus_interfaces/cmake/export_turtlesim_plus_interfaces__rosidl_generator_pyExport.cmake
[1.369s] -- Up-to-date: /home/kireiji/RoboticsDev_ws/install/turtlesim_plus_interfaces/share/turtlesim_plus_interfaces/cmake/export_turtlesim_plus_interfaces__rosidl_generator_pyExport-noconfig.cmake
[1.369s] -- Up-to-date: /home/kireiji/RoboticsDev_ws/install/turtlesim_plus_interfaces/share/turtlesim_plus_interfaces/cmake/rosidl_cmake-extras.cmake
[1.369s] -- Up-to-date: /home/kireiji/RoboticsDev_ws/install/turtlesim_plus_interfaces/share/turtlesim_plus_interfaces/cmake/ament_cmake_export_dependencies-extras.cmake
[1.369s] -- Up-to-date: /home/kireiji/RoboticsDev_ws/install/turtlesim_plus_interfaces/share/turtlesim_plus_interfaces/cmake/ament_cmake_export_include_directories-extras.cmake
[1.369s] -- Up-to-date: /home/kireiji/RoboticsDev_ws/install/turtlesim_plus_interfaces/share/turtlesim_plus_interfaces/cmake/ament_cmake_export_libraries-extras.cmake
[1.369s] -- Up-to-date: /home/kireiji/RoboticsDev_ws/install/turtlesim_plus_interfaces/share/turtlesim_plus_interfaces/cmake/ament_cmake_export_targets-extras.cmake
[1.369s] -- Up-to-date: /home/kireiji/RoboticsDev_ws/install/turtlesim_plus_interfaces/share/turtlesim_plus_interfaces/cmake/rosidl_cmake_export_typesupport_targets-extras.cmake
[1.369s] -- Up-to-date: /home/kireiji/RoboticsDev_ws/install/turtlesim_plus_interfaces/share/turtlesim_plus_interfaces/cmake/rosidl_cmake_export_typesupport_libraries-extras.cmake
[1.369s] -- Up-to-date: /home/kireiji/RoboticsDev_ws/install/turtlesim_plus_interfaces/share/turtlesim_plus_interfaces/cmake/turtlesim_plus_interfacesConfig.cmake
[1.370s] -- Up-to-date: /home/kireiji/RoboticsDev_ws/install/turtlesim_plus_interfaces/share/turtlesim_plus_interfaces/cmake/turtlesim_plus_interfacesConfig-version.cmake
[1.370s] -- Up-to-date: /home/kireiji/RoboticsDev_ws/install/turtlesim_plus_interfaces/share/turtlesim_plus_interfaces/package.xml
[1.375s] Invoked command in '/home/kireiji/RoboticsDev_ws/build/turtlesim_plus_interfaces' returned '0': CMAKE_PREFIX_PATH=${CMAKE_PREFIX_PATH}:/home/kireiji/RoboticsDev_ws/install/launch_testing_examples:/home/kireiji/RoboticsDev_ws/install/examples_rclpy_pointcloud_publisher:/home/kireiji/RoboticsDev_ws/install/examples_rclpy_minimal_subscriber:/home/kireiji/RoboticsDev_ws/install/examples_rclpy_minimal_service:/home/kireiji/RoboticsDev_ws/install/examples_rclpy_minimal_publisher:/home/kireiji/RoboticsDev_ws/install/examples_rclpy_minimal_client:/home/kireiji/RoboticsDev_ws/install/examples_rclpy_minimal_action_server:/home/kireiji/RoboticsDev_ws/install/examples_rclpy_minimal_action_client:/home/kireiji/RoboticsDev_ws/install/examples_rclpy_guard_conditions:/home/kireiji/RoboticsDev_ws/install/examples_rclpy_executors:/home/kireiji/ros2_ws/install/my_py_pkg:/opt/ros/humble /usr/bin/cmake --install /home/kireiji/RoboticsDev_ws/build/turtlesim_plus_interfaces
