[2.013s] Invoking command in '/home/kireiji/RoboticsDev_ws/src/examples/rclpy/services/minimal_client': PYTHONPATH=/home/kireiji/RoboticsDev_ws/build/examples_rclpy_minimal_client/prefix_override:/usr/lib/python3/dist-packages/colcon_core/task/python/colcon_distutils_commands:/home/kireiji/RoboticsDev_ws/install/examples_rclpy_minimal_client/lib/python3.10/site-packages:${PYTHONPATH} /usr/bin/python3 -W ignore:setup.py install is deprecated setup.py egg_info --egg-base ../../../../../build/examples_rclpy_minimal_client build --build-base /home/kireiji/RoboticsDev_ws/build/examples_rclpy_minimal_client/build install --record /home/kireiji/RoboticsDev_ws/build/examples_rclpy_minimal_client/install.log --single-version-externally-managed install_data
[2.240s] running egg_info
[2.241s] writing ../../../../../build/examples_rclpy_minimal_client/examples_rclpy_minimal_client.egg-info/PKG-INFO
[2.241s] writing dependency_links to ../../../../../build/examples_rclpy_minimal_client/examples_rclpy_minimal_client.egg-info/dependency_links.txt
[2.241s] writing entry points to ../../../../../build/examples_rclpy_minimal_client/examples_rclpy_minimal_client.egg-info/entry_points.txt
[2.241s] writing requirements to ../../../../../build/examples_rclpy_minimal_client/examples_rclpy_minimal_client.egg-info/requires.txt
[2.242s] writing top-level names to ../../../../../build/examples_rclpy_minimal_client/examples_rclpy_minimal_client.egg-info/top_level.txt
[2.243s] reading manifest file '../../../../../build/examples_rclpy_minimal_client/examples_rclpy_minimal_client.egg-info/SOURCES.txt'
[2.244s] writing manifest file '../../../../../build/examples_rclpy_minimal_client/examples_rclpy_minimal_client.egg-info/SOURCES.txt'
[2.244s] running build
[2.244s] running build_py
[2.244s] running install
[2.244s] running install_lib
[2.246s] running install_data
[2.246s] running install_egg_info
[2.247s] removing '/home/kireiji/RoboticsDev_ws/install/examples_rclpy_minimal_client/lib/python3.10/site-packages/examples_rclpy_minimal_client-0.15.2-py3.10.egg-info' (and everything under it)
[2.248s] Copying ../../../../../build/examples_rclpy_minimal_client/examples_rclpy_minimal_client.egg-info to /home/kireiji/RoboticsDev_ws/install/examples_rclpy_minimal_client/lib/python3.10/site-packages/examples_rclpy_minimal_client-0.15.2-py3.10.egg-info
[2.248s] running install_scripts
[2.273s] Installing client script to /home/kireiji/RoboticsDev_ws/install/examples_rclpy_minimal_client/lib/examples_rclpy_minimal_client
[2.273s] Installing client_async script to /home/kireiji/RoboticsDev_ws/install/examples_rclpy_minimal_client/lib/examples_rclpy_minimal_client
[2.273s] Installing client_async_callback script to /home/kireiji/RoboticsDev_ws/install/examples_rclpy_minimal_client/lib/examples_rclpy_minimal_client
[2.273s] Installing client_async_member_function script to /home/kireiji/RoboticsDev_ws/install/examples_rclpy_minimal_client/lib/examples_rclpy_minimal_client
[2.273s] writing list of installed files to '/home/kireiji/RoboticsDev_ws/build/examples_rclpy_minimal_client/install.log'
[2.351s] Invoked command in '/home/kireiji/RoboticsDev_ws/src/examples/rclpy/services/minimal_client' returned '0': PYTHONPATH=/home/kireiji/RoboticsDev_ws/build/examples_rclpy_minimal_client/prefix_override:/usr/lib/python3/dist-packages/colcon_core/task/python/colcon_distutils_commands:/home/kireiji/RoboticsDev_ws/install/examples_rclpy_minimal_client/lib/python3.10/site-packages:${PYTHONPATH} /usr/bin/python3 -W ignore:setup.py install is deprecated setup.py egg_info --egg-base ../../../../../build/examples_rclpy_minimal_client build --build-base /home/kireiji/RoboticsDev_ws/build/examples_rclpy_minimal_client/build install --record /home/kireiji/RoboticsDev_ws/build/examples_rclpy_minimal_client/install.log --single-version-externally-managed install_data
