[1.698s] Invoking command in '/home/kireiji/RoboticsDev_ws/src/examples/rclpy/executors': PYTHONPATH=/home/kireiji/RoboticsDev_ws/build/examples_rclpy_executors/prefix_override:/usr/lib/python3/dist-packages/colcon_core/task/python/colcon_distutils_commands:/home/kireiji/RoboticsDev_ws/install/examples_rclpy_executors/lib/python3.10/site-packages:${PYTHONPATH} /usr/bin/python3 -W ignore:setup.py install is deprecated setup.py egg_info --egg-base ../../../../build/examples_rclpy_executors build --build-base /home/kireiji/RoboticsDev_ws/build/examples_rclpy_executors/build install --record /home/kireiji/RoboticsDev_ws/build/examples_rclpy_executors/install.log --single-version-externally-managed install_data
[2.583s] running egg_info
[2.583s] creating ../../../../build/examples_rclpy_executors/examples_rclpy_executors.egg-info
[2.583s] writing ../../../../build/examples_rclpy_executors/examples_rclpy_executors.egg-info/PKG-INFO
[2.583s] writing dependency_links to ../../../../build/examples_rclpy_executors/examples_rclpy_executors.egg-info/dependency_links.txt
[2.583s] writing entry points to ../../../../build/examples_rclpy_executors/examples_rclpy_executors.egg-info/entry_points.txt
[2.583s] writing requirements to ../../../../build/examples_rclpy_executors/examples_rclpy_executors.egg-info/requires.txt
[2.583s] writing top-level names to ../../../../build/examples_rclpy_executors/examples_rclpy_executors.egg-info/top_level.txt
[2.583s] writing manifest file '../../../../build/examples_rclpy_executors/examples_rclpy_executors.egg-info/SOURCES.txt'
[2.584s] reading manifest file '../../../../build/examples_rclpy_executors/examples_rclpy_executors.egg-info/SOURCES.txt'
[2.584s] writing manifest file '../../../../build/examples_rclpy_executors/examples_rclpy_executors.egg-info/SOURCES.txt'
[2.584s] running build
[2.584s] running build_py
[2.584s] creating /home/kireiji/RoboticsDev_ws/build/examples_rclpy_executors/build
[2.584s] creating /home/kireiji/RoboticsDev_ws/build/examples_rclpy_executors/build/lib
[2.584s] creating /home/kireiji/RoboticsDev_ws/build/examples_rclpy_executors/build/lib/examples_rclpy_executors
[2.584s] copying examples_rclpy_executors/talker.py -> /home/kireiji/RoboticsDev_ws/build/examples_rclpy_executors/build/lib/examples_rclpy_executors
[2.584s] copying examples_rclpy_executors/custom_callback_group.py -> /home/kireiji/RoboticsDev_ws/build/examples_rclpy_executors/build/lib/examples_rclpy_executors
[2.584s] copying examples_rclpy_executors/__init__.py -> /home/kireiji/RoboticsDev_ws/build/examples_rclpy_executors/build/lib/examples_rclpy_executors
[2.584s] copying examples_rclpy_executors/custom_executor.py -> /home/kireiji/RoboticsDev_ws/build/examples_rclpy_executors/build/lib/examples_rclpy_executors
[2.584s] copying examples_rclpy_executors/listener.py -> /home/kireiji/RoboticsDev_ws/build/examples_rclpy_executors/build/lib/examples_rclpy_executors
[2.584s] copying examples_rclpy_executors/callback_group.py -> /home/kireiji/RoboticsDev_ws/build/examples_rclpy_executors/build/lib/examples_rclpy_executors
[2.584s] copying examples_rclpy_executors/composed.py -> /home/kireiji/RoboticsDev_ws/build/examples_rclpy_executors/build/lib/examples_rclpy_executors
[2.584s] running install
[2.584s] running install_lib
[2.584s] creating /home/kireiji/RoboticsDev_ws/install/examples_rclpy_executors/lib/python3.10/site-packages/examples_rclpy_executors
[2.585s] copying /home/kireiji/RoboticsDev_ws/build/examples_rclpy_executors/build/lib/examples_rclpy_executors/talker.py -> /home/kireiji/RoboticsDev_ws/install/examples_rclpy_executors/lib/python3.10/site-packages/examples_rclpy_executors
[2.585s] copying /home/kireiji/RoboticsDev_ws/build/examples_rclpy_executors/build/lib/examples_rclpy_executors/custom_callback_group.py -> /home/kireiji/RoboticsDev_ws/install/examples_rclpy_executors/lib/python3.10/site-packages/examples_rclpy_executors
[2.585s] copying /home/kireiji/RoboticsDev_ws/build/examples_rclpy_executors/build/lib/examples_rclpy_executors/__init__.py -> /home/kireiji/RoboticsDev_ws/install/examples_rclpy_executors/lib/python3.10/site-packages/examples_rclpy_executors
[2.585s] copying /home/kireiji/RoboticsDev_ws/build/examples_rclpy_executors/build/lib/examples_rclpy_executors/custom_executor.py -> /home/kireiji/RoboticsDev_ws/install/examples_rclpy_executors/lib/python3.10/site-packages/examples_rclpy_executors
[2.585s] copying /home/kireiji/RoboticsDev_ws/build/examples_rclpy_executors/build/lib/examples_rclpy_executors/listener.py -> /home/kireiji/RoboticsDev_ws/install/examples_rclpy_executors/lib/python3.10/site-packages/examples_rclpy_executors
[2.585s] copying /home/kireiji/RoboticsDev_ws/build/examples_rclpy_executors/build/lib/examples_rclpy_executors/callback_group.py -> /home/kireiji/RoboticsDev_ws/install/examples_rclpy_executors/lib/python3.10/site-packages/examples_rclpy_executors
[2.585s] copying /home/kireiji/RoboticsDev_ws/build/examples_rclpy_executors/build/lib/examples_rclpy_executors/composed.py -> /home/kireiji/RoboticsDev_ws/install/examples_rclpy_executors/lib/python3.10/site-packages/examples_rclpy_executors
[2.585s] byte-compiling /home/kireiji/RoboticsDev_ws/install/examples_rclpy_executors/lib/python3.10/site-packages/examples_rclpy_executors/talker.py to talker.cpython-310.pyc
[2.585s] byte-compiling /home/kireiji/RoboticsDev_ws/install/examples_rclpy_executors/lib/python3.10/site-packages/examples_rclpy_executors/custom_callback_group.py to custom_callback_group.cpython-310.pyc
[2.585s] byte-compiling /home/kireiji/RoboticsDev_ws/install/examples_rclpy_executors/lib/python3.10/site-packages/examples_rclpy_executors/__init__.py to __init__.cpython-310.pyc
[2.585s] byte-compiling /home/kireiji/RoboticsDev_ws/install/examples_rclpy_executors/lib/python3.10/site-packages/examples_rclpy_executors/custom_executor.py to custom_executor.cpython-310.pyc
[2.585s] byte-compiling /home/kireiji/RoboticsDev_ws/install/examples_rclpy_executors/lib/python3.10/site-packages/examples_rclpy_executors/listener.py to listener.cpython-310.pyc
[2.585s] byte-compiling /home/kireiji/RoboticsDev_ws/install/examples_rclpy_executors/lib/python3.10/site-packages/examples_rclpy_executors/callback_group.py to callback_group.cpython-310.pyc
[2.585s] byte-compiling /home/kireiji/RoboticsDev_ws/install/examples_rclpy_executors/lib/python3.10/site-packages/examples_rclpy_executors/composed.py to composed.cpython-310.pyc
[2.585s] running install_data
[2.585s] creating /home/kireiji/RoboticsDev_ws/install/examples_rclpy_executors/share/ament_index
[2.585s] creating /home/kireiji/RoboticsDev_ws/install/examples_rclpy_executors/share/ament_index/resource_index
[2.586s] creating /home/kireiji/RoboticsDev_ws/install/examples_rclpy_executors/share/ament_index/resource_index/packages
[2.586s] copying resource/examples_rclpy_executors -> /home/kireiji/RoboticsDev_ws/install/examples_rclpy_executors/share/ament_index/resource_index/packages
[2.586s] copying package.xml -> /home/kireiji/RoboticsDev_ws/install/examples_rclpy_executors/share/examples_rclpy_executors
[2.586s] running install_egg_info
[2.586s] Copying ../../../../build/examples_rclpy_executors/examples_rclpy_executors.egg-info to /home/kireiji/RoboticsDev_ws/install/examples_rclpy_executors/lib/python3.10/site-packages/examples_rclpy_executors-0.15.2-py3.10.egg-info
[2.586s] running install_scripts
[2.586s] Installing callback_group script to /home/kireiji/RoboticsDev_ws/install/examples_rclpy_executors/lib/examples_rclpy_executors
[2.586s] Installing composed script to /home/kireiji/RoboticsDev_ws/install/examples_rclpy_executors/lib/examples_rclpy_executors
[2.586s] Installing custom_callback_group script to /home/kireiji/RoboticsDev_ws/install/examples_rclpy_executors/lib/examples_rclpy_executors
[2.586s] Installing custom_executor script to /home/kireiji/RoboticsDev_ws/install/examples_rclpy_executors/lib/examples_rclpy_executors
[2.586s] Installing listener script to /home/kireiji/RoboticsDev_ws/install/examples_rclpy_executors/lib/examples_rclpy_executors
[2.586s] Installing talker script to /home/kireiji/RoboticsDev_ws/install/examples_rclpy_executors/lib/examples_rclpy_executors
[2.589s] writing list of installed files to '/home/kireiji/RoboticsDev_ws/build/examples_rclpy_executors/install.log'
[2.616s] Invoked command in '/home/kireiji/RoboticsDev_ws/src/examples/rclpy/executors' returned '0': PYTHONPATH=/home/kireiji/RoboticsDev_ws/build/examples_rclpy_executors/prefix_override:/usr/lib/python3/dist-packages/colcon_core/task/python/colcon_distutils_commands:/home/kireiji/RoboticsDev_ws/install/examples_rclpy_executors/lib/python3.10/site-packages:${PYTHONPATH} /usr/bin/python3 -W ignore:setup.py install is deprecated setup.py egg_info --egg-base ../../../../build/examples_rclpy_executors build --build-base /home/kireiji/RoboticsDev_ws/build/examples_rclpy_executors/build install --record /home/kireiji/RoboticsDev_ws/build/examples_rclpy_executors/install.log --single-version-externally-managed install_data
