[0.064s] Invoking command in '/home/kireiji/RoboticsDev_ws/build/turtlesim_plus': CMAKE_PREFIX_PATH=${CMAKE_PREFIX_PATH}:/home/kireiji/RoboticsDev_ws/install/launch_testing_examples:/home/kireiji/RoboticsDev_ws/install/examples_rclpy_pointcloud_publisher:/home/kireiji/RoboticsDev_ws/install/examples_rclpy_minimal_subscriber:/home/kireiji/RoboticsDev_ws/install/examples_rclpy_minimal_service:/home/kireiji/RoboticsDev_ws/install/examples_rclpy_minimal_publisher:/home/kireiji/RoboticsDev_ws/install/examples_rclpy_minimal_client:/home/kireiji/RoboticsDev_ws/install/examples_rclpy_minimal_action_server:/home/kireiji/RoboticsDev_ws/install/examples_rclpy_minimal_action_client:/home/kireiji/RoboticsDev_ws/install/examples_rclpy_guard_conditions:/home/kireiji/RoboticsDev_ws/install/examples_rclpy_executors:/home/kireiji/ros2_ws/install/my_py_pkg:/opt/ros/humble /usr/bin/cmake /home/kireiji/RoboticsDev_ws/src/turtlesim_plus/turtlesim_plus -DCMAKE_INSTALL_PREFIX=/home/kireiji/RoboticsDev_ws/install/turtlesim_plus
[0.926s] -- The C compiler identification is GNU 11.4.0
[0.926s] -- The CXX compiler identification is GNU 11.4.0
[0.926s] -- Detecting C compiler ABI info
[0.926s] -- Detecting C compiler ABI info - done
[0.926s] -- Check for working C compiler: /usr/bin/cc - skipped
[0.926s] -- Detecting C compile features
[0.926s] -- Detecting C compile features - done
[0.927s] -- Detecting CXX compiler ABI info
[1.211s] -- Detecting CXX compiler ABI info - done
[1.232s] -- Check for working CXX compiler: /usr/bin/c++ - skipped
[1.234s] -- Detecting CXX compile features
[1.235s] -- Detecting CXX compile features - done
[1.242s] -- Found ament_cmake: 1.3.10 (/opt/ros/humble/share/ament_cmake/cmake)
[3.646s] -- Found Python3: /usr/local/bin/python3 (found version "3.10.0") found components: Interpreter 
[4.095s] -- Found rclcpp: 16.0.10 (/opt/ros/humble/share/rclcpp/cmake)
[4.311s] -- Found rosidl_generator_c: 3.1.5 (/opt/ros/humble/share/rosidl_generator_c/cmake)
[4.353s] -- Found rosidl_adapter: 3.1.5 (/opt/ros/humble/share/rosidl_adapter/cmake)
[4.414s] -- Found rosidl_generator_cpp: 3.1.5 (/opt/ros/humble/share/rosidl_generator_cpp/cmake)
[4.474s] -- Using all available rosidl_typesupport_c: rosidl_typesupport_fastrtps_c;rosidl_typesupport_introspection_c
[4.592s] -- Using all available rosidl_typesupport_cpp: rosidl_typesupport_fastrtps_cpp;rosidl_typesupport_introspection_cpp
[4.851s] -- Found rmw_implementation_cmake: 6.1.2 (/opt/ros/humble/share/rmw_implementation_cmake/cmake)
[4.872s] -- Found rmw_fastrtps_cpp: 6.2.7 (/opt/ros/humble/share/rmw_fastrtps_cpp/cmake)
[5.292s] -- Found OpenSSL: /usr/lib/x86_64-linux-gnu/libcrypto.so (found version "3.0.2")  
[5.398s] -- Found FastRTPS: /opt/ros/humble/include  
[5.528s] -- Using RMW implementation 'rmw_fastrtps_cpp' as default
[5.572s] -- Looking for pthread.h
[5.875s] -- Looking for pthread.h - found
[5.880s] -- Performing Test CMAKE_HAVE_LIBC_PTHREAD
[6.279s] -- Performing Test CMAKE_HAVE_LIBC_PTHREAD - Success
[6.291s] -- Found Threads: TRUE  
[6.582s] -- Found rclpy: 3.3.14 (/opt/ros/humble/share/rclpy/cmake)
[7.291s] -- Configuring done
[7.328s] -- Generating done
[7.336s] -- Build files have been written to: /home/kireiji/RoboticsDev_ws/build/turtlesim_plus
[7.504s] Invoked command in '/home/kireiji/RoboticsDev_ws/build/turtlesim_plus' returned '0': CMAKE_PREFIX_PATH=${CMAKE_PREFIX_PATH}:/home/kireiji/RoboticsDev_ws/install/launch_testing_examples:/home/kireiji/RoboticsDev_ws/install/examples_rclpy_pointcloud_publisher:/home/kireiji/RoboticsDev_ws/install/examples_rclpy_minimal_subscriber:/home/kireiji/RoboticsDev_ws/install/examples_rclpy_minimal_service:/home/kireiji/RoboticsDev_ws/install/examples_rclpy_minimal_publisher:/home/kireiji/RoboticsDev_ws/install/examples_rclpy_minimal_client:/home/kireiji/RoboticsDev_ws/install/examples_rclpy_minimal_action_server:/home/kireiji/RoboticsDev_ws/install/examples_rclpy_minimal_action_client:/home/kireiji/RoboticsDev_ws/install/examples_rclpy_guard_conditions:/home/kireiji/RoboticsDev_ws/install/examples_rclpy_executors:/home/kireiji/ros2_ws/install/my_py_pkg:/opt/ros/humble /usr/bin/cmake /home/kireiji/RoboticsDev_ws/src/turtlesim_plus/turtlesim_plus -DCMAKE_INSTALL_PREFIX=/home/kireiji/RoboticsDev_ws/install/turtlesim_plus
[7.505s] Invoking command in '/home/kireiji/RoboticsDev_ws/build/turtlesim_plus': CMAKE_PREFIX_PATH=${CMAKE_PREFIX_PATH}:/home/kireiji/RoboticsDev_ws/install/launch_testing_examples:/home/kireiji/RoboticsDev_ws/install/examples_rclpy_pointcloud_publisher:/home/kireiji/RoboticsDev_ws/install/examples_rclpy_minimal_subscriber:/home/kireiji/RoboticsDev_ws/install/examples_rclpy_minimal_service:/home/kireiji/RoboticsDev_ws/install/examples_rclpy_minimal_publisher:/home/kireiji/RoboticsDev_ws/install/examples_rclpy_minimal_client:/home/kireiji/RoboticsDev_ws/install/examples_rclpy_minimal_action_server:/home/kireiji/RoboticsDev_ws/install/examples_rclpy_minimal_action_client:/home/kireiji/RoboticsDev_ws/install/examples_rclpy_guard_conditions:/home/kireiji/RoboticsDev_ws/install/examples_rclpy_executors:/home/kireiji/ros2_ws/install/my_py_pkg:/opt/ros/humble /usr/bin/cmake --build /home/kireiji/RoboticsDev_ws/build/turtlesim_plus -- -j16 -l16
[8.078s] Built target ament_cmake_python_copy_turtlesim_plus
[8.881s] running egg_info
[8.881s] creating turtlesim_plus.egg-info
[8.890s] writing manifest file 'turtlesim_plus.egg-info/SOURCES.txt'
[8.906s] writing manifest file 'turtlesim_plus.egg-info/SOURCES.txt'
[9.131s] Built target ament_cmake_python_build_turtlesim_plus_egg
[9.187s] Invoked command in '/home/kireiji/RoboticsDev_ws/build/turtlesim_plus' returned '0': CMAKE_PREFIX_PATH=${CMAKE_PREFIX_PATH}:/home/kireiji/RoboticsDev_ws/install/launch_testing_examples:/home/kireiji/RoboticsDev_ws/install/examples_rclpy_pointcloud_publisher:/home/kireiji/RoboticsDev_ws/install/examples_rclpy_minimal_subscriber:/home/kireiji/RoboticsDev_ws/install/examples_rclpy_minimal_service:/home/kireiji/RoboticsDev_ws/install/examples_rclpy_minimal_publisher:/home/kireiji/RoboticsDev_ws/install/examples_rclpy_minimal_client:/home/kireiji/RoboticsDev_ws/install/examples_rclpy_minimal_action_server:/home/kireiji/RoboticsDev_ws/install/examples_rclpy_minimal_action_client:/home/kireiji/RoboticsDev_ws/install/examples_rclpy_guard_conditions:/home/kireiji/RoboticsDev_ws/install/examples_rclpy_executors:/home/kireiji/ros2_ws/install/my_py_pkg:/opt/ros/humble /usr/bin/cmake --build /home/kireiji/RoboticsDev_ws/build/turtlesim_plus -- -j16 -l16
[9.317s] Invoking command in '/home/kireiji/RoboticsDev_ws/build/turtlesim_plus': CMAKE_PREFIX_PATH=${CMAKE_PREFIX_PATH}:/home/kireiji/RoboticsDev_ws/install/launch_testing_examples:/home/kireiji/RoboticsDev_ws/install/examples_rclpy_pointcloud_publisher:/home/kireiji/RoboticsDev_ws/install/examples_rclpy_minimal_subscriber:/home/kireiji/RoboticsDev_ws/install/examples_rclpy_minimal_service:/home/kireiji/RoboticsDev_ws/install/examples_rclpy_minimal_publisher:/home/kireiji/RoboticsDev_ws/install/examples_rclpy_minimal_client:/home/kireiji/RoboticsDev_ws/install/examples_rclpy_minimal_action_server:/home/kireiji/RoboticsDev_ws/install/examples_rclpy_minimal_action_client:/home/kireiji/RoboticsDev_ws/install/examples_rclpy_guard_conditions:/home/kireiji/RoboticsDev_ws/install/examples_rclpy_executors:/home/kireiji/ros2_ws/install/my_py_pkg:/opt/ros/humble /usr/bin/cmake --install /home/kireiji/RoboticsDev_ws/build/turtlesim_plus
[9.352s] -- Install configuration: ""
[9.353s] -- Installing: /home/kireiji/RoboticsDev_ws/install/turtlesim_plus/share/turtlesim_plus/environment/pythonpath.sh
[9.353s] -- Installing: /home/kireiji/RoboticsDev_ws/install/turtlesim_plus/share/turtlesim_plus/environment/pythonpath.dsv
[9.357s] -- Installing: /home/kireiji/RoboticsDev_ws/install/turtlesim_plus/lib/python3.10/site-packages/turtlesim_plus-1.0.0-py3.10.egg-info
[9.358s] -- Installing: /home/kireiji/RoboticsDev_ws/install/turtlesim_plus/lib/python3.10/site-packages/turtlesim_plus-1.0.0-py3.10.egg-info/PKG-INFO
[9.358s] -- Installing: /home/kireiji/RoboticsDev_ws/install/turtlesim_plus/lib/python3.10/site-packages/turtlesim_plus-1.0.0-py3.10.egg-info/dependency_links.txt
[9.359s] -- Installing: /home/kireiji/RoboticsDev_ws/install/turtlesim_plus/lib/python3.10/site-packages/turtlesim_plus-1.0.0-py3.10.egg-info/top_level.txt
[9.359s] -- Installing: /home/kireiji/RoboticsDev_ws/install/turtlesim_plus/lib/python3.10/site-packages/turtlesim_plus-1.0.0-py3.10.egg-info/SOURCES.txt
[9.359s] -- Installing: /home/kireiji/RoboticsDev_ws/install/turtlesim_plus/lib/python3.10/site-packages/turtlesim_plus
[9.359s] -- Installing: /home/kireiji/RoboticsDev_ws/install/turtlesim_plus/lib/python3.10/site-packages/turtlesim_plus/__init__.py
[9.359s] -- Installing: /home/kireiji/RoboticsDev_ws/install/turtlesim_plus/lib/python3.10/site-packages/turtlesim_plus/ros2_plugins.py
[9.359s] -- Installing: /home/kireiji/RoboticsDev_ws/install/turtlesim_plus/lib/python3.10/site-packages/turtlesim_plus/entity.py
[9.359s] -- Installing: /home/kireiji/RoboticsDev_ws/install/turtlesim_plus/lib/python3.10/site-packages/turtlesim_plus/image
[9.359s] -- Installing: /home/kireiji/RoboticsDev_ws/install/turtlesim_plus/lib/python3.10/site-packages/turtlesim_plus/image/turtle
[9.359s] -- Installing: /home/kireiji/RoboticsDev_ws/install/turtlesim_plus/lib/python3.10/site-packages/turtlesim_plus/image/turtle/bouncy.png
[9.359s] -- Installing: /home/kireiji/RoboticsDev_ws/install/turtlesim_plus/lib/python3.10/site-packages/turtlesim_plus/image/turtle/foxy.png
[9.360s] -- Installing: /home/kireiji/RoboticsDev_ws/install/turtlesim_plus/lib/python3.10/site-packages/turtlesim_plus/image/turtle/crystal.png
[9.360s] -- Installing: /home/kireiji/RoboticsDev_ws/install/turtlesim_plus/lib/python3.10/site-packages/turtlesim_plus/image/turtle/galactic.png
[9.360s] -- Installing: /home/kireiji/RoboticsDev_ws/install/turtlesim_plus/lib/python3.10/site-packages/turtlesim_plus/image/turtle/otto.png
[9.360s] -- Installing: /home/kireiji/RoboticsDev_ws/install/turtlesim_plus/lib/python3.10/site-packages/turtlesim_plus/image/turtle/eloquent.png
[9.360s] -- Installing: /home/kireiji/RoboticsDev_ws/install/turtlesim_plus/lib/python3.10/site-packages/turtlesim_plus/image/turtle/dashing.png
[9.360s] -- Installing: /home/kireiji/RoboticsDev_ws/install/turtlesim_plus/lib/python3.10/site-packages/turtlesim_plus/image/turtle/humble.png
[9.360s] -- Installing: /home/kireiji/RoboticsDev_ws/install/turtlesim_plus/lib/python3.10/site-packages/turtlesim_plus/image/turtle/rolling.png
[9.360s] -- Installing: /home/kireiji/RoboticsDev_ws/install/turtlesim_plus/lib/python3.10/site-packages/turtlesim_plus/image/turtle/ardent.png
[9.360s] -- Installing: /home/kireiji/RoboticsDev_ws/install/turtlesim_plus/lib/python3.10/site-packages/turtlesim_plus/image/object
[9.360s] -- Installing: /home/kireiji/RoboticsDev_ws/install/turtlesim_plus/lib/python3.10/site-packages/turtlesim_plus/image/object/pizza.png
[9.360s] -- Installing: /home/kireiji/RoboticsDev_ws/install/turtlesim_plus/lib/python3.10/site-packages/turtlesim_plus/image/object/parcel.png
[9.360s] -- Installing: /home/kireiji/RoboticsDev_ws/install/turtlesim_plus/lib/python3.10/site-packages/turtlesim_plus/image/map
[9.360s] -- Installing: /home/kireiji/RoboticsDev_ws/install/turtlesim_plus/lib/python3.10/site-packages/turtlesim_plus/image/map/map.png
[9.464s] Listing '/home/kireiji/RoboticsDev_ws/install/turtlesim_plus/lib/python3.10/site-packages/turtlesim_plus'...
[9.464s] Compiling '/home/kireiji/RoboticsDev_ws/install/turtlesim_plus/lib/python3.10/site-packages/turtlesim_plus/__init__.py'...
[9.464s] Compiling '/home/kireiji/RoboticsDev_ws/install/turtlesim_plus/lib/python3.10/site-packages/turtlesim_plus/entity.py'...
[9.464s] Listing '/home/kireiji/RoboticsDev_ws/install/turtlesim_plus/lib/python3.10/site-packages/turtlesim_plus/image'...
[9.465s] Listing '/home/kireiji/RoboticsDev_ws/install/turtlesim_plus/lib/python3.10/site-packages/turtlesim_plus/image/map'...
[9.465s] Listing '/home/kireiji/RoboticsDev_ws/install/turtlesim_plus/lib/python3.10/site-packages/turtlesim_plus/image/object'...
[9.465s] Listing '/home/kireiji/RoboticsDev_ws/install/turtlesim_plus/lib/python3.10/site-packages/turtlesim_plus/image/turtle'...
[9.465s] Compiling '/home/kireiji/RoboticsDev_ws/install/turtlesim_plus/lib/python3.10/site-packages/turtlesim_plus/ros2_plugins.py'...
[9.491s] -- Installing: /home/kireiji/RoboticsDev_ws/install/turtlesim_plus/lib/turtlesim_plus/turtlesim_plus_node.py
[9.491s] -- Installing: /home/kireiji/RoboticsDev_ws/install/turtlesim_plus/lib/turtlesim_plus/pizza_on_click.py
[9.491s] -- Up-to-date: /home/kireiji/RoboticsDev_ws/install/turtlesim_plus/share/turtlesim_plus
[9.491s] -- Installing: /home/kireiji/RoboticsDev_ws/install/turtlesim_plus/share/ament_index/resource_index/package_run_dependencies/turtlesim_plus
[9.491s] -- Installing: /home/kireiji/RoboticsDev_ws/install/turtlesim_plus/share/ament_index/resource_index/parent_prefix_path/turtlesim_plus
[9.492s] -- Installing: /home/kireiji/RoboticsDev_ws/install/turtlesim_plus/share/turtlesim_plus/environment/ament_prefix_path.sh
[9.492s] -- Installing: /home/kireiji/RoboticsDev_ws/install/turtlesim_plus/share/turtlesim_plus/environment/ament_prefix_path.dsv
[9.492s] -- Installing: /home/kireiji/RoboticsDev_ws/install/turtlesim_plus/share/turtlesim_plus/environment/path.sh
[9.492s] -- Installing: /home/kireiji/RoboticsDev_ws/install/turtlesim_plus/share/turtlesim_plus/environment/path.dsv
[9.492s] -- Installing: /home/kireiji/RoboticsDev_ws/install/turtlesim_plus/share/turtlesim_plus/local_setup.bash
[9.492s] -- Installing: /home/kireiji/RoboticsDev_ws/install/turtlesim_plus/share/turtlesim_plus/local_setup.sh
[9.492s] -- Installing: /home/kireiji/RoboticsDev_ws/install/turtlesim_plus/share/turtlesim_plus/local_setup.zsh
[9.492s] -- Installing: /home/kireiji/RoboticsDev_ws/install/turtlesim_plus/share/turtlesim_plus/local_setup.dsv
[9.492s] -- Installing: /home/kireiji/RoboticsDev_ws/install/turtlesim_plus/share/turtlesim_plus/package.dsv
[9.492s] -- Installing: /home/kireiji/RoboticsDev_ws/install/turtlesim_plus/share/ament_index/resource_index/packages/turtlesim_plus
[9.492s] -- Installing: /home/kireiji/RoboticsDev_ws/install/turtlesim_plus/share/turtlesim_plus/cmake/turtlesim_plusConfig.cmake
[9.492s] -- Installing: /home/kireiji/RoboticsDev_ws/install/turtlesim_plus/share/turtlesim_plus/cmake/turtlesim_plusConfig-version.cmake
[9.492s] -- Installing: /home/kireiji/RoboticsDev_ws/install/turtlesim_plus/share/turtlesim_plus/package.xml
[9.495s] Invoked command in '/home/kireiji/RoboticsDev_ws/build/turtlesim_plus' returned '0': CMAKE_PREFIX_PATH=${CMAKE_PREFIX_PATH}:/home/kireiji/RoboticsDev_ws/install/launch_testing_examples:/home/kireiji/RoboticsDev_ws/install/examples_rclpy_pointcloud_publisher:/home/kireiji/RoboticsDev_ws/install/examples_rclpy_minimal_subscriber:/home/kireiji/RoboticsDev_ws/install/examples_rclpy_minimal_service:/home/kireiji/RoboticsDev_ws/install/examples_rclpy_minimal_publisher:/home/kireiji/RoboticsDev_ws/install/examples_rclpy_minimal_client:/home/kireiji/RoboticsDev_ws/install/examples_rclpy_minimal_action_server:/home/kireiji/RoboticsDev_ws/install/examples_rclpy_minimal_action_client:/home/kireiji/RoboticsDev_ws/install/examples_rclpy_guard_conditions:/home/kireiji/RoboticsDev_ws/install/examples_rclpy_executors:/home/kireiji/ros2_ws/install/my_py_pkg:/opt/ros/humble /usr/bin/cmake --install /home/kireiji/RoboticsDev_ws/build/turtlesim_plus
