[2.228s] Invoking command in '/home/kireiji/RoboticsDev_ws/src/examples/rclpy/executors': PYTHONPATH=/home/kireiji/RoboticsDev_ws/build/examples_rclpy_executors/prefix_override:/usr/lib/python3/dist-packages/colcon_core/task/python/colcon_distutils_commands:/home/kireiji/RoboticsDev_ws/install/examples_rclpy_executors/lib/python3.10/site-packages:${PYTHONPATH} /usr/bin/python3 -W ignore:setup.py install is deprecated setup.py egg_info --egg-base ../../../../build/examples_rclpy_executors build --build-base /home/kireiji/RoboticsDev_ws/build/examples_rclpy_executors/build install --record /home/kireiji/RoboticsDev_ws/build/examples_rclpy_executors/install.log --single-version-externally-managed install_data
[2.619s] running egg_info
[2.620s] writing ../../../../build/examples_rclpy_executors/examples_rclpy_executors.egg-info/PKG-INFO
[2.620s] writing dependency_links to ../../../../build/examples_rclpy_executors/examples_rclpy_executors.egg-info/dependency_links.txt
[2.621s] writing entry points to ../../../../build/examples_rclpy_executors/examples_rclpy_executors.egg-info/entry_points.txt
[2.621s] writing requirements to ../../../../build/examples_rclpy_executors/examples_rclpy_executors.egg-info/requires.txt
[2.621s] writing top-level names to ../../../../build/examples_rclpy_executors/examples_rclpy_executors.egg-info/top_level.txt
[2.624s] reading manifest file '../../../../build/examples_rclpy_executors/examples_rclpy_executors.egg-info/SOURCES.txt'
[2.625s] writing manifest file '../../../../build/examples_rclpy_executors/examples_rclpy_executors.egg-info/SOURCES.txt'
[2.625s] running build
[2.627s] running build_py
[2.627s] running install
[2.627s] running install_lib
[2.629s] running install_data
[2.630s] running install_egg_info
[2.632s] removing '/home/kireiji/RoboticsDev_ws/install/examples_rclpy_executors/lib/python3.10/site-packages/examples_rclpy_executors-0.15.2-py3.10.egg-info' (and everything under it)
[2.633s] Copying ../../../../build/examples_rclpy_executors/examples_rclpy_executors.egg-info to /home/kireiji/RoboticsDev_ws/install/examples_rclpy_executors/lib/python3.10/site-packages/examples_rclpy_executors-0.15.2-py3.10.egg-info
[2.634s] running install_scripts
[2.668s] Installing callback_group script to /home/kireiji/RoboticsDev_ws/install/examples_rclpy_executors/lib/examples_rclpy_executors
[2.668s] Installing composed script to /home/kireiji/RoboticsDev_ws/install/examples_rclpy_executors/lib/examples_rclpy_executors
[2.668s] Installing custom_callback_group script to /home/kireiji/RoboticsDev_ws/install/examples_rclpy_executors/lib/examples_rclpy_executors
[2.668s] Installing custom_executor script to /home/kireiji/RoboticsDev_ws/install/examples_rclpy_executors/lib/examples_rclpy_executors
[2.668s] Installing listener script to /home/kireiji/RoboticsDev_ws/install/examples_rclpy_executors/lib/examples_rclpy_executors
[2.668s] Installing talker script to /home/kireiji/RoboticsDev_ws/install/examples_rclpy_executors/lib/examples_rclpy_executors
[2.669s] writing list of installed files to '/home/kireiji/RoboticsDev_ws/build/examples_rclpy_executors/install.log'
[2.817s] Invoked command in '/home/kireiji/RoboticsDev_ws/src/examples/rclpy/executors' returned '0': PYTHONPATH=/home/kireiji/RoboticsDev_ws/build/examples_rclpy_executors/prefix_override:/usr/lib/python3/dist-packages/colcon_core/task/python/colcon_distutils_commands:/home/kireiji/RoboticsDev_ws/install/examples_rclpy_executors/lib/python3.10/site-packages:${PYTHONPATH} /usr/bin/python3 -W ignore:setup.py install is deprecated setup.py egg_info --egg-base ../../../../build/examples_rclpy_executors build --build-base /home/kireiji/RoboticsDev_ws/build/examples_rclpy_executors/build install --record /home/kireiji/RoboticsDev_ws/build/examples_rclpy_executors/install.log --single-version-externally-managed install_data
