[0.008s] Invoking command in '/home/kireiji/RoboticsDev_ws/build/lecture3_interfaces': CMAKE_PREFIX_PATH=${CMAKE_PREFIX_PATH}:/home/kireiji/RoboticsDev_ws/install/launch_testing_examples:/home/kireiji/RoboticsDev_ws/install/examples_rclpy_pointcloud_publisher:/home/kireiji/RoboticsDev_ws/install/examples_rclpy_minimal_subscriber:/home/kireiji/RoboticsDev_ws/install/examples_rclpy_minimal_service:/home/kireiji/RoboticsDev_ws/install/examples_rclpy_minimal_publisher:/home/kireiji/RoboticsDev_ws/install/examples_rclpy_minimal_client:/home/kireiji/RoboticsDev_ws/install/examples_rclpy_minimal_action_server:/home/kireiji/RoboticsDev_ws/install/examples_rclpy_minimal_action_client:/home/kireiji/RoboticsDev_ws/install/examples_rclpy_guard_conditions:/home/kireiji/RoboticsDev_ws/install/examples_rclpy_executors:/home/kireiji/ros2_ws/install/my_py_pkg:/opt/ros/humble /usr/bin/cmake /home/kireiji/RoboticsDev_ws/src/lecture3_interfaces -DCMAKE_INSTALL_PREFIX=/home/kireiji/RoboticsDev_ws/install/lecture3_interfaces
[0.016s] -- Found ament_cmake: 1.3.10 (/opt/ros/humble/share/ament_cmake/cmake)
[0.116s] -- Found std_msgs: 4.2.4 (/opt/ros/humble/share/std_msgs/cmake)
[0.131s] -- Found rosidl_generator_c: 3.1.5 (/opt/ros/humble/share/rosidl_generator_c/cmake)
[0.132s] -- Found rosidl_adapter: 3.1.5 (/opt/ros/humble/share/rosidl_adapter/cmake)
[0.136s] -- Found rosidl_generator_cpp: 3.1.5 (/opt/ros/humble/share/rosidl_generator_cpp/cmake)
[0.142s] -- Using all available rosidl_typesupport_c: rosidl_typesupport_fastrtps_c;rosidl_typesupport_introspection_c
[0.149s] -- Using all available rosidl_typesupport_cpp: rosidl_typesupport_fastrtps_cpp;rosidl_typesupport_introspection_cpp
[0.163s] -- Found rosidl_default_generators: 1.2.0 (/opt/ros/humble/share/rosidl_default_generators/cmake)
[0.168s] -- Found ament_lint_auto: 0.12.11 (/opt/ros/humble/share/ament_lint_auto/cmake)
[0.323s] [31mCMake Error at /opt/ros/humble/share/rosidl_adapter/cmake/rosidl_adapt_interfaces.cmake:59 (message):
[0.323s]   execute_process(/usr/local/bin/python3 -m rosidl_adapter --package-name
[0.323s]   lecture3_interfaces --arguments-file
[0.323s]   /home/kireiji/RoboticsDev_ws/build/lecture3_interfaces/rosidl_adapter__arguments__lecture3_interfaces.json
[0.323s]   --output-dir
[0.323s]   /home/kireiji/RoboticsDev_ws/build/lecture3_interfaces/rosidl_adapter/lecture3_interfaces
[0.323s]   --output-file
[0.323s]   /home/kireiji/RoboticsDev_ws/build/lecture3_interfaces/rosidl_adapter/lecture3_interfaces.idls)
[0.323s]   returned error code 1:
[0.323s] 
[0.323s]   Traceback (most recent call last):
[0.323s] 
[0.323s]     File "/usr/local/lib/python3.10/runpy.py", line 196, in _run_module_as_main
[0.323s]       return _run_code(code, main_globals, None,
[0.323s]     File "/usr/local/lib/python3.10/runpy.py", line 86, in _run_code
[0.323s]       exec(code, run_globals)
[0.323s]     File "/opt/ros/humble/local/lib/python3.10/dist-packages/rosidl_adapter/__main__.py", line 19, in <module>
[0.323s]       sys.exit(main())
[0.323s]     File "/opt/ros/humble/local/lib/python3.10/dist-packages/rosidl_adapter/main.py", line 53, in main
[0.323s]       abs_idl_file = convert_to_idl(
[0.323s]     File "/opt/ros/humble/local/lib/python3.10/dist-packages/rosidl_adapter/__init__.py", line 19, in convert_to_idl
[0.323s]       return convert_msg_to_idl(
[0.323s]     File "/opt/ros/humble/local/lib/python3.10/dist-packages/rosidl_adapter/msg/__init__.py", line 28, in convert_msg_to_idl
[0.323s]       msg = parse_message_string(package_name, input_file.stem, content)
[0.323s]     File "/opt/ros/humble/local/lib/python3.10/dist-packages/rosidl_adapter/parser.py", line 544, in parse_message_string
[0.323s]       msg = MessageSpecification(pkg_name, msg_name, fields, constants)
[0.324s]     File "/opt/ros/humble/local/lib/python3.10/dist-packages/rosidl_adapter/parser.py", line 388, in __init__
[0.324s]       self.base_type = BaseType(
[0.324s]     File "/opt/ros/humble/local/lib/python3.10/dist-packages/rosidl_adapter/parser.py", line 205, in __init__
[0.324s]       raise InvalidResourceName(
[0.324s] 
[0.324s]   rosidl_adapter.parser.InvalidResourceName: 'exampleMsg' is an invalid
[0.324s]   message name.  It should have the pattern '^[A-Z][A-Za-z0-9]*$'
[0.324s] 
[0.324s] Call Stack (most recent call first):
[0.324s]   /opt/ros/humble/share/rosidl_cmake/cmake/rosidl_generate_interfaces.cmake:130 (rosidl_adapt_interfaces)
[0.324s]   CMakeLists.txt:28 (rosidl_generate_interfaces)
[0.324s] 
[0.324s] [0m
[0.324s] -- Configuring incomplete, errors occurred!
[0.324s] See also "/home/kireiji/RoboticsDev_ws/build/lecture3_interfaces/CMakeFiles/CMakeOutput.log".
[0.327s] Invoked command in '/home/kireiji/RoboticsDev_ws/build/lecture3_interfaces' returned '1': CMAKE_PREFIX_PATH=${CMAKE_PREFIX_PATH}:/home/kireiji/RoboticsDev_ws/install/launch_testing_examples:/home/kireiji/RoboticsDev_ws/install/examples_rclpy_pointcloud_publisher:/home/kireiji/RoboticsDev_ws/install/examples_rclpy_minimal_subscriber:/home/kireiji/RoboticsDev_ws/install/examples_rclpy_minimal_service:/home/kireiji/RoboticsDev_ws/install/examples_rclpy_minimal_publisher:/home/kireiji/RoboticsDev_ws/install/examples_rclpy_minimal_client:/home/kireiji/RoboticsDev_ws/install/examples_rclpy_minimal_action_server:/home/kireiji/RoboticsDev_ws/install/examples_rclpy_minimal_action_client:/home/kireiji/RoboticsDev_ws/install/examples_rclpy_guard_conditions:/home/kireiji/RoboticsDev_ws/install/examples_rclpy_executors:/home/kireiji/ros2_ws/install/my_py_pkg:/opt/ros/humble /usr/bin/cmake /home/kireiji/RoboticsDev_ws/src/lecture3_interfaces -DCMAKE_INSTALL_PREFIX=/home/kireiji/RoboticsDev_ws/install/lecture3_interfaces
