[3.227s] Invoking command in '/home/kireiji/RoboticsDev_ws/src/examples/rclpy/topics/minimal_publisher': PYTHONPATH=/home/kireiji/RoboticsDev_ws/build/examples_rclpy_minimal_publisher/prefix_override:/usr/lib/python3/dist-packages/colcon_core/task/python/colcon_distutils_commands:/home/kireiji/RoboticsDev_ws/install/examples_rclpy_minimal_publisher/lib/python3.10/site-packages:${PYTHONPATH} /usr/bin/python3 -W ignore:setup.py install is deprecated setup.py egg_info --egg-base ../../../../../build/examples_rclpy_minimal_publisher build --build-base /home/kireiji/RoboticsDev_ws/build/examples_rclpy_minimal_publisher/build install --record /home/kireiji/RoboticsDev_ws/build/examples_rclpy_minimal_publisher/install.log --single-version-externally-managed install_data
[3.861s] running egg_info
[3.863s] writing ../../../../../build/examples_rclpy_minimal_publisher/examples_rclpy_minimal_publisher.egg-info/PKG-INFO
[3.863s] writing dependency_links to ../../../../../build/examples_rclpy_minimal_publisher/examples_rclpy_minimal_publisher.egg-info/dependency_links.txt
[3.863s] writing entry points to ../../../../../build/examples_rclpy_minimal_publisher/examples_rclpy_minimal_publisher.egg-info/entry_points.txt
[3.864s] writing requirements to ../../../../../build/examples_rclpy_minimal_publisher/examples_rclpy_minimal_publisher.egg-info/requires.txt
[3.864s] writing top-level names to ../../../../../build/examples_rclpy_minimal_publisher/examples_rclpy_minimal_publisher.egg-info/top_level.txt
[3.867s] reading manifest file '../../../../../build/examples_rclpy_minimal_publisher/examples_rclpy_minimal_publisher.egg-info/SOURCES.txt'
[3.868s] writing manifest file '../../../../../build/examples_rclpy_minimal_publisher/examples_rclpy_minimal_publisher.egg-info/SOURCES.txt'
[3.868s] running build
[3.868s] running build_py
[3.869s] running install
[3.869s] running install_lib
[3.871s] running install_data
[3.871s] running install_egg_info
[3.873s] removing '/home/kireiji/RoboticsDev_ws/install/examples_rclpy_minimal_publisher/lib/python3.10/site-packages/examples_rclpy_minimal_publisher-0.15.2-py3.10.egg-info' (and everything under it)
[3.873s] Copying ../../../../../build/examples_rclpy_minimal_publisher/examples_rclpy_minimal_publisher.egg-info to /home/kireiji/RoboticsDev_ws/install/examples_rclpy_minimal_publisher/lib/python3.10/site-packages/examples_rclpy_minimal_publisher-0.15.2-py3.10.egg-info
[3.874s] running install_scripts
[3.905s] Installing publisher_local_function script to /home/kireiji/RoboticsDev_ws/install/examples_rclpy_minimal_publisher/lib/examples_rclpy_minimal_publisher
[3.905s] Installing publisher_member_function script to /home/kireiji/RoboticsDev_ws/install/examples_rclpy_minimal_publisher/lib/examples_rclpy_minimal_publisher
[3.905s] Installing publisher_old_school script to /home/kireiji/RoboticsDev_ws/install/examples_rclpy_minimal_publisher/lib/examples_rclpy_minimal_publisher
[3.906s] writing list of installed files to '/home/kireiji/RoboticsDev_ws/build/examples_rclpy_minimal_publisher/install.log'
[4.017s] Invoked command in '/home/kireiji/RoboticsDev_ws/src/examples/rclpy/topics/minimal_publisher' returned '0': PYTHONPATH=/home/kireiji/RoboticsDev_ws/build/examples_rclpy_minimal_publisher/prefix_override:/usr/lib/python3/dist-packages/colcon_core/task/python/colcon_distutils_commands:/home/kireiji/RoboticsDev_ws/install/examples_rclpy_minimal_publisher/lib/python3.10/site-packages:${PYTHONPATH} /usr/bin/python3 -W ignore:setup.py install is deprecated setup.py egg_info --egg-base ../../../../../build/examples_rclpy_minimal_publisher build --build-base /home/kireiji/RoboticsDev_ws/build/examples_rclpy_minimal_publisher/build install --record /home/kireiji/RoboticsDev_ws/build/examples_rclpy_minimal_publisher/install.log --single-version-externally-managed install_data
